PRISM
=====

Version: 4.4
Date: Sun Feb 21 05:46:42 IRST 2021
Hostname: sadegh-H81M-S2PH
Memory limits: cudd=1g, java(heap)=910.5m
Command line: prism ../../examples/mdps/wlan/wlan3.nm ../../examples/mdps/wlan/time_max.pctl -s '-ii:upper=300870' -asynchii -maxiters 900500 -const COL=5 -const TRANS_TIME_MAX=1900

Parsing model file "../../examples/mdps/wlan/wlan3.nm"...

Parsing properties file "../../examples/mdps/wlan/time_max.pctl"...

1 property:
(1) "time_max": R{"time"}max=? [ F s1=12&s2=12 ]

Type:        MDP
Modules:     medium station1 station2 
Variables:   col c1 c2 x1 s1 slot1 backoff1 bc1 x2 s2 slot2 backoff2 bc2 

---------------------------------------------------------------------

Model checking: "time_max": R{"time"}max=? [ F s1=12&s2=12 ]
Model constants: COL=5,TRANS_TIME_MAX=1900

Warning: Not Switching to explicit engine, We implemented the emthods for sparse engine.

Building model...
Model constants: COL=5,TRANS_TIME_MAX=1900

Computing reachable states...

Reachability (BFS): 2042 iterations in 91.13 seconds (average 0.044630, setup 0.00)

Time for model construction: 123.775 seconds.

Type:        MDP
States:      1703913 (1 initial)
Transitions: 3461996
Choices:     3292016

Transition matrix: 783827 nodes (6 terminal), 3461996 minterms, vars: 55r/55c/7nd

Prob0E: 6140 iterations in 308.36 seconds (average 0.050221, setup 0.00)

Prob1A: 1 iterations in 0.11 seconds (average 0.113000, setup 0.00)

goal = 6, inf = 0, maybe = 1703907

Warning: Upper bound for interval iteration manually set to 300870.0

Computing remaining rewards...
 8
Building sparse matrix (transitions)... [n=1703913, nc=3292010, nnz=3461990, k=3] [58.7 MB]
Building sparse matrix (transition rewards)... [n=1703913, nc=3292010, nnz=1542434, k=3] [36.7 MB]
Creating vector for state rewards... [13.0 MB]
Creating vector for inf... [13.0 MB]
Creating vector for lower bounds... [13.0 MB]
Creating vector for upper bounds... [13.0 MB]
Allocating iteration vectors... [4 x 13.0 MB]
TOTAL: [199.4 MB]

Starting iterations (interval iteration)...

 Time for pre-computation	: 0.048000 
		 >> 1703907 after 0 iters << 
Iteration 190: max relative diff=1.000000, 4.98 sec so far
Iteration 386: max relative diff=1.000000, 9.99 sec so far
Iteration 582: max relative diff=1.000000, 15.00 sec so far
Iteration 778: max relative diff=1.000000, 20.01 sec so far
Iteration 974: max relative diff=1.000000, 25.02 sec so far
Iteration 1170: max relative diff=1.000000, 30.02 sec so far
Iteration 1366: max relative diff=1.000000, 35.03 sec so far
Iteration 1562: max relative diff=1.000000, 40.04 sec so far
Iteration 1758: max relative diff=1.000000, 45.05 sec so far
Iteration 1954: max relative diff=1.000000, 50.06 sec so far
Iteration 2150: max relative diff=1.000000, 55.08 sec so far
Iteration 2346: max relative diff=1.000000, 60.09 sec so far
Iteration 2542: max relative diff=1.000000, 65.11 sec so far
Iteration 2738: max relative diff=1.000000, 70.11 sec so far
Iteration 2934: max relative diff=1.000000, 75.12 sec so far
Iteration 3130: max relative diff=1.000000, 80.13 sec so far
Iteration 3326: max relative diff=1.000000, 85.14 sec so far
Iteration 3522: max relative diff=1.000000, 90.16 sec so far
Iteration 3718: max relative diff=1.000000, 95.16 sec so far
Iteration 3914: max relative diff=1.000000, 100.17 sec so far
Iteration 4110: max relative diff=1.000000, 105.18 sec so far
Iteration 4307: max relative diff=1.000000, 110.21 sec so far
Iteration 4503: max relative diff=1.000000, 115.22 sec so far
Iteration 4700: max relative diff=1.000000, 120.25 sec so far
Iteration 4896: max relative diff=1.000000, 125.26 sec so far
Iteration 5092: max relative diff=1.000000, 130.28 sec so far
Iteration 5289: max relative diff=1.000000, 135.30 sec so far
Iteration 5485: max relative diff=1.000000, 140.31 sec so far
Iteration 5681: max relative diff=1.000000, 145.32 sec so far
Iteration 5854: max relative diff=300870.000000, 150.32 sec so far
Iteration 6025: max relative diff=300870.000000, 155.34 sec so far
Iteration 6196: max relative diff=300870.000000, 160.35 sec so far
Iteration 6367: max relative diff=300870.000000, 165.36 sec so far
Iteration 6538: max relative diff=300870.000000, 170.37 sec so far
Iteration 6709: max relative diff=300870.000000, 175.39 sec so far
Iteration 6880: max relative diff=300870.000000, 180.40 sec so far
Iteration 7051: max relative diff=300870.000000, 185.41 sec so far
Iteration 7222: max relative diff=300870.000000, 190.43 sec so far
Iteration 7393: max relative diff=300870.000000, 195.45 sec so far
Iteration 7564: max relative diff=300870.000000, 200.46 sec so far
Iteration 7735: max relative diff=300870.000000, 205.48 sec so far
Iteration 7906: max relative diff=300870.000000, 210.49 sec so far
Iteration 8077: max relative diff=300870.000000, 215.50 sec so far
Iteration 8248: max relative diff=300870.000000, 220.52 sec so far
Iteration 8419: max relative diff=300870.000000, 225.53 sec so far
Iteration 8590: max relative diff=300870.000000, 230.54 sec so far
Iteration 8761: max relative diff=300870.000000, 235.57 sec so far
Iteration 8932: max relative diff=300870.000000, 240.58 sec so far
Iteration 9103: max relative diff=300870.000000, 245.59 sec so far
Iteration 9274: max relative diff=300870.000000, 250.60 sec so far
Iteration 9445: max relative diff=300870.000000, 255.61 sec so far
Iteration 9616: max relative diff=298752.045790, 260.63 sec so far
Iteration 9787: max relative diff=298944.608656, 265.64 sec so far
Iteration 9958: max relative diff=299137.171522, 270.66 sec so far
Iteration 10129: max relative diff=299329.734389, 275.68 sec so far
Iteration 10300: max relative diff=299522.297255, 280.70 sec so far
Iteration 10471: max relative diff=299714.860121, 285.71 sec so far
Iteration 10642: max relative diff=299907.422987, 290.73 sec so far
Iteration 10813: max relative diff=300099.985853, 295.75 sec so far
Iteration 10984: max relative diff=300295.784302, 300.77 sec so far
Iteration 11155: max relative diff=300495.131226, 305.79 sec so far
Iteration 11326: max relative diff=300694.478149, 310.79 sec so far
Iteration 11497: max relative diff=56064.023438, 315.81 sec so far
Iteration 11668: max relative diff=57633.750000, 320.82 sec so far
Iteration 11839: max relative diff=59203.476562, 325.83 sec so far
Iteration 12010: max relative diff=60773.203125, 330.85 sec so far
Iteration 12181: max relative diff=62342.929688, 335.86 sec so far
Iteration 12352: max relative diff=63912.656250, 340.88 sec so far
Iteration 12523: max relative diff=65482.382812, 345.90 sec so far
Iteration 12694: max relative diff=67052.109375, 350.91 sec so far
Iteration 12865: max relative diff=68621.835938, 355.94 sec so far
Iteration 13036: max relative diff=70191.562500, 360.96 sec so far
Iteration 13207: max relative diff=71761.289062, 365.97 sec so far
Iteration 13378: max relative diff=22596.685359, 370.98 sec so far
Iteration 13549: max relative diff=22742.314288, 375.99 sec so far
Iteration 13720: max relative diff=22887.943218, 381.01 sec so far
Iteration 13891: max relative diff=23033.572147, 386.02 sec so far
Iteration 14062: max relative diff=23179.201076, 391.03 sec so far
Iteration 14233: max relative diff=23324.830005, 396.05 sec so far
Iteration 14404: max relative diff=23470.458934, 401.06 sec so far
Iteration 14575: max relative diff=23616.087863, 406.07 sec so far
Iteration 14746: max relative diff=23761.716792, 411.09 sec so far
Iteration 14917: max relative diff=23907.345722, 416.11 sec so far
Iteration 15088: max relative diff=24052.974651, 421.12 sec so far
Iteration 15239: max relative diff=19063.408497, 426.14 sec so far
Iteration 15331: max relative diff=18231.811796, 431.19 sec so far
Iteration 15423: max relative diff=17390.934077, 436.24 sec so far
Iteration 15515: max relative diff=16550.056358, 441.29 sec so far
Iteration 15607: max relative diff=15709.178639, 446.33 sec so far
Iteration 15699: max relative diff=14868.300920, 451.38 sec so far
Iteration 15791: max relative diff=14027.423201, 456.44 sec so far
Iteration 15883: max relative diff=13186.545481, 461.49 sec so far
Iteration 15975: max relative diff=12345.667762, 466.53 sec so far
Iteration 16067: max relative diff=11504.790043, 471.58 sec so far
Iteration 16159: max relative diff=10663.912324, 476.62 sec so far
Iteration 16251: max relative diff=9823.034605, 481.66 sec so far
Iteration 16343: max relative diff=8982.156886, 486.70 sec so far
Iteration 16435: max relative diff=8141.279167, 491.75 sec so far
Iteration 16527: max relative diff=7300.401448, 496.79 sec so far
Iteration 16619: max relative diff=6459.523729, 501.83 sec so far
Iteration 16711: max relative diff=5618.646010, 506.87 sec so far
Iteration 16803: max relative diff=4777.768291, 511.91 sec so far
Iteration 16895: max relative diff=3936.890572, 516.96 sec so far
Iteration 16987: max relative diff=3096.012853, 522.00 sec so far
Iteration 17079: max relative diff=2255.135134, 527.05 sec so far
Iteration 17172: max relative diff=1651.886011, 532.05 sec so far
Iteration 17264: max relative diff=1574.445866, 537.10 sec so far
Iteration 17356: max relative diff=1497.005720, 542.14 sec so far
Iteration 17448: max relative diff=1419.565574, 547.19 sec so far
Iteration 17540: max relative diff=1342.052658, 552.23 sec so far
Iteration 17632: max relative diff=1263.787775, 557.27 sec so far
Iteration 17724: max relative diff=1185.522891, 562.31 sec so far
Iteration 17816: max relative diff=1107.258008, 567.35 sec so far
Iteration 17908: max relative diff=1028.993124, 572.39 sec so far
Iteration 18000: max relative diff=950.728241, 577.43 sec so far
Iteration 18092: max relative diff=872.463357, 582.48 sec so far
Iteration 18184: max relative diff=794.198474, 587.53 sec so far
Iteration 18276: max relative diff=715.933590, 592.58 sec so far
Iteration 18368: max relative diff=637.668707, 597.62 sec so far
Iteration 18460: max relative diff=559.403823, 602.67 sec so far
Iteration 18552: max relative diff=481.138940, 607.71 sec so far
Iteration 18644: max relative diff=402.874056, 612.75 sec so far
Iteration 18736: max relative diff=324.609173, 617.79 sec so far
Iteration 18828: max relative diff=246.344289, 622.84 sec so far
Iteration 18920: max relative diff=168.079406, 627.88 sec so far
Iteration 19012: max relative diff=89.802120, 632.91 sec so far
Iteration 19104: max relative diff=73.776881, 637.95 sec so far
Iteration 19196: max relative diff=70.144454, 643.00 sec so far
Iteration 19288: max relative diff=66.512027, 648.04 sec so far
Iteration 19380: max relative diff=62.879600, 653.09 sec so far
Iteration 19472: max relative diff=59.247173, 658.13 sec so far
Iteration 19564: max relative diff=55.614747, 663.17 sec so far
Iteration 19656: max relative diff=51.982320, 668.21 sec so far
Iteration 19748: max relative diff=48.349893, 673.25 sec so far
Iteration 19840: max relative diff=44.717466, 678.30 sec so far
Iteration 19932: max relative diff=41.085039, 683.34 sec so far
Iteration 20024: max relative diff=37.452612, 688.38 sec so far
Iteration 20116: max relative diff=33.820186, 693.42 sec so far
Iteration 20208: max relative diff=30.187759, 698.46 sec so far
Iteration 20300: max relative diff=26.555332, 703.51 sec so far
Iteration 20392: max relative diff=22.922905, 708.55 sec so far
Iteration 20484: max relative diff=19.290478, 713.60 sec so far
Iteration 20576: max relative diff=15.658051, 718.65 sec so far
Iteration 20668: max relative diff=12.025625, 723.69 sec so far
Iteration 20760: max relative diff=8.393198, 728.73 sec so far
Iteration 20852: max relative diff=4.760771, 733.77 sec so far
Iteration 20944: max relative diff=1.778356, 738.82 sec so far
Iteration 21036: max relative diff=1.693664, 743.86 sec so far
Iteration 21128: max relative diff=1.608973, 748.90 sec so far
Iteration 21220: max relative diff=1.524281, 753.94 sec so far
Iteration 21312: max relative diff=1.439590, 758.99 sec so far
Iteration 21404: max relative diff=1.354898, 764.03 sec so far
Iteration 21496: max relative diff=1.270206, 769.07 sec so far
Iteration 21587: max relative diff=1.186435, 774.07 sec so far
Iteration 21679: max relative diff=1.101744, 779.11 sec so far
Iteration 21771: max relative diff=1.017052, 784.16 sec so far
Iteration 21863: max relative diff=0.932361, 789.20 sec so far
Iteration 21955: max relative diff=0.847669, 794.25 sec so far
Iteration 22047: max relative diff=0.762977, 799.28 sec so far
Iteration 22139: max relative diff=0.678286, 804.32 sec so far
Iteration 22231: max relative diff=0.593594, 809.36 sec so far
Iteration 22323: max relative diff=0.508903, 814.41 sec so far
Iteration 22415: max relative diff=0.424211, 819.45 sec so far
Iteration 22507: max relative diff=0.339519, 824.50 sec so far
Iteration 22599: max relative diff=0.254828, 829.54 sec so far
Iteration 22691: max relative diff=0.170136, 834.59 sec so far
Iteration 22783: max relative diff=0.085445, 839.63 sec so far
Iteration 22875: max relative diff=0.040867, 844.68 sec so far
Iteration 22967: max relative diff=0.038893, 849.73 sec so far
Iteration 23059: max relative diff=0.036918, 854.76 sec so far
Iteration 23151: max relative diff=0.034943, 859.81 sec so far
Iteration 23243: max relative diff=0.032969, 864.85 sec so far
Iteration 23335: max relative diff=0.030994, 869.89 sec so far
Iteration 23427: max relative diff=0.029020, 874.92 sec so far
Iteration 23519: max relative diff=0.027045, 879.95 sec so far
Iteration 23611: max relative diff=0.025070, 885.00 sec so far
Iteration 23703: max relative diff=0.023096, 890.04 sec so far
Iteration 23795: max relative diff=0.021121, 895.08 sec so far
Iteration 23887: max relative diff=0.019146, 900.13 sec so far
Iteration 23979: max relative diff=0.017172, 905.17 sec so far
Iteration 24071: max relative diff=0.015197, 910.22 sec so far
Iteration 24163: max relative diff=0.013223, 915.26 sec so far
Iteration 24255: max relative diff=0.011248, 920.30 sec so far
Iteration 24347: max relative diff=0.009273, 925.35 sec so far
Iteration 24439: max relative diff=0.007299, 930.38 sec so far
Iteration 24531: max relative diff=0.005324, 935.43 sec so far
Iteration 24623: max relative diff=0.003349, 940.47 sec so far
Iteration 24715: max relative diff=0.001375, 945.52 sec so far
Iteration 24807: max relative diff=0.000938, 950.56 sec so far
Iteration 24898: max relative diff=0.000893, 955.56 sec so far
Iteration 24990: max relative diff=0.000847, 960.61 sec so far
Iteration 25082: max relative diff=0.000801, 965.65 sec so far
Iteration 25174: max relative diff=0.000755, 970.69 sec so far
Iteration 25266: max relative diff=0.000709, 975.74 sec so far
Iteration 25358: max relative diff=0.000663, 980.78 sec so far
Iteration 25450: max relative diff=0.000617, 985.83 sec so far
Iteration 25542: max relative diff=0.000571, 990.87 sec so far
Iteration 25634: max relative diff=0.000525, 995.91 sec so far
Iteration 25726: max relative diff=0.000479, 1000.96 sec so far
Iteration 25818: max relative diff=0.000433, 1006.00 sec so far
Iteration 25910: max relative diff=0.000386, 1011.04 sec so far
Iteration 26002: max relative diff=0.000340, 1016.09 sec so far
Iteration 26094: max relative diff=0.000294, 1021.14 sec so far
Iteration 26186: max relative diff=0.000248, 1026.18 sec so far
Iteration 26278: max relative diff=0.000202, 1031.22 sec so far
Iteration 26370: max relative diff=0.000156, 1036.27 sec so far
Iteration 26462: max relative diff=0.000110, 1041.31 sec so far
Iteration 26554: max relative diff=0.000064, 1046.35 sec so far
Iteration 26646: max relative diff=0.000023, 1051.39 sec so far
Iteration 26738: max relative diff=0.000022, 1056.43 sec so far
Iteration 26830: max relative diff=0.000020, 1061.47 sec so far
Iteration 26922: max relative diff=0.000019, 1066.52 sec so far
Iteration 27014: max relative diff=0.000018, 1071.57 sec so far
Iteration 27105: max relative diff=0.000017, 1076.58 sec so far
Iteration 27197: max relative diff=0.000016, 1081.63 sec so far
Iteration 27289: max relative diff=0.000015, 1086.67 sec so far
Iteration 27381: max relative diff=0.000014, 1091.73 sec so far
Iteration 27473: max relative diff=0.000013, 1096.78 sec so far
Iteration 27565: max relative diff=0.000012, 1101.82 sec so far
Iteration 27657: max relative diff=0.000011, 1106.87 sec so far
Iteration 27749: max relative diff=0.000010, 1111.92 sec so far
Iteration 27841: max relative diff=0.000009, 1116.97 sec so far
Iteration 27933: max relative diff=0.000008, 1122.03 sec so far
Iteration 28024: max relative diff=0.000007, 1127.03 sec so far
Iteration 28115: max relative diff=0.000005, 1132.03 sec so far
Iteration 28207: max relative diff=0.000004, 1137.08 sec so far
Iteration 28299: max relative diff=0.000003, 1142.13 sec so far
Iteration 28391: max relative diff=0.000002, 1147.18 sec so far
Iteration 28483: max relative diff=0.000001, 1152.23 sec so far
Max relative diff between upper and lower bound on convergence: 9.98029E-07
LowItr:18984 , UpItr:22797 

Iterative method: 28500 iterations in 1153.16 seconds (average 0.040462, setup 4.47)
Maximum finite value in solution vector at end of interval iteration: 306394.34299834556

Value in the initial state: 306394.34299834556

Time for model checking: 1466.479 seconds.

Result: 306394.34299834556 (value in the initial state)

---------------------------------------------------------------------

Note: There were 2 warnings during computation.

