PRISM
=====

Version: 4.4
Date: Sat Feb 20 04:53:47 IRST 2021
Hostname: sadegh-H81M-S2PH
Memory limits: cudd=1g, java(heap)=910.5m
Command line: prism ../../examples/mdps/wlan/wlan3.nm ../../examples/mdps/wlan/time_max.pctl -s '-ii:upper=1.2e+12' -backward -maxiters 900500 -const COL=5 -const TRANS_TIME_MAX=1300

Parsing model file "../../examples/mdps/wlan/wlan3.nm"...

Parsing properties file "../../examples/mdps/wlan/time_max.pctl"...

1 property:
(1) "time_max": R{"time"}max=? [ F s1=12&s2=12 ]

Type:        MDP
Modules:     medium station1 station2 
Variables:   col c1 c2 x1 s1 slot1 backoff1 bc1 x2 s2 slot2 backoff2 bc2 

---------------------------------------------------------------------

Model checking: "time_max": R{"time"}max=? [ F s1=12&s2=12 ]
Model constants: COL=5,TRANS_TIME_MAX=1300

Warning: Not Switching to explicit engine, We implemented the emthods for sparse engine.

Building model...
Model constants: COL=5,TRANS_TIME_MAX=1300

Computing reachable states...

Reachability (BFS): 1442 iterations in 47.28 seconds (average 0.032786, setup 0.00)

Time for model construction: 60.099 seconds.

Type:        MDP
States:      1226913 (1 initial)
Transitions: 2498996
Choices:     2329016

Transition matrix: 559502 nodes (6 terminal), 2498996 minterms, vars: 55r/55c/7nd

Prob0E: 4340 iterations in 169.46 seconds (average 0.039047, setup 0.00)

Prob1A: 1 iterations in 0.08 seconds (average 0.082000, setup 0.00)

goal = 6, inf = 0, maybe = 1226907

Warning: Upper bound for interval iteration manually set to 1.2E12

Computing remaining rewards...
 6
Building sparse matrix (transitions)... [n=1226913, nc=2329010, nnz=2498990, k=3] [42.2 MB]
Building sparse matrix (transition rewards)... [n=1226913, nc=2329010, nnz=1071434, k=3] [25.8 MB]
Creating vector for state rewards... [9.4 MB]
Creating vector for inf... [9.4 MB]
Creating vector for lower bounds... [9.4 MB]
Creating vector for upper bounds... [9.4 MB]
Allocating iteration vectors... [4 x 9.4 MB]
TOTAL: [142.9 MB]

Starting iterations (interval iteration)...

Time for state ordering: 0.039000


Iters: 500 , Maximum difference of values of bel_vec: 50 & Maximum difference of values of abov_vec: 1.2E+12 
Iters: 1000 , Maximum difference of values of bel_vec: 50 & Maximum difference of values of abov_vec: 1.2E+12 
Iters: 1500 , Maximum difference of values of bel_vec: 50 & Maximum difference of values of abov_vec: 1.2E+12 
Iters: 2000 , Maximum difference of values of bel_vec: 50 & Maximum difference of values of abov_vec: 1.2E+12 
Iters: 2500 , Maximum difference of values of bel_vec: 50 & Maximum difference of values of abov_vec: 1.2E+12 
Iters: 3000 , Maximum difference of values of bel_vec: 50 & Maximum difference of values of abov_vec: 8.48438E+11 
Iters: 3500 , Maximum difference of values of bel_vec: 50 & Maximum difference of values of abov_vec: 8.48438E+11 
Iters: 4000 , Maximum difference of values of bel_vec: 9.17969 & Maximum difference of values of abov_vec: 9.49173E+10 
Iters: 4500 , Maximum difference of values of bel_vec: 9.17969 & Maximum difference of values of abov_vec: 9.49173E+10 
Iters: 5000 , Maximum difference of values of bel_vec: 9.17969 & Maximum difference of values of abov_vec: 9.49173E+10 
Iters: 5500 , Maximum difference of values of bel_vec: 0.851631 & Maximum difference of values of abov_vec: 5.36343E+09 
Iters: 6000 , Maximum difference of values of bel_vec: 0.851631 & Maximum difference of values of abov_vec: 5.36343E+09 
Iters: 6500 , Maximum difference of values of bel_vec: 0.841618 & Maximum difference of values of abov_vec: 5.36343E+09 
Iters: 7000 , Maximum difference of values of bel_vec: 0.0395044 & Maximum difference of values of abov_vec: 2.82189E+08 
Iters: 7500 , Maximum difference of values of bel_vec: 0.0395044 & Maximum difference of values of abov_vec: 2.82189E+08 
Iters: 8000 , Maximum difference of values of bel_vec: 0.000921062 & Maximum difference of values of abov_vec: 5.89648E+06 
Iters: 8500 , Maximum difference of values of bel_vec: 0.000921062 & Maximum difference of values of abov_vec: 5.89648E+06 
Iters: 9000 , Maximum difference of values of bel_vec: 0.000921062 & Maximum difference of values of abov_vec: 5.89648E+06 
Iters: 9500 , Maximum difference of values of bel_vec: 2.1475E-05 & Maximum difference of values of abov_vec: 121846 
Iters: 10000 , Maximum difference of values of bel_vec: 2.1475E-05 & Maximum difference of values of abov_vec: 121846 
Iters: 10500 , Maximum difference of values of bel_vec: 5.0079E-07 & Maximum difference of values of abov_vec: 2494.54 
Iters: 11000 , Maximum difference of values of bel_vec: 5.0079E-07 & Maximum difference of values of abov_vec: 2494.54 
Iters: 11500 , Maximum difference of values of bel_vec: 5.0079E-07 & Maximum difference of values of abov_vec: 2494.54 
Iters: 12000 , Maximum difference of values of bel_vec: 1.17871E-08 & Maximum difference of values of abov_vec: 51.034 
Iters: 12500 , Maximum difference of values of bel_vec: 1.17871E-08 & Maximum difference of values of abov_vec: 51.034 
Iters: 13000 , Maximum difference of values of bel_vec: 1.17871E-08 & Maximum difference of values of abov_vec: 51.034 Iteration 13476: max relative diff=6.601193, 499.98 sec so far

Iters: 13500 , Maximum difference of values of bel_vec: 3.7835E-10 & Maximum difference of values of abov_vec: 1.16555 
Iters: 14000 , Maximum difference of values of bel_vec: 3.7835E-10 & Maximum difference of values of abov_vec: 1.16555 
Iters: 14500 , Maximum difference of values of bel_vec: 1.16415E-10 & Maximum difference of values of abov_vec: 0.0262347 
Iters: 15000 , Maximum difference of values of bel_vec: 1.16415E-10 & Maximum difference of values of abov_vec: 0.0262347 
Iters: 15500 , Maximum difference of values of bel_vec: 8.73115E-11 & Maximum difference of values of abov_vec: 0.0262347 
Iters: 16000 , Maximum difference of values of bel_vec: 2.91038E-11 & Maximum difference of values of abov_vec: 0.000580757 
Iters: 16500 , Maximum difference of values of bel_vec: 2.91038E-11 & Maximum difference of values of abov_vec: 0.000580757 
Iters: 17000 , Maximum difference of values of bel_vec: 0 & Maximum difference of values of abov_vec: 1.26817E-05 
Iters: 17500 , Maximum difference of values of bel_vec: 0 & Maximum difference of values of abov_vec: 1.26817E-05 
Iters: 18000 , Maximum difference of values of bel_vec: 0 & Maximum difference of values of abov_vec: 1.26817E-05 
Iters: 18500 , Maximum difference of values of bel_vec: 0 & Maximum difference of values of abov_vec: 2.73809E-07 
Iters: 19000 , Maximum difference of values of bel_vec: 0 & Maximum difference of values of abov_vec: 2.73809E-07 
Iters: 19500 , Maximum difference of values of bel_vec: 0 & Maximum difference of values of abov_vec: 2.73809E-07 Max relative diff between upper and lower bound on convergence: 7.69651E-07
Iterative method: 19545 iterations in 725.11 seconds (average 0.037099, setup 3.19)
Maximum finite value in solution vector at end of interval iteration: 210351.2833458283

Value in the initial state: 210351.2833458283

Time for model checking: 898.199 seconds.

Result: 210351.2833458283 (value in the initial state)

---------------------------------------------------------------------

Note: There were 2 warnings during computation.

