PRISM
=====

Version: 4.4
Date: Fri Feb 19 18:29:07 IRST 2021
Hostname: sadegh-H81M-S2PH
Memory limits: cudd=1g, java(heap)=910.5m
Command line: prism ../../examples/mdps/wlan/wlan3.nm ../../examples/mdps/wlan/time_max.pctl -s '-ii:upper=1.2e+12' -asynchii -maxiters 900500 -const COL=5 -const TRANS_TIME_MAX=600

Parsing model file "../../examples/mdps/wlan/wlan3.nm"...

Parsing properties file "../../examples/mdps/wlan/time_max.pctl"...

1 property:
(1) "time_max": R{"time"}max=? [ F s1=12&s2=12 ]

Type:        MDP
Modules:     medium station1 station2 
Variables:   col c1 c2 x1 s1 slot1 backoff1 bc1 x2 s2 slot2 backoff2 bc2 

---------------------------------------------------------------------

Model checking: "time_max": R{"time"}max=? [ F s1=12&s2=12 ]
Model constants: COL=5,TRANS_TIME_MAX=600

Warning: Not Switching to explicit engine, We implemented the emthods for sparse engine.

Building model...
Model constants: COL=5,TRANS_TIME_MAX=600

Computing reachable states...

Reachability (BFS): 742 iterations in 13.94 seconds (average 0.018784, setup 0.00)

Time for model construction: 16.197 seconds.

Type:        MDP
States:      670413 (1 initial)
Transitions: 1375496
Choices:     1205516

Transition matrix: 271942 nodes (6 terminal), 1375496 minterms, vars: 53r/53c/7nd

Prob0E: 2240 iterations in 50.40 seconds (average 0.022499, setup 0.00)

Prob1A: 1 iterations in 0.04 seconds (average 0.037000, setup 0.00)

goal = 6, inf = 0, maybe = 670407

Warning: Upper bound for interval iteration manually set to 1.2E12

Computing remaining rewards...
 8
Building sparse matrix (transitions)... [n=670413, nc=1205510, nnz=1375490, k=3] [22.9 MB]
Building sparse matrix (transition rewards)... [n=670413, nc=1205510, nnz=521934, k=3] [13.1 MB]
Creating vector for state rewards... [5.1 MB]
Creating vector for inf... [5.1 MB]
Creating vector for lower bounds... [5.1 MB]
Creating vector for upper bounds... [5.1 MB]
Allocating iteration vectors... [4 x 5.1 MB]
TOTAL: [76.9 MB]

Starting iterations (interval iteration)...

 Time for pre-computation	: 0.021000 
		 >> 670407 after 0 iters << 
Iteration 390: max relative diff=1.000000, 4.99 sec so far
Iteration 782: max relative diff=1.000000, 10.00 sec so far
Iteration 1174: max relative diff=1.000000, 15.00 sec so far
Iteration 1566: max relative diff=1.000000, 20.01 sec so far
Iteration 1982: max relative diff=1200000000000.000000, 25.02 sec so far
Iteration 2441: max relative diff=1200000000000.000000, 30.02 sec so far
Iteration 2899: max relative diff=1200000000000.000000, 35.03 sec so far
Iteration 3357: max relative diff=1199999999627.462646, 40.03 sec so far
Iteration 3815: max relative diff=220312501909.375092, 45.03 sec so far
Iteration 4273: max relative diff=20439153483.446827, 50.03 sec so far
Iteration 4732: max relative diff=20439153874.345531, 55.05 sec so far
Iteration 5190: max relative diff=953101038.073960, 60.05 sec so far
Iteration 5648: max relative diff=22286005.793275, 65.06 sec so far
Iteration 6106: max relative diff=526841.045936, 70.07 sec so far
Iteration 6564: max relative diff=526841.055875, 75.07 sec so far
Iteration 7022: max relative diff=18188.699480, 80.08 sec so far
Iteration 7372: max relative diff=5026.822579, 85.10 sec so far
Iteration 7629: max relative diff=2667.642895, 90.10 sec so far
Iteration 7888: max relative diff=493.295287, 95.11 sec so far
Iteration 8145: max relative diff=276.729965, 100.12 sec so far
Iteration 8402: max relative diff=58.765120, 105.12 sec so far
Iteration 8659: max relative diff=15.689703, 110.13 sec so far
Iteration 8917: max relative diff=5.497574, 115.14 sec so far
Iteration 9175: max relative diff=0.446166, 120.16 sec so far
Iteration 9433: max relative diff=0.208532, 125.17 sec so far
Iteration 9690: max relative diff=0.012297, 130.18 sec so far
Iteration 9947: max relative diff=0.006778, 135.19 sec so far
Iteration 10204: max relative diff=0.001259, 140.20 sec so far
Iteration 10462: max relative diff=0.000202, 145.22 sec so far
Iteration 10719: max relative diff=0.000074, 150.22 sec so far
Iteration 10977: max relative diff=0.000006, 155.23 sec so far
Iteration 11235: max relative diff=0.000003, 160.25 sec so far
Max relative diff between upper and lower bound on convergence: 9.93634E-07
LowItr:5954 , UpItr:9581 

Iterative method: 11384 iterations in 163.15 seconds (average 0.014332, setup 1.49)
Maximum finite value in solution vector at end of interval iteration: 102771.35358079491

Value in the initial state: 98301.04708273489

Time for model checking: 215.311 seconds.

Result: 98301.04708273489 (value in the initial state)

---------------------------------------------------------------------

Note: There were 2 warnings during computation.

