PRISM
=====

Version: 4.4
Date: Fri Feb 19 17:19:52 IRST 2021
Hostname: sadegh-H81M-S2PH
Memory limits: cudd=1g, java(heap)=910.5m
Command line: prism ../../examples/mdps/wlan/wlan3.nm ../../examples/mdps/wlan/time_max.pctl -s '-ii:upper=1.2e+12' -backward -maxiters 900500 -const COL=5 -const TRANS_TIME_MAX=400

Parsing model file "../../examples/mdps/wlan/wlan3.nm"...

Parsing properties file "../../examples/mdps/wlan/time_max.pctl"...

1 property:
(1) "time_max": R{"time"}max=? [ F s1=12&s2=12 ]

Type:        MDP
Modules:     medium station1 station2 
Variables:   col c1 c2 x1 s1 slot1 backoff1 bc1 x2 s2 slot2 backoff2 bc2 

---------------------------------------------------------------------

Model checking: "time_max": R{"time"}max=? [ F s1=12&s2=12 ]
Model constants: COL=5,TRANS_TIME_MAX=400

Warning: Not Switching to explicit engine, We implemented the emthods for sparse engine.

Building model...
Model constants: COL=5,TRANS_TIME_MAX=400

Computing reachable states...

Reachability (BFS): 542 iterations in 7.33 seconds (average 0.013524, setup 0.00)

Time for model construction: 8.41 seconds.

Type:        MDP
States:      511413 (1 initial)
Transitions: 1054496
Choices:     884516

Transition matrix: 183723 nodes (6 terminal), 1054496 minterms, vars: 51r/51c/7nd

Prob0E: 1640 iterations in 30.22 seconds (average 0.018429, setup 0.00)

Prob1A: 1 iterations in 0.02 seconds (average 0.023000, setup 0.00)

goal = 6, inf = 0, maybe = 511407

Warning: Upper bound for interval iteration manually set to 1.2E12

Computing remaining rewards...
 6
Building sparse matrix (transitions)... [n=511413, nc=884510, nnz=1054490, k=3] [17.4 MB]
Building sparse matrix (transition rewards)... [n=511413, nc=884510, nnz=364934, k=3] [9.5 MB]
Creating vector for state rewards... [3.9 MB]
Creating vector for inf... [3.9 MB]
Creating vector for lower bounds... [3.9 MB]
Creating vector for upper bounds... [3.9 MB]
Allocating iteration vectors... [4 x 3.9 MB]
TOTAL: [58.1 MB]

Starting iterations (interval iteration)...

Time for state ordering: 0.015000


Iters: 500 , Maximum difference of values of bel_vec: 50 & Maximum difference of values of abov_vec: 1.2E+12 
Iters: 1000 , Maximum difference of values of bel_vec: 50 & Maximum difference of values of abov_vec: 8.48438E+11 
Iters: 1500 , Maximum difference of values of bel_vec: 9.17969 & Maximum difference of values of abov_vec: 9.49173E+10 
Iters: 2000 , Maximum difference of values of bel_vec: 0.839208 & Maximum difference of values of abov_vec: 5.36343E+09 
Iters: 2500 , Maximum difference of values of bel_vec: 0.000911366 & Maximum difference of values of abov_vec: 5.89648E+06 
Iters: 3000 , Maximum difference of values of bel_vec: 2.12489E-05 & Maximum difference of values of abov_vec: 121846 
Iters: 3500 , Maximum difference of values of bel_vec: 4.95464E-07 & Maximum difference of values of abov_vec: 2494.98 
Iters: 4000 , Maximum difference of values of bel_vec: 1.15833E-08 & Maximum difference of values of abov_vec: 51.0342 
Iters: 4500 , Maximum difference of values of bel_vec: 3.63798E-11 & Maximum difference of values of abov_vec: 0.0260377 
Iters: 5000 , Maximum difference of values of bel_vec: 1.45519E-11 & Maximum difference of values of abov_vec: 0.000577008 
Iters: 5500 , Maximum difference of values of bel_vec: 0 & Maximum difference of values of abov_vec: 1.26127E-05 
Iters: 6000 , Maximum difference of values of bel_vec: 0 & Maximum difference of values of abov_vec: 2.72536E-07 Max relative diff between upper and lower bound on convergence: 7.68778E-07
Iterative method: 6046 iterations in 91.01 seconds (average 0.015052, setup 1.02)
Maximum finite value in solution vector at end of interval iteration: 72532.6334208323

Value in the initial state: 66287.44077641409

Time for model checking: 122.432 seconds.

Result: 66287.44077641409 (value in the initial state)

---------------------------------------------------------------------

Note: There were 2 warnings during computation.

