PRISM
=====

Version: 4.4
Date: Sat Feb 20 04:34:21 IRST 2021
Hostname: sadegh-H81M-S2PH
Memory limits: cudd=1g, java(heap)=910.5m
Command line: prism ../../examples/mdps/wlan/wlan3.nm ../../examples/mdps/wlan/time_max.pctl -s '-ii:upper=209670' -asynchupper -maxiters 900500 -const COL=5 -const TRANS_TIME_MAX=1300

Parsing model file "../../examples/mdps/wlan/wlan3.nm"...

Parsing properties file "../../examples/mdps/wlan/time_max.pctl"...

1 property:
(1) "time_max": R{"time"}max=? [ F s1=12&s2=12 ]

Type:        MDP
Modules:     medium station1 station2 
Variables:   col c1 c2 x1 s1 slot1 backoff1 bc1 x2 s2 slot2 backoff2 bc2 

---------------------------------------------------------------------

Model checking: "time_max": R{"time"}max=? [ F s1=12&s2=12 ]
Model constants: COL=5,TRANS_TIME_MAX=1300

Warning: Not Switching to explicit engine, We implemented the emthods for sparse engine.

Building model...
Model constants: COL=5,TRANS_TIME_MAX=1300

Computing reachable states...

Reachability (BFS): 1442 iterations in 46.94 seconds (average 0.032555, setup 0.00)

Time for model construction: 59.811 seconds.

Type:        MDP
States:      1226913 (1 initial)
Transitions: 2498996
Choices:     2329016

Transition matrix: 559502 nodes (6 terminal), 2498996 minterms, vars: 55r/55c/7nd

Prob0E: 4340 iterations in 169.01 seconds (average 0.038942, setup 0.00)

Prob1A: 1 iterations in 0.08 seconds (average 0.083000, setup 0.00)

goal = 6, inf = 0, maybe = 1226907

Warning: Upper bound for interval iteration manually set to 209670.0

Computing remaining rewards...
 10
Building sparse matrix (transitions)... [n=1226913, nc=2329010, nnz=2498990, k=3] [42.2 MB]
Building sparse matrix (transition rewards)... [n=1226913, nc=2329010, nnz=1071434, k=3] [25.8 MB]
Creating vector for state rewards... [9.4 MB]
Creating vector for inf... [9.4 MB]
Creating vector for lower bounds... [9.4 MB]
Creating vector for upper bounds... [9.4 MB]
Allocating iteration vectors... [4 x 9.4 MB]
TOTAL: [142.9 MB]

Starting iterations (interval iteration)...

Soln above finished after 13031 iterations, while flag is False.

Checking for lower bound passed after 19 iterations.Iteration 1: max relative diff=1.000000, 267.50 sec so far
Iteration 308: max relative diff=1.000000, 272.50 sec so far
Iteration 616: max relative diff=1.000000, 277.51 sec so far
Iteration 914: max relative diff=1.000000, 282.52 sec so far
Iteration 1221: max relative diff=1.000000, 287.52 sec so far
Iteration 1529: max relative diff=1.000000, 292.54 sec so far
Iteration 1837: max relative diff=1.000000, 297.55 sec so far
Iteration 2145: max relative diff=1.000000, 302.57 sec so far
Iteration 2453: max relative diff=1.000000, 307.57 sec so far
Iteration 2761: max relative diff=1.000000, 312.59 sec so far
Iteration 3069: max relative diff=1.000000, 317.61 sec so far
Iteration 3377: max relative diff=1.000000, 322.62 sec so far
Iteration 3684: max relative diff=1.000000, 327.63 sec so far
Iteration 3991: max relative diff=1.000000, 332.63 sec so far
Iteration 4299: max relative diff=1.000000, 337.64 sec so far
Iteration 4596: max relative diff=1.000000, 342.64 sec so far
Iteration 4904: max relative diff=1.000000, 347.66 sec so far
Iteration 5213: max relative diff=1.000000, 352.67 sec so far
Iteration 5520: max relative diff=1.000000, 357.68 sec so far
Iteration 5828: max relative diff=1.000000, 362.68 sec so far
Iteration 6136: max relative diff=1.000000, 367.70 sec so far
Iteration 6444: max relative diff=1.000000, 372.71 sec so far
Iteration 6752: max relative diff=1.000000, 377.73 sec so far
Iteration 7060: max relative diff=1.000000, 382.74 sec so far
Iteration 7367: max relative diff=1.000000, 387.74 sec so far
Iteration 7674: max relative diff=1.000000, 392.74 sec so far
Iteration 7982: max relative diff=1.000000, 397.75 sec so far
Iteration 8280: max relative diff=1.000000, 402.76 sec so far
Iteration 8587: max relative diff=1.000000, 407.77 sec so far
Iteration 8895: max relative diff=1.000000, 412.78 sec so far
Iteration 9201: max relative diff=1.000000, 417.79 sec so far
Iteration 9509: max relative diff=1.000000, 422.80 sec so far
Iteration 9817: max relative diff=1.000000, 427.81 sec so far
Iteration 10125: max relative diff=1.000000, 432.81 sec so far
Iteration 10414: max relative diff=0.000067, 437.84 sec so far
Iteration 10553: max relative diff=0.000060, 442.85 sec so far
Iteration 10692: max relative diff=0.000053, 447.86 sec so far
Iteration 10831: max relative diff=0.000046, 452.88 sec so far
Iteration 10970: max relative diff=0.000039, 457.88 sec so far
Iteration 11109: max relative diff=0.000032, 462.91 sec so far
Iteration 11248: max relative diff=0.000025, 467.93 sec so far
Iteration 11387: max relative diff=0.000019, 472.93 sec so far
Iteration 11526: max relative diff=0.000012, 477.94 sec so far
Iteration 11665: max relative diff=0.000005, 482.95 sec so far
Iteration 11804: max relative diff=0.000001, 487.96 sec so far
Iteration 11943: max relative diff=0.000001, 492.98 sec so far
Iteration 12082: max relative diff=0.000001, 497.99 sec so far
Max relative diff between upper and lower bound on convergence: 9.99717E-07
LowItr:12220 , UpItr:14835  

Iterative method: 12201 iterations in 502.28 seconds (average 0.041167, setup 3.20)
Maximum finite value in solution vector at end of interval iteration: 210351.283344965

Value in the initial state: 210351.283344965

Time for model checking: 674.883 seconds.

Result: 210351.283344965 (value in the initial state)

---------------------------------------------------------------------

Note: There were 2 warnings during computation.

