PRISM
=====

Version: 4.4
Date: Fri Feb 19 17:17:07 IRST 2021
Hostname: sadegh-H81M-S2PH
Memory limits: cudd=1g, java(heap)=910.5m
Command line: prism ../../examples/mdps/wlan/wlan3.nm ../../examples/mdps/wlan/time_max.pctl -s '-ii:upper=72870' -asynchupper -maxiters 900500 -const COL=5 -const TRANS_TIME_MAX=400

Parsing model file "../../examples/mdps/wlan/wlan3.nm"...

Parsing properties file "../../examples/mdps/wlan/time_max.pctl"...

1 property:
(1) "time_max": R{"time"}max=? [ F s1=12&s2=12 ]

Type:        MDP
Modules:     medium station1 station2 
Variables:   col c1 c2 x1 s1 slot1 backoff1 bc1 x2 s2 slot2 backoff2 bc2 

---------------------------------------------------------------------

Model checking: "time_max": R{"time"}max=? [ F s1=12&s2=12 ]
Model constants: COL=5,TRANS_TIME_MAX=400

Warning: Not Switching to explicit engine, We implemented the emthods for sparse engine.

Building model...
Model constants: COL=5,TRANS_TIME_MAX=400

Computing reachable states...

Reachability (BFS): 542 iterations in 7.35 seconds (average 0.013557, setup 0.00)

Time for model construction: 8.437 seconds.

Type:        MDP
States:      511413 (1 initial)
Transitions: 1054496
Choices:     884516

Transition matrix: 183723 nodes (6 terminal), 1054496 minterms, vars: 51r/51c/7nd

Prob0E: 1640 iterations in 30.30 seconds (average 0.018476, setup 0.00)

Prob1A: 1 iterations in 0.02 seconds (average 0.024000, setup 0.00)

goal = 6, inf = 0, maybe = 511407

Warning: Upper bound for interval iteration manually set to 72870.0

Computing remaining rewards...
 10
Building sparse matrix (transitions)... [n=511413, nc=884510, nnz=1054490, k=3] [17.4 MB]
Building sparse matrix (transition rewards)... [n=511413, nc=884510, nnz=364934, k=3] [9.5 MB]
Creating vector for state rewards... [3.9 MB]
Creating vector for inf... [3.9 MB]
Creating vector for lower bounds... [3.9 MB]
Creating vector for upper bounds... [3.9 MB]
Allocating iteration vectors... [4 x 3.9 MB]
TOTAL: [58.1 MB]

Starting iterations (interval iteration)...

Soln above finished after 4032 iterations, while flag is True.

Checking for lower bound passed after 19 iterations.Iteration 1: max relative diff=1.000000, 31.34 sec so far
Iteration 760: max relative diff=1.000000, 36.34 sec so far
Iteration 1519: max relative diff=1.000000, 41.35 sec so far
Iteration 2277: max relative diff=1.000000, 46.35 sec so far
Iteration 3038: max relative diff=1.000000, 51.36 sec so far
Iteration 3464: max relative diff=0.000008, 56.37 sec so far
Max relative diff between upper and lower bound on convergence: 9.43663E-07
LowItr:3618 , UpItr:4431  

Iterative method: 3599 iterations in 58.39 seconds (average 0.016223, setup 1.04)
Maximum finite value in solution vector at end of interval iteration: 72532.63342081764

Value in the initial state: 66287.44077572919

Time for model checking: 89.865 seconds.

Result: 66287.44077572919 (value in the initial state)

---------------------------------------------------------------------

Note: There were 2 warnings during computation.

