PRISM
=====

Version: 4.4
Date: Fri Feb 19 19:13:48 IRST 2021
Hostname: sadegh-H81M-S2PH
Memory limits: cudd=1g, java(heap)=910.5m
Command line: prism ../../examples/mdps/wlan/wlan3.nm ../../examples/mdps/wlan/time_max.pctl -s '-ii:upper=1.2e+12' -improvedbk -maxiters 900500 -const COL=5 -const TRANS_TIME_MAX=700

Parsing model file "../../examples/mdps/wlan/wlan3.nm"...

Parsing properties file "../../examples/mdps/wlan/time_max.pctl"...

1 property:
(1) "time_max": R{"time"}max=? [ F s1=12&s2=12 ]

Type:        MDP
Modules:     medium station1 station2 
Variables:   col c1 c2 x1 s1 slot1 backoff1 bc1 x2 s2 slot2 backoff2 bc2 

---------------------------------------------------------------------

Model checking: "time_max": R{"time"}max=? [ F s1=12&s2=12 ]
Model constants: COL=5,TRANS_TIME_MAX=700

Warning: Not Switching to explicit engine, We implemented the emthods for sparse engine.

Building model...
Model constants: COL=5,TRANS_TIME_MAX=700

Computing reachable states...

Reachability (BFS): 842 iterations in 17.16 seconds (average 0.020384, setup 0.00)

Time for model construction: 19.823 seconds.

Type:        MDP
States:      749913 (1 initial)
Transitions: 1535996
Choices:     1366016

Transition matrix: 309352 nodes (6 terminal), 1535996 minterms, vars: 53r/53c/7nd

Prob0E: 2540 iterations in 60.49 seconds (average 0.023815, setup 0.00)

Prob1A: 1 iterations in 0.04 seconds (average 0.041000, setup 0.00)

goal = 6, inf = 0, maybe = 749907

Warning: Upper bound for interval iteration manually set to 1.2E12

Computing remaining rewards...
 7
Building sparse matrix (transitions)... [n=749913, nc=1366010, nnz=1535990, k=3] [25.6 MB]
Building sparse matrix (transition rewards)... [n=749913, nc=1366010, nnz=600434, k=3] [14.9 MB]
Creating vector for state rewards... [5.7 MB]
Creating vector for inf... [5.7 MB]
Creating vector for lower bounds... [5.7 MB]
Creating vector for upper bounds... [5.7 MB]
Allocating iteration vectors... [4 x 5.7 MB]
TOTAL: [86.4 MB]

Starting iterations (interval iteration)...

 Time for pre-computation: 0.717000 Iteration 424: max relative diff=50.000000, 4.29 sec so far
Iteration 923: max relative diff=50.000000, 9.30 sec so far
Iteration 1421: max relative diff=50.000000, 14.30 sec so far
Iteration 1920: max relative diff=50.000000, 19.31 sec so far
Iteration 2401: max relative diff=9.179688, 24.32 sec so far
Iteration 2900: max relative diff=0.851631, 29.32 sec so far
Iteration 3399: max relative diff=0.851631, 34.33 sec so far
Iteration 3898: max relative diff=0.039504, 39.34 sec so far
Iteration 4397: max relative diff=0.000921, 44.34 sec so far
Iteration 4895: max relative diff=0.000921, 49.35 sec so far
Iteration 5395: max relative diff=0.000021, 54.35 sec so far

First round (updates from below) finished after 5621 iters.Iteration 5864: max relative diff=645.000000, 59.35 sec so far
Iteration 6308: max relative diff=645.000000, 64.36 sec so far
Iteration 6757: max relative diff=147.133806, 69.36 sec so far
Iteration 7217: max relative diff=14.892917, 74.37 sec so far
Iteration 7682: max relative diff=14.892917, 79.37 sec so far
Iteration 8147: max relative diff=1.829809, 84.38 sec so far
Iteration 8613: max relative diff=0.131710, 89.38 sec so far
Iteration 9079: max relative diff=0.131710, 94.39 sec so far
Iteration 9544: max relative diff=0.005993, 99.40 sec so far
Iteration 10009: max relative diff=0.000124, 104.40 sec so far
Iteration 10474: max relative diff=0.000124, 109.41 sec so far
Iteration 10940: max relative diff=0.000003, 114.42 sec so far

Second round (updates from above) finished after 11242 iters.
Update from both sides... 
Iteration 11366: max relative diff=0.000326, 119.44 sec so far
Iteration 11716: max relative diff=0.000133, 124.45 sec so far
Iteration 12065: max relative diff=0.000008, 129.45 sec so far
Iteration 12414: max relative diff=0.000003, 134.46 sec so far
Max relative diff between upper and lower bound on convergence: 0

Number of iterations for the lower bound = 6963

Iterative method: 12584 iterations in 136.89 seconds (average 0.010878, setup 1.73)
Maximum finite value in solution vector at end of interval iteration: 117890.7136607857

Value in the initial state: 114308.22369168112

Time for model checking: 200.098 seconds.

Result: 114308.22369168112 (value in the initial state)

---------------------------------------------------------------------

Note: There were 2 warnings during computation.

