PRISM
=====

Version: 4.4
Date: Fri Feb 19 21:31:46 IRST 2021
Hostname: sadegh-H81M-S2PH
Memory limits: cudd=1g, java(heap)=910.5m
Command line: prism ../../examples/mdps/wlan/wlan3.nm ../../examples/mdps/wlan/time_max.pctl -s '-ii:upper=1.2e+12' -asynchii -maxiters 900500 -const COL=5 -const TRANS_TIME_MAX=900

Parsing model file "../../examples/mdps/wlan/wlan3.nm"...

Parsing properties file "../../examples/mdps/wlan/time_max.pctl"...

1 property:
(1) "time_max": R{"time"}max=? [ F s1=12&s2=12 ]

Type:        MDP
Modules:     medium station1 station2 
Variables:   col c1 c2 x1 s1 slot1 backoff1 bc1 x2 s2 slot2 backoff2 bc2 

---------------------------------------------------------------------

Model checking: "time_max": R{"time"}max=? [ F s1=12&s2=12 ]
Model constants: COL=5,TRANS_TIME_MAX=900

Warning: Not Switching to explicit engine, We implemented the emthods for sparse engine.

Building model...
Model constants: COL=5,TRANS_TIME_MAX=900

Computing reachable states...

Reachability (BFS): 1042 iterations in 24.68 seconds (average 0.023685, setup 0.00)

Time for model construction: 29.19 seconds.

Type:        MDP
States:      908913 (1 initial)
Transitions: 1856996
Choices:     1687016

Transition matrix: 384237 nodes (6 terminal), 1856996 minterms, vars: 53r/53c/7nd

Prob0E: 3140 iterations in 88.75 seconds (average 0.028266, setup 0.00)

Prob1A: 1 iterations in 0.05 seconds (average 0.051000, setup 0.00)

goal = 6, inf = 0, maybe = 908907

Warning: Upper bound for interval iteration manually set to 1.2E12

Computing remaining rewards...
 8
Building sparse matrix (transitions)... [n=908913, nc=1687010, nnz=1856990, k=3] [31.2 MB]
Building sparse matrix (transition rewards)... [n=908913, nc=1687010, nnz=757434, k=3] [18.6 MB]
Creating vector for state rewards... [6.9 MB]
Creating vector for inf... [6.9 MB]
Creating vector for lower bounds... [6.9 MB]
Creating vector for upper bounds... [6.9 MB]
Allocating iteration vectors... [4 x 6.9 MB]
TOTAL: [105.2 MB]

Starting iterations (interval iteration)...

 Time for pre-computation	: 0.034000 
		 >> 908907 after 0 iters << 
Iteration 288: max relative diff=1.000000, 4.97 sec so far
Iteration 574: max relative diff=1.000000, 9.97 sec so far
Iteration 860: max relative diff=1.000000, 14.97 sec so far
Iteration 1146: max relative diff=1.000000, 19.97 sec so far
Iteration 1433: max relative diff=1.000000, 24.99 sec so far
Iteration 1720: max relative diff=1.000000, 30.00 sec so far
Iteration 2006: max relative diff=1.000000, 35.00 sec so far
Iteration 2293: max relative diff=1.000000, 40.01 sec so far
Iteration 2580: max relative diff=1.000000, 45.02 sec so far
Iteration 2898: max relative diff=1200000000000.000000, 50.03 sec so far
Iteration 3243: max relative diff=1200000000000.000000, 55.04 sec so far
Iteration 3588: max relative diff=1200000000000.000000, 60.05 sec so far
Iteration 3933: max relative diff=1200000000000.000000, 65.05 sec so far
Iteration 4278: max relative diff=1200000000000.000000, 70.06 sec so far
Iteration 4623: max relative diff=1199999999004.940674, 75.07 sec so far
Iteration 4968: max relative diff=1199999999407.131836, 80.08 sec so far
Iteration 5313: max relative diff=1199999999809.322998, 85.08 sec so far
Iteration 5658: max relative diff=220312502304.101654, 90.09 sec so far
Iteration 6004: max relative diff=220312505480.273529, 95.10 sec so far
Iteration 6349: max relative diff=20439156216.913929, 100.11 sec so far
Iteration 6694: max relative diff=20439156510.726681, 105.12 sec so far
Iteration 7038: max relative diff=20439156803.687801, 110.12 sec so far
Iteration 7383: max relative diff=953104039.249114, 115.13 sec so far
Iteration 7729: max relative diff=953104052.989567, 120.14 sec so far
Iteration 8074: max relative diff=953104066.690309, 125.15 sec so far
Iteration 8420: max relative diff=22289027.169402, 130.16 sec so far
Iteration 8765: max relative diff=22289027.489677, 135.17 sec so far
Iteration 9110: max relative diff=529862.633810, 140.18 sec so far
Iteration 9455: max relative diff=529862.641297, 145.20 sec so far
Iteration 9800: max relative diff=529862.648784, 150.20 sec so far
Iteration 10145: max relative diff=21210.293688, 155.21 sec so far
Iteration 10490: max relative diff=21210.293863, 160.22 sec so far
Iteration 10834: max relative diff=9301.831322, 165.23 sec so far
Iteration 11026: max relative diff=7552.713904, 170.26 sec so far
Iteration 11218: max relative diff=5790.213907, 175.27 sec so far
Iteration 11410: max relative diff=4027.713909, 180.29 sec so far
Iteration 11602: max relative diff=2265.213911, 185.30 sec so far
Iteration 11795: max relative diff=755.020215, 190.31 sec so far
Iteration 11987: max relative diff=593.228223, 195.33 sec so far
Iteration 12179: max relative diff=431.139348, 200.34 sec so far
Iteration 12371: max relative diff=267.626164, 205.35 sec so far
Iteration 12563: max relative diff=104.112981, 210.37 sec so far
Iteration 12755: max relative diff=31.932386, 215.38 sec so far
Iteration 12947: max relative diff=24.347546, 220.40 sec so far
Iteration 13139: max relative diff=16.762706, 225.41 sec so far
Iteration 13331: max relative diff=9.177865, 230.44 sec so far
Iteration 13523: max relative diff=1.593021, 235.45 sec so far
Iteration 13715: max relative diff=0.692238, 240.46 sec so far
Iteration 13907: max relative diff=0.515394, 245.48 sec so far
Iteration 14099: max relative diff=0.338550, 250.49 sec so far
Iteration 14291: max relative diff=0.161706, 255.51 sec so far
Iteration 14483: max relative diff=0.019044, 260.53 sec so far
Iteration 14675: max relative diff=0.014921, 265.55 sec so far
Iteration 14867: max relative diff=0.010798, 270.56 sec so far
Iteration 15059: max relative diff=0.006674, 275.57 sec so far
Iteration 15251: max relative diff=0.002551, 280.58 sec so far
Iteration 15443: max relative diff=0.000416, 285.60 sec so far
Iteration 15635: max relative diff=0.000319, 290.62 sec so far
Iteration 15827: max relative diff=0.000223, 295.64 sec so far
Iteration 16019: max relative diff=0.000127, 300.66 sec so far
Iteration 16211: max relative diff=0.000031, 305.68 sec so far
Iteration 16403: max relative diff=0.000009, 310.69 sec so far
Iteration 16595: max relative diff=0.000007, 315.71 sec so far
Iteration 16787: max relative diff=0.000005, 320.72 sec so far
Iteration 16979: max relative diff=0.000002, 325.74 sec so far
Max relative diff between upper and lower bound on convergence: 9.95613E-07
LowItr:8961 , UpItr:14388 

Iterative method: 17091 iterations in 328.66 seconds (average 0.019230, setup 2.15)
Maximum finite value in solution vector at end of interval iteration: 148129.4338207649

Value in the initial state: 146322.5769094156

Time for model checking: 419.871 seconds.

Result: 146322.5769094156 (value in the initial state)

---------------------------------------------------------------------

Note: There were 2 warnings during computation.

