PRISM
=====

Version: 4.4
Date: Sat Feb 20 00:58:00 IRST 2021
Hostname: sadegh-H81M-S2PH
Memory limits: cudd=1g, java(heap)=910.5m
Command line: prism ../../examples/mdps/wlan/wlan3.nm ../../examples/mdps/wlan/time_max.pctl -s '-ii:upper=179270' -asynchii -maxiters 900500 -const COL=5 -const TRANS_TIME_MAX=1100

Parsing model file "../../examples/mdps/wlan/wlan3.nm"...

Parsing properties file "../../examples/mdps/wlan/time_max.pctl"...

1 property:
(1) "time_max": R{"time"}max=? [ F s1=12&s2=12 ]

Type:        MDP
Modules:     medium station1 station2 
Variables:   col c1 c2 x1 s1 slot1 backoff1 bc1 x2 s2 slot2 backoff2 bc2 

---------------------------------------------------------------------

Model checking: "time_max": R{"time"}max=? [ F s1=12&s2=12 ]
Model constants: COL=5,TRANS_TIME_MAX=1100

Warning: Not Switching to explicit engine, We implemented the emthods for sparse engine.

Building model...
Model constants: COL=5,TRANS_TIME_MAX=1100

Computing reachable states...

Reachability (BFS): 1242 iterations in 35.90 seconds (average 0.028904, setup 0.00)

Time for model construction: 44.418 seconds.

Type:        MDP
States:      1067913 (1 initial)
Transitions: 2177996
Choices:     2008016

Transition matrix: 484702 nodes (6 terminal), 2177996 minterms, vars: 55r/55c/7nd

Prob0E: 3740 iterations in 124.98 seconds (average 0.033417, setup 0.00)

Prob1A: 1 iterations in 0.07 seconds (average 0.065000, setup 0.00)

goal = 6, inf = 0, maybe = 1067907

Warning: Upper bound for interval iteration manually set to 179270.0

Computing remaining rewards...
 8
Building sparse matrix (transitions)... [n=1067913, nc=2008010, nnz=2177990, k=3] [36.7 MB]
Building sparse matrix (transition rewards)... [n=1067913, nc=2008010, nnz=914434, k=3] [22.2 MB]
Creating vector for state rewards... [8.1 MB]
Creating vector for inf... [8.1 MB]
Creating vector for lower bounds... [8.1 MB]
Creating vector for upper bounds... [8.1 MB]
Allocating iteration vectors... [4 x 8.1 MB]
TOTAL: [124.0 MB]

Starting iterations (interval iteration)...

 Time for pre-computation	: 0.033000 
		 >> 1067907 after 0 iters << 
Iteration 346: max relative diff=1.000000, 4.97 sec so far
Iteration 700: max relative diff=1.000000, 9.98 sec so far
Iteration 1054: max relative diff=1.000000, 14.99 sec so far
Iteration 1408: max relative diff=1.000000, 20.00 sec so far
Iteration 1762: max relative diff=1.000000, 25.01 sec so far
Iteration 2116: max relative diff=1.000000, 30.02 sec so far
Iteration 2470: max relative diff=1.000000, 35.03 sec so far
Iteration 2824: max relative diff=1.000000, 40.04 sec so far
Iteration 3178: max relative diff=1.000000, 45.04 sec so far
Iteration 3489: max relative diff=179270.000000, 50.05 sec so far
Iteration 3777: max relative diff=179270.000000, 55.06 sec so far
Iteration 4066: max relative diff=179270.000000, 60.07 sec so far
Iteration 4355: max relative diff=179270.000000, 65.08 sec so far
Iteration 4644: max relative diff=179270.000000, 70.09 sec so far
Iteration 4933: max relative diff=179270.000000, 75.10 sec so far
Iteration 5222: max relative diff=179270.000000, 80.11 sec so far
Iteration 5511: max relative diff=177942.106215, 85.12 sec so far
Iteration 5800: max relative diff=178267.548720, 90.13 sec so far
Iteration 6089: max relative diff=178592.991225, 95.15 sec so far
Iteration 6378: max relative diff=178921.943970, 100.16 sec so far
Iteration 6667: max relative diff=33463.632812, 105.17 sec so far
Iteration 6956: max relative diff=36116.562500, 110.18 sec so far
Iteration 7244: max relative diff=38760.312500, 115.18 sec so far
Iteration 7533: max relative diff=41413.242188, 120.19 sec so far
Iteration 7822: max relative diff=13219.240138, 125.20 sec so far
Iteration 8111: max relative diff=13465.361545, 130.22 sec so far
Iteration 8400: max relative diff=13711.482952, 135.23 sec so far
Iteration 8681: max relative diff=13950.791309, 140.24 sec so far
Iteration 8868: max relative diff=10682.378050, 145.24 sec so far
Iteration 8995: max relative diff=9525.218154, 150.26 sec so far
Iteration 9139: max relative diff=8209.061724, 155.28 sec so far
Iteration 9293: max relative diff=6801.505542, 160.28 sec so far
Iteration 9451: max relative diff=5357.389460, 165.30 sec so far
Iteration 9603: max relative diff=3968.113228, 170.31 sec so far
Iteration 9753: max relative diff=2597.116947, 175.31 sec so far
Iteration 9898: max relative diff=1271.820542, 180.32 sec so far
Iteration 10053: max relative diff=866.028154, 185.35 sec so far
Iteration 10205: max relative diff=738.082828, 190.36 sec so far
Iteration 10356: max relative diff=610.736152, 195.38 sec so far
Iteration 10505: max relative diff=483.980347, 200.41 sec so far
Iteration 10660: max relative diff=352.120281, 205.43 sec so far
Iteration 10813: max relative diff=221.961635, 210.44 sec so far
Iteration 10971: max relative diff=87.549439, 215.44 sec so far
Iteration 11128: max relative diff=40.318202, 220.45 sec so far
Iteration 11285: max relative diff=34.119386, 225.46 sec so far
Iteration 11437: max relative diff=28.117985, 230.47 sec so far
Iteration 11590: max relative diff=22.077102, 235.47 sec so far
Iteration 11743: max relative diff=16.036218, 240.50 sec so far
Iteration 11878: max relative diff=10.706026, 245.50 sec so far
Iteration 12037: max relative diff=4.428245, 250.51 sec so far
Iteration 12196: max relative diff=0.972477, 255.52 sec so far
Iteration 12355: max relative diff=0.826108, 260.52 sec so far
Iteration 12514: max relative diff=0.679738, 265.52 sec so far
Iteration 12673: max relative diff=0.533369, 270.53 sec so far
Iteration 12824: max relative diff=0.394365, 275.55 sec so far
Iteration 12983: max relative diff=0.247995, 280.56 sec so far
Iteration 13131: max relative diff=0.111752, 285.58 sec so far
Iteration 13280: max relative diff=0.023087, 290.58 sec so far
Iteration 13424: max relative diff=0.019996, 295.61 sec so far
Iteration 13562: max relative diff=0.017034, 300.62 sec so far
Iteration 13720: max relative diff=0.013643, 305.64 sec so far
Iteration 13879: max relative diff=0.010230, 310.65 sec so far
Iteration 14037: max relative diff=0.006839, 315.68 sec so far
Iteration 14195: max relative diff=0.003448, 320.69 sec so far
Iteration 14352: max relative diff=0.000554, 325.74 sec so far
Iteration 14507: max relative diff=0.000476, 330.76 sec so far
Iteration 14665: max relative diff=0.000397, 335.78 sec so far
Iteration 14820: max relative diff=0.000320, 340.78 sec so far
Iteration 14975: max relative diff=0.000242, 345.80 sec so far
Iteration 15131: max relative diff=0.000164, 350.83 sec so far
Iteration 15278: max relative diff=0.000091, 355.85 sec so far
Iteration 15436: max relative diff=0.000013, 360.86 sec so far
Iteration 15591: max relative diff=0.000011, 365.87 sec so far
Iteration 15748: max relative diff=0.000009, 370.91 sec so far
Iteration 15904: max relative diff=0.000008, 375.93 sec so far
Iteration 16052: max relative diff=0.000006, 380.95 sec so far
Iteration 16197: max relative diff=0.000004, 385.98 sec so far
Iteration 16347: max relative diff=0.000003, 391.01 sec so far
Max relative diff between upper and lower bound on convergence: 9.92935E-07
LowItr:10964 , UpItr:13174 

Iterative method: 16477 iterations in 395.45 seconds (average 0.024000, setup 2.66)
Maximum finite value in solution vector at end of interval iteration: 178368.15398074457

Value in the initial state: 178336.9301271814

Time for model checking: 523.383 seconds.

Result: 178336.9301271814 (value in the initial state)

---------------------------------------------------------------------

Note: There were 2 warnings during computation.

