PRISM
=====

Version: 4.4
Date: Fri Feb 19 16:41:16 IRST 2021
Hostname: sadegh-H81M-S2PH
Memory limits: cudd=1g, java(heap)=910.5m
Command line: prism ../../examples/mdps/wlan/wlan3.nm ../../examples/mdps/wlan/time_max.pctl -s '-ii:upper=27270' -asynchupper -maxiters 900500 -const COL=5 -const TRANS_TIME_MAX=100

Parsing model file "../../examples/mdps/wlan/wlan3.nm"...

Parsing properties file "../../examples/mdps/wlan/time_max.pctl"...

1 property:
(1) "time_max": R{"time"}max=? [ F s1=12&s2=12 ]

Type:        MDP
Modules:     medium station1 station2 
Variables:   col c1 c2 x1 s1 slot1 backoff1 bc1 x2 s2 slot2 backoff2 bc2 

---------------------------------------------------------------------

Model checking: "time_max": R{"time"}max=? [ F s1=12&s2=12 ]
Model constants: COL=5,TRANS_TIME_MAX=100

Warning: Not Switching to explicit engine, We implemented the emthods for sparse engine.

Building model...
Model constants: COL=5,TRANS_TIME_MAX=100

Computing reachable states...

Reachability (BFS): 242 iterations in 1.21 seconds (average 0.005017, setup 0.00)

Time for model construction: 1.434 seconds.

Type:        MDP
States:      272913 (1 initial)
Transitions: 572996
Choices:     403016

Transition matrix: 60235 nodes (6 terminal), 572996 minterms, vars: 47r/47c/7nd

Prob0E: 740 iterations in 9.02 seconds (average 0.012184, setup 0.00)

Prob1A: 1 iterations in 0.01 seconds (average 0.008000, setup 0.00)

goal = 6, inf = 0, maybe = 272907

Warning: Upper bound for interval iteration manually set to 27270.0

Computing remaining rewards...
 10
Building sparse matrix (transitions)... [n=272913, nc=403010, nnz=572990, k=3] [9.1 MB]
Building sparse matrix (transition rewards)... [n=272913, nc=403010, nnz=129434, k=3] [4.1 MB]
Creating vector for state rewards... [2.1 MB]
Creating vector for inf... [2.1 MB]
Creating vector for lower bounds... [2.1 MB]
Creating vector for upper bounds... [2.1 MB]
Allocating iteration vectors... [4 x 2.1 MB]
TOTAL: [29.9 MB]

Starting iterations (interval iteration)...

Soln above finished after 1031 iterations, while flag is True.

Checking for lower bound passed after 19 iterations.Iteration 38: max relative diff=1.000000, 5.00 sec so far
Max relative diff between upper and lower bound on convergence: 9.67444E-07
LowItr:911 , UpItr:1121  

Iterative method: 892 iterations in 9.58 seconds (average 0.010741, setup 0.39)
Maximum finite value in solution vector at end of interval iteration: 27174.553180846444

Value in the initial state: 18269.767402805344

Time for model checking: 19.05 seconds.

Result: 18269.767402805344 (value in the initial state)

---------------------------------------------------------------------

Note: There were 2 warnings during computation.

