PRISM
=====

Version: 4.4
Date: Sat Feb 20 23:37:00 IRST 2021
Hostname: sadegh-H81M-S2PH
Memory limits: cudd=1g, java(heap)=910.5m
Command line: prism ../../examples/mdps/wlan/wlan3.nm ../../examples/mdps/wlan/time_max.pctl -s '-ii:upper=1.2e+12' -improvedbk -maxiters 900500 -const COL=5 -const TRANS_TIME_MAX=1800

Parsing model file "../../examples/mdps/wlan/wlan3.nm"...

Parsing properties file "../../examples/mdps/wlan/time_max.pctl"...

1 property:
(1) "time_max": R{"time"}max=? [ F s1=12&s2=12 ]

Type:        MDP
Modules:     medium station1 station2 
Variables:   col c1 c2 x1 s1 slot1 backoff1 bc1 x2 s2 slot2 backoff2 bc2 

---------------------------------------------------------------------

Model checking: "time_max": R{"time"}max=? [ F s1=12&s2=12 ]
Model constants: COL=5,TRANS_TIME_MAX=1800

Warning: Not Switching to explicit engine, We implemented the emthods for sparse engine.

Building model...
Model constants: COL=5,TRANS_TIME_MAX=1800

Computing reachable states...

Reachability (BFS): 1942 iterations in 84.47 seconds (average 0.043497, setup 0.00)

Time for model construction: 112.658 seconds.

Type:        MDP
States:      1624413 (1 initial)
Transitions: 3301496
Choices:     3131516

Transition matrix: 746449 nodes (6 terminal), 3301496 minterms, vars: 55r/55c/7nd

Prob0E: 5840 iterations in 273.52 seconds (average 0.046836, setup 0.00)

Prob1A: 1 iterations in 0.11 seconds (average 0.106000, setup 0.00)

goal = 6, inf = 0, maybe = 1624407

Warning: Upper bound for interval iteration manually set to 1.2E12

Computing remaining rewards...
 7
Building sparse matrix (transitions)... [n=1624413, nc=3131510, nnz=3301490, k=3] [55.9 MB]
Building sparse matrix (transition rewards)... [n=1624413, nc=3131510, nnz=1463934, k=3] [34.9 MB]
Creating vector for state rewards... [12.4 MB]
Creating vector for inf... [12.4 MB]
Creating vector for lower bounds... [12.4 MB]
Creating vector for upper bounds... [12.4 MB]
Allocating iteration vectors... [4 x 12.4 MB]
TOTAL: [190.0 MB]

Starting iterations (interval iteration)...

 Time for pre-computation: 1.449000 Iteration 141: max relative diff=50.000000, 3.56 sec so far
Iteration 344: max relative diff=50.000000, 8.57 sec so far
Iteration 548: max relative diff=50.000000, 13.59 sec so far
Iteration 752: max relative diff=50.000000, 18.60 sec so far
Iteration 956: max relative diff=50.000000, 23.61 sec so far
Iteration 1160: max relative diff=50.000000, 28.63 sec so far
Iteration 1364: max relative diff=50.000000, 33.64 sec so far
Iteration 1568: max relative diff=50.000000, 38.66 sec so far
Iteration 1772: max relative diff=50.000000, 43.68 sec so far
Iteration 1976: max relative diff=50.000000, 48.69 sec so far
Iteration 2180: max relative diff=50.000000, 53.70 sec so far
Iteration 2384: max relative diff=50.000000, 58.72 sec so far
Iteration 2588: max relative diff=50.000000, 63.73 sec so far
Iteration 2787: max relative diff=50.000000, 68.75 sec so far
Iteration 2991: max relative diff=50.000000, 73.77 sec so far
Iteration 3195: max relative diff=50.000000, 78.78 sec so far
Iteration 3399: max relative diff=50.000000, 83.80 sec so far
Iteration 3603: max relative diff=50.000000, 88.81 sec so far
Iteration 3807: max relative diff=50.000000, 93.83 sec so far
Iteration 4011: max relative diff=50.000000, 98.84 sec so far
Iteration 4215: max relative diff=50.000000, 103.86 sec so far
Iteration 4419: max relative diff=50.000000, 108.86 sec so far
Iteration 4623: max relative diff=50.000000, 113.87 sec so far
Iteration 4827: max relative diff=50.000000, 118.88 sec so far
Iteration 5031: max relative diff=50.000000, 123.89 sec so far
Iteration 5235: max relative diff=50.000000, 128.92 sec so far
Iteration 5439: max relative diff=9.179688, 133.92 sec so far
Iteration 5643: max relative diff=9.179688, 138.94 sec so far
Iteration 5847: max relative diff=9.179688, 143.95 sec so far
Iteration 6051: max relative diff=9.179688, 148.97 sec so far
Iteration 6255: max relative diff=9.179688, 153.98 sec so far
Iteration 6459: max relative diff=9.179688, 158.99 sec so far
Iteration 6663: max relative diff=9.179688, 164.00 sec so far
Iteration 6867: max relative diff=9.179688, 169.02 sec so far
Iteration 7071: max relative diff=9.179688, 174.03 sec so far
Iteration 7275: max relative diff=0.851631, 179.04 sec so far
Iteration 7478: max relative diff=0.851631, 184.05 sec so far
Iteration 7682: max relative diff=0.851631, 189.06 sec so far
Iteration 7886: max relative diff=0.851631, 194.08 sec so far
Iteration 8090: max relative diff=0.851631, 199.09 sec so far
Iteration 8294: max relative diff=0.851631, 204.10 sec so far
Iteration 8498: max relative diff=0.851631, 209.12 sec so far
Iteration 8702: max relative diff=0.851631, 214.14 sec so far
Iteration 8906: max relative diff=0.851631, 219.15 sec so far
Iteration 9110: max relative diff=0.039504, 224.17 sec so far
Iteration 9314: max relative diff=0.039504, 229.17 sec so far
Iteration 9518: max relative diff=0.039504, 234.18 sec so far
Iteration 9722: max relative diff=0.039504, 239.19 sec so far
Iteration 9926: max relative diff=0.039504, 244.22 sec so far
Iteration 10130: max relative diff=0.039504, 249.23 sec so far
Iteration 10334: max relative diff=0.039504, 254.25 sec so far
Iteration 10538: max relative diff=0.039504, 259.26 sec so far
Iteration 10742: max relative diff=0.039504, 264.27 sec so far
Iteration 10946: max relative diff=0.000921, 269.29 sec so far
Iteration 11150: max relative diff=0.000921, 274.31 sec so far
Iteration 11354: max relative diff=0.000921, 279.32 sec so far
Iteration 11558: max relative diff=0.000921, 284.34 sec so far
Iteration 11762: max relative diff=0.000921, 289.36 sec so far
Iteration 11966: max relative diff=0.000921, 294.37 sec so far
Iteration 12170: max relative diff=0.000921, 299.39 sec so far
Iteration 12373: max relative diff=0.000921, 304.39 sec so far
Iteration 12577: max relative diff=0.000921, 309.40 sec so far
Iteration 12781: max relative diff=0.000021, 314.42 sec so far
Iteration 12985: max relative diff=0.000021, 319.43 sec so far
Iteration 13189: max relative diff=0.000021, 324.45 sec so far
Iteration 13393: max relative diff=0.000021, 329.47 sec so far
Iteration 13597: max relative diff=0.000021, 334.48 sec so far
Iteration 13801: max relative diff=0.000021, 339.50 sec so far
Iteration 14005: max relative diff=0.000021, 344.51 sec so far
Iteration 14209: max relative diff=0.000021, 349.53 sec so far
Iteration 14413: max relative diff=0.000019, 354.54 sec so far

First round (updates from below) finished after 14421 iters.Iteration 14590: max relative diff=645.000000, 359.55 sec so far
Iteration 14766: max relative diff=645.000000, 364.57 sec so far
Iteration 14942: max relative diff=645.000000, 369.58 sec so far
Iteration 15118: max relative diff=645.000000, 374.59 sec so far
Iteration 15294: max relative diff=645.000000, 379.60 sec so far
Iteration 15470: max relative diff=645.000000, 384.61 sec so far
Iteration 15646: max relative diff=645.000000, 389.62 sec so far
Iteration 15821: max relative diff=645.000000, 394.64 sec so far
Iteration 15997: max relative diff=645.000000, 399.64 sec so far
Iteration 16173: max relative diff=645.000000, 404.64 sec so far
Iteration 16350: max relative diff=147.076545, 409.66 sec so far
Iteration 16529: max relative diff=147.076545, 414.67 sec so far
Iteration 16710: max relative diff=147.076545, 419.68 sec so far
Iteration 16893: max relative diff=147.076545, 424.70 sec so far
Iteration 17079: max relative diff=147.076545, 429.72 sec so far
Iteration 17267: max relative diff=147.076545, 434.73 sec so far
Iteration 17457: max relative diff=147.076545, 439.75 sec so far
Iteration 17649: max relative diff=147.076545, 444.75 sec so far
Iteration 17843: max relative diff=147.076545, 449.75 sec so far
Iteration 18040: max relative diff=14.901715, 454.77 sec so far
Iteration 18239: max relative diff=14.901715, 459.78 sec so far
Iteration 18439: max relative diff=14.901715, 464.80 sec so far
Iteration 18639: max relative diff=14.901715, 469.82 sec so far
Iteration 18838: max relative diff=14.901715, 474.83 sec so far
Iteration 19037: max relative diff=14.901715, 479.84 sec so far
Iteration 19236: max relative diff=14.901715, 484.85 sec so far
Iteration 19435: max relative diff=14.901715, 489.86 sec so far
Iteration 19634: max relative diff=14.901715, 494.86 sec so far
Iteration 19833: max relative diff=1.829809, 499.87 sec so far
Iteration 20032: max relative diff=1.829809, 504.88 sec so far
Iteration 20231: max relative diff=1.829809, 509.89 sec so far
Iteration 20430: max relative diff=1.829809, 514.90 sec so far
Iteration 20629: max relative diff=1.829809, 519.90 sec so far
Iteration 20828: max relative diff=1.829809, 524.91 sec so far
Iteration 21027: max relative diff=1.829809, 529.91 sec so far
Iteration 21226: max relative diff=1.829809, 534.91 sec so far
Iteration 21426: max relative diff=1.829809, 539.94 sec so far
Iteration 21625: max relative diff=0.737910, 544.95 sec so far
Iteration 21824: max relative diff=0.131710, 549.96 sec so far
Iteration 22023: max relative diff=0.131710, 554.96 sec so far
Iteration 22223: max relative diff=0.131710, 559.99 sec so far
Iteration 22423: max relative diff=0.131710, 565.01 sec so far
Iteration 22613: max relative diff=0.131710, 570.02 sec so far
Iteration 22812: max relative diff=0.131710, 575.03 sec so far
Iteration 23011: max relative diff=0.131710, 580.04 sec so far
Iteration 23211: max relative diff=0.131710, 585.06 sec so far
Iteration 23410: max relative diff=0.131710, 590.06 sec so far
Iteration 23609: max relative diff=0.005993, 595.07 sec so far
Iteration 23808: max relative diff=0.005993, 600.07 sec so far
Iteration 24007: max relative diff=0.005993, 605.09 sec so far
Iteration 24207: max relative diff=0.005993, 610.11 sec so far
Iteration 24406: max relative diff=0.005993, 615.12 sec so far
Iteration 24605: max relative diff=0.005993, 620.12 sec so far
Iteration 24804: max relative diff=0.005993, 625.12 sec so far
Iteration 25003: max relative diff=0.005993, 630.13 sec so far
Iteration 25202: max relative diff=0.005993, 635.14 sec so far
Iteration 25401: max relative diff=0.000124, 640.14 sec so far
Iteration 25600: max relative diff=0.000124, 645.15 sec so far
Iteration 25799: max relative diff=0.000124, 650.15 sec so far
Iteration 25998: max relative diff=0.000124, 655.16 sec so far
Iteration 26197: max relative diff=0.000124, 660.17 sec so far
Iteration 26396: max relative diff=0.000124, 665.18 sec so far
Iteration 26595: max relative diff=0.000124, 670.19 sec so far
Iteration 26794: max relative diff=0.000124, 675.19 sec so far
Iteration 26993: max relative diff=0.000124, 680.20 sec so far
Iteration 27192: max relative diff=0.000003, 685.21 sec so far
Iteration 27391: max relative diff=0.000003, 690.21 sec so far
Iteration 27590: max relative diff=0.000003, 695.22 sec so far
Iteration 27790: max relative diff=0.000003, 700.24 sec so far
Iteration 27989: max relative diff=0.000003, 705.24 sec so far
Iteration 28188: max relative diff=0.000003, 710.25 sec so far
Iteration 28387: max relative diff=0.000003, 715.25 sec so far
Iteration 28587: max relative diff=0.000003, 720.27 sec so far
Iteration 28786: max relative diff=0.000003, 725.29 sec so far

Second round (updates from above) finished after 28842 iters.
Update from both sides... 
Iteration 28950: max relative diff=0.000955, 730.32 sec so far
Iteration 29100: max relative diff=0.000872, 735.35 sec so far
Iteration 29250: max relative diff=0.000790, 740.38 sec so far
Iteration 29400: max relative diff=0.000707, 745.41 sec so far
Iteration 29550: max relative diff=0.000624, 750.44 sec so far
Iteration 29700: max relative diff=0.000542, 755.47 sec so far
Iteration 29850: max relative diff=0.000459, 760.50 sec so far
Iteration 30000: max relative diff=0.000377, 765.53 sec so far
Iteration 30150: max relative diff=0.000294, 770.56 sec so far
Iteration 30300: max relative diff=0.000211, 775.59 sec so far
Iteration 30450: max relative diff=0.000129, 780.62 sec so far
Iteration 30599: max relative diff=0.000047, 785.62 sec so far
Iteration 30749: max relative diff=0.000022, 790.65 sec so far
Iteration 30899: max relative diff=0.000020, 795.67 sec so far
Iteration 31049: max relative diff=0.000018, 800.70 sec so far
Iteration 31199: max relative diff=0.000017, 805.73 sec so far
Iteration 31349: max relative diff=0.000015, 810.76 sec so far
Iteration 31499: max relative diff=0.000013, 815.79 sec so far
Iteration 31648: max relative diff=0.000011, 820.80 sec so far
Iteration 31798: max relative diff=0.000009, 825.83 sec so far
Iteration 31948: max relative diff=0.000007, 830.86 sec so far
Iteration 32098: max relative diff=0.000005, 835.89 sec so far
Iteration 32247: max relative diff=0.000003, 840.89 sec so far
Iteration 32396: max relative diff=0.000001, 845.90 sec so far
Max relative diff between upper and lower bound on convergence: 4.94066E-324

Number of iterations for the lower bound = 17989

Iterative method: 32410 iterations in 846.37 seconds (average 0.026114, setup 4.25)
Maximum finite value in solution vector at end of interval iteration: 290387.1663895126

Value in the initial state: 290387.1663895126

Time for model checking: 1126.129 seconds.

Result: 290387.1663895126 (value in the initial state)

---------------------------------------------------------------------

Note: There were 2 warnings during computation.

