PRISM
=====

Version: 4.4
Date: Fri Feb 19 19:08:34 IRST 2021
Hostname: sadegh-H81M-S2PH
Memory limits: cudd=1g, java(heap)=910.5m
Command line: prism ../../examples/mdps/wlan/wlan3.nm ../../examples/mdps/wlan/time_max.pctl -s '-ii:upper=1.2e+12' -backward -maxiters 900500 -const COL=5 -const TRANS_TIME_MAX=700

Parsing model file "../../examples/mdps/wlan/wlan3.nm"...

Parsing properties file "../../examples/mdps/wlan/time_max.pctl"...

1 property:
(1) "time_max": R{"time"}max=? [ F s1=12&s2=12 ]

Type:        MDP
Modules:     medium station1 station2 
Variables:   col c1 c2 x1 s1 slot1 backoff1 bc1 x2 s2 slot2 backoff2 bc2 

---------------------------------------------------------------------

Model checking: "time_max": R{"time"}max=? [ F s1=12&s2=12 ]
Model constants: COL=5,TRANS_TIME_MAX=700

Warning: Not Switching to explicit engine, We implemented the emthods for sparse engine.

Building model...
Model constants: COL=5,TRANS_TIME_MAX=700

Computing reachable states...

Reachability (BFS): 842 iterations in 17.20 seconds (average 0.020424, setup 0.00)

Time for model construction: 19.856 seconds.

Type:        MDP
States:      749913 (1 initial)
Transitions: 1535996
Choices:     1366016

Transition matrix: 309352 nodes (6 terminal), 1535996 minterms, vars: 53r/53c/7nd

Prob0E: 2540 iterations in 60.56 seconds (average 0.023844, setup 0.00)

Prob1A: 1 iterations in 0.04 seconds (average 0.041000, setup 0.00)

goal = 6, inf = 0, maybe = 749907

Warning: Upper bound for interval iteration manually set to 1.2E12

Computing remaining rewards...
 6
Building sparse matrix (transitions)... [n=749913, nc=1366010, nnz=1535990, k=3] [25.6 MB]
Building sparse matrix (transition rewards)... [n=749913, nc=1366010, nnz=600434, k=3] [14.9 MB]
Creating vector for state rewards... [5.7 MB]
Creating vector for inf... [5.7 MB]
Creating vector for lower bounds... [5.7 MB]
Creating vector for upper bounds... [5.7 MB]
Allocating iteration vectors... [4 x 5.7 MB]
TOTAL: [86.4 MB]

Starting iterations (interval iteration)...

Time for state ordering: 0.017000


Iters: 500 , Maximum difference of values of bel_vec: 50 & Maximum difference of values of abov_vec: 1.2E+12 
Iters: 1000 , Maximum difference of values of bel_vec: 50 & Maximum difference of values of abov_vec: 1.2E+12 
Iters: 1500 , Maximum difference of values of bel_vec: 50 & Maximum difference of values of abov_vec: 8.48438E+11 
Iters: 2000 , Maximum difference of values of bel_vec: 50 & Maximum difference of values of abov_vec: 8.48438E+11 
Iters: 2500 , Maximum difference of values of bel_vec: 9.17969 & Maximum difference of values of abov_vec: 9.49173E+10 
Iters: 3000 , Maximum difference of values of bel_vec: 0.851631 & Maximum difference of values of abov_vec: 5.36343E+09 
Iters: 3500 , Maximum difference of values of bel_vec: 0.841618 & Maximum difference of values of abov_vec: 5.36343E+09 
Iters: 4000 , Maximum difference of values of bel_vec: 0.0395044 & Maximum difference of values of abov_vec: 2.82189E+08 
Iters: 4500 , Maximum difference of values of bel_vec: 0.000921062 & Maximum difference of values of abov_vec: 5.89648E+06 
Iters: 5000 , Maximum difference of values of bel_vec: 2.1475E-05 & Maximum difference of values of abov_vec: 121846 
Iters: 5500 , Maximum difference of values of bel_vec: 2.1475E-05 & Maximum difference of values of abov_vec: 121846 
Iters: 6000 , Maximum difference of values of bel_vec: 5.00761E-07 & Maximum difference of values of abov_vec: 2494.84 
Iters: 6500 , Maximum difference of values of bel_vec: 1.17288E-08 & Maximum difference of values of abov_vec: 51.0342 
Iters: 7000 , Maximum difference of values of bel_vec: 1.17143E-08 & Maximum difference of values of abov_vec: 51.0342 
Iters: 7500 , Maximum difference of values of bel_vec: 3.34694E-10 & Maximum difference of values of abov_vec: 1.16555 
Iters: 8000 , Maximum difference of values of bel_vec: 5.82077E-11 & Maximum difference of values of abov_vec: 0.0262347 
Iters: 8500 , Maximum difference of values of bel_vec: 4.36557E-11 & Maximum difference of values of abov_vec: 0.000580759 
Iters: 9000 , Maximum difference of values of bel_vec: 1.45519E-11 & Maximum difference of values of abov_vec: 0.000580759 
Iters: 9500 , Maximum difference of values of bel_vec: 0 & Maximum difference of values of abov_vec: 1.26818E-05 
Iters: 10000 , Maximum difference of values of bel_vec: 0 & Maximum difference of values of abov_vec: 2.7378E-07 
Iters: 10500 , Maximum difference of values of bel_vec: 0 & Maximum difference of values of abov_vec: 2.7378E-07 Max relative diff between upper and lower bound on convergence: 7.69636E-07
Iterative method: 10545 iterations in 230.42 seconds (average 0.021851, setup 1.73)
Maximum finite value in solution vector at end of interval iteration: 117890.71366080415

Value in the initial state: 114308.22369246496

Time for model checking: 292.956 seconds.

Result: 114308.22369246496 (value in the initial state)

---------------------------------------------------------------------

Note: There were 2 warnings during computation.

