PRISM
=====

Version: 4.4
Date: Fri Feb 19 20:24:32 IRST 2021
Hostname: sadegh-H81M-S2PH
Memory limits: cudd=1g, java(heap)=910.5m
Command line: prism ../../examples/mdps/wlan/wlan3.nm ../../examples/mdps/wlan/time_max.pctl -s '-ii:upper=133670' -asynchii -maxiters 900500 -const COL=5 -const TRANS_TIME_MAX=800

Parsing model file "../../examples/mdps/wlan/wlan3.nm"...

Parsing properties file "../../examples/mdps/wlan/time_max.pctl"...

1 property:
(1) "time_max": R{"time"}max=? [ F s1=12&s2=12 ]

Type:        MDP
Modules:     medium station1 station2 
Variables:   col c1 c2 x1 s1 slot1 backoff1 bc1 x2 s2 slot2 backoff2 bc2 

---------------------------------------------------------------------

Model checking: "time_max": R{"time"}max=? [ F s1=12&s2=12 ]
Model constants: COL=5,TRANS_TIME_MAX=800

Warning: Not Switching to explicit engine, We implemented the emthods for sparse engine.

Building model...
Model constants: COL=5,TRANS_TIME_MAX=800

Computing reachable states...

Reachability (BFS): 942 iterations in 22.30 seconds (average 0.023672, setup 0.00)

Time for model construction: 25.811 seconds.

Type:        MDP
States:      829413 (1 initial)
Transitions: 1696496
Choices:     1526516

Transition matrix: 346647 nodes (6 terminal), 1696496 minterms, vars: 53r/53c/7nd

Prob0E: 2840 iterations in 74.68 seconds (average 0.026295, setup 0.00)

Prob1A: 1 iterations in 0.05 seconds (average 0.047000, setup 0.00)

goal = 6, inf = 0, maybe = 829407

Warning: Upper bound for interval iteration manually set to 133670.0

Computing remaining rewards...
 8
Building sparse matrix (transitions)... [n=829413, nc=1526510, nnz=1696490, k=3] [28.4 MB]
Building sparse matrix (transition rewards)... [n=829413, nc=1526510, nnz=678934, k=3] [16.8 MB]
Creating vector for state rewards... [6.3 MB]
Creating vector for inf... [6.3 MB]
Creating vector for lower bounds... [6.3 MB]
Creating vector for upper bounds... [6.3 MB]
Allocating iteration vectors... [4 x 6.3 MB]
TOTAL: [95.8 MB]

Starting iterations (interval iteration)...

 Time for pre-computation	: 0.023000 
		 >> 829407 after 0 iters << 
Iteration 452: max relative diff=1.000000, 4.99 sec so far
Iteration 912: max relative diff=1.000000, 9.99 sec so far
Iteration 1372: max relative diff=1.000000, 15.00 sec so far
Iteration 1831: max relative diff=1.000000, 20.01 sec so far
Iteration 2290: max relative diff=1.000000, 25.01 sec so far
Iteration 2686: max relative diff=133670.000000, 30.01 sec so far
Iteration 3062: max relative diff=133670.000000, 35.02 sec so far
Iteration 3439: max relative diff=133670.000000, 40.03 sec so far
Iteration 3815: max relative diff=133670.000000, 45.04 sec so far
Iteration 4191: max relative diff=132885.416762, 50.05 sec so far
Iteration 4567: max relative diff=133309.120483, 55.05 sec so far
Iteration 4943: max relative diff=25789.414062, 60.06 sec so far
Iteration 5319: max relative diff=29240.976562, 65.06 sec so far
Iteration 5695: max relative diff=9665.652225, 70.06 sec so far
Iteration 6071: max relative diff=9985.865543, 75.06 sec so far
Iteration 6433: max relative diff=7949.828034, 80.06 sec so far
Iteration 6640: max relative diff=6068.306059, 85.07 sec so far
Iteration 6847: max relative diff=4176.331191, 90.07 sec so far
Iteration 7055: max relative diff=2275.216348, 95.10 sec so far
Iteration 7263: max relative diff=672.761918, 100.11 sec so far
Iteration 7470: max relative diff=498.520587, 105.12 sec so far
Iteration 7677: max relative diff=323.838939, 110.12 sec so far
Iteration 7884: max relative diff=147.741948, 115.13 sec so far
Iteration 8091: max relative diff=29.592348, 120.13 sec so far
Iteration 8298: max relative diff=21.419388, 125.14 sec so far
Iteration 8505: max relative diff=13.246428, 130.15 sec so far
Iteration 8713: max relative diff=5.033984, 135.17 sec so far
Iteration 8920: max relative diff=0.666245, 140.18 sec so far
Iteration 9127: max relative diff=0.475689, 145.19 sec so far
Iteration 9334: max relative diff=0.285132, 150.20 sec so far
Iteration 9541: max relative diff=0.094576, 155.21 sec so far
Iteration 9748: max relative diff=0.015002, 160.22 sec so far
Iteration 9955: max relative diff=0.010559, 165.23 sec so far
Iteration 10162: max relative diff=0.006117, 170.24 sec so far
Iteration 10369: max relative diff=0.001674, 175.25 sec so far
Iteration 10576: max relative diff=0.000337, 180.26 sec so far
Iteration 10783: max relative diff=0.000234, 185.26 sec so far
Iteration 10990: max relative diff=0.000130, 190.27 sec so far
Iteration 11197: max relative diff=0.000027, 195.27 sec so far
Iteration 11404: max relative diff=0.000008, 200.29 sec so far
Iteration 11611: max relative diff=0.000005, 205.30 sec so far
Iteration 11818: max relative diff=0.000003, 210.31 sec so far
Max relative diff between upper and lower bound on convergence: 9.97024E-07
LowItr:7956 , UpItr:9565 

Iterative method: 11968 iterations in 213.94 seconds (average 0.017876, setup 1.99)
Maximum finite value in solution vector at end of interval iteration: 133010.07374077445

Value in the initial state: 130315.40030049192

Time for model checking: 290.987 seconds.

Result: 130315.40030049192 (value in the initial state)

---------------------------------------------------------------------

Note: There were 2 warnings during computation.

