PRISM
=====

Version: 4.4
Date: Fri Feb 19 16:51:20 IRST 2021
Hostname: sadegh-H81M-S2PH
Memory limits: cudd=1g, java(heap)=910.5m
Command line: prism ../../examples/mdps/wlan/wlan3.nm ../../examples/mdps/wlan/time_max.pctl -s '-ii:upper=42470' -asynchii -maxiters 900500 -const COL=5 -const TRANS_TIME_MAX=200

Parsing model file "../../examples/mdps/wlan/wlan3.nm"...

Parsing properties file "../../examples/mdps/wlan/time_max.pctl"...

1 property:
(1) "time_max": R{"time"}max=? [ F s1=12&s2=12 ]

Type:        MDP
Modules:     medium station1 station2 
Variables:   col c1 c2 x1 s1 slot1 backoff1 bc1 x2 s2 slot2 backoff2 bc2 

---------------------------------------------------------------------

Model checking: "time_max": R{"time"}max=? [ F s1=12&s2=12 ]
Model constants: COL=5,TRANS_TIME_MAX=200

Warning: Not Switching to explicit engine, We implemented the emthods for sparse engine.

Building model...
Model constants: COL=5,TRANS_TIME_MAX=200

Computing reachable states...

Reachability (BFS): 342 iterations in 2.91 seconds (average 0.008512, setup 0.00)

Time for model construction: 3.352 seconds.

Type:        MDP
States:      352413 (1 initial)
Transitions: 733496
Choices:     563516

Transition matrix: 101743 nodes (6 terminal), 733496 minterms, vars: 49r/49c/7nd

Prob0E: 1040 iterations in 14.61 seconds (average 0.014046, setup 0.00)

Prob1A: 1 iterations in 0.01 seconds (average 0.013000, setup 0.00)

goal = 6, inf = 0, maybe = 352407

Warning: Upper bound for interval iteration manually set to 42470.0

Computing remaining rewards...
 8
Building sparse matrix (transitions)... [n=352413, nc=563510, nnz=733490, k=3] [11.9 MB]
Building sparse matrix (transition rewards)... [n=352413, nc=563510, nnz=207934, k=3] [5.9 MB]
Creating vector for state rewards... [2.7 MB]
Creating vector for inf... [2.7 MB]
Creating vector for lower bounds... [2.7 MB]
Creating vector for upper bounds... [2.7 MB]
Allocating iteration vectors... [4 x 2.7 MB]
TOTAL: [39.3 MB]

Starting iterations (interval iteration)...

 Time for pre-computation	: 0.013000 
		 >> 352407 after 0 iters << 
Iteration 789: max relative diff=42470.000000, 4.99 sec so far
Iteration 1609: max relative diff=2679.779879, 9.99 sec so far
Iteration 2079: max relative diff=5.748995, 15.00 sec so far
Iteration 2626: max relative diff=0.000154, 20.00 sec so far
Max relative diff between upper and lower bound on convergence: 9.95657E-07
LowItr:1959 , UpItr:2176 

Iterative method: 2971 iterations in 23.70 seconds (average 0.007975, setup 0.60)
Maximum finite value in solution vector at end of interval iteration: 42293.91326083764

Value in the initial state: 34274.96561814559

Time for model checking: 39.026 seconds.

Result: 34274.96561814559 (value in the initial state)

---------------------------------------------------------------------

Note: There were 2 warnings during computation.

