PRISM
=====

Version: 4.4
Date: Fri Feb 19 18:22:04 IRST 2021
Hostname: sadegh-H81M-S2PH
Memory limits: cudd=1g, java(heap)=910.5m
Command line: prism ../../examples/mdps/wlan/wlan3.nm ../../examples/mdps/wlan/time_max.pctl -s '-ii:upper=1.2e+12' -backward -maxiters 900500 -const COL=5 -const TRANS_TIME_MAX=600

Parsing model file "../../examples/mdps/wlan/wlan3.nm"...

Parsing properties file "../../examples/mdps/wlan/time_max.pctl"...

1 property:
(1) "time_max": R{"time"}max=? [ F s1=12&s2=12 ]

Type:        MDP
Modules:     medium station1 station2 
Variables:   col c1 c2 x1 s1 slot1 backoff1 bc1 x2 s2 slot2 backoff2 bc2 

---------------------------------------------------------------------

Model checking: "time_max": R{"time"}max=? [ F s1=12&s2=12 ]
Model constants: COL=5,TRANS_TIME_MAX=600

Warning: Not Switching to explicit engine, We implemented the emthods for sparse engine.

Building model...
Model constants: COL=5,TRANS_TIME_MAX=600

Computing reachable states...

Reachability (BFS): 742 iterations in 13.92 seconds (average 0.018757, setup 0.00)

Time for model construction: 16.076 seconds.

Type:        MDP
States:      670413 (1 initial)
Transitions: 1375496
Choices:     1205516

Transition matrix: 271942 nodes (6 terminal), 1375496 minterms, vars: 53r/53c/7nd

Prob0E: 2240 iterations in 50.09 seconds (average 0.022364, setup 0.00)

Prob1A: 1 iterations in 0.04 seconds (average 0.036000, setup 0.00)

goal = 6, inf = 0, maybe = 670407

Warning: Upper bound for interval iteration manually set to 1.2E12

Computing remaining rewards...
 6
Building sparse matrix (transitions)... [n=670413, nc=1205510, nnz=1375490, k=3] [22.9 MB]
Building sparse matrix (transition rewards)... [n=670413, nc=1205510, nnz=521934, k=3] [13.1 MB]
Creating vector for state rewards... [5.1 MB]
Creating vector for inf... [5.1 MB]
Creating vector for lower bounds... [5.1 MB]
Creating vector for upper bounds... [5.1 MB]
Allocating iteration vectors... [4 x 5.1 MB]
TOTAL: [76.9 MB]

Starting iterations (interval iteration)...

Time for state ordering: 0.017000


Iters: 500 , Maximum difference of values of bel_vec: 50 & Maximum difference of values of abov_vec: 1.2E+12 
Iters: 1000 , Maximum difference of values of bel_vec: 50 & Maximum difference of values of abov_vec: 1.2E+12 
Iters: 1500 , Maximum difference of values of bel_vec: 50 & Maximum difference of values of abov_vec: 8.48438E+11 
Iters: 2000 , Maximum difference of values of bel_vec: 9.17969 & Maximum difference of values of abov_vec: 9.49173E+10 
Iters: 2500 , Maximum difference of values of bel_vec: 0.851631 & Maximum difference of values of abov_vec: 5.36343E+09 
Iters: 3000 , Maximum difference of values of bel_vec: 0.841618 & Maximum difference of values of abov_vec: 5.36343E+09 
Iters: 3500 , Maximum difference of values of bel_vec: 0.0395044 & Maximum difference of values of abov_vec: 2.82189E+08 
Iters: 4000 , Maximum difference of values of bel_vec: 0.000921062 & Maximum difference of values of abov_vec: 5.89648E+06 
Iters: 4500 , Maximum difference of values of bel_vec: 2.1475E-05 & Maximum difference of values of abov_vec: 121846 
Iters: 5000 , Maximum difference of values of bel_vec: 5.00746E-07 & Maximum difference of values of abov_vec: 2494.89 
Iters: 5500 , Maximum difference of values of bel_vec: 1.17288E-08 & Maximum difference of values of abov_vec: 51.0342 
Iters: 6000 , Maximum difference of values of bel_vec: 1.17143E-08 & Maximum difference of values of abov_vec: 51.0342 
Iters: 6500 , Maximum difference of values of bel_vec: 3.20142E-10 & Maximum difference of values of abov_vec: 1.13391 
Iters: 7000 , Maximum difference of values of bel_vec: 7.27596E-11 & Maximum difference of values of abov_vec: 0.0262347 
Iters: 7500 , Maximum difference of values of bel_vec: 1.45519E-11 & Maximum difference of values of abov_vec: 0.000580759 
Iters: 8000 , Maximum difference of values of bel_vec: 0 & Maximum difference of values of abov_vec: 1.26819E-05 
Iters: 8500 , Maximum difference of values of bel_vec: 0 & Maximum difference of values of abov_vec: 2.73722E-07 
Iters: 9000 , Maximum difference of values of bel_vec: 0 & Maximum difference of values of abov_vec: 2.73722E-07 Max relative diff between upper and lower bound on convergence: 7.69651E-07
Iterative method: 9045 iterations in 178.47 seconds (average 0.019731, setup 1.49)
Maximum finite value in solution vector at end of interval iteration: 102771.35358081413

Value in the initial state: 98301.04708357104

Time for model checking: 230.413 seconds.

Result: 98301.04708357104 (value in the initial state)

---------------------------------------------------------------------

Note: There were 2 warnings during computation.

