PRISM
=====

Version: 4.4
Date: Sat Feb 20 14:15:05 IRST 2021
Hostname: sadegh-H81M-S2PH
Memory limits: cudd=1g, java(heap)=910.5m
Command line: prism ../../examples/mdps/wlan/wlan3.nm ../../examples/mdps/wlan/time_max.pctl -s -improvedbk -maxiters 14423 -epsilon 1e-10 -const COL=5 -const TRANS_TIME_MAX=1600

Parsing model file "../../examples/mdps/wlan/wlan3.nm"...

Parsing properties file "../../examples/mdps/wlan/time_max.pctl"...

1 property:
(1) "time_max": R{"time"}max=? [ F s1=12&s2=12 ]

Type:        MDP
Modules:     medium station1 station2 
Variables:   col c1 c2 x1 s1 slot1 backoff1 bc1 x2 s2 slot2 backoff2 bc2 

---------------------------------------------------------------------

Model checking: "time_max": R{"time"}max=? [ F s1=12&s2=12 ]
Model constants: COL=5,TRANS_TIME_MAX=1600

Warning: Not Switching to explicit engine, We implemented the emthods for sparse engine.

Building model...
Model constants: COL=5,TRANS_TIME_MAX=1600

Computing reachable states...

Reachability (BFS): 1742 iterations in 69.42 seconds (average 0.039849, setup 0.00)

Time for model construction: 90.659 seconds.

Type:        MDP
States:      1465413 (1 initial)
Transitions: 2980496
Choices:     2810516

Transition matrix: 671459 nodes (6 terminal), 2980496 minterms, vars: 55r/55c/7nd

Prob0E: 5240 iterations in 228.63 seconds (average 0.043632, setup 0.00)

Prob1A: 1 iterations in 0.09 seconds (average 0.094000, setup 0.00)

goal = 6, inf = 0, maybe = 1465407

Computing remaining rewards...

Building sparse matrix (transitions)... [n=1465413, nc=2810510, nnz=2980490, k=3] [50.4 MB]
Building sparse matrix (transition rewards)... [n=1465413, nc=2810510, nnz=1306934, k=3] [31.3 MB]
Creating vector for state rewards... [11.2 MB]
Creating vector for inf... [11.2 MB]
Creating vector for lower bounds... [11.2 MB]
Creating vector for upper bounds... [11.2 MB]
Allocating iteration vectors... [4 x 11.2 MB]
TOTAL: [171.1 MB]

Starting iterations (interval iteration)...

 Time for pre-computation: 1.314000 Iteration 177: max relative diff=50.000000, 3.70 sec so far
Iteration 424: max relative diff=50.000000, 8.72 sec so far
Iteration 670: max relative diff=50.000000, 13.72 sec so far
Iteration 917: max relative diff=50.000000, 18.74 sec so far
Iteration 1163: max relative diff=50.000000, 23.75 sec so far
Iteration 1410: max relative diff=50.000000, 28.76 sec so far
Iteration 1656: max relative diff=50.000000, 33.77 sec so far
Iteration 1902: max relative diff=50.000000, 38.77 sec so far
Iteration 2148: max relative diff=50.000000, 43.77 sec so far
Iteration 2394: max relative diff=50.000000, 48.78 sec so far
Iteration 2640: max relative diff=50.000000, 53.78 sec so far
Iteration 2887: max relative diff=50.000000, 58.80 sec so far
Iteration 3134: max relative diff=50.000000, 63.81 sec so far
Iteration 3381: max relative diff=50.000000, 68.83 sec so far
Iteration 3628: max relative diff=50.000000, 73.85 sec so far
Iteration 3874: max relative diff=50.000000, 78.85 sec so far
Iteration 4120: max relative diff=50.000000, 83.85 sec so far
Iteration 4367: max relative diff=50.000000, 88.87 sec so far
Iteration 4613: max relative diff=50.000000, 93.88 sec so far
Iteration 4860: max relative diff=9.179688, 98.90 sec so far
Iteration 5106: max relative diff=9.179688, 103.90 sec so far
Iteration 5352: max relative diff=9.179688, 108.91 sec so far
Iteration 5599: max relative diff=9.179688, 113.93 sec so far
Iteration 5846: max relative diff=9.179688, 118.95 sec so far
Iteration 6092: max relative diff=9.179688, 123.95 sec so far
Iteration 6339: max relative diff=9.179688, 128.97 sec so far
Iteration 6585: max relative diff=0.851631, 133.97 sec so far
Iteration 6832: max relative diff=0.851631, 138.99 sec so far
Iteration 7079: max relative diff=0.851631, 144.00 sec so far
Iteration 7326: max relative diff=0.851631, 149.02 sec so far
Iteration 7572: max relative diff=0.851631, 154.03 sec so far
Iteration 7819: max relative diff=0.851631, 159.05 sec so far
Iteration 8066: max relative diff=0.039504, 164.06 sec so far
Iteration 8312: max relative diff=0.039504, 169.07 sec so far
Iteration 8559: max relative diff=0.039504, 174.07 sec so far
Iteration 8806: max relative diff=0.039504, 179.08 sec so far
Iteration 9052: max relative diff=0.039504, 184.08 sec so far
Iteration 9299: max relative diff=0.039504, 189.10 sec so far
Iteration 9546: max relative diff=0.039504, 194.12 sec so far
Iteration 9793: max relative diff=0.000921, 199.14 sec so far
Iteration 10039: max relative diff=0.000921, 204.14 sec so far
Iteration 10286: max relative diff=0.000921, 209.16 sec so far
Iteration 10532: max relative diff=0.000921, 214.17 sec so far
Iteration 10778: max relative diff=0.000921, 219.17 sec so far
Iteration 11025: max relative diff=0.000921, 224.19 sec so far
Iteration 11271: max relative diff=0.000021, 229.20 sec so far
Iteration 11518: max relative diff=0.000021, 234.21 sec so far
Iteration 11764: max relative diff=0.000021, 239.21 sec so far
Iteration 12011: max relative diff=0.000021, 244.23 sec so far
Iteration 12258: max relative diff=0.000021, 249.25 sec so far
Iteration 12505: max relative diff=0.000021, 254.26 sec so far
Iteration 12752: max relative diff=0.000021, 259.28 sec so far
Iteration 12998: max relative diff=0.000001, 264.28 sec so far
Iteration 13244: max relative diff=0.000001, 269.28 sec so far
Iteration 13490: max relative diff=0.000001, 274.28 sec so far
Iteration 13737: max relative diff=0.000001, 279.30 sec so far
Iteration 13984: max relative diff=0.000001, 284.31 sec so far
Iteration 14231: max relative diff=0.000001, 289.33 sec so far

First round (updates from below) finished after 14422 iters.
Iterative method: 14422 iterations in 293.23 seconds (average 0.020332, setup 3.69)

Value in the initial state: 258372.81315297002

Time for model checking: 527.172 seconds.

Result: 258372.81315297002 (value in the initial state)

---------------------------------------------------------------------

Note: There was 1 warning during computation.

