PRISM
=====

Version: 4.4
Date: Fri Feb 19 17:03:43 IRST 2021
Hostname: sadegh-H81M-S2PH
Memory limits: cudd=1g, java(heap)=910.5m
Command line: prism ../../examples/mdps/wlan/wlan3.nm ../../examples/mdps/wlan/time_max.pctl -s '-ii:upper=1.2e+12' -asynchii -maxiters 900500 -const COL=5 -const TRANS_TIME_MAX=300

Parsing model file "../../examples/mdps/wlan/wlan3.nm"...

Parsing properties file "../../examples/mdps/wlan/time_max.pctl"...

1 property:
(1) "time_max": R{"time"}max=? [ F s1=12&s2=12 ]

Type:        MDP
Modules:     medium station1 station2 
Variables:   col c1 c2 x1 s1 slot1 backoff1 bc1 x2 s2 slot2 backoff2 bc2 

---------------------------------------------------------------------

Model checking: "time_max": R{"time"}max=? [ F s1=12&s2=12 ]
Model constants: COL=5,TRANS_TIME_MAX=300

Warning: Not Switching to explicit engine, We implemented the emthods for sparse engine.

Building model...
Model constants: COL=5,TRANS_TIME_MAX=300

Computing reachable states...

Reachability (BFS): 442 iterations in 4.88 seconds (average 0.011045, setup 0.00)

Time for model construction: 5.614 seconds.

Type:        MDP
States:      431913 (1 initial)
Transitions: 893996
Choices:     724016

Transition matrix: 146418 nodes (6 terminal), 893996 minterms, vars: 51r/51c/7nd

Prob0E: 1340 iterations in 21.54 seconds (average 0.016076, setup 0.00)

Prob1A: 1 iterations in 0.02 seconds (average 0.019000, setup 0.00)

goal = 6, inf = 0, maybe = 431907

Warning: Upper bound for interval iteration manually set to 1.2E12

Computing remaining rewards...
 8
Building sparse matrix (transitions)... [n=431913, nc=724010, nnz=893990, k=3] [14.6 MB]
Building sparse matrix (transition rewards)... [n=431913, nc=724010, nnz=286434, k=3] [7.7 MB]
Creating vector for state rewards... [3.3 MB]
Creating vector for inf... [3.3 MB]
Creating vector for lower bounds... [3.3 MB]
Creating vector for upper bounds... [3.3 MB]
Allocating iteration vectors... [4 x 3.3 MB]
TOTAL: [48.7 MB]

Starting iterations (interval iteration)...

 Time for pre-computation	: 0.013000 
		 >> 431907 after 0 iters << 
Iteration 901: max relative diff=1.000000, 4.99 sec so far
Iteration 1589: max relative diff=1199999999664.767334, 9.99 sec so far
Iteration 2278: max relative diff=20439150818.961849, 15.00 sec so far
Iteration 2967: max relative diff=22282984.501626, 20.00 sec so far
Iteration 3647: max relative diff=3141.845547, 25.01 sec so far
Iteration 4040: max relative diff=182.626822, 30.02 sec so far
Iteration 4432: max relative diff=4.572411, 35.03 sec so far
Iteration 4823: max relative diff=0.026626, 40.03 sec so far
Iteration 5214: max relative diff=0.000121, 45.04 sec so far
Iteration 5606: max relative diff=0.000002, 50.05 sec so far
Max relative diff between upper and lower bound on convergence: 9.92586E-07
LowItr:2947 , UpItr:4773 

Iterative method: 5676 iterations in 50.95 seconds (average 0.008976, setup 0.83)
Maximum finite value in solution vector at end of interval iteration: 57413.273340824926

Value in the initial state: 50281.203196778144

Time for model checking: 73.496 seconds.

Result: 50281.203196778144 (value in the initial state)

---------------------------------------------------------------------

Note: There were 2 warnings during computation.

