PRISM
=====

Version: 4.4
Date: Sat Feb 20 17:58:13 IRST 2021
Hostname: sadegh-H81M-S2PH
Memory limits: cudd=1g, java(heap)=910.5m
Command line: prism ../../examples/mdps/wlan/wlan3.nm ../../examples/mdps/wlan/time_max.pctl -s '-ii:upper=270470' -asynchupper -maxiters 900500 -const COL=5 -const TRANS_TIME_MAX=1700

Parsing model file "../../examples/mdps/wlan/wlan3.nm"...

Parsing properties file "../../examples/mdps/wlan/time_max.pctl"...

1 property:
(1) "time_max": R{"time"}max=? [ F s1=12&s2=12 ]

Type:        MDP
Modules:     medium station1 station2 
Variables:   col c1 c2 x1 s1 slot1 backoff1 bc1 x2 s2 slot2 backoff2 bc2 

---------------------------------------------------------------------

Model checking: "time_max": R{"time"}max=? [ F s1=12&s2=12 ]
Model constants: COL=5,TRANS_TIME_MAX=1700

Warning: Not Switching to explicit engine, We implemented the emthods for sparse engine.

Building model...
Model constants: COL=5,TRANS_TIME_MAX=1700

Computing reachable states...

Reachability (BFS): 1842 iterations in 76.71 seconds (average 0.041644, setup 0.00)

Time for model construction: 101.28 seconds.

Type:        MDP
States:      1544913 (1 initial)
Transitions: 3140996
Choices:     2971016

Transition matrix: 709091 nodes (6 terminal), 3140996 minterms, vars: 55r/55c/7nd

Prob0E: 5540 iterations in 262.35 seconds (average 0.047356, setup 0.00)

Prob1A: 1 iterations in 0.10 seconds (average 0.102000, setup 0.00)

goal = 6, inf = 0, maybe = 1544907

Warning: Upper bound for interval iteration manually set to 270470.0

Computing remaining rewards...
 10
Building sparse matrix (transitions)... [n=1544913, nc=2971010, nnz=3140990, k=3] [53.2 MB]
Building sparse matrix (transition rewards)... [n=1544913, nc=2971010, nnz=1385434, k=3] [33.1 MB]
Creating vector for state rewards... [11.8 MB]
Creating vector for inf... [11.8 MB]
Creating vector for lower bounds... [11.8 MB]
Creating vector for upper bounds... [11.8 MB]
Allocating iteration vectors... [4 x 11.8 MB]
TOTAL: [180.5 MB]

Starting iterations (interval iteration)...

Soln above finished after 17031 iterations, while flag is False.

Checking for lower bound passed after 19 iterations.Iteration 1: max relative diff=1.000000, 497.45 sec so far
Iteration 224: max relative diff=1.000000, 502.46 sec so far
Iteration 447: max relative diff=1.000000, 507.46 sec so far
Iteration 670: max relative diff=1.000000, 512.47 sec so far
Iteration 893: max relative diff=1.000000, 517.49 sec so far
Iteration 1115: max relative diff=1.000000, 522.50 sec so far
Iteration 1338: max relative diff=1.000000, 527.51 sec so far
Iteration 1561: max relative diff=1.000000, 532.53 sec so far
Iteration 1784: max relative diff=1.000000, 537.55 sec so far
Iteration 2007: max relative diff=1.000000, 542.56 sec so far
Iteration 2228: max relative diff=1.000000, 547.57 sec so far
Iteration 2451: max relative diff=1.000000, 552.58 sec so far
Iteration 2674: max relative diff=1.000000, 557.60 sec so far
Iteration 2897: max relative diff=1.000000, 562.61 sec so far
Iteration 3121: max relative diff=1.000000, 567.63 sec so far
Iteration 3344: max relative diff=1.000000, 572.64 sec so far
Iteration 3567: max relative diff=1.000000, 577.65 sec so far
Iteration 3790: max relative diff=1.000000, 582.67 sec so far
Iteration 4013: max relative diff=1.000000, 587.68 sec so far
Iteration 4236: max relative diff=1.000000, 592.71 sec so far
Iteration 4459: max relative diff=1.000000, 597.72 sec so far
Iteration 4682: max relative diff=1.000000, 602.73 sec so far
Iteration 4903: max relative diff=1.000000, 607.74 sec so far
Iteration 5126: max relative diff=1.000000, 612.75 sec so far
Iteration 5349: max relative diff=1.000000, 617.76 sec so far
Iteration 5572: max relative diff=1.000000, 622.78 sec so far
Iteration 5795: max relative diff=1.000000, 627.80 sec so far
Iteration 6018: max relative diff=1.000000, 632.82 sec so far
Iteration 6241: max relative diff=1.000000, 637.83 sec so far
Iteration 6463: max relative diff=1.000000, 642.84 sec so far
Iteration 6686: max relative diff=1.000000, 647.85 sec so far
Iteration 6909: max relative diff=1.000000, 652.87 sec so far
Iteration 7132: max relative diff=1.000000, 657.87 sec so far
Iteration 7355: max relative diff=1.000000, 662.89 sec so far
Iteration 7576: max relative diff=1.000000, 667.89 sec so far
Iteration 7799: max relative diff=1.000000, 672.90 sec so far
Iteration 8022: max relative diff=1.000000, 677.91 sec so far
Iteration 8245: max relative diff=1.000000, 682.92 sec so far
Iteration 8468: max relative diff=1.000000, 687.93 sec so far
Iteration 8691: max relative diff=1.000000, 692.94 sec so far
Iteration 8914: max relative diff=1.000000, 697.95 sec so far
Iteration 9137: max relative diff=1.000000, 702.96 sec so far
Iteration 9361: max relative diff=1.000000, 707.98 sec so far
Iteration 9584: max relative diff=1.000000, 712.98 sec so far
Iteration 9807: max relative diff=1.000000, 717.99 sec so far
Iteration 10030: max relative diff=1.000000, 723.00 sec so far
Iteration 10251: max relative diff=1.000000, 728.01 sec so far
Iteration 10474: max relative diff=1.000000, 733.02 sec so far
Iteration 10697: max relative diff=1.000000, 738.03 sec so far
Iteration 10920: max relative diff=1.000000, 743.03 sec so far
Iteration 11143: max relative diff=1.000000, 748.04 sec so far
Iteration 11366: max relative diff=1.000000, 753.05 sec so far
Iteration 11589: max relative diff=1.000000, 758.07 sec so far
Iteration 11812: max relative diff=1.000000, 763.09 sec so far
Iteration 12034: max relative diff=1.000000, 768.10 sec so far
Iteration 12257: max relative diff=1.000000, 773.11 sec so far
Iteration 12480: max relative diff=1.000000, 778.12 sec so far
Iteration 12703: max relative diff=1.000000, 783.13 sec so far
Iteration 12924: max relative diff=1.000000, 788.14 sec so far
Iteration 13147: max relative diff=1.000000, 793.15 sec so far
Iteration 13370: max relative diff=1.000000, 798.15 sec so far
Iteration 13592: max relative diff=1.000000, 803.17 sec so far
Iteration 13697: max relative diff=0.000084, 808.19 sec so far
Iteration 13799: max relative diff=0.000078, 813.21 sec so far
Iteration 13901: max relative diff=0.000073, 818.22 sec so far
Iteration 14003: max relative diff=0.000068, 823.23 sec so far
Iteration 14105: max relative diff=0.000063, 828.24 sec so far
Iteration 14207: max relative diff=0.000058, 833.25 sec so far
Iteration 14309: max relative diff=0.000053, 838.26 sec so far
Iteration 14411: max relative diff=0.000048, 843.28 sec so far
Iteration 14513: max relative diff=0.000043, 848.29 sec so far
Iteration 14615: max relative diff=0.000038, 853.30 sec so far
Iteration 14717: max relative diff=0.000033, 858.31 sec so far
Iteration 14819: max relative diff=0.000028, 863.32 sec so far
Iteration 14921: max relative diff=0.000023, 868.33 sec so far
Iteration 15023: max relative diff=0.000018, 873.35 sec so far
Iteration 15125: max relative diff=0.000012, 878.36 sec so far
Iteration 15227: max relative diff=0.000007, 883.38 sec so far
Iteration 15329: max relative diff=0.000002, 888.39 sec so far
Iteration 15431: max relative diff=0.000002, 893.40 sec so far
Iteration 15533: max relative diff=0.000002, 898.42 sec so far
Iteration 15635: max relative diff=0.000002, 903.45 sec so far
Iteration 15737: max relative diff=0.000002, 908.45 sec so far
Iteration 15839: max relative diff=0.000001, 913.47 sec so far
Iteration 15941: max relative diff=0.000001, 918.48 sec so far
Iteration 16043: max relative diff=0.000001, 923.50 sec so far
Iteration 16145: max relative diff=0.000001, 928.51 sec so far
Max relative diff between upper and lower bound on convergence: 9.99949E-07
LowItr:16236 , UpItr:19652  

Iterative method: 16217 iterations in 932.05 seconds (average 0.057474, setup 4.18)
Maximum finite value in solution vector at end of interval iteration: 274379.98978054815

Value in the initial state: 274379.98978054815

Time for model checking: 1199.024 seconds.

Result: 274379.98978054815 (value in the initial state)

---------------------------------------------------------------------

Note: There were 2 warnings during computation.

