PRISM
=====

Version: 4.4
Date: Sat Feb 20 23:57:41 IRST 2021
Hostname: sadegh-H81M-S2PH
Memory limits: cudd=1g, java(heap)=910.5m
Command line: prism ../../examples/mdps/wlan/wlan3.nm ../../examples/mdps/wlan/time_max.pctl -s '-ii:upper=1.2e+12' -asynchii -maxiters 900500 -const COL=5 -const TRANS_TIME_MAX=1800

Parsing model file "../../examples/mdps/wlan/wlan3.nm"...

Parsing properties file "../../examples/mdps/wlan/time_max.pctl"...

1 property:
(1) "time_max": R{"time"}max=? [ F s1=12&s2=12 ]

Type:        MDP
Modules:     medium station1 station2 
Variables:   col c1 c2 x1 s1 slot1 backoff1 bc1 x2 s2 slot2 backoff2 bc2 

---------------------------------------------------------------------

Model checking: "time_max": R{"time"}max=? [ F s1=12&s2=12 ]
Model constants: COL=5,TRANS_TIME_MAX=1800

Warning: Not Switching to explicit engine, We implemented the emthods for sparse engine.

Building model...
Model constants: COL=5,TRANS_TIME_MAX=1800

Computing reachable states...

Reachability (BFS): 1942 iterations in 85.06 seconds (average 0.043802, setup 0.00)

Time for model construction: 113.315 seconds.

Type:        MDP
States:      1624413 (1 initial)
Transitions: 3301496
Choices:     3131516

Transition matrix: 746449 nodes (6 terminal), 3301496 minterms, vars: 55r/55c/7nd

Prob0E: 5840 iterations in 273.43 seconds (average 0.046820, setup 0.00)

Prob1A: 1 iterations in 0.11 seconds (average 0.107000, setup 0.00)

goal = 6, inf = 0, maybe = 1624407

Warning: Upper bound for interval iteration manually set to 1.2E12

Computing remaining rewards...
 8
Building sparse matrix (transitions)... [n=1624413, nc=3131510, nnz=3301490, k=3] [55.9 MB]
Building sparse matrix (transition rewards)... [n=1624413, nc=3131510, nnz=1463934, k=3] [34.9 MB]
Creating vector for state rewards... [12.4 MB]
Creating vector for inf... [12.4 MB]
Creating vector for lower bounds... [12.4 MB]
Creating vector for upper bounds... [12.4 MB]
Allocating iteration vectors... [4 x 12.4 MB]
TOTAL: [190.0 MB]

Starting iterations (interval iteration)...

 Time for pre-computation	: 0.049000 
		 >> 1624407 after 0 iters << 
Iteration 206: max relative diff=1.000000, 4.96 sec so far
Iteration 419: max relative diff=1.000000, 9.96 sec so far
Iteration 632: max relative diff=1.000000, 14.96 sec so far
Iteration 846: max relative diff=1.000000, 19.98 sec so far
Iteration 1059: max relative diff=1.000000, 24.98 sec so far
Iteration 1272: max relative diff=1.000000, 30.00 sec so far
Iteration 1486: max relative diff=1.000000, 35.02 sec so far
Iteration 1699: max relative diff=1.000000, 40.03 sec so far
Iteration 1913: max relative diff=1.000000, 45.05 sec so far
Iteration 2126: max relative diff=1.000000, 50.06 sec so far
Iteration 2339: max relative diff=1.000000, 55.06 sec so far
Iteration 2552: max relative diff=1.000000, 60.06 sec so far
Iteration 2765: max relative diff=1.000000, 65.07 sec so far
Iteration 2979: max relative diff=1.000000, 70.09 sec so far
Iteration 3193: max relative diff=1.000000, 75.11 sec so far
Iteration 3407: max relative diff=1.000000, 80.13 sec so far
Iteration 3620: max relative diff=1.000000, 85.14 sec so far
Iteration 3833: max relative diff=1.000000, 90.15 sec so far
Iteration 4047: max relative diff=1.000000, 95.17 sec so far
Iteration 4254: max relative diff=1.000000, 100.19 sec so far
Iteration 4467: max relative diff=1.000000, 105.19 sec so far
Iteration 4680: max relative diff=1.000000, 110.19 sec so far
Iteration 4893: max relative diff=1.000000, 115.19 sec so far
Iteration 5106: max relative diff=1.000000, 120.20 sec so far
Iteration 5320: max relative diff=1.000000, 125.22 sec so far
Iteration 5516: max relative diff=1200000000000.000000, 130.23 sec so far
Iteration 5702: max relative diff=1200000000000.000000, 135.24 sec so far
Iteration 5888: max relative diff=1200000000000.000000, 140.26 sec so far
Iteration 6073: max relative diff=1200000000000.000000, 145.26 sec so far
Iteration 6259: max relative diff=1200000000000.000000, 150.28 sec so far
Iteration 6445: max relative diff=1200000000000.000000, 155.30 sec so far
Iteration 6631: max relative diff=1200000000000.000000, 160.31 sec so far
Iteration 6817: max relative diff=1200000000000.000000, 165.33 sec so far
Iteration 7003: max relative diff=1200000000000.000000, 170.34 sec so far
Iteration 7189: max relative diff=1200000000000.000000, 175.35 sec so far
Iteration 7375: max relative diff=1200000000000.000000, 180.37 sec so far
Iteration 7561: max relative diff=1200000000000.000000, 185.39 sec so far
Iteration 7747: max relative diff=1200000000000.000000, 190.41 sec so far
Iteration 7933: max relative diff=1200000000000.000000, 195.42 sec so far
Iteration 8119: max relative diff=1200000000000.000000, 200.44 sec so far
Iteration 8304: max relative diff=1200000000000.000000, 205.45 sec so far
Iteration 8490: max relative diff=1200000000000.000000, 210.47 sec so far
Iteration 8676: max relative diff=1200000000000.000000, 215.49 sec so far
Iteration 8862: max relative diff=1200000000000.000000, 220.51 sec so far
Iteration 9048: max relative diff=1199999997889.426514, 225.52 sec so far
Iteration 9234: max relative diff=1199999998098.880859, 230.54 sec so far
Iteration 9420: max relative diff=1199999998308.335205, 235.55 sec so far
Iteration 9606: max relative diff=1199999998518.813965, 240.57 sec so far
Iteration 9792: max relative diff=1199999998735.647461, 245.59 sec so far
Iteration 9978: max relative diff=1199999998952.480957, 250.61 sec so far
Iteration 10164: max relative diff=1199999999169.314453, 255.63 sec so far
Iteration 10350: max relative diff=1199999999386.147949, 260.65 sec so far
Iteration 10535: max relative diff=1199999999601.815674, 265.65 sec so far
Iteration 10721: max relative diff=1199999999818.649170, 270.67 sec so far
Iteration 10907: max relative diff=220312500917.968842, 275.69 sec so far
Iteration 11093: max relative diff=220312502625.390717, 280.70 sec so far
Iteration 11279: max relative diff=220312504332.812592, 285.72 sec so far
Iteration 11465: max relative diff=220312506040.234467, 290.74 sec so far
Iteration 11651: max relative diff=220312507747.656342, 295.75 sec so far
Iteration 11837: max relative diff=220312509455.078217, 300.77 sec so far
Iteration 12023: max relative diff=220312511162.500092, 305.78 sec so far
Iteration 12209: max relative diff=220312512869.921967, 310.80 sec so far
Iteration 12395: max relative diff=220312514577.343842, 315.81 sec so far
Iteration 12581: max relative diff=220312516274.957275, 320.82 sec so far
Iteration 12767: max relative diff=20439164579.125156, 325.85 sec so far
Iteration 12953: max relative diff=20439164737.528553, 330.86 sec so far
Iteration 13139: max relative diff=20439164895.931950, 335.88 sec so far
Iteration 13325: max relative diff=20439165054.335346, 340.89 sec so far
Iteration 13511: max relative diff=20439165212.738743, 345.91 sec so far
Iteration 13696: max relative diff=20439165370.290508, 350.91 sec so far
Iteration 13882: max relative diff=20439165528.693905, 355.93 sec so far
Iteration 14068: max relative diff=20439165687.097301, 360.94 sec so far
Iteration 14254: max relative diff=20439165845.500698, 365.95 sec so far
Iteration 14440: max relative diff=953113061.757055, 370.96 sec so far
Iteration 14626: max relative diff=953113069.143541, 375.97 sec so far
Iteration 14812: max relative diff=953113076.530028, 380.97 sec so far
Iteration 14968: max relative diff=953113082.725145, 386.00 sec so far
Iteration 15111: max relative diff=953113088.404003, 391.01 sec so far
Iteration 15278: max relative diff=953113095.035956, 396.04 sec so far
Iteration 15423: max relative diff=953113100.794238, 401.05 sec so far
Iteration 15601: max relative diff=953113107.863027, 406.07 sec so far
Iteration 15773: max relative diff=953113114.693541, 411.08 sec so far
Iteration 15941: max relative diff=953113121.365206, 416.11 sec so far
Iteration 16103: max relative diff=953113127.798598, 421.13 sec so far
Iteration 16234: max relative diff=22298090.831761, 426.15 sec so far
Iteration 16390: max relative diff=22298090.976581, 431.17 sec so far
Iteration 16545: max relative diff=22298091.120472, 436.19 sec so far
Iteration 16720: max relative diff=22298091.282931, 441.19 sec so far
Iteration 16899: max relative diff=22298091.449102, 446.21 sec so far
Iteration 17076: max relative diff=22298091.613417, 451.23 sec so far
Iteration 17248: max relative diff=22298091.773090, 456.25 sec so far
Iteration 17415: max relative diff=22298091.928122, 461.28 sec so far
Iteration 17567: max relative diff=22298092.069229, 466.31 sec so far
Iteration 17712: max relative diff=22298092.203837, 471.33 sec so far
Iteration 17872: max relative diff=22298092.352370, 476.34 sec so far
Iteration 18042: max relative diff=538927.395696, 481.37 sec so far
Iteration 18204: max relative diff=538927.399211, 486.38 sec so far
Iteration 18368: max relative diff=538927.402770, 491.40 sec so far
Iteration 18513: max relative diff=538927.405917, 496.43 sec so far
Iteration 18662: max relative diff=538927.409150, 501.45 sec so far
Iteration 18831: max relative diff=538927.412818, 506.47 sec so far
Iteration 18994: max relative diff=538927.416355, 511.50 sec so far
Iteration 19141: max relative diff=538927.419545, 516.52 sec so far
Iteration 19292: max relative diff=538927.422822, 521.54 sec so far
Iteration 19458: max relative diff=538927.426425, 526.57 sec so far
Iteration 19621: max relative diff=538927.429962, 531.59 sec so far
Iteration 19763: max relative diff=538927.433043, 536.61 sec so far
Iteration 19916: max relative diff=30275.076515, 541.63 sec so far
Iteration 20079: max relative diff=30275.076598, 546.64 sec so far
Iteration 20236: max relative diff=30275.076678, 551.65 sec so far
Iteration 20390: max relative diff=30275.076756, 556.67 sec so far
Iteration 20552: max relative diff=30275.076838, 561.68 sec so far
Iteration 20710: max relative diff=30275.076918, 566.69 sec so far
Iteration 20877: max relative diff=30275.077003, 571.71 sec so far
Iteration 21052: max relative diff=30275.077092, 576.73 sec so far
Iteration 21215: max relative diff=30275.077174, 581.75 sec so far
Iteration 21384: max relative diff=30275.077260, 586.77 sec so far
Iteration 21535: max relative diff=30275.077337, 591.77 sec so far
Iteration 21657: max relative diff=18159.974046, 596.77 sec so far
Iteration 21744: max relative diff=17370.231628, 601.83 sec so far
Iteration 21838: max relative diff=16507.341004, 606.86 sec so far
Iteration 21926: max relative diff=15699.528505, 611.87 sec so far
Iteration 22014: max relative diff=14891.716006, 616.90 sec so far
Iteration 22089: max relative diff=14203.239444, 621.91 sec so far
Iteration 22171: max relative diff=13450.505070, 626.92 sec so far
Iteration 22267: max relative diff=12569.255071, 631.94 sec so far
Iteration 22360: max relative diff=11715.544135, 636.95 sec so far
Iteration 22446: max relative diff=10926.091011, 641.96 sec so far
Iteration 22525: max relative diff=10200.895699, 647.02 sec so far
Iteration 22601: max relative diff=9503.239450, 652.03 sec so far
Iteration 22684: max relative diff=8741.325389, 657.05 sec so far
Iteration 22772: max relative diff=7933.512890, 662.09 sec so far
Iteration 22858: max relative diff=7144.059766, 667.13 sec so far
Iteration 22944: max relative diff=6354.606642, 672.15 sec so far
Iteration 23019: max relative diff=5666.130080, 677.19 sec so far
Iteration 23097: max relative diff=4950.114456, 682.23 sec so far
Iteration 23187: max relative diff=4123.942582, 687.25 sec so far
Iteration 23285: max relative diff=3224.333208, 692.30 sec so far
Iteration 23384: max relative diff=2315.544147, 697.31 sec so far
Iteration 23484: max relative diff=1567.162075, 702.32 sec so far
Iteration 23583: max relative diff=1483.738079, 707.32 sec so far
Iteration 23683: max relative diff=1399.471417, 712.37 sec so far
Iteration 23783: max relative diff=1315.204754, 717.42 sec so far
Iteration 23883: max relative diff=1230.605350, 722.47 sec so far
Iteration 23982: max relative diff=1146.293865, 727.47 sec so far
Iteration 24082: max relative diff=1061.130749, 732.52 sec so far
Iteration 24182: max relative diff=975.967632, 737.57 sec so far
Iteration 24281: max relative diff=891.656147, 742.57 sec so far
Iteration 24380: max relative diff=807.344662, 747.58 sec so far
Iteration 24480: max relative diff=722.181545, 752.63 sec so far
Iteration 24580: max relative diff=637.018429, 757.68 sec so far
Iteration 24679: max relative diff=552.706944, 762.68 sec so far
Iteration 24778: max relative diff=468.395458, 767.68 sec so far
Iteration 24877: max relative diff=384.083973, 772.69 sec so far
Iteration 24977: max relative diff=298.920857, 777.74 sec so far
Iteration 25077: max relative diff=213.757740, 782.78 sec so far
Iteration 25177: max relative diff=128.594624, 787.83 sec so far
Iteration 25276: max relative diff=71.455955, 792.84 sec so far
Iteration 25376: max relative diff=67.505518, 797.89 sec so far
Iteration 25475: max relative diff=63.594584, 802.89 sec so far
Iteration 25574: max relative diff=59.683651, 807.90 sec so far
Iteration 25673: max relative diff=55.772718, 812.90 sec so far
Iteration 25772: max relative diff=51.861785, 817.90 sec so far
Iteration 25871: max relative diff=47.950852, 822.90 sec so far
Iteration 25970: max relative diff=44.039919, 827.91 sec so far
Iteration 26070: max relative diff=40.089481, 832.95 sec so far
Iteration 26170: max relative diff=36.139044, 838.00 sec so far
Iteration 26269: max relative diff=32.228110, 843.00 sec so far
Iteration 26369: max relative diff=28.277673, 848.04 sec so far
Iteration 26468: max relative diff=24.366740, 853.05 sec so far
Iteration 26568: max relative diff=20.416302, 858.09 sec so far
Iteration 26668: max relative diff=16.465865, 863.13 sec so far
Iteration 26767: max relative diff=12.554932, 868.14 sec so far
Iteration 26867: max relative diff=8.604494, 873.19 sec so far
Iteration 26967: max relative diff=4.654056, 878.24 sec so far
Iteration 27067: max relative diff=1.677300, 883.28 sec so far
Iteration 27167: max relative diff=1.585194, 888.33 sec so far
Iteration 27267: max relative diff=1.493088, 893.38 sec so far
Iteration 27366: max relative diff=1.401903, 898.38 sec so far
Iteration 27466: max relative diff=1.309797, 903.43 sec so far
Iteration 27565: max relative diff=1.218611, 908.43 sec so far
Iteration 27665: max relative diff=1.126505, 913.47 sec so far
Iteration 27765: max relative diff=1.034399, 918.52 sec so far
Iteration 27865: max relative diff=0.942293, 923.57 sec so far
Iteration 27964: max relative diff=0.851108, 928.58 sec so far
Iteration 28064: max relative diff=0.759002, 933.62 sec so far
Iteration 28164: max relative diff=0.666896, 938.67 sec so far
Iteration 28264: max relative diff=0.574789, 943.71 sec so far
Iteration 28359: max relative diff=0.487289, 948.73 sec so far
Iteration 28444: max relative diff=0.408998, 953.76 sec so far
Iteration 28535: max relative diff=0.325182, 958.77 sec so far
Iteration 28622: max relative diff=0.245049, 963.79 sec so far
Iteration 28712: max relative diff=0.162154, 968.83 sec so far
Iteration 28805: max relative diff=0.076495, 973.87 sec so far
Iteration 28892: max relative diff=0.038640, 978.93 sec so far
Iteration 28970: max relative diff=0.036965, 983.93 sec so far
Iteration 29058: max relative diff=0.035075, 988.96 sec so far
Iteration 29152: max relative diff=0.033056, 994.00 sec so far
Iteration 29250: max relative diff=0.030952, 999.05 sec so far
Iteration 29350: max relative diff=0.028804, 1004.09 sec so far
Iteration 29448: max relative diff=0.026700, 1009.13 sec so far
Iteration 29548: max relative diff=0.024552, 1014.17 sec so far
Iteration 29647: max relative diff=0.022426, 1019.19 sec so far
Iteration 29747: max relative diff=0.020279, 1024.21 sec so far
Iteration 29847: max relative diff=0.018131, 1029.26 sec so far
Iteration 29944: max relative diff=0.016048, 1034.28 sec so far
Iteration 30038: max relative diff=0.014029, 1039.29 sec so far
Iteration 30130: max relative diff=0.012054, 1044.34 sec so far
Iteration 30223: max relative diff=0.010056, 1049.40 sec so far
Iteration 30315: max relative diff=0.008081, 1054.42 sec so far
Iteration 30399: max relative diff=0.006277, 1059.46 sec so far
Iteration 30478: max relative diff=0.004580, 1064.51 sec so far
Iteration 30565: max relative diff=0.002712, 1069.55 sec so far
Iteration 30660: max relative diff=0.000919, 1074.58 sec so far
Iteration 30751: max relative diff=0.000873, 1079.60 sec so far
Iteration 30842: max relative diff=0.000827, 1084.64 sec so far
Iteration 30939: max relative diff=0.000779, 1089.67 sec so far
Iteration 31037: max relative diff=0.000730, 1094.71 sec so far
Iteration 31130: max relative diff=0.000683, 1099.75 sec so far
Iteration 31225: max relative diff=0.000636, 1104.77 sec so far
Iteration 31318: max relative diff=0.000589, 1109.82 sec so far
Iteration 31409: max relative diff=0.000544, 1114.87 sec so far
Iteration 31502: max relative diff=0.000497, 1119.90 sec so far
Iteration 31591: max relative diff=0.000452, 1124.96 sec so far
Iteration 31689: max relative diff=0.000403, 1129.96 sec so far
Iteration 31783: max relative diff=0.000356, 1134.98 sec so far
Iteration 31873: max relative diff=0.000311, 1140.02 sec so far
Iteration 31968: max relative diff=0.000264, 1145.05 sec so far
Iteration 32068: max relative diff=0.000214, 1150.10 sec so far
Iteration 32168: max relative diff=0.000163, 1155.14 sec so far
Iteration 32268: max relative diff=0.000113, 1160.16 sec so far
Iteration 32368: max relative diff=0.000063, 1165.19 sec so far
Iteration 32468: max relative diff=0.000021, 1170.23 sec so far
Iteration 32568: max relative diff=0.000020, 1175.26 sec so far
Iteration 32668: max relative diff=0.000019, 1180.29 sec so far
Iteration 32768: max relative diff=0.000018, 1185.32 sec so far
Iteration 32868: max relative diff=0.000017, 1190.36 sec so far
Iteration 32968: max relative diff=0.000016, 1195.37 sec so far
Iteration 33068: max relative diff=0.000014, 1200.41 sec so far
Iteration 33168: max relative diff=0.000013, 1205.43 sec so far
Iteration 33268: max relative diff=0.000012, 1210.46 sec so far
Iteration 33368: max relative diff=0.000011, 1215.49 sec so far
Iteration 33468: max relative diff=0.000010, 1220.53 sec so far
Iteration 33568: max relative diff=0.000009, 1225.55 sec so far
Iteration 33668: max relative diff=0.000007, 1230.59 sec so far
Iteration 33768: max relative diff=0.000006, 1235.62 sec so far
Iteration 33868: max relative diff=0.000005, 1240.65 sec so far
Iteration 33968: max relative diff=0.000004, 1245.68 sec so far
Iteration 34068: max relative diff=0.000003, 1250.72 sec so far
Iteration 34168: max relative diff=0.000002, 1255.75 sec so far
Max relative diff between upper and lower bound on convergence: 9.89647E-07
LowItr:17983 , UpItr:28810 

Iterative method: 34213 iterations in 1258.01 seconds (average 0.036770, setup 4.23)
Maximum finite value in solution vector at end of interval iteration: 290387.16638946364

Value in the initial state: 290387.16638946364

Time for model checking: 1536.22 seconds.

Result: 290387.16638946364 (value in the initial state)

---------------------------------------------------------------------

Note: There were 2 warnings during computation.

