PRISM
=====

Version: 4.4
Date: Fri Feb 19 19:02:12 IRST 2021
Hostname: sadegh-H81M-S2PH
Memory limits: cudd=1g, java(heap)=910.5m
Command line: prism ../../examples/mdps/wlan/wlan3.nm ../../examples/mdps/wlan/time_max.pctl -s '-ii:upper=118470' -asynchupper -maxiters 900500 -const COL=5 -const TRANS_TIME_MAX=700

Parsing model file "../../examples/mdps/wlan/wlan3.nm"...

Parsing properties file "../../examples/mdps/wlan/time_max.pctl"...

1 property:
(1) "time_max": R{"time"}max=? [ F s1=12&s2=12 ]

Type:        MDP
Modules:     medium station1 station2 
Variables:   col c1 c2 x1 s1 slot1 backoff1 bc1 x2 s2 slot2 backoff2 bc2 

---------------------------------------------------------------------

Model checking: "time_max": R{"time"}max=? [ F s1=12&s2=12 ]
Model constants: COL=5,TRANS_TIME_MAX=700

Warning: Not Switching to explicit engine, We implemented the emthods for sparse engine.

Building model...
Model constants: COL=5,TRANS_TIME_MAX=700

Computing reachable states...

Reachability (BFS): 842 iterations in 17.26 seconds (average 0.020498, setup 0.00)

Time for model construction: 19.981 seconds.

Type:        MDP
States:      749913 (1 initial)
Transitions: 1535996
Choices:     1366016

Transition matrix: 309352 nodes (6 terminal), 1535996 minterms, vars: 53r/53c/7nd

Prob0E: 2540 iterations in 61.36 seconds (average 0.024157, setup 0.00)

Prob1A: 1 iterations in 0.04 seconds (average 0.039000, setup 0.00)

goal = 6, inf = 0, maybe = 749907

Warning: Upper bound for interval iteration manually set to 118470.0

Computing remaining rewards...
 10
Building sparse matrix (transitions)... [n=749913, nc=1366010, nnz=1535990, k=3] [25.6 MB]
Building sparse matrix (transition rewards)... [n=749913, nc=1366010, nnz=600434, k=3] [14.9 MB]
Creating vector for state rewards... [5.7 MB]
Creating vector for inf... [5.7 MB]
Creating vector for lower bounds... [5.7 MB]
Creating vector for upper bounds... [5.7 MB]
Allocating iteration vectors... [4 x 5.7 MB]
TOTAL: [86.4 MB]

Starting iterations (interval iteration)...

Soln above finished after 7031 iterations, while flag is True.

Checking for lower bound passed after 19 iterations.Iteration 1: max relative diff=1.000000, 81.08 sec so far
Iteration 528: max relative diff=1.000000, 86.09 sec so far
Iteration 1055: max relative diff=1.000000, 91.09 sec so far
Iteration 1583: max relative diff=1.000000, 96.09 sec so far
Iteration 2112: max relative diff=1.000000, 101.10 sec so far
Iteration 2639: max relative diff=1.000000, 106.11 sec so far
Iteration 3166: max relative diff=1.000000, 111.11 sec so far
Iteration 3692: max relative diff=1.000000, 116.12 sec so far
Iteration 4219: max relative diff=1.000000, 121.12 sec so far
Iteration 4746: max relative diff=1.000000, 126.12 sec so far
Iteration 5273: max relative diff=1.000000, 131.13 sec so far
Iteration 5688: max relative diff=0.000032, 136.15 sec so far
Iteration 5920: max relative diff=0.000021, 141.16 sec so far
Iteration 6152: max relative diff=0.000009, 146.18 sec so far
Max relative diff between upper and lower bound on convergence: 9.24716E-07
LowItr:6321 , UpItr:7734  

Iterative method: 6302 iterations in 149.41 seconds (average 0.023709, setup 1.74)
Maximum finite value in solution vector at end of interval iteration: 117890.7136607851

Value in the initial state: 114308.2236916283

Time for model checking: 212.774 seconds.

Result: 114308.2236916283 (value in the initial state)

---------------------------------------------------------------------

Note: There were 2 warnings during computation.

