PRISM
=====

Version: 4.4
Date: Fri Feb 19 21:39:17 IRST 2021
Hostname: sadegh-H81M-S2PH
Memory limits: cudd=1g, java(heap)=910.5m
Command line: prism ../../examples/mdps/wlan/wlan3.nm ../../examples/mdps/wlan/time_max.pctl -s '-ii:upper=148870' -asynchii -maxiters 900500 -const COL=5 -const TRANS_TIME_MAX=900

Parsing model file "../../examples/mdps/wlan/wlan3.nm"...

Parsing properties file "../../examples/mdps/wlan/time_max.pctl"...

1 property:
(1) "time_max": R{"time"}max=? [ F s1=12&s2=12 ]

Type:        MDP
Modules:     medium station1 station2 
Variables:   col c1 c2 x1 s1 slot1 backoff1 bc1 x2 s2 slot2 backoff2 bc2 

---------------------------------------------------------------------

Model checking: "time_max": R{"time"}max=? [ F s1=12&s2=12 ]
Model constants: COL=5,TRANS_TIME_MAX=900

Warning: Not Switching to explicit engine, We implemented the emthods for sparse engine.

Building model...
Model constants: COL=5,TRANS_TIME_MAX=900

Computing reachable states...

Reachability (BFS): 1042 iterations in 24.86 seconds (average 0.023855, setup 0.00)

Time for model construction: 29.368 seconds.

Type:        MDP
States:      908913 (1 initial)
Transitions: 1856996
Choices:     1687016

Transition matrix: 384237 nodes (6 terminal), 1856996 minterms, vars: 53r/53c/7nd

Prob0E: 3140 iterations in 89.37 seconds (average 0.028461, setup 0.00)

Prob1A: 1 iterations in 0.05 seconds (average 0.052000, setup 0.00)

goal = 6, inf = 0, maybe = 908907

Warning: Upper bound for interval iteration manually set to 148870.0

Computing remaining rewards...
 8
Building sparse matrix (transitions)... [n=908913, nc=1687010, nnz=1856990, k=3] [31.2 MB]
Building sparse matrix (transition rewards)... [n=908913, nc=1687010, nnz=757434, k=3] [18.6 MB]
Creating vector for state rewards... [6.9 MB]
Creating vector for inf... [6.9 MB]
Creating vector for lower bounds... [6.9 MB]
Creating vector for upper bounds... [6.9 MB]
Allocating iteration vectors... [4 x 6.9 MB]
TOTAL: [105.2 MB]

Starting iterations (interval iteration)...

 Time for pre-computation	: 0.027000 
		 >> 908907 after 0 iters << 
Iteration 414: max relative diff=1.000000, 4.98 sec so far
Iteration 835: max relative diff=1.000000, 9.99 sec so far
Iteration 1256: max relative diff=1.000000, 15.00 sec so far
Iteration 1676: max relative diff=1.000000, 20.01 sec so far
Iteration 2097: max relative diff=1.000000, 25.02 sec so far
Iteration 2517: max relative diff=1.000000, 30.02 sec so far
Iteration 2896: max relative diff=148870.000000, 35.02 sec so far
Iteration 3243: max relative diff=148870.000000, 40.04 sec so far
Iteration 3590: max relative diff=148870.000000, 45.05 sec so far
Iteration 3937: max relative diff=148870.000000, 50.06 sec so far
Iteration 4284: max relative diff=148870.000000, 55.08 sec so far
Iteration 4631: max relative diff=147904.313246, 60.09 sec so far
Iteration 4979: max relative diff=148296.195570, 65.10 sec so far
Iteration 5327: max relative diff=148695.643921, 70.10 sec so far
Iteration 5675: max relative diff=29791.757812, 75.11 sec so far
Iteration 6021: max relative diff=32967.929688, 80.12 sec so far
Iteration 6368: max relative diff=10819.522807, 85.13 sec so far
Iteration 6715: max relative diff=11115.038822, 90.14 sec so far
Iteration 7062: max relative diff=11410.554836, 95.15 sec so far
Iteration 7322: max relative diff=8162.027537, 100.17 sec so far
Iteration 7512: max relative diff=6425.432248, 105.18 sec so far
Iteration 7702: max relative diff=4688.836958, 110.18 sec so far
Iteration 7892: max relative diff=2952.241669, 115.19 sec so far
Iteration 8082: max relative diff=1215.646380, 120.19 sec so far
Iteration 8273: max relative diff=670.406130, 125.21 sec so far
Iteration 8463: max relative diff=510.474472, 130.21 sec so far
Iteration 8653: max relative diff=349.430159, 135.22 sec so far
Iteration 8843: max relative diff=187.795239, 140.23 sec so far
Iteration 9033: max relative diff=35.970933, 145.23 sec so far
Iteration 9223: max relative diff=28.469182, 150.24 sec so far
Iteration 9413: max relative diff=20.967431, 155.24 sec so far
Iteration 9604: max relative diff=13.426197, 160.27 sec so far
Iteration 9794: max relative diff=5.924446, 165.27 sec so far
Iteration 9984: max relative diff=0.794712, 170.28 sec so far
Iteration 10174: max relative diff=0.619805, 175.29 sec so far
Iteration 10364: max relative diff=0.444899, 180.29 sec so far
Iteration 10554: max relative diff=0.269992, 185.30 sec so far
Iteration 10744: max relative diff=0.095086, 190.31 sec so far
Iteration 10934: max relative diff=0.017525, 195.32 sec so far
Iteration 11124: max relative diff=0.013447, 200.33 sec so far
Iteration 11314: max relative diff=0.009369, 205.33 sec so far
Iteration 11504: max relative diff=0.005291, 210.34 sec so far
Iteration 11694: max relative diff=0.001213, 215.34 sec so far
Iteration 11884: max relative diff=0.000385, 220.35 sec so far
Iteration 12074: max relative diff=0.000290, 225.36 sec so far
Iteration 12264: max relative diff=0.000195, 230.37 sec so far
Iteration 12454: max relative diff=0.000100, 235.38 sec so far
Iteration 12645: max relative diff=0.000011, 240.40 sec so far
Iteration 12835: max relative diff=0.000008, 245.41 sec so far
Iteration 13025: max relative diff=0.000006, 250.41 sec so far
Iteration 13215: max relative diff=0.000004, 255.42 sec so far
Iteration 13405: max relative diff=0.000002, 260.43 sec so far
Max relative diff between upper and lower bound on convergence: 9.918E-07
LowItr:8959 , UpItr:10769 

Iterative method: 13472 iterations in 262.20 seconds (average 0.019462, setup 2.13)
Maximum finite value in solution vector at end of interval iteration: 148129.43382076448

Value in the initial state: 146322.57690939042

Time for model checking: 354.089 seconds.

Result: 146322.57690939042 (value in the initial state)

---------------------------------------------------------------------

Note: There were 2 warnings during computation.

