PRISM
=====

Version: 4.4
Date: Sun Feb 21 11:39:31 IRST 2021
Hostname: sadegh-H81M-S2PH
Memory limits: cudd=1g, java(heap)=910.5m
Command line: prism ../../examples/mdps/wlan/wlan3.nm ../../examples/mdps/wlan/time_max.pctl -s '-ii:upper=316070' -asynchii -maxiters 900500 -const COL=5 -const TRANS_TIME_MAX=2000

Parsing model file "../../examples/mdps/wlan/wlan3.nm"...

Parsing properties file "../../examples/mdps/wlan/time_max.pctl"...

1 property:
(1) "time_max": R{"time"}max=? [ F s1=12&s2=12 ]

Type:        MDP
Modules:     medium station1 station2 
Variables:   col c1 c2 x1 s1 slot1 backoff1 bc1 x2 s2 slot2 backoff2 bc2 

---------------------------------------------------------------------

Model checking: "time_max": R{"time"}max=? [ F s1=12&s2=12 ]
Model constants: COL=5,TRANS_TIME_MAX=2000

Warning: Not Switching to explicit engine, We implemented the emthods for sparse engine.

Building model...
Model constants: COL=5,TRANS_TIME_MAX=2000

Computing reachable states...

Reachability (BFS): 2142 iterations in 99.78 seconds (average 0.046583, setup 0.00)

Time for model construction: 136.914 seconds.

Type:        MDP
States:      1783413 (1 initial)
Transitions: 3622496
Choices:     3452516

Transition matrix: 821111 nodes (6 terminal), 3622496 minterms, vars: 55r/55c/7nd

Prob0E: 6440 iterations in 335.60 seconds (average 0.052111, setup 0.00)

Prob1A: 1 iterations in 0.11 seconds (average 0.113000, setup 0.00)

goal = 6, inf = 0, maybe = 1783407

Warning: Upper bound for interval iteration manually set to 316070.0

Computing remaining rewards...
 8
Building sparse matrix (transitions)... [n=1783413, nc=3452510, nnz=3622490, k=3] [61.4 MB]
Building sparse matrix (transition rewards)... [n=1783413, nc=3452510, nnz=1620934, k=3] [38.5 MB]
Creating vector for state rewards... [13.6 MB]
Creating vector for inf... [13.6 MB]
Creating vector for lower bounds... [13.6 MB]
Creating vector for upper bounds... [13.6 MB]
Allocating iteration vectors... [4 x 13.6 MB]
TOTAL: [208.8 MB]

Starting iterations (interval iteration)...

 Time for pre-computation	: 0.060000 
		 >> 1783407 after 0 iters << 
Iteration 187: max relative diff=1.000000, 4.95 sec so far
Iteration 382: max relative diff=1.000000, 9.95 sec so far
Iteration 577: max relative diff=1.000000, 14.96 sec so far
Iteration 772: max relative diff=1.000000, 19.96 sec so far
Iteration 967: max relative diff=1.000000, 24.96 sec so far
Iteration 1162: max relative diff=1.000000, 29.96 sec so far
Iteration 1357: max relative diff=1.000000, 34.98 sec so far
Iteration 1553: max relative diff=1.000000, 40.01 sec so far
Iteration 1749: max relative diff=1.000000, 45.03 sec so far
Iteration 1944: max relative diff=1.000000, 50.03 sec so far
Iteration 2139: max relative diff=1.000000, 55.04 sec so far
Iteration 2335: max relative diff=1.000000, 60.05 sec so far
Iteration 2530: max relative diff=1.000000, 65.06 sec so far
Iteration 2725: max relative diff=1.000000, 70.06 sec so far
Iteration 2921: max relative diff=1.000000, 75.08 sec so far
Iteration 3116: max relative diff=1.000000, 80.08 sec so far
Iteration 3312: max relative diff=1.000000, 85.11 sec so far
Iteration 3507: max relative diff=1.000000, 90.11 sec so far
Iteration 3702: max relative diff=1.000000, 95.13 sec so far
Iteration 3898: max relative diff=1.000000, 100.15 sec so far
Iteration 4093: max relative diff=1.000000, 105.15 sec so far
Iteration 4288: max relative diff=1.000000, 110.16 sec so far
Iteration 4484: max relative diff=1.000000, 115.18 sec so far
Iteration 4679: max relative diff=1.000000, 120.18 sec so far
Iteration 4874: max relative diff=1.000000, 125.18 sec so far
Iteration 5070: max relative diff=1.000000, 130.21 sec so far
Iteration 5265: max relative diff=1.000000, 135.21 sec so far
Iteration 5460: max relative diff=1.000000, 140.21 sec so far
Iteration 5655: max relative diff=1.000000, 145.22 sec so far
Iteration 5851: max relative diff=1.000000, 150.24 sec so far
Iteration 6037: max relative diff=316070.000000, 155.24 sec so far
Iteration 6197: max relative diff=316070.000000, 160.26 sec so far
Iteration 6356: max relative diff=316070.000000, 165.27 sec so far
Iteration 6516: max relative diff=316070.000000, 170.30 sec so far
Iteration 6675: max relative diff=316070.000000, 175.30 sec so far
Iteration 6835: max relative diff=316070.000000, 180.33 sec so far
Iteration 6994: max relative diff=316070.000000, 185.34 sec so far
Iteration 7154: max relative diff=316070.000000, 190.37 sec so far
Iteration 7313: max relative diff=316070.000000, 195.37 sec so far
Iteration 7472: max relative diff=316070.000000, 200.37 sec so far
Iteration 7631: max relative diff=316070.000000, 205.37 sec so far
Iteration 7791: max relative diff=316070.000000, 210.40 sec so far
Iteration 7950: max relative diff=316070.000000, 215.42 sec so far
Iteration 8109: max relative diff=316070.000000, 220.42 sec so far
Iteration 8269: max relative diff=316070.000000, 225.45 sec so far
Iteration 8429: max relative diff=316070.000000, 230.48 sec so far
Iteration 8588: max relative diff=316070.000000, 235.48 sec so far
Iteration 8747: max relative diff=316070.000000, 240.48 sec so far
Iteration 8906: max relative diff=316070.000000, 245.49 sec so far
Iteration 9065: max relative diff=316070.000000, 250.49 sec so far
Iteration 9224: max relative diff=316070.000000, 255.50 sec so far
Iteration 9383: max relative diff=316070.000000, 260.50 sec so far
Iteration 9542: max relative diff=316070.000000, 265.50 sec so far
Iteration 9701: max relative diff=316070.000000, 270.50 sec so far
Iteration 9860: max relative diff=316070.000000, 275.52 sec so far
Iteration 10020: max relative diff=313730.402724, 280.55 sec so far
Iteration 10179: max relative diff=313909.452406, 285.56 sec so far
Iteration 10338: max relative diff=314088.502089, 290.56 sec so far
Iteration 10497: max relative diff=314267.551771, 295.56 sec so far
Iteration 10656: max relative diff=314446.601454, 300.56 sec so far
Iteration 10815: max relative diff=314625.651137, 305.57 sec so far
Iteration 10975: max relative diff=314805.826918, 310.60 sec so far
Iteration 11135: max relative diff=314986.002699, 315.62 sec so far
Iteration 11294: max relative diff=315165.052382, 320.63 sec so far
Iteration 11453: max relative diff=315344.102064, 325.63 sec so far
Iteration 11612: max relative diff=315528.425903, 330.63 sec so far
Iteration 11771: max relative diff=315713.783569, 335.65 sec so far
Iteration 11931: max relative diff=315900.307007, 340.69 sec so far
Iteration 12091: max relative diff=58799.570312, 345.72 sec so far
Iteration 12251: max relative diff=60268.320312, 350.75 sec so far
Iteration 12410: max relative diff=61727.890625, 355.75 sec so far
Iteration 12569: max relative diff=63187.460938, 360.76 sec so far
Iteration 12728: max relative diff=64647.031250, 365.76 sec so far
Iteration 12887: max relative diff=66106.601562, 370.77 sec so far
Iteration 13047: max relative diff=67575.351562, 375.80 sec so far
Iteration 13206: max relative diff=69034.921875, 380.80 sec so far
Iteration 13365: max relative diff=70494.492188, 385.81 sec so far
Iteration 13524: max relative diff=71954.062500, 390.82 sec so far
Iteration 13683: max relative diff=73413.632812, 395.83 sec so far
Iteration 13842: max relative diff=74873.203125, 400.84 sec so far
Iteration 14001: max relative diff=76319.058788, 405.84 sec so far
Iteration 14160: max relative diff=23843.383739, 410.84 sec so far
Iteration 14319: max relative diff=23978.793094, 415.85 sec so far
Iteration 14478: max relative diff=24114.202449, 420.85 sec so far
Iteration 14637: max relative diff=24249.611804, 425.86 sec so far
Iteration 14797: max relative diff=24385.872791, 430.89 sec so far
Iteration 14957: max relative diff=24522.133777, 435.92 sec so far
Iteration 15116: max relative diff=24657.543132, 440.92 sec so far
Iteration 15276: max relative diff=24793.804118, 445.95 sec so far
Iteration 15435: max relative diff=24929.213474, 450.96 sec so far
Iteration 15594: max relative diff=25064.622829, 455.97 sec so far
Iteration 15753: max relative diff=25200.032184, 460.97 sec so far
Iteration 15912: max relative diff=25335.441539, 465.97 sec so far
Iteration 16047: max relative diff=20007.055599, 471.01 sec so far
Iteration 16135: max relative diff=19210.456298, 476.05 sec so far
Iteration 16223: max relative diff=18406.138480, 481.08 sec so far
Iteration 16311: max relative diff=17601.820662, 486.11 sec so far
Iteration 16399: max relative diff=16797.502844, 491.15 sec so far
Iteration 16487: max relative diff=15993.185026, 496.18 sec so far
Iteration 16575: max relative diff=15188.867207, 501.21 sec so far
Iteration 16663: max relative diff=14384.549389, 506.25 sec so far
Iteration 16751: max relative diff=13580.231571, 511.28 sec so far
Iteration 16839: max relative diff=12775.913753, 516.32 sec so far
Iteration 16927: max relative diff=11971.595935, 521.36 sec so far
Iteration 17015: max relative diff=11167.278116, 526.39 sec so far
Iteration 17103: max relative diff=10362.960298, 531.42 sec so far
Iteration 17191: max relative diff=9558.642480, 536.45 sec so far
Iteration 17279: max relative diff=8754.324662, 541.49 sec so far
Iteration 17367: max relative diff=7950.006843, 546.51 sec so far
Iteration 17455: max relative diff=7145.689025, 551.55 sec so far
Iteration 17543: max relative diff=6341.371207, 556.58 sec so far
Iteration 17631: max relative diff=5537.053389, 561.61 sec so far
Iteration 17719: max relative diff=4732.735571, 566.64 sec so far
Iteration 17807: max relative diff=3928.417752, 571.68 sec so far
Iteration 17895: max relative diff=3124.099934, 576.72 sec so far
Iteration 17983: max relative diff=2319.782116, 581.76 sec so far
Iteration 18073: max relative diff=1740.460093, 586.80 sec so far
Iteration 18161: max relative diff=1666.386910, 591.83 sec so far
Iteration 18249: max relative diff=1592.313727, 596.85 sec so far
Iteration 18337: max relative diff=1518.240544, 601.88 sec so far
Iteration 18425: max relative diff=1444.167361, 606.91 sec so far
Iteration 18513: max relative diff=1369.366997, 611.94 sec so far
Iteration 18601: max relative diff=1294.504934, 616.97 sec so far
Iteration 18689: max relative diff=1219.642872, 622.00 sec so far
Iteration 18777: max relative diff=1144.780809, 627.03 sec so far
Iteration 18865: max relative diff=1069.918747, 632.07 sec so far
Iteration 18953: max relative diff=995.056684, 637.11 sec so far
Iteration 19041: max relative diff=920.194622, 642.14 sec so far
Iteration 19129: max relative diff=845.332559, 647.18 sec so far
Iteration 19217: max relative diff=770.470497, 652.21 sec so far
Iteration 19305: max relative diff=695.608434, 657.24 sec so far
Iteration 19393: max relative diff=620.746372, 662.28 sec so far
Iteration 19481: max relative diff=545.884309, 667.31 sec so far
Iteration 19569: max relative diff=471.022247, 672.34 sec so far
Iteration 19657: max relative diff=396.160301, 677.38 sec so far
Iteration 19745: max relative diff=321.298452, 682.41 sec so far
Iteration 19833: max relative diff=246.436603, 687.44 sec so far
Iteration 19921: max relative diff=171.574754, 692.48 sec so far
Iteration 20009: max relative diff=96.712189, 697.52 sec so far
Iteration 20097: max relative diff=78.103230, 702.55 sec so far
Iteration 20185: max relative diff=74.628745, 707.59 sec so far
Iteration 20273: max relative diff=71.154260, 712.62 sec so far
Iteration 20361: max relative diff=67.679774, 717.65 sec so far
Iteration 20449: max relative diff=64.205289, 722.68 sec so far
Iteration 20537: max relative diff=60.730804, 727.71 sec so far
Iteration 20625: max relative diff=57.256319, 732.75 sec so far
Iteration 20713: max relative diff=53.781833, 737.78 sec so far
Iteration 20801: max relative diff=50.307348, 742.80 sec so far
Iteration 20889: max relative diff=46.832863, 747.84 sec so far
Iteration 20977: max relative diff=43.358377, 752.87 sec so far
Iteration 21065: max relative diff=39.883892, 757.91 sec so far
Iteration 21153: max relative diff=36.409407, 762.94 sec so far
Iteration 21241: max relative diff=32.934922, 767.98 sec so far
Iteration 21329: max relative diff=29.460436, 773.01 sec so far
Iteration 21417: max relative diff=25.985951, 778.04 sec so far
Iteration 21505: max relative diff=22.511466, 783.08 sec so far
Iteration 21593: max relative diff=19.036980, 788.11 sec so far
Iteration 21681: max relative diff=15.562499, 793.15 sec so far
Iteration 21769: max relative diff=12.088019, 798.18 sec so far
Iteration 21857: max relative diff=8.613538, 803.22 sec so far
Iteration 21945: max relative diff=5.126621, 808.25 sec so far
Iteration 22033: max relative diff=1.883284, 813.29 sec so far
Iteration 22121: max relative diff=1.802275, 818.33 sec so far
Iteration 22209: max relative diff=1.721266, 823.36 sec so far
Iteration 22297: max relative diff=1.640257, 828.39 sec so far
Iteration 22385: max relative diff=1.559247, 833.42 sec so far
Iteration 22473: max relative diff=1.478238, 838.46 sec so far
Iteration 22561: max relative diff=1.397229, 843.49 sec so far
Iteration 22649: max relative diff=1.316220, 848.52 sec so far
Iteration 22737: max relative diff=1.235211, 853.55 sec so far
Iteration 22825: max relative diff=1.154202, 858.58 sec so far
Iteration 22913: max relative diff=1.073193, 863.61 sec so far
Iteration 23001: max relative diff=0.992184, 868.64 sec so far
Iteration 23089: max relative diff=0.911175, 873.68 sec so far
Iteration 23177: max relative diff=0.830165, 878.72 sec so far
Iteration 23265: max relative diff=0.749156, 883.75 sec so far
Iteration 23353: max relative diff=0.668147, 888.78 sec so far
Iteration 23441: max relative diff=0.587138, 893.81 sec so far
Iteration 23529: max relative diff=0.506129, 898.85 sec so far
Iteration 23617: max relative diff=0.425120, 903.88 sec so far
Iteration 23705: max relative diff=0.344111, 908.92 sec so far
Iteration 23793: max relative diff=0.263102, 913.95 sec so far
Iteration 23881: max relative diff=0.181752, 918.99 sec so far
Iteration 23969: max relative diff=0.100316, 924.02 sec so far
Iteration 24057: max relative diff=0.043663, 929.06 sec so far
Iteration 24145: max relative diff=0.041764, 934.09 sec so far
Iteration 24233: max relative diff=0.039865, 939.13 sec so far
Iteration 24321: max relative diff=0.037966, 944.16 sec so far
Iteration 24409: max relative diff=0.036068, 949.19 sec so far
Iteration 24497: max relative diff=0.034169, 954.22 sec so far
Iteration 24585: max relative diff=0.032270, 959.25 sec so far
Iteration 24673: max relative diff=0.030372, 964.28 sec so far
Iteration 24761: max relative diff=0.028473, 969.32 sec so far
Iteration 24849: max relative diff=0.026574, 974.35 sec so far
Iteration 24937: max relative diff=0.024675, 979.39 sec so far
Iteration 25025: max relative diff=0.022777, 984.42 sec so far
Iteration 25113: max relative diff=0.020878, 989.45 sec so far
Iteration 25201: max relative diff=0.018979, 994.49 sec so far
Iteration 25289: max relative diff=0.017081, 999.53 sec so far
Iteration 25377: max relative diff=0.015182, 1004.56 sec so far
Iteration 25465: max relative diff=0.013283, 1009.60 sec so far
Iteration 25553: max relative diff=0.011384, 1014.63 sec so far
Iteration 25641: max relative diff=0.009486, 1019.66 sec so far
Iteration 25729: max relative diff=0.007587, 1024.69 sec so far
Iteration 25817: max relative diff=0.005688, 1029.72 sec so far
Iteration 25905: max relative diff=0.003790, 1034.76 sec so far
Iteration 25993: max relative diff=0.001891, 1039.79 sec so far
Iteration 26081: max relative diff=0.001008, 1044.82 sec so far
Iteration 26169: max relative diff=0.000963, 1049.85 sec so far
Iteration 26257: max relative diff=0.000919, 1054.89 sec so far
Iteration 26345: max relative diff=0.000875, 1059.93 sec so far
Iteration 26433: max relative diff=0.000830, 1064.95 sec so far
Iteration 26521: max relative diff=0.000786, 1069.98 sec so far
Iteration 26609: max relative diff=0.000742, 1075.02 sec so far
Iteration 26697: max relative diff=0.000698, 1080.05 sec so far
Iteration 26785: max relative diff=0.000653, 1085.08 sec so far
Iteration 26873: max relative diff=0.000609, 1090.11 sec so far
Iteration 26961: max relative diff=0.000565, 1095.15 sec so far
Iteration 27049: max relative diff=0.000521, 1100.18 sec so far
Iteration 27137: max relative diff=0.000476, 1105.22 sec so far
Iteration 27225: max relative diff=0.000432, 1110.25 sec so far
Iteration 27313: max relative diff=0.000388, 1115.29 sec so far
Iteration 27401: max relative diff=0.000344, 1120.33 sec so far
Iteration 27489: max relative diff=0.000299, 1125.37 sec so far
Iteration 27577: max relative diff=0.000255, 1130.40 sec so far
Iteration 27665: max relative diff=0.000211, 1135.43 sec so far
Iteration 27753: max relative diff=0.000166, 1140.45 sec so far
Iteration 27841: max relative diff=0.000122, 1145.48 sec so far
Iteration 27929: max relative diff=0.000078, 1150.51 sec so far
Iteration 28017: max relative diff=0.000034, 1155.54 sec so far
Iteration 28105: max relative diff=0.000023, 1160.57 sec so far
Iteration 28193: max relative diff=0.000022, 1165.60 sec so far
Iteration 28281: max relative diff=0.000021, 1170.62 sec so far
Iteration 28369: max relative diff=0.000020, 1175.67 sec so far
Iteration 28457: max relative diff=0.000019, 1180.70 sec so far
Iteration 28545: max relative diff=0.000018, 1185.74 sec so far
Iteration 28633: max relative diff=0.000017, 1190.77 sec so far
Iteration 28721: max relative diff=0.000016, 1195.81 sec so far
Iteration 28809: max relative diff=0.000015, 1200.84 sec so far
Iteration 28897: max relative diff=0.000014, 1205.87 sec so far
Iteration 28985: max relative diff=0.000013, 1210.90 sec so far
Iteration 29073: max relative diff=0.000012, 1215.94 sec so far
Iteration 29161: max relative diff=0.000011, 1220.97 sec so far
Iteration 29249: max relative diff=0.000010, 1226.00 sec so far
Iteration 29337: max relative diff=0.000009, 1231.04 sec so far
Iteration 29425: max relative diff=0.000008, 1236.07 sec so far
Iteration 29513: max relative diff=0.000007, 1241.11 sec so far
Iteration 29601: max relative diff=0.000006, 1246.14 sec so far
Iteration 29689: max relative diff=0.000005, 1251.18 sec so far
Iteration 29777: max relative diff=0.000004, 1256.20 sec so far
Iteration 29865: max relative diff=0.000003, 1261.23 sec so far
Iteration 29953: max relative diff=0.000002, 1266.27 sec so far
Max relative diff between upper and lower bound on convergence: 9.98378E-07
LowItr:19986 , UpItr:23999 

Iterative method: 30002 iterations in 1269.07 seconds (average 0.042299, setup 4.61)
Maximum finite value in solution vector at end of interval iteration: 322401.5199914513

Value in the initial state: 322401.5199914513

Time for model checking: 1609.699 seconds.

Result: 322401.5199914513 (value in the initial state)

---------------------------------------------------------------------

Note: There were 2 warnings during computation.

