PRISM
=====

Version: 4.4
Date: Fri Feb 19 19:06:06 IRST 2021
Hostname: sadegh-H81M-S2PH
Memory limits: cudd=1g, java(heap)=910.5m
Command line: prism ../../examples/mdps/wlan/wlan3.nm ../../examples/mdps/wlan/time_max.pctl -s -improvedbk -maxiters 6323 -epsilon 1e-10 -const COL=5 -const TRANS_TIME_MAX=700

Parsing model file "../../examples/mdps/wlan/wlan3.nm"...

Parsing properties file "../../examples/mdps/wlan/time_max.pctl"...

1 property:
(1) "time_max": R{"time"}max=? [ F s1=12&s2=12 ]

Type:        MDP
Modules:     medium station1 station2 
Variables:   col c1 c2 x1 s1 slot1 backoff1 bc1 x2 s2 slot2 backoff2 bc2 

---------------------------------------------------------------------

Model checking: "time_max": R{"time"}max=? [ F s1=12&s2=12 ]
Model constants: COL=5,TRANS_TIME_MAX=700

Warning: Not Switching to explicit engine, We implemented the emthods for sparse engine.

Building model...
Model constants: COL=5,TRANS_TIME_MAX=700

Computing reachable states...

Reachability (BFS): 842 iterations in 17.20 seconds (average 0.020432, setup 0.00)

Time for model construction: 19.861 seconds.

Type:        MDP
States:      749913 (1 initial)
Transitions: 1535996
Choices:     1366016

Transition matrix: 309352 nodes (6 terminal), 1535996 minterms, vars: 53r/53c/7nd

Prob0E: 2540 iterations in 61.32 seconds (average 0.024142, setup 0.00)

Prob1A: 1 iterations in 0.04 seconds (average 0.042000, setup 0.00)

goal = 6, inf = 0, maybe = 749907

Computing remaining rewards...

Building sparse matrix (transitions)... [n=749913, nc=1366010, nnz=1535990, k=3] [25.6 MB]
Building sparse matrix (transition rewards)... [n=749913, nc=1366010, nnz=600434, k=3] [14.9 MB]
Creating vector for state rewards... [5.7 MB]
Creating vector for inf... [5.7 MB]
Creating vector for lower bounds... [5.7 MB]
Creating vector for upper bounds... [5.7 MB]
Allocating iteration vectors... [4 x 5.7 MB]
TOTAL: [86.4 MB]

Starting iterations (interval iteration)...

 Time for pre-computation: 0.717000 Iteration 425: max relative diff=50.000000, 4.29 sec so far
Iteration 928: max relative diff=50.000000, 9.29 sec so far
Iteration 1431: max relative diff=50.000000, 14.29 sec so far
Iteration 1933: max relative diff=50.000000, 19.30 sec so far
Iteration 2436: max relative diff=9.179688, 24.30 sec so far
Iteration 2939: max relative diff=0.851631, 29.31 sec so far
Iteration 3441: max relative diff=0.851631, 34.32 sec so far
Iteration 3943: max relative diff=0.039504, 39.32 sec so far
Iteration 4446: max relative diff=0.000921, 44.33 sec so far
Iteration 4949: max relative diff=0.000021, 49.33 sec so far
Iteration 5452: max relative diff=0.000021, 54.34 sec so far
Iteration 5955: max relative diff=0.000001, 59.34 sec so far

First round (updates from below) finished after 6322 iters.
Iterative method: 6322 iterations in 63.01 seconds (average 0.009967, setup 1.69)

Value in the initial state: 114308.22368368242

Time for model checking: 126.899 seconds.

Result: 114308.22368368242 (value in the initial state)

---------------------------------------------------------------------

Note: There was 1 warning during computation.

