PRISM
=====

Version: 4.4
Date: Fri Feb 19 20:18:30 IRST 2021
Hostname: sadegh-H81M-S2PH
Memory limits: cudd=1g, java(heap)=910.5m
Command line: prism ../../examples/mdps/wlan/wlan3.nm ../../examples/mdps/wlan/time_max.pctl -s '-ii:upper=1.2e+12' -asynchii -maxiters 900500 -const COL=5 -const TRANS_TIME_MAX=800

Parsing model file "../../examples/mdps/wlan/wlan3.nm"...

Parsing properties file "../../examples/mdps/wlan/time_max.pctl"...

1 property:
(1) "time_max": R{"time"}max=? [ F s1=12&s2=12 ]

Type:        MDP
Modules:     medium station1 station2 
Variables:   col c1 c2 x1 s1 slot1 backoff1 bc1 x2 s2 slot2 backoff2 bc2 

---------------------------------------------------------------------

Model checking: "time_max": R{"time"}max=? [ F s1=12&s2=12 ]
Model constants: COL=5,TRANS_TIME_MAX=800

Warning: Not Switching to explicit engine, We implemented the emthods for sparse engine.

Building model...
Model constants: COL=5,TRANS_TIME_MAX=800

Computing reachable states...

Reachability (BFS): 942 iterations in 22.18 seconds (average 0.023540, setup 0.00)

Time for model construction: 25.693 seconds.

Type:        MDP
States:      829413 (1 initial)
Transitions: 1696496
Choices:     1526516

Transition matrix: 346647 nodes (6 terminal), 1696496 minterms, vars: 53r/53c/7nd

Prob0E: 2840 iterations in 75.01 seconds (average 0.026411, setup 0.00)

Prob1A: 1 iterations in 0.05 seconds (average 0.047000, setup 0.00)

goal = 6, inf = 0, maybe = 829407

Warning: Upper bound for interval iteration manually set to 1.2E12

Computing remaining rewards...
 8
Building sparse matrix (transitions)... [n=829413, nc=1526510, nnz=1696490, k=3] [28.4 MB]
Building sparse matrix (transition rewards)... [n=829413, nc=1526510, nnz=678934, k=3] [16.8 MB]
Creating vector for state rewards... [6.3 MB]
Creating vector for inf... [6.3 MB]
Creating vector for lower bounds... [6.3 MB]
Creating vector for upper bounds... [6.3 MB]
Allocating iteration vectors... [4 x 6.3 MB]
TOTAL: [95.8 MB]

Starting iterations (interval iteration)...

 Time for pre-computation	: 0.031000 
		 >> 829407 after 0 iters << 
Iteration 451: max relative diff=1.000000, 4.97 sec so far
Iteration 909: max relative diff=1.000000, 9.97 sec so far
Iteration 1367: max relative diff=1.000000, 14.98 sec so far
Iteration 1825: max relative diff=1.000000, 19.99 sec so far
Iteration 2283: max relative diff=1.000000, 24.99 sec so far
Iteration 2678: max relative diff=1200000000000.000000, 29.99 sec so far
Iteration 3052: max relative diff=1200000000000.000000, 34.99 sec so far
Iteration 3427: max relative diff=1200000000000.000000, 40.01 sec so far
Iteration 3802: max relative diff=1200000000000.000000, 45.02 sec so far
Iteration 4176: max relative diff=1199999999183.303711, 50.02 sec so far
Iteration 4551: max relative diff=1199999999620.468018, 55.03 sec so far
Iteration 4927: max relative diff=220312501101.562592, 60.05 sec so far
Iteration 5302: max relative diff=220312504543.945404, 65.06 sec so far
Iteration 5677: max relative diff=20439155322.790852, 70.06 sec so far
Iteration 6051: max relative diff=20439155641.300907, 75.07 sec so far
Iteration 6426: max relative diff=953103029.882418, 80.07 sec so far
Iteration 6800: max relative diff=953103044.734815, 85.07 sec so far
Iteration 7174: max relative diff=953103059.587213, 90.07 sec so far
Iteration 7549: max relative diff=22288020.093228, 95.08 sec so far
Iteration 7924: max relative diff=22288020.441353, 100.09 sec so far
Iteration 8298: max relative diff=528855.441961, 105.09 sec so far
Iteration 8673: max relative diff=528855.450099, 110.10 sec so far
Iteration 9048: max relative diff=20203.095590, 115.11 sec so far
Iteration 9423: max relative diff=20203.095781, 120.12 sec so far
Iteration 9723: max relative diff=7491.023566, 125.12 sec so far
Iteration 9929: max relative diff=5600.007943, 130.12 sec so far
Iteration 10135: max relative diff=3708.992321, 135.12 sec so far
Iteration 10341: max relative diff=1817.976698, 140.13 sec so far
Iteration 10548: max relative diff=621.151019, 145.14 sec so far
Iteration 10754: max relative diff=447.561694, 150.15 sec so far
Iteration 10961: max relative diff=272.097728, 155.17 sec so far
Iteration 11167: max relative diff=96.661708, 160.18 sec so far
Iteration 11373: max relative diff=27.176564, 165.18 sec so far
Iteration 11579: max relative diff=19.038663, 170.19 sec so far
Iteration 11785: max relative diff=10.900762, 175.19 sec so far
Iteration 11991: max relative diff=2.762860, 180.20 sec so far
Iteration 12197: max relative diff=0.614512, 185.20 sec so far
Iteration 12404: max relative diff=0.423852, 190.22 sec so far
Iteration 12611: max relative diff=0.233193, 195.25 sec so far
Iteration 12817: max relative diff=0.043454, 200.26 sec so far
Iteration 13023: max relative diff=0.013839, 205.27 sec so far
Iteration 13229: max relative diff=0.009415, 210.28 sec so far
Iteration 13435: max relative diff=0.004991, 215.28 sec so far
Iteration 13641: max relative diff=0.000556, 220.28 sec so far
Iteration 13848: max relative diff=0.000312, 225.31 sec so far
Iteration 14054: max relative diff=0.000209, 230.31 sec so far
Iteration 14260: max relative diff=0.000105, 235.32 sec so far
Iteration 14466: max relative diff=0.000009, 240.32 sec so far
Iteration 14673: max relative diff=0.000007, 245.34 sec so far
Iteration 14879: max relative diff=0.000005, 250.35 sec so far
Iteration 15085: max relative diff=0.000002, 255.35 sec so far
Max relative diff between upper and lower bound on convergence: 9.91044E-07
LowItr:7959 , UpItr:12786 

Iterative method: 15189 iterations in 257.88 seconds (average 0.016978, setup 1.99)
Maximum finite value in solution vector at end of interval iteration: 133010.07374077494

Value in the initial state: 130315.40030052401

Time for model checking: 335.222 seconds.

Result: 130315.40030052401 (value in the initial state)

---------------------------------------------------------------------

Note: There were 2 warnings during computation.

