PRISM
=====

Version: 4.4
Date: Sat Feb 20 07:58:28 IRST 2021
Hostname: sadegh-H81M-S2PH
Memory limits: cudd=1g, java(heap)=910.5m
Command line: prism ../../examples/mdps/wlan/wlan3.nm ../../examples/mdps/wlan/time_max.pctl -s '-ii:upper=1.2e+12' -improvedbk -maxiters 900500 -const COL=5 -const TRANS_TIME_MAX=1400

Parsing model file "../../examples/mdps/wlan/wlan3.nm"...

Parsing properties file "../../examples/mdps/wlan/time_max.pctl"...

1 property:
(1) "time_max": R{"time"}max=? [ F s1=12&s2=12 ]

Type:        MDP
Modules:     medium station1 station2 
Variables:   col c1 c2 x1 s1 slot1 backoff1 bc1 x2 s2 slot2 backoff2 bc2 

---------------------------------------------------------------------

Model checking: "time_max": R{"time"}max=? [ F s1=12&s2=12 ]
Model constants: COL=5,TRANS_TIME_MAX=1400

Warning: Not Switching to explicit engine, We implemented the emthods for sparse engine.

Building model...
Model constants: COL=5,TRANS_TIME_MAX=1400

Computing reachable states...

Reachability (BFS): 1542 iterations in 53.48 seconds (average 0.034684, setup 0.00)

Time for model construction: 69.497 seconds.

Type:        MDP
States:      1306413 (1 initial)
Transitions: 2659496
Choices:     2489516

Transition matrix: 596764 nodes (6 terminal), 2659496 minterms, vars: 55r/55c/7nd

Prob0E: 4640 iterations in 189.16 seconds (average 0.040767, setup 0.00)

Prob1A: 1 iterations in 0.09 seconds (average 0.087000, setup 0.00)

goal = 6, inf = 0, maybe = 1306407

Warning: Upper bound for interval iteration manually set to 1.2E12

Computing remaining rewards...
 7
Building sparse matrix (transitions)... [n=1306413, nc=2489510, nnz=2659490, k=3] [44.9 MB]
Building sparse matrix (transition rewards)... [n=1306413, nc=2489510, nnz=1149934, k=3] [27.6 MB]
Creating vector for state rewards... [10.0 MB]
Creating vector for inf... [10.0 MB]
Creating vector for lower bounds... [10.0 MB]
Creating vector for upper bounds... [10.0 MB]
Allocating iteration vectors... [4 x 10.0 MB]
TOTAL: [152.3 MB]

Starting iterations (interval iteration)...

 Time for pre-computation: 1.181000 Iteration 138: max relative diff=50.000000, 3.83 sec so far
Iteration 316: max relative diff=50.000000, 8.85 sec so far
Iteration 494: max relative diff=50.000000, 13.85 sec so far
Iteration 672: max relative diff=50.000000, 18.86 sec so far
Iteration 850: max relative diff=50.000000, 23.87 sec so far
Iteration 1028: max relative diff=50.000000, 28.88 sec so far
Iteration 1206: max relative diff=50.000000, 33.89 sec so far
Iteration 1384: max relative diff=50.000000, 38.89 sec so far
Iteration 1562: max relative diff=50.000000, 43.91 sec so far
Iteration 1740: max relative diff=50.000000, 48.92 sec so far
Iteration 1918: max relative diff=50.000000, 53.93 sec so far
Iteration 2110: max relative diff=50.000000, 58.93 sec so far
Iteration 2375: max relative diff=50.000000, 63.95 sec so far
Iteration 2631: max relative diff=50.000000, 68.95 sec so far
Iteration 2896: max relative diff=50.000000, 73.95 sec so far
Iteration 3161: max relative diff=50.000000, 78.96 sec so far
Iteration 3426: max relative diff=50.000000, 83.97 sec so far
Iteration 3691: max relative diff=50.000000, 88.98 sec so far
Iteration 3956: max relative diff=50.000000, 93.99 sec so far
Iteration 4221: max relative diff=9.179688, 99.00 sec so far
Iteration 4486: max relative diff=9.179688, 104.02 sec so far
Iteration 4751: max relative diff=9.179688, 109.03 sec so far
Iteration 5016: max relative diff=9.179688, 114.05 sec so far
Iteration 5281: max relative diff=9.179688, 119.06 sec so far
Iteration 5546: max relative diff=9.179688, 124.06 sec so far
Iteration 5801: max relative diff=0.851631, 129.06 sec so far
Iteration 6066: max relative diff=0.851631, 134.07 sec so far
Iteration 6331: max relative diff=0.851631, 139.08 sec so far
Iteration 6596: max relative diff=0.851631, 144.09 sec so far
Iteration 6861: max relative diff=0.851631, 149.10 sec so far
Iteration 7126: max relative diff=0.039504, 154.12 sec so far
Iteration 7391: max relative diff=0.039504, 159.12 sec so far
Iteration 7656: max relative diff=0.039504, 164.13 sec so far
Iteration 7921: max relative diff=0.039504, 169.14 sec so far
Iteration 8186: max relative diff=0.039504, 174.14 sec so far
Iteration 8451: max relative diff=0.000921, 179.16 sec so far
Iteration 8716: max relative diff=0.000921, 184.18 sec so far
Iteration 8970: max relative diff=0.000921, 189.19 sec so far
Iteration 9235: max relative diff=0.000921, 194.19 sec so far
Iteration 9500: max relative diff=0.000921, 199.20 sec so far
Iteration 9765: max relative diff=0.000921, 204.21 sec so far
Iteration 10030: max relative diff=0.000021, 209.22 sec so far
Iteration 10223: max relative diff=0.000021, 214.22 sec so far
Iteration 10401: max relative diff=0.000021, 219.23 sec so far
Iteration 10579: max relative diff=0.000021, 224.24 sec so far
Iteration 10757: max relative diff=0.000021, 229.25 sec so far
Iteration 10935: max relative diff=0.000021, 234.27 sec so far
Iteration 11113: max relative diff=0.000021, 239.28 sec so far

First round (updates from below) finished after 11221 iters.Iteration 11307: max relative diff=645.000000, 244.30 sec so far
Iteration 11524: max relative diff=645.000000, 249.32 sec so far
Iteration 11741: max relative diff=645.000000, 254.33 sec so far
Iteration 11958: max relative diff=645.000000, 259.34 sec so far
Iteration 12175: max relative diff=645.000000, 264.35 sec so far
Iteration 12392: max relative diff=645.000000, 269.35 sec so far
Iteration 12609: max relative diff=645.000000, 274.36 sec so far
Iteration 12831: max relative diff=147.076545, 279.37 sec so far
Iteration 13060: max relative diff=147.076545, 284.38 sec so far
Iteration 13293: max relative diff=147.076545, 289.39 sec so far
Iteration 13530: max relative diff=147.076545, 294.40 sec so far
Iteration 13770: max relative diff=147.076545, 299.41 sec so far
Iteration 14014: max relative diff=147.076545, 304.43 sec so far
Iteration 14262: max relative diff=14.902527, 309.44 sec so far
Iteration 14511: max relative diff=14.902527, 314.46 sec so far
Iteration 14760: max relative diff=14.902527, 319.48 sec so far
Iteration 15009: max relative diff=14.902527, 324.49 sec so far
Iteration 15257: max relative diff=14.902527, 329.49 sec so far
Iteration 15506: max relative diff=1.829809, 334.51 sec so far
Iteration 15755: max relative diff=1.829809, 339.53 sec so far
Iteration 16004: max relative diff=1.829809, 344.55 sec so far
Iteration 16253: max relative diff=1.829809, 349.57 sec so far
Iteration 16502: max relative diff=1.829809, 354.57 sec so far
Iteration 16751: max relative diff=1.829809, 359.59 sec so far
Iteration 17000: max relative diff=0.131710, 364.60 sec so far
Iteration 17248: max relative diff=0.131710, 369.61 sec so far
Iteration 17497: max relative diff=0.131710, 374.62 sec so far
Iteration 17746: max relative diff=0.131710, 379.63 sec so far
Iteration 17995: max relative diff=0.131710, 384.65 sec so far
Iteration 18243: max relative diff=0.005993, 389.65 sec so far
Iteration 18492: max relative diff=0.005993, 394.67 sec so far
Iteration 18741: max relative diff=0.005993, 399.69 sec so far
Iteration 18990: max relative diff=0.005993, 404.70 sec so far
Iteration 19239: max relative diff=0.005993, 409.72 sec so far
Iteration 19488: max relative diff=0.005993, 414.74 sec so far
Iteration 19737: max relative diff=0.000124, 419.76 sec so far
Iteration 19986: max relative diff=0.000124, 424.78 sec so far
Iteration 20234: max relative diff=0.000124, 429.78 sec so far
Iteration 20483: max relative diff=0.000124, 434.80 sec so far
Iteration 20732: max relative diff=0.000124, 439.81 sec so far
Iteration 20981: max relative diff=0.000124, 444.82 sec so far
Iteration 21230: max relative diff=0.000003, 449.83 sec so far
Iteration 21479: max relative diff=0.000003, 454.85 sec so far
Iteration 21728: max relative diff=0.000003, 459.86 sec so far
Iteration 21977: max relative diff=0.000003, 464.88 sec so far
Iteration 22226: max relative diff=0.000003, 469.89 sec so far

Second round (updates from above) finished after 22442 iters.
Update from both sides... 
Iteration 22467: max relative diff=0.000775, 474.91 sec so far
Iteration 22656: max relative diff=0.000671, 479.92 sec so far
Iteration 22845: max relative diff=0.000567, 484.94 sec so far
Iteration 23034: max relative diff=0.000463, 489.97 sec so far
Iteration 23223: max relative diff=0.000359, 494.98 sec so far
Iteration 23412: max relative diff=0.000255, 500.00 sec so far
Iteration 23601: max relative diff=0.000150, 505.01 sec so far
Iteration 23790: max relative diff=0.000046, 510.02 sec so far
Iteration 23979: max relative diff=0.000017, 515.03 sec so far
Iteration 24168: max relative diff=0.000014, 520.05 sec so far
Iteration 24357: max relative diff=0.000012, 525.06 sec so far
Iteration 24546: max relative diff=0.000009, 530.07 sec so far
Iteration 24735: max relative diff=0.000007, 535.08 sec so far
Iteration 24924: max relative diff=0.000005, 540.09 sec so far
Iteration 25113: max relative diff=0.000002, 545.10 sec so far
Max relative diff between upper and lower bound on convergence: 0

Number of iterations for the lower bound = 13979

Iterative method: 25200 iterations in 547.41 seconds (average 0.021723, setup 3.37)
Maximum finite value in solution vector at end of interval iteration: 226358.45995393465

Value in the initial state: 226358.45995393465

Time for model checking: 741.713 seconds.

Result: 226358.45995393465 (value in the initial state)

---------------------------------------------------------------------

Note: There were 2 warnings during computation.

