PRISM
=====

Version: 4.4
Date: Sat Feb 20 15:27:08 IRST 2021
Hostname: sadegh-H81M-S2PH
Memory limits: cudd=1g, java(heap)=910.5m
Command line: prism ../../examples/mdps/wlan/wlan3.nm ../../examples/mdps/wlan/time_max.pctl -s '-ii:upper=255270' -asynchii -maxiters 900500 -const COL=5 -const TRANS_TIME_MAX=1600

Parsing model file "../../examples/mdps/wlan/wlan3.nm"...

Parsing properties file "../../examples/mdps/wlan/time_max.pctl"...

1 property:
(1) "time_max": R{"time"}max=? [ F s1=12&s2=12 ]

Type:        MDP
Modules:     medium station1 station2 
Variables:   col c1 c2 x1 s1 slot1 backoff1 bc1 x2 s2 slot2 backoff2 bc2 

---------------------------------------------------------------------

Model checking: "time_max": R{"time"}max=? [ F s1=12&s2=12 ]
Model constants: COL=5,TRANS_TIME_MAX=1600

Warning: Not Switching to explicit engine, We implemented the emthods for sparse engine.

Building model...
Model constants: COL=5,TRANS_TIME_MAX=1600

Computing reachable states...

Reachability (BFS): 1742 iterations in 69.14 seconds (average 0.039692, setup 0.00)

Time for model construction: 90.332 seconds.

Type:        MDP
States:      1465413 (1 initial)
Transitions: 2980496
Choices:     2810516

Transition matrix: 671459 nodes (6 terminal), 2980496 minterms, vars: 55r/55c/7nd

Prob0E: 5240 iterations in 227.55 seconds (average 0.043426, setup 0.00)

Prob1A: 1 iterations in 0.09 seconds (average 0.094000, setup 0.00)

goal = 6, inf = 0, maybe = 1465407

Warning: Upper bound for interval iteration manually set to 255270.0

Computing remaining rewards...
 8
Building sparse matrix (transitions)... [n=1465413, nc=2810510, nnz=2980490, k=3] [50.4 MB]
Building sparse matrix (transition rewards)... [n=1465413, nc=2810510, nnz=1306934, k=3] [31.3 MB]
Creating vector for state rewards... [11.2 MB]
Creating vector for inf... [11.2 MB]
Creating vector for lower bounds... [11.2 MB]
Creating vector for upper bounds... [11.2 MB]
Allocating iteration vectors... [4 x 11.2 MB]
TOTAL: [171.1 MB]

Starting iterations (interval iteration)...

 Time for pre-computation	: 0.049000 
		 >> 1465407 after 0 iters << 
Iteration 232: max relative diff=1.000000, 4.97 sec so far
Iteration 471: max relative diff=1.000000, 9.97 sec so far
Iteration 710: max relative diff=1.000000, 14.97 sec so far
Iteration 950: max relative diff=1.000000, 19.99 sec so far
Iteration 1190: max relative diff=1.000000, 25.00 sec so far
Iteration 1429: max relative diff=1.000000, 30.00 sec so far
Iteration 1668: max relative diff=1.000000, 35.01 sec so far
Iteration 1908: max relative diff=1.000000, 40.02 sec so far
Iteration 2148: max relative diff=1.000000, 45.04 sec so far
Iteration 2387: max relative diff=1.000000, 50.05 sec so far
Iteration 2626: max relative diff=1.000000, 55.06 sec so far
Iteration 2865: max relative diff=1.000000, 60.06 sec so far
Iteration 3105: max relative diff=1.000000, 65.08 sec so far
Iteration 3344: max relative diff=1.000000, 70.08 sec so far
Iteration 3583: max relative diff=1.000000, 75.08 sec so far
Iteration 3823: max relative diff=1.000000, 80.10 sec so far
Iteration 4063: max relative diff=1.000000, 85.12 sec so far
Iteration 4302: max relative diff=1.000000, 90.13 sec so far
Iteration 4541: max relative diff=1.000000, 95.14 sec so far
Iteration 4780: max relative diff=1.000000, 100.14 sec so far
Iteration 4989: max relative diff=255270.000000, 105.15 sec so far
Iteration 5195: max relative diff=255270.000000, 110.16 sec so far
Iteration 5401: max relative diff=255270.000000, 115.16 sec so far
Iteration 5607: max relative diff=255270.000000, 120.16 sec so far
Iteration 5814: max relative diff=255270.000000, 125.18 sec so far
Iteration 6021: max relative diff=255270.000000, 130.20 sec so far
Iteration 6228: max relative diff=255270.000000, 135.22 sec so far
Iteration 6435: max relative diff=255270.000000, 140.24 sec so far
Iteration 6641: max relative diff=255270.000000, 145.24 sec so far
Iteration 6847: max relative diff=255270.000000, 150.24 sec so far
Iteration 7053: max relative diff=255270.000000, 155.24 sec so far
Iteration 7260: max relative diff=255270.000000, 160.26 sec so far
Iteration 7467: max relative diff=255270.000000, 165.29 sec so far
Iteration 7673: max relative diff=255270.000000, 170.30 sec so far
Iteration 7880: max relative diff=255270.000000, 175.32 sec so far
Iteration 8086: max relative diff=253458.875624, 180.33 sec so far
Iteration 8293: max relative diff=253691.978041, 185.35 sec so far
Iteration 8500: max relative diff=253925.080458, 190.38 sec so far
Iteration 8707: max relative diff=254158.182875, 195.39 sec so far
Iteration 8914: max relative diff=254391.285292, 200.41 sec so far
Iteration 9121: max relative diff=254624.387709, 205.44 sec so far
Iteration 9328: max relative diff=254863.655396, 210.46 sec so far
Iteration 9535: max relative diff=255104.970093, 215.48 sec so far
Iteration 9742: max relative diff=48105.234375, 220.50 sec so far
Iteration 9948: max relative diff=49996.250000, 225.50 sec so far
Iteration 10154: max relative diff=51887.265625, 230.50 sec so far
Iteration 10360: max relative diff=53778.281250, 235.50 sec so far
Iteration 10566: max relative diff=55669.296875, 240.51 sec so far
Iteration 10772: max relative diff=57560.312500, 245.51 sec so far
Iteration 10978: max relative diff=59451.328125, 250.51 sec so far
Iteration 11184: max relative diff=61331.949413, 255.51 sec so far
Iteration 11390: max relative diff=19161.474178, 260.52 sec so far
Iteration 11596: max relative diff=19336.910198, 265.52 sec so far
Iteration 11803: max relative diff=19513.197849, 270.55 sec so far
Iteration 12010: max relative diff=19689.485500, 275.57 sec so far
Iteration 12217: max relative diff=19865.773151, 280.59 sec so far
Iteration 12424: max relative diff=20042.060802, 285.62 sec so far
Iteration 12630: max relative diff=20217.496822, 290.62 sec so far
Iteration 12827: max relative diff=16125.131239, 295.64 sec so far
Iteration 12938: max relative diff=15122.218759, 300.66 sec so far
Iteration 13049: max relative diff=14107.681511, 305.68 sec so far
Iteration 13160: max relative diff=13093.144263, 310.70 sec so far
Iteration 13271: max relative diff=12078.607015, 315.72 sec so far
Iteration 13382: max relative diff=11064.069767, 320.74 sec so far
Iteration 13493: max relative diff=10049.532519, 325.76 sec so far
Iteration 13604: max relative diff=9034.995271, 330.78 sec so far
Iteration 13715: max relative diff=8020.458023, 335.80 sec so far
Iteration 13826: max relative diff=7005.920775, 340.82 sec so far
Iteration 13937: max relative diff=5991.383527, 345.84 sec so far
Iteration 14048: max relative diff=4976.846279, 350.87 sec so far
Iteration 14159: max relative diff=3962.309031, 355.88 sec so far
Iteration 14270: max relative diff=2947.771783, 360.90 sec so far
Iteration 14381: max relative diff=1933.234535, 365.92 sec so far
Iteration 14494: max relative diff=1364.344259, 370.97 sec so far
Iteration 14605: max relative diff=1270.910502, 375.99 sec so far
Iteration 14716: max relative diff=1177.476744, 381.00 sec so far
Iteration 14827: max relative diff=1084.042986, 386.01 sec so far
Iteration 14938: max relative diff=989.648970, 391.02 sec so far
Iteration 15049: max relative diff=895.220148, 396.04 sec so far
Iteration 15160: max relative diff=800.791327, 401.05 sec so far
Iteration 15271: max relative diff=706.362505, 406.06 sec so far
Iteration 15382: max relative diff=611.933684, 411.09 sec so far
Iteration 15493: max relative diff=517.504862, 416.11 sec so far
Iteration 15604: max relative diff=423.076041, 421.13 sec so far
Iteration 15715: max relative diff=328.647220, 426.15 sec so far
Iteration 15826: max relative diff=234.218398, 431.17 sec so far
Iteration 15937: max relative diff=139.789577, 436.19 sec so far
Iteration 16048: max relative diff=63.801203, 441.20 sec so far
Iteration 16159: max relative diff=59.418601, 446.22 sec so far
Iteration 16270: max relative diff=55.035999, 451.24 sec so far
Iteration 16381: max relative diff=50.653397, 456.26 sec so far
Iteration 16492: max relative diff=46.270795, 461.28 sec so far
Iteration 16603: max relative diff=41.888193, 466.30 sec so far
Iteration 16714: max relative diff=37.505591, 471.33 sec so far
Iteration 16825: max relative diff=33.122989, 476.35 sec so far
Iteration 16936: max relative diff=28.740387, 481.37 sec so far
Iteration 17047: max relative diff=24.357785, 486.38 sec so far
Iteration 17158: max relative diff=19.975183, 491.40 sec so far
Iteration 17269: max relative diff=15.592581, 496.42 sec so far
Iteration 17380: max relative diff=11.209979, 501.44 sec so far
Iteration 17491: max relative diff=6.827377, 506.46 sec so far
Iteration 17602: max relative diff=2.444776, 511.48 sec so far
Iteration 17713: max relative diff=1.430699, 516.50 sec so far
Iteration 17824: max relative diff=1.328516, 521.52 sec so far
Iteration 17935: max relative diff=1.226334, 526.54 sec so far
Iteration 18046: max relative diff=1.124152, 531.56 sec so far
Iteration 18157: max relative diff=1.021970, 536.58 sec so far
Iteration 18268: max relative diff=0.919787, 541.60 sec so far
Iteration 18379: max relative diff=0.817605, 546.63 sec so far
Iteration 18490: max relative diff=0.715423, 551.64 sec so far
Iteration 18601: max relative diff=0.613241, 556.66 sec so far
Iteration 18712: max relative diff=0.511058, 561.67 sec so far
Iteration 18823: max relative diff=0.408876, 566.68 sec so far
Iteration 18934: max relative diff=0.306694, 571.71 sec so far
Iteration 19045: max relative diff=0.204512, 576.72 sec so far
Iteration 19156: max relative diff=0.102329, 581.74 sec so far
Iteration 19267: max relative diff=0.034414, 586.76 sec so far
Iteration 19378: max relative diff=0.032032, 591.78 sec so far
Iteration 19489: max relative diff=0.029649, 596.80 sec so far
Iteration 19600: max relative diff=0.027267, 601.82 sec so far
Iteration 19711: max relative diff=0.024884, 606.84 sec so far
Iteration 19822: max relative diff=0.022502, 611.86 sec so far
Iteration 19933: max relative diff=0.020120, 616.87 sec so far
Iteration 20044: max relative diff=0.017737, 621.89 sec so far
Iteration 20155: max relative diff=0.015355, 626.90 sec so far
Iteration 20266: max relative diff=0.012972, 631.92 sec so far
Iteration 20377: max relative diff=0.010590, 636.93 sec so far
Iteration 20488: max relative diff=0.008208, 641.94 sec so far
Iteration 20599: max relative diff=0.005825, 646.96 sec so far
Iteration 20710: max relative diff=0.003443, 651.98 sec so far
Iteration 20821: max relative diff=0.001060, 657.00 sec so far
Iteration 20932: max relative diff=0.000771, 662.01 sec so far
Iteration 21043: max relative diff=0.000716, 667.03 sec so far
Iteration 21154: max relative diff=0.000660, 672.05 sec so far
Iteration 21265: max relative diff=0.000605, 677.07 sec so far
Iteration 21376: max relative diff=0.000549, 682.09 sec so far
Iteration 21487: max relative diff=0.000494, 687.10 sec so far
Iteration 21598: max relative diff=0.000438, 692.12 sec so far
Iteration 21709: max relative diff=0.000383, 697.14 sec so far
Iteration 21820: max relative diff=0.000327, 702.16 sec so far
Iteration 21931: max relative diff=0.000272, 707.18 sec so far
Iteration 22042: max relative diff=0.000216, 712.21 sec so far
Iteration 22153: max relative diff=0.000160, 717.22 sec so far
Iteration 22264: max relative diff=0.000105, 722.24 sec so far
Iteration 22375: max relative diff=0.000049, 727.25 sec so far
Iteration 22486: max relative diff=0.000019, 732.26 sec so far
Iteration 22597: max relative diff=0.000017, 737.28 sec so far
Iteration 22708: max relative diff=0.000016, 742.30 sec so far
Iteration 22819: max relative diff=0.000015, 747.32 sec so far
Iteration 22930: max relative diff=0.000013, 752.34 sec so far
Iteration 23041: max relative diff=0.000012, 757.36 sec so far
Iteration 23152: max relative diff=0.000011, 762.38 sec so far
Iteration 23263: max relative diff=0.000009, 767.39 sec so far
Iteration 23374: max relative diff=0.000008, 772.41 sec so far
Iteration 23485: max relative diff=0.000007, 777.43 sec so far
Iteration 23596: max relative diff=0.000006, 782.44 sec so far
Iteration 23707: max relative diff=0.000004, 787.45 sec so far
Iteration 23818: max relative diff=0.000003, 792.47 sec so far
Iteration 23929: max relative diff=0.000002, 797.48 sec so far
Max relative diff between upper and lower bound on convergence: 9.90287E-07
LowItr:15977 , UpItr:19189 

Iterative method: 23992 iterations in 800.33 seconds (average 0.033358, setup 3.75)
Maximum finite value in solution vector at end of interval iteration: 258372.81317166195

Value in the initial state: 258372.81317166195

Time for model checking: 1032.06 seconds.

Result: 258372.81317166195 (value in the initial state)

---------------------------------------------------------------------

Note: There were 2 warnings during computation.

