PRISM
=====

Version: 4.4
Date: Sat Feb 20 00:47:24 IRST 2021
Hostname: sadegh-H81M-S2PH
Memory limits: cudd=1g, java(heap)=910.5m
Command line: prism ../../examples/mdps/wlan/wlan3.nm ../../examples/mdps/wlan/time_max.pctl -s '-ii:upper=1.2e+12' -asynchii -maxiters 900500 -const COL=5 -const TRANS_TIME_MAX=1100

Parsing model file "../../examples/mdps/wlan/wlan3.nm"...

Parsing properties file "../../examples/mdps/wlan/time_max.pctl"...

1 property:
(1) "time_max": R{"time"}max=? [ F s1=12&s2=12 ]

Type:        MDP
Modules:     medium station1 station2 
Variables:   col c1 c2 x1 s1 slot1 backoff1 bc1 x2 s2 slot2 backoff2 bc2 

---------------------------------------------------------------------

Model checking: "time_max": R{"time"}max=? [ F s1=12&s2=12 ]
Model constants: COL=5,TRANS_TIME_MAX=1100

Warning: Not Switching to explicit engine, We implemented the emthods for sparse engine.

Building model...
Model constants: COL=5,TRANS_TIME_MAX=1100

Computing reachable states...

Reachability (BFS): 1242 iterations in 36.14 seconds (average 0.029096, setup 0.00)

Time for model construction: 44.567 seconds.

Type:        MDP
States:      1067913 (1 initial)
Transitions: 2177996
Choices:     2008016

Transition matrix: 484702 nodes (6 terminal), 2177996 minterms, vars: 55r/55c/7nd

Prob0E: 3740 iterations in 125.54 seconds (average 0.033566, setup 0.00)

Prob1A: 1 iterations in 0.07 seconds (average 0.065000, setup 0.00)

goal = 6, inf = 0, maybe = 1067907

Warning: Upper bound for interval iteration manually set to 1.2E12

Computing remaining rewards...
 8
Building sparse matrix (transitions)... [n=1067913, nc=2008010, nnz=2177990, k=3] [36.7 MB]
Building sparse matrix (transition rewards)... [n=1067913, nc=2008010, nnz=914434, k=3] [22.2 MB]
Creating vector for state rewards... [8.1 MB]
Creating vector for inf... [8.1 MB]
Creating vector for lower bounds... [8.1 MB]
Creating vector for upper bounds... [8.1 MB]
Allocating iteration vectors... [4 x 8.1 MB]
TOTAL: [124.0 MB]

Starting iterations (interval iteration)...

 Time for pre-computation	: 0.041000 
		 >> 1067907 after 0 iters << 
Iteration 338: max relative diff=1.000000, 4.97 sec so far
Iteration 684: max relative diff=1.000000, 9.98 sec so far
Iteration 1030: max relative diff=1.000000, 14.99 sec so far
Iteration 1376: max relative diff=1.000000, 19.99 sec so far
Iteration 1722: max relative diff=1.000000, 25.01 sec so far
Iteration 2067: max relative diff=1.000000, 30.01 sec so far
Iteration 2413: max relative diff=1.000000, 35.02 sec so far
Iteration 2759: max relative diff=1.000000, 40.03 sec so far
Iteration 3105: max relative diff=1.000000, 45.04 sec so far
Iteration 3427: max relative diff=1200000000000.000000, 50.05 sec so far
Iteration 3718: max relative diff=1200000000000.000000, 55.07 sec so far
Iteration 4009: max relative diff=1200000000000.000000, 60.07 sec so far
Iteration 4300: max relative diff=1200000000000.000000, 65.08 sec so far
Iteration 4592: max relative diff=1200000000000.000000, 70.09 sec so far
Iteration 4883: max relative diff=1200000000000.000000, 75.10 sec so far
Iteration 5174: max relative diff=1200000000000.000000, 80.11 sec so far
Iteration 5465: max relative diff=1200000000000.000000, 85.11 sec so far
Iteration 5756: max relative diff=1199999998926.833984, 90.12 sec so far
Iteration 6047: max relative diff=1199999999266.073486, 95.13 sec so far
Iteration 6338: max relative diff=1199999999605.312988, 100.14 sec so far
Iteration 6629: max relative diff=220312500201.953217, 105.15 sec so far
Iteration 6920: max relative diff=220312502873.242279, 110.16 sec so far
Iteration 7211: max relative diff=220312505544.531342, 115.17 sec so far
Iteration 7502: max relative diff=220312508215.820404, 120.17 sec so far
Iteration 7793: max relative diff=20439158090.323200, 125.18 sec so far
Iteration 8085: max relative diff=20439158338.999500, 130.19 sec so far
Iteration 8376: max relative diff=20439158586.824169, 135.20 sec so far
Iteration 8667: max relative diff=20439158834.648838, 140.21 sec so far
Iteration 8958: max relative diff=953106044.520040, 145.22 sec so far
Iteration 9249: max relative diff=953106056.076317, 150.23 sec so far
Iteration 9540: max relative diff=953106067.632594, 155.24 sec so far
Iteration 9831: max relative diff=953106079.188872, 160.24 sec so far
Iteration 10122: max relative diff=22291041.284617, 165.25 sec so far
Iteration 10413: max relative diff=22291041.554762, 170.26 sec so far
Iteration 10704: max relative diff=22291041.824907, 175.27 sec so far
Iteration 10995: max relative diff=22291042.095052, 180.28 sec so far
Iteration 11286: max relative diff=531877.029487, 185.29 sec so far
Iteration 11577: max relative diff=531877.035802, 190.30 sec so far
Iteration 11868: max relative diff=531877.042117, 195.30 sec so far
Iteration 12159: max relative diff=23224.689792, 200.31 sec so far
Iteration 12450: max relative diff=23224.689940, 205.31 sec so far
Iteration 12740: max relative diff=23224.690087, 210.31 sec so far
Iteration 13031: max relative diff=23224.690234, 215.33 sec so far
Iteration 13281: max relative diff=10893.961997, 220.33 sec so far
Iteration 13439: max relative diff=9447.774267, 225.34 sec so far
Iteration 13597: max relative diff=7997.383644, 230.35 sec so far
Iteration 13755: max relative diff=6546.993021, 235.36 sec so far
Iteration 13913: max relative diff=5096.602397, 240.37 sec so far
Iteration 14071: max relative diff=3646.211774, 245.38 sec so far
Iteration 14229: max relative diff=2195.821151, 250.39 sec so far
Iteration 14388: max relative diff=939.334627, 255.40 sec so far
Iteration 14546: max relative diff=806.193300, 260.41 sec so far
Iteration 14704: max relative diff=673.051974, 265.41 sec so far
Iteration 14862: max relative diff=538.869707, 270.43 sec so far
Iteration 15020: max relative diff=404.311983, 275.44 sec so far
Iteration 15178: max relative diff=269.754259, 280.45 sec so far
Iteration 15336: max relative diff=135.196535, 285.46 sec so far
Iteration 15494: max relative diff=42.431638, 290.47 sec so far
Iteration 15652: max relative diff=36.189947, 295.48 sec so far
Iteration 15810: max relative diff=29.948255, 300.49 sec so far
Iteration 15968: max relative diff=23.706564, 305.50 sec so far
Iteration 16126: max relative diff=17.464873, 310.51 sec so far
Iteration 16284: max relative diff=11.223182, 315.52 sec so far
Iteration 16442: max relative diff=4.981490, 320.53 sec so far
Iteration 16600: max relative diff=0.986770, 325.54 sec so far
Iteration 16758: max relative diff=0.841242, 330.56 sec so far
Iteration 16916: max relative diff=0.695714, 335.56 sec so far
Iteration 17074: max relative diff=0.550187, 340.57 sec so far
Iteration 17232: max relative diff=0.404659, 345.58 sec so far
Iteration 17390: max relative diff=0.259131, 350.58 sec so far
Iteration 17548: max relative diff=0.113603, 355.59 sec so far
Iteration 17707: max relative diff=0.022926, 360.62 sec so far
Iteration 17865: max relative diff=0.019533, 365.62 sec so far
Iteration 18023: max relative diff=0.016140, 370.63 sec so far
Iteration 18181: max relative diff=0.012747, 375.64 sec so far
Iteration 18339: max relative diff=0.009354, 380.65 sec so far
Iteration 18497: max relative diff=0.005961, 385.65 sec so far
Iteration 18655: max relative diff=0.002568, 390.67 sec so far
Iteration 18813: max relative diff=0.000533, 395.68 sec so far
Iteration 18971: max relative diff=0.000454, 400.69 sec so far
Iteration 19129: max relative diff=0.000375, 405.70 sec so far
Iteration 19287: max relative diff=0.000296, 410.71 sec so far
Iteration 19445: max relative diff=0.000217, 415.71 sec so far
Iteration 19603: max relative diff=0.000138, 420.72 sec so far
Iteration 19761: max relative diff=0.000058, 425.73 sec so far
Iteration 19919: max relative diff=0.000012, 430.74 sec so far
Iteration 20077: max relative diff=0.000011, 435.74 sec so far
Iteration 20235: max relative diff=0.000009, 440.75 sec so far
Iteration 20393: max relative diff=0.000007, 445.76 sec so far
Iteration 20551: max relative diff=0.000005, 450.78 sec so far
Iteration 20709: max relative diff=0.000003, 455.79 sec so far
Iteration 20867: max relative diff=0.000001, 460.80 sec so far
Max relative diff between upper and lower bound on convergence: 9.92906E-07
LowItr:10966 , UpItr:17593 

Iterative method: 20896 iterations in 461.72 seconds (average 0.022096, setup 2.66)
Maximum finite value in solution vector at end of interval iteration: 178368.15398074492

Value in the initial state: 178336.9301272047

Time for model checking: 590.295 seconds.

Result: 178336.9301272047 (value in the initial state)

---------------------------------------------------------------------

Note: There were 2 warnings during computation.

