PRISM
=====

Version: 4.4.dev
Date: Sun Apr 08 07:38:37 IRDT 2018
Hostname: sadegh-H81M-S2PH
Memory limits: cudd=1g, java(heap)=910.5m
Command line: prism ../models/consensus/coin4.nm ../models/consensus/coin.pctl -improvedbounded -s -prop 5 -const 'K=16,k=300'

Parsing model file "../models/consensus/coin4.nm"...

Parsing properties file "../models/consensus/coin.pctl"...

8 properties:
(1) P>=1 [ F "finished" ]
(2) Pmin=? [ F "finished"&"all_coins_equal_0" ]
(3) Pmin=? [ F "finished"&"all_coins_equal_1" ]
(4) Pmax=? [ F "finished"&!"agree" ]
(5) Pmin=? [ F<=k "finished" ]
(6) Pmax=? [ F<=k "finished" ]
(7) R{"steps"}min=? [ F "finished" ]
(8) R{"steps"}max=? [ F "finished" ]

Type:        MDP
Modules:     process1 process2 process3 process4 
Variables:   counter pc1 coin1 pc2 coin2 pc3 coin3 pc4 coin4 

---------------------------------------------------------------------

Model checking: Pmin=? [ F<=k "finished" ]
Model constants: K=16
Property constants: k=300

Building model...
Model constants: K=16

Computing reachable states...

Reachability (BFS): 771 iterations in 0.08 seconds (average 0.000104, setup 0.00)

Time for model construction: 0.141 seconds.

Type:        MDP
States:      166016 (1 initial)
Transitions: 559072
Choices:     447616

Transition matrix: 2432 nodes (3 terminal), 559072 minterms, vars: 20r/20c/4nd

Prob0E: 210 iterations in 0.13 seconds (average 0.000629, setup 0.00)

yes = 64, no = 0, maybe = 165952

Computing probabilities...
Engine: Sparse

Building sparse matrix... [n=166016, nc=447552, nnz=559008, k=4] [7.0 MB]
Creating vector for yes... [1.3 MB]
Allocating iteration vectors... [2 x 1.3 MB]
TOTAL: [10.8 MB]

Starting iterations...

Iterative method: 300 iterations in 0.27 seconds (average 0.000893, setup 0.08)

Value in the initial state: 5.211871637312201E-12

Time for model checking: 0.48 seconds.

Result: 5.211871637312201E-12 (value in the initial state)

