PRISM
=====

Version: 4.4.dev
Date: Sun Apr 08 08:03:59 IRDT 2018
Hostname: sadegh-H81M-S2PH
Memory limits: cudd=1g, java(heap)=910.5m
Command line: prism ../models/consensus/coin6.nm ../models/consensus/coin.pctl -improvedbounded -s -prop 5 -const 'K=28,k=300'

Parsing model file "../models/consensus/coin6.nm"...

Parsing properties file "../models/consensus/coin.pctl"...

8 properties:
(1) P>=1 [ F "finished" ]
(2) Pmin=? [ F "finished"&"all_coins_equal_0" ]
(3) Pmin=? [ F "finished"&"all_coins_equal_1" ]
(4) Pmax=? [ F "finished"&!"agree" ]
(5) Pmin=? [ F<=k "finished" ]
(6) Pmax=? [ F<=k "finished" ]
(7) R{"steps"}min=? [ F "finished" ]
(8) R{"steps"}max=? [ F "finished" ]

Type:        MDP
Modules:     process1 process2 process3 process4 process5 process6 
Variables:   counter pc1 coin1 pc2 coin2 pc3 coin3 pc4 coin4 pc5 coin5 pc6 coin6 

---------------------------------------------------------------------

Model checking: Pmin=? [ F<=k "finished" ]
Model constants: K=28
Property constants: k=300

Building model...
Model constants: K=28

Computing reachable states...

Reachability (BFS): 2021 iterations in 0.78 seconds (average 0.000384, setup 0.00)

Time for model construction: 1.188 seconds.

Type:        MDP
States:      15794944 (1 initial)
Transitions: 79020096
Choices:     63234816

Transition matrix: 7259 nodes (3 terminal), 79020096 minterms, vars: 27r/27c/6nd

Prob0E: 532 iterations in 1.88 seconds (average 0.003541, setup 0.00)

yes = 384, no = 0, maybe = 15794560

Computing probabilities...
Engine: Sparse

Building sparse matrix... [n=15794944, nc=63234432, nnz=79019712, k=6] [979.7 MB]
Creating vector for yes... [120.5 MB]
Allocating iteration vectors... [2 x 120.5 MB]
TOTAL: [1.3 GB]

Starting iterations...
Iteration 74 (of 300): 5.04 sec so far
Iteration 145 (of 300): 10.10 sec so far
Iteration 202 (of 300): 15.18 sec so far
Iteration 251 (of 300): 20.29 sec so far
Iteration 294 (of 300): 25.32 sec so far

Iterative method: 300 iterations in 25.94 seconds (average 0.086480, setup 14.90)

Value in the initial state: 0.0

Time for model checking: 42.962 seconds.

Result: 0.0 (value in the initial state)

