PRISM
=====

Version: 4.4.dev
Date: Sun Apr 08 07:41:13 IRDT 2018
Hostname: sadegh-H81M-S2PH
Memory limits: cudd=1g, java(heap)=910.5m
Command line: prism ../models/consensus/coin5.nm ../models/consensus/coin.pctl -s -prop 5 -const 'K=24,k=150'

Parsing model file "../models/consensus/coin5.nm"...

Parsing properties file "../models/consensus/coin.pctl"...

8 properties:
(1) P>=1 [ F "finished" ]
(2) Pmin=? [ F "finished"&"all_coins_equal_0" ]
(3) Pmin=? [ F "finished"&"all_coins_equal_1" ]
(4) Pmax=? [ F "finished"&!"agree" ]
(5) Pmin=? [ F<=k "finished" ]
(6) Pmax=? [ F<=k "finished" ]
(7) R{"steps"}min=? [ F "finished" ]
(8) R{"steps"}max=? [ F "finished" ]

Type:        MDP
Modules:     process1 process2 process3 process4 process5 
Variables:   counter pc1 coin1 pc2 coin2 pc3 coin3 pc4 coin4 pc5 coin5 

---------------------------------------------------------------------

Model checking: Pmin=? [ F<=k "finished" ]
Model constants: K=24
Property constants: k=150

Building model...
Model constants: K=24

Computing reachable states...

Reachability (BFS): 1444 iterations in 0.26 seconds (average 0.000177, setup 0.00)

Time for model construction: 0.407 seconds.

Type:        MDP
States:      1876736 (1 initial)
Transitions: 7843120
Choices:     6277120

Transition matrix: 4416 nodes (3 terminal), 7843120 minterms, vars: 23r/23c/5nd

Prob0E: 383 iterations in 0.54 seconds (average 0.001410, setup 0.00)

yes = 160, no = 0, maybe = 1876576

Computing probabilities...
Engine: Sparse

Building sparse matrix... [n=1876736, nc=6276960, nnz=7842960, k=5] [97.5 MB]
Creating vector for yes... [14.3 MB]
Allocating iteration vectors... [2 x 14.3 MB]
TOTAL: [140.5 MB]

Starting iterations...

Iterative method: 150 iterations in 3.61 seconds (average 0.024080, setup 1.05)

Value in the initial state: 0.0

Time for model checking: 5.22 seconds.

Result: 0.0 (value in the initial state)

