PRISM
=====

Version: 4.4.dev
Date: Sun Apr 08 07:44:52 IRDT 2018
Hostname: sadegh-H81M-S2PH
Memory limits: cudd=1g, java(heap)=910.5m
Command line: prism ../models/consensus/coin6.nm ../models/consensus/coin.pctl -improvedbounded -s -prop 5 -const 'K=12,k=25'

Parsing model file "../models/consensus/coin6.nm"...

Parsing properties file "../models/consensus/coin.pctl"...

8 properties:
(1) P>=1 [ F "finished" ]
(2) Pmin=? [ F "finished"&"all_coins_equal_0" ]
(3) Pmin=? [ F "finished"&"all_coins_equal_1" ]
(4) Pmax=? [ F "finished"&!"agree" ]
(5) Pmin=? [ F<=k "finished" ]
(6) Pmax=? [ F<=k "finished" ]
(7) R{"steps"}min=? [ F "finished" ]
(8) R{"steps"}max=? [ F "finished" ]

Type:        MDP
Modules:     process1 process2 process3 process4 process5 process6 
Variables:   counter pc1 coin1 pc2 coin2 pc3 coin3 pc4 coin4 pc5 coin5 pc6 coin6 

---------------------------------------------------------------------

Model checking: Pmin=? [ F<=k "finished" ]
Model constants: K=12
Property constants: k=25

Building model...
Model constants: K=12

Computing reachable states...

Reachability (BFS): 869 iterations in 0.25 seconds (average 0.000290, setup 0.00)

Time for model construction: 0.352 seconds.

Type:        MDP
States:      6849280 (1 initial)
Transitions: 34230336
Choices:     27403008

Transition matrix: 7189 nodes (3 terminal), 34230336 minterms, vars: 26r/26c/6nd

Prob0E: 244 iterations in 0.94 seconds (average 0.003836, setup 0.00)

yes = 384, no = 0, maybe = 6848896

Computing probabilities...
Engine: Sparse

Building sparse matrix... [n=6849280, nc=27402624, nnz=34229952, k=6] [424.4 MB]
Creating vector for yes... [52.3 MB]
Allocating iteration vectors... [2 x 52.3 MB]
TOTAL: [581.2 MB]

Starting iterations...

Iterative method: 25 iterations in 0.82 seconds (average 0.032800, setup 4.75)

Value in the initial state: 0.0

Time for model checking: 6.577 seconds.

Result: 0.0 (value in the initial state)

