PRISM
=====

Version: 4.4.dev
Date: Sun Apr 08 07:39:12 IRDT 2018
Hostname: sadegh-H81M-S2PH
Memory limits: cudd=1g, java(heap)=910.5m
Command line: prism ../models/consensus/coin4.nm ../models/consensus/coin.pctl -s -prop 5 -const 'K=40,k=150'

Parsing model file "../models/consensus/coin4.nm"...

Parsing properties file "../models/consensus/coin.pctl"...

8 properties:
(1) P>=1 [ F "finished" ]
(2) Pmin=? [ F "finished"&"all_coins_equal_0" ]
(3) Pmin=? [ F "finished"&"all_coins_equal_1" ]
(4) Pmax=? [ F "finished"&!"agree" ]
(5) Pmin=? [ F<=k "finished" ]
(6) Pmax=? [ F<=k "finished" ]
(7) R{"steps"}min=? [ F "finished" ]
(8) R{"steps"}max=? [ F "finished" ]

Type:        MDP
Modules:     process1 process2 process3 process4 
Variables:   counter pc1 coin1 pc2 coin2 pc3 coin3 pc4 coin4 

---------------------------------------------------------------------

Model checking: Pmin=? [ F<=k "finished" ]
Model constants: K=40
Property constants: k=150

Building model...
Model constants: K=40

Computing reachable states...

Reachability (BFS): 1923 iterations in 0.20 seconds (average 0.000102, setup 0.00)

Time for model construction: 0.402 seconds.

Type:        MDP
States:      411776 (1 initial)
Transitions: 1388512
Choices:     1111168

Transition matrix: 2480 nodes (3 terminal), 1388512 minterms, vars: 21r/21c/4nd

Prob0E: 498 iterations in 0.29 seconds (average 0.000578, setup 0.00)

yes = 64, no = 0, maybe = 411712

Computing probabilities...
Engine: Sparse

Building sparse matrix... [n=411776, nc=1111104, nnz=1388448, k=4] [17.3 MB]
Creating vector for yes... [3.1 MB]
Allocating iteration vectors... [2 x 3.1 MB]
TOTAL: [26.8 MB]

Starting iterations...

Iterative method: 150 iterations in 0.61 seconds (average 0.004053, setup 0.19)

Value in the initial state: 0.0

Time for model checking: 1.09 seconds.

Result: 0.0 (value in the initial state)

