PRISM
=====

Version: 4.4.dev
Date: Sun Apr 08 07:56:17 IRDT 2018
Hostname: sadegh-H81M-S2PH
Memory limits: cudd=1g, java(heap)=910.5m
Command line: prism ../models/consensus/coin6.nm ../models/consensus/coin.pctl -s -prop 5 -const 'K=24,k=300'

Parsing model file "../models/consensus/coin6.nm"...

Parsing properties file "../models/consensus/coin.pctl"...

8 properties:
(1) P>=1 [ F "finished" ]
(2) Pmin=? [ F "finished"&"all_coins_equal_0" ]
(3) Pmin=? [ F "finished"&"all_coins_equal_1" ]
(4) Pmax=? [ F "finished"&!"agree" ]
(5) Pmin=? [ F<=k "finished" ]
(6) Pmax=? [ F<=k "finished" ]
(7) R{"steps"}min=? [ F "finished" ]
(8) R{"steps"}max=? [ F "finished" ]

Type:        MDP
Modules:     process1 process2 process3 process4 process5 process6 
Variables:   counter pc1 coin1 pc2 coin2 pc3 coin3 pc4 coin4 pc5 coin5 pc6 coin6 

---------------------------------------------------------------------

Model checking: Pmin=? [ F<=k "finished" ]
Model constants: K=24
Property constants: k=300

Building model...
Model constants: K=24

Computing reachable states...

Reachability (BFS): 1733 iterations in 0.69 seconds (average 0.000397, setup 0.00)

Time for model construction: 1.01 seconds.

Type:        MDP
States:      13558528 (1 initial)
Transitions: 67822656
Choices:     54276864

Transition matrix: 7259 nodes (3 terminal), 67822656 minterms, vars: 27r/27c/6nd

Prob0E: 460 iterations in 1.79 seconds (average 0.003896, setup 0.00)

yes = 384, no = 0, maybe = 13558144

Computing probabilities...
Engine: Sparse

Building sparse matrix... [n=13558528, nc=54276480, nnz=67822272, k=6] [840.9 MB]
Creating vector for yes... [103.4 MB]
Allocating iteration vectors... [2 x 103.4 MB]
TOTAL: [1.1 GB]

Starting iterations...
Iteration 18 (of 300): 5.14 sec so far
Iteration 37 (of 300): 10.28 sec so far
Iteration 56 (of 300): 15.41 sec so far
Iteration 75 (of 300): 20.54 sec so far
Iteration 94 (of 300): 25.68 sec so far
Iteration 113 (of 300): 30.83 sec so far
Iteration 132 (of 300): 35.96 sec so far
Iteration 151 (of 300): 41.10 sec so far
Iteration 170 (of 300): 46.23 sec so far
Iteration 189 (of 300): 51.36 sec so far
Iteration 208 (of 300): 56.50 sec so far
Iteration 227 (of 300): 61.63 sec so far
Iteration 246 (of 300): 66.77 sec so far
Iteration 265 (of 300): 71.90 sec so far
Iteration 284 (of 300): 77.03 sec so far

Iterative method: 300 iterations in 81.08 seconds (average 0.270267, setup 12.84)

Value in the initial state: 0.0

Time for model checking: 95.823 seconds.

Result: 0.0 (value in the initial state)

