PRISM
=====

Version: 4.4.dev
Date: Sun Apr 08 07:39:46 IRDT 2018
Hostname: sadegh-H81M-S2PH
Memory limits: cudd=1g, java(heap)=910.5m
Command line: prism ../models/consensus/coin5.nm ../models/consensus/coin.pctl -s -prop 5 -const 'K=12,k=150'

Parsing model file "../models/consensus/coin5.nm"...

Parsing properties file "../models/consensus/coin.pctl"...

8 properties:
(1) P>=1 [ F "finished" ]
(2) Pmin=? [ F "finished"&"all_coins_equal_0" ]
(3) Pmin=? [ F "finished"&"all_coins_equal_1" ]
(4) Pmax=? [ F "finished"&!"agree" ]
(5) Pmin=? [ F<=k "finished" ]
(6) Pmax=? [ F<=k "finished" ]
(7) R{"steps"}min=? [ F "finished" ]
(8) R{"steps"}max=? [ F "finished" ]

Type:        MDP
Modules:     process1 process2 process3 process4 process5 
Variables:   counter pc1 coin1 pc2 coin2 pc3 coin3 pc4 coin4 pc5 coin5 

---------------------------------------------------------------------

Model checking: Pmin=? [ F<=k "finished" ]
Model constants: K=12
Property constants: k=150

Building model...
Model constants: K=12

Computing reachable states...

Reachability (BFS): 724 iterations in 0.14 seconds (average 0.000188, setup 0.00)

Time for model construction: 0.206 seconds.

Type:        MDP
States:      947456 (1 initial)
Transitions: 3955120
Choices:     3166720

Transition matrix: 4497 nodes (3 terminal), 3955120 minterms, vars: 23r/23c/5nd

Prob0E: 203 iterations in 0.34 seconds (average 0.001655, setup 0.00)

yes = 160, no = 0, maybe = 947296

Computing probabilities...
Engine: Sparse

Building sparse matrix... [n=947456, nc=3166560, nnz=3954960, k=5] [49.2 MB]
Creating vector for yes... [7.2 MB]
Allocating iteration vectors... [2 x 7.2 MB]
TOTAL: [70.9 MB]

Starting iterations...

Iterative method: 150 iterations in 1.64 seconds (average 0.010933, setup 0.53)

Value in the initial state: 0.0

Time for model checking: 2.512 seconds.

Result: 0.0 (value in the initial state)

