PRISM
=====

Version: 4.4.dev
Date: Sun Apr 08 07:51:44 IRDT 2018
Hostname: sadegh-H81M-S2PH
Memory limits: cudd=1g, java(heap)=910.5m
Command line: prism ../models/consensus/coin6.nm ../models/consensus/coin.pctl -s -prop 5 -const 'K=20,k=300'

Parsing model file "../models/consensus/coin6.nm"...

Parsing properties file "../models/consensus/coin.pctl"...

8 properties:
(1) P>=1 [ F "finished" ]
(2) Pmin=? [ F "finished"&"all_coins_equal_0" ]
(3) Pmin=? [ F "finished"&"all_coins_equal_1" ]
(4) Pmax=? [ F "finished"&!"agree" ]
(5) Pmin=? [ F<=k "finished" ]
(6) Pmax=? [ F<=k "finished" ]
(7) R{"steps"}min=? [ F "finished" ]
(8) R{"steps"}max=? [ F "finished" ]

Type:        MDP
Modules:     process1 process2 process3 process4 process5 process6 
Variables:   counter pc1 coin1 pc2 coin2 pc3 coin3 pc4 coin4 pc5 coin5 pc6 coin6 

---------------------------------------------------------------------

Model checking: Pmin=? [ F<=k "finished" ]
Model constants: K=20
Property constants: k=300

Building model...
Model constants: K=20

Computing reachable states...

Reachability (BFS): 1445 iterations in 0.39 seconds (average 0.000271, setup 0.00)

Time for model construction: 0.581 seconds.

Type:        MDP
States:      11322112 (1 initial)
Transitions: 56625216
Choices:     45318912

Transition matrix: 7195 nodes (3 terminal), 56625216 minterms, vars: 26r/26c/6nd

Prob0E: 388 iterations in 1.14 seconds (average 0.002928, setup 0.00)

yes = 384, no = 0, maybe = 11321728

Computing probabilities...
Engine: Sparse

Building sparse matrix... [n=11322112, nc=45318528, nnz=56624832, k=6] [702.0 MB]
Creating vector for yes... [86.4 MB]
Allocating iteration vectors... [2 x 86.4 MB]
TOTAL: [961.2 MB]

Starting iterations...
Iteration 29 (of 300): 5.04 sec so far
Iteration 61 (of 300): 10.16 sec so far
Iteration 88 (of 300): 15.22 sec so far
Iteration 112 (of 300): 20.24 sec so far
Iteration 140 (of 300): 25.26 sec so far
Iteration 172 (of 300): 30.38 sec so far
Iteration 202 (of 300): 35.40 sec so far
Iteration 233 (of 300): 40.54 sec so far
Iteration 257 (of 300): 45.61 sec so far
Iteration 284 (of 300): 50.77 sec so far

Iterative method: 300 iterations in 53.38 seconds (average 0.177933, setup 7.65)

Value in the initial state: 0.0

Time for model checking: 62.283 seconds.

Result: 0.0 (value in the initial state)

