PRISM
=====

Version: 4.4
Date: Fri Aug 12 01:45:22 IRDT 2022
Hostname: sadegh-H81M-S2PH
Memory limits: cudd=1g, java(heap)=910.5m
Command line: prism ../../examples/mdps/zeroconf/zeroconf.nm ../../examples/mdps/zeroconf/max_cost.pctl -s -improvedbk -maxiters 109 -epsilon 1e-10 -const 'K=19,N=3000,reset=false,err=.1'

Parsing model file "../../examples/mdps/zeroconf/zeroconf.nm"...

Parsing properties file "../../examples/mdps/zeroconf/max_cost.pctl"...

1 property:
(1) Rmax=? [ F l=4 ]

Type:        MDP
Modules:     environment host0 
Variables:   b_ip7 b_ip6 b_ip5 b_ip4 b_ip3 b_ip2 b_ip1 b_ip0 n n0 n1 b z ip_mess x y coll probes mess defend ip l 

---------------------------------------------------------------------

Model checking: Rmax=? [ F l=4 ]
Model constants: N=3000,K=19,err=0.1

Warning: Not Switching to explicit engine, We implemented the emthods for sparse engine.

Building model...
Model constants: N=3000,K=19,err=0.1

Computing reachable states...

Reachability (BFS): 1187 iterations in 231.04 seconds (average 0.194643, setup 0.00)

Time for model construction: 233.119 seconds.

Type:        MDP
States:      5659200 (1 initial)
Transitions: 12783739
Choices:     10431168

Transition matrix: 374629 nodes (6 terminal), 12783739 minterms, vars: 59r/59c/7nd

Prob0E: 178 iterations in 15.50 seconds (average 0.087101, setup 0.00)

Prob1A: 1 iterations in 0.08 seconds (average 0.080000, setup 0.00)

goal = 12541, inf = 0, maybe = 5646659

Computing remaining rewards...

Building sparse matrix (transitions)... [n=5659200, nc=10409710, nnz=12756976, k=4] [207.3 MB]
Building sparse matrix (transition rewards)... [n=5659200, nc=10409710, nnz=1594700, k=4] [79.5 MB]
Creating vector for state rewards... [43.2 MB]
Creating vector for inf... [43.2 MB]
Creating vector for lower bounds... [43.2 MB]
Creating vector for upper bounds... [43.2 MB]
Allocating iteration vectors... [4 x 43.2 MB]
TOTAL: [632.2 MB]

Starting iterations (interval iteration)...

 Time for pre-computation: 2.957000 Iteration 9: max relative diff=76.250008, 2.14 sec so far
Iteration 36: max relative diff=0.025641, 7.16 sec so far
Iteration 63: max relative diff=0.000009, 12.18 sec so far
Iteration 90: max relative diff=0.000000, 17.20 sec so far

First round (updates from below) finished after 108 iters.
Iterative method: 108 iterations in 20.73 seconds (average 0.191898, setup 9.33)

Value in the initial state: 43.170801108050284

Time for model checking: 48.964 seconds.

Result: 43.170801108050284 (value in the initial state)

---------------------------------------------------------------------

Note: There was 1 warning during computation.

