PRISM
=====

Version: 4.4
Date: Thu Aug 11 22:37:39 IRDT 2022
Hostname: sadegh-H81M-S2PH
Memory limits: cudd=1g, java(heap)=910.5m
Command line: prism ../../examples/mdps/zeroconf/zeroconf.nm ../../examples/mdps/zeroconf/max_cost.pctl -s '-ii:upper=1.2e+12' -asynchii -maxiters 900500 -const 'K=11,N=3000,reset=false,err=.1'

Parsing model file "../../examples/mdps/zeroconf/zeroconf.nm"...

Parsing properties file "../../examples/mdps/zeroconf/max_cost.pctl"...

1 property:
(1) Rmax=? [ F l=4 ]

Type:        MDP
Modules:     environment host0 
Variables:   b_ip7 b_ip6 b_ip5 b_ip4 b_ip3 b_ip2 b_ip1 b_ip0 n n0 n1 b z ip_mess x y coll probes mess defend ip l 

---------------------------------------------------------------------

Model checking: Rmax=? [ F l=4 ]
Model constants: N=3000,K=11,err=0.1

Warning: Not Switching to explicit engine, We implemented the emthods for sparse engine.

Building model...
Model constants: N=3000,K=11,err=0.1

Computing reachable states...

Reachability (BFS): 685 iterations in 99.32 seconds (average 0.144991, setup 0.00)

Time for model construction: 100.149 seconds.

Type:        MDP
States:      3387245 (1 initial)
Transitions: 7659711
Choices:     6233814

Transition matrix: 184560 nodes (6 terminal), 7659711 minterms, vars: 58r/58c/7nd

Prob0E: 146 iterations in 8.13 seconds (average 0.055719, setup 0.00)

Prob1A: 1 iterations in 0.04 seconds (average 0.037000, setup 0.00)

goal = 20243, inf = 0, maybe = 3367002

Warning: Upper bound for interval iteration manually set to 1.2E12

Computing remaining rewards...
 8
Building sparse matrix (transitions)... [n=3387245, nc=6198905, nnz=7616166, k=4] [123.7 MB]
Building sparse matrix (transition rewards)... [n=3387245, nc=6198905, nnz=942336, k=4] [47.4 MB]
Creating vector for state rewards... [25.8 MB]
Creating vector for inf... [25.8 MB]
Creating vector for lower bounds... [25.8 MB]
Creating vector for upper bounds... [25.8 MB]
Allocating iteration vectors... [4 x 25.8 MB]
TOTAL: [377.8 MB]

Starting iterations (interval iteration)...

 Time for pre-computation	: 0.265000 
		 >> 3367002 after 0 iters << 
Iteration 28: max relative diff=1199999999996.773193, 4.75 sec so far
Iteration 60: max relative diff=1198106119701.228027, 9.77 sec so far
Iteration 92: max relative diff=37404467659.444412, 14.79 sec so far
Iteration 124: max relative diff=295123280.512119, 19.80 sec so far
Iteration 156: max relative diff=2641866.198902, 24.82 sec so far
Iteration 188: max relative diff=34231.611789, 29.84 sec so far
Iteration 219: max relative diff=347.593721, 35.10 sec so far
Iteration 244: max relative diff=6.079404, 40.25 sec so far
Iteration 265: max relative diff=0.065615, 45.30 sec so far
Iteration 284: max relative diff=0.000303, 50.59 sec so far
Iteration 302: max relative diff=0.000004, 55.86 sec so far
Max relative diff between upper and lower bound on convergence: 9.26301E-07
LowItr:78 , UpItr:296 

Iterative method: 309 iterations in 57.50 seconds (average 0.186078, setup 5.78)
Maximum finite value in solution vector at end of interval iteration: 114.06989809185755

Value in the initial state: 27.17080110930141

Time for model checking: 72.28 seconds.

Result: 27.17080110930141 (value in the initial state)

---------------------------------------------------------------------

Note: There were 2 warnings during computation.

