PRISM
=====

Version: 4.4
Date: Fri Aug 12 01:02:55 IRDT 2022
Hostname: sadegh-H81M-S2PH
Memory limits: cudd=1g, java(heap)=910.5m
Command line: prism ../../examples/mdps/zeroconf/zeroconf.nm ../../examples/mdps/zeroconf/max_cost.pctl -s '-ii:upper=134' -asynchii -maxiters 900500 -const 'K=17,N=3000,reset=false,err=.1'

Parsing model file "../../examples/mdps/zeroconf/zeroconf.nm"...

Parsing properties file "../../examples/mdps/zeroconf/max_cost.pctl"...

1 property:
(1) Rmax=? [ F l=4 ]

Type:        MDP
Modules:     environment host0 
Variables:   b_ip7 b_ip6 b_ip5 b_ip4 b_ip3 b_ip2 b_ip1 b_ip0 n n0 n1 b z ip_mess x y coll probes mess defend ip l 

---------------------------------------------------------------------

Model checking: Rmax=? [ F l=4 ]
Model constants: N=3000,K=17,err=0.1

Warning: Not Switching to explicit engine, We implemented the emthods for sparse engine.

Building model...
Model constants: N=3000,K=17,err=0.1

Computing reachable states...

Reachability (BFS): 948 iterations in 201.30 seconds (average 0.212343, setup 0.00)

Time for model construction: 203.074 seconds.

Type:        MDP
States:      5256844 (1 initial)
Transitions: 11879897
Choices:     9689998

Transition matrix: 338884 nodes (6 terminal), 11879897 minterms, vars: 59r/59c/7nd

Prob0E: 170 iterations in 14.87 seconds (average 0.087459, setup 0.00)

Prob1A: 1 iterations in 0.07 seconds (average 0.071000, setup 0.00)

goal = 14719, inf = 0, maybe = 5242125

Warning: Upper bound for interval iteration manually set to 134.0

Computing remaining rewards...
 8
Building sparse matrix (transitions)... [n=5256844, nc=9664782, nnz=11848442, k=4] [192.5 MB]
Building sparse matrix (transition rewards)... [n=5256844, nc=9664782, nnz=1477510, k=4] [73.8 MB]
Creating vector for state rewards... [40.1 MB]
Creating vector for inf... [40.1 MB]
Creating vector for lower bounds... [40.1 MB]
Creating vector for upper bounds... [40.1 MB]
Allocating iteration vectors... [4 x 40.1 MB]
TOTAL: [587.2 MB]

Starting iterations (interval iteration)...

 Time for pre-computation	: 0.457000 
		 >> 5242125 after 0 iters << 
Iteration 17: max relative diff=1.000000, 4.65 sec so far
Iteration 36: max relative diff=132.978248, 9.83 sec so far
Iteration 56: max relative diff=129.997606, 15.07 sec so far
Iteration 76: max relative diff=103.569999, 20.31 sec so far
Iteration 92: max relative diff=5.103006, 25.65 sec so far
Iteration 105: max relative diff=1.272744, 30.66 sec so far
Iteration 117: max relative diff=0.097966, 35.86 sec so far
Iteration 130: max relative diff=0.006315, 40.88 sec so far
Iteration 141: max relative diff=0.000583, 46.05 sec so far
Iteration 154: max relative diff=0.000042, 51.06 sec so far
Iteration 165: max relative diff=0.000003, 56.22 sec so far
Max relative diff between upper and lower bound on convergence: 9.69033E-07
LowItr:88 , UpItr:153 

Iterative method: 171 iterations in 58.60 seconds (average 0.342719, setup 9.10)
Maximum finite value in solution vector at end of interval iteration: 138.0698548864928

Value in the initial state: 39.17080110805022

Time for model checking: 83.567 seconds.

Result: 39.17080110805022 (value in the initial state)

---------------------------------------------------------------------

Note: There were 2 warnings during computation.

