PRISM
=====

Version: 4.4
Date: Fri Aug 12 01:34:49 IRDT 2022
Hostname: sadegh-H81M-S2PH
Memory limits: cudd=1g, java(heap)=910.5m
Command line: prism ../../examples/mdps/zeroconf/zeroconf.nm ../../examples/mdps/zeroconf/max_cost.pctl -s '-ii:upper=138' -asynchii -maxiters 900500 -const 'K=18,N=3000,reset=false,err=.1'

Parsing model file "../../examples/mdps/zeroconf/zeroconf.nm"...

Parsing properties file "../../examples/mdps/zeroconf/max_cost.pctl"...

1 property:
(1) Rmax=? [ F l=4 ]

Type:        MDP
Modules:     environment host0 
Variables:   b_ip7 b_ip6 b_ip5 b_ip4 b_ip3 b_ip2 b_ip1 b_ip0 n n0 n1 b z ip_mess x y coll probes mess defend ip l 

---------------------------------------------------------------------

Model checking: Rmax=? [ F l=4 ]
Model constants: N=3000,K=18,err=0.1

Warning: Not Switching to explicit engine, We implemented the emthods for sparse engine.

Building model...
Model constants: N=3000,K=18,err=0.1

Computing reachable states...

Reachability (BFS): 1103 iterations in 223.97 seconds (average 0.203058, setup 0.00)

Time for model construction: 225.596 seconds.

Type:        MDP
States:      5477150 (1 initial)
Transitions: 12374708
Choices:     10095684

Transition matrix: 307471 nodes (6 terminal), 12374708 minterms, vars: 59r/59c/7nd

Prob0E: 174 iterations in 14.35 seconds (average 0.082448, setup 0.00)

Prob1A: 1 iterations in 0.07 seconds (average 0.071000, setup 0.00)

goal = 13630, inf = 0, maybe = 5463520

Warning: Upper bound for interval iteration manually set to 138.0

Computing remaining rewards...
 8
Building sparse matrix (transitions)... [n=5477150, nc=10072347, nnz=12345599, k=4] [200.6 MB]
Building sparse matrix (transition rewards)... [n=5477150, nc=10072347, nnz=1541484, k=4] [77.0 MB]
Creating vector for state rewards... [41.8 MB]
Creating vector for inf... [41.8 MB]
Creating vector for lower bounds... [41.8 MB]
Creating vector for upper bounds... [41.8 MB]
Allocating iteration vectors... [4 x 41.8 MB]
TOTAL: [611.9 MB]

Starting iterations (interval iteration)...

 Time for pre-computation	: 0.516000 
		 >> 5463520 after 0 iters << 
Iteration 17: max relative diff=1.000000, 4.71 sec so far
Iteration 35: max relative diff=136.965272, 9.84 sec so far
Iteration 54: max relative diff=132.593036, 15.04 sec so far
Iteration 73: max relative diff=121.305833, 20.23 sec so far
Iteration 90: max relative diff=5.605316, 25.58 sec so far
Iteration 101: max relative diff=2.758475, 30.94 sec so far
Iteration 115: max relative diff=0.098381, 36.18 sec so far
Iteration 126: max relative diff=0.019103, 41.31 sec so far
Iteration 138: max relative diff=0.000504, 46.48 sec so far
Iteration 149: max relative diff=0.000077, 51.61 sec so far
Iteration 161: max relative diff=0.000004, 56.77 sec so far
Max relative diff between upper and lower bound on convergence: 8.82957E-07
LowItr:88 , UpItr:152 

Iterative method: 170 iterations in 60.48 seconds (average 0.355782, setup 9.34)
Maximum finite value in solution vector at end of interval iteration: 142.06971173614724

Value in the initial state: 41.170801108050256

Time for model checking: 85.345 seconds.

Result: 41.170801108050256 (value in the initial state)

---------------------------------------------------------------------

Note: There were 2 warnings during computation.

