PRISM
=====

Version: 4.6
Date: Sat Feb 27 19:29:00 IRST 2021
Hostname: sadegh-H81M-S2PH
Memory limits: cudd=1g, java(heap)=910.5m
Command line: prism ../prism-examples/mdps/zeroconf/zeroconf.nm ../prism-examples/mdps/zeroconf/max_cost.pctl -s '-ii:upper=1.2e+12' -improvedbk -maxiters 900500 -const 'K=18,N=1000,reset=false,err=.1'

Parsing model file "../prism-examples/mdps/zeroconf/zeroconf.nm"...

Type:        MDP
Modules:     environment host0 
Variables:   b_ip7 b_ip6 b_ip5 b_ip4 b_ip3 b_ip2 b_ip1 b_ip0 n n0 n1 b z ip_mess x y coll probes mess defend ip l 

Parsing properties file "../prism-examples/mdps/zeroconf/max_cost.pctl"...

1 property:
(1) Rmax=? [ F l=4 ]

---------------------------------------------------------------------

Model checking: Rmax=? [ F l=4 ]
Model constants: reset=false,N=1000,K=18,err=0.1

Building model...
Model constants: reset=false,N=1000,K=18,err=0.1

Computing reachable states...

Reachability (BFS): 1103 iterations in 232.12 seconds (average 0.210448, setup 0.00)

Time for model construction: 233.758 seconds.

Type:        MDP
States:      5477150 (1 initial)
Transitions: 12374708
Choices:     10095684

Transition matrix: 307471 nodes (6 terminal), 12374708 minterms, vars: 59r/59c/7nd

Prob0E: 174 iterations in 14.06 seconds (average 0.080828, setup 0.00)

Prob1A: 1 iterations in 0.07 seconds (average 0.070000, setup 0.00)

goal = 13630, inf = 0, maybe = 5463520

Warning: Upper bound for interval iteration manually set to 1.2E12

Computing remaining rewards...
Engine: Sparse

Building sparse matrix (transitions)... [n=5477150, nc=10072347, nnz=12345599, k=4] [200.6 MB]
Building sparse matrix (transition rewards)... [n=5477150, nc=10072347, nnz=1541484, k=4] [77.0 MB]
Creating vector for state rewards... [41.8 MB]
Creating vector for inf... [41.8 MB]
Creating vector for lower bounds... [41.8 MB]
Creating vector for upper bounds... [41.8 MB]
Allocating iteration vectors... [4 x 41.8 MB]
TOTAL: [611.9 MB]

Starting iterations (interval iteration)...

 Time for pre-computation: 2.772000 Iteration 10: max relative diff=52.982758, 2.25 sec so far
Iteration 39: max relative diff=0.000561, 7.39 sec so far

First round (updates from below) finished after 59 iters.Iteration 67: max relative diff=7.684816, 12.55 sec so far
Iteration 93: max relative diff=1.441890, 17.72 sec so far
Iteration 119: max relative diff=0.000003, 22.88 sec so far

Second round (updates from above) finished after 123 iters.
Update from both sides... 
Max relative diff between upper and lower bound on convergence: 0

Number of iterations for the lower bound = 62

Iterative method: 126 iterations in 24.39 seconds (average 0.193540, setup 9.37)
Maximum finite value in solution vector at end of interval iteration: 139.99114636470586

Value in the initial state: 41.05450253458986

Time for model checking: 51.156 seconds.

Result: 41.05450253458986 (value in the initial state)

---------------------------------------------------------------------

Note: There was 1 warning during computation.

