PRISM
=====

Version: 4.6
Date: Sat Feb 27 18:28:36 IRST 2021
Hostname: sadegh-H81M-S2PH
Memory limits: cudd=1g, java(heap)=910.5m
Command line: prism ../prism-examples/mdps/zeroconf/zeroconf.nm ../prism-examples/mdps/zeroconf/max_cost.pctl -s '-ii:upper=1.2e+12' -improvedbk -maxiters 900500 -const 'K=15,N=1000,reset=false,err=.1'

Parsing model file "../prism-examples/mdps/zeroconf/zeroconf.nm"...

Type:        MDP
Modules:     environment host0 
Variables:   b_ip7 b_ip6 b_ip5 b_ip4 b_ip3 b_ip2 b_ip1 b_ip0 n n0 n1 b z ip_mess x y coll probes mess defend ip l 

Parsing properties file "../prism-examples/mdps/zeroconf/max_cost.pctl"...

1 property:
(1) Rmax=? [ F l=4 ]

---------------------------------------------------------------------

Model checking: Rmax=? [ F l=4 ]
Model constants: reset=false,N=1000,K=15,err=0.1

Building model...
Model constants: reset=false,N=1000,K=15,err=0.1

Computing reachable states...

Reachability (BFS): 830 iterations in 172.57 seconds (average 0.207918, setup 0.00)

Time for model construction: 173.885 seconds.

Type:        MDP
States:      4730203 (1 initial)
Transitions: 10693301
Choices:     8717533

Transition matrix: 263732 nodes (6 terminal), 10693301 minterms, vars: 58r/58c/7nd

Prob0E: 162 iterations in 12.48 seconds (average 0.077049, setup 0.00)

Prob1A: 1 iterations in 0.06 seconds (average 0.056000, setup 0.00)

goal = 16923, inf = 0, maybe = 4713280

Warning: Upper bound for interval iteration manually set to 1.2E12

Computing remaining rewards...
Engine: Sparse

Building sparse matrix (transitions)... [n=4730203, nc=8688511, nnz=10657102, k=4] [173.1 MB]
Building sparse matrix (transition rewards)... [n=4730203, nc=8688511, nnz=1325232, k=4] [66.4 MB]
Creating vector for state rewards... [36.1 MB]
Creating vector for inf... [36.1 MB]
Creating vector for lower bounds... [36.1 MB]
Creating vector for upper bounds... [36.1 MB]
Allocating iteration vectors... [4 x 36.1 MB]
TOTAL: [528.2 MB]

Starting iterations (interval iteration)...

 Time for pre-computation: 2.095000 Iteration 17: max relative diff=8.091033, 2.92 sec so far
Iteration 51: max relative diff=0.000003, 7.97 sec so far

First round (updates from below) finished after 56 iters.Iteration 82: max relative diff=2.025517, 13.05 sec so far
Iteration 113: max relative diff=0.000028, 18.15 sec so far

Second round (updates from above) finished after 121 iters.
Update from both sides... 
Max relative diff between upper and lower bound on convergence: 0

Number of iterations for the lower bound = 60

Iterative method: 125 iterations in 20.28 seconds (average 0.162208, setup 8.00)
Maximum finite value in solution vector at end of interval iteration: 127.99133174775642

Value in the initial state: 35.054502534589766

Time for model checking: 43.336 seconds.

Result: 35.054502534589766 (value in the initial state)

---------------------------------------------------------------------

Note: There was 1 warning during computation.

