PRISM
=====

Version: 4.4
Date: Fri Aug 12 02:13:38 IRDT 2022
Hostname: sadegh-H81M-S2PH
Memory limits: cudd=1g, java(heap)=910.5m
Command line: prism ../../examples/mdps/zeroconf/zeroconf.nm ../../examples/mdps/zeroconf/max_cost.pctl -s '-ii:upper=146' -asynchupper -maxiters 900500 -const 'K=20,N=3000,reset=false,err=.1'

Parsing model file "../../examples/mdps/zeroconf/zeroconf.nm"...

Parsing properties file "../../examples/mdps/zeroconf/max_cost.pctl"...

1 property:
(1) Rmax=? [ F l=4 ]

Type:        MDP
Modules:     environment host0 
Variables:   b_ip7 b_ip6 b_ip5 b_ip4 b_ip3 b_ip2 b_ip1 b_ip0 n n0 n1 b z ip_mess x y coll probes mess defend ip l 

---------------------------------------------------------------------

Model checking: Rmax=? [ F l=4 ]
Model constants: N=3000,K=20,err=0.1

Warning: Not Switching to explicit engine, We implemented the emthods for sparse engine.

Building model...
Model constants: N=3000,K=20,err=0.1

Computing reachable states...

Reachability (BFS): 1336 iterations in 248.22 seconds (average 0.185797, setup 0.00)

Time for model construction: 250.254 seconds.

Type:        MDP
States:      5812171 (1 initial)
Transitions: 13124020
Choices:     10710547

Transition matrix: 342796 nodes (6 terminal), 13124020 minterms, vars: 59r/59c/7nd

Prob0E: 182 iterations in 15.01 seconds (average 0.082462, setup 0.00)

Prob1A: 1 iterations in 0.08 seconds (average 0.076000, setup 0.00)

goal = 11452, inf = 0, maybe = 5800719

Warning: Upper bound for interval iteration manually set to 146.0

Computing remaining rewards...
 10
Building sparse matrix (transitions)... [n=5812171, nc=10690968, nnz=13099603, k=4] [212.9 MB]
Building sparse matrix (transition rewards)... [n=5812171, nc=10690968, nnz=1639538, k=4] [81.7 MB]
Creating vector for state rewards... [44.3 MB]
Creating vector for inf... [44.3 MB]
Creating vector for lower bounds... [44.3 MB]
Creating vector for upper bounds... [44.3 MB]
Allocating iteration vectors... [4 x 44.3 MB]
TOTAL: [649.3 MB]

Starting iterations (interval iteration)...

Soln above finished after 141 iterations, while flag is False.

Checking for lower bound passed after 19 iterations.Iteration 1: max relative diff=1.000000, 44.99 sec so far
Iteration 22: max relative diff=1.000000, 50.05 sec so far
Iteration 43: max relative diff=1.000000, 55.09 sec so far
Iteration 54: max relative diff=0.000002, 60.53 sec so far
Max relative diff between upper and lower bound on convergence: 8.71564E-07
LowItr:75 , UpItr:153  

Iterative method: 56 iterations in 61.57 seconds (average 1.099446, setup 9.84)
Maximum finite value in solution vector at end of interval iteration: 150.06740557619614

Value in the initial state: 45.17080110805016

Time for model checking: 87.57 seconds.

Result: 45.17080110805016 (value in the initial state)

---------------------------------------------------------------------

Note: There were 2 warnings during computation.

