PRISM
=====

Version: 4.4
Date: Thu Aug 11 21:46:47 IRDT 2022
Hostname: sadegh-H81M-S2PH
Memory limits: cudd=1g, java(heap)=910.5m
Command line: prism ../../examples/mdps/zeroconf/zeroconf.nm ../../examples/mdps/zeroconf/max_cost.pctl -s '-ii:upper=1.2e+12' -backward -maxiters 900500 -const 'K=7,N=3000,reset=false,err=.1'

Parsing model file "../../examples/mdps/zeroconf/zeroconf.nm"...

Parsing properties file "../../examples/mdps/zeroconf/max_cost.pctl"...

1 property:
(1) Rmax=? [ F l=4 ]

Type:        MDP
Modules:     environment host0 
Variables:   b_ip7 b_ip6 b_ip5 b_ip4 b_ip3 b_ip2 b_ip1 b_ip0 n n0 n1 b z ip_mess x y coll probes mess defend ip l 

---------------------------------------------------------------------

Model checking: Rmax=? [ F l=4 ]
Model constants: N=3000,K=7,err=0.1

Warning: Not Switching to explicit engine, We implemented the emthods for sparse engine.

Building model...
Model constants: N=3000,K=7,err=0.1

Computing reachable states...

Reachability (BFS): 517 iterations in 35.73 seconds (average 0.069110, setup 0.00)

Time for model construction: 36.308 seconds.

Type:        MDP
States:      1248568 (1 initial)
Transitions: 2849698
Choices:     2305462

Transition matrix: 127352 nodes (6 terminal), 2849698 minterms, vars: 57r/57c/7nd

Prob0E: 128 iterations in 4.25 seconds (average 0.033227, setup 0.00)

Prob1A: 1 iterations in 0.02 seconds (average 0.023000, setup 0.00)

goal = 16466, inf = 0, maybe = 1232102

Warning: Upper bound for interval iteration manually set to 1.2E12

Computing remaining rewards...
 6
Building sparse matrix (transitions)... [n=1248568, nc=2276811, nnz=2813890, k=4] [45.7 MB]
Building sparse matrix (transition rewards)... [n=1248568, nc=2276811, nnz=345977, k=4] [17.4 MB]
Creating vector for state rewards... [9.5 MB]
Creating vector for inf... [9.5 MB]
Creating vector for lower bounds... [9.5 MB]
Creating vector for upper bounds... [9.5 MB]
Allocating iteration vectors... [4 x 9.5 MB]
TOTAL: [139.3 MB]

Starting iterations (interval iteration)...

Time for state ordering: 0.079000

Max relative diff between upper and lower bound on convergence: 7.07785E-07
Iterative method: 245 iterations in 21.66 seconds (average 0.088392, setup 2.42)
Maximum finite value in solution vector at end of interval iteration: 98.06931706589988

Value in the initial state: 19.170803275027392

Time for model checking: 28.544 seconds.

Result: 19.170803275027392 (value in the initial state)

---------------------------------------------------------------------

Note: There were 2 warnings during computation.

