PRISM
=====

Version: 4.4
Date: Thu Aug 11 23:17:52 IRDT 2022
Hostname: sadegh-H81M-S2PH
Memory limits: cudd=1g, java(heap)=910.5m
Command line: prism ../../examples/mdps/zeroconf/zeroconf.nm ../../examples/mdps/zeroconf/max_cost.pctl -s '-ii:upper=118' -asynchii -maxiters 900500 -const 'K=13,N=3000,reset=false,err=.1'

Parsing model file "../../examples/mdps/zeroconf/zeroconf.nm"...

Parsing properties file "../../examples/mdps/zeroconf/max_cost.pctl"...

1 property:
(1) Rmax=? [ F l=4 ]

Type:        MDP
Modules:     environment host0 
Variables:   b_ip7 b_ip6 b_ip5 b_ip4 b_ip3 b_ip2 b_ip1 b_ip0 n n0 n1 b z ip_mess x y coll probes mess defend ip l 

---------------------------------------------------------------------

Model checking: Rmax=? [ F l=4 ]
Model constants: N=3000,K=13,err=0.1

Warning: Not Switching to explicit engine, We implemented the emthods for sparse engine.

Building model...
Model constants: N=3000,K=13,err=0.1

Computing reachable states...

Reachability (BFS): 735 iterations in 130.13 seconds (average 0.177050, setup 0.00)

Time for model construction: 131.137 seconds.

Type:        MDP
States:      4101663 (1 initial)
Transitions: 9274726
Choices:     7555631

Transition matrix: 223176 nodes (6 terminal), 9274726 minterms, vars: 58r/58c/7nd

Prob0E: 154 iterations in 10.49 seconds (average 0.068149, setup 0.00)

Prob1A: 1 iterations in 0.05 seconds (average 0.048000, setup 0.00)

goal = 19000, inf = 0, maybe = 4082663

Warning: Upper bound for interval iteration manually set to 118.0

Computing remaining rewards...
 8
Building sparse matrix (transitions)... [n=4101663, nc=7522993, nnz=9234000, k=4] [150.0 MB]
Building sparse matrix (transition rewards)... [n=4101663, nc=7522993, nnz=1145010, k=4] [57.4 MB]
Creating vector for state rewards... [31.3 MB]
Creating vector for inf... [31.3 MB]
Creating vector for lower bounds... [31.3 MB]
Creating vector for upper bounds... [31.3 MB]
Allocating iteration vectors... [4 x 31.3 MB]
TOTAL: [457.8 MB]

Starting iterations (interval iteration)...

 Time for pre-computation	: 0.354000 
		 >> 4082663 after 0 iters << 
Iteration 21: max relative diff=117.935671, 4.65 sec so far
Iteration 44: max relative diff=116.618922, 9.78 sec so far
Iteration 69: max relative diff=100.143489, 14.79 sec so far
Iteration 88: max relative diff=4.019055, 19.98 sec so far
Iteration 107: max relative diff=0.135421, 25.16 sec so far
Iteration 124: max relative diff=0.004302, 30.47 sec so far
Iteration 140: max relative diff=0.000137, 35.57 sec so far
Iteration 158: max relative diff=0.000005, 40.90 sec so far
Max relative diff between upper and lower bound on convergence: 9.95654E-07
LowItr:82 , UpItr:151 

Iterative method: 166 iterations in 43.62 seconds (average 0.262771, setup 6.93)
Maximum finite value in solution vector at end of interval iteration: 122.06989879694984

Value in the initial state: 31.170801108067433

Time for model checking: 61.874 seconds.

Result: 31.170801108067433 (value in the initial state)

---------------------------------------------------------------------

Note: There were 2 warnings during computation.

