PRISM
=====

Version: 4.4
Date: Fri Aug 12 00:57:23 IRDT 2022
Hostname: sadegh-H81M-S2PH
Memory limits: cudd=1g, java(heap)=910.5m
Command line: prism ../../examples/mdps/zeroconf/zeroconf.nm ../../examples/mdps/zeroconf/max_cost.pctl -s '-ii:upper=1.2e+12' -asynchii -maxiters 900500 -const 'K=17,N=3000,reset=false,err=.1'

Parsing model file "../../examples/mdps/zeroconf/zeroconf.nm"...

Parsing properties file "../../examples/mdps/zeroconf/max_cost.pctl"...

1 property:
(1) Rmax=? [ F l=4 ]

Type:        MDP
Modules:     environment host0 
Variables:   b_ip7 b_ip6 b_ip5 b_ip4 b_ip3 b_ip2 b_ip1 b_ip0 n n0 n1 b z ip_mess x y coll probes mess defend ip l 

---------------------------------------------------------------------

Model checking: Rmax=? [ F l=4 ]
Model constants: N=3000,K=17,err=0.1

Warning: Not Switching to explicit engine, We implemented the emthods for sparse engine.

Building model...
Model constants: N=3000,K=17,err=0.1

Computing reachable states...

Reachability (BFS): 948 iterations in 202.71 seconds (average 0.213831, setup 0.00)

Time for model construction: 204.509 seconds.

Type:        MDP
States:      5256844 (1 initial)
Transitions: 11879897
Choices:     9689998

Transition matrix: 338884 nodes (6 terminal), 11879897 minterms, vars: 59r/59c/7nd

Prob0E: 170 iterations in 14.86 seconds (average 0.087424, setup 0.00)

Prob1A: 1 iterations in 0.07 seconds (average 0.071000, setup 0.00)

goal = 14719, inf = 0, maybe = 5242125

Warning: Upper bound for interval iteration manually set to 1.2E12

Computing remaining rewards...
 8
Building sparse matrix (transitions)... [n=5256844, nc=9664782, nnz=11848442, k=4] [192.5 MB]
Building sparse matrix (transition rewards)... [n=5256844, nc=9664782, nnz=1477510, k=4] [73.8 MB]
Creating vector for state rewards... [40.1 MB]
Creating vector for inf... [40.1 MB]
Creating vector for lower bounds... [40.1 MB]
Creating vector for upper bounds... [40.1 MB]
Allocating iteration vectors... [4 x 40.1 MB]
TOTAL: [587.2 MB]

Starting iterations (interval iteration)...

 Time for pre-computation	: 0.483000 
		 >> 5242125 after 0 iters << 
Iteration 17: max relative diff=1.000000, 4.54 sec so far
Iteration 36: max relative diff=1199999999985.041016, 9.56 sec so far
Iteration 56: max relative diff=1199999381150.939209, 14.65 sec so far
Iteration 76: max relative diff=1039344111573.266724, 19.74 sec so far
Iteration 96: max relative diff=54136920465.774895, 24.83 sec so far
Iteration 116: max relative diff=4753116986.385456, 29.92 sec so far
Iteration 136: max relative diff=1149962204.993022, 35.01 sec so far
Iteration 156: max relative diff=79289101.940510, 40.10 sec so far
Iteration 176: max relative diff=5776596.559247, 45.19 sec so far
Iteration 196: max relative diff=856758.570403, 50.28 sec so far
Iteration 216: max relative diff=66333.916683, 55.38 sec so far
Iteration 236: max relative diff=4245.753418, 60.47 sec so far
Iteration 256: max relative diff=471.733506, 65.56 sec so far
Iteration 272: max relative diff=44.703929, 70.72 sec so far
Iteration 288: max relative diff=2.304328, 75.90 sec so far
Iteration 299: max relative diff=0.193617, 81.11 sec so far
Iteration 310: max relative diff=0.009233, 86.32 sec so far
Iteration 321: max relative diff=0.000631, 91.54 sec so far
Iteration 332: max relative diff=0.000020, 96.75 sec so far
Max relative diff between upper and lower bound on convergence: 8.55818E-07
LowItr:83 , UpItr:324 

Iterative method: 342 iterations in 101.50 seconds (average 0.296769, setup 9.07)
Maximum finite value in solution vector at end of interval iteration: 138.0698548864928

Value in the initial state: 39.1708011080502

Time for model checking: 126.445 seconds.

Result: 39.1708011080502 (value in the initial state)

---------------------------------------------------------------------

Note: There were 2 warnings during computation.

