PRISM
=====

Version: 4.6
Date: Sat Feb 27 18:08:17 IRST 2021
Hostname: sadegh-H81M-S2PH
Memory limits: cudd=1g, java(heap)=910.5m
Command line: prism ../prism-examples/mdps/zeroconf/zeroconf.nm ../prism-examples/mdps/zeroconf/max_cost.pctl -s '-ii:upper=1.2e+12' -backward -maxiters 900500 -const 'K=14,N=1000,reset=false,err=.1'

Parsing model file "../prism-examples/mdps/zeroconf/zeroconf.nm"...

Type:        MDP
Modules:     environment host0 
Variables:   b_ip7 b_ip6 b_ip5 b_ip4 b_ip3 b_ip2 b_ip1 b_ip0 n n0 n1 b z ip_mess x y coll probes mess defend ip l 

Parsing properties file "../prism-examples/mdps/zeroconf/max_cost.pctl"...

1 property:
(1) Rmax=? [ F l=4 ]

---------------------------------------------------------------------

Model checking: Rmax=? [ F l=4 ]
Model constants: reset=false,N=1000,K=14,err=0.1

Building model...
Model constants: reset=false,N=1000,K=14,err=0.1

Computing reachable states...

Reachability (BFS): 779 iterations in 150.11 seconds (average 0.192696, setup 0.00)

Time for model construction: 151.202 seconds.

Type:        MDP
States:      4427159 (1 initial)
Transitions: 10009768
Choices:     8157565

Transition matrix: 245227 nodes (6 terminal), 10009768 minterms, vars: 58r/58c/7nd

Prob0E: 158 iterations in 11.16 seconds (average 0.070652, setup 0.00)

Prob1A: 1 iterations in 0.05 seconds (average 0.053000, setup 0.00)

goal = 18049, inf = 0, maybe = 4409110

Warning: Upper bound for interval iteration manually set to 1.2E12

Computing remaining rewards...
Engine: Sparse

Building sparse matrix (transitions)... [n=4427159, nc=8126591, nnz=9971120, k=4] [162.0 MB]
Building sparse matrix (transition rewards)... [n=4427159, nc=8126591, nnz=1238146, k=4] [62.1 MB]
Creating vector for state rewards... [33.8 MB]
Creating vector for inf... [33.8 MB]
Creating vector for lower bounds... [33.8 MB]
Creating vector for upper bounds... [33.8 MB]
Allocating iteration vectors... [4 x 33.8 MB]
TOTAL: [494.3 MB]

Starting iterations (interval iteration)...

Time for state ordering: 0.396000

Max relative diff between upper and lower bound on convergence: 9.56E-07
Iterative method: 264 iterations in 103.16 seconds (average 0.390765, setup 7.43)
Maximum finite value in solution vector at end of interval iteration: 123.99133319968227

Value in the initial state: 33.05450253459021

Time for model checking: 122.646 seconds.

Result: 33.05450253459021 (value in the initial state)

---------------------------------------------------------------------

Note: There was 1 warning during computation.

