PRISM
=====

Version: 4.4
Date: Fri Aug 12 01:17:25 IRDT 2022
Hostname: sadegh-H81M-S2PH
Memory limits: cudd=1g, java(heap)=910.5m
Command line: prism ../../examples/mdps/zeroconf/zeroconf.nm ../../examples/mdps/zeroconf/max_cost.pctl -s '-ii:upper=1.2e+12' -backward -maxiters 900500 -const 'K=18,N=3000,reset=false,err=.1'

Parsing model file "../../examples/mdps/zeroconf/zeroconf.nm"...

Parsing properties file "../../examples/mdps/zeroconf/max_cost.pctl"...

1 property:
(1) Rmax=? [ F l=4 ]

Type:        MDP
Modules:     environment host0 
Variables:   b_ip7 b_ip6 b_ip5 b_ip4 b_ip3 b_ip2 b_ip1 b_ip0 n n0 n1 b z ip_mess x y coll probes mess defend ip l 

---------------------------------------------------------------------

Model checking: Rmax=? [ F l=4 ]
Model constants: N=3000,K=18,err=0.1

Warning: Not Switching to explicit engine, We implemented the emthods for sparse engine.

Building model...
Model constants: N=3000,K=18,err=0.1

Computing reachable states...

Reachability (BFS): 1103 iterations in 221.84 seconds (average 0.201124, setup 0.00)

Time for model construction: 223.437 seconds.

Type:        MDP
States:      5477150 (1 initial)
Transitions: 12374708
Choices:     10095684

Transition matrix: 307471 nodes (6 terminal), 12374708 minterms, vars: 59r/59c/7nd

Prob0E: 174 iterations in 14.15 seconds (average 0.081322, setup 0.00)

Prob1A: 1 iterations in 0.07 seconds (average 0.071000, setup 0.00)

goal = 13630, inf = 0, maybe = 5463520

Warning: Upper bound for interval iteration manually set to 1.2E12

Computing remaining rewards...
 6
Building sparse matrix (transitions)... [n=5477150, nc=10072347, nnz=12345599, k=4] [200.6 MB]
Building sparse matrix (transition rewards)... [n=5477150, nc=10072347, nnz=1541484, k=4] [77.0 MB]
Creating vector for state rewards... [41.8 MB]
Creating vector for inf... [41.8 MB]
Creating vector for lower bounds... [41.8 MB]
Creating vector for upper bounds... [41.8 MB]
Allocating iteration vectors... [4 x 41.8 MB]
TOTAL: [611.9 MB]

Starting iterations (interval iteration)...

Time for state ordering: 0.495000

Max relative diff between upper and lower bound on convergence: 4.89613E-07
Iterative method: 319 iterations in 157.21 seconds (average 0.492812, setup 9.40)
Maximum finite value in solution vector at end of interval iteration: 142.06971173614724

Value in the initial state: 41.17080110805027

Time for model checking: 181.788 seconds.

Result: 41.17080110805027 (value in the initial state)

---------------------------------------------------------------------

Note: There were 2 warnings during computation.

