PRISM
=====

Version: 4.4
Date: Thu Aug 11 22:52:13 IRDT 2022
Hostname: sadegh-H81M-S2PH
Memory limits: cudd=1g, java(heap)=910.5m
Command line: prism ../../examples/mdps/zeroconf/zeroconf.nm ../../examples/mdps/zeroconf/max_cost.pctl -s '-ii:upper=1.2e+12' -improvedbk -maxiters 900500 -const 'K=12,N=3000,reset=false,err=.1'

Parsing model file "../../examples/mdps/zeroconf/zeroconf.nm"...

Parsing properties file "../../examples/mdps/zeroconf/max_cost.pctl"...

1 property:
(1) Rmax=? [ F l=4 ]

Type:        MDP
Modules:     environment host0 
Variables:   b_ip7 b_ip6 b_ip5 b_ip4 b_ip3 b_ip2 b_ip1 b_ip0 n n0 n1 b z ip_mess x y coll probes mess defend ip l 

---------------------------------------------------------------------

Model checking: Rmax=? [ F l=4 ]
Model constants: N=3000,K=12,err=0.1

Warning: Not Switching to explicit engine, We implemented the emthods for sparse engine.

Building model...
Model constants: N=3000,K=12,err=0.1

Computing reachable states...

Reachability (BFS): 716 iterations in 115.58 seconds (average 0.161420, setup 0.00)

Time for model construction: 116.414 seconds.

Type:        MDP
States:      3754386 (1 initial)
Transitions: 8489802
Choices:     6913088

Transition matrix: 203934 nodes (6 terminal), 8489802 minterms, vars: 58r/58c/7nd

Prob0E: 150 iterations in 9.07 seconds (average 0.060467, setup 0.00)

Prob1A: 1 iterations in 0.04 seconds (average 0.040000, setup 0.00)

goal = 19768, inf = 0, maybe = 3734618

Warning: Upper bound for interval iteration manually set to 1.2E12

Computing remaining rewards...
 7
Building sparse matrix (transitions)... [n=3754386, nc=6879073, nnz=8447359, k=4] [137.2 MB]
Building sparse matrix (transition rewards)... [n=3754386, nc=6879073, nnz=1046175, k=4] [52.5 MB]
Creating vector for state rewards... [28.6 MB]
Creating vector for inf... [28.6 MB]
Creating vector for lower bounds... [28.6 MB]
Creating vector for upper bounds... [28.6 MB]
Allocating iteration vectors... [4 x 28.6 MB]
TOTAL: [418.9 MB]

Starting iterations (interval iteration)...

 Time for pre-computation: 1.461000 Iteration 28: max relative diff=0.078451, 3.58 sec so far

First round (updates from below) finished after 65 iters.Iteration 71: max relative diff=7.191469, 8.69 sec so far
Iteration 110: max relative diff=0.002152, 13.73 sec so far

Second round (updates from above) finished after 138 iters.
Update from both sides... 
Max relative diff between upper and lower bound on convergence: 0

Number of iterations for the lower bound = 69

Iterative method: 142 iterations in 17.95 seconds (average 0.126394, setup 6.40)
Maximum finite value in solution vector at end of interval iteration: 118.06989871428723

Value in the initial state: 29.170801108212956

Time for model checking: 35.235 seconds.

Result: 29.170801108212956 (value in the initial state)

---------------------------------------------------------------------

Note: There were 2 warnings during computation.

