PRISM
=====

Version: 4.4
Date: Thu Aug 11 22:58:06 IRDT 2022
Hostname: sadegh-H81M-S2PH
Memory limits: cudd=1g, java(heap)=910.5m
Command line: prism ../../examples/mdps/zeroconf/zeroconf.nm ../../examples/mdps/zeroconf/max_cost.pctl -s '-ii:upper=114' -asynchii -maxiters 900500 -const 'K=12,N=3000,reset=false,err=.1'

Parsing model file "../../examples/mdps/zeroconf/zeroconf.nm"...

Parsing properties file "../../examples/mdps/zeroconf/max_cost.pctl"...

1 property:
(1) Rmax=? [ F l=4 ]

Type:        MDP
Modules:     environment host0 
Variables:   b_ip7 b_ip6 b_ip5 b_ip4 b_ip3 b_ip2 b_ip1 b_ip0 n n0 n1 b z ip_mess x y coll probes mess defend ip l 

---------------------------------------------------------------------

Model checking: Rmax=? [ F l=4 ]
Model constants: N=3000,K=12,err=0.1

Warning: Not Switching to explicit engine, We implemented the emthods for sparse engine.

Building model...
Model constants: N=3000,K=12,err=0.1

Computing reachable states...

Reachability (BFS): 716 iterations in 116.05 seconds (average 0.162074, setup 0.00)

Time for model construction: 116.92 seconds.

Type:        MDP
States:      3754386 (1 initial)
Transitions: 8489802
Choices:     6913088

Transition matrix: 203934 nodes (6 terminal), 8489802 minterms, vars: 58r/58c/7nd

Prob0E: 150 iterations in 9.13 seconds (average 0.060880, setup 0.00)

Prob1A: 1 iterations in 0.04 seconds (average 0.040000, setup 0.00)

goal = 19768, inf = 0, maybe = 3734618

Warning: Upper bound for interval iteration manually set to 114.0

Computing remaining rewards...
 8
Building sparse matrix (transitions)... [n=3754386, nc=6879073, nnz=8447359, k=4] [137.2 MB]
Building sparse matrix (transition rewards)... [n=3754386, nc=6879073, nnz=1046175, k=4] [52.5 MB]
Creating vector for state rewards... [28.6 MB]
Creating vector for inf... [28.6 MB]
Creating vector for lower bounds... [28.6 MB]
Creating vector for upper bounds... [28.6 MB]
Allocating iteration vectors... [4 x 28.6 MB]
TOTAL: [418.9 MB]

Starting iterations (interval iteration)...

 Time for pre-computation	: 0.308000 
		 >> 3734618 after 0 iters << 
Iteration 23: max relative diff=113.957656, 4.86 sec so far
Iteration 49: max relative diff=112.426441, 9.91 sec so far
Iteration 77: max relative diff=12.201310, 15.17 sec so far
Iteration 97: max relative diff=0.746822, 20.24 sec so far
Iteration 115: max relative diff=0.013995, 25.25 sec so far
Iteration 132: max relative diff=0.000204, 30.54 sec so far
Iteration 150: max relative diff=0.000008, 35.55 sec so far
Max relative diff between upper and lower bound on convergence: 9.96666E-07
LowItr:81 , UpItr:147 

Iterative method: 161 iterations in 38.87 seconds (average 0.241416, setup 6.43)
Maximum finite value in solution vector at end of interval iteration: 118.06989871428723

Value in the initial state: 29.17080110821434

Time for model checking: 55.102 seconds.

Result: 29.17080110821434 (value in the initial state)

---------------------------------------------------------------------

Note: There were 2 warnings during computation.

