PRISM
=====

Version: 4.4
Date: Fri Aug 12 01:24:11 IRDT 2022
Hostname: sadegh-H81M-S2PH
Memory limits: cudd=1g, java(heap)=910.5m
Command line: prism ../../examples/mdps/zeroconf/zeroconf.nm ../../examples/mdps/zeroconf/max_cost.pctl -s '-ii:upper=1.2e+12' -improvedbk -maxiters 900500 -const 'K=18,N=3000,reset=false,err=.1'

Parsing model file "../../examples/mdps/zeroconf/zeroconf.nm"...

Parsing properties file "../../examples/mdps/zeroconf/max_cost.pctl"...

1 property:
(1) Rmax=? [ F l=4 ]

Type:        MDP
Modules:     environment host0 
Variables:   b_ip7 b_ip6 b_ip5 b_ip4 b_ip3 b_ip2 b_ip1 b_ip0 n n0 n1 b z ip_mess x y coll probes mess defend ip l 

---------------------------------------------------------------------

Model checking: Rmax=? [ F l=4 ]
Model constants: N=3000,K=18,err=0.1

Warning: Not Switching to explicit engine, We implemented the emthods for sparse engine.

Building model...
Model constants: N=3000,K=18,err=0.1

Computing reachable states...

Reachability (BFS): 1103 iterations in 224.41 seconds (average 0.203450, setup 0.00)

Time for model construction: 225.977 seconds.

Type:        MDP
States:      5477150 (1 initial)
Transitions: 12374708
Choices:     10095684

Transition matrix: 307471 nodes (6 terminal), 12374708 minterms, vars: 59r/59c/7nd

Prob0E: 174 iterations in 14.37 seconds (average 0.082575, setup 0.00)

Prob1A: 1 iterations in 0.07 seconds (average 0.071000, setup 0.00)

goal = 13630, inf = 0, maybe = 5463520

Warning: Upper bound for interval iteration manually set to 1.2E12

Computing remaining rewards...
 7
Building sparse matrix (transitions)... [n=5477150, nc=10072347, nnz=12345599, k=4] [200.6 MB]
Building sparse matrix (transition rewards)... [n=5477150, nc=10072347, nnz=1541484, k=4] [77.0 MB]
Creating vector for state rewards... [41.8 MB]
Creating vector for inf... [41.8 MB]
Creating vector for lower bounds... [41.8 MB]
Creating vector for upper bounds... [41.8 MB]
Allocating iteration vectors... [4 x 41.8 MB]
TOTAL: [611.9 MB]

Starting iterations (interval iteration)...

 Time for pre-computation: 2.763000 Iteration 10: max relative diff=52.333505, 2.29 sec so far
Iteration 38: max relative diff=0.007709, 7.38 sec so far
Iteration 66: max relative diff=0.000003, 12.47 sec so far

First round (updates from below) finished after 71 iters.Iteration 92: max relative diff=2.991520, 17.56 sec so far
Iteration 118: max relative diff=0.003037, 22.68 sec so far
Iteration 144: max relative diff=0.000001, 27.80 sec so far

Second round (updates from above) finished after 145 iters.
Update from both sides... 
Max relative diff between upper and lower bound on convergence: 0

Number of iterations for the lower bound = 76

Iterative method: 150 iterations in 29.20 seconds (average 0.194633, setup 9.33)
Maximum finite value in solution vector at end of interval iteration: 142.06971173614815

Value in the initial state: 41.17080110805013

Time for model checking: 56.228 seconds.

Result: 41.17080110805013 (value in the initial state)

---------------------------------------------------------------------

Note: There were 2 warnings during computation.

