PRISM
=====

Version: 4.4
Date: Thu Aug 11 21:56:05 IRDT 2022
Hostname: sadegh-H81M-S2PH
Memory limits: cudd=1g, java(heap)=910.5m
Command line: prism ../../examples/mdps/zeroconf/zeroconf.nm ../../examples/mdps/zeroconf/max_cost.pctl -s '-ii:upper=1.2e+12' -asynchii -maxiters 900500 -const 'K=8,N=3000,reset=false,err=.1'

Parsing model file "../../examples/mdps/zeroconf/zeroconf.nm"...

Parsing properties file "../../examples/mdps/zeroconf/max_cost.pctl"...

1 property:
(1) Rmax=? [ F l=4 ]

Type:        MDP
Modules:     environment host0 
Variables:   b_ip7 b_ip6 b_ip5 b_ip4 b_ip3 b_ip2 b_ip1 b_ip0 n n0 n1 b z ip_mess x y coll probes mess defend ip l 

---------------------------------------------------------------------

Model checking: Rmax=? [ F l=4 ]
Model constants: N=3000,K=8,err=0.1

Warning: Not Switching to explicit engine, We implemented the emthods for sparse engine.

Building model...
Model constants: N=3000,K=8,err=0.1

Computing reachable states...

Reachability (BFS): 592 iterations in 68.14 seconds (average 0.115105, setup 0.00)

Time for model construction: 70.213 seconds.

Type:        MDP
States:      1870338 (1 initial)
Transitions: 4245554
Choices:     3443961

Transition matrix: 154038 nodes (6 terminal), 4245554 minterms, vars: 58r/58c/7nd

Prob0E: 133 iterations in 6.53 seconds (average 0.049120, setup 0.00)

Prob1A: 1 iterations in 0.03 seconds (average 0.033000, setup 0.00)

goal = 19059, inf = 0, maybe = 1851279

Warning: Upper bound for interval iteration manually set to 1.2E12

Computing remaining rewards...
 8
Building sparse matrix (transitions)... [n=1870338, nc=3410798, nnz=4204199, k=4] [68.3 MB]
Building sparse matrix (transition rewards)... [n=1870338, nc=3410798, nnz=518563, k=4] [26.1 MB]
Creating vector for state rewards... [14.3 MB]
Creating vector for inf... [14.3 MB]
Creating vector for lower bounds... [14.3 MB]
Creating vector for upper bounds... [14.3 MB]
Allocating iteration vectors... [4 x 14.3 MB]
TOTAL: [208.5 MB]

Starting iterations (interval iteration)...

 Time for pre-computation	: 0.157000 
		 >> 1851279 after 0 iters << 
Iteration 52: max relative diff=1199922725695.685547, 4.90 sec so far
Iteration 108: max relative diff=1058866345.071034, 9.91 sec so far
Iteration 163: max relative diff=102693.484216, 14.94 sec so far
Iteration 209: max relative diff=69.994954, 20.02 sec so far
Iteration 246: max relative diff=0.012409, 25.06 sec so far
Max relative diff between upper and lower bound on convergence: 7.75435E-07
LowItr:67 , UpItr:261 

Iterative method: 273 iterations in 29.63 seconds (average 0.108531, setup 5.92)
Maximum finite value in solution vector at end of interval iteration: 102.06978776795287

Value in the initial state: 21.170801460396895

Time for model checking: 42.56 seconds.

Result: 21.170801460396895 (value in the initial state)

---------------------------------------------------------------------

Note: There were 2 warnings during computation.

