PRISM
=====

Version: 4.4
Date: Fri Aug 12 01:40:02 IRDT 2022
Hostname: sadegh-H81M-S2PH
Memory limits: cudd=1g, java(heap)=910.5m
Command line: prism ../../examples/mdps/zeroconf/zeroconf.nm ../../examples/mdps/zeroconf/max_cost.pctl -s '-ii:upper=142' -asynchupper -maxiters 900500 -const 'K=19,N=3000,reset=false,err=.1'

Parsing model file "../../examples/mdps/zeroconf/zeroconf.nm"...

Parsing properties file "../../examples/mdps/zeroconf/max_cost.pctl"...

1 property:
(1) Rmax=? [ F l=4 ]

Type:        MDP
Modules:     environment host0 
Variables:   b_ip7 b_ip6 b_ip5 b_ip4 b_ip3 b_ip2 b_ip1 b_ip0 n n0 n1 b z ip_mess x y coll probes mess defend ip l 

---------------------------------------------------------------------

Model checking: Rmax=? [ F l=4 ]
Model constants: N=3000,K=19,err=0.1

Warning: Not Switching to explicit engine, We implemented the emthods for sparse engine.

Building model...
Model constants: N=3000,K=19,err=0.1

Computing reachable states...

Reachability (BFS): 1187 iterations in 230.49 seconds (average 0.194174, setup 0.00)

Time for model construction: 232.514 seconds.

Type:        MDP
States:      5659200 (1 initial)
Transitions: 12783739
Choices:     10431168

Transition matrix: 374629 nodes (6 terminal), 12783739 minterms, vars: 59r/59c/7nd

Prob0E: 178 iterations in 15.60 seconds (average 0.087612, setup 0.00)

Prob1A: 1 iterations in 0.08 seconds (average 0.081000, setup 0.00)

goal = 12541, inf = 0, maybe = 5646659

Warning: Upper bound for interval iteration manually set to 142.0

Computing remaining rewards...
 10
Building sparse matrix (transitions)... [n=5659200, nc=10409710, nnz=12756976, k=4] [207.3 MB]
Building sparse matrix (transition rewards)... [n=5659200, nc=10409710, nnz=1594700, k=4] [79.5 MB]
Creating vector for state rewards... [43.2 MB]
Creating vector for inf... [43.2 MB]
Creating vector for lower bounds... [43.2 MB]
Creating vector for upper bounds... [43.2 MB]
Allocating iteration vectors... [4 x 43.2 MB]
TOTAL: [632.2 MB]

Starting iterations (interval iteration)...

Soln above finished after 142 iterations, while flag is False.

Checking for lower bound passed after 19 iterations.Iteration 1: max relative diff=1.000000, 43.87 sec so far
Iteration 23: max relative diff=1.000000, 49.04 sec so far
Iteration 45: max relative diff=0.000021, 54.48 sec so far
Iteration 55: max relative diff=0.000001, 59.55 sec so far
Max relative diff between upper and lower bound on convergence: 9.84143E-07
LowItr:75 , UpItr:154  

Iterative method: 56 iterations in 60.06 seconds (average 1.072464, setup 9.58)
Maximum finite value in solution vector at end of interval iteration: 146.0691808805607

Value in the initial state: 43.17080110805016

Time for model checking: 86.361 seconds.

Result: 43.17080110805016 (value in the initial state)

---------------------------------------------------------------------

Note: There were 2 warnings during computation.

