PRISM
=====

Version: 4.4
Date: Fri Aug 12 00:13:41 IRDT 2022
Hostname: sadegh-H81M-S2PH
Memory limits: cudd=1g, java(heap)=910.5m
Command line: prism ../../examples/mdps/zeroconf/zeroconf.nm ../../examples/mdps/zeroconf/max_cost.pctl -s -improvedbk -maxiters 97 -epsilon 1e-10 -const 'K=16,N=3000,reset=false,err=.1'

Parsing model file "../../examples/mdps/zeroconf/zeroconf.nm"...

Parsing properties file "../../examples/mdps/zeroconf/max_cost.pctl"...

1 property:
(1) Rmax=? [ F l=4 ]

Type:        MDP
Modules:     environment host0 
Variables:   b_ip7 b_ip6 b_ip5 b_ip4 b_ip3 b_ip2 b_ip1 b_ip0 n n0 n1 b z ip_mess x y coll probes mess defend ip l 

---------------------------------------------------------------------

Model checking: Rmax=? [ F l=4 ]
Model constants: N=3000,K=16,err=0.1

Warning: Not Switching to explicit engine, We implemented the emthods for sparse engine.

Building model...
Model constants: N=3000,K=16,err=0.1

Computing reachable states...

Reachability (BFS): 897 iterations in 194.46 seconds (average 0.216789, setup 0.00)

Time for model construction: 195.82 seconds.

Type:        MDP
States:      5010803 (1 initial)
Transitions: 11325290
Choices:     9235429

Transition matrix: 279357 nodes (6 terminal), 11325290 minterms, vars: 59r/59c/7nd

Prob0E: 166 iterations in 13.20 seconds (average 0.079536, setup 0.00)

Prob1A: 1 iterations in 0.07 seconds (average 0.067000, setup 0.00)

goal = 15808, inf = 0, maybe = 4994995

Computing remaining rewards...

Building sparse matrix (transitions)... [n=5010803, nc=9208334, nnz=11291489, k=4] [183.5 MB]
Building sparse matrix (transition rewards)... [n=5010803, nc=9208334, nnz=1406184, k=4] [70.3 MB]
Creating vector for state rewards... [38.2 MB]
Creating vector for inf... [38.2 MB]
Creating vector for lower bounds... [38.2 MB]
Creating vector for upper bounds... [38.2 MB]
Allocating iteration vectors... [4 x 38.2 MB]
TOTAL: [559.6 MB]

Starting iterations (interval iteration)...

 Time for pre-computation: 2.330000 Iteration 15: max relative diff=10.143447, 2.82 sec so far
Iteration 47: max relative diff=0.000577, 7.92 sec so far
Iteration 79: max relative diff=0.000000, 13.02 sec so far

First round (updates from below) finished after 96 iters.
Iterative method: 96 iterations in 15.89 seconds (average 0.165500, setup 8.39)

Value in the initial state: 37.1708011080501

Time for model checking: 40.136 seconds.

Result: 37.1708011080501 (value in the initial state)

---------------------------------------------------------------------

Note: There was 1 warning during computation.

