PRISM
=====

Version: 4.4
Date: Thu Aug 11 23:32:47 IRDT 2022
Hostname: sadegh-H81M-S2PH
Memory limits: cudd=1g, java(heap)=910.5m
Command line: prism ../../examples/mdps/zeroconf/zeroconf.nm ../../examples/mdps/zeroconf/max_cost.pctl -s '-ii:upper=1.2e+12' -improvedbk -maxiters 900500 -const 'K=14,N=3000,reset=false,err=.1'

Parsing model file "../../examples/mdps/zeroconf/zeroconf.nm"...

Parsing properties file "../../examples/mdps/zeroconf/max_cost.pctl"...

1 property:
(1) Rmax=? [ F l=4 ]

Type:        MDP
Modules:     environment host0 
Variables:   b_ip7 b_ip6 b_ip5 b_ip4 b_ip3 b_ip2 b_ip1 b_ip0 n n0 n1 b z ip_mess x y coll probes mess defend ip l 

---------------------------------------------------------------------

Model checking: Rmax=? [ F l=4 ]
Model constants: N=3000,K=14,err=0.1

Warning: Not Switching to explicit engine, We implemented the emthods for sparse engine.

Building model...
Model constants: N=3000,K=14,err=0.1

Computing reachable states...

Reachability (BFS): 779 iterations in 148.68 seconds (average 0.190854, setup 0.00)

Time for model construction: 149.787 seconds.

Type:        MDP
States:      4427159 (1 initial)
Transitions: 10009768
Choices:     8157565

Transition matrix: 245227 nodes (6 terminal), 10009768 minterms, vars: 58r/58c/7nd

Prob0E: 158 iterations in 11.12 seconds (average 0.070348, setup 0.00)

Prob1A: 1 iterations in 0.05 seconds (average 0.054000, setup 0.00)

goal = 18049, inf = 0, maybe = 4409110

Warning: Upper bound for interval iteration manually set to 1.2E12

Computing remaining rewards...
 7
Building sparse matrix (transitions)... [n=4427159, nc=8126591, nnz=9971120, k=4] [162.0 MB]
Building sparse matrix (transition rewards)... [n=4427159, nc=8126591, nnz=1238146, k=4] [62.1 MB]
Creating vector for state rewards... [33.8 MB]
Creating vector for inf... [33.8 MB]
Creating vector for lower bounds... [33.8 MB]
Creating vector for upper bounds... [33.8 MB]
Allocating iteration vectors... [4 x 33.8 MB]
TOTAL: [494.3 MB]

Starting iterations (interval iteration)...

 Time for pre-computation: 1.858000 Iteration 20: max relative diff=1.785810, 3.15 sec so far
Iteration 57: max relative diff=0.000017, 8.28 sec so far

First round (updates from below) finished after 66 iters.Iteration 91: max relative diff=2.343091, 13.35 sec so far
Iteration 125: max relative diff=0.000130, 18.49 sec so far

Second round (updates from above) finished after 142 iters.
Update from both sides... 
Max relative diff between upper and lower bound on convergence: 0

Number of iterations for the lower bound = 71

Iterative method: 147 iterations in 21.99 seconds (average 0.149565, setup 7.43)
Maximum finite value in solution vector at end of interval iteration: 126.06989857081061

Value in the initial state: 33.17080110805004

Time for model checking: 42.886 seconds.

Result: 33.17080110805004 (value in the initial state)

---------------------------------------------------------------------

Note: There were 2 warnings during computation.

