PRISM
=====

Version: 4.4
Date: Fri Aug 12 00:46:41 IRDT 2022
Hostname: sadegh-H81M-S2PH
Memory limits: cudd=1g, java(heap)=910.5m
Command line: prism ../../examples/mdps/zeroconf/zeroconf.nm ../../examples/mdps/zeroconf/max_cost.pctl -s '-ii:upper=1.2e+12' -backward -maxiters 900500 -const 'K=17,N=3000,reset=false,err=.1'

Parsing model file "../../examples/mdps/zeroconf/zeroconf.nm"...

Parsing properties file "../../examples/mdps/zeroconf/max_cost.pctl"...

1 property:
(1) Rmax=? [ F l=4 ]

Type:        MDP
Modules:     environment host0 
Variables:   b_ip7 b_ip6 b_ip5 b_ip4 b_ip3 b_ip2 b_ip1 b_ip0 n n0 n1 b z ip_mess x y coll probes mess defend ip l 

---------------------------------------------------------------------

Model checking: Rmax=? [ F l=4 ]
Model constants: N=3000,K=17,err=0.1

Warning: Not Switching to explicit engine, We implemented the emthods for sparse engine.

Building model...
Model constants: N=3000,K=17,err=0.1

Computing reachable states...

Reachability (BFS): 948 iterations in 201.12 seconds (average 0.212155, setup 0.00)

Time for model construction: 202.833 seconds.

Type:        MDP
States:      5256844 (1 initial)
Transitions: 11879897
Choices:     9689998

Transition matrix: 338884 nodes (6 terminal), 11879897 minterms, vars: 59r/59c/7nd

Prob0E: 170 iterations in 14.91 seconds (average 0.087729, setup 0.00)

Prob1A: 1 iterations in 0.07 seconds (average 0.072000, setup 0.00)

goal = 14719, inf = 0, maybe = 5242125

Warning: Upper bound for interval iteration manually set to 1.2E12

Computing remaining rewards...
 6
Building sparse matrix (transitions)... [n=5256844, nc=9664782, nnz=11848442, k=4] [192.5 MB]
Building sparse matrix (transition rewards)... [n=5256844, nc=9664782, nnz=1477510, k=4] [73.8 MB]
Creating vector for state rewards... [40.1 MB]
Creating vector for inf... [40.1 MB]
Creating vector for lower bounds... [40.1 MB]
Creating vector for upper bounds... [40.1 MB]
Allocating iteration vectors... [4 x 40.1 MB]
TOTAL: [587.2 MB]

Starting iterations (interval iteration)...

Time for state ordering: 0.493000

Max relative diff between upper and lower bound on convergence: 9.45575E-07
Iterative method: 323 iterations in 153.50 seconds (average 0.475223, setup 9.14)
Maximum finite value in solution vector at end of interval iteration: 138.0698548864928

Value in the initial state: 39.17080110805023

Time for model checking: 178.51 seconds.

Result: 39.17080110805023 (value in the initial state)

---------------------------------------------------------------------

Note: There were 2 warnings during computation.

