PRISM
=====

Version: 4.4
Date: Thu Aug 11 22:06:37 IRDT 2022
Hostname: sadegh-H81M-S2PH
Memory limits: cudd=1g, java(heap)=910.5m
Command line: prism ../../examples/mdps/zeroconf/zeroconf.nm ../../examples/mdps/zeroconf/max_cost.pctl -s '-ii:upper=1.2e+12' -improvedbk -maxiters 900500 -const 'K=9,N=3000,reset=false,err=.1'

Parsing model file "../../examples/mdps/zeroconf/zeroconf.nm"...

Parsing properties file "../../examples/mdps/zeroconf/max_cost.pctl"...

1 property:
(1) Rmax=? [ F l=4 ]

Type:        MDP
Modules:     environment host0 
Variables:   b_ip7 b_ip6 b_ip5 b_ip4 b_ip3 b_ip2 b_ip1 b_ip0 n n0 n1 b z ip_mess x y coll probes mess defend ip l 

---------------------------------------------------------------------

Model checking: Rmax=? [ F l=4 ]
Model constants: N=3000,K=9,err=0.1

Warning: Not Switching to explicit engine, We implemented the emthods for sparse engine.

Building model...
Model constants: N=3000,K=9,err=0.1

Computing reachable states...

Reachability (BFS): 636 iterations in 82.10 seconds (average 0.129094, setup 0.00)

Time for model construction: 82.811 seconds.

Type:        MDP
States:      2612379 (1 initial)
Transitions: 5905923
Choices:     4799715

Transition matrix: 145828 nodes (6 terminal), 5905923 minterms, vars: 58r/58c/7nd

Prob0E: 138 iterations in 6.37 seconds (average 0.046138, setup 0.00)

Prob1A: 1 iterations in 0.03 seconds (average 0.030000, setup 0.00)

goal = 19809, inf = 0, maybe = 2592570

Warning: Upper bound for interval iteration manually set to 1.2E12

Computing remaining rewards...
 7
Building sparse matrix (transitions)... [n=2612379, nc=4765387, nnz=5863127, k=4] [95.2 MB]
Building sparse matrix (transition rewards)... [n=2612379, nc=4765387, nnz=724627, k=4] [36.4 MB]
Creating vector for state rewards... [19.9 MB]
Creating vector for inf... [19.9 MB]
Creating vector for lower bounds... [19.9 MB]
Creating vector for upper bounds... [19.9 MB]
Allocating iteration vectors... [4 x 19.9 MB]
TOTAL: [291.1 MB]

Starting iterations (interval iteration)...

 Time for pre-computation: 0.906000 Iteration 48: max relative diff=0.000060, 4.17 sec so far

First round (updates from below) finished after 62 iters.Iteration 106: max relative diff=0.001118, 9.18 sec so far

Second round (updates from above) finished after 125 iters.
Update from both sides... 
Max relative diff between upper and lower bound on convergence: 0

Number of iterations for the lower bound = 67

Iterative method: 130 iterations in 11.40 seconds (average 0.087662, setup 4.75)
Maximum finite value in solution vector at end of interval iteration: 106.06987765134404

Value in the initial state: 23.17080116422114

Time for model checking: 23.722 seconds.

Result: 23.17080116422114 (value in the initial state)

---------------------------------------------------------------------

Note: There were 2 warnings during computation.

