PRISM
=====

Version: 4.4
Date: Thu Aug 11 23:21:06 IRDT 2022
Hostname: sadegh-H81M-S2PH
Memory limits: cudd=1g, java(heap)=910.5m
Command line: prism ../../examples/mdps/zeroconf/zeroconf.nm ../../examples/mdps/zeroconf/max_cost.pctl -s '-ii:upper=122' -asynchupper -maxiters 900500 -const 'K=14,N=3000,reset=false,err=.1'

Parsing model file "../../examples/mdps/zeroconf/zeroconf.nm"...

Parsing properties file "../../examples/mdps/zeroconf/max_cost.pctl"...

1 property:
(1) Rmax=? [ F l=4 ]

Type:        MDP
Modules:     environment host0 
Variables:   b_ip7 b_ip6 b_ip5 b_ip4 b_ip3 b_ip2 b_ip1 b_ip0 n n0 n1 b z ip_mess x y coll probes mess defend ip l 

---------------------------------------------------------------------

Model checking: Rmax=? [ F l=4 ]
Model constants: N=3000,K=14,err=0.1

Warning: Not Switching to explicit engine, We implemented the emthods for sparse engine.

Building model...
Model constants: N=3000,K=14,err=0.1

Computing reachable states...

Reachability (BFS): 779 iterations in 148.96 seconds (average 0.191225, setup 0.00)

Time for model construction: 150.088 seconds.

Type:        MDP
States:      4427159 (1 initial)
Transitions: 10009768
Choices:     8157565

Transition matrix: 245227 nodes (6 terminal), 10009768 minterms, vars: 58r/58c/7nd

Prob0E: 158 iterations in 11.24 seconds (average 0.071127, setup 0.00)

Prob1A: 1 iterations in 0.05 seconds (average 0.054000, setup 0.00)

goal = 18049, inf = 0, maybe = 4409110

Warning: Upper bound for interval iteration manually set to 122.0

Computing remaining rewards...
 10
Building sparse matrix (transitions)... [n=4427159, nc=8126591, nnz=9971120, k=4] [162.0 MB]
Building sparse matrix (transition rewards)... [n=4427159, nc=8126591, nnz=1238146, k=4] [62.1 MB]
Creating vector for state rewards... [33.8 MB]
Creating vector for inf... [33.8 MB]
Creating vector for lower bounds... [33.8 MB]
Creating vector for upper bounds... [33.8 MB]
Allocating iteration vectors... [4 x 33.8 MB]
TOTAL: [494.3 MB]

Starting iterations (interval iteration)...

Soln above finished after 149 iterations, while flag is False.

Checking for lower bound passed after 19 iterations.Iteration 1: max relative diff=1.000000, 35.08 sec so far
Iteration 28: max relative diff=1.000000, 40.14 sec so far
Iteration 48: max relative diff=1.000000, 45.32 sec so far
Max relative diff between upper and lower bound on convergence: 8.16308E-07
LowItr:72 , UpItr:161  

Iterative method: 53 iterations in 47.28 seconds (average 0.892000, setup 7.49)
Maximum finite value in solution vector at end of interval iteration: 126.0698985708106

Value in the initial state: 33.17080110805063

Time for model checking: 66.817 seconds.

Result: 33.17080110805063 (value in the initial state)

---------------------------------------------------------------------

Note: There were 2 warnings during computation.

