PRISM
=====

Version: 4.4
Date: Fri Aug 12 02:24:19 IRDT 2022
Hostname: sadegh-H81M-S2PH
Memory limits: cudd=1g, java(heap)=910.5m
Command line: prism ../../examples/mdps/zeroconf/zeroconf.nm ../../examples/mdps/zeroconf/max_cost.pctl -s '-ii:upper=1.2e+12' -backward -maxiters 900500 -const 'K=20,N=3000,reset=false,err=.1'

Parsing model file "../../examples/mdps/zeroconf/zeroconf.nm"...

Parsing properties file "../../examples/mdps/zeroconf/max_cost.pctl"...

1 property:
(1) Rmax=? [ F l=4 ]

Type:        MDP
Modules:     environment host0 
Variables:   b_ip7 b_ip6 b_ip5 b_ip4 b_ip3 b_ip2 b_ip1 b_ip0 n n0 n1 b z ip_mess x y coll probes mess defend ip l 

---------------------------------------------------------------------

Model checking: Rmax=? [ F l=4 ]
Model constants: N=3000,K=20,err=0.1

Warning: Not Switching to explicit engine, We implemented the emthods for sparse engine.

Building model...
Model constants: N=3000,K=20,err=0.1

Computing reachable states...

Reachability (BFS): 1336 iterations in 248.22 seconds (average 0.185790, setup 0.00)

Time for model construction: 250.293 seconds.

Type:        MDP
States:      5812171 (1 initial)
Transitions: 13124020
Choices:     10710547

Transition matrix: 342796 nodes (6 terminal), 13124020 minterms, vars: 59r/59c/7nd

Prob0E: 182 iterations in 14.97 seconds (average 0.082280, setup 0.00)

Prob1A: 1 iterations in 0.08 seconds (average 0.076000, setup 0.00)

goal = 11452, inf = 0, maybe = 5800719

Warning: Upper bound for interval iteration manually set to 1.2E12

Computing remaining rewards...
 6
Building sparse matrix (transitions)... [n=5812171, nc=10690968, nnz=13099603, k=4] [212.9 MB]
Building sparse matrix (transition rewards)... [n=5812171, nc=10690968, nnz=1639538, k=4] [81.7 MB]
Creating vector for state rewards... [44.3 MB]
Creating vector for inf... [44.3 MB]
Creating vector for lower bounds... [44.3 MB]
Creating vector for upper bounds... [44.3 MB]
Allocating iteration vectors... [4 x 44.3 MB]
TOTAL: [649.3 MB]

Starting iterations (interval iteration)...

Time for state ordering: 0.565000

Max relative diff between upper and lower bound on convergence: 8.32746E-07
Iterative method: 308 iterations in 161.64 seconds (average 0.524808, setup 9.87)
Maximum finite value in solution vector at end of interval iteration: 150.06740557619617

Value in the initial state: 45.170801108050284

Time for model checking: 187.614 seconds.

Result: 45.170801108050284 (value in the initial state)

---------------------------------------------------------------------

Note: There were 2 warnings during computation.

