PRISM
=====

Version: 4.6
Date: Sat Feb 27 17:54:41 IRST 2021
Hostname: sadegh-H81M-S2PH
Memory limits: cudd=1g, java(heap)=910.5m
Command line: prism ../prism-examples/mdps/zeroconf/zeroconf.nm ../prism-examples/mdps/zeroconf/max_cost.pctl -s '-ii:upper=1.2e+12' -backward -maxiters 900500 -const 'K=13,N=1000,reset=false,err=.1'

Parsing model file "../prism-examples/mdps/zeroconf/zeroconf.nm"...

Type:        MDP
Modules:     environment host0 
Variables:   b_ip7 b_ip6 b_ip5 b_ip4 b_ip3 b_ip2 b_ip1 b_ip0 n n0 n1 b z ip_mess x y coll probes mess defend ip l 

Parsing properties file "../prism-examples/mdps/zeroconf/max_cost.pctl"...

1 property:
(1) Rmax=? [ F l=4 ]

---------------------------------------------------------------------

Model checking: Rmax=? [ F l=4 ]
Model constants: reset=false,N=1000,K=13,err=0.1

Building model...
Model constants: reset=false,N=1000,K=13,err=0.1

Computing reachable states...

Reachability (BFS): 735 iterations in 131.33 seconds (average 0.178682, setup 0.00)

Time for model construction: 132.309 seconds.

Type:        MDP
States:      4101663 (1 initial)
Transitions: 9274726
Choices:     7555631

Transition matrix: 223176 nodes (6 terminal), 9274726 minterms, vars: 58r/58c/7nd

Prob0E: 154 iterations in 10.93 seconds (average 0.070987, setup 0.00)

Prob1A: 1 iterations in 0.05 seconds (average 0.053000, setup 0.00)

goal = 19000, inf = 0, maybe = 4082663

Warning: Upper bound for interval iteration manually set to 1.2E12

Computing remaining rewards...
Engine: Sparse

Building sparse matrix (transitions)... [n=4101663, nc=7522993, nnz=9234000, k=4] [150.0 MB]
Building sparse matrix (transition rewards)... [n=4101663, nc=7522993, nnz=1145010, k=4] [57.4 MB]
Creating vector for state rewards... [31.3 MB]
Creating vector for inf... [31.3 MB]
Creating vector for lower bounds... [31.3 MB]
Creating vector for upper bounds... [31.3 MB]
Allocating iteration vectors... [4 x 31.3 MB]
TOTAL: [457.8 MB]

Starting iterations (interval iteration)...

Time for state ordering: 0.332000

Max relative diff between upper and lower bound on convergence: 9.40323E-07
Iterative method: 256 iterations in 95.19 seconds (average 0.371852, setup 7.13)
Maximum finite value in solution vector at end of interval iteration: 119.99133342714573

Value in the initial state: 31.054502534596182

Time for model checking: 114.05 seconds.

Result: 31.054502534596182 (value in the initial state)

---------------------------------------------------------------------

Note: There was 1 warning during computation.

