PRISM
=====

Version: 4.4
Date: Fri Aug 12 01:57:08 IRDT 2022
Hostname: sadegh-H81M-S2PH
Memory limits: cudd=1g, java(heap)=910.5m
Command line: prism ../../examples/mdps/zeroconf/zeroconf.nm ../../examples/mdps/zeroconf/max_cost.pctl -s '-ii:upper=1.2e+12' -improvedbk -maxiters 900500 -const 'K=19,N=3000,reset=false,err=.1'

Parsing model file "../../examples/mdps/zeroconf/zeroconf.nm"...

Parsing properties file "../../examples/mdps/zeroconf/max_cost.pctl"...

1 property:
(1) Rmax=? [ F l=4 ]

Type:        MDP
Modules:     environment host0 
Variables:   b_ip7 b_ip6 b_ip5 b_ip4 b_ip3 b_ip2 b_ip1 b_ip0 n n0 n1 b z ip_mess x y coll probes mess defend ip l 

---------------------------------------------------------------------

Model checking: Rmax=? [ F l=4 ]
Model constants: N=3000,K=19,err=0.1

Warning: Not Switching to explicit engine, We implemented the emthods for sparse engine.

Building model...
Model constants: N=3000,K=19,err=0.1

Computing reachable states...

Reachability (BFS): 1187 iterations in 232.34 seconds (average 0.195738, setup 0.00)

Time for model construction: 234.504 seconds.

Type:        MDP
States:      5659200 (1 initial)
Transitions: 12783739
Choices:     10431168

Transition matrix: 374629 nodes (6 terminal), 12783739 minterms, vars: 59r/59c/7nd

Prob0E: 178 iterations in 15.73 seconds (average 0.088360, setup 0.00)

Prob1A: 1 iterations in 0.08 seconds (average 0.082000, setup 0.00)

goal = 12541, inf = 0, maybe = 5646659

Warning: Upper bound for interval iteration manually set to 1.2E12

Computing remaining rewards...
 7
Building sparse matrix (transitions)... [n=5659200, nc=10409710, nnz=12756976, k=4] [207.3 MB]
Building sparse matrix (transition rewards)... [n=5659200, nc=10409710, nnz=1594700, k=4] [79.5 MB]
Creating vector for state rewards... [43.2 MB]
Creating vector for inf... [43.2 MB]
Creating vector for lower bounds... [43.2 MB]
Creating vector for upper bounds... [43.2 MB]
Allocating iteration vectors... [4 x 43.2 MB]
TOTAL: [632.2 MB]

Starting iterations (interval iteration)...

 Time for pre-computation: 2.968000 Iteration 9: max relative diff=76.250008, 2.16 sec so far
Iteration 36: max relative diff=0.025641, 7.22 sec so far
Iteration 63: max relative diff=0.000009, 12.29 sec so far

First round (updates from below) finished after 71 iters.Iteration 88: max relative diff=4.432947, 17.31 sec so far
Iteration 113: max relative diff=0.013307, 22.42 sec so far
Iteration 138: max relative diff=0.000005, 27.53 sec so far

Second round (updates from above) finished after 145 iters.
Update from both sides... 
Max relative diff between upper and lower bound on convergence: 0

Number of iterations for the lower bound = 76

Iterative method: 150 iterations in 30.20 seconds (average 0.201347, setup 9.59)
Maximum finite value in solution vector at end of interval iteration: 146.06918088056148

Value in the initial state: 43.17080110805014

Time for model checking: 59.143 seconds.

Result: 43.17080110805014 (value in the initial state)

---------------------------------------------------------------------

Note: There were 2 warnings during computation.

