PRISM
=====

Version: 4.4
Date: Fri Aug 12 00:42:32 IRDT 2022
Hostname: sadegh-H81M-S2PH
Memory limits: cudd=1g, java(heap)=910.5m
Command line: prism ../../examples/mdps/zeroconf/zeroconf.nm ../../examples/mdps/zeroconf/max_cost.pctl -s -improvedbk -maxiters 101 -epsilon 1e-10 -const 'K=17,N=3000,reset=false,err=.1'

Parsing model file "../../examples/mdps/zeroconf/zeroconf.nm"...

Parsing properties file "../../examples/mdps/zeroconf/max_cost.pctl"...

1 property:
(1) Rmax=? [ F l=4 ]

Type:        MDP
Modules:     environment host0 
Variables:   b_ip7 b_ip6 b_ip5 b_ip4 b_ip3 b_ip2 b_ip1 b_ip0 n n0 n1 b z ip_mess x y coll probes mess defend ip l 

---------------------------------------------------------------------

Model checking: Rmax=? [ F l=4 ]
Model constants: N=3000,K=17,err=0.1

Warning: Not Switching to explicit engine, We implemented the emthods for sparse engine.

Building model...
Model constants: N=3000,K=17,err=0.1

Computing reachable states...

Reachability (BFS): 948 iterations in 202.54 seconds (average 0.213646, setup 0.00)

Time for model construction: 204.276 seconds.

Type:        MDP
States:      5256844 (1 initial)
Transitions: 11879897
Choices:     9689998

Transition matrix: 338884 nodes (6 terminal), 11879897 minterms, vars: 59r/59c/7nd

Prob0E: 170 iterations in 14.92 seconds (average 0.087747, setup 0.00)

Prob1A: 1 iterations in 0.07 seconds (average 0.072000, setup 0.00)

goal = 14719, inf = 0, maybe = 5242125

Computing remaining rewards...

Building sparse matrix (transitions)... [n=5256844, nc=9664782, nnz=11848442, k=4] [192.5 MB]
Building sparse matrix (transition rewards)... [n=5256844, nc=9664782, nnz=1477510, k=4] [73.8 MB]
Creating vector for state rewards... [40.1 MB]
Creating vector for inf... [40.1 MB]
Creating vector for lower bounds... [40.1 MB]
Creating vector for upper bounds... [40.1 MB]
Allocating iteration vectors... [4 x 40.1 MB]
TOTAL: [587.2 MB]

Starting iterations (interval iteration)...

 Time for pre-computation: 2.556000 Iteration 12: max relative diff=19.095014, 2.52 sec so far
Iteration 42: max relative diff=0.002997, 7.63 sec so far
Iteration 72: max relative diff=0.000001, 12.73 sec so far

First round (updates from below) finished after 100 iters.
Iterative method: 100 iterations in 17.67 seconds (average 0.176720, setup 8.84)

Value in the initial state: 39.17080110805023

Time for model checking: 44.266 seconds.

Result: 39.17080110805023 (value in the initial state)

---------------------------------------------------------------------

Note: There was 1 warning during computation.

