PRISM
=====

Version: 4.4
Date: Fri Aug 12 02:31:38 IRDT 2022
Hostname: sadegh-H81M-S2PH
Memory limits: cudd=1g, java(heap)=910.5m
Command line: prism ../../examples/mdps/zeroconf/zeroconf.nm ../../examples/mdps/zeroconf/max_cost.pctl -s '-ii:upper=1.2e+12' -improvedbk -maxiters 900500 -const 'K=20,N=3000,reset=false,err=.1'

Parsing model file "../../examples/mdps/zeroconf/zeroconf.nm"...

Parsing properties file "../../examples/mdps/zeroconf/max_cost.pctl"...

1 property:
(1) Rmax=? [ F l=4 ]

Type:        MDP
Modules:     environment host0 
Variables:   b_ip7 b_ip6 b_ip5 b_ip4 b_ip3 b_ip2 b_ip1 b_ip0 n n0 n1 b z ip_mess x y coll probes mess defend ip l 

---------------------------------------------------------------------

Model checking: Rmax=? [ F l=4 ]
Model constants: N=3000,K=20,err=0.1

Warning: Not Switching to explicit engine, We implemented the emthods for sparse engine.

Building model...
Model constants: N=3000,K=20,err=0.1

Computing reachable states...

Reachability (BFS): 1336 iterations in 247.50 seconds (average 0.185256, setup 0.00)

Time for model construction: 249.574 seconds.

Type:        MDP
States:      5812171 (1 initial)
Transitions: 13124020
Choices:     10710547

Transition matrix: 342796 nodes (6 terminal), 13124020 minterms, vars: 59r/59c/7nd

Prob0E: 182 iterations in 15.29 seconds (average 0.083984, setup 0.00)

Prob1A: 1 iterations in 0.08 seconds (average 0.078000, setup 0.00)

goal = 11452, inf = 0, maybe = 5800719

Warning: Upper bound for interval iteration manually set to 1.2E12

Computing remaining rewards...
 7
Building sparse matrix (transitions)... [n=5812171, nc=10690968, nnz=13099603, k=4] [212.9 MB]
Building sparse matrix (transition rewards)... [n=5812171, nc=10690968, nnz=1639538, k=4] [81.7 MB]
Creating vector for state rewards... [44.3 MB]
Creating vector for inf... [44.3 MB]
Creating vector for lower bounds... [44.3 MB]
Creating vector for upper bounds... [44.3 MB]
Allocating iteration vectors... [4 x 44.3 MB]
TOTAL: [649.3 MB]

Starting iterations (interval iteration)...

 Time for pre-computation: 3.186000 Iteration 7: max relative diff=88.105761, 1.86 sec so far
Iteration 33: max relative diff=0.061321, 6.89 sec so far
Iteration 59: max relative diff=0.000036, 11.91 sec so far

First round (updates from below) finished after 71 iters.Iteration 84: max relative diff=6.307160, 17.09 sec so far
Iteration 107: max relative diff=0.501629, 22.09 sec so far
Iteration 131: max relative diff=0.000036, 27.31 sec so far

Second round (updates from above) finished after 144 iters.
Update from both sides... 
Max relative diff between upper and lower bound on convergence: 0

Number of iterations for the lower bound = 76

Iterative method: 149 iterations in 31.41 seconds (average 0.210805, setup 9.90)
Maximum finite value in solution vector at end of interval iteration: 150.06740557619707

Value in the initial state: 45.17080110805017

Time for model checking: 60.372 seconds.

Result: 45.17080110805017 (value in the initial state)

---------------------------------------------------------------------

Note: There were 2 warnings during computation.

