PRISM
=====

Version: 4.6
Date: Sat Feb 27 19:07:40 IRST 2021
Hostname: sadegh-H81M-S2PH
Memory limits: cudd=1g, java(heap)=910.5m
Command line: prism ../prism-examples/mdps/zeroconf/zeroconf.nm ../prism-examples/mdps/zeroconf/max_cost.pctl -s '-ii:upper=1.2e+12' -improvedbk -maxiters 900500 -const 'K=17,N=1000,reset=false,err=.1'

Parsing model file "../prism-examples/mdps/zeroconf/zeroconf.nm"...

Type:        MDP
Modules:     environment host0 
Variables:   b_ip7 b_ip6 b_ip5 b_ip4 b_ip3 b_ip2 b_ip1 b_ip0 n n0 n1 b z ip_mess x y coll probes mess defend ip l 

Parsing properties file "../prism-examples/mdps/zeroconf/max_cost.pctl"...

1 property:
(1) Rmax=? [ F l=4 ]

---------------------------------------------------------------------

Model checking: Rmax=? [ F l=4 ]
Model constants: reset=false,N=1000,K=17,err=0.1

Building model...
Model constants: reset=false,N=1000,K=17,err=0.1

Computing reachable states...

Reachability (BFS): 948 iterations in 249.03 seconds (average 0.262693, setup 0.00)

Time for model construction: 252.019 seconds.

Type:        MDP
States:      5256844 (1 initial)
Transitions: 11879897
Choices:     9689998

Transition matrix: 338884 nodes (6 terminal), 11879897 minterms, vars: 59r/59c/7nd

Prob0E: 170 iterations in 15.07 seconds (average 0.088624, setup 0.00)

Prob1A: 1 iterations in 0.07 seconds (average 0.071000, setup 0.00)

goal = 14719, inf = 0, maybe = 5242125

Warning: Upper bound for interval iteration manually set to 1.2E12

Computing remaining rewards...
Engine: Sparse

Building sparse matrix (transitions)... [n=5256844, nc=9664782, nnz=11848442, k=4] [192.5 MB]
Building sparse matrix (transition rewards)... [n=5256844, nc=9664782, nnz=1477510, k=4] [73.8 MB]
Creating vector for state rewards... [40.1 MB]
Creating vector for inf... [40.1 MB]
Creating vector for lower bounds... [40.1 MB]
Creating vector for upper bounds... [40.1 MB]
Allocating iteration vectors... [4 x 40.1 MB]
TOTAL: [587.2 MB]

Starting iterations (interval iteration)...

 Time for pre-computation: 2.564000 Iteration 12: max relative diff=19.393296, 2.58 sec so far
Iteration 41: max relative diff=0.000365, 7.60 sec so far

First round (updates from below) finished after 58 iters.Iteration 69: max relative diff=6.862882, 12.68 sec so far
Iteration 96: max relative diff=0.014151, 17.85 sec so far

Second round (updates from above) finished after 122 iters.
Update from both sides... 
Iteration 123: max relative diff=0.000002, 23.07 sec so far
Max relative diff between upper and lower bound on convergence: 0

Number of iterations for the lower bound = 61

Iterative method: 125 iterations in 23.54 seconds (average 0.188344, setup 9.10)
Maximum finite value in solution vector at end of interval iteration: 135.9912895150496

Value in the initial state: 39.054502534589844

Time for model checking: 50.778 seconds.

Result: 39.054502534589844 (value in the initial state)

---------------------------------------------------------------------

Note: There was 1 warning during computation.

