PRISM
=====

Version: 4.4
Date: Fri Aug 12 02:19:17 IRDT 2022
Hostname: sadegh-H81M-S2PH
Memory limits: cudd=1g, java(heap)=910.5m
Command line: prism ../../examples/mdps/zeroconf/zeroconf.nm ../../examples/mdps/zeroconf/max_cost.pctl -s -improvedbk -maxiters 113 -epsilon 1e-10 -const 'K=20,N=3000,reset=false,err=.1'

Parsing model file "../../examples/mdps/zeroconf/zeroconf.nm"...

Parsing properties file "../../examples/mdps/zeroconf/max_cost.pctl"...

1 property:
(1) Rmax=? [ F l=4 ]

Type:        MDP
Modules:     environment host0 
Variables:   b_ip7 b_ip6 b_ip5 b_ip4 b_ip3 b_ip2 b_ip1 b_ip0 n n0 n1 b z ip_mess x y coll probes mess defend ip l 

---------------------------------------------------------------------

Model checking: Rmax=? [ F l=4 ]
Model constants: N=3000,K=20,err=0.1

Warning: Not Switching to explicit engine, We implemented the emthods for sparse engine.

Building model...
Model constants: N=3000,K=20,err=0.1

Computing reachable states...

Reachability (BFS): 1336 iterations in 248.31 seconds (average 0.185858, setup 0.00)

Time for model construction: 250.409 seconds.

Type:        MDP
States:      5812171 (1 initial)
Transitions: 13124020
Choices:     10710547

Transition matrix: 342796 nodes (6 terminal), 13124020 minterms, vars: 59r/59c/7nd

Prob0E: 182 iterations in 14.99 seconds (average 0.082374, setup 0.00)

Prob1A: 1 iterations in 0.08 seconds (average 0.076000, setup 0.00)

goal = 11452, inf = 0, maybe = 5800719

Computing remaining rewards...

Building sparse matrix (transitions)... [n=5812171, nc=10690968, nnz=13099603, k=4] [212.9 MB]
Building sparse matrix (transition rewards)... [n=5812171, nc=10690968, nnz=1639538, k=4] [81.7 MB]
Creating vector for state rewards... [44.3 MB]
Creating vector for inf... [44.3 MB]
Creating vector for lower bounds... [44.3 MB]
Creating vector for upper bounds... [44.3 MB]
Allocating iteration vectors... [4 x 44.3 MB]
TOTAL: [649.3 MB]

Starting iterations (interval iteration)...

 Time for pre-computation: 3.151000 Iteration 7: max relative diff=88.105761, 1.88 sec so far
Iteration 34: max relative diff=0.055320, 7.05 sec so far
Iteration 61: max relative diff=0.000020, 12.22 sec so far
Iteration 88: max relative diff=0.000000, 17.40 sec so far

First round (updates from below) finished after 112 iters.
Iterative method: 112 iterations in 22.19 seconds (average 0.198134, setup 9.60)

Value in the initial state: 45.170801108050284

Time for model checking: 50.262 seconds.

Result: 45.170801108050284 (value in the initial state)

---------------------------------------------------------------------

Note: There was 1 warning during computation.

