PRISM
=====

Version: 4.6
Date: Sat Feb 27 17:34:47 IRST 2021
Hostname: sadegh-H81M-S2PH
Memory limits: cudd=1g, java(heap)=910.5m
Command line: prism ../prism-examples/mdps/zeroconf/zeroconf.nm ../prism-examples/mdps/zeroconf/max_cost.pctl -s '-ii:upper=1.2e+12' -improvedbk -maxiters 900500 -const 'K=11,N=1000,reset=false,err=.1'

Parsing model file "../prism-examples/mdps/zeroconf/zeroconf.nm"...

Type:        MDP
Modules:     environment host0 
Variables:   b_ip7 b_ip6 b_ip5 b_ip4 b_ip3 b_ip2 b_ip1 b_ip0 n n0 n1 b z ip_mess x y coll probes mess defend ip l 

Parsing properties file "../prism-examples/mdps/zeroconf/max_cost.pctl"...

1 property:
(1) Rmax=? [ F l=4 ]

---------------------------------------------------------------------

Model checking: Rmax=? [ F l=4 ]
Model constants: reset=false,N=1000,K=11,err=0.1

Building model...
Model constants: reset=false,N=1000,K=11,err=0.1

Computing reachable states...

Reachability (BFS): 685 iterations in 106.76 seconds (average 0.155860, setup 0.00)

Time for model construction: 107.668 seconds.

Type:        MDP
States:      3387245 (1 initial)
Transitions: 7659711
Choices:     6233814

Transition matrix: 184560 nodes (6 terminal), 7659711 minterms, vars: 58r/58c/7nd

Prob0E: 146 iterations in 8.34 seconds (average 0.057137, setup 0.00)

Prob1A: 1 iterations in 0.04 seconds (average 0.040000, setup 0.00)

goal = 20243, inf = 0, maybe = 3367002

Warning: Upper bound for interval iteration manually set to 1.2E12

Computing remaining rewards...
Engine: Sparse

Building sparse matrix (transitions)... [n=3387245, nc=6198905, nnz=7616166, k=4] [123.7 MB]
Building sparse matrix (transition rewards)... [n=3387245, nc=6198905, nnz=942336, k=4] [47.4 MB]
Creating vector for state rewards... [25.8 MB]
Creating vector for inf... [25.8 MB]
Creating vector for lower bounds... [25.8 MB]
Creating vector for upper bounds... [25.8 MB]
Allocating iteration vectors... [4 x 25.8 MB]
TOTAL: [377.8 MB]

Starting iterations (interval iteration)...

 Time for pre-computation: 1.261000 Iteration 31: max relative diff=0.006481, 3.81 sec so far

First round (updates from below) finished after 52 iters.Iteration 74: max relative diff=2.919063, 8.86 sec so far

Second round (updates from above) finished after 111 iters.
Update from both sides... 
Max relative diff between upper and lower bound on convergence: 0

Number of iterations for the lower bound = 55

Iterative method: 114 iterations in 13.55 seconds (average 0.118842, setup 6.02)
Maximum finite value in solution vector at end of interval iteration: 111.99133276395568

Value in the initial state: 27.05450253501492

Time for model checking: 29.876 seconds.

Result: 27.05450253501492 (value in the initial state)

---------------------------------------------------------------------

Note: There was 1 warning during computation.

