PRISM
=====

Version: 4.4
Date: Thu Aug 11 23:56:49 IRDT 2022
Hostname: sadegh-H81M-S2PH
Memory limits: cudd=1g, java(heap)=910.5m
Command line: prism ../../examples/mdps/zeroconf/zeroconf.nm ../../examples/mdps/zeroconf/max_cost.pctl -s '-ii:upper=1.2e+12' -improvedbk -maxiters 900500 -const 'K=15,N=3000,reset=false,err=.1'

Parsing model file "../../examples/mdps/zeroconf/zeroconf.nm"...

Parsing properties file "../../examples/mdps/zeroconf/max_cost.pctl"...

1 property:
(1) Rmax=? [ F l=4 ]

Type:        MDP
Modules:     environment host0 
Variables:   b_ip7 b_ip6 b_ip5 b_ip4 b_ip3 b_ip2 b_ip1 b_ip0 n n0 n1 b z ip_mess x y coll probes mess defend ip l 

---------------------------------------------------------------------

Model checking: Rmax=? [ F l=4 ]
Model constants: N=3000,K=15,err=0.1

Warning: Not Switching to explicit engine, We implemented the emthods for sparse engine.

Building model...
Model constants: N=3000,K=15,err=0.1

Computing reachable states...

Reachability (BFS): 830 iterations in 165.88 seconds (average 0.199851, setup 0.00)

Time for model construction: 167.139 seconds.

Type:        MDP
States:      4730203 (1 initial)
Transitions: 10693301
Choices:     8717533

Transition matrix: 263732 nodes (6 terminal), 10693301 minterms, vars: 58r/58c/7nd

Prob0E: 162 iterations in 11.83 seconds (average 0.073049, setup 0.00)

Prob1A: 1 iterations in 0.06 seconds (average 0.055000, setup 0.00)

goal = 16923, inf = 0, maybe = 4713280

Warning: Upper bound for interval iteration manually set to 1.2E12

Computing remaining rewards...
 7
Building sparse matrix (transitions)... [n=4730203, nc=8688511, nnz=10657102, k=4] [173.1 MB]
Building sparse matrix (transition rewards)... [n=4730203, nc=8688511, nnz=1325232, k=4] [66.4 MB]
Creating vector for state rewards... [36.1 MB]
Creating vector for inf... [36.1 MB]
Creating vector for lower bounds... [36.1 MB]
Creating vector for upper bounds... [36.1 MB]
Allocating iteration vectors... [4 x 36.1 MB]
TOTAL: [528.2 MB]

Starting iterations (interval iteration)...

 Time for pre-computation: 2.100000 Iteration 17: max relative diff=8.127369, 2.94 sec so far
Iteration 51: max relative diff=0.000094, 8.05 sec so far

First round (updates from below) finished after 68 iters.Iteration 83: max relative diff=4.886349, 13.17 sec so far
Iteration 113: max relative diff=0.006762, 18.24 sec so far
Iteration 143: max relative diff=0.000001, 23.31 sec so far

Second round (updates from above) finished after 145 iters.
Update from both sides... 
Max relative diff between upper and lower bound on convergence: 0

Number of iterations for the lower bound = 73

Iterative method: 150 iterations in 24.65 seconds (average 0.164340, setup 7.90)
Maximum finite value in solution vector at end of interval iteration: 130.06989711914179

Value in the initial state: 35.170801108049424

Time for model checking: 46.97 seconds.

Result: 35.170801108049424 (value in the initial state)

---------------------------------------------------------------------

Note: There were 2 warnings during computation.

