PRISM
=====

Version: 4.4
Date: Thu Aug 11 22:10:56 IRDT 2022
Hostname: sadegh-H81M-S2PH
Memory limits: cudd=1g, java(heap)=910.5m
Command line: prism ../../examples/mdps/zeroconf/zeroconf.nm ../../examples/mdps/zeroconf/max_cost.pctl -s '-ii:upper=102' -asynchii -maxiters 900500 -const 'K=9,N=3000,reset=false,err=.1'

Parsing model file "../../examples/mdps/zeroconf/zeroconf.nm"...

Parsing properties file "../../examples/mdps/zeroconf/max_cost.pctl"...

1 property:
(1) Rmax=? [ F l=4 ]

Type:        MDP
Modules:     environment host0 
Variables:   b_ip7 b_ip6 b_ip5 b_ip4 b_ip3 b_ip2 b_ip1 b_ip0 n n0 n1 b z ip_mess x y coll probes mess defend ip l 

---------------------------------------------------------------------

Model checking: Rmax=? [ F l=4 ]
Model constants: N=3000,K=9,err=0.1

Warning: Not Switching to explicit engine, We implemented the emthods for sparse engine.

Building model...
Model constants: N=3000,K=9,err=0.1

Computing reachable states...

Reachability (BFS): 636 iterations in 87.80 seconds (average 0.138053, setup 0.00)

Time for model construction: 88.712 seconds.

Type:        MDP
States:      2612379 (1 initial)
Transitions: 5905923
Choices:     4799715

Transition matrix: 145828 nodes (6 terminal), 5905923 minterms, vars: 58r/58c/7nd

Prob0E: 138 iterations in 7.55 seconds (average 0.054688, setup 0.00)

Prob1A: 1 iterations in 0.03 seconds (average 0.031000, setup 0.00)

goal = 19809, inf = 0, maybe = 2592570

Warning: Upper bound for interval iteration manually set to 102.0

Computing remaining rewards...
 8
Building sparse matrix (transitions)... [n=2612379, nc=4765387, nnz=5863127, k=4] [95.2 MB]
Building sparse matrix (transition rewards)... [n=2612379, nc=4765387, nnz=724627, k=4] [36.4 MB]
Creating vector for state rewards... [19.9 MB]
Creating vector for inf... [19.9 MB]
Creating vector for lower bounds... [19.9 MB]
Creating vector for upper bounds... [19.9 MB]
Allocating iteration vectors... [4 x 19.9 MB]
TOTAL: [291.1 MB]

Starting iterations (interval iteration)...

 Time for pre-computation	: 0.218000 
		 >> 2592570 after 0 iters << 
Iteration 29: max relative diff=101.942317, 4.79 sec so far
Iteration 65: max relative diff=79.354588, 9.90 sec so far
Iteration 95: max relative diff=0.140423, 15.08 sec so far
Iteration 119: max relative diff=0.000146, 20.11 sec so far
Iteration 139: max relative diff=0.000002, 25.17 sec so far
Max relative diff between upper and lower bound on convergence: 8.77409E-07
LowItr:77 , UpItr:130 

Iterative method: 143 iterations in 25.96 seconds (average 0.181524, setup 4.92)
Maximum finite value in solution vector at end of interval iteration: 106.06987765134403

Value in the initial state: 23.17080116422264

Time for model checking: 39.004 seconds.

Result: 23.17080116422264 (value in the initial state)

---------------------------------------------------------------------

Note: There were 2 warnings during computation.

