PRISM
=====

Version: 4.4
Date: Fri Aug 12 01:12:53 IRDT 2022
Hostname: sadegh-H81M-S2PH
Memory limits: cudd=1g, java(heap)=910.5m
Command line: prism ../../examples/mdps/zeroconf/zeroconf.nm ../../examples/mdps/zeroconf/max_cost.pctl -s -improvedbk -maxiters 105 -epsilon 1e-10 -const 'K=18,N=3000,reset=false,err=.1'

Parsing model file "../../examples/mdps/zeroconf/zeroconf.nm"...

Parsing properties file "../../examples/mdps/zeroconf/max_cost.pctl"...

1 property:
(1) Rmax=? [ F l=4 ]

Type:        MDP
Modules:     environment host0 
Variables:   b_ip7 b_ip6 b_ip5 b_ip4 b_ip3 b_ip2 b_ip1 b_ip0 n n0 n1 b z ip_mess x y coll probes mess defend ip l 

---------------------------------------------------------------------

Model checking: Rmax=? [ F l=4 ]
Model constants: N=3000,K=18,err=0.1

Warning: Not Switching to explicit engine, We implemented the emthods for sparse engine.

Building model...
Model constants: N=3000,K=18,err=0.1

Computing reachable states...

Reachability (BFS): 1103 iterations in 223.43 seconds (average 0.202564, setup 0.00)

Time for model construction: 224.997 seconds.

Type:        MDP
States:      5477150 (1 initial)
Transitions: 12374708
Choices:     10095684

Transition matrix: 307471 nodes (6 terminal), 12374708 minterms, vars: 59r/59c/7nd

Prob0E: 174 iterations in 14.31 seconds (average 0.082253, setup 0.00)

Prob1A: 1 iterations in 0.07 seconds (average 0.070000, setup 0.00)

goal = 13630, inf = 0, maybe = 5463520

Computing remaining rewards...

Building sparse matrix (transitions)... [n=5477150, nc=10072347, nnz=12345599, k=4] [200.6 MB]
Building sparse matrix (transition rewards)... [n=5477150, nc=10072347, nnz=1541484, k=4] [77.0 MB]
Creating vector for state rewards... [41.8 MB]
Creating vector for inf... [41.8 MB]
Creating vector for lower bounds... [41.8 MB]
Creating vector for upper bounds... [41.8 MB]
Allocating iteration vectors... [4 x 41.8 MB]
TOTAL: [611.9 MB]

Starting iterations (interval iteration)...

 Time for pre-computation: 2.744000 Iteration 11: max relative diff=37.826638, 2.42 sec so far
Iteration 40: max relative diff=0.003575, 7.58 sec so far
Iteration 69: max relative diff=0.000001, 12.75 sec so far
Iteration 98: max relative diff=0.000000, 17.91 sec so far

First round (updates from below) finished after 104 iters.
Iterative method: 104 iterations in 19.16 seconds (average 0.184240, setup 9.09)

Value in the initial state: 41.17080110805027

Time for model checking: 45.675 seconds.

Result: 41.17080110805027 (value in the initial state)

---------------------------------------------------------------------

Note: There was 1 warning during computation.

