PRISM
=====

Version: 4.6
Date: Sat Feb 27 19:00:31 IRST 2021
Hostname: sadegh-H81M-S2PH
Memory limits: cudd=1g, java(heap)=910.5m
Command line: prism ../prism-examples/mdps/zeroconf/zeroconf.nm ../prism-examples/mdps/zeroconf/max_cost.pctl -s '-ii:upper=1.2e+12' -backward -maxiters 900500 -const 'K=17,N=1000,reset=false,err=.1'

Parsing model file "../prism-examples/mdps/zeroconf/zeroconf.nm"...

Type:        MDP
Modules:     environment host0 
Variables:   b_ip7 b_ip6 b_ip5 b_ip4 b_ip3 b_ip2 b_ip1 b_ip0 n n0 n1 b z ip_mess x y coll probes mess defend ip l 

Parsing properties file "../prism-examples/mdps/zeroconf/max_cost.pctl"...

1 property:
(1) Rmax=? [ F l=4 ]

---------------------------------------------------------------------

Model checking: Rmax=? [ F l=4 ]
Model constants: reset=false,N=1000,K=17,err=0.1

Building model...
Model constants: reset=false,N=1000,K=17,err=0.1

Computing reachable states...

Reachability (BFS): 948 iterations in 246.44 seconds (average 0.259956, setup 0.00)

Time for model construction: 248.924 seconds.

Type:        MDP
States:      5256844 (1 initial)
Transitions: 11879897
Choices:     9689998

Transition matrix: 338884 nodes (6 terminal), 11879897 minterms, vars: 59r/59c/7nd

Prob0E: 170 iterations in 19.68 seconds (average 0.115765, setup 0.00)

Prob1A: 1 iterations in 0.09 seconds (average 0.093000, setup 0.00)

goal = 14719, inf = 0, maybe = 5242125

Warning: Upper bound for interval iteration manually set to 1.2E12

Computing remaining rewards...
Engine: Sparse

Building sparse matrix (transitions)... [n=5256844, nc=9664782, nnz=11848442, k=4] [192.5 MB]
Building sparse matrix (transition rewards)... [n=5256844, nc=9664782, nnz=1477510, k=4] [73.8 MB]
Creating vector for state rewards... [40.1 MB]
Creating vector for inf... [40.1 MB]
Creating vector for lower bounds... [40.1 MB]
Creating vector for upper bounds... [40.1 MB]
Allocating iteration vectors... [4 x 40.1 MB]
TOTAL: [587.2 MB]

Starting iterations (interval iteration)...

Time for state ordering: 0.524000

Max relative diff between upper and lower bound on convergence: 6.21947E-07
Iterative method: 268 iterations in 144.59 seconds (average 0.539522, setup 13.04)
Maximum finite value in solution vector at end of interval iteration: 135.99128951504932

Value in the initial state: 39.05450253458985

Time for model checking: 178.577 seconds.

Result: 39.05450253458985 (value in the initial state)

---------------------------------------------------------------------

Note: There was 1 warning during computation.

