PRISM
=====

Version: 4.6
Date: Sun Feb 28 16:02:57 IRST 2021
Hostname: sadegh-H81M-S2PH
Memory limits: cudd=1g, java(heap)=910.5m
Command line: prism ../prism-examples/mdps/zeroconf/zeroconf.nm ../prism-examples/mdps/zeroconf/max_cost.pctl -s -improvedbk -maxiters 89 -epsilon 1e-10 -const 'K=14,N=1000,reset=false,err=.1'

Parsing model file "../prism-examples/mdps/zeroconf/zeroconf.nm"...

Type:        MDP
Modules:     environment host0 
Variables:   b_ip7 b_ip6 b_ip5 b_ip4 b_ip3 b_ip2 b_ip1 b_ip0 n n0 n1 b z ip_mess x y coll probes mess defend ip l 

Parsing properties file "../prism-examples/mdps/zeroconf/max_cost.pctl"...

1 property:
(1) Rmax=? [ F l=4 ]

---------------------------------------------------------------------

Model checking: Rmax=? [ F l=4 ]
Model constants: reset=false,N=1000,K=14,err=0.1

Building model...
Model constants: reset=false,N=1000,K=14,err=0.1

Computing reachable states...

Reachability (BFS): 779 iterations in 148.73 seconds (average 0.190928, setup 0.00)

Time for model construction: 149.821 seconds.

Type:        MDP
States:      4427159 (1 initial)
Transitions: 10009768
Choices:     8157565

Transition matrix: 245227 nodes (6 terminal), 10009768 minterms, vars: 58r/58c/7nd

Prob0E: 158 iterations in 11.12 seconds (average 0.070367, setup 0.00)

Prob1A: 1 iterations in 0.05 seconds (average 0.054000, setup 0.00)

goal = 18049, inf = 0, maybe = 4409110

Computing remaining rewards...
Engine: Sparse

Building sparse matrix (transitions)... [n=4427159, nc=8126591, nnz=9971120, k=4] [162.0 MB]
Building sparse matrix (transition rewards)... [n=4427159, nc=8126591, nnz=1238146, k=4] [62.1 MB]
Creating vector for state rewards... [33.8 MB]
Creating vector for inf... [33.8 MB]
Creating vector for lower bounds... [33.8 MB]
Creating vector for upper bounds... [33.8 MB]
Allocating iteration vectors... [4 x 33.8 MB]
TOTAL: [494.3 MB]

Starting iterations (interval iteration)...

 Time for pre-computation: 1.848000 Iteration 21: max relative diff=0.549825, 3.26 sec so far
Iteration 58: max relative diff=0.000000, 8.35 sec so far

First round (updates from below) finished after 88 iters.
Iterative method: 88 iterations in 12.63 seconds (average 0.143489, setup 7.28)

Value in the initial state: 33.05450253459021

Time for model checking: 33.163 seconds.

Result: 33.05450253459021 (value in the initial state)

