PRISM
=====

Version: 4.4
Date: Thu Aug 11 23:04:11 IRDT 2022
Hostname: sadegh-H81M-S2PH
Memory limits: cudd=1g, java(heap)=910.5m
Command line: prism ../../examples/mdps/zeroconf/zeroconf.nm ../../examples/mdps/zeroconf/max_cost.pctl -s -improvedbk -maxiters 85 -epsilon 1e-10 -const 'K=13,N=3000,reset=false,err=.1'

Parsing model file "../../examples/mdps/zeroconf/zeroconf.nm"...

Parsing properties file "../../examples/mdps/zeroconf/max_cost.pctl"...

1 property:
(1) Rmax=? [ F l=4 ]

Type:        MDP
Modules:     environment host0 
Variables:   b_ip7 b_ip6 b_ip5 b_ip4 b_ip3 b_ip2 b_ip1 b_ip0 n n0 n1 b z ip_mess x y coll probes mess defend ip l 

---------------------------------------------------------------------

Model checking: Rmax=? [ F l=4 ]
Model constants: N=3000,K=13,err=0.1

Warning: Not Switching to explicit engine, We implemented the emthods for sparse engine.

Building model...
Model constants: N=3000,K=13,err=0.1

Computing reachable states...

Reachability (BFS): 735 iterations in 128.73 seconds (average 0.175137, setup 0.00)

Time for model construction: 129.755 seconds.

Type:        MDP
States:      4101663 (1 initial)
Transitions: 9274726
Choices:     7555631

Transition matrix: 223176 nodes (6 terminal), 9274726 minterms, vars: 58r/58c/7nd

Prob0E: 154 iterations in 10.45 seconds (average 0.067864, setup 0.00)

Prob1A: 1 iterations in 0.05 seconds (average 0.049000, setup 0.00)

goal = 19000, inf = 0, maybe = 4082663

Computing remaining rewards...

Building sparse matrix (transitions)... [n=4101663, nc=7522993, nnz=9234000, k=4] [150.0 MB]
Building sparse matrix (transition rewards)... [n=4101663, nc=7522993, nnz=1145010, k=4] [57.4 MB]
Creating vector for state rewards... [31.3 MB]
Creating vector for inf... [31.3 MB]
Creating vector for lower bounds... [31.3 MB]
Creating vector for upper bounds... [31.3 MB]
Allocating iteration vectors... [4 x 31.3 MB]
TOTAL: [457.8 MB]

Starting iterations (interval iteration)...

 Time for pre-computation: 1.651000 Iteration 25: max relative diff=0.145891, 3.46 sec so far
Iteration 65: max relative diff=0.000001, 8.48 sec so far

First round (updates from below) finished after 84 iters.
Iterative method: 84 iterations in 10.99 seconds (average 0.130798, setup 6.73)

Value in the initial state: 31.170801108067444

Time for model checking: 30.101 seconds.

Result: 31.170801108067444 (value in the initial state)

---------------------------------------------------------------------

Note: There was 1 warning during computation.

