PRISM
=====

Version: 4.4
Date: Thu Aug 11 22:54:46 IRDT 2022
Hostname: sadegh-H81M-S2PH
Memory limits: cudd=1g, java(heap)=910.5m
Command line: prism ../../examples/mdps/zeroconf/zeroconf.nm ../../examples/mdps/zeroconf/max_cost.pctl -s '-ii:upper=1.2e+12' -asynchii -maxiters 900500 -const 'K=12,N=3000,reset=false,err=.1'

Parsing model file "../../examples/mdps/zeroconf/zeroconf.nm"...

Parsing properties file "../../examples/mdps/zeroconf/max_cost.pctl"...

1 property:
(1) Rmax=? [ F l=4 ]

Type:        MDP
Modules:     environment host0 
Variables:   b_ip7 b_ip6 b_ip5 b_ip4 b_ip3 b_ip2 b_ip1 b_ip0 n n0 n1 b z ip_mess x y coll probes mess defend ip l 

---------------------------------------------------------------------

Model checking: Rmax=? [ F l=4 ]
Model constants: N=3000,K=12,err=0.1

Warning: Not Switching to explicit engine, We implemented the emthods for sparse engine.

Building model...
Model constants: N=3000,K=12,err=0.1

Computing reachable states...

Reachability (BFS): 716 iterations in 115.52 seconds (average 0.161339, setup 0.00)

Time for model construction: 116.37 seconds.

Type:        MDP
States:      3754386 (1 initial)
Transitions: 8489802
Choices:     6913088

Transition matrix: 203934 nodes (6 terminal), 8489802 minterms, vars: 58r/58c/7nd

Prob0E: 150 iterations in 9.06 seconds (average 0.060400, setup 0.00)

Prob1A: 1 iterations in 0.04 seconds (average 0.040000, setup 0.00)

goal = 19768, inf = 0, maybe = 3734618

Warning: Upper bound for interval iteration manually set to 1.2E12

Computing remaining rewards...
 8
Building sparse matrix (transitions)... [n=3754386, nc=6879073, nnz=8447359, k=4] [137.2 MB]
Building sparse matrix (transition rewards)... [n=3754386, nc=6879073, nnz=1046175, k=4] [52.5 MB]
Creating vector for state rewards... [28.6 MB]
Creating vector for inf... [28.6 MB]
Creating vector for lower bounds... [28.6 MB]
Creating vector for upper bounds... [28.6 MB]
Allocating iteration vectors... [4 x 28.6 MB]
TOTAL: [418.9 MB]

Starting iterations (interval iteration)...

 Time for pre-computation	: 0.319000 
		 >> 3734618 after 0 iters << 
Iteration 25: max relative diff=1199999999997.888916, 4.79 sec so far
Iteration 54: max relative diff=1199994712677.030762, 9.88 sec so far
Iteration 83: max relative diff=54818164399.995934, 14.98 sec so far
Iteration 112: max relative diff=2097382595.679081, 20.07 sec so far
Iteration 141: max relative diff=52778934.743311, 25.15 sec so far
Iteration 170: max relative diff=941421.707349, 30.24 sec so far
Iteration 199: max relative diff=13857.564752, 35.33 sec so far
Iteration 225: max relative diff=307.908930, 40.35 sec so far
Iteration 248: max relative diff=8.627427, 45.44 sec so far
Iteration 267: max relative diff=0.191021, 50.74 sec so far
Iteration 285: max relative diff=0.001653, 55.85 sec so far
Iteration 301: max relative diff=0.000053, 60.93 sec so far
Iteration 318: max relative diff=0.000001, 66.02 sec so far
Max relative diff between upper and lower bound on convergence: 8.46125E-07
LowItr:80 , UpItr:305 

Iterative method: 319 iterations in 66.20 seconds (average 0.207511, setup 6.40)
Maximum finite value in solution vector at end of interval iteration: 118.06989871428723

Value in the initial state: 29.17080110821432

Time for model checking: 82.336 seconds.

Result: 29.17080110821432 (value in the initial state)

---------------------------------------------------------------------

Note: There were 2 warnings during computation.

