PRISM
=====

Version: 4.4
Date: Thu Aug 11 21:57:59 IRDT 2022
Hostname: sadegh-H81M-S2PH
Memory limits: cudd=1g, java(heap)=910.5m
Command line: prism ../../examples/mdps/zeroconf/zeroconf.nm ../../examples/mdps/zeroconf/max_cost.pctl -s '-ii:upper=98' -asynchii -maxiters 900500 -const 'K=8,N=3000,reset=false,err=.1'

Parsing model file "../../examples/mdps/zeroconf/zeroconf.nm"...

Parsing properties file "../../examples/mdps/zeroconf/max_cost.pctl"...

1 property:
(1) Rmax=? [ F l=4 ]

Type:        MDP
Modules:     environment host0 
Variables:   b_ip7 b_ip6 b_ip5 b_ip4 b_ip3 b_ip2 b_ip1 b_ip0 n n0 n1 b z ip_mess x y coll probes mess defend ip l 

---------------------------------------------------------------------

Model checking: Rmax=? [ F l=4 ]
Model constants: N=3000,K=8,err=0.1

Warning: Not Switching to explicit engine, We implemented the emthods for sparse engine.

Building model...
Model constants: N=3000,K=8,err=0.1

Computing reachable states...

Reachability (BFS): 592 iterations in 63.17 seconds (average 0.106706, setup 0.00)

Time for model construction: 64.123 seconds.

Type:        MDP
States:      1870338 (1 initial)
Transitions: 4245554
Choices:     3443961

Transition matrix: 154038 nodes (6 terminal), 4245554 minterms, vars: 58r/58c/7nd

Prob0E: 133 iterations in 5.72 seconds (average 0.043023, setup 0.00)

Prob1A: 1 iterations in 0.03 seconds (average 0.029000, setup 0.00)

goal = 19059, inf = 0, maybe = 1851279

Warning: Upper bound for interval iteration manually set to 98.0

Computing remaining rewards...
 8
Building sparse matrix (transitions)... [n=1870338, nc=3410798, nnz=4204199, k=4] [68.3 MB]
Building sparse matrix (transition rewards)... [n=1870338, nc=3410798, nnz=518563, k=4] [26.1 MB]
Creating vector for state rewards... [14.3 MB]
Creating vector for inf... [14.3 MB]
Creating vector for lower bounds... [14.3 MB]
Creating vector for upper bounds... [14.3 MB]
Allocating iteration vectors... [4 x 14.3 MB]
TOTAL: [208.5 MB]

Starting iterations (interval iteration)...

 Time for pre-computation	: 0.124000 
		 >> 1851279 after 0 iters << 
Iteration 54: max relative diff=94.359095, 5.02 sec so far
Iteration 101: max relative diff=0.033395, 10.09 sec so far
Max relative diff between upper and lower bound on convergence: 9.20329E-07
LowItr:70 , UpItr:122 

Iterative method: 134 iterations in 14.80 seconds (average 0.110418, setup 3.60)
Maximum finite value in solution vector at end of interval iteration: 102.06978776795289

Value in the initial state: 21.170801460399204

Time for model checking: 24.47 seconds.

Result: 21.170801460399204 (value in the initial state)

---------------------------------------------------------------------

Note: There were 2 warnings during computation.

