PRISM
=====

Version: 4.6
Date: Sat Feb 27 17:48:44 IRST 2021
Hostname: sadegh-H81M-S2PH
Memory limits: cudd=1g, java(heap)=910.5m
Command line: prism ../prism-examples/mdps/zeroconf/zeroconf.nm ../prism-examples/mdps/zeroconf/max_cost.pctl -s '-ii:upper=119' -asynchupper -maxiters 900500 -const 'K=13,N=1000,reset=false,err=.1'

Parsing model file "../prism-examples/mdps/zeroconf/zeroconf.nm"...

Type:        MDP
Modules:     environment host0 
Variables:   b_ip7 b_ip6 b_ip5 b_ip4 b_ip3 b_ip2 b_ip1 b_ip0 n n0 n1 b z ip_mess x y coll probes mess defend ip l 

Parsing properties file "../prism-examples/mdps/zeroconf/max_cost.pctl"...

1 property:
(1) Rmax=? [ F l=4 ]

---------------------------------------------------------------------

Model checking: Rmax=? [ F l=4 ]
Model constants: reset=false,N=1000,K=13,err=0.1

Building model...
Model constants: reset=false,N=1000,K=13,err=0.1

Computing reachable states...

Reachability (BFS): 735 iterations in 137.92 seconds (average 0.187649, setup 0.00)

Time for model construction: 138.968 seconds.

Type:        MDP
States:      4101663 (1 initial)
Transitions: 9274726
Choices:     7555631

Transition matrix: 223176 nodes (6 terminal), 9274726 minterms, vars: 58r/58c/7nd

Prob0E: 154 iterations in 11.01 seconds (average 0.071487, setup 0.00)

Prob1A: 1 iterations in 0.05 seconds (average 0.048000, setup 0.00)

goal = 19000, inf = 0, maybe = 4082663

Warning: Upper bound for interval iteration manually set to 119.0

Computing remaining rewards...
Engine: Sparse

Building sparse matrix (transitions)... [n=4101663, nc=7522993, nnz=9234000, k=4] [150.0 MB]
Building sparse matrix (transition rewards)... [n=4101663, nc=7522993, nnz=1145010, k=4] [57.4 MB]
Creating vector for state rewards... [31.3 MB]
Creating vector for inf... [31.3 MB]
Creating vector for lower bounds... [31.3 MB]
Creating vector for upper bounds... [31.3 MB]
Allocating iteration vectors... [4 x 31.3 MB]
TOTAL: [457.8 MB]

Starting iterations (interval iteration)...

Soln above finished after 123 iterations, while flag is False.

Checking for lower bound passed after 19 iterations.
Iteration 1: max relative diff=1.000000, 28.67 sec so far
Iteration 30: max relative diff=0.000011, 34.05 sec so far
Max relative diff between upper and lower bound on convergence: 9.49433E-07
LowItr:57 , UpItr:132  

Iterative method: 38 iterations in 37.07 seconds (average 0.975632, setup 6.97)
Maximum finite value in solution vector at end of interval iteration: 119.99133342714573

Value in the initial state: 31.05450253459617

Time for model checking: 55.887 seconds.

Result: 31.05450253459617 (value in the initial state)

---------------------------------------------------------------------

Note: There was 1 warning during computation.

