PRISM
=====

Version: 4.4
Date: Thu Feb 18 02:18:30 IRST 2021
Hostname: sadegh-H81M-S2PH
Memory limits: cudd=1g, java(heap)=910.5m
Command line: prism ../../examples/mdps/consensus/coin5.nm ../../examples/mdps/consensus/steps_max.pctl -s -ii -const K=8 -maxiters 90005000 -improvedbk

Parsing model file "../../examples/mdps/consensus/coin5.nm"...

Parsing properties file "../../examples/mdps/consensus/steps_max.pctl"...

1 property:
(1) "steps_max": R{"steps"}max=? [ F "finished" ]

Type:        MDP
Modules:     process1 process2 process3 process4 process5 
Variables:   counter pc1 coin1 pc2 coin2 pc3 coin3 pc4 coin4 pc5 coin5 

---------------------------------------------------------------------

Model checking: "steps_max": R{"steps"}max=? [ F "finished" ]
Model constants: K=8

Warning: Not Switching to explicit engine, We implemented the emthods for sparse engine.

Building model...
Model constants: K=8

Computing reachable states...

Reachability (BFS): 484 iterations in 0.10 seconds (average 0.000209, setup 0.00)

Time for model construction: 0.157 seconds.

Type:        MDP
States:      637696 (1 initial)
Transitions: 2659120
Choices:     2129920

Transition matrix: 4352 nodes (3 terminal), 2659120 minterms, vars: 22r/22c/5nd

Prob0E: 143 iterations in 0.28 seconds (average 0.001965, setup 0.00)

Prob1A: 1 iterations in 0.00 seconds (average 0.000000, setup 0.00)

goal = 160, inf = 0, maybe = 637536
Time for computing an upper bound for expected reward: 9.132 seconds.
Upper bound for max expectation (variant 2): 1.37394973006688096E17

Computing remaining rewards...
 7
Building sparse matrix (transitions)... [n=637696, nc=2129760, nnz=2658960, k=5] [41.0 MB]
Building sparse matrix (transition rewards)... [n=637696, nc=2129760, nnz=0, k=5] [10.6 MB]
Creating vector for state rewards... [4.9 MB]
Creating vector for inf... [4.9 MB]
Creating vector for lower bounds... [4.9 MB]
Creating vector for upper bounds... [4.9 MB]
Allocating iteration vectors... [4 x 4.9 MB]
TOTAL: [90.5 MB]

Starting iterations (interval iteration)...

 Time for pre-computation: 0.402000 Iteration 434: max relative diff=4.337060, 4.61 sec so far
Iteration 911: max relative diff=2.371875, 9.62 sec so far
Iteration 1379: max relative diff=1.308012, 14.62 sec so far
Iteration 1779: max relative diff=0.786464, 19.62 sec so far
Iteration 2162: max relative diff=0.483209, 24.63 sec so far
Iteration 2602: max relative diff=0.276127, 29.64 sec so far
Iteration 3069: max relative diff=0.152465, 34.65 sec so far
Iteration 3528: max relative diff=0.085045, 39.66 sec so far
Iteration 3982: max relative diff=0.047741, 44.66 sec so far
Iteration 4452: max relative diff=0.026260, 49.67 sec so far
Iteration 4904: max relative diff=0.014779, 54.67 sec so far
Iteration 5365: max relative diff=0.008223, 59.68 sec so far
Iteration 5747: max relative diff=0.005059, 64.69 sec so far
Iteration 6143: max relative diff=0.003057, 69.70 sec so far
Iteration 6596: max relative diff=0.001718, 74.71 sec so far
Iteration 7057: max relative diff=0.000956, 79.72 sec so far
Iteration 7523: max relative diff=0.000529, 84.72 sec so far
Iteration 7974: max relative diff=0.000298, 89.73 sec so far
Iteration 8441: max relative diff=0.000164, 94.74 sec so far
Iteration 8841: max relative diff=0.000099, 99.75 sec so far
Iteration 9225: max relative diff=0.000061, 104.75 sec so far
Iteration 9666: max relative diff=0.000035, 109.76 sec so far
Iteration 10133: max relative diff=0.000019, 114.77 sec so far
Iteration 10592: max relative diff=0.000011, 119.77 sec so far
Iteration 11046: max relative diff=0.000006, 124.78 sec so far
Iteration 11516: max relative diff=0.000003, 129.78 sec so far
Iteration 11934: max relative diff=0.000002, 134.80 sec so far
Iteration 12308: max relative diff=0.000001, 139.81 sec so far

First round (updates from below) finished after 12454 iters.
Correctness of the approximated above vector satisfied after 1 iterations.
Iteration 12725: max relative diff=0.522078, 144.82 sec so far
Iteration 13173: max relative diff=0.302485, 149.83 sec so far
Iteration 13606: max relative diff=0.175565, 154.84 sec so far
Iteration 14044: max relative diff=0.101231, 159.84 sec so far
Iteration 14489: max relative diff=0.057858, 164.84 sec so far
Iteration 14906: max relative diff=0.034253, 169.85 sec so far
Iteration 15253: max relative diff=0.022144, 174.85 sec so far
Iteration 15654: max relative diff=0.013376, 179.86 sec so far
Iteration 16098: max relative diff=0.007655, 184.87 sec so far
Iteration 16526: max relative diff=0.004469, 189.87 sec so far
Iteration 16971: max relative diff=0.002554, 194.87 sec so far
Iteration 17409: max relative diff=0.001473, 199.88 sec so far
Iteration 17840: max relative diff=0.000857, 204.89 sec so far
Iteration 18187: max relative diff=0.000554, 209.89 sec so far
Iteration 18579: max relative diff=0.000338, 214.90 sec so far
Iteration 19018: max relative diff=0.000195, 219.91 sec so far
Iteration 19451: max relative diff=0.000113, 224.92 sec so far
Iteration 19899: max relative diff=0.000064, 229.93 sec so far
Iteration 20294: max relative diff=0.000039, 234.93 sec so far
Iteration 20651: max relative diff=0.000025, 239.94 sec so far
Iteration 21062: max relative diff=0.000015, 244.95 sec so far
Iteration 21509: max relative diff=0.000009, 249.95 sec so far
Iteration 21942: max relative diff=0.000005, 254.96 sec so far
Iteration 22378: max relative diff=0.000003, 259.96 sec so far
Iteration 22823: max relative diff=0.000002, 264.97 sec so far

Second round (updates from above) finished after 23212 iters.
Update from both sides... 
Iteration 23234: max relative diff=0.001537, 269.97 sec so far
Iteration 23536: max relative diff=0.001049, 274.98 sec so far
Iteration 23884: max relative diff=0.000675, 279.98 sec so far
Iteration 24268: max relative diff=0.000416, 284.99 sec so far
Iteration 24639: max relative diff=0.000260, 290.00 sec so far
Iteration 25022: max relative diff=0.000160, 295.00 sec so far
Iteration 25401: max relative diff=0.000099, 300.00 sec so far
Iteration 25773: max relative diff=0.000062, 305.00 sec so far
Iteration 26159: max relative diff=0.000038, 310.00 sec so far
Iteration 26500: max relative diff=0.000025, 315.02 sec so far
Iteration 26810: max relative diff=0.000017, 320.03 sec so far
Iteration 27165: max relative diff=0.000011, 325.03 sec so far
Iteration 27552: max relative diff=0.000007, 330.05 sec so far
Iteration 27926: max relative diff=0.000004, 335.05 sec so far
Iteration 28304: max relative diff=0.000003, 340.06 sec so far
Iteration 28689: max relative diff=0.000002, 345.07 sec so far
Max relative diff between upper and lower bound on convergence: 0

Number of iterations for the lower bound = 18280

Iterative method: 29038 iterations in 349.80 seconds (average 0.012046, setup 0.45)
Maximum finite value in solution vector at end of interval iteration: 5818.000000024522

Value in the initial state: 5808.000000024522

Time for model checking: 360.357 seconds.

Result: 5808.000000024522 (value in the initial state)

---------------------------------------------------------------------

Note: There was 1 warning during computation.

