PRISM
=====

Version: 4.4
Date: Thu Feb 18 02:08:49 IRST 2021
Hostname: sadegh-H81M-S2PH
Memory limits: cudd=1g, java(heap)=910.5m
Command line: prism ../../examples/mdps/consensus/coin4.nm ../../examples/mdps/consensus/steps_max.pctl -s -ii -const K=5 -maxiters 90005000 -improvedbk

Parsing model file "../../examples/mdps/consensus/coin4.nm"...

Parsing properties file "../../examples/mdps/consensus/steps_max.pctl"...

1 property:
(1) "steps_max": R{"steps"}max=? [ F "finished" ]

Type:        MDP
Modules:     process1 process2 process3 process4 
Variables:   counter pc1 coin1 pc2 coin2 pc3 coin3 pc4 coin4 

---------------------------------------------------------------------

Model checking: "steps_max": R{"steps"}max=? [ F "finished" ]
Model constants: K=5

Warning: Not Switching to explicit engine, We implemented the emthods for sparse engine.

Building model...
Model constants: K=5

Computing reachable states...

Reachability (BFS): 243 iterations in 0.03 seconds (average 0.000119, setup 0.00)

Time for model construction: 0.057 seconds.

Type:        MDP
States:      53376 (1 initial)
Transitions: 178912
Choices:     143488

Transition matrix: 2336 nodes (3 terminal), 178912 minterms, vars: 18r/18c/4nd

Prob0E: 78 iterations in 0.07 seconds (average 0.000962, setup 0.00)

Prob1A: 1 iterations in 0.00 seconds (average 0.000000, setup 0.00)

goal = 64, inf = 0, maybe = 53312
Time for computing an upper bound for expected reward: 1.418 seconds.
Upper bound for max expectation (variant 2): 1.3086209134E10

Computing remaining rewards...
 7
Building sparse matrix (transitions)... [n=53376, nc=143424, nnz=178848, k=4] [2.8 MB]
Building sparse matrix (transition rewards)... [n=53376, nc=143424, nnz=0, k=4] [768.8 KB]
Creating vector for state rewards... [417.0 KB]
Creating vector for inf... [417.0 KB]
Creating vector for lower bounds... [417.0 KB]
Creating vector for upper bounds... [417.0 KB]
Allocating iteration vectors... [4 x 417.0 KB]
TOTAL: [6.8 MB]

Starting iterations (interval iteration)...

 Time for pre-computation: 0.015000 
First round (updates from below) finished after 3419 iters.
Correctness of the approximated above vector satisfied after 1 iterations.

Second round (updates from above) finished after 6441 iters.
Update from both sides... 
Iteration 6941: max relative diff=0.000045, 4.99 sec so far
Max relative diff between upper and lower bound on convergence: 0

Number of iterations for the lower bound = 4759

Iterative method: 7781 iterations in 5.69 seconds (average 0.000732, setup 0.04)
Maximum finite value in solution vector at end of interval iteration: 1595.0000000643104

Value in the initial state: 1587.0000000643104

Time for model checking: 7.328 seconds.

Result: 1587.0000000643104 (value in the initial state)

---------------------------------------------------------------------

Note: There was 1 warning during computation.

