PRISM
=====

Version: 4.4
Date: Thu Feb 18 02:07:46 IRST 2021
Hostname: sadegh-H81M-S2PH
Memory limits: cudd=1g, java(heap)=910.5m
Command line: prism ../../examples/mdps/consensus/coin4.nm ../../examples/mdps/consensus/steps_max.pctl -s -ii -const K=4 -maxiters 90005000 -improvedbk

Parsing model file "../../examples/mdps/consensus/coin4.nm"...

Parsing properties file "../../examples/mdps/consensus/steps_max.pctl"...

1 property:
(1) "steps_max": R{"steps"}max=? [ F "finished" ]

Type:        MDP
Modules:     process1 process2 process3 process4 
Variables:   counter pc1 coin1 pc2 coin2 pc3 coin3 pc4 coin4 

---------------------------------------------------------------------

Model checking: "steps_max": R{"steps"}max=? [ F "finished" ]
Model constants: K=4

Warning: Not Switching to explicit engine, We implemented the emthods for sparse engine.

Building model...
Model constants: K=4

Computing reachable states...

Reachability (BFS): 195 iterations in 0.02 seconds (average 0.000123, setup 0.00)

Time for model construction: 0.05 seconds.

Type:        MDP
States:      43136 (1 initial)
Transitions: 144352
Choices:     115840

Transition matrix: 2336 nodes (3 terminal), 144352 minterms, vars: 18r/18c/4nd

Prob0E: 66 iterations in 0.07 seconds (average 0.001076, setup 0.00)

Prob1A: 1 iterations in 0.00 seconds (average 0.000000, setup 0.00)

goal = 64, inf = 0, maybe = 43072
Time for computing an upper bound for expected reward: 1.183 seconds.
Upper bound for max expectation (variant 2): 8.17869934E8

Computing remaining rewards...
 7
Building sparse matrix (transitions)... [n=43136, nc=115776, nnz=144288, k=4] [2.3 MB]
Building sparse matrix (transition rewards)... [n=43136, nc=115776, nnz=0, k=4] [620.8 KB]
Creating vector for state rewards... [337.0 KB]
Creating vector for inf... [337.0 KB]
Creating vector for lower bounds... [337.0 KB]
Creating vector for upper bounds... [337.0 KB]
Allocating iteration vectors... [4 x 337.0 KB]
TOTAL: [5.5 MB]

Starting iterations (interval iteration)...

 Time for pre-computation: 0.009000 
First round (updates from below) finished after 2346 iters.
Correctness of the approximated above vector satisfied after 1 iterations.

Second round (updates from above) finished after 4470 iters.
Update from both sides... 
Max relative diff between upper and lower bound on convergence: 0

Number of iterations for the lower bound = 3224

Iterative method: 5348 iterations in 2.91 seconds (average 0.000544, setup 0.03)
Maximum finite value in solution vector at end of interval iteration: 1091.0000001036206

Value in the initial state: 1083.0000001036206

Time for model checking: 4.234 seconds.

Result: 1083.0000001036206 (value in the initial state)

---------------------------------------------------------------------

Note: There was 1 warning during computation.

