PRISM
=====

Version: 4.4
Date: Thu Feb 18 02:13:33 IRST 2021
Hostname: sadegh-H81M-S2PH
Memory limits: cudd=1g, java(heap)=910.5m
Command line: prism ../../examples/mdps/consensus/coin4.nm ../../examples/mdps/consensus/steps_max.pctl -s -ii -const K=7 -maxiters 90005000 -improvedbk

Parsing model file "../../examples/mdps/consensus/coin4.nm"...

Parsing properties file "../../examples/mdps/consensus/steps_max.pctl"...

1 property:
(1) "steps_max": R{"steps"}max=? [ F "finished" ]

Type:        MDP
Modules:     process1 process2 process3 process4 
Variables:   counter pc1 coin1 pc2 coin2 pc3 coin3 pc4 coin4 

---------------------------------------------------------------------

Model checking: "steps_max": R{"steps"}max=? [ F "finished" ]
Model constants: K=7

Warning: Not Switching to explicit engine, We implemented the emthods for sparse engine.

Building model...
Model constants: K=7

Computing reachable states...

Reachability (BFS): 339 iterations in 0.04 seconds (average 0.000112, setup 0.00)

Time for model construction: 0.069 seconds.

Type:        MDP
States:      73856 (1 initial)
Transitions: 248032
Choices:     198784

Transition matrix: 2350 nodes (3 terminal), 248032 minterms, vars: 19r/19c/4nd

Prob0E: 102 iterations in 0.09 seconds (average 0.000902, setup 0.00)

Prob1A: 1 iterations in 0.00 seconds (average 0.000000, setup 0.00)

goal = 64, inf = 0, maybe = 73792
Time for computing an upper bound for expected reward: 1.957 seconds.
Upper bound for max expectation (variant 2): 3.350074471534E12

Computing remaining rewards...
 7
Building sparse matrix (transitions)... [n=73856, nc=198720, nnz=247968, k=4] [3.9 MB]
Building sparse matrix (transition rewards)... [n=73856, nc=198720, nnz=0, k=4] [1.0 MB]
Creating vector for state rewards... [577.0 KB]
Creating vector for inf... [577.0 KB]
Creating vector for lower bounds... [577.0 KB]
Creating vector for upper bounds... [577.0 KB]
Allocating iteration vectors... [4 x 577.0 KB]
TOTAL: [9.4 MB]

Starting iterations (interval iteration)...

 Time for pre-computation: 0.022000 Iteration 5344: max relative diff=0.000009, 4.98 sec so far

First round (updates from below) finished after 6185 iters.
Correctness of the approximated above vector satisfied after 1 iterations.
Iteration 10133: max relative diff=0.000035, 9.98 sec so far

Second round (updates from above) finished after 11546 iters.
Update from both sides... 
Iteration 13678: max relative diff=0.000003, 14.98 sec so far
Max relative diff between upper and lower bound on convergence: 0

Number of iterations for the lower bound = 8810

Iterative method: 14171 iterations in 15.63 seconds (average 0.001103, setup 0.05)
Maximum finite value in solution vector at end of interval iteration: 2891.0000000291457

Value in the initial state: 2883.0000000291457

Time for model checking: 17.87 seconds.

Result: 2883.0000000291457 (value in the initial state)

---------------------------------------------------------------------

Note: There was 1 warning during computation.

