PRISM
=====

Version: 4.4
Date: Thu Feb 18 02:07:16 IRST 2021
Hostname: sadegh-H81M-S2PH
Memory limits: cudd=1g, java(heap)=910.5m
Command line: prism ../../examples/mdps/consensus/coin5.nm ../../examples/mdps/consensus/steps_max.pctl -s -ii -const K=3 -maxiters 90005000 -improvedbk

Parsing model file "../../examples/mdps/consensus/coin5.nm"...

Parsing properties file "../../examples/mdps/consensus/steps_max.pctl"...

1 property:
(1) "steps_max": R{"steps"}max=? [ F "finished" ]

Type:        MDP
Modules:     process1 process2 process3 process4 process5 
Variables:   counter pc1 coin1 pc2 coin2 pc3 coin3 pc4 coin4 pc5 coin5 

---------------------------------------------------------------------

Model checking: "steps_max": R{"steps"}max=? [ F "finished" ]
Model constants: K=3

Warning: Not Switching to explicit engine, We implemented the emthods for sparse engine.

Building model...
Model constants: K=3

Computing reachable states...

Reachability (BFS): 184 iterations in 0.04 seconds (average 0.000217, setup 0.00)

Time for model construction: 0.076 seconds.

Type:        MDP
States:      250496 (1 initial)
Transitions: 1039120
Choices:     833920

Transition matrix: 4261 nodes (3 terminal), 1039120 minterms, vars: 21r/21c/5nd

Prob0E: 68 iterations in 0.19 seconds (average 0.002853, setup 0.00)

Prob1A: 1 iterations in 0.00 seconds (average 0.001000, setup 0.00)

goal = 160, inf = 0, maybe = 250336
Time for computing an upper bound for expected reward: 4.396 seconds.
Upper bound for max expectation (variant 2): 4.094488428666667E9

Computing remaining rewards...
 7
Building sparse matrix (transitions)... [n=250496, nc=833760, nnz=1038960, k=5] [16.0 MB]
Building sparse matrix (transition rewards)... [n=250496, nc=833760, nnz=0, k=5] [4.1 MB]
Creating vector for state rewards... [1.9 MB]
Creating vector for inf... [1.9 MB]
Creating vector for lower bounds... [1.9 MB]
Creating vector for upper bounds... [1.9 MB]
Allocating iteration vectors... [4 x 1.9 MB]
TOTAL: [35.5 MB]

Starting iterations (interval iteration)...

 Time for pre-computation: 0.067000 Iteration 1200: max relative diff=0.002497, 4.94 sec so far

First round (updates from below) finished after 2377 iters.
Correctness of the approximated above vector satisfied after 1 iterations.
Iteration 2417: max relative diff=0.516063, 9.94 sec so far
Iteration 3576: max relative diff=0.000556, 14.95 sec so far

Second round (updates from above) finished after 4653 iters.
Update from both sides... 
Iteration 4725: max relative diff=0.000204, 19.95 sec so far
Max relative diff between upper and lower bound on convergence: 0

Number of iterations for the lower bound = 3312

Iterative method: 5588 iterations in 24.21 seconds (average 0.004333, setup 0.18)
Maximum finite value in solution vector at end of interval iteration: 1093.0000002007705

Value in the initial state: 1083.0000002007705

Time for model checking: 29.118 seconds.

Result: 1083.0000002007705 (value in the initial state)

---------------------------------------------------------------------

Note: There was 1 warning during computation.

