PRISM
=====

Version: 4.4.dev
Date: Tue Mar 27 22:10:41 IRDT 2018
Hostname: sadegh-H81M-S2PH
Memory limits: cudd=1g, java(heap)=910.5m
Command line: prism ../models/crowds/crowds.pm ../models/crowds/positive.pctl -const 'TotalRuns=10,CrowdSize=10' -s -gs -epsilon 1e-8

Parsing model file "../models/crowds/crowds.pm"...

Parsing properties file "../models/crowds/positive.pctl"...

1 property:
(1) P=? [ F observe0>1 ]

Type:        DTMC
Modules:     crowds 
Variables:   launch new runCount start run lastSeen good bad recordLast badObserve deliver done observe0 observe1 observe2 observe3 observe4 observe5 observe6 observe7 observe8 observe9 observe10 observe11 observe12 observe13 observe14 observe15 observe16 observe17 observe18 observe19 

---------------------------------------------------------------------

Model checking: P=? [ F observe0>1 ]
Model constants: TotalRuns=10,CrowdSize=10

Building model...
Model constants: TotalRuns=10,CrowdSize=10

Warning: Guard for command 6 of module "crowds" is never satisfied.

Warning: Guard for command 7 of module "crowds" is never satisfied.

Warning: Guard for command 8 of module "crowds" is never satisfied.

Warning: Guard for command 10 of module "crowds" is never satisfied.

Warning: Guard for command 11 of module "crowds" is never satisfied.

Warning: Guard for command 2 of module "crowds" overlaps with previous commands.

Warning: Guard for command 3 of module "crowds" overlaps with previous commands.

Warning: Guard for command 4 of module "crowds" overlaps with previous commands.

Warning: Guard for command 5 of module "crowds" overlaps with previous commands.

Warning: Guard for command 9 of module "crowds" overlaps with previous commands.

Warning: Guard for command 12 of module "crowds" overlaps with previous commands.

Warning: Guard for command 13 of module "crowds" overlaps with previous commands.

Warning: Guard for command 14 of module "crowds" overlaps with previous commands.

Warning: Guard for command 15 of module "crowds" overlaps with previous commands.

Warning: Guard for command 16 of module "crowds" overlaps with previous commands.

Warning: Guard for command 17 of module "crowds" overlaps with previous commands.

Warning: Guard for command 18 of module "crowds" overlaps with previous commands.

Warning: Guard for command 19 of module "crowds" overlaps with previous commands.

Warning: Guard for command 20 of module "crowds" overlaps with previous commands.

Warning: Guard for command 21 of module "crowds" overlaps with previous commands.

Warning: Guard for command 22 of module "crowds" overlaps with previous commands.

Warning: Guard for command 23 of module "crowds" overlaps with previous commands.

Warning: Guard for command 24 of module "crowds" overlaps with previous commands.

Warning: Guard for command 25 of module "crowds" overlaps with previous commands.

Warning: Guard for command 26 of module "crowds" overlaps with previous commands.

Warning: Guard for command 27 of module "crowds" overlaps with previous commands.

Warning: Guard for command 28 of module "crowds" overlaps with previous commands.

Warning: Guard for command 29 of module "crowds" overlaps with previous commands.

Warning: Guard for command 30 of module "crowds" overlaps with previous commands.

Warning: Guard for command 31 of module "crowds" overlaps with previous commands.

Warning: Guard for command 32 of module "crowds" overlaps with previous commands.

Warning: Guard for command 33 of module "crowds" overlaps with previous commands.

Computing reachable states...

Reachability (BFS): 92 iterations in 0.35 seconds (average 0.003783, setup 0.00)

Time for model construction: 0.576 seconds.

Warning: Deadlocks detected and fixed in 184756 states

Type:        DTMC
States:      13201657 (1 initial)
Transitions: 31677257

Transition matrix: 29073 nodes (7 terminal), 31677257 minterms, vars: 99r/99c

Prob0: 14 iterations in 0.07 seconds (average 0.004857, setup 0.00)

Prob1: 65 iterations in 0.17 seconds (average 0.002646, setup 0.00)

yes = 2641392, no = 5963958, maybe = 4596307

Computing remaining probabilities...
Engine: Sparse

Building sparse matrix... [n=13201657, nnz=14223067, compact] [66.8 MB]
Creating vector for diagonals... [dist=1, compact] [25.2 MB]
Creating vector for RHS... [dist=2, compact] [25.2 MB]
Allocating iteration vector... [100.7 MB]
TOTAL: [217.9 MB]

Starting iterations...
Iteration 40: max relative diff=0.035669, 5.02 sec so far
Iteration 80: max relative diff=0.000197, 10.03 sec so far
Iteration 120: max relative diff=0.000000, 15.10 sec so far

Gauss-Seidel: 126 iterations in 15.84 seconds (average 0.125683, setup 59.92)

Number of state Updates: 579M 

Value in the initial state: 0.32327838054869473

Time for model checking: 76.04 seconds.

Result: 0.32327838054869473 (value in the initial state)

---------------------------------------------------------------------

Note: There were 33 warnings during computation.

