PRISM
=====

Version: 4.4.dev
Date: Tue Mar 27 22:11:58 IRDT 2018
Hostname: sadegh-H81M-S2PH
Memory limits: cudd=1g, java(heap)=910.5m
Command line: prism ../models/crowds/crowds.pm ../models/crowds/positive.pctl -const 'TotalRuns=10,CrowdSize=10' -s -improvedgs -epsilon 1e-8 -nocompact

Parsing model file "../models/crowds/crowds.pm"...

Parsing properties file "../models/crowds/positive.pctl"...

1 property:
(1) P=? [ F observe0>1 ]

Type:        DTMC
Modules:     crowds 
Variables:   launch new runCount start run lastSeen good bad recordLast badObserve deliver done observe0 observe1 observe2 observe3 observe4 observe5 observe6 observe7 observe8 observe9 observe10 observe11 observe12 observe13 observe14 observe15 observe16 observe17 observe18 observe19 

---------------------------------------------------------------------

Model checking: P=? [ F observe0>1 ]
Model constants: TotalRuns=10,CrowdSize=10

Building model...
Model constants: TotalRuns=10,CrowdSize=10

Warning: Guard for command 6 of module "crowds" is never satisfied.

Warning: Guard for command 7 of module "crowds" is never satisfied.

Warning: Guard for command 8 of module "crowds" is never satisfied.

Warning: Guard for command 10 of module "crowds" is never satisfied.

Warning: Guard for command 11 of module "crowds" is never satisfied.

Warning: Guard for command 2 of module "crowds" overlaps with previous commands.

Warning: Guard for command 3 of module "crowds" overlaps with previous commands.

Warning: Guard for command 4 of module "crowds" overlaps with previous commands.

Warning: Guard for command 5 of module "crowds" overlaps with previous commands.

Warning: Guard for command 9 of module "crowds" overlaps with previous commands.

Warning: Guard for command 12 of module "crowds" overlaps with previous commands.

Warning: Guard for command 13 of module "crowds" overlaps with previous commands.

Warning: Guard for command 14 of module "crowds" overlaps with previous commands.

Warning: Guard for command 15 of module "crowds" overlaps with previous commands.

Warning: Guard for command 16 of module "crowds" overlaps with previous commands.

Warning: Guard for command 17 of module "crowds" overlaps with previous commands.

Warning: Guard for command 18 of module "crowds" overlaps with previous commands.

Warning: Guard for command 19 of module "crowds" overlaps with previous commands.

Warning: Guard for command 20 of module "crowds" overlaps with previous commands.

Warning: Guard for command 21 of module "crowds" overlaps with previous commands.

Warning: Guard for command 22 of module "crowds" overlaps with previous commands.

Warning: Guard for command 23 of module "crowds" overlaps with previous commands.

Warning: Guard for command 24 of module "crowds" overlaps with previous commands.

Warning: Guard for command 25 of module "crowds" overlaps with previous commands.

Warning: Guard for command 26 of module "crowds" overlaps with previous commands.

Warning: Guard for command 27 of module "crowds" overlaps with previous commands.

Warning: Guard for command 28 of module "crowds" overlaps with previous commands.

Warning: Guard for command 29 of module "crowds" overlaps with previous commands.

Warning: Guard for command 30 of module "crowds" overlaps with previous commands.

Warning: Guard for command 31 of module "crowds" overlaps with previous commands.

Warning: Guard for command 32 of module "crowds" overlaps with previous commands.

Warning: Guard for command 33 of module "crowds" overlaps with previous commands.

Computing reachable states...

Reachability (BFS): 92 iterations in 0.36 seconds (average 0.003870, setup 0.00)

Time for model construction: 0.575 seconds.

Warning: Deadlocks detected and fixed in 184756 states

Type:        DTMC
States:      13201657 (1 initial)
Transitions: 31677257

Transition matrix: 29073 nodes (7 terminal), 31677257 minterms, vars: 99r/99c

Prob0: 14 iterations in 0.06 seconds (average 0.004571, setup 0.00)

Prob1: 65 iterations in 0.17 seconds (average 0.002646, setup 0.00)

yes = 2641392, no = 5963958, maybe = 4596307

Computing remaining probabilities...
Engine: Sparse

Building sparse matrix... [n=13201657, nnz=14223067] [175.4 MB]
Creating vector for diagonals... [100.7 MB]
Creating vector for RHS... [100.7 MB]
Allocating iteration vector... [100.7 MB]
TOTAL: [477.5 MB]

Starting iterations...

Gauss-Seidel: 109 iterations in 3.77 seconds (average 0.034569, setup 59.74)

Number of state Updates: 286M 

Value in the initial state: 0.32327838162495603

Time for model checking: 63.829 seconds.

Result: 0.32327838162495603 (value in the initial state)

---------------------------------------------------------------------

Note: There were 33 warnings during computation.

