PRISM
=====

Version: 4.4.dev
Date: Tue Mar 27 22:08:11 IRDT 2018
Hostname: sadegh-H81M-S2PH
Memory limits: cudd=1g, java(heap)=910.5m
Command line: prism ../models/crowds/crowds.pm ../models/crowds/positive.pctl -const 'TotalRuns=8,CrowdSize=10' -s -improvedgs -epsilon 1e-8 -nocompact

Parsing model file "../models/crowds/crowds.pm"...

Parsing properties file "../models/crowds/positive.pctl"...

1 property:
(1) P=? [ F observe0>1 ]

Type:        DTMC
Modules:     crowds 
Variables:   launch new runCount start run lastSeen good bad recordLast badObserve deliver done observe0 observe1 observe2 observe3 observe4 observe5 observe6 observe7 observe8 observe9 observe10 observe11 observe12 observe13 observe14 observe15 observe16 observe17 observe18 observe19 

---------------------------------------------------------------------

Model checking: P=? [ F observe0>1 ]
Model constants: TotalRuns=8,CrowdSize=10

Building model...
Model constants: TotalRuns=8,CrowdSize=10

Warning: Guard for command 6 of module "crowds" is never satisfied.

Warning: Guard for command 7 of module "crowds" is never satisfied.

Warning: Guard for command 8 of module "crowds" is never satisfied.

Warning: Guard for command 10 of module "crowds" is never satisfied.

Warning: Guard for command 11 of module "crowds" is never satisfied.

Warning: Guard for command 2 of module "crowds" overlaps with previous commands.

Warning: Guard for command 3 of module "crowds" overlaps with previous commands.

Warning: Guard for command 4 of module "crowds" overlaps with previous commands.

Warning: Guard for command 5 of module "crowds" overlaps with previous commands.

Warning: Guard for command 9 of module "crowds" overlaps with previous commands.

Warning: Guard for command 12 of module "crowds" overlaps with previous commands.

Warning: Guard for command 13 of module "crowds" overlaps with previous commands.

Warning: Guard for command 14 of module "crowds" overlaps with previous commands.

Warning: Guard for command 15 of module "crowds" overlaps with previous commands.

Warning: Guard for command 16 of module "crowds" overlaps with previous commands.

Warning: Guard for command 17 of module "crowds" overlaps with previous commands.

Warning: Guard for command 18 of module "crowds" overlaps with previous commands.

Warning: Guard for command 19 of module "crowds" overlaps with previous commands.

Warning: Guard for command 20 of module "crowds" overlaps with previous commands.

Warning: Guard for command 21 of module "crowds" overlaps with previous commands.

Warning: Guard for command 22 of module "crowds" overlaps with previous commands.

Warning: Guard for command 23 of module "crowds" overlaps with previous commands.

Warning: Guard for command 24 of module "crowds" overlaps with previous commands.

Warning: Guard for command 25 of module "crowds" overlaps with previous commands.

Warning: Guard for command 26 of module "crowds" overlaps with previous commands.

Warning: Guard for command 27 of module "crowds" overlaps with previous commands.

Warning: Guard for command 28 of module "crowds" overlaps with previous commands.

Warning: Guard for command 29 of module "crowds" overlaps with previous commands.

Warning: Guard for command 30 of module "crowds" overlaps with previous commands.

Warning: Guard for command 31 of module "crowds" overlaps with previous commands.

Warning: Guard for command 32 of module "crowds" overlaps with previous commands.

Warning: Guard for command 33 of module "crowds" overlaps with previous commands.

Computing reachable states...

Reachability (BFS): 74 iterations in 0.22 seconds (average 0.002919, setup 0.00)

Time for model construction: 0.396 seconds.

Warning: Deadlocks detected and fixed in 43758 states

Type:        DTMC
States:      2529567 (1 initial)
Transitions: 6030207

Transition matrix: 22804 nodes (7 terminal), 6030207 minterms, vars: 99r/99c

Prob0: 14 iterations in 0.05 seconds (average 0.003429, setup 0.00)

Prob1: 51 iterations in 0.11 seconds (average 0.002118, setup 0.00)

yes = 373555, no = 1358214, maybe = 797798

Computing remaining probabilities...
Engine: Sparse

Building sparse matrix... [n=2529567, nnz=2559558] [31.7 MB]
Creating vector for diagonals... [19.3 MB]
Creating vector for RHS... [19.3 MB]
Allocating iteration vector... [19.3 MB]
TOTAL: [89.6 MB]

Starting iterations...

Gauss-Seidel: 98 iterations in 0.60 seconds (average 0.006122, setup 11.06)

Number of state Updates: 47M 

Value in the initial state: 0.23329474796566696

Time for model checking: 11.862 seconds.

Result: 0.23329474796566696 (value in the initial state)

---------------------------------------------------------------------

Note: There were 33 warnings during computation.

