PRISM
=====

Version: 4.4.dev
Date: Tue Mar 27 22:45:12 IRDT 2018
Hostname: sadegh-H81M-S2PH
Memory limits: cudd=1g, java(heap)=910.5m
Command line: prism ../models/crowds/crowds.pm ../models/crowds/positive.pctl -const 'TotalRuns=8,CrowdSize=15' -s -jacobi -epsilon 1e-8

Parsing model file "../models/crowds/crowds.pm"...

Parsing properties file "../models/crowds/positive.pctl"...

1 property:
(1) P=? [ F observe0>1 ]

Type:        DTMC
Modules:     crowds 
Variables:   launch new runCount start run lastSeen good bad recordLast badObserve deliver done observe0 observe1 observe2 observe3 observe4 observe5 observe6 observe7 observe8 observe9 observe10 observe11 observe12 observe13 observe14 observe15 observe16 observe17 observe18 observe19 

---------------------------------------------------------------------

Model checking: P=? [ F observe0>1 ]
Model constants: TotalRuns=8,CrowdSize=15

Building model...
Model constants: TotalRuns=8,CrowdSize=15

Warning: Guard for command 6 of module "crowds" is never satisfied.

Warning: Guard for command 7 of module "crowds" is never satisfied.

Warning: Guard for command 8 of module "crowds" is never satisfied.

Warning: Guard for command 9 of module "crowds" is never satisfied.

Warning: Guard for command 11 of module "crowds" is never satisfied.

Warning: Guard for command 2 of module "crowds" overlaps with previous commands.

Warning: Guard for command 3 of module "crowds" overlaps with previous commands.

Warning: Guard for command 4 of module "crowds" overlaps with previous commands.

Warning: Guard for command 5 of module "crowds" overlaps with previous commands.

Warning: Guard for command 10 of module "crowds" overlaps with previous commands.

Warning: Guard for command 12 of module "crowds" overlaps with previous commands.

Warning: Guard for command 13 of module "crowds" overlaps with previous commands.

Warning: Guard for command 14 of module "crowds" overlaps with previous commands.

Warning: Guard for command 15 of module "crowds" overlaps with previous commands.

Warning: Guard for command 16 of module "crowds" overlaps with previous commands.

Warning: Guard for command 17 of module "crowds" overlaps with previous commands.

Warning: Guard for command 18 of module "crowds" overlaps with previous commands.

Warning: Guard for command 19 of module "crowds" overlaps with previous commands.

Warning: Guard for command 20 of module "crowds" overlaps with previous commands.

Warning: Guard for command 21 of module "crowds" overlaps with previous commands.

Warning: Guard for command 22 of module "crowds" overlaps with previous commands.

Warning: Guard for command 23 of module "crowds" overlaps with previous commands.

Warning: Guard for command 24 of module "crowds" overlaps with previous commands.

Warning: Guard for command 25 of module "crowds" overlaps with previous commands.

Warning: Guard for command 26 of module "crowds" overlaps with previous commands.

Warning: Guard for command 27 of module "crowds" overlaps with previous commands.

Warning: Guard for command 28 of module "crowds" overlaps with previous commands.

Warning: Guard for command 29 of module "crowds" overlaps with previous commands.

Warning: Guard for command 30 of module "crowds" overlaps with previous commands.

Warning: Guard for command 31 of module "crowds" overlaps with previous commands.

Warning: Guard for command 32 of module "crowds" overlaps with previous commands.

Warning: Guard for command 33 of module "crowds" overlaps with previous commands.

Computing reachable states...

Reachability (BFS): 74 iterations in 0.41 seconds (average 0.005514, setup 0.00)

Time for model construction: 0.653 seconds.

Warning: Deadlocks detected and fixed in 490314 states

Type:        DTMC
States:      29280274 (1 initial)
Transitions: 88117954

Transition matrix: 42403 nodes (7 terminal), 88117954 minterms, vars: 99r/99c

Prob0: 14 iterations in 0.09 seconds (average 0.006286, setup 0.00)

Prob1: 51 iterations in 0.26 seconds (average 0.005098, setup 0.00)

yes = 2611455, no = 19296666, maybe = 7372153

Computing remaining probabilities...
Engine: Sparse

Building sparse matrix... [n=29280274, nnz=33418873, compact] [155.4 MB]
Creating vector for diagonals... [dist=1, compact] [55.8 MB]
Creating vector for RHS... [dist=2, compact] [55.8 MB]
Allocating iteration vectors... [2 x 223.4 MB]
TOTAL: [713.9 MB]

Starting iterations...
Iteration 17: max relative diff=0.257053, 5.16 sec so far
Iteration 34: max relative diff=0.068744, 10.36 sec so far
Iteration 51: max relative diff=0.038683, 15.55 sec so far
Iteration 68: max relative diff=0.025085, 20.74 sec so far
Iteration 85: max relative diff=0.016313, 25.93 sec so far
Iteration 102: max relative diff=0.009119, 31.13 sec so far
Iteration 119: max relative diff=0.004440, 36.32 sec so far
Iteration 136: max relative diff=0.001829, 41.51 sec so far
Iteration 153: max relative diff=0.000785, 46.69 sec so far
Iteration 170: max relative diff=0.000264, 51.88 sec so far
Iteration 187: max relative diff=0.000080, 57.07 sec so far
Iteration 204: max relative diff=0.000028, 62.26 sec so far
Iteration 221: max relative diff=0.000008, 67.44 sec so far
Iteration 238: max relative diff=0.000002, 72.64 sec so far
Iteration 255: max relative diff=0.000001, 77.83 sec so far
Iteration 272: max relative diff=0.000000, 83.02 sec so far
Iteration 289: max relative diff=0.000000, 88.21 sec so far

Jacobi: 304 iterations in 92.80 seconds (average 0.305250, setup 85.81)

Number of state Updates: -2053M 

Value in the initial state: 0.208476976585095

Time for model checking: 179.076 seconds.

Result: 0.208476976585095 (value in the initial state)

---------------------------------------------------------------------

Note: There were 33 warnings during computation.

