PRISM
=====

Version: 4.4.dev
Date: Tue Mar 27 22:15:42 IRDT 2018
Hostname: sadegh-H81M-S2PH
Memory limits: cudd=1g, java(heap)=910.5m
Command line: prism ../models/crowds/crowds.pm ../models/crowds/positive.pctl -const 'TotalRuns=12,CrowdSize=10' -s -jacobi -epsilon 1e-8

Parsing model file "../models/crowds/crowds.pm"...

Parsing properties file "../models/crowds/positive.pctl"...

1 property:
(1) P=? [ F observe0>1 ]

Type:        DTMC
Modules:     crowds 
Variables:   launch new runCount start run lastSeen good bad recordLast badObserve deliver done observe0 observe1 observe2 observe3 observe4 observe5 observe6 observe7 observe8 observe9 observe10 observe11 observe12 observe13 observe14 observe15 observe16 observe17 observe18 observe19 

---------------------------------------------------------------------

Model checking: P=? [ F observe0>1 ]
Model constants: TotalRuns=12,CrowdSize=10

Building model...
Model constants: TotalRuns=12,CrowdSize=10

Warning: Guard for command 6 of module "crowds" is never satisfied.

Warning: Guard for command 7 of module "crowds" is never satisfied.

Warning: Guard for command 8 of module "crowds" is never satisfied.

Warning: Guard for command 10 of module "crowds" is never satisfied.

Warning: Guard for command 11 of module "crowds" is never satisfied.

Warning: Guard for command 2 of module "crowds" overlaps with previous commands.

Warning: Guard for command 3 of module "crowds" overlaps with previous commands.

Warning: Guard for command 4 of module "crowds" overlaps with previous commands.

Warning: Guard for command 5 of module "crowds" overlaps with previous commands.

Warning: Guard for command 9 of module "crowds" overlaps with previous commands.

Warning: Guard for command 12 of module "crowds" overlaps with previous commands.

Warning: Guard for command 13 of module "crowds" overlaps with previous commands.

Warning: Guard for command 14 of module "crowds" overlaps with previous commands.

Warning: Guard for command 15 of module "crowds" overlaps with previous commands.

Warning: Guard for command 16 of module "crowds" overlaps with previous commands.

Warning: Guard for command 17 of module "crowds" overlaps with previous commands.

Warning: Guard for command 18 of module "crowds" overlaps with previous commands.

Warning: Guard for command 19 of module "crowds" overlaps with previous commands.

Warning: Guard for command 20 of module "crowds" overlaps with previous commands.

Warning: Guard for command 21 of module "crowds" overlaps with previous commands.

Warning: Guard for command 22 of module "crowds" overlaps with previous commands.

Warning: Guard for command 23 of module "crowds" overlaps with previous commands.

Warning: Guard for command 24 of module "crowds" overlaps with previous commands.

Warning: Guard for command 25 of module "crowds" overlaps with previous commands.

Warning: Guard for command 26 of module "crowds" overlaps with previous commands.

Warning: Guard for command 27 of module "crowds" overlaps with previous commands.

Warning: Guard for command 28 of module "crowds" overlaps with previous commands.

Warning: Guard for command 29 of module "crowds" overlaps with previous commands.

Warning: Guard for command 30 of module "crowds" overlaps with previous commands.

Warning: Guard for command 31 of module "crowds" overlaps with previous commands.

Warning: Guard for command 32 of module "crowds" overlaps with previous commands.

Warning: Guard for command 33 of module "crowds" overlaps with previous commands.

Computing reachable states...

Reachability (BFS): 110 iterations in 0.57 seconds (average 0.005200, setup 0.00)

Time for model construction: 0.769 seconds.

Warning: Deadlocks detected and fixed in 646646 states

Type:        DTMC
States:      54964911 (1 initial)
Transitions: 132562431

Transition matrix: 35332 nodes (7 terminal), 132562431 minterms, vars: 99r/99c

Prob0: 14 iterations in 0.10 seconds (average 0.006857, setup 0.00)

Prob1: 79 iterations in 0.32 seconds (average 0.004101, setup 0.00)

yes = 13663546, no = 21119202, maybe = 20182163

Computing remaining probabilities...
Engine: Sparse

Building sparse matrix... [n=54964911, nnz=60828483, compact] [284.5 MB]
Creating vector for diagonals... [dist=1, compact] [104.8 MB]
Creating vector for RHS... [dist=2, compact] [104.8 MB]
Allocating iteration vectors... [2 x 419.3 MB]
TOTAL: [1.3 GB]

Starting iterations...
Iteration 10: max relative diff=1.000000, 5.40 sec so far
Iteration 20: max relative diff=0.191497, 10.93 sec so far
Iteration 30: max relative diff=0.079547, 16.48 sec so far
Iteration 40: max relative diff=0.054672, 22.03 sec so far
Iteration 50: max relative diff=0.038987, 27.58 sec so far
Iteration 60: max relative diff=0.030269, 33.12 sec so far
Iteration 70: max relative diff=0.025037, 38.66 sec so far
Iteration 80: max relative diff=0.020829, 44.22 sec so far
Iteration 90: max relative diff=0.017806, 49.77 sec so far
Iteration 100: max relative diff=0.015525, 55.32 sec so far
Iteration 110: max relative diff=0.013644, 60.88 sec so far
Iteration 120: max relative diff=0.011920, 66.43 sec so far
Iteration 130: max relative diff=0.010193, 71.98 sec so far
Iteration 140: max relative diff=0.008481, 77.54 sec so far
Iteration 150: max relative diff=0.006850, 83.09 sec so far
Iteration 160: max relative diff=0.005263, 88.64 sec so far
Iteration 170: max relative diff=0.003934, 94.20 sec so far
Iteration 179: max relative diff=0.002962, 99.20 sec so far
Iteration 189: max relative diff=0.002113, 104.76 sec so far
Iteration 199: max relative diff=0.001416, 110.31 sec so far
Iteration 209: max relative diff=0.000930, 115.86 sec so far
Iteration 219: max relative diff=0.000601, 121.40 sec so far
Iteration 229: max relative diff=0.000365, 126.95 sec so far
Iteration 239: max relative diff=0.000219, 132.50 sec so far
Iteration 248: max relative diff=0.000135, 137.51 sec so far
Iteration 257: max relative diff=0.000082, 142.52 sec so far
Iteration 266: max relative diff=0.000049, 147.52 sec so far
Iteration 276: max relative diff=0.000027, 153.07 sec so far
Iteration 286: max relative diff=0.000015, 158.61 sec so far
Iteration 296: max relative diff=0.000008, 164.15 sec so far
Iteration 306: max relative diff=0.000004, 169.70 sec so far
Iteration 315: max relative diff=0.000002, 174.71 sec so far
Iteration 325: max relative diff=0.000001, 180.26 sec so far
Iteration 335: max relative diff=0.000001, 185.80 sec so far
Iteration 345: max relative diff=0.000000, 191.30 sec so far
Iteration 355: max relative diff=0.000000, 196.86 sec so far
Iteration 365: max relative diff=0.000000, 202.34 sec so far
Iteration 375: max relative diff=0.000000, 207.77 sec so far
Iteration 385: max relative diff=0.000000, 213.18 sec so far

Jacobi: 391 iterations in 216.41 seconds (average 0.553473, setup 252.95)

Number of state Updates: -698M 

Value in the initial state: 0.4103478238340821

Time for model checking: 469.942 seconds.

Result: 0.4103478238340821 (value in the initial state)

---------------------------------------------------------------------

Note: There were 33 warnings during computation.

