PRISM
=====

Version: 4.4.dev
Date: Tue Mar 27 23:12:26 IRDT 2018
Hostname: sadegh-H81M-S2PH
Memory limits: cudd=1g, java(heap)=910.5m
Command line: prism ../models/crowds/crowds.pm ../models/crowds/positive.pctl -const 'TotalRuns=9,CrowdSize=15' -s -improvedgs -epsilon 1e-8 -nocompact

Parsing model file "../models/crowds/crowds.pm"...

Parsing properties file "../models/crowds/positive.pctl"...

1 property:
(1) P=? [ F observe0>1 ]

Type:        DTMC
Modules:     crowds 
Variables:   launch new runCount start run lastSeen good bad recordLast badObserve deliver done observe0 observe1 observe2 observe3 observe4 observe5 observe6 observe7 observe8 observe9 observe10 observe11 observe12 observe13 observe14 observe15 observe16 observe17 observe18 observe19 

---------------------------------------------------------------------

Model checking: P=? [ F observe0>1 ]
Model constants: TotalRuns=9,CrowdSize=15

Building model...
Model constants: TotalRuns=9,CrowdSize=15

Warning: Guard for command 6 of module "crowds" is never satisfied.

Warning: Guard for command 7 of module "crowds" is never satisfied.

Warning: Guard for command 8 of module "crowds" is never satisfied.

Warning: Guard for command 9 of module "crowds" is never satisfied.

Warning: Guard for command 11 of module "crowds" is never satisfied.

Warning: Guard for command 2 of module "crowds" overlaps with previous commands.

Warning: Guard for command 3 of module "crowds" overlaps with previous commands.

Warning: Guard for command 4 of module "crowds" overlaps with previous commands.

Warning: Guard for command 5 of module "crowds" overlaps with previous commands.

Warning: Guard for command 10 of module "crowds" overlaps with previous commands.

Warning: Guard for command 12 of module "crowds" overlaps with previous commands.

Warning: Guard for command 13 of module "crowds" overlaps with previous commands.

Warning: Guard for command 14 of module "crowds" overlaps with previous commands.

Warning: Guard for command 15 of module "crowds" overlaps with previous commands.

Warning: Guard for command 16 of module "crowds" overlaps with previous commands.

Warning: Guard for command 17 of module "crowds" overlaps with previous commands.

Warning: Guard for command 18 of module "crowds" overlaps with previous commands.

Warning: Guard for command 19 of module "crowds" overlaps with previous commands.

Warning: Guard for command 20 of module "crowds" overlaps with previous commands.

Warning: Guard for command 21 of module "crowds" overlaps with previous commands.

Warning: Guard for command 22 of module "crowds" overlaps with previous commands.

Warning: Guard for command 23 of module "crowds" overlaps with previous commands.

Warning: Guard for command 24 of module "crowds" overlaps with previous commands.

Warning: Guard for command 25 of module "crowds" overlaps with previous commands.

Warning: Guard for command 26 of module "crowds" overlaps with previous commands.

Warning: Guard for command 27 of module "crowds" overlaps with previous commands.

Warning: Guard for command 28 of module "crowds" overlaps with previous commands.

Warning: Guard for command 29 of module "crowds" overlaps with previous commands.

Warning: Guard for command 30 of module "crowds" overlaps with previous commands.

Warning: Guard for command 31 of module "crowds" overlaps with previous commands.

Warning: Guard for command 32 of module "crowds" overlaps with previous commands.

Warning: Guard for command 33 of module "crowds" overlaps with previous commands.

Computing reachable states...

Reachability (BFS): 83 iterations in 0.52 seconds (average 0.006313, setup 0.00)

Time for model construction: 0.754 seconds.

Warning: Deadlocks detected and fixed in 1307504 states

Type:        DTMC
States:      87357612 (1 initial)
Transitions: 263870652

Transition matrix: 48433 nodes (7 terminal), 263870652 minterms, vars: 99r/99c

Prob0: 14 iterations in 0.16 seconds (average 0.011143, setup 0.00)

Prob1: 58 iterations in 0.33 seconds (average 0.005724, setup 0.00)

yes = 9425463, no = 54063740, maybe = 23868409

Computing remaining probabilities...
Engine: Sparse

Building sparse matrix... [n=87357612, nnz=105729529] [1.3 GB]
Creating vector for diagonals... [666.5 MB]
Creating vector for RHS... [666.5 MB]
Allocating iteration vector... [666.5 MB]
TOTAL: [3.2 GB]

Starting iterations...
Iteration 103: max relative diff=0.000000, 25.60 sec so far

Gauss-Seidel: 103 iterations in 25.60 seconds (average 0.248583, setup 259.71)

Number of state Updates: 1580M 

Value in the initial state: 0.2500323088806405

Time for model checking: 287.392 seconds.

Result: 0.2500323088806405 (value in the initial state)

---------------------------------------------------------------------

Note: There were 33 warnings during computation.

