PRISM
=====

Version: 4.4
Date: Fri Feb 19 17:06:16 IRST 2021
Hostname: sadegh-H81M-S2PH
Memory limits: cudd=1g, java(heap)=910.5m
Command line: prism ../../examples/mdps/wlan/wlan3.nm ../../examples/mdps/wlan/cost_max.pctl -s '-ii:upper=44627538' -asynchupper -maxiters 900500 -const COL=5 -const TRANS_TIME_MAX=400

Parsing model file "../../examples/mdps/wlan/wlan3.nm"...

Parsing properties file "../../examples/mdps/wlan/cost_max.pctl"...

1 property:
(1) "cost_max": R{"cost"}max=? [ F s1=12&s2=12 ]

Type:        MDP
Modules:     medium station1 station2 
Variables:   col c1 c2 x1 s1 slot1 backoff1 bc1 x2 s2 slot2 backoff2 bc2 

---------------------------------------------------------------------

Model checking: "cost_max": R{"cost"}max=? [ F s1=12&s2=12 ]
Model constants: COL=5,TRANS_TIME_MAX=400

Warning: Not Switching to explicit engine, We implemented the emthods for sparse engine.

Building model...
Model constants: COL=5,TRANS_TIME_MAX=400

Computing reachable states...

Reachability (BFS): 542 iterations in 7.38 seconds (average 0.013618, setup 0.00)

Time for model construction: 8.462 seconds.

Type:        MDP
States:      511413 (1 initial)
Transitions: 1054496
Choices:     884516

Transition matrix: 183723 nodes (6 terminal), 1054496 minterms, vars: 51r/51c/7nd

Prob0E: 1640 iterations in 30.16 seconds (average 0.018387, setup 0.00)

Prob1A: 1 iterations in 0.02 seconds (average 0.024000, setup 0.00)

goal = 6, inf = 0, maybe = 511407

Warning: Upper bound for interval iteration manually set to 4.4627538E7

Computing remaining rewards...
 10
Building sparse matrix (transitions)... [n=511413, nc=884510, nnz=1054490, k=3] [17.4 MB]
Building sparse matrix (transition rewards)... [n=511413, nc=884510, nnz=364934, k=3] [9.5 MB]
Creating vector for state rewards... [3.9 MB]
Creating vector for inf... [3.9 MB]
Creating vector for lower bounds... [3.9 MB]
Creating vector for upper bounds... [3.9 MB]
Allocating iteration vectors... [4 x 3.9 MB]
TOTAL: [58.1 MB]

Starting iterations (interval iteration)...

Soln above finished after 4431 iterations, while flag is True.

Checking for lower bound passed after 19 iterations.Iteration 1: max relative diff=1.000000, 34.39 sec so far
Iteration 764: max relative diff=1.000000, 39.39 sec so far
Iteration 1526: max relative diff=1.000000, 44.40 sec so far
Iteration 2289: max relative diff=1.000000, 49.40 sec so far
Iteration 3050: max relative diff=1.000000, 54.40 sec so far
Iteration 3467: max relative diff=0.000085, 59.40 sec so far
Iteration 3802: max relative diff=0.000003, 64.40 sec so far
Max relative diff between upper and lower bound on convergence: 9.90927E-07
LowItr:3965 , UpItr:5181  

Iterative method: 3946 iterations in 66.56 seconds (average 0.016867, setup 1.05)
Maximum finite value in solution vector at end of interval iteration: 4.429509987490769E7

Value in the initial state: 8863442.75047098

Time for model checking: 97.962 seconds.

Result: 8863442.75047098 (value in the initial state)

---------------------------------------------------------------------

Note: There were 2 warnings during computation.

