PRISM
=====

Version: 4.6
Date: Sat Feb 27 20:05:13 IRST 2021
Hostname: sadegh-H81M-S2PH
Memory limits: cudd=1g, java(heap)=910.5m
Command line: prism ../prism-examples/mdps/wlan/wlan3.nm ../prism-examples/mdps/wlan/cost_max.pctl -s '-ii:upper=1.2e+12' -backward -maxiters 900500 -const COL=5 -const TRANS_TIME_MAX=100

Parsing model file "../prism-examples/mdps/wlan/wlan3.nm"...

Type:        MDP
Modules:     medium station1 station2 
Variables:   col c1 c2 x1 s1 slot1 backoff1 bc1 x2 s2 slot2 backoff2 bc2 

Parsing properties file "../prism-examples/mdps/wlan/cost_max.pctl"...

1 property:
(1) "cost_max": R{"cost"}max=? [ F s1=12&s2=12 ]

---------------------------------------------------------------------

Model checking: "cost_max": R{"cost"}max=? [ F s1=12&s2=12 ]
Model constants: COL=5,TRANS_TIME_MAX=100

Building model...
Model constants: COL=5,TRANS_TIME_MAX=100

Computing reachable states...

Reachability (BFS): 242 iterations in 1.31 seconds (average 0.005434, setup 0.00)

Time for model construction: 1.538 seconds.

Type:        MDP
States:      272913 (1 initial)
Transitions: 572996
Choices:     403016

Transition matrix: 60235 nodes (6 terminal), 572996 minterms, vars: 47r/47c/7nd

Prob0E: 740 iterations in 9.06 seconds (average 0.012243, setup 0.00)

Prob1A: 1 iterations in 0.01 seconds (average 0.008000, setup 0.00)

goal = 6, inf = 0, maybe = 272907

Warning: Upper bound for interval iteration manually set to 1.2E12

Computing remaining rewards...
Engine: Sparse

Building sparse matrix (transitions)... [n=272913, nc=403010, nnz=572990, k=3] [9.1 MB]
Building sparse matrix (transition rewards)... [n=272913, nc=403010, nnz=129434, k=3] [4.1 MB]
Creating vector for state rewards... [2.1 MB]
Creating vector for inf... [2.1 MB]
Creating vector for lower bounds... [2.1 MB]
Creating vector for upper bounds... [2.1 MB]
Allocating iteration vectors... [4 x 2.1 MB]
TOTAL: [29.9 MB]

Starting iterations (interval iteration)...

Time for state ordering: 0.010000


Iters: 500 , Maximum difference of values of bel_vec: 9.05528 & Maximum difference of values of abov_vec: 5.36343E+09 
Iters: 1000 , Maximum difference of values of bel_vec: 1.33179E-07 & Maximum difference of values of abov_vec: 57.0608 
Iters: 1500 , Maximum difference of values of bel_vec: 0 & Maximum difference of values of abov_vec: 2.62167E-07 Max relative diff between upper and lower bound on convergence: 9.16887E-07
Iterative method: 1539 iterations in 14.65 seconds (average 0.009520, setup 0.39)
Maximum finite value in solution vector at end of interval iteration: 1.107900710629176E7

Value in the initial state: 2220253.843733702

Time for model checking: 24.168 seconds.

Result: 2220253.843733702 (value in the initial state)

---------------------------------------------------------------------

Note: There was 1 warning during computation.

