PRISM
=====

Version: 4.4
Date: Sat Feb 20 05:47:53 IRST 2021
Hostname: sadegh-H81M-S2PH
Memory limits: cudd=1g, java(heap)=910.5m
Command line: prism ../../examples/mdps/wlan/wlan3.nm ../../examples/mdps/wlan/cost_max.pctl -s '-ii:upper=155348538' -asynchupper -maxiters 900500 -const COL=5 -const TRANS_TIME_MAX=1400

Parsing model file "../../examples/mdps/wlan/wlan3.nm"...

Parsing properties file "../../examples/mdps/wlan/cost_max.pctl"...

1 property:
(1) "cost_max": R{"cost"}max=? [ F s1=12&s2=12 ]

Type:        MDP
Modules:     medium station1 station2 
Variables:   col c1 c2 x1 s1 slot1 backoff1 bc1 x2 s2 slot2 backoff2 bc2 

---------------------------------------------------------------------

Model checking: "cost_max": R{"cost"}max=? [ F s1=12&s2=12 ]
Model constants: COL=5,TRANS_TIME_MAX=1400

Warning: Not Switching to explicit engine, We implemented the emthods for sparse engine.

Building model...
Model constants: COL=5,TRANS_TIME_MAX=1400

Computing reachable states...

Reachability (BFS): 1542 iterations in 53.73 seconds (average 0.034844, setup 0.00)

Time for model construction: 68.97 seconds.

Type:        MDP
States:      1306413 (1 initial)
Transitions: 2659496
Choices:     2489516

Transition matrix: 596764 nodes (6 terminal), 2659496 minterms, vars: 55r/55c/7nd

Prob0E: 4640 iterations in 189.95 seconds (average 0.040937, setup 0.00)

Prob1A: 1 iterations in 0.09 seconds (average 0.086000, setup 0.00)

goal = 6, inf = 0, maybe = 1306407

Warning: Upper bound for interval iteration manually set to 1.55348538E8

Computing remaining rewards...
 10
Building sparse matrix (transitions)... [n=1306413, nc=2489510, nnz=2659490, k=3] [44.9 MB]
Building sparse matrix (transition rewards)... [n=1306413, nc=2489510, nnz=1149934, k=3] [27.6 MB]
Creating vector for state rewards... [10.0 MB]
Creating vector for inf... [10.0 MB]
Creating vector for lower bounds... [10.0 MB]
Creating vector for upper bounds... [10.0 MB]
Allocating iteration vectors... [4 x 10.0 MB]
TOTAL: [152.3 MB]

Starting iterations (interval iteration)...

Soln above finished after 16832 iterations, while flag is True.

Checking for lower bound passed after 19 iterations.Iteration 1: max relative diff=1.000000, 383.12 sec so far
Iteration 274: max relative diff=1.000000, 388.12 sec so far
Iteration 548: max relative diff=1.000000, 393.14 sec so far
Iteration 822: max relative diff=1.000000, 398.15 sec so far
Iteration 1095: max relative diff=1.000000, 403.16 sec so far
Iteration 1369: max relative diff=1.000000, 408.17 sec so far
Iteration 1643: max relative diff=1.000000, 413.18 sec so far
Iteration 1917: max relative diff=1.000000, 418.20 sec so far
Iteration 2191: max relative diff=1.000000, 423.20 sec so far
Iteration 2465: max relative diff=1.000000, 428.21 sec so far
Iteration 2739: max relative diff=1.000000, 433.23 sec so far
Iteration 3013: max relative diff=1.000000, 438.24 sec so far
Iteration 3287: max relative diff=1.000000, 443.26 sec so far
Iteration 3561: max relative diff=1.000000, 448.28 sec so far
Iteration 3835: max relative diff=1.000000, 453.29 sec so far
Iteration 4109: max relative diff=1.000000, 458.31 sec so far
Iteration 4382: max relative diff=1.000000, 463.32 sec so far
Iteration 4655: max relative diff=1.000000, 468.32 sec so far
Iteration 4929: max relative diff=1.000000, 473.33 sec so far
Iteration 5203: max relative diff=1.000000, 478.35 sec so far
Iteration 5476: max relative diff=1.000000, 483.35 sec so far
Iteration 5750: max relative diff=1.000000, 488.36 sec so far
Iteration 6024: max relative diff=1.000000, 493.38 sec so far
Iteration 6298: max relative diff=1.000000, 498.40 sec so far
Iteration 6572: max relative diff=1.000000, 503.42 sec so far
Iteration 6846: max relative diff=1.000000, 508.43 sec so far
Iteration 7120: max relative diff=1.000000, 513.45 sec so far
Iteration 7394: max relative diff=1.000000, 518.46 sec so far
Iteration 7667: max relative diff=1.000000, 523.47 sec so far
Iteration 7941: max relative diff=1.000000, 528.49 sec so far
Iteration 8214: max relative diff=1.000000, 533.49 sec so far
Iteration 8488: max relative diff=1.000000, 538.50 sec so far
Iteration 8761: max relative diff=1.000000, 543.50 sec so far
Iteration 9035: max relative diff=1.000000, 548.52 sec so far
Iteration 9309: max relative diff=1.000000, 553.53 sec so far
Iteration 9582: max relative diff=1.000000, 558.53 sec so far
Iteration 9855: max relative diff=1.000000, 563.53 sec so far
Iteration 10129: max relative diff=1.000000, 568.55 sec so far
Iteration 10402: max relative diff=1.000000, 573.55 sec so far
Iteration 10675: max relative diff=1.000000, 578.55 sec so far
Iteration 10948: max relative diff=1.000000, 583.56 sec so far
Iteration 11209: max relative diff=0.000801, 588.60 sec so far
Iteration 11335: max relative diff=0.000730, 593.61 sec so far
Iteration 11461: max relative diff=0.000659, 598.63 sec so far
Iteration 11587: max relative diff=0.000588, 603.65 sec so far
Iteration 11713: max relative diff=0.000518, 608.66 sec so far
Iteration 11839: max relative diff=0.000447, 613.67 sec so far
Iteration 11965: max relative diff=0.000376, 618.69 sec so far
Iteration 12091: max relative diff=0.000305, 623.71 sec so far
Iteration 12217: max relative diff=0.000234, 628.72 sec so far
Iteration 12343: max relative diff=0.000163, 633.74 sec so far
Iteration 12469: max relative diff=0.000092, 638.75 sec so far
Iteration 12595: max relative diff=0.000021, 643.78 sec so far
Iteration 12860: max relative diff=1.000000, 648.78 sec so far
Iteration 13134: max relative diff=1.000000, 653.80 sec so far
Iteration 13407: max relative diff=1.000000, 658.80 sec so far
Iteration 13680: max relative diff=1.000000, 663.81 sec so far
Iteration 13954: max relative diff=1.000000, 668.83 sec so far
Max relative diff between upper and lower bound on convergence: 5.88596E-07
LowItr:14009 , UpItr:18238  

Iterative method: 13990 iterations in 669.51 seconds (average 0.047856, setup 3.35)
Maximum finite value in solution vector at end of interval iteration: 1.5501540910362777E8

Value in the initial state: 3.1007405772931382E7

Time for model checking: 863.198 seconds.

Result: 3.1007405772931382E7 (value in the initial state)

---------------------------------------------------------------------

Note: There were 2 warnings during computation.

