PRISM
=====

Version: 4.4
Date: Fri Feb 19 18:36:18 IRST 2021
Hostname: sadegh-H81M-S2PH
Memory limits: cudd=1g, java(heap)=910.5m
Command line: prism ../../examples/mdps/wlan/wlan3.nm ../../examples/mdps/wlan/cost_max.pctl -s '-ii:upper=77843838' -asynchupper -maxiters 900500 -const COL=5 -const TRANS_TIME_MAX=700

Parsing model file "../../examples/mdps/wlan/wlan3.nm"...

Parsing properties file "../../examples/mdps/wlan/cost_max.pctl"...

1 property:
(1) "cost_max": R{"cost"}max=? [ F s1=12&s2=12 ]

Type:        MDP
Modules:     medium station1 station2 
Variables:   col c1 c2 x1 s1 slot1 backoff1 bc1 x2 s2 slot2 backoff2 bc2 

---------------------------------------------------------------------

Model checking: "cost_max": R{"cost"}max=? [ F s1=12&s2=12 ]
Model constants: COL=5,TRANS_TIME_MAX=700

Warning: Not Switching to explicit engine, We implemented the emthods for sparse engine.

Building model...
Model constants: COL=5,TRANS_TIME_MAX=700

Computing reachable states...

Reachability (BFS): 842 iterations in 17.23 seconds (average 0.020458, setup 0.00)

Time for model construction: 19.9 seconds.

Type:        MDP
States:      749913 (1 initial)
Transitions: 1535996
Choices:     1366016

Transition matrix: 309352 nodes (6 terminal), 1535996 minterms, vars: 53r/53c/7nd

Prob0E: 2540 iterations in 60.67 seconds (average 0.023885, setup 0.00)

Prob1A: 1 iterations in 0.04 seconds (average 0.041000, setup 0.00)

goal = 6, inf = 0, maybe = 749907

Warning: Upper bound for interval iteration manually set to 7.7843838E7

Computing remaining rewards...
 10
Building sparse matrix (transitions)... [n=749913, nc=1366010, nnz=1535990, k=3] [25.6 MB]
Building sparse matrix (transition rewards)... [n=749913, nc=1366010, nnz=600434, k=3] [14.9 MB]
Creating vector for state rewards... [5.7 MB]
Creating vector for inf... [5.7 MB]
Creating vector for lower bounds... [5.7 MB]
Creating vector for upper bounds... [5.7 MB]
Allocating iteration vectors... [4 x 5.7 MB]
TOTAL: [86.4 MB]

Starting iterations (interval iteration)...

Soln above finished after 8432 iterations, while flag is True.

Checking for lower bound passed after 19 iterations.Iteration 1: max relative diff=1.000000, 96.81 sec so far
Iteration 366: max relative diff=1.000000, 101.83 sec so far
Iteration 720: max relative diff=1.000000, 106.83 sec so far
Iteration 1073: max relative diff=1.000000, 111.84 sec so far
Iteration 1427: max relative diff=1.000000, 116.85 sec so far
Iteration 1781: max relative diff=1.000000, 121.86 sec so far
Iteration 2135: max relative diff=1.000000, 126.88 sec so far
Iteration 2489: max relative diff=1.000000, 131.89 sec so far
Iteration 2843: max relative diff=1.000000, 136.90 sec so far
Iteration 3197: max relative diff=1.000000, 141.91 sec so far
Iteration 3550: max relative diff=1.000000, 146.91 sec so far
Iteration 3903: max relative diff=1.000000, 151.91 sec so far
Iteration 4257: max relative diff=1.000000, 156.92 sec so far
Iteration 4611: max relative diff=1.000000, 161.93 sec so far
Iteration 4965: max relative diff=1.000000, 166.93 sec so far
Iteration 5318: max relative diff=1.000000, 171.94 sec so far
Iteration 5684: max relative diff=1.000000, 176.95 sec so far
Iteration 6037: max relative diff=1.000000, 181.95 sec so far
Iteration 6359: max relative diff=0.000009, 186.97 sec so far
Iteration 6592: max relative diff=0.000006, 191.99 sec so far
Iteration 6825: max relative diff=0.000003, 197.00 sec so far
Max relative diff between upper and lower bound on convergence: 9.98378E-07
LowItr:6979 , UpItr:9097  

Iterative method: 6960 iterations in 199.91 seconds (average 0.028723, setup 1.72)
Maximum finite value in solution vector at end of interval iteration: 7.751119264352372E7

Value in the initial state: 1.5506631657209171E7

Time for model checking: 262.52 seconds.

Result: 1.5506631657209171E7 (value in the initial state)

---------------------------------------------------------------------

Note: There were 2 warnings during computation.

