PRISM
=====

Version: 4.6
Date: Sat Feb 27 20:08:11 IRST 2021
Hostname: sadegh-H81M-S2PH
Memory limits: cudd=1g, java(heap)=910.5m
Command line: prism ../prism-examples/mdps/wlan/wlan3.nm ../prism-examples/mdps/wlan/cost_max.pctl -s '-ii:upper=1.2e+12' -improvedbk -maxiters 900500 -const COL=5 -const TRANS_TIME_MAX=200

Parsing model file "../prism-examples/mdps/wlan/wlan3.nm"...

Type:        MDP
Modules:     medium station1 station2 
Variables:   col c1 c2 x1 s1 slot1 backoff1 bc1 x2 s2 slot2 backoff2 bc2 

Parsing properties file "../prism-examples/mdps/wlan/cost_max.pctl"...

1 property:
(1) "cost_max": R{"cost"}max=? [ F s1=12&s2=12 ]

---------------------------------------------------------------------

Model checking: "cost_max": R{"cost"}max=? [ F s1=12&s2=12 ]
Model constants: COL=5,TRANS_TIME_MAX=200

Building model...
Model constants: COL=5,TRANS_TIME_MAX=200

Computing reachable states...

Reachability (BFS): 342 iterations in 2.82 seconds (average 0.008254, setup 0.00)

Time for model construction: 3.259 seconds.

Type:        MDP
States:      352413 (1 initial)
Transitions: 733496
Choices:     563516

Transition matrix: 101743 nodes (6 terminal), 733496 minterms, vars: 49r/49c/7nd

Prob0E: 1040 iterations in 15.03 seconds (average 0.014456, setup 0.00)

Prob1A: 1 iterations in 0.01 seconds (average 0.013000, setup 0.00)

goal = 6, inf = 0, maybe = 352407

Warning: Upper bound for interval iteration manually set to 1.2E12

Computing remaining rewards...
Engine: Sparse

Building sparse matrix (transitions)... [n=352413, nc=563510, nnz=733490, k=3] [11.9 MB]
Building sparse matrix (transition rewards)... [n=352413, nc=563510, nnz=207934, k=3] [5.9 MB]
Creating vector for state rewards... [2.7 MB]
Creating vector for inf... [2.7 MB]
Creating vector for lower bounds... [2.7 MB]
Creating vector for upper bounds... [2.7 MB]
Allocating iteration vectors... [4 x 2.7 MB]
TOTAL: [39.3 MB]

Starting iterations (interval iteration)...

 Time for pre-computation: 0.368000 Iteration 920: max relative diff=10.363694, 4.63 sec so far

First round (updates from below) finished after 1815 iters.Iteration 1920: max relative diff=10000.000000, 9.64 sec so far
Iteration 2805: max relative diff=1.297296, 14.64 sec so far

Second round (updates from above) finished after 3436 iters.
Update from both sides... 
Iteration 3667: max relative diff=0.000003, 19.65 sec so far
Max relative diff between upper and lower bound on convergence: 0

Number of iterations for the lower bound = 2159

Iterative method: 3780 iterations in 20.39 seconds (average 0.005394, setup 0.62)
Maximum finite value in solution vector at end of interval iteration: 2.215103802916375E7

Value in the initial state: 4434650.145979576

Time for model checking: 36.519 seconds.

Result: 4434650.145979576 (value in the initial state)

---------------------------------------------------------------------

Note: There was 1 warning during computation.

