PRISM
=====

Version: 4.4
Date: Fri Feb 19 18:02:38 IRST 2021
Hostname: sadegh-H81M-S2PH
Memory limits: cudd=1g, java(heap)=910.5m
Command line: prism ../../examples/mdps/wlan/wlan3.nm ../../examples/mdps/wlan/cost_max.pctl -s '-ii:upper=1.2e+12' -backward -maxiters 900500 -const COL=5 -const TRANS_TIME_MAX=600

Parsing model file "../../examples/mdps/wlan/wlan3.nm"...

Parsing properties file "../../examples/mdps/wlan/cost_max.pctl"...

1 property:
(1) "cost_max": R{"cost"}max=? [ F s1=12&s2=12 ]

Type:        MDP
Modules:     medium station1 station2 
Variables:   col c1 c2 x1 s1 slot1 backoff1 bc1 x2 s2 slot2 backoff2 bc2 

---------------------------------------------------------------------

Model checking: "cost_max": R{"cost"}max=? [ F s1=12&s2=12 ]
Model constants: COL=5,TRANS_TIME_MAX=600

Warning: Not Switching to explicit engine, We implemented the emthods for sparse engine.

Building model...
Model constants: COL=5,TRANS_TIME_MAX=600

Computing reachable states...

Reachability (BFS): 742 iterations in 13.92 seconds (average 0.018764, setup 0.00)

Time for model construction: 16.067 seconds.

Type:        MDP
States:      670413 (1 initial)
Transitions: 1375496
Choices:     1205516

Transition matrix: 271942 nodes (6 terminal), 1375496 minterms, vars: 53r/53c/7nd

Prob0E: 2240 iterations in 50.41 seconds (average 0.022504, setup 0.00)

Prob1A: 1 iterations in 0.04 seconds (average 0.037000, setup 0.00)

goal = 6, inf = 0, maybe = 670407

Warning: Upper bound for interval iteration manually set to 1.2E12

Computing remaining rewards...
 6
Building sparse matrix (transitions)... [n=670413, nc=1205510, nnz=1375490, k=3] [22.9 MB]
Building sparse matrix (transition rewards)... [n=670413, nc=1205510, nnz=521934, k=3] [13.1 MB]
Creating vector for state rewards... [5.1 MB]
Creating vector for inf... [5.1 MB]
Creating vector for lower bounds... [5.1 MB]
Creating vector for upper bounds... [5.1 MB]
Allocating iteration vectors... [4 x 5.1 MB]
TOTAL: [76.9 MB]

Starting iterations (interval iteration)...

Time for state ordering: 0.017000


Iters: 500 , Maximum difference of values of bel_vec: 100000 & Maximum difference of values of abov_vec: 1.2E+12 
Iters: 1000 , Maximum difference of values of bel_vec: 9730.96 & Maximum difference of values of abov_vec: 1.2E+12 
Iters: 1500 , Maximum difference of values of bel_vec: 1000 & Maximum difference of values of abov_vec: 8.48437E+11 
Iters: 2000 , Maximum difference of values of bel_vec: 170.824 & Maximum difference of values of abov_vec: 9.49173E+10 
Iters: 2500 , Maximum difference of values of bel_vec: 10.3637 & Maximum difference of values of abov_vec: 5.36343E+09 
Iters: 3000 , Maximum difference of values of bel_vec: 9.05528 & Maximum difference of values of abov_vec: 5.36343E+09 
Iters: 3500 , Maximum difference of values of bel_vec: 0.440308 & Maximum difference of values of abov_vec: 2.82188E+08 
Iters: 4000 , Maximum difference of values of bel_vec: 0.0102929 & Maximum difference of values of abov_vec: 5.89588E+06 
Iters: 4500 , Maximum difference of values of bel_vec: 0.00024062 & Maximum difference of values of abov_vec: 123730 
Iters: 5000 , Maximum difference of values of bel_vec: 5.63078E-06 & Maximum difference of values of abov_vec: 2398.01 
Iters: 5500 , Maximum difference of values of bel_vec: 1.41561E-07 & Maximum difference of values of abov_vec: 56.4136 
Iters: 6000 , Maximum difference of values of bel_vec: 1.35973E-07 & Maximum difference of values of abov_vec: 56.4136 
Iters: 6500 , Maximum difference of values of bel_vec: 1.30385E-08 & Maximum difference of values of abov_vec: 1.1266 
Iters: 7000 , Maximum difference of values of bel_vec: 9.31323E-09 & Maximum difference of values of abov_vec: 0.0260371 
Iters: 7500 , Maximum difference of values of bel_vec: 0 & Maximum difference of values of abov_vec: 0.000579355 
Iters: 8000 , Maximum difference of values of bel_vec: 0 & Maximum difference of values of abov_vec: 1.27051E-05 
Iters: 8500 , Maximum difference of values of bel_vec: 0 & Maximum difference of values of abov_vec: 2.73809E-07 
Iters: 9000 , Maximum difference of values of bel_vec: 0 & Maximum difference of values of abov_vec: 2.73809E-07 Max relative diff between upper and lower bound on convergence: 7.78586E-07
Iterative method: 9039 iterations in 178.55 seconds (average 0.019753, setup 1.48)
Maximum finite value in solution vector at end of interval iteration: 6.643916172065179E7

Value in the initial state: 1.32922353549638E7

Time for model checking: 230.688 seconds.

Result: 1.32922353549638E7 (value in the initial state)

---------------------------------------------------------------------

Note: There were 2 warnings during computation.

