PRISM
=====

Version: 4.6
Date: Sat Feb 27 20:08:51 IRST 2021
Hostname: sadegh-H81M-S2PH
Memory limits: cudd=1g, java(heap)=910.5m
Command line: prism ../prism-examples/mdps/wlan/wlan3.nm ../prism-examples/mdps/wlan/cost_max.pctl -s '-ii:upper=33555438' -asynchupper -maxiters 900500 -const COL=5 -const TRANS_TIME_MAX=300

Parsing model file "../prism-examples/mdps/wlan/wlan3.nm"...

Type:        MDP
Modules:     medium station1 station2 
Variables:   col c1 c2 x1 s1 slot1 backoff1 bc1 x2 s2 slot2 backoff2 bc2 

Parsing properties file "../prism-examples/mdps/wlan/cost_max.pctl"...

1 property:
(1) "cost_max": R{"cost"}max=? [ F s1=12&s2=12 ]

---------------------------------------------------------------------

Model checking: "cost_max": R{"cost"}max=? [ F s1=12&s2=12 ]
Model constants: COL=5,TRANS_TIME_MAX=300

Building model...
Model constants: COL=5,TRANS_TIME_MAX=300

Computing reachable states...

Reachability (BFS): 442 iterations in 4.84 seconds (average 0.010962, setup 0.00)

Time for model construction: 5.557 seconds.

Type:        MDP
States:      431913 (1 initial)
Transitions: 893996
Choices:     724016

Transition matrix: 146418 nodes (6 terminal), 893996 minterms, vars: 51r/51c/7nd

Prob0E: 1340 iterations in 21.91 seconds (average 0.016350, setup 0.00)

Prob1A: 1 iterations in 0.02 seconds (average 0.019000, setup 0.00)

goal = 6, inf = 0, maybe = 431907

Warning: Upper bound for interval iteration manually set to 3.3555438E7

Computing remaining rewards...
Engine: Sparse

Building sparse matrix (transitions)... [n=431913, nc=724010, nnz=893990, k=3] [14.6 MB]
Building sparse matrix (transition rewards)... [n=431913, nc=724010, nnz=286434, k=3] [7.7 MB]
Creating vector for state rewards... [3.3 MB]
Creating vector for inf... [3.3 MB]
Creating vector for lower bounds... [3.3 MB]
Creating vector for upper bounds... [3.3 MB]
Allocating iteration vectors... [4 x 3.3 MB]
TOTAL: [48.7 MB]

Starting iterations (interval iteration)...

Soln above finished after 3331 iterations, while flag is True.

Checking for lower bound passed after 19 iterations.
Iteration 1: max relative diff=1.000000, 23.75 sec so far
Iteration 611: max relative diff=1.000000, 28.76 sec so far
Iteration 1209: max relative diff=1.000000, 33.77 sec so far
