PRISM
=====

Version: 4.4
Date: Sat Feb 20 20:45:52 IRST 2021
Hostname: sadegh-H81M-S2PH
Memory limits: cudd=1g, java(heap)=910.5m
Command line: prism ../../examples/mdps/wlan/wlan3.nm ../../examples/mdps/wlan/cost_max.pctl -s '-ii:upper=1.2e+12' -backward -maxiters 900500 -const COL=5 -const TRANS_TIME_MAX=1800

Parsing model file "../../examples/mdps/wlan/wlan3.nm"...

Parsing properties file "../../examples/mdps/wlan/cost_max.pctl"...

1 property:
(1) "cost_max": R{"cost"}max=? [ F s1=12&s2=12 ]

Type:        MDP
Modules:     medium station1 station2 
Variables:   col c1 c2 x1 s1 slot1 backoff1 bc1 x2 s2 slot2 backoff2 bc2 

---------------------------------------------------------------------

Model checking: "cost_max": R{"cost"}max=? [ F s1=12&s2=12 ]
Model constants: COL=5,TRANS_TIME_MAX=1800

Warning: Not Switching to explicit engine, We implemented the emthods for sparse engine.

Building model...
Model constants: COL=5,TRANS_TIME_MAX=1800

Computing reachable states...

Reachability (BFS): 1942 iterations in 85.05 seconds (average 0.043794, setup 0.00)

Time for model construction: 113.446 seconds.

Type:        MDP
States:      1624413 (1 initial)
Transitions: 3301496
Choices:     3131516

Transition matrix: 746449 nodes (6 terminal), 3301496 minterms, vars: 55r/55c/7nd

Prob0E: 5840 iterations in 273.66 seconds (average 0.046860, setup 0.00)

Prob1A: 1 iterations in 0.11 seconds (average 0.108000, setup 0.00)

goal = 6, inf = 0, maybe = 1624407

Warning: Upper bound for interval iteration manually set to 1.2E12

Computing remaining rewards...
 6
Building sparse matrix (transitions)... [n=1624413, nc=3131510, nnz=3301490, k=3] [55.9 MB]
Building sparse matrix (transition rewards)... [n=1624413, nc=3131510, nnz=1463934, k=3] [34.9 MB]
Creating vector for state rewards... [12.4 MB]
Creating vector for inf... [12.4 MB]
Creating vector for lower bounds... [12.4 MB]
Creating vector for upper bounds... [12.4 MB]
Allocating iteration vectors... [4 x 12.4 MB]
TOTAL: [190.0 MB]

Starting iterations (interval iteration)...

Time for state ordering: 0.053000


Iters: 500 , Maximum difference of values of bel_vec: 100000 & Maximum difference of values of abov_vec: 1.2E+12 
Iters: 1000 , Maximum difference of values of bel_vec: 100000 & Maximum difference of values of abov_vec: 1.2E+12 
Iters: 1500 , Maximum difference of values of bel_vec: 100000 & Maximum difference of values of abov_vec: 1.2E+12 
Iters: 2000 , Maximum difference of values of bel_vec: 9730.96 & Maximum difference of values of abov_vec: 1.2E+12 
Iters: 2500 , Maximum difference of values of bel_vec: 9730.96 & Maximum difference of values of abov_vec: 1.2E+12 
Iters: 3000 , Maximum difference of values of bel_vec: 9730.96 & Maximum difference of values of abov_vec: 1.2E+12 
Iters: 3500 , Maximum difference of values of bel_vec: 9730.96 & Maximum difference of values of abov_vec: 1.2E+12 
Iters: 4000 , Maximum difference of values of bel_vec: 1000 & Maximum difference of values of abov_vec: 8.48437E+11 
Iters: 4500 , Maximum difference of values of bel_vec: 1000 & Maximum difference of values of abov_vec: 8.48437E+11 
Iters: 5000 , Maximum difference of values of bel_vec: 1000 & Maximum difference of values of abov_vec: 8.48437E+11 
Iters: 5500 , Maximum difference of values of bel_vec: 170.824 & Maximum difference of values of abov_vec: 9.49173E+10 
Iters: 6000 , Maximum difference of values of bel_vec: 170.824 & Maximum difference of values of abov_vec: 9.49173E+10 
Iters: 6500 , Maximum difference of values of bel_vec: 170.824 & Maximum difference of values of abov_vec: 9.49173E+10 
Iters: 7000 , Maximum difference of values of bel_vec: 170.824 & Maximum difference of values of abov_vec: 9.49173E+10 
Iters: 7500 , Maximum difference of values of bel_vec: 10.3637 & Maximum difference of values of abov_vec: 5.36342E+09 
Iters: 8000 , Maximum difference of values of bel_vec: 10.3637 & Maximum difference of values of abov_vec: 5.36342E+09 
Iters: 8500 , Maximum difference of values of bel_vec: 10.3637 & Maximum difference of values of abov_vec: 5.36342E+09 
Iters: 9000 , Maximum difference of values of bel_vec: 9.05528 & Maximum difference of values of abov_vec: 5.36342E+09 
Iters: 9500 , Maximum difference of values of bel_vec: 0.440308 & Maximum difference of values of abov_vec: 2.82187E+08 Iteration 9825: max relative diff=953095033.764840, 499.98 sec so far

Iters: 10000 , Maximum difference of values of bel_vec: 0.440308 & Maximum difference of values of abov_vec: 2.82187E+08 
Iters: 10500 , Maximum difference of values of bel_vec: 0.440308 & Maximum difference of values of abov_vec: 2.82187E+08 
Iters: 11000 , Maximum difference of values of bel_vec: 0.0102929 & Maximum difference of values of abov_vec: 5.89468E+06 
Iters: 11500 , Maximum difference of values of bel_vec: 0.0102929 & Maximum difference of values of abov_vec: 5.89468E+06 
Iters: 12000 , Maximum difference of values of bel_vec: 0.0102929 & Maximum difference of values of abov_vec: 5.89468E+06 
Iters: 12500 , Maximum difference of values of bel_vec: 0.0102929 & Maximum difference of values of abov_vec: 5.89468E+06 
Iters: 13000 , Maximum difference of values of bel_vec: 0.000240631 & Maximum difference of values of abov_vec: 123495 
Iters: 13500 , Maximum difference of values of bel_vec: 0.000240631 & Maximum difference of values of abov_vec: 123495 
Iters: 14000 , Maximum difference of values of bel_vec: 0.000240631 & Maximum difference of values of abov_vec: 123495 
Iters: 14500 , Maximum difference of values of bel_vec: 5.65499E-06 & Maximum difference of values of abov_vec: 2356.58 
Iters: 15000 , Maximum difference of values of bel_vec: 5.65499E-06 & Maximum difference of values of abov_vec: 2356.58 
Iters: 15500 , Maximum difference of values of bel_vec: 5.65499E-06 & Maximum difference of values of abov_vec: 2356.58 
Iters: 16000 , Maximum difference of values of bel_vec: 5.64754E-06 & Maximum difference of values of abov_vec: 2356.58 
Iters: 16500 , Maximum difference of values of bel_vec: 1.56462E-07 & Maximum difference of values of abov_vec: 55.2064 
Iters: 17000 , Maximum difference of values of bel_vec: 1.56462E-07 & Maximum difference of values of abov_vec: 55.2064 
Iters: 17500 , Maximum difference of values of bel_vec: 1.56462E-07 & Maximum difference of values of abov_vec: 55.2064 
Iters: 18000 , Maximum difference of values of bel_vec: 1.56462E-07 & Maximum difference of values of abov_vec: 55.2064 
Iters: 18500 , Maximum difference of values of bel_vec: 2.98023E-08 & Maximum difference of values of abov_vec: 1.11539 
Iters: 19000 , Maximum difference of values of bel_vec: 2.98023E-08 & Maximum difference of values of abov_vec: 1.11539 
Iters: 19500 , Maximum difference of values of bel_vec: 2.98023E-08 & Maximum difference of values of abov_vec: 1.11539 Iteration 19656: max relative diff=6.653197, 1000.00 sec so far

Iters: 20000 , Maximum difference of values of bel_vec: 2.23517E-08 & Maximum difference of values of abov_vec: 0.0255024 
Iters: 20500 , Maximum difference of values of bel_vec: 2.23517E-08 & Maximum difference of values of abov_vec: 0.0255024 
Iters: 21000 , Maximum difference of values of bel_vec: 2.23517E-08 & Maximum difference of values of abov_vec: 0.0255024 
Iters: 21500 , Maximum difference of values of bel_vec: 7.45058E-09 & Maximum difference of values of abov_vec: 0.0255024 
Iters: 22000 , Maximum difference of values of bel_vec: 0 & Maximum difference of values of abov_vec: 0.000565402 
Iters: 22500 , Maximum difference of values of bel_vec: 0 & Maximum difference of values of abov_vec: 0.000565402 
Iters: 23000 , Maximum difference of values of bel_vec: 0 & Maximum difference of values of abov_vec: 0.000565402 
Iters: 23500 , Maximum difference of values of bel_vec: 0 & Maximum difference of values of abov_vec: 1.23531E-05 
Iters: 24000 , Maximum difference of values of bel_vec: 0 & Maximum difference of values of abov_vec: 1.23531E-05 
Iters: 24500 , Maximum difference of values of bel_vec: 0 & Maximum difference of values of abov_vec: 1.23531E-05 
Iters: 25000 , Maximum difference of values of bel_vec: 0 & Maximum difference of values of abov_vec: 1.23531E-05 
Iters: 25500 , Maximum difference of values of bel_vec: 0 & Maximum difference of values of abov_vec: 2.83122E-07 
Iters: 26000 , Maximum difference of values of bel_vec: 0 & Maximum difference of values of abov_vec: 2.83122E-07 
Iters: 26500 , Maximum difference of values of bel_vec: 0 & Maximum difference of values of abov_vec: 2.83122E-07 
Iters: 27000 , Maximum difference of values of bel_vec: 0 & Maximum difference of values of abov_vec: 2.83122E-07 Max relative diff between upper and lower bound on convergence: 7.7486E-07
Iterative method: 27039 iterations in 1374.32 seconds (average 0.050827, setup 4.25)
Maximum finite value in solution vector at end of interval iteration: 1.993035327951159E8

Value in the initial state: 3.986499098191618E7

Time for model checking: 1652.638 seconds.

Result: 3.986499098191618E7 (value in the initial state)

---------------------------------------------------------------------

Note: There were 2 warnings during computation.

