PRISM
=====

Version: 4.4
Date: Sat Feb 20 16:09:55 IRST 2021
Hostname: sadegh-H81M-S2PH
Memory limits: cudd=1g, java(heap)=910.5m
Command line: prism ../../examples/mdps/wlan/wlan3.nm ../../examples/mdps/wlan/cost_max.pctl -s -improvedbk -maxiters 17045 -epsilon 1e-10 -const COL=5 -const TRANS_TIME_MAX=1700

Parsing model file "../../examples/mdps/wlan/wlan3.nm"...

Parsing properties file "../../examples/mdps/wlan/cost_max.pctl"...

1 property:
(1) "cost_max": R{"cost"}max=? [ F s1=12&s2=12 ]

Type:        MDP
Modules:     medium station1 station2 
Variables:   col c1 c2 x1 s1 slot1 backoff1 bc1 x2 s2 slot2 backoff2 bc2 

---------------------------------------------------------------------

Model checking: "cost_max": R{"cost"}max=? [ F s1=12&s2=12 ]
Model constants: COL=5,TRANS_TIME_MAX=1700

Warning: Not Switching to explicit engine, We implemented the emthods for sparse engine.

Building model...
Model constants: COL=5,TRANS_TIME_MAX=1700

Computing reachable states...

Reachability (BFS): 1842 iterations in 76.60 seconds (average 0.041584, setup 0.00)

Time for model construction: 101.24 seconds.

Type:        MDP
States:      1544913 (1 initial)
Transitions: 3140996
Choices:     2971016

Transition matrix: 709091 nodes (6 terminal), 3140996 minterms, vars: 55r/55c/7nd

Prob0E: 5540 iterations in 264.96 seconds (average 0.047826, setup 0.00)

Prob1A: 1 iterations in 0.10 seconds (average 0.103000, setup 0.00)

goal = 6, inf = 0, maybe = 1544907

Computing remaining rewards...

Building sparse matrix (transitions)... [n=1544913, nc=2971010, nnz=3140990, k=3] [53.2 MB]
Building sparse matrix (transition rewards)... [n=1544913, nc=2971010, nnz=1385434, k=3] [33.1 MB]
Creating vector for state rewards... [11.8 MB]
Creating vector for inf... [11.8 MB]
Creating vector for lower bounds... [11.8 MB]
Creating vector for upper bounds... [11.8 MB]
Allocating iteration vectors... [4 x 11.8 MB]
TOTAL: [180.5 MB]

Starting iterations (interval iteration)...

 Time for pre-computation: 1.377000 Iteration 163: max relative diff=100000.000000, 3.63 sec so far
Iteration 395: max relative diff=100000.000000, 8.64 sec so far
Iteration 626: max relative diff=100000.000000, 13.65 sec so far
Iteration 858: max relative diff=100000.000000, 18.66 sec so far
Iteration 1090: max relative diff=100000.000000, 23.66 sec so far
Iteration 1322: max relative diff=100000.000000, 28.67 sec so far
Iteration 1554: max relative diff=100000.000000, 33.67 sec so far
Iteration 1786: max relative diff=9730.957031, 38.67 sec so far
Iteration 2018: max relative diff=9730.957031, 43.68 sec so far
Iteration 2250: max relative diff=9730.957031, 48.69 sec so far
Iteration 2483: max relative diff=9730.957031, 53.71 sec so far
Iteration 2715: max relative diff=9730.957031, 58.72 sec so far
Iteration 2947: max relative diff=9730.957031, 63.73 sec so far
Iteration 3179: max relative diff=9730.957031, 68.73 sec so far
Iteration 3411: max relative diff=1000.000000, 73.75 sec so far
Iteration 3643: max relative diff=1000.000000, 78.75 sec so far
Iteration 3875: max relative diff=1000.000000, 83.76 sec so far
Iteration 4107: max relative diff=1000.000000, 88.77 sec so far
Iteration 4339: max relative diff=1000.000000, 93.78 sec so far
Iteration 4571: max relative diff=1000.000000, 98.78 sec so far
Iteration 4803: max relative diff=1000.000000, 103.80 sec so far
Iteration 5035: max relative diff=1000.000000, 108.81 sec so far
Iteration 5267: max relative diff=170.824338, 113.82 sec so far
Iteration 5499: max relative diff=170.824338, 118.83 sec so far
Iteration 5731: max relative diff=170.824338, 123.85 sec so far
Iteration 5963: max relative diff=170.824338, 128.86 sec so far
Iteration 6194: max relative diff=170.824338, 133.87 sec so far
Iteration 6426: max relative diff=170.824338, 138.88 sec so far
Iteration 6658: max relative diff=170.824338, 143.89 sec so far
Iteration 6890: max relative diff=10.363694, 148.91 sec so far
Iteration 7122: max relative diff=10.363694, 153.92 sec so far
Iteration 7355: max relative diff=10.363694, 158.94 sec so far
Iteration 7587: max relative diff=10.363694, 163.95 sec so far
Iteration 7819: max relative diff=10.363694, 168.96 sec so far
Iteration 8051: max relative diff=10.363694, 173.97 sec so far
Iteration 8283: max relative diff=10.363694, 178.99 sec so far
Iteration 8515: max relative diff=0.451409, 184.00 sec so far
Iteration 8747: max relative diff=0.440308, 189.01 sec so far
Iteration 8979: max relative diff=0.440308, 194.02 sec so far
Iteration 9211: max relative diff=0.440308, 199.03 sec so far
Iteration 9443: max relative diff=0.440308, 204.03 sec so far
Iteration 9675: max relative diff=0.440308, 209.05 sec so far
Iteration 9907: max relative diff=0.440308, 214.06 sec so far
Iteration 10139: max relative diff=0.440308, 219.07 sec so far
Iteration 10371: max relative diff=0.010293, 224.08 sec so far
Iteration 10603: max relative diff=0.010293, 229.09 sec so far
Iteration 10835: max relative diff=0.010293, 234.10 sec so far
Iteration 11067: max relative diff=0.010293, 239.11 sec so far
Iteration 11299: max relative diff=0.010293, 244.12 sec so far
Iteration 11531: max relative diff=0.010293, 249.13 sec so far
Iteration 11763: max relative diff=0.010293, 254.15 sec so far
Iteration 11995: max relative diff=0.000241, 259.16 sec so far
Iteration 12227: max relative diff=0.000241, 264.16 sec so far
Iteration 12459: max relative diff=0.000241, 269.17 sec so far
Iteration 12692: max relative diff=0.000241, 274.19 sec so far
Iteration 12924: max relative diff=0.000241, 279.20 sec so far
Iteration 13156: max relative diff=0.000241, 284.22 sec so far
Iteration 13388: max relative diff=0.000241, 289.23 sec so far
Iteration 13620: max relative diff=0.000006, 294.25 sec so far
Iteration 13852: max relative diff=0.000006, 299.26 sec so far
Iteration 14084: max relative diff=0.000006, 304.26 sec so far
Iteration 14316: max relative diff=0.000006, 309.27 sec so far
Iteration 14548: max relative diff=0.000006, 314.29 sec so far
Iteration 14780: max relative diff=0.000006, 319.30 sec so far
Iteration 15012: max relative diff=0.000006, 324.31 sec so far
Iteration 15244: max relative diff=0.000006, 329.32 sec so far
Iteration 15476: max relative diff=0.000000, 334.33 sec so far
Iteration 15709: max relative diff=0.000000, 339.35 sec so far
Iteration 15942: max relative diff=0.000000, 344.37 sec so far
Iteration 16174: max relative diff=0.000000, 349.38 sec so far
Iteration 16406: max relative diff=0.000000, 354.39 sec so far
Iteration 16638: max relative diff=0.000000, 359.40 sec so far
Iteration 16870: max relative diff=0.000000, 364.40 sec so far

First round (updates from below) finished after 17044 iters.
Iterative method: 17044 iterations in 368.19 seconds (average 0.021602, setup 3.99)

Value in the initial state: 3.765059467966451E7

Time for model checking: 638.964 seconds.

Result: 3.765059467966451E7 (value in the initial state)

---------------------------------------------------------------------

Note: There was 1 warning during computation.

