PRISM
=====

Version: 4.4
Date: Sat Feb 20 16:22:17 IRST 2021
Hostname: sadegh-H81M-S2PH
Memory limits: cudd=1g, java(heap)=910.5m
Command line: prism ../../examples/mdps/wlan/wlan3.nm ../../examples/mdps/wlan/cost_max.pctl -s '-ii:upper=1.2e+12' -backward -maxiters 900500 -const COL=5 -const TRANS_TIME_MAX=1700

Parsing model file "../../examples/mdps/wlan/wlan3.nm"...

Parsing properties file "../../examples/mdps/wlan/cost_max.pctl"...

1 property:
(1) "cost_max": R{"cost"}max=? [ F s1=12&s2=12 ]

Type:        MDP
Modules:     medium station1 station2 
Variables:   col c1 c2 x1 s1 slot1 backoff1 bc1 x2 s2 slot2 backoff2 bc2 

---------------------------------------------------------------------

Model checking: "cost_max": R{"cost"}max=? [ F s1=12&s2=12 ]
Model constants: COL=5,TRANS_TIME_MAX=1700

Warning: Not Switching to explicit engine, We implemented the emthods for sparse engine.

Building model...
Model constants: COL=5,TRANS_TIME_MAX=1700

Computing reachable states...

Reachability (BFS): 1842 iterations in 76.41 seconds (average 0.041483, setup 0.00)

Time for model construction: 101.029 seconds.

Type:        MDP
States:      1544913 (1 initial)
Transitions: 3140996
Choices:     2971016

Transition matrix: 709091 nodes (6 terminal), 3140996 minterms, vars: 55r/55c/7nd

Prob0E: 5540 iterations in 265.15 seconds (average 0.047861, setup 0.00)

Prob1A: 1 iterations in 0.10 seconds (average 0.103000, setup 0.00)

goal = 6, inf = 0, maybe = 1544907

Warning: Upper bound for interval iteration manually set to 1.2E12

Computing remaining rewards...
 6
Building sparse matrix (transitions)... [n=1544913, nc=2971010, nnz=3140990, k=3] [53.2 MB]
Building sparse matrix (transition rewards)... [n=1544913, nc=2971010, nnz=1385434, k=3] [33.1 MB]
Creating vector for state rewards... [11.8 MB]
Creating vector for inf... [11.8 MB]
Creating vector for lower bounds... [11.8 MB]
Creating vector for upper bounds... [11.8 MB]
Allocating iteration vectors... [4 x 11.8 MB]
TOTAL: [180.5 MB]

Starting iterations (interval iteration)...

Time for state ordering: 0.054000


Iters: 500 , Maximum difference of values of bel_vec: 100000 & Maximum difference of values of abov_vec: 1.2E+12 
Iters: 1000 , Maximum difference of values of bel_vec: 100000 & Maximum difference of values of abov_vec: 1.2E+12 
Iters: 1500 , Maximum difference of values of bel_vec: 100000 & Maximum difference of values of abov_vec: 1.2E+12 
Iters: 2000 , Maximum difference of values of bel_vec: 9730.96 & Maximum difference of values of abov_vec: 1.2E+12 
Iters: 2500 , Maximum difference of values of bel_vec: 9730.96 & Maximum difference of values of abov_vec: 1.2E+12 
Iters: 3000 , Maximum difference of values of bel_vec: 9730.96 & Maximum difference of values of abov_vec: 1.2E+12 
Iters: 3500 , Maximum difference of values of bel_vec: 1000 & Maximum difference of values of abov_vec: 8.48437E+11 
Iters: 4000 , Maximum difference of values of bel_vec: 1000 & Maximum difference of values of abov_vec: 8.48437E+11 
Iters: 4500 , Maximum difference of values of bel_vec: 1000 & Maximum difference of values of abov_vec: 8.48437E+11 
Iters: 5000 , Maximum difference of values of bel_vec: 1000 & Maximum difference of values of abov_vec: 8.48437E+11 
Iters: 5500 , Maximum difference of values of bel_vec: 170.824 & Maximum difference of values of abov_vec: 9.49173E+10 
Iters: 6000 , Maximum difference of values of bel_vec: 170.824 & Maximum difference of values of abov_vec: 9.49173E+10 
Iters: 6500 , Maximum difference of values of bel_vec: 170.824 & Maximum difference of values of abov_vec: 9.49173E+10 
Iters: 7000 , Maximum difference of values of bel_vec: 10.3637 & Maximum difference of values of abov_vec: 5.36342E+09 
Iters: 7500 , Maximum difference of values of bel_vec: 10.3637 & Maximum difference of values of abov_vec: 5.36342E+09 
Iters: 8000 , Maximum difference of values of bel_vec: 10.3637 & Maximum difference of values of abov_vec: 5.36342E+09 
Iters: 8500 , Maximum difference of values of bel_vec: 9.05528 & Maximum difference of values of abov_vec: 5.36342E+09 
Iters: 9000 , Maximum difference of values of bel_vec: 0.440308 & Maximum difference of values of abov_vec: 2.82187E+08 
Iters: 9500 , Maximum difference of values of bel_vec: 0.440308 & Maximum difference of values of abov_vec: 2.82187E+08 
Iters: 10000 , Maximum difference of values of bel_vec: 0.440308 & Maximum difference of values of abov_vec: 2.82187E+08 Iteration 10075: max relative diff=953095033.764840, 499.95 sec so far

Iters: 10500 , Maximum difference of values of bel_vec: 0.0102929 & Maximum difference of values of abov_vec: 5.89478E+06 
Iters: 11000 , Maximum difference of values of bel_vec: 0.0102929 & Maximum difference of values of abov_vec: 5.89478E+06 
Iters: 11500 , Maximum difference of values of bel_vec: 0.0102929 & Maximum difference of values of abov_vec: 5.89478E+06 
Iters: 12000 , Maximum difference of values of bel_vec: 0.000240631 & Maximum difference of values of abov_vec: 123515 
Iters: 12500 , Maximum difference of values of bel_vec: 0.000240631 & Maximum difference of values of abov_vec: 123515 
Iters: 13000 , Maximum difference of values of bel_vec: 0.000240631 & Maximum difference of values of abov_vec: 123515 
Iters: 13500 , Maximum difference of values of bel_vec: 0.000240631 & Maximum difference of values of abov_vec: 123515 
Iters: 14000 , Maximum difference of values of bel_vec: 5.65499E-06 & Maximum difference of values of abov_vec: 2360.04 
Iters: 14500 , Maximum difference of values of bel_vec: 5.65499E-06 & Maximum difference of values of abov_vec: 2360.04 
Iters: 15000 , Maximum difference of values of bel_vec: 5.64754E-06 & Maximum difference of values of abov_vec: 2360.04 
Iters: 15500 , Maximum difference of values of bel_vec: 1.56462E-07 & Maximum difference of values of abov_vec: 55.307 
Iters: 16000 , Maximum difference of values of bel_vec: 1.56462E-07 & Maximum difference of values of abov_vec: 55.307 
Iters: 16500 , Maximum difference of values of bel_vec: 1.56462E-07 & Maximum difference of values of abov_vec: 55.307 
Iters: 17000 , Maximum difference of values of bel_vec: 1.49012E-07 & Maximum difference of values of abov_vec: 55.307 
Iters: 17500 , Maximum difference of values of bel_vec: 3.72529E-08 & Maximum difference of values of abov_vec: 1.11633 
Iters: 18000 , Maximum difference of values of bel_vec: 3.72529E-08 & Maximum difference of values of abov_vec: 1.11633 
Iters: 18500 , Maximum difference of values of bel_vec: 2.98023E-08 & Maximum difference of values of abov_vec: 1.11633 
Iters: 19000 , Maximum difference of values of bel_vec: 2.98023E-08 & Maximum difference of values of abov_vec: 0.0255469 
Iters: 19500 , Maximum difference of values of bel_vec: 2.23517E-08 & Maximum difference of values of abov_vec: 0.0255469 
Iters: 20000 , Maximum difference of values of bel_vec: 2.23517E-08 & Maximum difference of values of abov_vec: 0.0255469 Iteration 20151: max relative diff=0.155528, 999.98 sec so far

Iters: 20500 , Maximum difference of values of bel_vec: 0 & Maximum difference of values of abov_vec: 0.000566565 
Iters: 21000 , Maximum difference of values of bel_vec: 0 & Maximum difference of values of abov_vec: 0.000566565 
Iters: 21500 , Maximum difference of values of bel_vec: 0 & Maximum difference of values of abov_vec: 0.000566565 
Iters: 22000 , Maximum difference of values of bel_vec: 0 & Maximum difference of values of abov_vec: 0.000566565 
Iters: 22500 , Maximum difference of values of bel_vec: 0 & Maximum difference of values of abov_vec: 1.23829E-05 
Iters: 23000 , Maximum difference of values of bel_vec: 0 & Maximum difference of values of abov_vec: 1.23829E-05 
Iters: 23500 , Maximum difference of values of bel_vec: 0 & Maximum difference of values of abov_vec: 1.23829E-05 
Iters: 24000 , Maximum difference of values of bel_vec: 0 & Maximum difference of values of abov_vec: 2.83122E-07 
Iters: 24500 , Maximum difference of values of bel_vec: 0 & Maximum difference of values of abov_vec: 2.83122E-07 
Iters: 25000 , Maximum difference of values of bel_vec: 0 & Maximum difference of values of abov_vec: 2.83122E-07 
Iters: 25500 , Maximum difference of values of bel_vec: 0 & Maximum difference of values of abov_vec: 2.83122E-07 Max relative diff between upper and lower bound on convergence: 7.52509E-07
Iterative method: 25539 iterations in 1267.45 seconds (average 0.049628, setup 4.08)
Maximum finite value in solution vector at end of interval iteration: 1.8823150187224388E8

Value in the initial state: 3.765059467967014E7

Time for model checking: 1537.101 seconds.

Result: 3.765059467967014E7 (value in the initial state)

---------------------------------------------------------------------

Note: There were 2 warnings during computation.

