PRISM
=====

Version: 4.4
Date: Fri Feb 19 17:27:27 IRST 2021
Hostname: sadegh-H81M-S2PH
Memory limits: cudd=1g, java(heap)=910.5m
Command line: prism ../../examples/mdps/wlan/wlan3.nm ../../examples/mdps/wlan/cost_max.pctl -s '-ii:upper=55699638' -asynchupper -maxiters 900500 -const COL=5 -const TRANS_TIME_MAX=500

Parsing model file "../../examples/mdps/wlan/wlan3.nm"...

Parsing properties file "../../examples/mdps/wlan/cost_max.pctl"...

1 property:
(1) "cost_max": R{"cost"}max=? [ F s1=12&s2=12 ]

Type:        MDP
Modules:     medium station1 station2 
Variables:   col c1 c2 x1 s1 slot1 backoff1 bc1 x2 s2 slot2 backoff2 bc2 

---------------------------------------------------------------------

Model checking: "cost_max": R{"cost"}max=? [ F s1=12&s2=12 ]
Model constants: COL=5,TRANS_TIME_MAX=500

Warning: Not Switching to explicit engine, We implemented the emthods for sparse engine.

Building model...
Model constants: COL=5,TRANS_TIME_MAX=500

Computing reachable states...

Reachability (BFS): 642 iterations in 9.81 seconds (average 0.015279, setup 0.00)

Time for model construction: 11.385 seconds.

Type:        MDP
States:      590913 (1 initial)
Transitions: 1214996
Choices:     1045016

Transition matrix: 221175 nodes (6 terminal), 1214996 minterms, vars: 51r/51c/7nd

Prob0E: 1940 iterations in 38.96 seconds (average 0.020084, setup 0.00)

Prob1A: 1 iterations in 0.03 seconds (average 0.030000, setup 0.00)

goal = 6, inf = 0, maybe = 590907

Warning: Upper bound for interval iteration manually set to 5.5699638E7

Computing remaining rewards...
 10
Building sparse matrix (transitions)... [n=590913, nc=1045010, nnz=1214990, k=3] [20.1 MB]
Building sparse matrix (transition rewards)... [n=590913, nc=1045010, nnz=443434, k=3] [11.3 MB]
Creating vector for state rewards... [4.5 MB]
Creating vector for inf... [4.5 MB]
Creating vector for lower bounds... [4.5 MB]
Creating vector for upper bounds... [4.5 MB]
Allocating iteration vectors... [4 x 4.5 MB]
TOTAL: [67.5 MB]

Starting iterations (interval iteration)...

Soln above finished after 6030 iterations, while flag is True.

Checking for lower bound passed after 19 iterations.Iteration 1: max relative diff=1.000000, 53.96 sec so far
Iteration 652: max relative diff=1.000000, 58.97 sec so far
Iteration 1303: max relative diff=1.000000, 63.97 sec so far
Iteration 1954: max relative diff=1.000000, 68.98 sec so far
Iteration 2603: max relative diff=1.000000, 73.98 sec so far
Iteration 3254: max relative diff=1.000000, 78.98 sec so far
Iteration 3905: max relative diff=1.000000, 83.99 sec so far
Iteration 4521: max relative diff=0.000007, 89.00 sec so far
Iteration 4809: max relative diff=0.000003, 94.01 sec so far
Max relative diff between upper and lower bound on convergence: 9.90927E-07
LowItr:4970 , UpItr:6488  

Iterative method: 4951 iterations in 96.49 seconds (average 0.019489, setup 1.26)
Maximum finite value in solution vector at end of interval iteration: 5.5367130797779694E7

Value in the initial state: 1.1077839052717049E7

Time for model checking: 136.896 seconds.

Result: 1.1077839052717049E7 (value in the initial state)

---------------------------------------------------------------------

Note: There were 2 warnings during computation.

