PRISM
=====

Version: 4.4
Date: Fri Feb 19 18:48:52 IRST 2021
Hostname: sadegh-H81M-S2PH
Memory limits: cudd=1g, java(heap)=910.5m
Command line: prism ../../examples/mdps/wlan/wlan3.nm ../../examples/mdps/wlan/cost_max.pctl -s '-ii:upper=1.2e+12' -improvedbk -maxiters 900500 -const COL=5 -const TRANS_TIME_MAX=700

Parsing model file "../../examples/mdps/wlan/wlan3.nm"...

Parsing properties file "../../examples/mdps/wlan/cost_max.pctl"...

1 property:
(1) "cost_max": R{"cost"}max=? [ F s1=12&s2=12 ]

Type:        MDP
Modules:     medium station1 station2 
Variables:   col c1 c2 x1 s1 slot1 backoff1 bc1 x2 s2 slot2 backoff2 bc2 

---------------------------------------------------------------------

Model checking: "cost_max": R{"cost"}max=? [ F s1=12&s2=12 ]
Model constants: COL=5,TRANS_TIME_MAX=700

Warning: Not Switching to explicit engine, We implemented the emthods for sparse engine.

Building model...
Model constants: COL=5,TRANS_TIME_MAX=700

Computing reachable states...

Reachability (BFS): 842 iterations in 17.16 seconds (average 0.020380, setup 0.00)

Time for model construction: 19.837 seconds.

Type:        MDP
States:      749913 (1 initial)
Transitions: 1535996
Choices:     1366016

Transition matrix: 309352 nodes (6 terminal), 1535996 minterms, vars: 53r/53c/7nd

Prob0E: 2540 iterations in 60.31 seconds (average 0.023743, setup 0.00)

Prob1A: 1 iterations in 0.04 seconds (average 0.041000, setup 0.00)

goal = 6, inf = 0, maybe = 749907

Warning: Upper bound for interval iteration manually set to 1.2E12

Computing remaining rewards...
 7
Building sparse matrix (transitions)... [n=749913, nc=1366010, nnz=1535990, k=3] [25.6 MB]
Building sparse matrix (transition rewards)... [n=749913, nc=1366010, nnz=600434, k=3] [14.9 MB]
Creating vector for state rewards... [5.7 MB]
Creating vector for inf... [5.7 MB]
Creating vector for lower bounds... [5.7 MB]
Creating vector for upper bounds... [5.7 MB]
Allocating iteration vectors... [4 x 5.7 MB]
TOTAL: [86.4 MB]

Starting iterations (interval iteration)...

 Time for pre-computation: 0.706000 Iteration 424: max relative diff=100000.000000, 4.30 sec so far
Iteration 923: max relative diff=9730.957031, 9.30 sec so far
Iteration 1422: max relative diff=1000.000000, 14.30 sec so far
Iteration 1915: max relative diff=1000.000000, 19.31 sec so far
Iteration 2414: max relative diff=170.824338, 24.31 sec so far
Iteration 2913: max relative diff=10.363694, 29.32 sec so far
Iteration 3413: max relative diff=10.363694, 34.32 sec so far
Iteration 3913: max relative diff=0.440308, 39.33 sec so far
Iteration 4412: max relative diff=0.010293, 44.34 sec so far
Iteration 4911: max relative diff=0.001161, 49.35 sec so far
Iteration 5410: max relative diff=0.000241, 54.36 sec so far
Iteration 5909: max relative diff=0.000006, 59.37 sec so far

First round (updates from below) finished after 6315 iters.Iteration 6397: max relative diff=10000.000000, 64.37 sec so far
Iteration 6841: max relative diff=10000.000000, 69.38 sec so far
Iteration 7287: max relative diff=1876.757812, 74.38 sec so far
Iteration 7740: max relative diff=303.421820, 79.39 sec so far
Iteration 8204: max relative diff=303.421820, 84.39 sec so far
Iteration 8668: max relative diff=23.433786, 89.40 sec so far
Iteration 9133: max relative diff=1.297296, 94.40 sec so far
Iteration 9598: max relative diff=1.297296, 99.41 sec so far
Iteration 10062: max relative diff=0.059156, 104.41 sec so far
Iteration 10526: max relative diff=0.003546, 109.42 sec so far
Iteration 10990: max relative diff=0.001224, 114.42 sec so far
Iteration 11454: max relative diff=0.000027, 119.43 sec so far
Iteration 11919: max relative diff=0.000027, 124.44 sec so far

Second round (updates from above) finished after 11936 iters.
Update from both sides... 
Iteration 12273: max relative diff=0.000262, 129.45 sec so far
Iteration 12622: max relative diff=0.000019, 134.45 sec so far
Iteration 12971: max relative diff=0.000006, 139.47 sec so far
Max relative diff between upper and lower bound on convergence: 0

Number of iterations for the lower bound = 7670

Iterative method: 13291 iterations in 144.06 seconds (average 0.010839, setup 1.71)
Maximum finite value in solution vector at end of interval iteration: 7.751119264352378E7

Value in the initial state: 1.5506631657209747E7

Time for model checking: 207.051 seconds.

Result: 1.5506631657209747E7 (value in the initial state)

---------------------------------------------------------------------

Note: There were 2 warnings during computation.

