PRISM
=====

Version: 4.4
Date: Sun Feb 21 02:08:32 IRST 2021
Hostname: sadegh-H81M-S2PH
Memory limits: cudd=1g, java(heap)=910.5m
Command line: prism ../../examples/mdps/wlan/wlan3.nm ../../examples/mdps/wlan/cost_max.pctl -s '-ii:upper=1.2e+12' -improvedbk -maxiters 900500 -const COL=5 -const TRANS_TIME_MAX=1900

Parsing model file "../../examples/mdps/wlan/wlan3.nm"...

Parsing properties file "../../examples/mdps/wlan/cost_max.pctl"...

1 property:
(1) "cost_max": R{"cost"}max=? [ F s1=12&s2=12 ]

Type:        MDP
Modules:     medium station1 station2 
Variables:   col c1 c2 x1 s1 slot1 backoff1 bc1 x2 s2 slot2 backoff2 bc2 

---------------------------------------------------------------------

Model checking: "cost_max": R{"cost"}max=? [ F s1=12&s2=12 ]
Model constants: COL=5,TRANS_TIME_MAX=1900

Warning: Not Switching to explicit engine, We implemented the emthods for sparse engine.

Building model...
Model constants: COL=5,TRANS_TIME_MAX=1900

Computing reachable states...

Reachability (BFS): 2042 iterations in 95.42 seconds (average 0.046728, setup 0.00)

Time for model construction: 133.417 seconds.

Type:        MDP
States:      1703913 (1 initial)
Transitions: 3461996
Choices:     3292016

Transition matrix: 783827 nodes (6 terminal), 3461996 minterms, vars: 55r/55c/7nd

Prob0E: 6140 iterations in 324.57 seconds (average 0.052862, setup 0.00)

Prob1A: 1 iterations in 0.11 seconds (average 0.114000, setup 0.00)

goal = 6, inf = 0, maybe = 1703907

Warning: Upper bound for interval iteration manually set to 1.2E12

Computing remaining rewards...
 7
Building sparse matrix (transitions)... [n=1703913, nc=3292010, nnz=3461990, k=3] [58.7 MB]
Building sparse matrix (transition rewards)... [n=1703913, nc=3292010, nnz=1542434, k=3] [36.7 MB]
Creating vector for state rewards... [13.0 MB]
Creating vector for inf... [13.0 MB]
Creating vector for lower bounds... [13.0 MB]
Creating vector for upper bounds... [13.0 MB]
Allocating iteration vectors... [4 x 13.0 MB]
TOTAL: [199.4 MB]

Starting iterations (interval iteration)...

 Time for pre-computation: 1.573000 Iteration 119: max relative diff=100000.000000, 3.45 sec so far
Iteration 287: max relative diff=100000.000000, 8.45 sec so far
Iteration 464: max relative diff=100000.000000, 13.47 sec so far
Iteration 630: max relative diff=100000.000000, 18.48 sec so far
Iteration 801: max relative diff=100000.000000, 23.49 sec so far
Iteration 974: max relative diff=100000.000000, 28.51 sec so far
Iteration 1142: max relative diff=100000.000000, 33.53 sec so far
Iteration 1310: max relative diff=100000.000000, 38.56 sec so far
Iteration 1482: max relative diff=100000.000000, 43.59 sec so far
Iteration 1661: max relative diff=100000.000000, 48.59 sec so far
Iteration 1845: max relative diff=100000.000000, 53.59 sec so far
Iteration 2029: max relative diff=9730.957031, 58.60 sec so far
Iteration 2214: max relative diff=9730.957031, 63.62 sec so far
Iteration 2399: max relative diff=9730.957031, 68.64 sec so far
Iteration 2584: max relative diff=9730.957031, 73.67 sec so far
Iteration 2769: max relative diff=9730.957031, 78.69 sec so far
Iteration 2954: max relative diff=9730.957031, 83.70 sec so far
Iteration 3138: max relative diff=9730.957031, 88.71 sec so far
Iteration 3323: max relative diff=9730.957031, 93.73 sec so far
Iteration 3507: max relative diff=9730.957031, 98.74 sec so far
Iteration 3691: max relative diff=9730.957031, 103.74 sec so far
Iteration 3875: max relative diff=1000.000000, 108.75 sec so far
Iteration 4060: max relative diff=1000.000000, 113.77 sec so far
Iteration 4244: max relative diff=1000.000000, 118.77 sec so far
Iteration 4428: max relative diff=1000.000000, 123.78 sec so far
Iteration 4613: max relative diff=1000.000000, 128.81 sec so far
Iteration 4798: max relative diff=1000.000000, 133.83 sec so far
Iteration 4983: max relative diff=1000.000000, 138.84 sec so far
Iteration 5168: max relative diff=1000.000000, 143.86 sec so far
Iteration 5352: max relative diff=1000.000000, 148.88 sec so far
Iteration 5536: max relative diff=1000.000000, 153.88 sec so far
Iteration 5721: max relative diff=170.824338, 158.91 sec so far
Iteration 5905: max relative diff=170.824338, 163.91 sec so far
Iteration 6090: max relative diff=170.824338, 168.94 sec so far
Iteration 6275: max relative diff=170.824338, 173.96 sec so far
Iteration 6459: max relative diff=170.824338, 178.96 sec so far
Iteration 6643: max relative diff=170.824338, 183.96 sec so far
Iteration 6828: max relative diff=170.824338, 188.97 sec so far
Iteration 7012: max relative diff=170.824338, 193.99 sec so far
Iteration 7196: max relative diff=170.824338, 198.99 sec so far
Iteration 7381: max relative diff=170.824338, 204.00 sec so far
Iteration 7565: max relative diff=170.824338, 209.01 sec so far
Iteration 7750: max relative diff=10.363694, 214.03 sec so far
Iteration 7935: max relative diff=10.363694, 219.05 sec so far
Iteration 8120: max relative diff=10.363694, 224.07 sec so far
Iteration 8305: max relative diff=10.363694, 229.09 sec so far
Iteration 8490: max relative diff=10.363694, 234.12 sec so far
Iteration 8675: max relative diff=10.363694, 239.14 sec so far
Iteration 8860: max relative diff=10.363694, 244.17 sec so far
Iteration 9045: max relative diff=10.363694, 249.20 sec so far
Iteration 9230: max relative diff=10.363694, 254.22 sec so far
Iteration 9415: max relative diff=10.363694, 259.24 sec so far
Iteration 9600: max relative diff=0.440308, 264.26 sec so far
Iteration 9784: max relative diff=0.440308, 269.27 sec so far
Iteration 9969: max relative diff=0.440308, 274.29 sec so far
Iteration 10154: max relative diff=0.440308, 279.31 sec so far
Iteration 10339: max relative diff=0.440308, 284.33 sec so far
Iteration 10523: max relative diff=0.440308, 289.34 sec so far
Iteration 10708: max relative diff=0.440308, 294.36 sec so far
Iteration 10893: max relative diff=0.440308, 299.38 sec so far
Iteration 11077: max relative diff=0.440308, 304.38 sec so far
Iteration 11261: max relative diff=0.440308, 309.38 sec so far
Iteration 11446: max relative diff=0.010293, 314.39 sec so far
Iteration 11630: max relative diff=0.010293, 319.40 sec so far
Iteration 11815: max relative diff=0.010293, 324.41 sec so far
Iteration 11999: max relative diff=0.010293, 329.42 sec so far
Iteration 12183: max relative diff=0.010293, 334.42 sec so far
Iteration 12367: max relative diff=0.010293, 339.43 sec so far
Iteration 12547: max relative diff=0.010293, 344.46 sec so far
Iteration 12720: max relative diff=0.010293, 349.46 sec so far
Iteration 12891: max relative diff=0.010293, 354.48 sec so far
Iteration 13064: max relative diff=0.010293, 359.50 sec so far
Iteration 13233: max relative diff=0.010293, 364.54 sec so far
Iteration 13410: max relative diff=0.000241, 369.56 sec so far
Iteration 13584: max relative diff=0.000241, 374.58 sec so far
Iteration 13754: max relative diff=0.000241, 379.59 sec so far
Iteration 13931: max relative diff=0.000241, 384.61 sec so far
Iteration 14103: max relative diff=0.000241, 389.61 sec so far
Iteration 14277: max relative diff=0.000241, 394.61 sec so far
Iteration 14452: max relative diff=0.000241, 399.62 sec so far
Iteration 14624: max relative diff=0.000241, 404.63 sec so far
Iteration 14800: max relative diff=0.000241, 409.65 sec so far
Iteration 14967: max relative diff=0.000241, 414.67 sec so far
Iteration 15135: max relative diff=0.000241, 419.69 sec so far
Iteration 15308: max relative diff=0.000006, 424.71 sec so far
Iteration 15474: max relative diff=0.000006, 429.71 sec so far
Iteration 15652: max relative diff=0.000006, 434.74 sec so far
Iteration 15824: max relative diff=0.000006, 439.77 sec so far
Iteration 16003: max relative diff=0.000006, 444.77 sec so far
Iteration 16185: max relative diff=0.000006, 449.78 sec so far
Iteration 16358: max relative diff=0.000006, 454.80 sec so far
Iteration 16537: max relative diff=0.000006, 459.81 sec so far
Iteration 16718: max relative diff=0.000006, 464.84 sec so far
Iteration 16893: max relative diff=0.000006, 469.84 sec so far
Iteration 17058: max relative diff=0.000006, 474.85 sec so far

First round (updates from below) finished after 17115 iters.Iteration 17200: max relative diff=10000.000000, 479.86 sec so far
Iteration 17330: max relative diff=10000.000000, 484.89 sec so far
Iteration 17467: max relative diff=10000.000000, 489.91 sec so far
Iteration 17593: max relative diff=10000.000000, 494.93 sec so far
Iteration 17724: max relative diff=10000.000000, 499.94 sec so far
Iteration 17853: max relative diff=10000.000000, 504.98 sec so far
Iteration 17982: max relative diff=10000.000000, 510.01 sec so far
Iteration 18112: max relative diff=10000.000000, 515.03 sec so far
Iteration 18238: max relative diff=10000.000000, 520.04 sec so far
Iteration 18368: max relative diff=10000.000000, 525.07 sec so far
Iteration 18499: max relative diff=10000.000000, 530.09 sec so far
Iteration 18630: max relative diff=10000.000000, 535.11 sec so far
Iteration 18758: max relative diff=10000.000000, 540.13 sec so far
Iteration 18886: max relative diff=10000.000000, 545.15 sec so far
Iteration 19015: max relative diff=8751.757812, 550.16 sec so far
Iteration 19142: max relative diff=1876.757812, 555.20 sec so far
Iteration 19277: max relative diff=1876.757812, 560.21 sec so far
Iteration 19404: max relative diff=1876.757812, 565.22 sec so far
Iteration 19531: max relative diff=1876.757812, 570.22 sec so far
Iteration 19659: max relative diff=1876.757812, 575.26 sec so far
Iteration 19787: max relative diff=1876.757812, 580.29 sec so far
Iteration 19915: max relative diff=1876.757812, 585.32 sec so far
Iteration 20043: max relative diff=1876.757812, 590.34 sec so far
Iteration 20171: max relative diff=1876.757812, 595.35 sec so far
Iteration 20299: max relative diff=1876.757812, 600.36 sec so far
Iteration 20427: max relative diff=1876.757812, 605.37 sec so far
Iteration 20555: max relative diff=1876.757812, 610.37 sec so far
Iteration 20684: max relative diff=1876.757812, 615.41 sec so far
Iteration 20813: max relative diff=1876.757812, 620.43 sec so far
Iteration 20942: max relative diff=303.421820, 625.47 sec so far
Iteration 21072: max relative diff=303.421820, 630.50 sec so far
Iteration 21202: max relative diff=303.421820, 635.53 sec so far
Iteration 21332: max relative diff=303.421820, 640.56 sec so far
Iteration 21462: max relative diff=303.421820, 645.60 sec so far
Iteration 21592: max relative diff=303.421820, 650.62 sec so far
Iteration 21722: max relative diff=303.421820, 655.66 sec so far
Iteration 21852: max relative diff=303.421820, 660.68 sec so far
Iteration 21982: max relative diff=303.421820, 665.71 sec so far
Iteration 22112: max relative diff=303.421820, 670.75 sec so far
Iteration 22242: max relative diff=303.421820, 675.78 sec so far
Iteration 22372: max relative diff=303.421820, 680.79 sec so far
Iteration 22501: max relative diff=303.421820, 685.80 sec so far
Iteration 22631: max relative diff=303.421820, 690.82 sec so far
Iteration 22761: max relative diff=303.421820, 695.84 sec so far
Iteration 22891: max relative diff=23.433786, 700.87 sec so far
Iteration 23021: max relative diff=23.433786, 705.91 sec so far
Iteration 23151: max relative diff=23.433786, 710.94 sec so far
Iteration 23281: max relative diff=23.433786, 715.97 sec so far
Iteration 23411: max relative diff=23.433786, 721.00 sec so far
Iteration 23541: max relative diff=23.433786, 726.03 sec so far
Iteration 23671: max relative diff=23.433786, 731.06 sec so far
Iteration 23801: max relative diff=23.433786, 736.10 sec so far
Iteration 23931: max relative diff=23.433786, 741.13 sec so far
Iteration 24061: max relative diff=23.433786, 746.16 sec so far
Iteration 24191: max relative diff=23.433786, 751.20 sec so far
Iteration 24321: max relative diff=23.433786, 756.23 sec so far
Iteration 24451: max relative diff=23.433786, 761.26 sec so far
Iteration 24581: max relative diff=23.433786, 766.30 sec so far
Iteration 24711: max relative diff=23.433786, 771.33 sec so far
Iteration 24841: max relative diff=1.297296, 776.36 sec so far
Iteration 24971: max relative diff=1.297296, 781.39 sec so far
Iteration 25101: max relative diff=1.297296, 786.42 sec so far
Iteration 25231: max relative diff=1.297296, 791.46 sec so far
Iteration 25361: max relative diff=1.297296, 796.48 sec so far
Iteration 25491: max relative diff=1.297296, 801.51 sec so far
Iteration 25620: max relative diff=1.297296, 806.52 sec so far
Iteration 25750: max relative diff=1.297296, 811.54 sec so far
Iteration 25880: max relative diff=1.297296, 816.57 sec so far
Iteration 26010: max relative diff=1.297296, 821.60 sec so far
Iteration 26140: max relative diff=1.297296, 826.63 sec so far
Iteration 26270: max relative diff=1.297296, 831.66 sec so far
Iteration 26400: max relative diff=1.297296, 836.69 sec so far
Iteration 26530: max relative diff=1.297296, 841.71 sec so far
Iteration 26660: max relative diff=0.059156, 846.74 sec so far
Iteration 26790: max relative diff=0.059156, 851.77 sec so far
Iteration 26920: max relative diff=0.059156, 856.80 sec so far
Iteration 27050: max relative diff=0.059156, 861.83 sec so far
Iteration 27178: max relative diff=0.059156, 866.83 sec so far
Iteration 27299: max relative diff=0.059156, 871.86 sec so far
Iteration 27420: max relative diff=0.059156, 876.87 sec so far
Iteration 27541: max relative diff=0.059156, 881.90 sec so far
Iteration 27666: max relative diff=0.059156, 886.93 sec so far
Iteration 27789: max relative diff=0.059156, 891.95 sec so far
Iteration 27918: max relative diff=0.059156, 896.98 sec so far
Iteration 28041: max relative diff=0.059156, 901.99 sec so far
Iteration 28162: max relative diff=0.059156, 907.01 sec so far
Iteration 28287: max relative diff=0.059156, 912.02 sec so far
Iteration 28416: max relative diff=0.059156, 917.02 sec so far
Iteration 28545: max relative diff=0.001224, 922.03 sec so far
Iteration 28674: max relative diff=0.001224, 927.03 sec so far
Iteration 28804: max relative diff=0.001224, 932.07 sec so far
Iteration 28934: max relative diff=0.001224, 937.10 sec so far
Iteration 29064: max relative diff=0.001224, 942.13 sec so far
Iteration 29190: max relative diff=0.001224, 947.17 sec so far
Iteration 29320: max relative diff=0.001224, 952.20 sec so far
Iteration 29450: max relative diff=0.001224, 957.23 sec so far
Iteration 29580: max relative diff=0.001224, 962.26 sec so far
Iteration 29710: max relative diff=0.001224, 967.29 sec so far
Iteration 29840: max relative diff=0.001224, 972.33 sec so far
Iteration 29970: max relative diff=0.001224, 977.36 sec so far
Iteration 30100: max relative diff=0.001224, 982.39 sec so far
Iteration 30229: max relative diff=0.001224, 987.39 sec so far
Iteration 30359: max relative diff=0.001224, 992.43 sec so far
Iteration 30489: max relative diff=0.000027, 997.46 sec so far
Iteration 30619: max relative diff=0.000027, 1002.49 sec so far
Iteration 30749: max relative diff=0.000027, 1007.52 sec so far
Iteration 30879: max relative diff=0.000027, 1012.54 sec so far
Iteration 31009: max relative diff=0.000027, 1017.58 sec so far
Iteration 31139: max relative diff=0.000027, 1022.61 sec so far
Iteration 31269: max relative diff=0.000027, 1027.64 sec so far
Iteration 31399: max relative diff=0.000027, 1032.67 sec so far
Iteration 31529: max relative diff=0.000027, 1037.71 sec so far
Iteration 31659: max relative diff=0.000027, 1042.74 sec so far
Iteration 31788: max relative diff=0.000027, 1047.75 sec so far
Iteration 31918: max relative diff=0.000027, 1052.78 sec so far
Iteration 32048: max relative diff=0.000027, 1057.82 sec so far
Iteration 32177: max relative diff=0.000027, 1062.82 sec so far
Iteration 32306: max relative diff=0.000027, 1067.82 sec so far

Second round (updates from above) finished after 32336 iters.
Update from both sides... 
Iteration 32441: max relative diff=0.001275, 1072.83 sec so far
Iteration 32578: max relative diff=0.001180, 1077.84 sec so far
Iteration 32715: max relative diff=0.001085, 1082.86 sec so far
Iteration 32852: max relative diff=0.000990, 1087.88 sec so far
Iteration 32989: max relative diff=0.000895, 1092.90 sec so far
Iteration 33126: max relative diff=0.000800, 1097.93 sec so far
Iteration 33263: max relative diff=0.000705, 1102.94 sec so far
Iteration 33400: max relative diff=0.000610, 1107.96 sec so far
Iteration 33537: max relative diff=0.000515, 1112.98 sec so far
Iteration 33674: max relative diff=0.000420, 1118.00 sec so far
Iteration 33811: max relative diff=0.000325, 1123.03 sec so far
Iteration 33948: max relative diff=0.000230, 1128.05 sec so far
Iteration 34085: max relative diff=0.000134, 1133.07 sec so far
Iteration 34222: max relative diff=0.000039, 1138.09 sec so far
Iteration 34359: max relative diff=0.000030, 1143.11 sec so far
Iteration 34496: max relative diff=0.000027, 1148.12 sec so far
Iteration 34633: max relative diff=0.000025, 1153.13 sec so far
Iteration 34770: max relative diff=0.000023, 1158.15 sec so far
Iteration 34907: max relative diff=0.000021, 1163.17 sec so far
Iteration 35044: max relative diff=0.000018, 1168.19 sec so far
Iteration 35178: max relative diff=0.000016, 1173.21 sec so far
Iteration 35315: max relative diff=0.000014, 1178.22 sec so far
Iteration 35452: max relative diff=0.000012, 1183.25 sec so far
Iteration 35589: max relative diff=0.000010, 1188.27 sec so far
Iteration 35726: max relative diff=0.000007, 1193.29 sec so far
Iteration 35863: max relative diff=0.000005, 1198.31 sec so far
Iteration 36000: max relative diff=0.000003, 1203.32 sec so far
Max relative diff between upper and lower bound on convergence: 4.94066E-324

Number of iterations for the lower bound = 20898

Iterative method: 36119 iterations in 1207.67 seconds (average 0.033436, setup 4.71)
Maximum finite value in solution vector at end of interval iteration: 2.103755637179879E8

Value in the initial state: 4.2079387284162134E7

Time for model checking: 1539.099 seconds.

Result: 4.2079387284162134E7 (value in the initial state)

---------------------------------------------------------------------

Note: There were 2 warnings during computation.

