PRISM
=====

Version: 4.4
Date: Sat Feb 20 20:32:28 IRST 2021
Hostname: sadegh-H81M-S2PH
Memory limits: cudd=1g, java(heap)=910.5m
Command line: prism ../../examples/mdps/wlan/wlan3.nm ../../examples/mdps/wlan/cost_max.pctl -s -improvedbk -maxiters 18045 -epsilon 1e-10 -const COL=5 -const TRANS_TIME_MAX=1800

Parsing model file "../../examples/mdps/wlan/wlan3.nm"...

Parsing properties file "../../examples/mdps/wlan/cost_max.pctl"...

1 property:
(1) "cost_max": R{"cost"}max=? [ F s1=12&s2=12 ]

Type:        MDP
Modules:     medium station1 station2 
Variables:   col c1 c2 x1 s1 slot1 backoff1 bc1 x2 s2 slot2 backoff2 bc2 

---------------------------------------------------------------------

Model checking: "cost_max": R{"cost"}max=? [ F s1=12&s2=12 ]
Model constants: COL=5,TRANS_TIME_MAX=1800

Warning: Not Switching to explicit engine, We implemented the emthods for sparse engine.

Building model...
Model constants: COL=5,TRANS_TIME_MAX=1800

Computing reachable states...

Reachability (BFS): 1942 iterations in 84.37 seconds (average 0.043445, setup 0.00)

Time for model construction: 112.566 seconds.

Type:        MDP
States:      1624413 (1 initial)
Transitions: 3301496
Choices:     3131516

Transition matrix: 746449 nodes (6 terminal), 3301496 minterms, vars: 55r/55c/7nd

Prob0E: 5840 iterations in 272.73 seconds (average 0.046700, setup 0.00)

Prob1A: 1 iterations in 0.10 seconds (average 0.105000, setup 0.00)

goal = 6, inf = 0, maybe = 1624407

Computing remaining rewards...

Building sparse matrix (transitions)... [n=1624413, nc=3131510, nnz=3301490, k=3] [55.9 MB]
Building sparse matrix (transition rewards)... [n=1624413, nc=3131510, nnz=1463934, k=3] [34.9 MB]
Creating vector for state rewards... [12.4 MB]
Creating vector for inf... [12.4 MB]
Creating vector for lower bounds... [12.4 MB]
Creating vector for upper bounds... [12.4 MB]
Allocating iteration vectors... [4 x 12.4 MB]
TOTAL: [190.0 MB]

Starting iterations (interval iteration)...

 Time for pre-computation: 1.454000 Iteration 151: max relative diff=100000.000000, 3.56 sec so far
Iteration 372: max relative diff=100000.000000, 8.58 sec so far
Iteration 593: max relative diff=100000.000000, 13.60 sec so far
Iteration 814: max relative diff=100000.000000, 18.62 sec so far
Iteration 1035: max relative diff=100000.000000, 23.64 sec so far
Iteration 1255: max relative diff=100000.000000, 28.64 sec so far
Iteration 1475: max relative diff=100000.000000, 33.66 sec so far
Iteration 1695: max relative diff=100000.000000, 38.66 sec so far
Iteration 1915: max relative diff=9730.957031, 43.66 sec so far
Iteration 2136: max relative diff=9730.957031, 48.68 sec so far
Iteration 2356: max relative diff=9730.957031, 53.69 sec so far
Iteration 2577: max relative diff=9730.957031, 58.71 sec so far
Iteration 2797: max relative diff=9730.957031, 63.73 sec so far
Iteration 3018: max relative diff=9730.957031, 68.75 sec so far
Iteration 3239: max relative diff=9730.957031, 73.77 sec so far
Iteration 3460: max relative diff=9730.957031, 78.79 sec so far
Iteration 3680: max relative diff=1000.000000, 83.80 sec so far
Iteration 3900: max relative diff=1000.000000, 88.80 sec so far
Iteration 4120: max relative diff=1000.000000, 93.81 sec so far
Iteration 4341: max relative diff=1000.000000, 98.83 sec so far
Iteration 4562: max relative diff=1000.000000, 103.85 sec so far
Iteration 4782: max relative diff=1000.000000, 108.86 sec so far
Iteration 5002: max relative diff=1000.000000, 113.86 sec so far
Iteration 5222: max relative diff=1000.000000, 118.86 sec so far
Iteration 5442: max relative diff=170.824338, 123.87 sec so far
Iteration 5663: max relative diff=170.824338, 128.89 sec so far
Iteration 5884: max relative diff=170.824338, 133.91 sec so far
Iteration 6105: max relative diff=170.824338, 138.93 sec so far
Iteration 6326: max relative diff=170.824338, 143.96 sec so far
Iteration 6547: max relative diff=170.824338, 148.97 sec so far
Iteration 6767: max relative diff=170.824338, 153.98 sec so far
Iteration 6988: max relative diff=170.824338, 159.00 sec so far
Iteration 7208: max relative diff=12.322582, 164.00 sec so far
Iteration 7428: max relative diff=10.363694, 169.00 sec so far
Iteration 7649: max relative diff=10.363694, 174.01 sec so far
Iteration 7869: max relative diff=10.363694, 179.02 sec so far
Iteration 8089: max relative diff=10.363694, 184.03 sec so far
Iteration 8309: max relative diff=10.363694, 189.03 sec so far
Iteration 8530: max relative diff=10.363694, 194.05 sec so far
Iteration 8751: max relative diff=10.363694, 199.08 sec so far
Iteration 8972: max relative diff=10.363694, 204.10 sec so far
Iteration 9192: max relative diff=0.440308, 209.10 sec so far
Iteration 9412: max relative diff=0.440308, 214.11 sec so far
Iteration 9632: max relative diff=0.440308, 219.11 sec so far
Iteration 9852: max relative diff=0.440308, 224.12 sec so far
Iteration 10073: max relative diff=0.440308, 229.14 sec so far
Iteration 10293: max relative diff=0.440308, 234.14 sec so far
Iteration 10513: max relative diff=0.440308, 239.15 sec so far
Iteration 10733: max relative diff=0.440308, 244.15 sec so far
Iteration 10954: max relative diff=0.010293, 249.17 sec so far
Iteration 11174: max relative diff=0.010293, 254.17 sec so far
Iteration 11395: max relative diff=0.010293, 259.19 sec so far
Iteration 11615: max relative diff=0.010293, 264.20 sec so far
Iteration 11835: max relative diff=0.010293, 269.20 sec so far
Iteration 12055: max relative diff=0.010293, 274.21 sec so far
Iteration 12276: max relative diff=0.010293, 279.23 sec so far
Iteration 12497: max relative diff=0.010293, 284.25 sec so far
Iteration 12717: max relative diff=0.000241, 289.25 sec so far
Iteration 12938: max relative diff=0.000241, 294.28 sec so far
Iteration 13158: max relative diff=0.000241, 299.28 sec so far
Iteration 13378: max relative diff=0.000241, 304.29 sec so far
Iteration 13598: max relative diff=0.000241, 309.29 sec so far
Iteration 13818: max relative diff=0.000241, 314.30 sec so far
Iteration 14038: max relative diff=0.000241, 319.30 sec so far
Iteration 14259: max relative diff=0.000241, 324.31 sec so far
Iteration 14479: max relative diff=0.000006, 329.32 sec so far
Iteration 14699: max relative diff=0.000006, 334.33 sec so far
Iteration 14919: max relative diff=0.000006, 339.34 sec so far
Iteration 15140: max relative diff=0.000006, 344.35 sec so far
Iteration 15361: max relative diff=0.000006, 349.38 sec so far
Iteration 15581: max relative diff=0.000006, 354.38 sec so far
Iteration 15801: max relative diff=0.000006, 359.38 sec so far
Iteration 16021: max relative diff=0.000006, 364.39 sec so far
Iteration 16242: max relative diff=0.000000, 369.41 sec so far
Iteration 16463: max relative diff=0.000000, 374.43 sec so far
Iteration 16684: max relative diff=0.000000, 379.45 sec so far
Iteration 16905: max relative diff=0.000000, 384.47 sec so far
Iteration 17125: max relative diff=0.000000, 389.47 sec so far
Iteration 17346: max relative diff=0.000000, 394.50 sec so far
Iteration 17566: max relative diff=0.000000, 399.50 sec so far
Iteration 17786: max relative diff=0.000000, 404.50 sec so far
Iteration 18006: max relative diff=0.000000, 409.50 sec so far

First round (updates from below) finished after 18044 iters.
Iterative method: 18044 iterations in 410.39 seconds (average 0.022744, setup 4.10)

Value in the initial state: 3.986499098191023E7

Time for model checking: 689.06 seconds.

Result: 3.986499098191023E7 (value in the initial state)

---------------------------------------------------------------------

Note: There was 1 warning during computation.

