PRISM
=====

Version: 4.4
Date: Sat Feb 20 01:25:50 IRST 2021
Hostname: sadegh-H81M-S2PH
Memory limits: cudd=1g, java(heap)=910.5m
Command line: prism ../../examples/mdps/wlan/wlan3.nm ../../examples/mdps/wlan/cost_max.pctl -s '-ii:upper=1.2e+12' -backward -maxiters 900500 -const COL=5 -const TRANS_TIME_MAX=1200

Parsing model file "../../examples/mdps/wlan/wlan3.nm"...

Parsing properties file "../../examples/mdps/wlan/cost_max.pctl"...

1 property:
(1) "cost_max": R{"cost"}max=? [ F s1=12&s2=12 ]

Type:        MDP
Modules:     medium station1 station2 
Variables:   col c1 c2 x1 s1 slot1 backoff1 bc1 x2 s2 slot2 backoff2 bc2 

---------------------------------------------------------------------

Model checking: "cost_max": R{"cost"}max=? [ F s1=12&s2=12 ]
Model constants: COL=5,TRANS_TIME_MAX=1200

Warning: Not Switching to explicit engine, We implemented the emthods for sparse engine.

Building model...
Model constants: COL=5,TRANS_TIME_MAX=1200

Computing reachable states...

Reachability (BFS): 1342 iterations in 42.84 seconds (average 0.031920, setup 0.00)

Time for model construction: 54.562 seconds.

Type:        MDP
States:      1147413 (1 initial)
Transitions: 2338496
Choices:     2168516

Transition matrix: 521954 nodes (6 terminal), 2338496 minterms, vars: 55r/55c/7nd

Prob0E: 4040 iterations in 149.21 seconds (average 0.036934, setup 0.00)

Prob1A: 1 iterations in 0.07 seconds (average 0.071000, setup 0.00)

goal = 6, inf = 0, maybe = 1147407

Warning: Upper bound for interval iteration manually set to 1.2E12

Computing remaining rewards...
 6
Building sparse matrix (transitions)... [n=1147413, nc=2168510, nnz=2338490, k=3] [39.4 MB]
Building sparse matrix (transition rewards)... [n=1147413, nc=2168510, nnz=992934, k=3] [24.0 MB]
Creating vector for state rewards... [8.8 MB]
Creating vector for inf... [8.8 MB]
Creating vector for lower bounds... [8.8 MB]
Creating vector for upper bounds... [8.8 MB]
Allocating iteration vectors... [4 x 8.8 MB]
TOTAL: [133.5 MB]

Starting iterations (interval iteration)...

Time for state ordering: 0.028000


Iters: 500 , Maximum difference of values of bel_vec: 100000 & Maximum difference of values of abov_vec: 1.2E+12 
Iters: 1000 , Maximum difference of values of bel_vec: 100000 & Maximum difference of values of abov_vec: 1.2E+12 
Iters: 1500 , Maximum difference of values of bel_vec: 9730.96 & Maximum difference of values of abov_vec: 1.2E+12 
Iters: 2000 , Maximum difference of values of bel_vec: 9730.96 & Maximum difference of values of abov_vec: 1.2E+12 
Iters: 2500 , Maximum difference of values of bel_vec: 1000 & Maximum difference of values of abov_vec: 8.48437E+11 
Iters: 3000 , Maximum difference of values of bel_vec: 1000 & Maximum difference of values of abov_vec: 8.48437E+11 
Iters: 3500 , Maximum difference of values of bel_vec: 1000 & Maximum difference of values of abov_vec: 8.48437E+11 
Iters: 4000 , Maximum difference of values of bel_vec: 170.824 & Maximum difference of values of abov_vec: 9.49173E+10 
Iters: 4500 , Maximum difference of values of bel_vec: 170.824 & Maximum difference of values of abov_vec: 9.49173E+10 
Iters: 5000 , Maximum difference of values of bel_vec: 10.3637 & Maximum difference of values of abov_vec: 5.36342E+09 
Iters: 5500 , Maximum difference of values of bel_vec: 10.3637 & Maximum difference of values of abov_vec: 5.36342E+09 
Iters: 6000 , Maximum difference of values of bel_vec: 9.05528 & Maximum difference of values of abov_vec: 5.36342E+09 
Iters: 6500 , Maximum difference of values of bel_vec: 0.440308 & Maximum difference of values of abov_vec: 2.82188E+08 
Iters: 7000 , Maximum difference of values of bel_vec: 0.440308 & Maximum difference of values of abov_vec: 2.82188E+08 
Iters: 7500 , Maximum difference of values of bel_vec: 0.0102929 & Maximum difference of values of abov_vec: 5.89528E+06 
Iters: 8000 , Maximum difference of values of bel_vec: 0.0102929 & Maximum difference of values of abov_vec: 5.89528E+06 
Iters: 8500 , Maximum difference of values of bel_vec: 0.000240624 & Maximum difference of values of abov_vec: 123613 
Iters: 9000 , Maximum difference of values of bel_vec: 0.000240624 & Maximum difference of values of abov_vec: 123613 
Iters: 9500 , Maximum difference of values of bel_vec: 0.000240624 & Maximum difference of values of abov_vec: 123613 
Iters: 10000 , Maximum difference of values of bel_vec: 5.64754E-06 & Maximum difference of values of abov_vec: 2377.29 
Iters: 10500 , Maximum difference of values of bel_vec: 5.64009E-06 & Maximum difference of values of abov_vec: 2377.29 
Iters: 11000 , Maximum difference of values of bel_vec: 1.52737E-07 & Maximum difference of values of abov_vec: 55.81 
Iters: 11500 , Maximum difference of values of bel_vec: 1.52737E-07 & Maximum difference of values of abov_vec: 55.81 
Iters: 12000 , Maximum difference of values of bel_vec: 1.45286E-07 & Maximum difference of values of abov_vec: 55.81 
Iters: 12500 , Maximum difference of values of bel_vec: 2.23517E-08 & Maximum difference of values of abov_vec: 1.121 
Iters: 13000 , Maximum difference of values of bel_vec: 2.23517E-08 & Maximum difference of values of abov_vec: 1.121 
Iters: 13500 , Maximum difference of values of bel_vec: 2.23517E-08 & Maximum difference of values of abov_vec: 0.0257697 
Iters: 14000 , Maximum difference of values of bel_vec: 1.11759E-08 & Maximum difference of values of abov_vec: 0.0257697 Iteration 14267: max relative diff=0.155528, 500.01 sec so far

Iters: 14500 , Maximum difference of values of bel_vec: 0 & Maximum difference of values of abov_vec: 0.000572391 
Iters: 15000 , Maximum difference of values of bel_vec: 0 & Maximum difference of values of abov_vec: 0.000572391 
Iters: 15500 , Maximum difference of values of bel_vec: 0 & Maximum difference of values of abov_vec: 0.000572391 
Iters: 16000 , Maximum difference of values of bel_vec: 0 & Maximum difference of values of abov_vec: 1.25244E-05 
Iters: 16500 , Maximum difference of values of bel_vec: 0 & Maximum difference of values of abov_vec: 1.25244E-05 
Iters: 17000 , Maximum difference of values of bel_vec: 0 & Maximum difference of values of abov_vec: 2.83122E-07 
Iters: 17500 , Maximum difference of values of bel_vec: 0 & Maximum difference of values of abov_vec: 2.83122E-07 
Iters: 18000 , Maximum difference of values of bel_vec: 0 & Maximum difference of values of abov_vec: 2.83122E-07 Max relative diff between upper and lower bound on convergence: 7.86036E-07
Iterative method: 18039 iterations in 629.32 seconds (average 0.034887, setup 2.92)
Maximum finite value in solution vector at end of interval iteration: 1.3287134725788383E8

Value in the initial state: 2.6578613168439984E7

Time for model checking: 781.921 seconds.

Result: 2.6578613168439984E7 (value in the initial state)

---------------------------------------------------------------------

Note: There were 2 warnings during computation.

