PRISM
=====

Version: 4.6
Date: Sat Feb 27 20:04:56 IRST 2021
Hostname: sadegh-H81M-S2PH
Memory limits: cudd=1g, java(heap)=910.5m
Command line: prism ../prism-examples/mdps/wlan/wlan3.nm ../prism-examples/mdps/wlan/cost_max.pctl -s -improvedbk -maxiters 1045 -epsilon 1e-10 -const COL=5 -const TRANS_TIME_MAX=100

Parsing model file "../prism-examples/mdps/wlan/wlan3.nm"...

Type:        MDP
Modules:     medium station1 station2 
Variables:   col c1 c2 x1 s1 slot1 backoff1 bc1 x2 s2 slot2 backoff2 bc2 

Parsing properties file "../prism-examples/mdps/wlan/cost_max.pctl"...

1 property:
(1) "cost_max": R{"cost"}max=? [ F s1=12&s2=12 ]

---------------------------------------------------------------------

Model checking: "cost_max": R{"cost"}max=? [ F s1=12&s2=12 ]
Model constants: COL=5,TRANS_TIME_MAX=100

Building model...
Model constants: COL=5,TRANS_TIME_MAX=100

Computing reachable states...

Reachability (BFS): 242 iterations in 1.41 seconds (average 0.005835, setup 0.00)

Time for model construction: 1.641 seconds.

Type:        MDP
States:      272913 (1 initial)
Transitions: 572996
Choices:     403016

Transition matrix: 60235 nodes (6 terminal), 572996 minterms, vars: 47r/47c/7nd

Prob0E: 740 iterations in 9.79 seconds (average 0.013230, setup 0.00)

Prob1A: 1 iterations in 0.01 seconds (average 0.009000, setup 0.00)

goal = 6, inf = 0, maybe = 272907

Computing remaining rewards...
Engine: Sparse

Building sparse matrix (transitions)... [n=272913, nc=403010, nnz=572990, k=3] [9.1 MB]
Building sparse matrix (transition rewards)... [n=272913, nc=403010, nnz=129434, k=3] [4.1 MB]
Creating vector for state rewards... [2.1 MB]
Creating vector for inf... [2.1 MB]
Allocating iteration vectors... [2 x 2.1 MB]
TOTAL: [21.5 MB]

Starting iterations...

Iterative method: 1045 iterations in 4.74 seconds (average 0.004136, setup 0.42)

Error: Iterative method did not converge within 1045 iterations.
Consider using a different numerical method or increasing the maximum number of iterations.

