PRISM
=====

Version: 4.4
Date: Sat Feb 20 12:56:41 IRST 2021
Hostname: sadegh-H81M-S2PH
Memory limits: cudd=1g, java(heap)=910.5m
Command line: prism ../../examples/mdps/wlan/wlan3.nm ../../examples/mdps/wlan/cost_max.pctl -s '-ii:upper=1.2e+12' -improvedbk -maxiters 900500 -const COL=5 -const TRANS_TIME_MAX=1600

Parsing model file "../../examples/mdps/wlan/wlan3.nm"...

Parsing properties file "../../examples/mdps/wlan/cost_max.pctl"...

1 property:
(1) "cost_max": R{"cost"}max=? [ F s1=12&s2=12 ]

Type:        MDP
Modules:     medium station1 station2 
Variables:   col c1 c2 x1 s1 slot1 backoff1 bc1 x2 s2 slot2 backoff2 bc2 

---------------------------------------------------------------------

Model checking: "cost_max": R{"cost"}max=? [ F s1=12&s2=12 ]
Model constants: COL=5,TRANS_TIME_MAX=1600

Warning: Not Switching to explicit engine, We implemented the emthods for sparse engine.

Building model...
Model constants: COL=5,TRANS_TIME_MAX=1600

Computing reachable states...

Reachability (BFS): 1742 iterations in 69.63 seconds (average 0.039973, setup 0.00)

Time for model construction: 90.926 seconds.

Type:        MDP
States:      1465413 (1 initial)
Transitions: 2980496
Choices:     2810516

Transition matrix: 671459 nodes (6 terminal), 2980496 minterms, vars: 55r/55c/7nd

Prob0E: 5240 iterations in 228.49 seconds (average 0.043604, setup 0.00)

Prob1A: 1 iterations in 0.09 seconds (average 0.094000, setup 0.00)

goal = 6, inf = 0, maybe = 1465407

Warning: Upper bound for interval iteration manually set to 1.2E12

Computing remaining rewards...
 7
Building sparse matrix (transitions)... [n=1465413, nc=2810510, nnz=2980490, k=3] [50.4 MB]
Building sparse matrix (transition rewards)... [n=1465413, nc=2810510, nnz=1306934, k=3] [31.3 MB]
Creating vector for state rewards... [11.2 MB]
Creating vector for inf... [11.2 MB]
Creating vector for lower bounds... [11.2 MB]
Creating vector for upper bounds... [11.2 MB]
Allocating iteration vectors... [4 x 11.2 MB]
TOTAL: [171.1 MB]

Starting iterations (interval iteration)...

 Time for pre-computation: 1.319000 Iteration 164: max relative diff=100000.000000, 3.70 sec so far
Iteration 391: max relative diff=100000.000000, 8.71 sec so far
Iteration 618: max relative diff=100000.000000, 13.71 sec so far
Iteration 846: max relative diff=100000.000000, 18.73 sec so far
Iteration 1074: max relative diff=100000.000000, 23.75 sec so far
Iteration 1302: max relative diff=100000.000000, 28.77 sec so far
Iteration 1530: max relative diff=100000.000000, 33.79 sec so far
Iteration 1758: max relative diff=9730.957031, 38.81 sec so far
Iteration 1986: max relative diff=9730.957031, 43.83 sec so far
Iteration 2214: max relative diff=9730.957031, 48.84 sec so far
Iteration 2441: max relative diff=9730.957031, 53.84 sec so far
Iteration 2669: max relative diff=9730.957031, 58.86 sec so far
Iteration 2897: max relative diff=9730.957031, 63.88 sec so far
Iteration 3125: max relative diff=9730.957031, 68.90 sec so far
Iteration 3352: max relative diff=1000.000000, 73.91 sec so far
Iteration 3579: max relative diff=1000.000000, 78.91 sec so far
Iteration 3806: max relative diff=1000.000000, 83.91 sec so far
Iteration 4034: max relative diff=1000.000000, 88.93 sec so far
Iteration 4261: max relative diff=1000.000000, 93.93 sec so far
Iteration 4488: max relative diff=1000.000000, 98.93 sec so far
Iteration 4715: max relative diff=1000.000000, 103.93 sec so far
Iteration 4943: max relative diff=170.824338, 108.95 sec so far
Iteration 5171: max relative diff=170.824338, 113.97 sec so far
Iteration 5399: max relative diff=170.824338, 118.99 sec so far
Iteration 5627: max relative diff=170.824338, 124.01 sec so far
Iteration 5855: max relative diff=170.824338, 129.03 sec so far
Iteration 6084: max relative diff=170.824338, 134.06 sec so far
Iteration 6312: max relative diff=170.824338, 139.06 sec so far
Iteration 6540: max relative diff=10.363694, 144.06 sec so far
Iteration 6768: max relative diff=10.363694, 149.06 sec so far
Iteration 6997: max relative diff=10.363694, 154.09 sec so far
Iteration 7225: max relative diff=10.363694, 159.09 sec so far
Iteration 7454: max relative diff=10.363694, 164.11 sec so far
Iteration 7682: max relative diff=10.363694, 169.11 sec so far
Iteration 7910: max relative diff=10.363694, 174.11 sec so far
Iteration 8139: max relative diff=0.440308, 179.13 sec so far
Iteration 8368: max relative diff=0.440308, 184.15 sec so far
Iteration 8596: max relative diff=0.440308, 189.17 sec so far
Iteration 8825: max relative diff=0.440308, 194.19 sec so far
Iteration 9053: max relative diff=0.440308, 199.19 sec so far
Iteration 9282: max relative diff=0.440308, 204.21 sec so far
Iteration 9510: max relative diff=0.440308, 209.22 sec so far
Iteration 9738: max relative diff=0.010293, 214.22 sec so far
Iteration 9967: max relative diff=0.010293, 219.24 sec so far
Iteration 10195: max relative diff=0.010293, 224.25 sec so far
Iteration 10424: max relative diff=0.010293, 229.27 sec so far
Iteration 10652: max relative diff=0.010293, 234.28 sec so far
Iteration 10880: max relative diff=0.010293, 239.28 sec so far
Iteration 11109: max relative diff=0.010293, 244.30 sec so far
Iteration 11337: max relative diff=0.000241, 249.30 sec so far
Iteration 11565: max relative diff=0.000241, 254.31 sec so far
Iteration 11794: max relative diff=0.000241, 259.33 sec so far
Iteration 12023: max relative diff=0.000241, 264.35 sec so far
Iteration 12252: max relative diff=0.000241, 269.37 sec so far
Iteration 12480: max relative diff=0.000241, 274.37 sec so far
Iteration 12709: max relative diff=0.000241, 279.39 sec so far
Iteration 12937: max relative diff=0.000006, 284.39 sec so far
Iteration 13165: max relative diff=0.000006, 289.40 sec so far
Iteration 13393: max relative diff=0.000006, 294.41 sec so far
Iteration 13621: max relative diff=0.000006, 299.41 sec so far
Iteration 13849: max relative diff=0.000006, 304.42 sec so far
Iteration 14077: max relative diff=0.000006, 309.43 sec so far
Iteration 14305: max relative diff=0.000006, 314.43 sec so far

First round (updates from below) finished after 14415 iters.Iteration 14518: max relative diff=10000.000000, 319.44 sec so far
Iteration 14717: max relative diff=10000.000000, 324.46 sec so far
Iteration 14916: max relative diff=10000.000000, 329.47 sec so far
Iteration 15115: max relative diff=10000.000000, 334.48 sec so far
Iteration 15314: max relative diff=10000.000000, 339.49 sec so far
Iteration 15513: max relative diff=10000.000000, 344.51 sec so far
Iteration 15713: max relative diff=10000.000000, 349.53 sec so far
Iteration 15912: max relative diff=10000.000000, 354.55 sec so far
Iteration 16112: max relative diff=1876.757812, 359.57 sec so far
Iteration 16314: max relative diff=1876.757812, 364.59 sec so far
Iteration 16518: max relative diff=1876.757812, 369.60 sec so far
Iteration 16726: max relative diff=1876.757812, 374.62 sec so far
Iteration 16937: max relative diff=1876.757812, 379.64 sec so far
Iteration 17150: max relative diff=1876.757812, 384.64 sec so far
Iteration 17366: max relative diff=1876.757812, 389.65 sec so far
Iteration 17584: max relative diff=1876.757812, 394.67 sec so far
Iteration 17807: max relative diff=303.421820, 399.69 sec so far
Iteration 18030: max relative diff=303.421820, 404.71 sec so far
Iteration 18253: max relative diff=303.421820, 409.72 sec so far
Iteration 18476: max relative diff=303.421820, 414.74 sec so far
Iteration 18699: max relative diff=303.421820, 419.75 sec so far
Iteration 18922: max relative diff=303.421820, 424.77 sec so far
Iteration 19143: max relative diff=303.421820, 429.78 sec so far
Iteration 19366: max relative diff=23.433786, 434.80 sec so far
Iteration 19589: max relative diff=23.433786, 439.82 sec so far
Iteration 19812: max relative diff=23.433786, 444.83 sec so far
Iteration 20035: max relative diff=23.433786, 449.85 sec so far
Iteration 20258: max relative diff=23.433786, 454.86 sec so far
Iteration 20481: max relative diff=23.433786, 459.88 sec so far
Iteration 20704: max relative diff=23.433786, 464.89 sec so far
Iteration 20927: max relative diff=1.297296, 469.89 sec so far
Iteration 21149: max relative diff=1.297296, 474.89 sec so far
Iteration 21372: max relative diff=1.297296, 479.90 sec so far
Iteration 21595: max relative diff=1.297296, 484.92 sec so far
Iteration 21816: max relative diff=1.297296, 489.93 sec so far
Iteration 22039: max relative diff=1.297296, 494.95 sec so far
Iteration 22262: max relative diff=1.297296, 499.97 sec so far
Iteration 22485: max relative diff=0.059156, 504.99 sec so far
Iteration 22708: max relative diff=0.059156, 510.00 sec so far
Iteration 22931: max relative diff=0.059156, 515.01 sec so far
Iteration 23154: max relative diff=0.059156, 520.03 sec so far
Iteration 23377: max relative diff=0.059156, 525.05 sec so far
Iteration 23600: max relative diff=0.059156, 530.07 sec so far
Iteration 23823: max relative diff=0.059156, 535.09 sec so far
Iteration 24046: max relative diff=0.001224, 540.11 sec so far
Iteration 24269: max relative diff=0.001224, 545.12 sec so far
Iteration 24490: max relative diff=0.001224, 550.12 sec so far
Iteration 24713: max relative diff=0.001224, 555.15 sec so far
Iteration 24936: max relative diff=0.001224, 560.17 sec so far
Iteration 25159: max relative diff=0.001224, 565.18 sec so far
Iteration 25382: max relative diff=0.001224, 570.19 sec so far
Iteration 25605: max relative diff=0.001224, 575.21 sec so far
Iteration 25828: max relative diff=0.000027, 580.22 sec so far
Iteration 26051: max relative diff=0.000027, 585.24 sec so far
Iteration 26274: max relative diff=0.000027, 590.26 sec so far
Iteration 26497: max relative diff=0.000027, 595.28 sec so far
Iteration 26720: max relative diff=0.000027, 600.30 sec so far
Iteration 26943: max relative diff=0.000027, 605.31 sec so far
Iteration 27164: max relative diff=0.000027, 610.33 sec so far

Second round (updates from above) finished after 27236 iters.
Update from both sides... 
Iteration 27348: max relative diff=0.001057, 615.34 sec so far
Iteration 27514: max relative diff=0.000942, 620.35 sec so far
Iteration 27680: max relative diff=0.000827, 625.36 sec so far
Iteration 27846: max relative diff=0.000712, 630.37 sec so far
Iteration 28012: max relative diff=0.000597, 635.37 sec so far
Iteration 28178: max relative diff=0.000481, 640.39 sec so far
Iteration 28344: max relative diff=0.000366, 645.40 sec so far
Iteration 28510: max relative diff=0.000251, 650.41 sec so far
Iteration 28676: max relative diff=0.000136, 655.44 sec so far
Iteration 28842: max relative diff=0.000026, 660.45 sec so far
Iteration 29008: max relative diff=0.000024, 665.46 sec so far
Iteration 29174: max relative diff=0.000021, 670.49 sec so far
Iteration 29340: max relative diff=0.000018, 675.50 sec so far
Iteration 29506: max relative diff=0.000016, 680.51 sec so far
Iteration 29672: max relative diff=0.000013, 685.52 sec so far
Iteration 29838: max relative diff=0.000010, 690.53 sec so far
Iteration 30004: max relative diff=0.000008, 695.54 sec so far
Iteration 30170: max relative diff=0.000005, 700.55 sec so far
Iteration 30336: max relative diff=0.000002, 705.56 sec so far
Max relative diff between upper and lower bound on convergence: 0

Number of iterations for the lower bound = 17592

Iterative method: 30413 iterations in 707.88 seconds (average 0.023276, setup 3.77)
Maximum finite value in solution vector at end of interval iteration: 1.7715947094937187E8

Value in the initial state: 3.543619837742403E7

Time for model checking: 941.924 seconds.

Result: 3.543619837742403E7 (value in the initial state)

---------------------------------------------------------------------

Note: There were 2 warnings during computation.

