PRISM
=====

Version: 4.6
Date: Sat Feb 27 20:06:46 IRST 2021
Hostname: sadegh-H81M-S2PH
Memory limits: cudd=1g, java(heap)=910.5m
Command line: prism ../prism-examples/mdps/wlan/wlan3.nm ../prism-examples/mdps/wlan/cost_max.pctl -s -improvedbk -maxiters 2045 -epsilon 1e-10 -const COL=5 -const TRANS_TIME_MAX=200

Parsing model file "../prism-examples/mdps/wlan/wlan3.nm"...

Type:        MDP
Modules:     medium station1 station2 
Variables:   col c1 c2 x1 s1 slot1 backoff1 bc1 x2 s2 slot2 backoff2 bc2 

Parsing properties file "../prism-examples/mdps/wlan/cost_max.pctl"...

1 property:
(1) "cost_max": R{"cost"}max=? [ F s1=12&s2=12 ]

---------------------------------------------------------------------

Model checking: "cost_max": R{"cost"}max=? [ F s1=12&s2=12 ]
Model constants: COL=5,TRANS_TIME_MAX=200

Building model...
Model constants: COL=5,TRANS_TIME_MAX=200

Computing reachable states...

Reachability (BFS): 342 iterations in 2.94 seconds (average 0.008611, setup 0.00)

Time for model construction: 3.388 seconds.

Type:        MDP
States:      352413 (1 initial)
Transitions: 733496
Choices:     563516

Transition matrix: 101743 nodes (6 terminal), 733496 minterms, vars: 49r/49c/7nd

Prob0E: 1040 iterations in 14.63 seconds (average 0.014070, setup 0.00)

Prob1A: 1 iterations in 0.01 seconds (average 0.014000, setup 0.00)

goal = 6, inf = 0, maybe = 352407

Computing remaining rewards...
Engine: Sparse

Building sparse matrix (transitions)... [n=352413, nc=563510, nnz=733490, k=3] [11.9 MB]
Building sparse matrix (transition rewards)... [n=352413, nc=563510, nnz=207934, k=3] [5.9 MB]
Creating vector for state rewards... [2.7 MB]
Creating vector for inf... [2.7 MB]
Allocating iteration vectors... [2 x 2.7 MB]
TOTAL: [28.5 MB]

Starting iterations...
Iteration 944: max relative diff=0.000075, 5.00 sec so far
Iteration 1948: max relative diff=0.000000, 10.00 sec so far

Iterative method: 2045 iterations in 11.08 seconds (average 0.005130, setup 0.59)

Error: Iterative method did not converge within 2045 iterations.
Consider using a different numerical method or increasing the maximum number of iterations.

