PRISM
=====

Version: 4.4
Date: Fri Feb 19 18:06:46 IRST 2021
Hostname: sadegh-H81M-S2PH
Memory limits: cudd=1g, java(heap)=910.5m
Command line: prism ../../examples/mdps/wlan/wlan3.nm ../../examples/mdps/wlan/cost_max.pctl -s '-ii:upper=1.2e+12' -improvedbk -maxiters 900500 -const COL=5 -const TRANS_TIME_MAX=600

Parsing model file "../../examples/mdps/wlan/wlan3.nm"...

Parsing properties file "../../examples/mdps/wlan/cost_max.pctl"...

1 property:
(1) "cost_max": R{"cost"}max=? [ F s1=12&s2=12 ]

Type:        MDP
Modules:     medium station1 station2 
Variables:   col c1 c2 x1 s1 slot1 backoff1 bc1 x2 s2 slot2 backoff2 bc2 

---------------------------------------------------------------------

Model checking: "cost_max": R{"cost"}max=? [ F s1=12&s2=12 ]
Model constants: COL=5,TRANS_TIME_MAX=600

Warning: Not Switching to explicit engine, We implemented the emthods for sparse engine.

Building model...
Model constants: COL=5,TRANS_TIME_MAX=600

Computing reachable states...

Reachability (BFS): 742 iterations in 13.92 seconds (average 0.018764, setup 0.00)

Time for model construction: 16.077 seconds.

Type:        MDP
States:      670413 (1 initial)
Transitions: 1375496
Choices:     1205516

Transition matrix: 271942 nodes (6 terminal), 1375496 minterms, vars: 53r/53c/7nd

Prob0E: 2240 iterations in 50.23 seconds (average 0.022425, setup 0.00)

Prob1A: 1 iterations in 0.04 seconds (average 0.036000, setup 0.00)

goal = 6, inf = 0, maybe = 670407

Warning: Upper bound for interval iteration manually set to 1.2E12

Computing remaining rewards...
 7
Building sparse matrix (transitions)... [n=670413, nc=1205510, nnz=1375490, k=3] [22.9 MB]
Building sparse matrix (transition rewards)... [n=670413, nc=1205510, nnz=521934, k=3] [13.1 MB]
Creating vector for state rewards... [5.1 MB]
Creating vector for inf... [5.1 MB]
Creating vector for lower bounds... [5.1 MB]
Creating vector for upper bounds... [5.1 MB]
Allocating iteration vectors... [4 x 5.1 MB]
TOTAL: [76.9 MB]

Starting iterations (interval iteration)...

 Time for pre-computation: 0.641000 Iteration 483: max relative diff=100000.000000, 4.37 sec so far
Iteration 1040: max relative diff=9730.957031, 9.37 sec so far
Iteration 1594: max relative diff=1000.000000, 14.38 sec so far
Iteration 2151: max relative diff=170.824338, 19.38 sec so far
Iteration 2706: max relative diff=10.363694, 24.38 sec so far
Iteration 3262: max relative diff=0.440308, 29.39 sec so far
Iteration 3818: max relative diff=0.010293, 34.40 sec so far
Iteration 4373: max relative diff=0.000241, 39.40 sec so far
Iteration 4929: max relative diff=0.000006, 44.41 sec so far

First round (updates from below) finished after 5415 iters.Iteration 5477: max relative diff=10000.000000, 49.41 sec so far
Iteration 5975: max relative diff=10000.000000, 54.41 sec so far
Iteration 6478: max relative diff=1876.757812, 59.41 sec so far
Iteration 6994: max relative diff=303.421820, 64.42 sec so far
Iteration 7512: max relative diff=23.433786, 69.42 sec so far
Iteration 8031: max relative diff=1.297296, 74.43 sec so far
Iteration 8550: max relative diff=0.059156, 79.44 sec so far
Iteration 9068: max relative diff=0.001224, 84.44 sec so far
Iteration 9586: max relative diff=0.001224, 89.45 sec so far
Iteration 10105: max relative diff=0.000027, 94.45 sec so far

Second round (updates from above) finished after 10236 iters.
Update from both sides... 
Iteration 10530: max relative diff=0.000220, 99.46 sec so far
Iteration 10924: max relative diff=0.000009, 104.47 sec so far
Iteration 11318: max relative diff=0.000002, 109.48 sec so far
Max relative diff between upper and lower bound on convergence: 0

Number of iterations for the lower bound = 6568

Iterative method: 11389 iterations in 110.38 seconds (average 0.009692, setup 1.50)
Maximum finite value in solution vector at end of interval iteration: 6.643916172065179E7

Value in the initial state: 1.3292235354963707E7

Time for model checking: 163.0 seconds.

Result: 1.3292235354963707E7 (value in the initial state)

---------------------------------------------------------------------

Note: There were 2 warnings during computation.

