PRISM
=====

Version: 4.4
Date: Fri Feb 19 19:35:05 IRST 2021
Hostname: sadegh-H81M-S2PH
Memory limits: cudd=1g, java(heap)=910.5m
Command line: prism ../../examples/mdps/wlan/wlan3.nm ../../examples/mdps/wlan/cost_max.pctl -s '-ii:upper=1.2e+12' -backward -maxiters 900500 -const COL=5 -const TRANS_TIME_MAX=800

Parsing model file "../../examples/mdps/wlan/wlan3.nm"...

Parsing properties file "../../examples/mdps/wlan/cost_max.pctl"...

1 property:
(1) "cost_max": R{"cost"}max=? [ F s1=12&s2=12 ]

Type:        MDP
Modules:     medium station1 station2 
Variables:   col c1 c2 x1 s1 slot1 backoff1 bc1 x2 s2 slot2 backoff2 bc2 

---------------------------------------------------------------------

Model checking: "cost_max": R{"cost"}max=? [ F s1=12&s2=12 ]
Model constants: COL=5,TRANS_TIME_MAX=800

Warning: Not Switching to explicit engine, We implemented the emthods for sparse engine.

Building model...
Model constants: COL=5,TRANS_TIME_MAX=800

Computing reachable states...

Reachability (BFS): 942 iterations in 22.16 seconds (average 0.023530, setup 0.00)

Time for model construction: 25.576 seconds.

Type:        MDP
States:      829413 (1 initial)
Transitions: 1696496
Choices:     1526516

Transition matrix: 346647 nodes (6 terminal), 1696496 minterms, vars: 53r/53c/7nd

Prob0E: 2840 iterations in 74.35 seconds (average 0.026180, setup 0.00)

Prob1A: 1 iterations in 0.05 seconds (average 0.047000, setup 0.00)

goal = 6, inf = 0, maybe = 829407

Warning: Upper bound for interval iteration manually set to 1.2E12

Computing remaining rewards...
 6
Building sparse matrix (transitions)... [n=829413, nc=1526510, nnz=1696490, k=3] [28.4 MB]
Building sparse matrix (transition rewards)... [n=829413, nc=1526510, nnz=678934, k=3] [16.8 MB]
Creating vector for state rewards... [6.3 MB]
Creating vector for inf... [6.3 MB]
Creating vector for lower bounds... [6.3 MB]
Creating vector for upper bounds... [6.3 MB]
Allocating iteration vectors... [4 x 6.3 MB]
TOTAL: [95.8 MB]

Starting iterations (interval iteration)...

Time for state ordering: 0.019000


Iters: 500 , Maximum difference of values of bel_vec: 100000 & Maximum difference of values of abov_vec: 1.2E+12 
Iters: 1000 , Maximum difference of values of bel_vec: 9730.96 & Maximum difference of values of abov_vec: 1.2E+12 
Iters: 1500 , Maximum difference of values of bel_vec: 9730.96 & Maximum difference of values of abov_vec: 1.2E+12 
Iters: 2000 , Maximum difference of values of bel_vec: 1000 & Maximum difference of values of abov_vec: 8.48437E+11 
Iters: 2500 , Maximum difference of values of bel_vec: 170.824 & Maximum difference of values of abov_vec: 9.49173E+10 
Iters: 3000 , Maximum difference of values of bel_vec: 170.824 & Maximum difference of values of abov_vec: 9.49173E+10 
Iters: 3500 , Maximum difference of values of bel_vec: 10.3637 & Maximum difference of values of abov_vec: 5.36342E+09 
Iters: 4000 , Maximum difference of values of bel_vec: 9.05528 & Maximum difference of values of abov_vec: 5.36342E+09 
Iters: 4500 , Maximum difference of values of bel_vec: 0.440308 & Maximum difference of values of abov_vec: 2.82188E+08 
Iters: 5000 , Maximum difference of values of bel_vec: 0.0102929 & Maximum difference of values of abov_vec: 5.89568E+06 
Iters: 5500 , Maximum difference of values of bel_vec: 0.0102929 & Maximum difference of values of abov_vec: 5.89568E+06 
Iters: 6000 , Maximum difference of values of bel_vec: 0.000240624 & Maximum difference of values of abov_vec: 123691 
Iters: 6500 , Maximum difference of values of bel_vec: 5.63264E-06 & Maximum difference of values of abov_vec: 2391.1 
Iters: 7000 , Maximum difference of values of bel_vec: 5.63264E-06 & Maximum difference of values of abov_vec: 2391.1 
Iters: 7500 , Maximum difference of values of bel_vec: 1.41561E-07 & Maximum difference of values of abov_vec: 56.2124 
Iters: 8000 , Maximum difference of values of bel_vec: 1.41561E-07 & Maximum difference of values of abov_vec: 56.2124 
Iters: 8500 , Maximum difference of values of bel_vec: 1.86265E-08 & Maximum difference of values of abov_vec: 1.12473 
Iters: 9000 , Maximum difference of values of bel_vec: 1.49012E-08 & Maximum difference of values of abov_vec: 0.025948 
Iters: 9500 , Maximum difference of values of bel_vec: 3.72529E-09 & Maximum difference of values of abov_vec: 0.025948 
Iters: 10000 , Maximum difference of values of bel_vec: 0 & Maximum difference of values of abov_vec: 0.000577033 
Iters: 10500 , Maximum difference of values of bel_vec: 0 & Maximum difference of values of abov_vec: 1.26325E-05 
Iters: 11000 , Maximum difference of values of bel_vec: 0 & Maximum difference of values of abov_vec: 1.26325E-05 
Iters: 11500 , Maximum difference of values of bel_vec: 0 & Maximum difference of values of abov_vec: 2.75671E-07 
Iters: 12000 , Maximum difference of values of bel_vec: 0 & Maximum difference of values of abov_vec: 2.75671E-07 Max relative diff between upper and lower bound on convergence: 7.86036E-07
Iterative method: 12039 iterations in 293.16 seconds (average 0.024351, setup 2.01)
Maximum finite value in solution vector at end of interval iteration: 8.85832235663958E7

Value in the initial state: 1.7721027959455863E7

Time for model checking: 369.876 seconds.

Result: 1.7721027959455863E7 (value in the initial state)

---------------------------------------------------------------------

Note: There were 2 warnings during computation.

