PRISM
=====

Version: 4.4
Date: Fri Feb 19 23:16:53 IRST 2021
Hostname: sadegh-H81M-S2PH
Memory limits: cudd=1g, java(heap)=910.5m
Command line: prism ../../examples/mdps/wlan/wlan3.nm ../../examples/mdps/wlan/cost_max.pctl -s '-ii:upper=122132238' -asynchupper -maxiters 900500 -const COL=5 -const TRANS_TIME_MAX=1100

Parsing model file "../../examples/mdps/wlan/wlan3.nm"...

Parsing properties file "../../examples/mdps/wlan/cost_max.pctl"...

1 property:
(1) "cost_max": R{"cost"}max=? [ F s1=12&s2=12 ]

Type:        MDP
Modules:     medium station1 station2 
Variables:   col c1 c2 x1 s1 slot1 backoff1 bc1 x2 s2 slot2 backoff2 bc2 

---------------------------------------------------------------------

Model checking: "cost_max": R{"cost"}max=? [ F s1=12&s2=12 ]
Model constants: COL=5,TRANS_TIME_MAX=1100

Warning: Not Switching to explicit engine, We implemented the emthods for sparse engine.

Building model...
Model constants: COL=5,TRANS_TIME_MAX=1100

Computing reachable states...

Reachability (BFS): 1242 iterations in 35.90 seconds (average 0.028904, setup 0.00)

Time for model construction: 44.331 seconds.

Type:        MDP
States:      1067913 (1 initial)
Transitions: 2177996
Choices:     2008016

Transition matrix: 484702 nodes (6 terminal), 2177996 minterms, vars: 55r/55c/7nd

Prob0E: 3740 iterations in 125.09 seconds (average 0.033448, setup 0.00)

Prob1A: 1 iterations in 0.07 seconds (average 0.065000, setup 0.00)

goal = 6, inf = 0, maybe = 1067907

Warning: Upper bound for interval iteration manually set to 1.22132238E8

Computing remaining rewards...
 10
Building sparse matrix (transitions)... [n=1067913, nc=2008010, nnz=2177990, k=3] [36.7 MB]
Building sparse matrix (transition rewards)... [n=1067913, nc=2008010, nnz=914434, k=3] [22.2 MB]
Creating vector for state rewards... [8.1 MB]
Creating vector for inf... [8.1 MB]
Creating vector for lower bounds... [8.1 MB]
Creating vector for upper bounds... [8.1 MB]
Allocating iteration vectors... [4 x 8.1 MB]
TOTAL: [124.0 MB]

Starting iterations (interval iteration)...

Soln above finished after 13232 iterations, while flag is True.

Checking for lower bound passed after 19 iterations.Iteration 1: max relative diff=1.000000, 230.39 sec so far
Iteration 348: max relative diff=1.000000, 235.40 sec so far
Iteration 696: max relative diff=1.000000, 240.41 sec so far
Iteration 1043: max relative diff=1.000000, 245.42 sec so far
Iteration 1390: max relative diff=1.000000, 250.43 sec so far
Iteration 1737: max relative diff=1.000000, 255.43 sec so far
Iteration 2084: max relative diff=1.000000, 260.44 sec so far
Iteration 2432: max relative diff=1.000000, 265.46 sec so far
Iteration 2779: max relative diff=1.000000, 270.46 sec so far
Iteration 3126: max relative diff=1.000000, 275.47 sec so far
Iteration 3474: max relative diff=1.000000, 280.48 sec so far
Iteration 3821: max relative diff=1.000000, 285.49 sec so far
Iteration 4169: max relative diff=1.000000, 290.50 sec so far
Iteration 4515: max relative diff=1.000000, 295.50 sec so far
Iteration 4862: max relative diff=1.000000, 300.50 sec so far
Iteration 5209: max relative diff=1.000000, 305.51 sec so far
Iteration 5557: max relative diff=1.000000, 310.53 sec so far
Iteration 5905: max relative diff=1.000000, 315.54 sec so far
Iteration 6252: max relative diff=1.000000, 320.55 sec so far
Iteration 6599: max relative diff=1.000000, 325.55 sec so far
Iteration 6946: max relative diff=1.000000, 330.56 sec so far
Iteration 7293: max relative diff=1.000000, 335.57 sec so far
Iteration 7640: max relative diff=1.000000, 340.58 sec so far
Iteration 7987: max relative diff=1.000000, 345.60 sec so far
Iteration 8333: max relative diff=1.000000, 350.60 sec so far
Iteration 8679: max relative diff=1.000000, 355.61 sec so far
Iteration 9023: max relative diff=1.000000, 360.61 sec so far
Iteration 9370: max relative diff=1.000000, 365.62 sec so far
Iteration 9716: max relative diff=1.000000, 370.63 sec so far
Iteration 9971: max relative diff=0.000014, 375.65 sec so far
Iteration 10129: max relative diff=0.000012, 380.67 sec so far
Iteration 10286: max relative diff=0.000010, 385.69 sec so far
Iteration 10444: max relative diff=0.000008, 390.71 sec so far
Iteration 10602: max relative diff=0.000006, 395.74 sec so far
Iteration 10760: max relative diff=0.000004, 400.76 sec so far
Iteration 10918: max relative diff=0.000002, 405.78 sec so far
Max relative diff between upper and lower bound on convergence: 9.87202E-07
LowItr:11000 , UpItr:14321  

Iterative method: 10981 iterations in 407.78 seconds (average 0.037135, setup 2.67)
Maximum finite value in solution vector at end of interval iteration: 1.2179931633501177E8

Value in the initial state: 2.4364216866193444E7

Time for model checking: 535.82 seconds.

Result: 2.4364216866193444E7 (value in the initial state)

---------------------------------------------------------------------

Note: There were 2 warnings during computation.

