PRISM
=====

Version: 4.4
Date: Fri Feb 19 22:07:48 IRST 2021
Hostname: sadegh-H81M-S2PH
Memory limits: cudd=1g, java(heap)=910.5m
Command line: prism ../../examples/mdps/wlan/wlan3.nm ../../examples/mdps/wlan/cost_max.pctl -s '-ii:upper=1.2e+12' -improvedbk -maxiters 900500 -const COL=5 -const TRANS_TIME_MAX=1000

Parsing model file "../../examples/mdps/wlan/wlan3.nm"...

Parsing properties file "../../examples/mdps/wlan/cost_max.pctl"...

1 property:
(1) "cost_max": R{"cost"}max=? [ F s1=12&s2=12 ]

Type:        MDP
Modules:     medium station1 station2 
Variables:   col c1 c2 x1 s1 slot1 backoff1 bc1 x2 s2 slot2 backoff2 bc2 

---------------------------------------------------------------------

Model checking: "cost_max": R{"cost"}max=? [ F s1=12&s2=12 ]
Model constants: COL=5,TRANS_TIME_MAX=1000

Warning: Not Switching to explicit engine, We implemented the emthods for sparse engine.

Building model...
Model constants: COL=5,TRANS_TIME_MAX=1000

Computing reachable states...

Reachability (BFS): 1142 iterations in 30.29 seconds (average 0.026527, setup 0.00)

Time for model construction: 35.965 seconds.

Type:        MDP
States:      988413 (1 initial)
Transitions: 2017496
Choices:     1847516

Transition matrix: 421499 nodes (6 terminal), 2017496 minterms, vars: 53r/53c/7nd

Prob0E: 3440 iterations in 102.13 seconds (average 0.029689, setup 0.00)

Prob1A: 1 iterations in 0.06 seconds (average 0.058000, setup 0.00)

goal = 6, inf = 0, maybe = 988407

Warning: Upper bound for interval iteration manually set to 1.2E12

Computing remaining rewards...
 7
Building sparse matrix (transitions)... [n=988413, nc=1847510, nnz=2017490, k=3] [33.9 MB]
Building sparse matrix (transition rewards)... [n=988413, nc=1847510, nnz=835934, k=3] [20.4 MB]
Creating vector for state rewards... [7.5 MB]
Creating vector for inf... [7.5 MB]
Creating vector for lower bounds... [7.5 MB]
Creating vector for upper bounds... [7.5 MB]
Allocating iteration vectors... [4 x 7.5 MB]
TOTAL: [114.6 MB]

Starting iterations (interval iteration)...

 Time for pre-computation: 0.910000 Iteration 292: max relative diff=100000.000000, 4.10 sec so far
Iteration 654: max relative diff=100000.000000, 9.11 sec so far
Iteration 1016: max relative diff=9730.957031, 14.12 sec so far
Iteration 1378: max relative diff=9730.957031, 19.13 sec so far
Iteration 1740: max relative diff=9730.957031, 24.14 sec so far
Iteration 2101: max relative diff=1000.000000, 29.14 sec so far
Iteration 2463: max relative diff=1000.000000, 34.16 sec so far
Iteration 2825: max relative diff=1000.000000, 39.16 sec so far
Iteration 3187: max relative diff=170.824338, 44.17 sec so far
Iteration 3549: max relative diff=170.824338, 49.18 sec so far
Iteration 3912: max relative diff=170.824338, 54.19 sec so far
Iteration 4274: max relative diff=10.363694, 59.19 sec so far
Iteration 4636: max relative diff=10.363694, 64.20 sec so far
Iteration 4999: max relative diff=9.052491, 69.21 sec so far
Iteration 5361: max relative diff=0.440308, 74.22 sec so far
Iteration 5723: max relative diff=0.440308, 79.22 sec so far
Iteration 6085: max relative diff=0.010293, 84.22 sec so far
Iteration 6446: max relative diff=0.010293, 89.23 sec so far
Iteration 6808: max relative diff=0.010293, 94.24 sec so far
Iteration 7170: max relative diff=0.000241, 99.25 sec so far
Iteration 7532: max relative diff=0.000241, 104.25 sec so far
Iteration 7894: max relative diff=0.000241, 109.25 sec so far
Iteration 8256: max relative diff=0.000006, 114.26 sec so far
Iteration 8618: max relative diff=0.000006, 119.27 sec so far
Iteration 8980: max relative diff=0.000006, 124.28 sec so far

First round (updates from below) finished after 9015 iters.Iteration 9315: max relative diff=10000.000000, 129.29 sec so far
Iteration 9647: max relative diff=10000.000000, 134.31 sec so far
Iteration 9980: max relative diff=10000.000000, 139.31 sec so far
Iteration 10316: max relative diff=1876.757812, 144.32 sec so far
Iteration 10656: max relative diff=1876.757812, 149.34 sec so far
Iteration 11003: max relative diff=1876.757812, 154.34 sec so far
Iteration 11357: max relative diff=303.421820, 159.35 sec so far
Iteration 11711: max relative diff=303.421820, 164.35 sec so far
Iteration 12065: max relative diff=23.433786, 169.35 sec so far
Iteration 12419: max relative diff=23.433786, 174.36 sec so far
Iteration 12773: max relative diff=23.433786, 179.37 sec so far
Iteration 13127: max relative diff=1.297296, 184.38 sec so far
Iteration 13481: max relative diff=1.297296, 189.38 sec so far
Iteration 13836: max relative diff=1.297296, 194.40 sec so far
Iteration 14191: max relative diff=0.059156, 199.41 sec so far
Iteration 14545: max relative diff=0.059156, 204.42 sec so far
Iteration 14899: max relative diff=0.059156, 209.43 sec so far
Iteration 15253: max relative diff=0.001224, 214.43 sec so far
Iteration 15607: max relative diff=0.001224, 219.44 sec so far
Iteration 15961: max relative diff=0.001224, 224.44 sec so far
Iteration 16315: max relative diff=0.000027, 229.45 sec so far
Iteration 16669: max relative diff=0.000027, 234.46 sec so far
Iteration 17023: max relative diff=0.000027, 239.46 sec so far

Second round (updates from above) finished after 17036 iters.
Update from both sides... 
Iteration 17284: max relative diff=0.000537, 244.47 sec so far
Iteration 17541: max relative diff=0.000358, 249.48 sec so far
Iteration 17798: max relative diff=0.000180, 254.48 sec so far
Iteration 18055: max relative diff=0.000016, 259.48 sec so far
Iteration 18313: max relative diff=0.000012, 264.50 sec so far
Iteration 18570: max relative diff=0.000008, 269.51 sec so far
Iteration 18828: max relative diff=0.000004, 274.53 sec so far
Max relative diff between upper and lower bound on convergence: 0

Number of iterations for the lower bound = 10978

Iterative method: 18999 iterations in 277.86 seconds (average 0.014625, setup 2.45)
Maximum finite value in solution vector at end of interval iteration: 1.1072728541213982E8

Value in the initial state: 2.214982056394784E7

Time for model checking: 383.72 seconds.

Result: 2.214982056394784E7 (value in the initial state)

---------------------------------------------------------------------

Note: There were 2 warnings during computation.

