PRISM
=====

Version: 4.4
Date: Sat Feb 20 08:43:29 IRST 2021
Hostname: sadegh-H81M-S2PH
Memory limits: cudd=1g, java(heap)=910.5m
Command line: prism ../../examples/mdps/wlan/wlan3.nm ../../examples/mdps/wlan/cost_max.pctl -s '-ii:upper=166420638' -asynchupper -maxiters 900500 -const COL=5 -const TRANS_TIME_MAX=1500

Parsing model file "../../examples/mdps/wlan/wlan3.nm"...

Parsing properties file "../../examples/mdps/wlan/cost_max.pctl"...

1 property:
(1) "cost_max": R{"cost"}max=? [ F s1=12&s2=12 ]

Type:        MDP
Modules:     medium station1 station2 
Variables:   col c1 c2 x1 s1 slot1 backoff1 bc1 x2 s2 slot2 backoff2 bc2 

---------------------------------------------------------------------

Model checking: "cost_max": R{"cost"}max=? [ F s1=12&s2=12 ]
Model constants: COL=5,TRANS_TIME_MAX=1500

Warning: Not Switching to explicit engine, We implemented the emthods for sparse engine.

Building model...
Model constants: COL=5,TRANS_TIME_MAX=1500

Computing reachable states...

Reachability (BFS): 1642 iterations in 60.71 seconds (average 0.036974, setup 0.00)

Time for model construction: 79.356 seconds.

Type:        MDP
States:      1385913 (1 initial)
Transitions: 2819996
Choices:     2650016

Transition matrix: 634206 nodes (6 terminal), 2819996 minterms, vars: 55r/55c/7nd

Prob0E: 4940 iterations in 216.25 seconds (average 0.043776, setup 0.00)

Prob1A: 1 iterations in 0.09 seconds (average 0.091000, setup 0.00)

goal = 6, inf = 0, maybe = 1385907

Warning: Upper bound for interval iteration manually set to 1.66420638E8

Computing remaining rewards...
 10
Building sparse matrix (transitions)... [n=1385913, nc=2650010, nnz=2819990, k=3] [47.7 MB]
Building sparse matrix (transition rewards)... [n=1385913, nc=2650010, nnz=1228434, k=3] [29.5 MB]
Creating vector for state rewards... [10.6 MB]
Creating vector for inf... [10.6 MB]
Creating vector for lower bounds... [10.6 MB]
Creating vector for upper bounds... [10.6 MB]
Allocating iteration vectors... [4 x 10.6 MB]
TOTAL: [161.7 MB]

Starting iterations (interval iteration)...

Soln above finished after 18033 iterations, while flag is True.

Checking for lower bound passed after 19 iterations.Iteration 1: max relative diff=1.000000, 444.26 sec so far
Iteration 270: max relative diff=1.000000, 449.27 sec so far
Iteration 532: max relative diff=1.000000, 454.27 sec so far
Iteration 784: max relative diff=1.000000, 459.28 sec so far
Iteration 1053: max relative diff=1.000000, 464.29 sec so far
Iteration 1322: max relative diff=1.000000, 469.30 sec so far
Iteration 1591: max relative diff=1.000000, 474.31 sec so far
Iteration 1860: max relative diff=1.000000, 479.32 sec so far
Iteration 2129: max relative diff=1.000000, 484.34 sec so far
Iteration 2398: max relative diff=1.000000, 489.35 sec so far
Iteration 2667: max relative diff=1.000000, 494.37 sec so far
Iteration 2936: max relative diff=1.000000, 499.38 sec so far
Iteration 3205: max relative diff=1.000000, 504.39 sec so far
Iteration 3474: max relative diff=1.000000, 509.40 sec so far
Iteration 3739: max relative diff=1.000000, 514.41 sec so far
Iteration 3990: max relative diff=1.000000, 519.41 sec so far
Iteration 4259: max relative diff=1.000000, 524.43 sec so far
Iteration 4528: max relative diff=1.000000, 529.45 sec so far
Iteration 4797: max relative diff=1.000000, 534.46 sec so far
Iteration 5066: max relative diff=1.000000, 539.47 sec so far
Iteration 5335: max relative diff=1.000000, 544.48 sec so far
Iteration 5604: max relative diff=1.000000, 549.48 sec so far
Iteration 5873: max relative diff=1.000000, 554.49 sec so far
Iteration 6142: max relative diff=1.000000, 559.51 sec so far
Iteration 6411: max relative diff=1.000000, 564.51 sec so far
Iteration 6680: max relative diff=1.000000, 569.53 sec so far
Iteration 6943: max relative diff=1.000000, 574.55 sec so far
Iteration 7199: max relative diff=1.000000, 579.55 sec so far
Iteration 7468: max relative diff=1.000000, 584.57 sec so far
Iteration 7737: max relative diff=1.000000, 589.57 sec so far
Iteration 8006: max relative diff=1.000000, 594.59 sec so far
Iteration 8275: max relative diff=1.000000, 599.61 sec so far
Iteration 8544: max relative diff=1.000000, 604.62 sec so far
Iteration 8813: max relative diff=1.000000, 609.63 sec so far
Iteration 9082: max relative diff=1.000000, 614.65 sec so far
Iteration 9351: max relative diff=1.000000, 619.66 sec so far
Iteration 9620: max relative diff=1.000000, 624.67 sec so far
Iteration 9889: max relative diff=1.000000, 629.69 sec so far
Iteration 10150: max relative diff=1.000000, 634.71 sec so far
Iteration 10402: max relative diff=1.000000, 639.72 sec so far
Iteration 10671: max relative diff=1.000000, 644.73 sec so far
Iteration 10940: max relative diff=1.000000, 649.75 sec so far
Iteration 11209: max relative diff=1.000000, 654.77 sec so far
Iteration 11478: max relative diff=1.000000, 659.78 sec so far
Iteration 11747: max relative diff=1.000000, 664.79 sec so far
Iteration 12006: max relative diff=0.000860, 669.80 sec so far
Iteration 12128: max relative diff=0.000792, 674.84 sec so far
Iteration 12250: max relative diff=0.000723, 679.87 sec so far
Iteration 12372: max relative diff=0.000655, 684.90 sec so far
Iteration 12494: max relative diff=0.000586, 689.93 sec so far
Iteration 12615: max relative diff=0.000518, 694.94 sec so far
Iteration 12737: max relative diff=0.000449, 699.97 sec so far
Iteration 12859: max relative diff=0.000381, 705.01 sec so far
Iteration 12981: max relative diff=0.000312, 710.04 sec so far
Iteration 13103: max relative diff=0.000243, 715.07 sec so far
Iteration 13225: max relative diff=0.000175, 720.10 sec so far
Iteration 13347: max relative diff=0.000106, 725.13 sec so far
Iteration 13469: max relative diff=0.000038, 730.17 sec so far
Iteration 13591: max relative diff=0.000019, 735.20 sec so far
Iteration 13713: max relative diff=0.000017, 740.24 sec so far
Iteration 13835: max relative diff=0.000016, 745.27 sec so far
Iteration 13957: max relative diff=0.000014, 750.30 sec so far
Iteration 14079: max relative diff=0.000013, 755.34 sec so far
Iteration 14201: max relative diff=0.000011, 760.37 sec so far
Iteration 14323: max relative diff=0.000009, 765.41 sec so far
Iteration 14445: max relative diff=0.000008, 770.44 sec so far
Iteration 14567: max relative diff=0.000006, 775.48 sec so far
Iteration 14689: max relative diff=0.000005, 780.51 sec so far
Iteration 14811: max relative diff=0.000003, 785.54 sec so far
Iteration 14933: max relative diff=0.000001, 790.57 sec so far
Max relative diff between upper and lower bound on convergence: 9.87202E-07
LowItr:14982 , UpItr:20998  

Iterative method: 14963 iterations in 791.81 seconds (average 0.052918, setup 3.63)
Maximum finite value in solution vector at end of interval iteration: 1.6608744002649975E8

Value in the initial state: 3.3221802075177208E7

Time for model checking: 1012.106 seconds.

Result: 3.3221802075177208E7 (value in the initial state)

---------------------------------------------------------------------

Note: There were 2 warnings during computation.

