PRISM
=====

Version: 4.4
Date: Fri Feb 19 17:29:56 IRST 2021
Hostname: sadegh-H81M-S2PH
Memory limits: cudd=1g, java(heap)=910.5m
Command line: prism ../../examples/mdps/wlan/wlan3.nm ../../examples/mdps/wlan/cost_max.pctl -s -improvedbk -maxiters 5045 -epsilon 1e-10 -const COL=5 -const TRANS_TIME_MAX=500

Parsing model file "../../examples/mdps/wlan/wlan3.nm"...

Parsing properties file "../../examples/mdps/wlan/cost_max.pctl"...

1 property:
(1) "cost_max": R{"cost"}max=? [ F s1=12&s2=12 ]

Type:        MDP
Modules:     medium station1 station2 
Variables:   col c1 c2 x1 s1 slot1 backoff1 bc1 x2 s2 slot2 backoff2 bc2 

---------------------------------------------------------------------

Model checking: "cost_max": R{"cost"}max=? [ F s1=12&s2=12 ]
Model constants: COL=5,TRANS_TIME_MAX=500

Warning: Not Switching to explicit engine, We implemented the emthods for sparse engine.

Building model...
Model constants: COL=5,TRANS_TIME_MAX=500

Computing reachable states...

Reachability (BFS): 642 iterations in 9.79 seconds (average 0.015252, setup 0.00)

Time for model construction: 11.375 seconds.

Type:        MDP
States:      590913 (1 initial)
Transitions: 1214996
Choices:     1045016

Transition matrix: 221175 nodes (6 terminal), 1214996 minterms, vars: 51r/51c/7nd

Prob0E: 1940 iterations in 39.02 seconds (average 0.020114, setup 0.00)

Prob1A: 1 iterations in 0.03 seconds (average 0.030000, setup 0.00)

goal = 6, inf = 0, maybe = 590907

Computing remaining rewards...

Building sparse matrix (transitions)... [n=590913, nc=1045010, nnz=1214990, k=3] [20.1 MB]
Building sparse matrix (transition rewards)... [n=590913, nc=1045010, nnz=443434, k=3] [11.3 MB]
Creating vector for state rewards... [4.5 MB]
Creating vector for inf... [4.5 MB]
Creating vector for lower bounds... [4.5 MB]
Creating vector for upper bounds... [4.5 MB]
Allocating iteration vectors... [4 x 4.5 MB]
TOTAL: [67.5 MB]

Starting iterations (interval iteration)...

 Time for pre-computation: 0.576000 Iteration 568: max relative diff=9730.957031, 4.43 sec so far
Iteration 1211: max relative diff=1000.000000, 9.44 sec so far
Iteration 1854: max relative diff=170.824338, 14.44 sec so far
Iteration 2497: max relative diff=10.213187, 19.45 sec so far
Iteration 3140: max relative diff=0.010293, 24.45 sec so far
Iteration 3783: max relative diff=0.000241, 29.46 sec so far
Iteration 4426: max relative diff=0.000006, 34.46 sec so far

First round (updates from below) finished after 5044 iters.
Iterative method: 5044 iterations in 39.27 seconds (average 0.007786, setup 1.23)

Value in the initial state: 1.1077839052715885E7

Time for model checking: 80.292 seconds.

Result: 1.1077839052715885E7 (value in the initial state)

---------------------------------------------------------------------

Note: There was 1 warning during computation.

