PRISM
=====

Version: 4.4
Date: Sat Feb 20 09:32:21 IRST 2021
Hostname: sadegh-H81M-S2PH
Memory limits: cudd=1g, java(heap)=910.5m
Command line: prism ../../examples/mdps/wlan/wlan3.nm ../../examples/mdps/wlan/cost_max.pctl -s '-ii:upper=1.2e+12' -improvedbk -maxiters 900500 -const COL=5 -const TRANS_TIME_MAX=1500

Parsing model file "../../examples/mdps/wlan/wlan3.nm"...

Parsing properties file "../../examples/mdps/wlan/cost_max.pctl"...

1 property:
(1) "cost_max": R{"cost"}max=? [ F s1=12&s2=12 ]

Type:        MDP
Modules:     medium station1 station2 
Variables:   col c1 c2 x1 s1 slot1 backoff1 bc1 x2 s2 slot2 backoff2 bc2 

---------------------------------------------------------------------

Model checking: "cost_max": R{"cost"}max=? [ F s1=12&s2=12 ]
Model constants: COL=5,TRANS_TIME_MAX=1500

Warning: Not Switching to explicit engine, We implemented the emthods for sparse engine.

Building model...
Model constants: COL=5,TRANS_TIME_MAX=1500

Computing reachable states...

Reachability (BFS): 1642 iterations in 61.44 seconds (average 0.037418, setup 0.00)

Time for model construction: 79.808 seconds.

Type:        MDP
States:      1385913 (1 initial)
Transitions: 2819996
Choices:     2650016

Transition matrix: 634206 nodes (6 terminal), 2819996 minterms, vars: 55r/55c/7nd

Prob0E: 4940 iterations in 217.09 seconds (average 0.043945, setup 0.00)

Prob1A: 1 iterations in 0.09 seconds (average 0.092000, setup 0.00)

goal = 6, inf = 0, maybe = 1385907

Warning: Upper bound for interval iteration manually set to 1.2E12

Computing remaining rewards...
 7
Building sparse matrix (transitions)... [n=1385913, nc=2650010, nnz=2819990, k=3] [47.7 MB]
Building sparse matrix (transition rewards)... [n=1385913, nc=2650010, nnz=1228434, k=3] [29.5 MB]
Creating vector for state rewards... [10.6 MB]
Creating vector for inf... [10.6 MB]
Creating vector for lower bounds... [10.6 MB]
Creating vector for upper bounds... [10.6 MB]
Allocating iteration vectors... [4 x 10.6 MB]
TOTAL: [161.7 MB]

Starting iterations (interval iteration)...

 Time for pre-computation: 1.259000 Iteration 180: max relative diff=100000.000000, 3.74 sec so far
Iteration 427: max relative diff=100000.000000, 8.76 sec so far
Iteration 674: max relative diff=100000.000000, 13.76 sec so far
Iteration 921: max relative diff=100000.000000, 18.77 sec so far
Iteration 1168: max relative diff=100000.000000, 23.78 sec so far
Iteration 1415: max relative diff=100000.000000, 28.78 sec so far
Iteration 1662: max relative diff=9730.957031, 33.79 sec so far
Iteration 1909: max relative diff=9730.957031, 38.79 sec so far
Iteration 2156: max relative diff=9730.957031, 43.81 sec so far
Iteration 2403: max relative diff=9730.957031, 48.81 sec so far
Iteration 2650: max relative diff=9730.957031, 53.83 sec so far
Iteration 2897: max relative diff=9730.957031, 58.83 sec so far
Iteration 3144: max relative diff=1000.000000, 63.84 sec so far
Iteration 3391: max relative diff=1000.000000, 68.85 sec so far
Iteration 3638: max relative diff=1000.000000, 73.86 sec so far
Iteration 3885: max relative diff=1000.000000, 78.87 sec so far
Iteration 4132: max relative diff=1000.000000, 83.88 sec so far
Iteration 4379: max relative diff=1000.000000, 88.88 sec so far
Iteration 4626: max relative diff=170.824338, 93.89 sec so far
Iteration 4873: max relative diff=170.824338, 98.90 sec so far
Iteration 5120: max relative diff=170.824338, 103.92 sec so far
Iteration 5367: max relative diff=170.824338, 108.93 sec so far
Iteration 5614: max relative diff=170.824338, 113.94 sec so far
Iteration 5861: max relative diff=170.824338, 118.95 sec so far
Iteration 6108: max relative diff=10.363694, 123.96 sec so far
Iteration 6355: max relative diff=10.363694, 128.97 sec so far
Iteration 6602: max relative diff=10.363694, 133.99 sec so far
Iteration 6849: max relative diff=10.363694, 139.00 sec so far
Iteration 7096: max relative diff=10.363694, 144.01 sec so far
Iteration 7343: max relative diff=10.363694, 149.02 sec so far
Iteration 7590: max relative diff=0.440308, 154.03 sec so far
Iteration 7837: max relative diff=0.440308, 159.05 sec so far
Iteration 8084: max relative diff=0.440308, 164.07 sec so far
Iteration 8331: max relative diff=0.440308, 169.08 sec so far
Iteration 8578: max relative diff=0.440308, 174.09 sec so far
Iteration 8825: max relative diff=0.440308, 179.09 sec so far
Iteration 9072: max relative diff=0.010293, 184.10 sec so far
Iteration 9319: max relative diff=0.010293, 189.11 sec so far
Iteration 9566: max relative diff=0.010293, 194.12 sec so far
Iteration 9813: max relative diff=0.010293, 199.12 sec so far
Iteration 10060: max relative diff=0.010293, 204.12 sec so far
Iteration 10307: max relative diff=0.010293, 209.13 sec so far
Iteration 10554: max relative diff=0.000241, 214.13 sec so far
Iteration 10801: max relative diff=0.000241, 219.13 sec so far
Iteration 11048: max relative diff=0.000241, 224.15 sec so far
Iteration 11295: max relative diff=0.000241, 229.16 sec so far
Iteration 11542: max relative diff=0.000241, 234.16 sec so far
Iteration 11790: max relative diff=0.000241, 239.18 sec so far
Iteration 12037: max relative diff=0.000006, 244.18 sec so far
Iteration 12284: max relative diff=0.000006, 249.19 sec so far
Iteration 12531: max relative diff=0.000006, 254.21 sec so far
Iteration 12778: max relative diff=0.000006, 259.21 sec so far
Iteration 13025: max relative diff=0.000006, 264.22 sec so far
Iteration 13272: max relative diff=0.000006, 269.23 sec so far

First round (updates from below) finished after 13515 iters.Iteration 13518: max relative diff=50000.000000, 274.23 sec so far
Iteration 13736: max relative diff=10000.000000, 279.25 sec so far
Iteration 13954: max relative diff=10000.000000, 284.27 sec so far
Iteration 14172: max relative diff=10000.000000, 289.27 sec so far
Iteration 14390: max relative diff=10000.000000, 294.28 sec so far
Iteration 14608: max relative diff=10000.000000, 299.28 sec so far
Iteration 14826: max relative diff=10000.000000, 304.29 sec so far
Iteration 15045: max relative diff=1876.757812, 309.31 sec so far
Iteration 15265: max relative diff=1876.757812, 314.32 sec so far
Iteration 15489: max relative diff=1876.757812, 319.33 sec so far
Iteration 15716: max relative diff=1876.757812, 324.36 sec so far
Iteration 15946: max relative diff=1876.757812, 329.37 sec so far
Iteration 16179: max relative diff=1876.757812, 334.39 sec so far
Iteration 16414: max relative diff=1876.757812, 339.40 sec so far
Iteration 16654: max relative diff=303.421820, 344.41 sec so far
Iteration 16895: max relative diff=303.421820, 349.42 sec so far
Iteration 17136: max relative diff=303.421820, 354.43 sec so far
Iteration 17377: max relative diff=303.421820, 359.43 sec so far
Iteration 17618: max relative diff=303.421820, 364.43 sec so far
Iteration 17860: max relative diff=303.421820, 369.45 sec so far
Iteration 18101: max relative diff=23.433786, 374.45 sec so far
Iteration 18343: max relative diff=23.433786, 379.47 sec so far
Iteration 18584: max relative diff=23.433786, 384.47 sec so far
Iteration 18825: max relative diff=23.433786, 389.48 sec so far
Iteration 19066: max relative diff=23.433786, 394.48 sec so far
Iteration 19307: max relative diff=23.433786, 399.48 sec so far
Iteration 19548: max relative diff=1.297296, 404.50 sec so far
Iteration 19789: max relative diff=1.297296, 409.50 sec so far
Iteration 20030: max relative diff=1.297296, 414.51 sec so far
Iteration 20272: max relative diff=1.297296, 419.52 sec so far
Iteration 20513: max relative diff=1.297296, 424.53 sec so far
Iteration 20755: max relative diff=1.297296, 429.54 sec so far
Iteration 20996: max relative diff=1.297296, 434.55 sec so far
Iteration 21238: max relative diff=0.059156, 439.57 sec so far
Iteration 21479: max relative diff=0.059156, 444.57 sec so far
Iteration 21721: max relative diff=0.059156, 449.59 sec so far
Iteration 21962: max relative diff=0.059156, 454.59 sec so far
Iteration 22203: max relative diff=0.059156, 459.60 sec so far
Iteration 22444: max relative diff=0.059156, 464.61 sec so far
Iteration 22685: max relative diff=0.001224, 469.61 sec so far
Iteration 22926: max relative diff=0.001224, 474.62 sec so far
Iteration 23168: max relative diff=0.001224, 479.64 sec so far
Iteration 23409: max relative diff=0.001224, 484.64 sec so far
Iteration 23650: max relative diff=0.001224, 489.64 sec so far
Iteration 23891: max relative diff=0.001224, 494.65 sec so far
Iteration 24132: max relative diff=0.000027, 499.65 sec so far
Iteration 24373: max relative diff=0.000027, 504.66 sec so far
Iteration 24614: max relative diff=0.000027, 509.66 sec so far
Iteration 24855: max relative diff=0.000027, 514.67 sec so far
Iteration 25096: max relative diff=0.000027, 519.67 sec so far
Iteration 25337: max relative diff=0.000027, 524.69 sec so far

Second round (updates from above) finished after 25536 iters.
Update from both sides... 
Iteration 25567: max relative diff=0.001042, 529.69 sec so far
Iteration 25746: max relative diff=0.000918, 534.69 sec so far
Iteration 25926: max relative diff=0.000793, 539.72 sec so far
Iteration 26106: max relative diff=0.000668, 544.74 sec so far
Iteration 26286: max relative diff=0.000543, 549.76 sec so far
Iteration 26465: max relative diff=0.000419, 554.76 sec so far
Iteration 26645: max relative diff=0.000294, 559.79 sec so far
Iteration 26825: max relative diff=0.000169, 564.82 sec so far
Iteration 27004: max relative diff=0.000045, 569.82 sec so far
Iteration 27184: max relative diff=0.000023, 574.84 sec so far
Iteration 27363: max relative diff=0.000020, 579.84 sec so far
Iteration 27542: max relative diff=0.000017, 584.86 sec so far
Iteration 27722: max relative diff=0.000014, 589.87 sec so far
Iteration 27896: max relative diff=0.000011, 594.87 sec so far
Iteration 28075: max relative diff=0.000008, 599.88 sec so far
Iteration 28255: max relative diff=0.000005, 604.90 sec so far
Iteration 28434: max relative diff=0.000002, 609.91 sec so far
Max relative diff between upper and lower bound on convergence: 0

Number of iterations for the lower bound = 16488

Iterative method: 28509 iterations in 612.00 seconds (average 0.021467, setup 3.61)
Maximum finite value in solution vector at end of interval iteration: 1.6608744002649987E8

Value in the initial state: 3.322180207517801E7

Time for model checking: 834.512 seconds.

Result: 3.322180207517801E7 (value in the initial state)

---------------------------------------------------------------------

Note: There were 2 warnings during computation.

