PRISM
=====

Version: 4.4.dev
Date: Tue Mar 27 20:21:59 IRDT 2018
Hostname: sadegh-H81M-S2PH
Memory limits: cudd=1g, java(heap)=910.5m
Command line: prism ../models/brp/brp.pm ../models/brp/brp.pctl -s -prop 3 -maxiters 50000000 -nocompact -ii -const 'N=4096,MAX=4' -epsilon 1e-10

Parsing model file "../models/brp/brp.pm"...

Parsing properties file "../models/brp/brp.pctl"...

7 properties:
(1) P=? [ true U srep=1&rrep=3&recv ]
(2) P=? [ true U srep=3&!(rrep=3)&recv ]
(3) P=? [ true U s=5 ]
(4) P=? [ true U s=5&srep=2 ]
(5) P=? [ true U s=5&srep=1&i>8 ]
(6) P=? [ true U !(srep=0)&!recv ]
(7) R=? [ F "deadlock" ]

Type:        DTMC
Modules:     sender receiver checker channelK channelL 
Variables:   s srep nrtr i bs s_ab fs ls r rrep fr lr br r_ab recv T k l 

---------------------------------------------------------------------

Model checking: P=? [ true U s=5 ]
Model constants: N=4096,MAX=4

Building model...
Model constants: N=4096,MAX=4

Computing reachable states...

Reachability (BFS): 24589 iterations in 10.97 seconds (average 0.000446, setup 0.00)

Time for model construction: 19.776 seconds.

Warning: Deadlocks detected and fixed in 8197 states

Type:        DTMC
States:      278535 (1 initial)
Transitions: 368643

Transition matrix: 2957 nodes (6 terminal), 368643 minterms, vars: 41r/41c

Prob0: 15 iterations in 0.01 seconds (average 0.000533, setup 0.00)

Prob1: 24577 iterations in 9.83 seconds (average 0.000400, setup 0.00)

yes = 28672, no = 16399, maybe = 233464

Computing remaining probabilities...
Engine: Sparse

Building sparse matrix... [n=278535, nnz=323572] [4.0 MB]
Creating vector for diagonals... [2.1 MB]
Creating vector for RHS... [2.1 MB]
Allocating iteration vectors... [4 x 2.1 MB]
TOTAL: [16.7 MB]

Starting iterations...
Iteration 1324: max relative diff=0.999995, 5.00 sec so far
Iteration 2646: max relative diff=0.999990, 10.01 sec so far
Iteration 3970: max relative diff=0.999985, 15.01 sec so far
Iteration 5292: max relative diff=0.999980, 20.02 sec so far
Iteration 6612: max relative diff=0.999975, 25.02 sec so far
Iteration 7933: max relative diff=0.999969, 30.02 sec so far
Iteration 9251: max relative diff=0.999964, 35.03 sec so far
Iteration 10571: max relative diff=0.999959, 40.03 sec so far
Iteration 11896: max relative diff=0.999954, 45.04 sec so far
Iteration 13223: max relative diff=0.999949, 50.04 sec so far
Iteration 14545: max relative diff=0.999944, 55.04 sec so far
Iteration 15869: max relative diff=0.999939, 60.05 sec so far
Iteration 17188: max relative diff=0.999934, 65.05 sec so far
Iteration 18508: max relative diff=0.999929, 70.06 sec so far
Iteration 19830: max relative diff=0.999923, 75.06 sec so far
Iteration 21148: max relative diff=0.999918, 80.06 sec so far
Iteration 22467: max relative diff=0.999913, 85.07 sec so far
Iteration 23787: max relative diff=0.999908, 90.07 sec so far
Iteration 25104: max relative diff=0.000147, 95.08 sec so far
Max relative diff between upper and lower bound on convergence: 7.85568E-11
Jacobi (interval iteration): 25188 iterations in 95.75 seconds (average 0.003787, setup 0.35)

Value in the initial state: 9.62543512572316E-5

Time for model checking: 105.745 seconds.

Result: 9.62543512572316E-5 (value in the initial state)

---------------------------------------------------------------------

Note: There was 1 warning during computation.

