PRISM
=====

Version: 4.4.dev
Date: Tue Mar 27 21:06:15 IRDT 2018
Hostname: sadegh-H81M-S2PH
Memory limits: cudd=1g, java(heap)=910.5m
Command line: prism ../models/brp/brp.pm ../models/brp/brp.pctl -s -prop 3 -maxiters 50000000 -nocompact -improvedgs -const 'N=8192,MAX=6' -epsilon 1e-8

Parsing model file "../models/brp/brp.pm"...

Parsing properties file "../models/brp/brp.pctl"...

7 properties:
(1) P=? [ true U srep=1&rrep=3&recv ]
(2) P=? [ true U srep=3&!(rrep=3)&recv ]
(3) P=? [ true U s=5 ]
(4) P=? [ true U s=5&srep=2 ]
(5) P=? [ true U s=5&srep=1&i>8 ]
(6) P=? [ true U !(srep=0)&!recv ]
(7) R=? [ F "deadlock" ]

Type:        DTMC
Modules:     sender receiver checker channelK channelL 
Variables:   s srep nrtr i bs s_ab fs ls r rrep fr lr br r_ab recv T k l 

---------------------------------------------------------------------

Model checking: P=? [ true U s=5 ]
Model constants: N=8192,MAX=6

Building model...
Model constants: N=8192,MAX=6

Computing reachable states...

Reachability (BFS): 49169 iterations in 24.76 seconds (average 0.000503, setup 0.00)

Time for model construction: 64.066 seconds.

Warning: Deadlocks detected and fixed in 16391 states

Type:        DTMC
States:      770057 (1 initial)
Transitions: 1032195

Transition matrix: 3051 nodes (6 terminal), 1032195 minterms, vars: 42r/42c

Prob0: 19 iterations in 0.01 seconds (average 0.000632, setup 0.00)

Prob1: 49153 iterations in 20.62 seconds (average 0.000419, setup 0.00)

yes = 57344, no = 32789, maybe = 679924

Computing remaining probabilities...
Engine: Sparse

Building sparse matrix... [n=770057, nnz=942062] [11.5 MB]
Creating vector for diagonals... [5.9 MB]
Creating vector for RHS... [5.9 MB]
Allocating iteration vector... [5.9 MB]
TOTAL: [29.1 MB]

Starting iterations...
Iteration 8327: max relative diff=0.000000, 23.41 sec so far

Gauss-Seidel: 8327 iterations in 23.41 seconds (average 0.002811, setup 0.92)

Number of state Updates: -2112M 

Value in the initial state: 1.7096363705256591E-7

Time for model checking: 44.959 seconds.

Result: 1.7096363705256591E-7 (value in the initial state)

---------------------------------------------------------------------

Note: There was 1 warning during computation.

