PRISM
=====

Version: 4.4.dev
Date: Tue Mar 27 20:49:36 IRDT 2018
Hostname: sadegh-H81M-S2PH
Memory limits: cudd=1g, java(heap)=910.5m
Command line: prism ../models/brp/brp.pm ../models/brp/brp.pctl -s -prop 3 -maxiters 50000000 -nocompact -improvedgs -const 'N=4096,MAX=6' -epsilon 1e-8

Parsing model file "../models/brp/brp.pm"...

Parsing properties file "../models/brp/brp.pctl"...

7 properties:
(1) P=? [ true U srep=1&rrep=3&recv ]
(2) P=? [ true U srep=3&!(rrep=3)&recv ]
(3) P=? [ true U s=5 ]
(4) P=? [ true U s=5&srep=2 ]
(5) P=? [ true U s=5&srep=1&i>8 ]
(6) P=? [ true U !(srep=0)&!recv ]
(7) R=? [ F "deadlock" ]

Type:        DTMC
Modules:     sender receiver checker channelK channelL 
Variables:   s srep nrtr i bs s_ab fs ls r rrep fr lr br r_ab recv T k l 

---------------------------------------------------------------------

Model checking: P=? [ true U s=5 ]
Model constants: N=4096,MAX=6

Building model...
Model constants: N=4096,MAX=6

Computing reachable states...

Reachability (BFS): 24593 iterations in 12.20 seconds (average 0.000496, setup 0.00)

Time for model construction: 21.017 seconds.

Warning: Deadlocks detected and fixed in 8199 states

Type:        DTMC
States:      385033 (1 initial)
Transitions: 516099

Transition matrix: 2961 nodes (6 terminal), 516099 minterms, vars: 41r/41c

Prob0: 19 iterations in 0.01 seconds (average 0.000632, setup 0.00)

Prob1: 24577 iterations in 10.10 seconds (average 0.000411, setup 0.00)

yes = 28672, no = 16405, maybe = 339956

Computing remaining probabilities...
Engine: Sparse

Building sparse matrix... [n=385033, nnz=471022] [5.8 MB]
Creating vector for diagonals... [2.9 MB]
Creating vector for RHS... [2.9 MB]
Allocating iteration vector... [2.9 MB]
TOTAL: [14.6 MB]

Starting iterations...
Iteration 4178: max relative diff=0.000000, 5.80 sec so far

Gauss-Seidel: 4178 iterations in 5.80 seconds (average 0.001388, setup 0.46)

Number of state Updates: 547M 

Value in the initial state: 8.54818227724917E-8

Time for model checking: 16.378 seconds.

Result: 8.54818227724917E-8 (value in the initial state)

---------------------------------------------------------------------

Note: There was 1 warning during computation.

