PRISM
=====

Version: 4.4.dev
Date: Tue Mar 27 21:01:07 IRDT 2018
Hostname: sadegh-H81M-S2PH
Memory limits: cudd=1g, java(heap)=910.5m
Command line: prism ../models/brp/brp.pm ../models/brp/brp.pctl -s -prop 3 -maxiters 50000000 -nocompact -gs -const 'N=8192,MAX=6' -epsilon 1e-8

Parsing model file "../models/brp/brp.pm"...

Parsing properties file "../models/brp/brp.pctl"...

7 properties:
(1) P=? [ true U srep=1&rrep=3&recv ]
(2) P=? [ true U srep=3&!(rrep=3)&recv ]
(3) P=? [ true U s=5 ]
(4) P=? [ true U s=5&srep=2 ]
(5) P=? [ true U s=5&srep=1&i>8 ]
(6) P=? [ true U !(srep=0)&!recv ]
(7) R=? [ F "deadlock" ]

Type:        DTMC
Modules:     sender receiver checker channelK channelL 
Variables:   s srep nrtr i bs s_ab fs ls r rrep fr lr br r_ab recv T k l 

---------------------------------------------------------------------

Model checking: P=? [ true U s=5 ]
Model constants: N=8192,MAX=6

Building model...
Model constants: N=8192,MAX=6

Computing reachable states...

Reachability (BFS): 49169 iterations in 24.75 seconds (average 0.000503, setup 0.00)

Time for model construction: 63.426 seconds.

Warning: Deadlocks detected and fixed in 16391 states

Type:        DTMC
States:      770057 (1 initial)
Transitions: 1032195

Transition matrix: 3051 nodes (6 terminal), 1032195 minterms, vars: 42r/42c

Prob0: 19 iterations in 0.01 seconds (average 0.000421, setup 0.00)

Prob1: 49153 iterations in 20.33 seconds (average 0.000414, setup 0.00)

yes = 57344, no = 32789, maybe = 679924

Computing remaining probabilities...
Engine: Sparse

Building sparse matrix... [n=770057, nnz=942062] [11.5 MB]
Creating vector for diagonals... [5.9 MB]
Creating vector for RHS... [5.9 MB]
Allocating iteration vector... [5.9 MB]
TOTAL: [29.1 MB]

Starting iterations...
Iteration 728: max relative diff=0.001396, 5.00 sec so far
Iteration 1457: max relative diff=0.000692, 10.01 sec so far
Iteration 2187: max relative diff=0.000460, 15.02 sec so far
Iteration 2918: max relative diff=0.000344, 20.02 sec so far
Iteration 3650: max relative diff=0.000275, 25.03 sec so far
Iteration 4381: max relative diff=0.000229, 30.04 sec so far
Iteration 5116: max relative diff=0.000196, 35.04 sec so far
Iteration 5852: max relative diff=0.000171, 40.05 sec so far
Iteration 6588: max relative diff=0.000152, 45.06 sec so far
Iteration 7326: max relative diff=0.000137, 50.06 sec so far
Iteration 8063: max relative diff=0.000124, 55.07 sec so far
Iteration 8800: max relative diff=0.000114, 60.07 sec so far
Iteration 9540: max relative diff=0.000105, 65.08 sec so far
Iteration 10280: max relative diff=0.000097, 70.08 sec so far
Iteration 11022: max relative diff=0.000091, 75.09 sec so far
Iteration 11765: max relative diff=0.000085, 80.10 sec so far
Iteration 12509: max relative diff=0.000080, 85.10 sec so far
Iteration 13254: max relative diff=0.000076, 90.11 sec so far
Iteration 13999: max relative diff=0.000071, 95.11 sec so far
Iteration 14748: max relative diff=0.000068, 100.12 sec so far
Iteration 15497: max relative diff=0.000065, 105.12 sec so far
Iteration 16246: max relative diff=0.000062, 110.13 sec so far
Iteration 16993: max relative diff=0.000059, 115.13 sec so far
Iteration 17744: max relative diff=0.000056, 120.14 sec so far
Iteration 18498: max relative diff=0.000054, 125.15 sec so far
Iteration 19253: max relative diff=0.000052, 130.15 sec so far
Iteration 20006: max relative diff=0.000050, 135.16 sec so far
Iteration 20760: max relative diff=0.000048, 140.16 sec so far
Iteration 21515: max relative diff=0.000047, 145.17 sec so far
Iteration 22272: max relative diff=0.000045, 150.17 sec so far
Iteration 23028: max relative diff=0.000043, 155.18 sec so far
Iteration 23786: max relative diff=0.000042, 160.18 sec so far
Iteration 24541: max relative diff=0.000041, 165.19 sec so far
Iteration 25303: max relative diff=0.000040, 170.19 sec so far
Iteration 26067: max relative diff=0.000038, 175.20 sec so far
Iteration 26829: max relative diff=0.000037, 180.20 sec so far
Iteration 27593: max relative diff=0.000036, 185.21 sec so far
Iteration 28358: max relative diff=0.000035, 190.22 sec so far
Iteration 29123: max relative diff=0.000034, 195.22 sec so far
Iteration 29890: max relative diff=0.000033, 200.22 sec so far
Iteration 30659: max relative diff=0.000033, 205.23 sec so far
Iteration 31429: max relative diff=0.000032, 210.23 sec so far
Iteration 32200: max relative diff=0.000031, 215.24 sec so far
Iteration 32972: max relative diff=0.000030, 220.24 sec so far

Gauss-Seidel: 33195 iterations in 221.69 seconds (average 0.006678, setup 0.92)

Number of state Updates: 1095M 

Value in the initial state: 1.7096363049464504E-7

Time for model checking: 243.101 seconds.

Result: 1.7096363049464504E-7 (value in the initial state)

---------------------------------------------------------------------

Note: There was 1 warning during computation.

