PRISM
=====

Version: 4.4.dev
Date: Tue Mar 27 20:36:02 IRDT 2018
Hostname: sadegh-H81M-S2PH
Memory limits: cudd=1g, java(heap)=910.5m
Command line: prism ../models/brp/brp.pm ../models/brp/brp.pctl -s -prop 3 -maxiters 50000000 -nocompact -ii -const 'N=8192,MAX=4' -epsilon 1e-10

Parsing model file "../models/brp/brp.pm"...

Parsing properties file "../models/brp/brp.pctl"...

7 properties:
(1) P=? [ true U srep=1&rrep=3&recv ]
(2) P=? [ true U srep=3&!(rrep=3)&recv ]
(3) P=? [ true U s=5 ]
(4) P=? [ true U s=5&srep=2 ]
(5) P=? [ true U s=5&srep=1&i>8 ]
(6) P=? [ true U !(srep=0)&!recv ]
(7) R=? [ F "deadlock" ]

Type:        DTMC
Modules:     sender receiver checker channelK channelL 
Variables:   s srep nrtr i bs s_ab fs ls r rrep fr lr br r_ab recv T k l 

---------------------------------------------------------------------

Model checking: P=? [ true U s=5 ]
Model constants: N=8192,MAX=4

Building model...
Model constants: N=8192,MAX=4

Computing reachable states...

Reachability (BFS): 49165 iterations in 23.36 seconds (average 0.000475, setup 0.00)

Time for model construction: 63.284 seconds.

Warning: Deadlocks detected and fixed in 16389 states

Type:        DTMC
States:      557063 (1 initial)
Transitions: 737283

Transition matrix: 3047 nodes (6 terminal), 737283 minterms, vars: 42r/42c

Prob0: 15 iterations in 0.01 seconds (average 0.000800, setup 0.00)

Prob1: 49153 iterations in 19.98 seconds (average 0.000407, setup 0.00)

yes = 57344, no = 32783, maybe = 466936

Computing remaining probabilities...
Engine: Sparse

Building sparse matrix... [n=557063, nnz=647156] [7.9 MB]
Creating vector for diagonals... [4.3 MB]
Creating vector for RHS... [4.3 MB]
Allocating iteration vectors... [4 x 4.3 MB]
TOTAL: [33.4 MB]

Starting iterations...
Iteration 666: max relative diff=0.999997, 5.00 sec so far
Iteration 1334: max relative diff=0.999995, 10.01 sec so far
Iteration 2001: max relative diff=0.999992, 15.01 sec so far
Iteration 2668: max relative diff=0.999990, 20.02 sec so far
Iteration 3334: max relative diff=0.999987, 25.02 sec so far
Iteration 4001: max relative diff=0.999985, 30.03 sec so far
Iteration 4668: max relative diff=0.999982, 35.04 sec so far
Iteration 5335: max relative diff=0.999979, 40.05 sec so far
Iteration 6003: max relative diff=0.999977, 45.05 sec so far
Iteration 6669: max relative diff=0.999974, 50.06 sec so far
Iteration 7337: max relative diff=0.999972, 55.06 sec so far
Iteration 8002: max relative diff=0.999969, 60.07 sec so far
Iteration 8669: max relative diff=0.999967, 65.08 sec so far
Iteration 9333: max relative diff=0.999964, 70.08 sec so far
Iteration 9999: max relative diff=0.999961, 75.08 sec so far
Iteration 10666: max relative diff=0.999959, 80.09 sec so far
Iteration 11334: max relative diff=0.999956, 85.10 sec so far
Iteration 12004: max relative diff=0.999954, 90.10 sec so far
Iteration 12671: max relative diff=0.999951, 95.11 sec so far
Iteration 13338: max relative diff=0.999949, 100.12 sec so far
Iteration 14005: max relative diff=0.999946, 105.12 sec so far
Iteration 14673: max relative diff=0.999943, 110.13 sec so far
Iteration 15339: max relative diff=0.999941, 115.14 sec so far
Iteration 16006: max relative diff=0.999938, 120.14 sec so far
Iteration 16673: max relative diff=0.999936, 125.15 sec so far
Iteration 17339: max relative diff=0.999933, 130.16 sec so far
Iteration 18007: max relative diff=0.999930, 135.17 sec so far
Iteration 18675: max relative diff=0.999928, 140.18 sec so far
Iteration 19341: max relative diff=0.999925, 145.18 sec so far
Iteration 20007: max relative diff=0.999923, 150.19 sec so far
Iteration 20672: max relative diff=0.999920, 155.19 sec so far
Iteration 21337: max relative diff=0.999918, 160.20 sec so far
Iteration 22001: max relative diff=0.999915, 165.20 sec so far
Iteration 22667: max relative diff=0.999912, 170.20 sec so far
Iteration 23334: max relative diff=0.999910, 175.21 sec so far
Iteration 23997: max relative diff=0.999907, 180.21 sec so far
Iteration 24664: max relative diff=0.999905, 185.22 sec so far
Iteration 25329: max relative diff=0.999902, 190.22 sec so far
Iteration 25995: max relative diff=0.999900, 195.23 sec so far
Iteration 26661: max relative diff=0.999897, 200.23 sec so far
Iteration 27328: max relative diff=0.999894, 205.24 sec so far
Iteration 27994: max relative diff=0.999892, 210.25 sec so far
Iteration 28660: max relative diff=0.999889, 215.26 sec so far
Iteration 29326: max relative diff=0.999887, 220.26 sec so far
Iteration 29993: max relative diff=0.999884, 225.27 sec so far
Iteration 30661: max relative diff=0.999882, 230.27 sec so far
Iteration 31330: max relative diff=0.999879, 235.28 sec so far
Iteration 31996: max relative diff=0.999876, 240.29 sec so far
Iteration 32663: max relative diff=0.999874, 245.30 sec so far
Iteration 33330: max relative diff=0.999871, 250.30 sec so far
Iteration 33998: max relative diff=0.999869, 255.31 sec so far
Iteration 34665: max relative diff=0.999866, 260.32 sec so far
Iteration 35331: max relative diff=0.999864, 265.32 sec so far
Iteration 35996: max relative diff=0.999861, 270.33 sec so far
Iteration 36662: max relative diff=0.999858, 275.34 sec so far
Iteration 37328: max relative diff=0.999856, 280.34 sec so far
Iteration 37996: max relative diff=0.999853, 285.35 sec so far
Iteration 38663: max relative diff=0.999851, 290.36 sec so far
Iteration 39328: max relative diff=0.999848, 295.37 sec so far
Iteration 39994: max relative diff=0.999846, 300.37 sec so far
Iteration 40658: max relative diff=0.999843, 305.38 sec so far
Iteration 41324: max relative diff=0.999840, 310.38 sec so far
Iteration 41989: max relative diff=0.999838, 315.38 sec so far
Iteration 42655: max relative diff=0.999835, 320.39 sec so far
Iteration 43322: max relative diff=0.999833, 325.40 sec so far
Iteration 43988: max relative diff=0.999830, 330.40 sec so far
Iteration 44654: max relative diff=0.999828, 335.40 sec so far
Iteration 45319: max relative diff=0.999825, 340.41 sec so far
Iteration 45985: max relative diff=0.999822, 345.42 sec so far
Iteration 46650: max relative diff=0.999820, 350.42 sec so far
Iteration 47316: max relative diff=0.999817, 355.43 sec so far
Iteration 47982: max relative diff=0.999815, 360.44 sec so far
Iteration 48649: max relative diff=0.999812, 365.44 sec so far
Iteration 49317: max relative diff=0.999810, 370.45 sec so far
Iteration 49984: max relative diff=0.561543, 375.46 sec so far
Max relative diff between upper and lower bound on convergence: 7.80229E-11
Jacobi (interval iteration): 50196 iterations in 377.74 seconds (average 0.007512, setup 0.69)

Value in the initial state: 1.9249943761426687E-4

Time for model checking: 397.988 seconds.

Result: 1.9249943761426687E-4 (value in the initial state)

---------------------------------------------------------------------

Note: There was 1 warning during computation.

