PRISM
=====

Version: 4.4.dev
Date: Tue Mar 27 20:48:08 IRDT 2018
Hostname: sadegh-H81M-S2PH
Memory limits: cudd=1g, java(heap)=910.5m
Command line: prism ../models/brp/brp.pm ../models/brp/brp.pctl -s -prop 3 -maxiters 50000000 -nocompact -gs -const 'N=4096,MAX=6' -epsilon 1e-8

Parsing model file "../models/brp/brp.pm"...

Parsing properties file "../models/brp/brp.pctl"...

7 properties:
(1) P=? [ true U srep=1&rrep=3&recv ]
(2) P=? [ true U srep=3&!(rrep=3)&recv ]
(3) P=? [ true U s=5 ]
(4) P=? [ true U s=5&srep=2 ]
(5) P=? [ true U s=5&srep=1&i>8 ]
(6) P=? [ true U !(srep=0)&!recv ]
(7) R=? [ F "deadlock" ]

Type:        DTMC
Modules:     sender receiver checker channelK channelL 
Variables:   s srep nrtr i bs s_ab fs ls r rrep fr lr br r_ab recv T k l 

---------------------------------------------------------------------

Model checking: P=? [ true U s=5 ]
Model constants: N=4096,MAX=6

Building model...
Model constants: N=4096,MAX=6

Computing reachable states...

Reachability (BFS): 24593 iterations in 11.96 seconds (average 0.000486, setup 0.00)

Time for model construction: 20.997 seconds.

Warning: Deadlocks detected and fixed in 8199 states

Type:        DTMC
States:      385033 (1 initial)
Transitions: 516099

Transition matrix: 2961 nodes (6 terminal), 516099 minterms, vars: 41r/41c

Prob0: 19 iterations in 0.01 seconds (average 0.000632, setup 0.00)

Prob1: 24577 iterations in 10.00 seconds (average 0.000407, setup 0.00)

yes = 28672, no = 16405, maybe = 339956

Computing remaining probabilities...
Engine: Sparse

Building sparse matrix... [n=385033, nnz=471022] [5.8 MB]
Creating vector for diagonals... [2.9 MB]
Creating vector for RHS... [2.9 MB]
Allocating iteration vector... [2.9 MB]
TOTAL: [14.6 MB]

Starting iterations...
Iteration 1462: max relative diff=0.000690, 5.00 sec so far
Iteration 2929: max relative diff=0.000343, 10.01 sec so far
Iteration 4405: max relative diff=0.000228, 15.01 sec so far
Iteration 5885: max relative diff=0.000170, 20.02 sec so far
Iteration 7372: max relative diff=0.000136, 25.02 sec so far
Iteration 8868: max relative diff=0.000113, 30.02 sec so far
Iteration 10367: max relative diff=0.000097, 35.03 sec so far
Iteration 11878: max relative diff=0.000084, 40.03 sec so far
Iteration 13398: max relative diff=0.000075, 45.04 sec so far
Iteration 14920: max relative diff=0.000067, 50.04 sec so far
Iteration 16456: max relative diff=0.000061, 55.04 sec so far

Gauss-Seidel: 16624 iterations in 55.59 seconds (average 0.003344, setup 0.46)

Number of state Updates: 1356M 

Value in the initial state: 8.548182009499966E-8

Time for model checking: 66.173 seconds.

Result: 8.548182009499966E-8 (value in the initial state)

---------------------------------------------------------------------

Note: There was 1 warning during computation.

