PRISM
=====

Version: 4.4.dev
Date: Thu Mar 29 07:36:06 IRDT 2018
Hostname: sadegh-H81M-S2PH
Memory limits: cudd=1g, java(heap)=910.5m
Command line: prism ../models/consensus/coin5.nm ../models/consensus/coin.pctl -s -prop 4 -const K=32 -modpoliter -maxiters 25000000 -epsilon 1e-8

Parsing model file "../models/consensus/coin5.nm"...

Parsing properties file "../models/consensus/coin.pctl"...

8 properties:
(1) P>=1 [ F "finished" ]
(2) Pmin=? [ F "finished"&"all_coins_equal_0" ]
(3) Pmin=? [ F "finished"&"all_coins_equal_1" ]
(4) Pmax=? [ F "finished"&!"agree" ]
(5) Pmin=? [ F<=k "finished" ]
(6) Pmax=? [ F<=k "finished" ]
(7) R{"steps"}min=? [ F "finished" ]
(8) R{"steps"}max=? [ F "finished" ]

Type:        MDP
Modules:     process1 process2 process3 process4 process5 
Variables:   counter pc1 coin1 pc2 coin2 pc3 coin3 pc4 coin4 pc5 coin5 

---------------------------------------------------------------------

Model checking: Pmax=? [ F "finished"&!"agree" ]
Model constants: K=32

Building model...
Model constants: K=32

Computing reachable states...

Reachability (BFS): 1924 iterations in 0.48 seconds (average 0.000252, setup 0.00)

Time for model construction: 0.794 seconds.

Type:        MDP
States:      2496256 (1 initial)
Transitions: 10435120
Choices:     8350720

Transition matrix: 4470 nodes (3 terminal), 10435120 minterms, vars: 24r/24c/5nd

Prob0A: 1446 iterations in 2.08 seconds (average 0.001436, setup 0.00)

Prob1E: 199960 iterations in 557.06 seconds (average 0.002786, setup 0.00)

yes = 820990, no = 5042, maybe = 1670224

Computing remaining probabilities...
Engine: Sparse

Building sparse matrix (FOR POLICY ITERASION)... [n=2496256, nc=6357710, nnz=7948700, k=5] [99.4 MB]
Creating vector for yes...[19.0 MB]
Allocating iteration vectors... [2 x 19.0 MB]
TOTAL: [156.5 MB]

Starting iterations...
Iteration 303: max relative diff=1.000000, 5.14 sec so far
Iteration 606: max relative diff=1.000000, 10.84 sec so far
Iteration 909: max relative diff=1.000000, 16.81 sec so far
Iteration 1212: max relative diff=0.629128, 22.83 sec so far
Iteration 1515: max relative diff=0.401344, 28.84 sec so far
Iteration 1818: max relative diff=0.277973, 34.85 sec so far
Iteration 2121: max relative diff=1.000000, 40.87 sec so far
Iteration 2424: max relative diff=1.000000, 46.94 sec so far
Iteration 2727: max relative diff=1.000000, 53.12 sec so far
Iteration 3030: max relative diff=0.127442, 59.26 sec so far
Iteration 3333: max relative diff=0.057233, 65.45 sec so far
Iteration 3636: max relative diff=0.039682, 71.64 sec so far
Iteration 3939: max relative diff=0.032572, 77.83 sec so far
Iteration 4242: max relative diff=0.027873, 84.03 sec so far
Iteration 4545: max relative diff=0.024230, 90.21 sec so far
Iteration 4848: max relative diff=0.021277, 96.33 sec so far
Iteration 5151: max relative diff=0.018828, 102.44 sec so far
Iteration 5454: max relative diff=0.016775, 108.54 sec so far
Iteration 5757: max relative diff=0.015045, 114.65 sec so far
Iteration 6060: max relative diff=0.013569, 120.76 sec so far
Iteration 6363: max relative diff=0.012299, 126.90 sec so far
Iteration 6666: max relative diff=0.011198, 133.03 sec so far
Iteration 6969: max relative diff=0.010237, 139.16 sec so far
Iteration 7272: max relative diff=0.009394, 145.29 sec so far
Iteration 7575: max relative diff=0.008650, 151.44 sec so far
Iteration 7878: max relative diff=0.007990, 157.60 sec so far
Iteration 8181: max relative diff=0.007403, 163.76 sec so far
Iteration 8484: max relative diff=0.006878, 169.91 sec so far
Iteration 8787: max relative diff=0.006406, 176.10 sec so far
Iteration 9090: max relative diff=0.005981, 182.29 sec so far
Iteration 9393: max relative diff=0.005596, 188.46 sec so far
Iteration 9696: max relative diff=0.005248, 194.68 sec so far
Iteration 9999: max relative diff=0.004930, 200.88 sec so far
Iteration 10302: max relative diff=0.004641, 207.06 sec so far
Iteration 10605: max relative diff=0.004376, 213.27 sec so far
Iteration 10908: max relative diff=0.004132, 219.47 sec so far
Iteration 11211: max relative diff=0.003909, 225.68 sec so far
Iteration 11514: max relative diff=0.003702, 231.92 sec so far
Iteration 11817: max relative diff=0.003512, 238.14 sec so far
Iteration 12120: max relative diff=0.003336, 244.30 sec so far
Iteration 12423: max relative diff=0.003172, 250.42 sec so far
Iteration 12726: max relative diff=0.003020, 256.56 sec so far
Iteration 13029: max relative diff=0.002879, 262.73 sec so far
Iteration 13332: max relative diff=0.002747, 268.91 sec so far
Iteration 13635: max relative diff=0.002624, 275.07 sec so far
Iteration 13938: max relative diff=0.002509, 281.24 sec so far
Iteration 14241: max relative diff=0.002401, 287.38 sec so far
Iteration 14544: max relative diff=0.002300, 293.49 sec so far
Iteration 14847: max relative diff=0.002205, 299.60 sec so far
Iteration 15150: max relative diff=0.002116, 305.72 sec so far
Iteration 15453: max relative diff=0.002032, 311.81 sec so far
Iteration 15756: max relative diff=0.001953, 317.91 sec so far
Iteration 16059: max relative diff=0.001879, 324.03 sec so far
Iteration 16362: max relative diff=0.001808, 330.11 sec so far
Iteration 16665: max relative diff=0.001741, 336.21 sec so far
Iteration 16968: max relative diff=0.001678, 342.30 sec so far
Iteration 17271: max relative diff=0.001618, 348.40 sec so far
Iteration 17574: max relative diff=0.001562, 354.48 sec so far
Iteration 17877: max relative diff=0.001508, 360.57 sec so far
Iteration 18180: max relative diff=0.001457, 366.65 sec so far
Iteration 18483: max relative diff=0.001408, 372.66 sec so far
Iteration 18786: max relative diff=0.001362, 378.62 sec so far
Iteration 19089: max relative diff=0.001318, 384.56 sec so far
Iteration 19392: max relative diff=0.001276, 390.50 sec so far
Iteration 19695: max relative diff=0.001236, 396.44 sec so far
Iteration 19998: max relative diff=0.001197, 402.36 sec so far
Iteration 20301: max relative diff=0.001161, 408.30 sec so far
Iteration 20604: max relative diff=0.001126, 414.26 sec so far
Iteration 20907: max relative diff=0.001092, 420.18 sec so far
Iteration 21210: max relative diff=0.001060, 426.09 sec so far
Iteration 21513: max relative diff=0.001030, 432.02 sec so far
Iteration 21816: max relative diff=0.001000, 437.93 sec so far
Iteration 22119: max relative diff=0.000972, 443.81 sec so far
Iteration 22422: max relative diff=0.000945, 449.66 sec so far
Iteration 22725: max relative diff=0.000919, 455.54 sec so far
Iteration 23028: max relative diff=0.000895, 461.43 sec so far
Iteration 23331: max relative diff=0.000871, 467.29 sec so far
Iteration 23634: max relative diff=0.000848, 473.13 sec so far
Iteration 23937: max relative diff=0.000826, 478.97 sec so far
Iteration 24240: max relative diff=0.000804, 484.81 sec so far
Iteration 24543: max relative diff=0.000784, 490.62 sec so far
Iteration 24846: max relative diff=0.000764, 496.46 sec so far
Iteration 25149: max relative diff=0.000745, 502.25 sec so far
Iteration 25452: max relative diff=0.000727, 508.05 sec so far
Iteration 25755: max relative diff=0.000709, 513.84 sec so far
Iteration 26058: max relative diff=0.000692, 519.66 sec so far
Iteration 26361: max relative diff=0.000676, 525.46 sec so far
Iteration 26664: max relative diff=0.000660, 531.26 sec so far
Iteration 26967: max relative diff=0.000644, 537.05 sec so far
Iteration 27270: max relative diff=0.000630, 542.88 sec so far
Iteration 27573: max relative diff=0.000615, 548.68 sec so far
Iteration 27876: max relative diff=0.000601, 554.48 sec so far
Iteration 28179: max relative diff=0.000588, 560.34 sec so far
Iteration 28482: max relative diff=0.000575, 566.17 sec so far
Iteration 28785: max relative diff=0.000562, 572.00 sec so far
Iteration 29088: max relative diff=0.000550, 577.82 sec so far
Iteration 29391: max relative diff=0.000538, 583.64 sec so far
Iteration 29694: max relative diff=0.000527, 589.47 sec so far
Iteration 29997: max relative diff=0.000516, 595.30 sec so far
Iteration 30300: max relative diff=0.000505, 601.14 sec so far
Iteration 30603: max relative diff=0.000495, 606.96 sec so far
Iteration 30906: max relative diff=0.000484, 612.82 sec so far
Iteration 31209: max relative diff=0.000475, 618.66 sec so far
Iteration 31512: max relative diff=0.000465, 624.51 sec so far
Iteration 31815: max relative diff=0.000456, 630.34 sec so far
Iteration 32118: max relative diff=0.000447, 636.19 sec so far
Iteration 32421: max relative diff=0.000438, 642.03 sec so far
Iteration 32724: max relative diff=0.000430, 647.88 sec so far
Iteration 33027: max relative diff=0.000421, 653.69 sec so far
Iteration 33330: max relative diff=0.000413, 659.54 sec so far
Iteration 33633: max relative diff=0.000405, 665.36 sec so far
Iteration 33936: max relative diff=0.000398, 671.19 sec so far
Iteration 34239: max relative diff=0.000390, 677.04 sec so far
Iteration 34542: max relative diff=0.000383, 682.86 sec so far
Iteration 34845: max relative diff=0.000376, 688.65 sec so far
Iteration 35148: max relative diff=0.000369, 694.45 sec so far
Iteration 35451: max relative diff=0.000363, 700.26 sec so far
Iteration 35754: max relative diff=0.000356, 706.06 sec so far
Iteration 36057: max relative diff=0.000350, 711.88 sec so far
Iteration 36360: max relative diff=0.000344, 717.68 sec so far
Iteration 36663: max relative diff=0.000338, 723.47 sec so far
Iteration 36966: max relative diff=0.000332, 729.27 sec so far
Iteration 37269: max relative diff=0.000326, 735.09 sec so far
Iteration 37572: max relative diff=0.000321, 740.89 sec so far
Iteration 37875: max relative diff=0.000315, 746.68 sec so far
Iteration 38178: max relative diff=0.000310, 752.45 sec so far
Iteration 38481: max relative diff=0.000305, 758.26 sec so far
Iteration 38784: max relative diff=0.000300, 764.03 sec so far
Iteration 39087: max relative diff=0.000295, 769.82 sec so far
Iteration 39390: max relative diff=0.000290, 775.60 sec so far
Iteration 39693: max relative diff=0.000285, 781.40 sec so far
Iteration 39996: max relative diff=0.000281, 787.18 sec so far
Iteration 40299: max relative diff=0.000276, 792.96 sec so far
Iteration 40602: max relative diff=0.000272, 798.72 sec so far
Iteration 40905: max relative diff=0.000267, 804.51 sec so far
Iteration 41208: max relative diff=0.000263, 810.28 sec so far
Iteration 41511: max relative diff=0.000259, 816.04 sec so far
Iteration 41814: max relative diff=0.000255, 821.82 sec so far
Iteration 42117: max relative diff=0.000251, 827.62 sec so far
Iteration 42420: max relative diff=0.000247, 833.41 sec so far
Iteration 42723: max relative diff=0.000243, 839.18 sec so far
Iteration 43026: max relative diff=0.000240, 844.98 sec so far
Iteration 43329: max relative diff=0.000236, 850.76 sec so far
Iteration 43632: max relative diff=0.000233, 856.55 sec so far
Iteration 43935: max relative diff=0.000229, 862.32 sec so far
Iteration 44238: max relative diff=0.000226, 868.11 sec so far
Iteration 44541: max relative diff=0.000222, 873.89 sec so far
Iteration 44844: max relative diff=0.000219, 879.65 sec so far
Iteration 45147: max relative diff=0.000216, 885.41 sec so far
Iteration 45450: max relative diff=0.000213, 891.20 sec so far
Iteration 45753: max relative diff=0.000210, 896.96 sec so far
Iteration 46056: max relative diff=0.000207, 902.72 sec so far
Iteration 46359: max relative diff=0.000204, 908.47 sec so far
Iteration 46662: max relative diff=0.000201, 914.26 sec so far
Iteration 46965: max relative diff=0.000198, 920.02 sec so far
Iteration 47268: max relative diff=0.000195, 925.79 sec so far
Iteration 47571: max relative diff=0.000193, 931.56 sec so far
Iteration 47874: max relative diff=0.000190, 937.31 sec so far
Iteration 48177: max relative diff=0.000188, 943.06 sec so far
Iteration 48480: max relative diff=0.000185, 948.83 sec so far
Iteration 48783: max relative diff=0.000182, 954.60 sec so far
Iteration 49086: max relative diff=0.000180, 960.35 sec so far
Iteration 49389: max relative diff=0.000178, 966.08 sec so far
Iteration 49692: max relative diff=0.000175, 971.82 sec so far
Iteration 49995: max relative diff=0.000173, 977.56 sec so far
Iteration 50298: max relative diff=0.000171, 983.31 sec so far
Iteration 50601: max relative diff=0.000168, 989.04 sec so far
Iteration 50904: max relative diff=0.000166, 994.82 sec so far
Iteration 51207: max relative diff=0.000164, 1000.58 sec so far
Iteration 51510: max relative diff=0.000162, 1006.33 sec so far
Iteration 51813: max relative diff=0.000160, 1012.06 sec so far
Iteration 52116: max relative diff=0.000158, 1017.80 sec so far
Iteration 52419: max relative diff=0.000156, 1023.53 sec so far
Iteration 52722: max relative diff=0.000154, 1029.25 sec so far
Iteration 53025: max relative diff=0.000152, 1034.98 sec so far
Iteration 53328: max relative diff=0.000150, 1040.72 sec so far
Iteration 53631: max relative diff=0.000148, 1046.46 sec so far
Iteration 53934: max relative diff=0.000146, 1052.20 sec so far
Iteration 54237: max relative diff=0.000144, 1057.94 sec so far
Iteration 54540: max relative diff=0.000142, 1063.70 sec so far
Iteration 54843: max relative diff=0.000141, 1069.44 sec so far
Iteration 55146: max relative diff=0.000139, 1075.17 sec so far
Iteration 55449: max relative diff=0.000137, 1080.89 sec so far
Iteration 55752: max relative diff=0.000136, 1086.63 sec so far
Iteration 56055: max relative diff=0.000134, 1092.36 sec so far
Iteration 56358: max relative diff=0.000132, 1098.10 sec so far
Iteration 56661: max relative diff=0.000131, 1103.86 sec so far
Iteration 56964: max relative diff=0.000129, 1109.60 sec so far
Iteration 57267: max relative diff=0.000128, 1115.34 sec so far
Iteration 57570: max relative diff=0.000126, 1121.09 sec so far
Iteration 57873: max relative diff=0.000125, 1126.82 sec so far
Iteration 58176: max relative diff=0.000123, 1132.56 sec so far
Iteration 58479: max relative diff=0.000122, 1138.28 sec so far
Iteration 58782: max relative diff=0.000120, 1144.01 sec so far
Iteration 59085: max relative diff=0.000119, 1149.74 sec so far
Iteration 59388: max relative diff=0.000117, 1155.47 sec so far
Iteration 59691: max relative diff=0.000116, 1161.19 sec so far
Iteration 59994: max relative diff=0.000115, 1166.91 sec so far
Iteration 60297: max relative diff=0.000113, 1172.64 sec so far
Iteration 60600: max relative diff=0.000112, 1178.37 sec so far
Iteration 60903: max relative diff=0.000111, 1184.08 sec so far
Iteration 61206: max relative diff=0.000110, 1189.79 sec so far
Iteration 61509: max relative diff=0.000108, 1195.50 sec so far
Iteration 61812: max relative diff=0.000107, 1201.23 sec so far
Iteration 62115: max relative diff=0.000106, 1206.94 sec so far
Iteration 62418: max relative diff=0.000105, 1212.65 sec so far
Iteration 62721: max relative diff=0.000104, 1218.35 sec so far
Iteration 63024: max relative diff=0.000102, 1224.06 sec so far
Iteration 63327: max relative diff=0.000101, 1229.77 sec so far
Iteration 63630: max relative diff=0.000100, 1235.50 sec so far
Iteration 63933: max relative diff=0.000099, 1241.23 sec so far
Iteration 64236: max relative diff=0.000098, 1246.95 sec so far
Iteration 64539: max relative diff=0.000097, 1252.66 sec so far
Iteration 64842: max relative diff=0.000096, 1258.38 sec so far
Iteration 65145: max relative diff=0.000095, 1264.10 sec so far
Iteration 65448: max relative diff=0.000094, 1269.82 sec so far
Iteration 65751: max relative diff=0.000093, 1275.54 sec so far
Iteration 66054: max relative diff=0.000092, 1281.25 sec so far
Iteration 66357: max relative diff=0.000091, 1286.98 sec so far
Iteration 66660: max relative diff=0.000090, 1292.70 sec so far
Iteration 66963: max relative diff=0.000089, 1298.44 sec so far
Iteration 67266: max relative diff=0.000088, 1304.19 sec so far
Iteration 67569: max relative diff=0.000087, 1309.95 sec so far
Iteration 67872: max relative diff=0.000086, 1315.68 sec so far
Iteration 68175: max relative diff=0.000085, 1321.43 sec so far
Iteration 68478: max relative diff=0.000084, 1327.18 sec so far
Iteration 68781: max relative diff=0.000083, 1332.91 sec so far
Iteration 69084: max relative diff=0.000082, 1338.66 sec so far
Iteration 69387: max relative diff=0.000082, 1344.42 sec so far
Iteration 69690: max relative diff=0.000081, 1350.19 sec so far
Iteration 69993: max relative diff=0.000080, 1355.96 sec so far
Iteration 70296: max relative diff=0.000079, 1361.72 sec so far
Iteration 70599: max relative diff=0.000078, 1367.48 sec so far
Iteration 70902: max relative diff=0.000077, 1373.25 sec so far
Iteration 71205: max relative diff=0.000077, 1378.99 sec so far
Iteration 71508: max relative diff=0.000076, 1384.72 sec so far
Iteration 71811: max relative diff=0.000075, 1390.46 sec so far
Iteration 72114: max relative diff=0.000074, 1396.19 sec so far
Iteration 72417: max relative diff=0.000074, 1401.92 sec so far
Iteration 72720: max relative diff=0.000073, 1407.65 sec so far
Iteration 73023: max relative diff=0.000072, 1413.39 sec so far
Iteration 73326: max relative diff=0.000071, 1419.14 sec so far
Iteration 73629: max relative diff=0.000071, 1424.88 sec so far
Iteration 73932: max relative diff=0.000070, 1430.62 sec so far
Iteration 74235: max relative diff=0.000069, 1436.35 sec so far
Iteration 74538: max relative diff=0.000069, 1442.10 sec so far
Iteration 74841: max relative diff=0.000068, 1447.84 sec so far
Iteration 75144: max relative diff=0.000067, 1453.58 sec so far
Iteration 75447: max relative diff=0.000067, 1459.30 sec so far
Iteration 75750: max relative diff=0.000066, 1465.04 sec so far
Iteration 76053: max relative diff=0.000065, 1470.79 sec so far
Iteration 76356: max relative diff=0.000065, 1476.55 sec so far
Iteration 76659: max relative diff=0.000064, 1482.31 sec so far
Iteration 76962: max relative diff=0.000063, 1488.07 sec so far
Iteration 77265: max relative diff=0.000063, 1493.80 sec so far
Iteration 77568: max relative diff=0.000062, 1499.55 sec so far
Iteration 77871: max relative diff=0.000061, 1505.30 sec so far
Iteration 78174: max relative diff=0.000061, 1511.06 sec so far
Iteration 78477: max relative diff=0.000060, 1516.80 sec so far
Iteration 78780: max relative diff=0.000060, 1522.57 sec so far
Iteration 79083: max relative diff=0.000059, 1528.30 sec so far
Iteration 79386: max relative diff=0.000059, 1534.03 sec so far
Iteration 79689: max relative diff=0.000058, 1539.76 sec so far
Iteration 79992: max relative diff=0.000057, 1545.51 sec so far
Iteration 80295: max relative diff=0.000057, 1551.24 sec so far
Iteration 80598: max relative diff=0.000056, 1556.97 sec so far
Iteration 80901: max relative diff=0.000056, 1562.70 sec so far
Iteration 81204: max relative diff=0.000055, 1568.49 sec so far
Iteration 81507: max relative diff=0.000055, 1574.24 sec so far
Iteration 81810: max relative diff=0.000054, 1580.00 sec so far
Iteration 82113: max relative diff=0.000054, 1585.73 sec so far
Iteration 82416: max relative diff=0.000053, 1591.50 sec so far
Iteration 82719: max relative diff=0.000053, 1597.26 sec so far
Iteration 83022: max relative diff=0.000052, 1603.01 sec so far
Iteration 83325: max relative diff=0.000052, 1608.73 sec so far
Iteration 83628: max relative diff=0.000051, 1614.45 sec so far
Iteration 83931: max relative diff=0.000051, 1620.18 sec so far
Iteration 84234: max relative diff=0.000050, 1625.91 sec so far
Iteration 84537: max relative diff=0.000050, 1631.62 sec so far
Iteration 84840: max relative diff=0.000049, 1637.39 sec so far
Iteration 85143: max relative diff=0.000049, 1643.16 sec so far
Iteration 85446: max relative diff=0.000048, 1648.94 sec so far
Iteration 85749: max relative diff=0.000048, 1654.67 sec so far
Iteration 86052: max relative diff=0.000048, 1660.41 sec so far
Iteration 86355: max relative diff=0.000047, 1666.15 sec so far
Iteration 86658: max relative diff=0.000047, 1671.88 sec so far
Iteration 86961: max relative diff=0.000046, 1677.63 sec so far
Iteration 87264: max relative diff=0.000046, 1683.38 sec so far
Iteration 87567: max relative diff=0.000045, 1689.13 sec so far
Iteration 87870: max relative diff=0.000045, 1694.87 sec so far
Iteration 88173: max relative diff=0.000045, 1700.61 sec so far
Iteration 88476: max relative diff=0.000044, 1706.39 sec so far
Iteration 88779: max relative diff=0.000044, 1712.14 sec so far
Iteration 89082: max relative diff=0.000043, 1717.88 sec so far
Iteration 89385: max relative diff=0.000043, 1723.61 sec so far
Iteration 89688: max relative diff=0.000043, 1729.32 sec so far
Iteration 89991: max relative diff=0.000042, 1735.07 sec so far
Iteration 90294: max relative diff=0.000042, 1740.79 sec so far
Iteration 90597: max relative diff=0.000041, 1746.52 sec so far
Iteration 90900: max relative diff=0.000041, 1752.24 sec so far
Iteration 91203: max relative diff=0.000041, 1757.96 sec so far
Iteration 91506: max relative diff=0.000040, 1763.68 sec so far
Iteration 91809: max relative diff=0.000040, 1769.42 sec so far
Iteration 92112: max relative diff=0.000040, 1775.15 sec so far
Iteration 92415: max relative diff=0.000039, 1780.88 sec so far
Iteration 92718: max relative diff=0.000039, 1786.60 sec so far
Iteration 93021: max relative diff=0.000038, 1792.33 sec so far
Iteration 93324: max relative diff=0.000038, 1798.06 sec so far
Iteration 93627: max relative diff=0.000038, 1803.80 sec so far
Iteration 93930: max relative diff=0.000037, 1809.53 sec so far
Iteration 94233: max relative diff=0.000037, 1815.26 sec so far
Iteration 94536: max relative diff=0.000037, 1821.00 sec so far
Iteration 94839: max relative diff=0.000036, 1826.72 sec so far
Iteration 95142: max relative diff=0.000036, 1832.46 sec so far
Iteration 95445: max relative diff=0.000036, 1838.18 sec so far
Iteration 95748: max relative diff=0.000036, 1843.92 sec so far
Iteration 96051: max relative diff=0.000035, 1849.64 sec so far
Iteration 96354: max relative diff=0.000035, 1855.37 sec so far
Iteration 96657: max relative diff=0.000035, 1861.11 sec so far
Iteration 96960: max relative diff=0.000034, 1866.86 sec so far
Iteration 97263: max relative diff=0.000034, 1872.59 sec so far
Iteration 97566: max relative diff=0.000034, 1878.34 sec so far
Iteration 97869: max relative diff=0.000033, 1884.05 sec so far
Iteration 98172: max relative diff=0.000033, 1889.78 sec so far
Iteration 98475: max relative diff=0.000033, 1895.54 sec so far
Iteration 98778: max relative diff=0.000032, 1901.26 sec so far
Iteration 99081: max relative diff=0.000032, 1906.98 sec so far
Iteration 99384: max relative diff=0.000032, 1912.72 sec so far
Iteration 99687: max relative diff=0.000032, 1918.47 sec so far
Iteration 99990: max relative diff=0.000031, 1924.23 sec so far
Iteration 100293: max relative diff=0.000031, 1929.97 sec so far
Iteration 100596: max relative diff=0.000031, 1935.70 sec so far
Iteration 100899: max relative diff=0.000031, 1941.42 sec so far
Iteration 101202: max relative diff=0.000030, 1947.16 sec so far
Iteration 101505: max relative diff=0.000030, 1952.90 sec so far
Iteration 101808: max relative diff=0.000030, 1958.64 sec so far
Iteration 102111: max relative diff=0.000030, 1964.37 sec so far
Iteration 102414: max relative diff=0.000029, 1970.10 sec so far
Iteration 102717: max relative diff=0.000029, 1975.85 sec so far
Iteration 103020: max relative diff=0.000029, 1981.62 sec so far
Iteration 103323: max relative diff=0.000029, 1987.38 sec so far
Iteration 103626: max relative diff=0.000028, 1993.11 sec so far
Iteration 103929: max relative diff=0.000028, 1998.83 sec so far
Iteration 104232: max relative diff=0.000028, 2004.55 sec so far
Iteration 104535: max relative diff=0.000028, 2010.31 sec so far
Iteration 104838: max relative diff=0.000027, 2016.06 sec so far
Iteration 105141: max relative diff=0.000027, 2021.77 sec so far
Iteration 105444: max relative diff=0.000027, 2027.48 sec so far
Iteration 105747: max relative diff=0.000027, 2033.22 sec so far
Iteration 106050: max relative diff=0.000026, 2038.97 sec so far
Iteration 106353: max relative diff=0.000026, 2044.72 sec so far
Iteration 106656: max relative diff=0.000026, 2050.48 sec so far
Iteration 106959: max relative diff=0.000026, 2056.23 sec so far
Iteration 107262: max relative diff=0.000025, 2061.98 sec so far
Iteration 107565: max relative diff=0.000025, 2067.74 sec so far
Iteration 107868: max relative diff=0.000025, 2073.49 sec so far
Iteration 108171: max relative diff=0.000025, 2079.24 sec so far
Iteration 108474: max relative diff=0.000025, 2084.98 sec so far
Iteration 108777: max relative diff=0.000024, 2090.71 sec so far
Iteration 109080: max relative diff=0.000024, 2096.45 sec so far
Iteration 109383: max relative diff=0.000024, 2102.20 sec so far
Iteration 109686: max relative diff=0.000024, 2107.93 sec so far
Iteration 109989: max relative diff=0.000024, 2113.68 sec so far
Iteration 110292: max relative diff=0.000023, 2119.43 sec so far
Iteration 110595: max relative diff=0.000023, 2125.20 sec so far
Iteration 110898: max relative diff=0.000023, 2130.93 sec so far
Iteration 111201: max relative diff=0.000023, 2136.67 sec so far
Iteration 111504: max relative diff=0.000023, 2142.42 sec so far
Iteration 111807: max relative diff=0.000022, 2148.16 sec so far
Iteration 112110: max relative diff=0.000022, 2153.90 sec so far
Iteration 112413: max relative diff=0.000022, 2159.64 sec so far
Iteration 112716: max relative diff=0.000022, 2165.38 sec so far
Iteration 113019: max relative diff=0.000022, 2171.12 sec so far
Iteration 113322: max relative diff=0.000021, 2176.89 sec so far
Iteration 113625: max relative diff=0.000021, 2182.63 sec so far
Iteration 113928: max relative diff=0.000021, 2188.36 sec so far
Iteration 114231: max relative diff=0.000021, 2194.10 sec so far
Iteration 114534: max relative diff=0.000021, 2199.86 sec so far
Iteration 114837: max relative diff=0.000021, 2205.61 sec so far
Iteration 115140: max relative diff=0.000020, 2211.35 sec so far
Iteration 115443: max relative diff=0.000020, 2217.11 sec so far
Iteration 115746: max relative diff=0.000020, 2222.85 sec so far
Iteration 116049: max relative diff=0.000020, 2228.58 sec so far
Iteration 116352: max relative diff=0.000020, 2234.31 sec so far
Iteration 116655: max relative diff=0.000020, 2240.07 sec so far
Iteration 116958: max relative diff=0.000019, 2245.80 sec so far
Iteration 117261: max relative diff=0.000019, 2251.53 sec so far
Iteration 117564: max relative diff=0.000019, 2257.26 sec so far
Iteration 117867: max relative diff=0.000019, 2263.00 sec so far
Iteration 118170: max relative diff=0.000019, 2268.74 sec so far
Iteration 118473: max relative diff=0.000019, 2274.44 sec so far
Iteration 118776: max relative diff=0.000018, 2280.17 sec so far
Iteration 119079: max relative diff=0.000018, 2285.92 sec so far
Iteration 119382: max relative diff=0.000018, 2291.66 sec so far
Iteration 119685: max relative diff=0.000018, 2297.40 sec so far
Iteration 119988: max relative diff=0.000018, 2303.12 sec so far
Iteration 120291: max relative diff=0.000018, 2308.85 sec so far
Iteration 120594: max relative diff=0.000018, 2314.60 sec so far
Iteration 120897: max relative diff=0.000017, 2320.34 sec so far
Iteration 121200: max relative diff=0.000017, 2326.09 sec so far
Iteration 121503: max relative diff=0.000017, 2331.82 sec so far
Iteration 121806: max relative diff=0.000017, 2337.56 sec so far
Iteration 122109: max relative diff=0.000017, 2343.28 sec so far
Iteration 122412: max relative diff=0.000017, 2349.02 sec so far
Iteration 122715: max relative diff=0.000017, 2354.74 sec so far
Iteration 123018: max relative diff=0.000016, 2360.46 sec so far
Iteration 123321: max relative diff=0.000016, 2366.19 sec so far
Iteration 123624: max relative diff=0.000016, 2371.92 sec so far
Iteration 123927: max relative diff=0.000016, 2377.66 sec so far
Iteration 124230: max relative diff=0.000016, 2383.40 sec so far
Iteration 124533: max relative diff=0.000016, 2389.12 sec so far
Iteration 124836: max relative diff=0.000016, 2394.84 sec so far
Iteration 125139: max relative diff=0.000015, 2400.58 sec so far
Iteration 125442: max relative diff=0.000015, 2406.30 sec so far
Iteration 125745: max relative diff=0.000015, 2412.04 sec so far
Iteration 126048: max relative diff=0.000015, 2417.76 sec so far
Iteration 126351: max relative diff=0.000015, 2423.48 sec so far
Iteration 126654: max relative diff=0.000015, 2429.20 sec so far
Iteration 126957: max relative diff=0.000015, 2434.91 sec so far
Iteration 127260: max relative diff=0.000015, 2440.65 sec so far
Iteration 127563: max relative diff=0.000014, 2446.38 sec so far
Iteration 127866: max relative diff=0.000014, 2452.10 sec so far
Iteration 128169: max relative diff=0.000014, 2457.82 sec so far
Iteration 128472: max relative diff=0.000014, 2463.57 sec so far
Iteration 128775: max relative diff=0.000014, 2469.30 sec so far
Iteration 129078: max relative diff=0.000014, 2475.02 sec so far
Iteration 129381: max relative diff=0.000014, 2480.73 sec so far
Iteration 129684: max relative diff=0.000014, 2486.46 sec so far
Iteration 129987: max relative diff=0.000014, 2492.16 sec so far
Iteration 130290: max relative diff=0.000013, 2497.88 sec so far
Iteration 130593: max relative diff=0.000013, 2503.60 sec so far
Iteration 130896: max relative diff=0.000013, 2509.30 sec so far
Iteration 131199: max relative diff=0.000013, 2515.04 sec so far
Iteration 131502: max relative diff=0.000013, 2520.74 sec so far
Iteration 131805: max relative diff=0.000013, 2526.44 sec so far
Iteration 132108: max relative diff=0.000013, 2532.14 sec so far
Iteration 132411: max relative diff=0.000013, 2537.87 sec so far
Iteration 132714: max relative diff=0.000013, 2543.58 sec so far
Iteration 133017: max relative diff=0.000012, 2549.30 sec so far
Iteration 133320: max relative diff=0.000012, 2555.02 sec so far
Iteration 133623: max relative diff=0.000012, 2560.73 sec so far
Iteration 133926: max relative diff=0.000012, 2566.45 sec so far
Iteration 134229: max relative diff=0.000012, 2572.19 sec so far
Iteration 134532: max relative diff=0.000012, 2577.92 sec so far
Iteration 134835: max relative diff=0.000012, 2583.67 sec so far
Iteration 135138: max relative diff=0.000012, 2589.40 sec so far
Iteration 135441: max relative diff=0.000012, 2595.12 sec so far
Iteration 135744: max relative diff=0.000012, 2600.84 sec so far
Iteration 136047: max relative diff=0.000011, 2606.55 sec so far
Iteration 136350: max relative diff=0.000011, 2612.28 sec so far
Iteration 136653: max relative diff=0.000011, 2618.00 sec so far
Iteration 136956: max relative diff=0.000011, 2623.72 sec so far
Iteration 137259: max relative diff=0.000011, 2629.45 sec so far
Iteration 137562: max relative diff=0.000011, 2635.19 sec so far
Iteration 137865: max relative diff=0.000011, 2640.91 sec so far
Iteration 138168: max relative diff=0.000011, 2646.64 sec so far
Iteration 138471: max relative diff=0.000011, 2652.37 sec so far
Iteration 138774: max relative diff=0.000011, 2658.09 sec so far
Iteration 139077: max relative diff=0.000011, 2663.83 sec so far
Iteration 139380: max relative diff=0.000010, 2669.56 sec so far
Iteration 139683: max relative diff=0.000010, 2675.33 sec so far
Iteration 139986: max relative diff=0.000010, 2681.07 sec so far
Iteration 140289: max relative diff=0.000010, 2686.81 sec so far
Iteration 140592: max relative diff=0.000010, 2692.55 sec so far
Iteration 140895: max relative diff=0.000010, 2698.28 sec so far
Iteration 141198: max relative diff=0.000010, 2703.99 sec so far
Iteration 141501: max relative diff=0.000010, 2709.72 sec so far
Iteration 141804: max relative diff=0.000010, 2715.46 sec so far
Iteration 142107: max relative diff=0.000010, 2721.18 sec so far
Iteration 142410: max relative diff=0.000010, 2726.91 sec so far
Iteration 142713: max relative diff=0.000010, 2732.64 sec so far
Iteration 143016: max relative diff=0.000009, 2738.37 sec so far
Iteration 143319: max relative diff=0.000009, 2744.09 sec so far
Iteration 143622: max relative diff=0.000009, 2749.81 sec so far
Iteration 143925: max relative diff=0.000009, 2755.54 sec so far
Iteration 144228: max relative diff=0.000009, 2761.26 sec so far
Iteration 144531: max relative diff=0.000009, 2767.02 sec so far
Iteration 144834: max relative diff=0.000009, 2772.73 sec so far
Iteration 145137: max relative diff=0.000009, 2778.44 sec so far
Iteration 145440: max relative diff=0.000009, 2784.18 sec so far
Iteration 145743: max relative diff=0.000009, 2789.90 sec so far
Iteration 146046: max relative diff=0.000009, 2795.62 sec so far
Iteration 146349: max relative diff=0.000009, 2801.34 sec so far
Iteration 146652: max relative diff=0.000009, 2807.06 sec so far
Iteration 146955: max relative diff=0.000009, 2812.78 sec so far
Iteration 147258: max relative diff=0.000008, 2818.50 sec so far
Iteration 147561: max relative diff=0.000008, 2824.22 sec so far
Iteration 147864: max relative diff=0.000008, 2829.93 sec so far
Iteration 148167: max relative diff=0.000008, 2835.65 sec so far
Iteration 148470: max relative diff=0.000008, 2841.38 sec so far
Iteration 148773: max relative diff=0.000008, 2847.09 sec so far
Iteration 149076: max relative diff=0.000008, 2852.82 sec so far
Iteration 149379: max relative diff=0.000008, 2858.54 sec so far
Iteration 149682: max relative diff=0.000008, 2864.24 sec so far
Iteration 149985: max relative diff=0.000008, 2869.95 sec so far
Iteration 150288: max relative diff=0.000008, 2875.68 sec so far
Iteration 150591: max relative diff=0.000008, 2881.40 sec so far
Iteration 150894: max relative diff=0.000008, 2887.12 sec so far
Iteration 151197: max relative diff=0.000008, 2892.85 sec so far
Iteration 151500: max relative diff=0.000008, 2898.57 sec so far
Iteration 151803: max relative diff=0.000007, 2904.30 sec so far
Iteration 152106: max relative diff=0.000007, 2910.03 sec so far
Iteration 152409: max relative diff=0.000007, 2915.76 sec so far
Iteration 152712: max relative diff=0.000007, 2921.49 sec so far
Iteration 153015: max relative diff=0.000007, 2927.22 sec so far
Iteration 153318: max relative diff=0.000007, 2932.92 sec so far
Iteration 153621: max relative diff=0.000007, 2938.64 sec so far
Iteration 153924: max relative diff=0.000007, 2944.38 sec so far
Iteration 154227: max relative diff=0.000007, 2950.08 sec so far
Iteration 154530: max relative diff=0.000007, 2955.79 sec so far
Iteration 154833: max relative diff=0.000007, 2961.51 sec so far
Iteration 155136: max relative diff=0.000007, 2967.25 sec so far
Iteration 155439: max relative diff=0.000007, 2972.98 sec so far
Iteration 155742: max relative diff=0.000007, 2978.72 sec so far
Iteration 156045: max relative diff=0.000007, 2984.44 sec so far
Iteration 156348: max relative diff=0.000007, 2990.19 sec so far
Iteration 156651: max relative diff=0.000007, 2995.96 sec so far
Iteration 156954: max relative diff=0.000007, 3001.70 sec so far
Iteration 157257: max relative diff=0.000006, 3007.44 sec so far
Iteration 157560: max relative diff=0.000006, 3013.16 sec so far
Iteration 157863: max relative diff=0.000006, 3018.88 sec so far
Iteration 158166: max relative diff=0.000006, 3024.59 sec so far
Iteration 158469: max relative diff=0.000006, 3030.30 sec so far
Iteration 158772: max relative diff=0.000006, 3036.02 sec so far
Iteration 159075: max relative diff=0.000006, 3041.73 sec so far
Iteration 159378: max relative diff=0.000006, 3047.44 sec so far
Iteration 159681: max relative diff=0.000006, 3053.15 sec so far
Iteration 159984: max relative diff=0.000006, 3058.86 sec so far
Iteration 160287: max relative diff=0.000006, 3064.57 sec so far
Iteration 160590: max relative diff=0.000006, 3070.26 sec so far
Iteration 160893: max relative diff=0.000006, 3075.98 sec so far
Iteration 161196: max relative diff=0.000006, 3081.70 sec so far
Iteration 161499: max relative diff=0.000006, 3087.41 sec so far
Iteration 161802: max relative diff=0.000006, 3093.14 sec so far
Iteration 162105: max relative diff=0.000006, 3098.85 sec so far
Iteration 162408: max relative diff=0.000006, 3104.56 sec so far
Iteration 162711: max relative diff=0.000006, 3110.28 sec so far
Iteration 163014: max relative diff=0.000006, 3116.01 sec so far
Iteration 163317: max relative diff=0.000005, 3121.74 sec so far
Iteration 163620: max relative diff=0.000005, 3127.44 sec so far
Iteration 163923: max relative diff=0.000005, 3133.16 sec so far
Iteration 164226: max relative diff=0.000005, 3138.87 sec so far
Iteration 164529: max relative diff=0.000005, 3144.60 sec so far
Iteration 164832: max relative diff=0.000005, 3150.33 sec so far
Iteration 165135: max relative diff=0.000005, 3156.05 sec so far
Iteration 165438: max relative diff=0.000005, 3161.76 sec so far
Iteration 165741: max relative diff=0.000005, 3167.48 sec so far
Iteration 166044: max relative diff=0.000005, 3173.18 sec so far
Iteration 166347: max relative diff=0.000005, 3178.88 sec so far
Iteration 166650: max relative diff=0.000005, 3184.59 sec so far
Iteration 166953: max relative diff=0.000005, 3190.31 sec so far
Iteration 167256: max relative diff=0.000005, 3196.02 sec so far
Iteration 167559: max relative diff=0.000005, 3201.75 sec so far
Iteration 167862: max relative diff=0.000005, 3207.48 sec so far
Iteration 168165: max relative diff=0.000005, 3213.21 sec so far
Iteration 168468: max relative diff=0.000005, 3218.94 sec so far
Iteration 168771: max relative diff=0.000005, 3224.66 sec so far
Iteration 169074: max relative diff=0.000005, 3230.36 sec so far
Iteration 169377: max relative diff=0.000005, 3236.10 sec so far
Iteration 169680: max relative diff=0.000005, 3241.81 sec so far
Iteration 169983: max relative diff=0.000005, 3247.54 sec so far
Iteration 170286: max relative diff=0.000005, 3253.28 sec so far
Iteration 170589: max relative diff=0.000004, 3258.99 sec so far
Iteration 170892: max relative diff=0.000004, 3264.72 sec so far
Iteration 171195: max relative diff=0.000004, 3270.46 sec so far
Iteration 171498: max relative diff=0.000004, 3276.19 sec so far
Iteration 171801: max relative diff=0.000004, 3281.91 sec so far
Iteration 172104: max relative diff=0.000004, 3287.64 sec so far
Iteration 172407: max relative diff=0.000004, 3293.35 sec so far
Iteration 172710: max relative diff=0.000004, 3299.06 sec so far
Iteration 173013: max relative diff=0.000004, 3304.79 sec so far
Iteration 173316: max relative diff=0.000004, 3310.54 sec so far
Iteration 173619: max relative diff=0.000004, 3316.28 sec so far
Iteration 173922: max relative diff=0.000004, 3322.01 sec so far
Iteration 174225: max relative diff=0.000004, 3327.72 sec so far
Iteration 174528: max relative diff=0.000004, 3333.44 sec so far
Iteration 174831: max relative diff=0.000004, 3339.17 sec so far
Iteration 175134: max relative diff=0.000004, 3344.86 sec so far
Iteration 175437: max relative diff=0.000004, 3350.57 sec so far
Iteration 175740: max relative diff=0.000004, 3356.28 sec so far
Iteration 176043: max relative diff=0.000004, 3362.00 sec so far
Iteration 176346: max relative diff=0.000004, 3367.72 sec so far
Iteration 176649: max relative diff=0.000004, 3373.44 sec so far
Iteration 176952: max relative diff=0.000004, 3379.18 sec so far
Iteration 177255: max relative diff=0.000004, 3384.88 sec so far
Iteration 177558: max relative diff=0.000004, 3390.59 sec so far
Iteration 177861: max relative diff=0.000004, 3396.30 sec so far
Iteration 178164: max relative diff=0.000004, 3402.01 sec so far
Iteration 178467: max relative diff=0.000004, 3407.71 sec so far
Iteration 178770: max relative diff=0.000004, 3413.42 sec so far
Iteration 179073: max relative diff=0.000004, 3419.15 sec so far
Iteration 179376: max relative diff=0.000004, 3424.86 sec so far
Iteration 179679: max relative diff=0.000004, 3430.56 sec so far
Iteration 179982: max relative diff=0.000003, 3436.27 sec so far
Iteration 180285: max relative diff=0.000003, 3442.00 sec so far
Iteration 180588: max relative diff=0.000003, 3447.73 sec so far
Iteration 180891: max relative diff=0.000003, 3453.47 sec so far
Iteration 181194: max relative diff=0.000003, 3459.20 sec so far
Iteration 181497: max relative diff=0.000003, 3464.91 sec so far
Iteration 181800: max relative diff=0.000003, 3470.64 sec so far
Iteration 182103: max relative diff=0.000003, 3476.36 sec so far
Iteration 182406: max relative diff=0.000003, 3482.08 sec so far
Iteration 182709: max relative diff=0.000003, 3487.79 sec so far
Iteration 183012: max relative diff=0.000003, 3493.51 sec so far
Iteration 183315: max relative diff=0.000003, 3499.23 sec so far
Iteration 183618: max relative diff=0.000003, 3504.95 sec so far
Iteration 183921: max relative diff=0.000003, 3510.70 sec so far
Iteration 184224: max relative diff=0.000003, 3516.40 sec so far
Iteration 184527: max relative diff=0.000003, 3522.11 sec so far
Iteration 184830: max relative diff=0.000003, 3527.82 sec so far
Iteration 185133: max relative diff=0.000003, 3533.52 sec so far
Iteration 185436: max relative diff=0.000003, 3539.24 sec so far
Iteration 185739: max relative diff=0.000003, 3544.96 sec so far
Iteration 186042: max relative diff=0.000003, 3550.69 sec so far
Iteration 186345: max relative diff=0.000003, 3556.41 sec so far
Iteration 186648: max relative diff=0.000003, 3562.14 sec so far
Iteration 186951: max relative diff=0.000003, 3567.85 sec so far
Iteration 187254: max relative diff=0.000003, 3573.57 sec so far
Iteration 187557: max relative diff=0.000003, 3579.27 sec so far
Iteration 187860: max relative diff=0.000003, 3585.00 sec so far
Iteration 188163: max relative diff=0.000003, 3590.75 sec so far
Iteration 188466: max relative diff=0.000003, 3596.48 sec so far
Iteration 188769: max relative diff=0.000003, 3602.21 sec so far
Iteration 189072: max relative diff=0.000003, 3607.94 sec so far
Iteration 189375: max relative diff=0.000003, 3613.68 sec so far
Iteration 189678: max relative diff=0.000003, 3619.42 sec so far
Iteration 189981: max relative diff=0.000003, 3625.13 sec so far
Iteration 190284: max relative diff=0.000003, 3630.86 sec so far
Iteration 190587: max relative diff=0.000003, 3636.58 sec so far
Iteration 190890: max relative diff=0.000003, 3642.30 sec so far
Iteration 191193: max relative diff=0.000003, 3648.01 sec so far
Iteration 191496: max relative diff=0.000003, 3653.73 sec so far
Iteration 191799: max relative diff=0.000003, 3659.43 sec so far
Iteration 192102: max relative diff=0.000002, 3665.14 sec so far
Iteration 192405: max relative diff=0.000002, 3670.84 sec so far
Iteration 192708: max relative diff=0.000002, 3676.55 sec so far
Iteration 193011: max relative diff=0.000002, 3682.24 sec so far
Iteration 193314: max relative diff=0.000002, 3687.92 sec so far
Iteration 193617: max relative diff=0.000002, 3693.62 sec so far
Iteration 193920: max relative diff=0.000002, 3699.30 sec so far
Iteration 194223: max relative diff=0.000002, 3704.98 sec so far
Iteration 194526: max relative diff=0.000002, 3710.69 sec so far
Iteration 194829: max relative diff=0.000002, 3716.39 sec so far
Iteration 195132: max relative diff=0.000002, 3722.08 sec so far
Iteration 195435: max relative diff=0.000002, 3727.78 sec so far
Iteration 195738: max relative diff=0.000002, 3733.48 sec so far
Iteration 196041: max relative diff=0.000002, 3739.16 sec so far
Iteration 196344: max relative diff=0.000002, 3744.86 sec so far
Iteration 196647: max relative diff=0.000002, 3750.54 sec so far
Iteration 196950: max relative diff=0.000002, 3756.24 sec so far
Iteration 197253: max relative diff=0.000002, 3761.95 sec so far
Iteration 197556: max relative diff=0.000002, 3767.64 sec so far
Iteration 197859: max relative diff=0.000002, 3773.32 sec so far
Iteration 198162: max relative diff=0.000002, 3779.01 sec so far
Iteration 198465: max relative diff=0.000002, 3784.71 sec so far
Iteration 198768: max relative diff=0.000002, 3790.40 sec so far
Iteration 199071: max relative diff=0.000002, 3796.10 sec so far
Iteration 199374: max relative diff=0.000002, 3801.80 sec so far
Iteration 199677: max relative diff=0.000002, 3807.51 sec so far
Iteration 199980: max relative diff=0.000002, 3813.20 sec so far
Iteration 200283: max relative diff=0.000002, 3818.90 sec so far
Iteration 200586: max relative diff=0.000002, 3824.58 sec so far
Iteration 200889: max relative diff=0.000002, 3830.28 sec so far
Iteration 201192: max relative diff=0.000002, 3835.96 sec so far
Iteration 201495: max relative diff=0.000002, 3841.64 sec so far
Iteration 201798: max relative diff=0.000002, 3847.34 sec so far
Iteration 202101: max relative diff=0.000002, 3853.04 sec so far
Iteration 202404: max relative diff=0.000002, 3858.74 sec so far
Iteration 202707: max relative diff=0.000002, 3864.45 sec so far
Iteration 203010: max relative diff=0.000002, 3870.15 sec so far
Iteration 203313: max relative diff=0.000002, 3875.83 sec so far
Iteration 203616: max relative diff=0.000002, 3881.51 sec so far
Iteration 203919: max relative diff=0.000002, 3887.20 sec so far
Iteration 204222: max relative diff=0.000002, 3892.90 sec so far
Iteration 204525: max relative diff=0.000002, 3898.59 sec so far
Iteration 204828: max relative diff=0.000002, 3904.29 sec so far
Iteration 205131: max relative diff=0.000002, 3910.00 sec so far
Iteration 205434: max relative diff=0.000002, 3915.68 sec so far
Iteration 205737: max relative diff=0.000002, 3921.38 sec so far
Iteration 206040: max relative diff=0.000002, 3927.05 sec so far
Iteration 206343: max relative diff=0.000002, 3932.74 sec so far
Iteration 206646: max relative diff=0.000002, 3938.44 sec so far
Iteration 206949: max relative diff=0.000002, 3944.13 sec so far
Iteration 207252: max relative diff=0.000002, 3949.84 sec so far
Iteration 207555: max relative diff=0.000002, 3955.55 sec so far
Iteration 207858: max relative diff=0.000002, 3961.25 sec so far
Iteration 208161: max relative diff=0.000002, 3966.94 sec so far
Iteration 208464: max relative diff=0.000002, 3972.64 sec so far
Iteration 208767: max relative diff=0.000002, 3978.35 sec so far
Iteration 209070: max relative diff=0.000002, 3984.05 sec so far
Iteration 209373: max relative diff=0.000002, 3989.75 sec so far
Iteration 209676: max relative diff=0.000002, 3995.47 sec so far
Iteration 209979: max relative diff=0.000002, 4001.15 sec so far
Iteration 210282: max relative diff=0.000002, 4006.84 sec so far
Iteration 210585: max relative diff=0.000001, 4012.54 sec so far
Iteration 210888: max relative diff=0.000001, 4018.23 sec so far
Iteration 211191: max relative diff=0.000001, 4023.92 sec so far
Iteration 211494: max relative diff=0.000001, 4029.61 sec so far
Iteration 211797: max relative diff=0.000001, 4035.30 sec so far
Iteration 212100: max relative diff=0.000001, 4041.00 sec so far
Iteration 212403: max relative diff=0.000001, 4046.71 sec so far
Iteration 212706: max relative diff=0.000001, 4052.38 sec so far
Iteration 213009: max relative diff=0.000001, 4058.08 sec so far
Iteration 213312: max relative diff=0.000001, 4063.78 sec so far
Iteration 213615: max relative diff=0.000001, 4069.51 sec so far
Iteration 213918: max relative diff=0.000001, 4075.22 sec so far
Iteration 214221: max relative diff=0.000001, 4080.90 sec so far
Iteration 214524: max relative diff=0.000001, 4086.59 sec so far
Iteration 214827: max relative diff=0.000001, 4092.27 sec so far
Iteration 215130: max relative diff=0.000001, 4097.95 sec so far
Iteration 215433: max relative diff=0.000001, 4103.67 sec so far
Iteration 215736: max relative diff=0.000001, 4109.40 sec so far
Iteration 216039: max relative diff=0.000001, 4115.11 sec so far
Iteration 216342: max relative diff=0.000001, 4120.81 sec so far
Iteration 216645: max relative diff=0.000001, 4126.49 sec so far
Iteration 216948: max relative diff=0.000001, 4132.18 sec so far
Iteration 217251: max relative diff=0.000001, 4137.88 sec so far
Iteration 217554: max relative diff=0.000001, 4143.57 sec so far
Iteration 217857: max relative diff=0.000001, 4149.28 sec so far
Iteration 218160: max relative diff=0.000001, 4154.98 sec so far
Iteration 218463: max relative diff=0.000001, 4160.69 sec so far
Iteration 218766: max relative diff=0.000001, 4166.42 sec so far
Iteration 219069: max relative diff=0.000001, 4172.13 sec so far
Iteration 219372: max relative diff=0.000001, 4177.84 sec so far
Iteration 219675: max relative diff=0.000001, 4183.55 sec so far
Iteration 219978: max relative diff=0.000001, 4189.25 sec so far
Iteration 220281: max relative diff=0.000001, 4194.95 sec so far
Iteration 220584: max relative diff=0.000001, 4200.65 sec so far
Iteration 220887: max relative diff=0.000001, 4206.34 sec so far
Iteration 221190: max relative diff=0.000001, 4212.03 sec so far
Iteration 221493: max relative diff=0.000001, 4217.72 sec so far
Iteration 221796: max relative diff=0.000001, 4223.40 sec so far
Iteration 222099: max relative diff=0.000001, 4229.08 sec so far
Iteration 222402: max relative diff=0.000001, 4234.77 sec so far
Iteration 222705: max relative diff=0.000001, 4240.46 sec so far
Iteration 223008: max relative diff=0.000001, 4246.12 sec so far
Iteration 223311: max relative diff=0.000001, 4251.82 sec so far
Iteration 223614: max relative diff=0.000001, 4257.50 sec so far
Iteration 223917: max relative diff=0.000001, 4263.19 sec so far
Iteration 224220: max relative diff=0.000001, 4268.88 sec so far
Iteration 224523: max relative diff=0.000001, 4274.56 sec so far
Iteration 224826: max relative diff=0.000001, 4280.23 sec so far
Iteration 225129: max relative diff=0.000001, 4285.92 sec so far
Iteration 225432: max relative diff=0.000001, 4291.65 sec so far
Iteration 225735: max relative diff=0.000001, 4297.35 sec so far
Iteration 226038: max relative diff=0.000001, 4303.07 sec so far
Iteration 226341: max relative diff=0.000001, 4308.76 sec so far
Iteration 226644: max relative diff=0.000001, 4314.50 sec so far
Iteration 226947: max relative diff=0.000001, 4320.23 sec so far
Iteration 227250: max relative diff=0.000001, 4325.93 sec so far
Iteration 227553: max relative diff=0.000001, 4331.63 sec so far
Iteration 227856: max relative diff=0.000001, 4337.32 sec so far
Iteration 228159: max relative diff=0.000001, 4343.01 sec so far
Iteration 228462: max relative diff=0.000001, 4348.72 sec so far
Iteration 228765: max relative diff=0.000001, 4354.44 sec so far
Iteration 229068: max relative diff=0.000001, 4360.17 sec so far
Iteration 229371: max relative diff=0.000001, 4365.88 sec so far
Iteration 229674: max relative diff=0.000001, 4371.58 sec so far
Iteration 229977: max relative diff=0.000001, 4377.28 sec so far
Iteration 230280: max relative diff=0.000001, 4382.98 sec so far
Iteration 230583: max relative diff=0.000001, 4388.72 sec so far
Iteration 230886: max relative diff=0.000001, 4394.44 sec so far
Iteration 231189: max relative diff=0.000001, 4400.14 sec so far
Iteration 231492: max relative diff=0.000001, 4405.88 sec so far
Iteration 231795: max relative diff=0.000001, 4411.59 sec so far
Iteration 232098: max relative diff=0.000001, 4417.31 sec so far
Iteration 232401: max relative diff=0.000001, 4423.01 sec so far
Iteration 232704: max relative diff=0.000001, 4428.70 sec so far
Iteration 233007: max relative diff=0.000001, 4434.42 sec so far
Iteration 233310: max relative diff=0.000001, 4440.11 sec so far
Iteration 233613: max relative diff=0.000001, 4445.81 sec so far
Iteration 233916: max relative diff=0.000001, 4451.51 sec so far
Iteration 234219: max relative diff=0.000001, 4457.20 sec so far
Iteration 234522: max relative diff=0.000001, 4462.90 sec so far
Iteration 234825: max relative diff=0.000001, 4468.60 sec so far
Iteration 235128: max relative diff=0.000001, 4474.29 sec so far
Iteration 235431: max relative diff=0.000001, 4479.98 sec so far
Iteration 235734: max relative diff=0.000001, 4485.68 sec so far
Iteration 236037: max relative diff=0.000001, 4491.40 sec so far
Iteration 236340: max relative diff=0.000001, 4497.09 sec so far
Iteration 236643: max relative diff=0.000001, 4502.78 sec so far
Iteration 236946: max relative diff=0.000001, 4508.46 sec so far
Iteration 237249: max relative diff=0.000001, 4514.15 sec so far
Iteration 237552: max relative diff=0.000001, 4519.86 sec so far
Iteration 237855: max relative diff=0.000001, 4525.56 sec so far
Iteration 238158: max relative diff=0.000001, 4531.24 sec so far
Iteration 238461: max relative diff=0.000001, 4536.94 sec so far
Iteration 238764: max relative diff=0.000001, 4542.62 sec so far
Iteration 239067: max relative diff=0.000001, 4548.29 sec so far
Iteration 239370: max relative diff=0.000001, 4553.98 sec so far
Iteration 239673: max relative diff=0.000001, 4559.68 sec so far
Iteration 239976: max relative diff=0.000001, 4565.36 sec so far
Iteration 240279: max relative diff=0.000001, 4571.08 sec so far
Iteration 240582: max relative diff=0.000001, 4576.80 sec so far
Iteration 240885: max relative diff=0.000001, 4582.50 sec so far
Iteration 241188: max relative diff=0.000001, 4588.21 sec so far
Iteration 241491: max relative diff=0.000001, 4593.95 sec so far
Iteration 241794: max relative diff=0.000001, 4599.69 sec so far
Iteration 242097: max relative diff=0.000001, 4605.44 sec so far
Iteration 242400: max relative diff=0.000001, 4611.19 sec so far
Iteration 242703: max relative diff=0.000001, 4616.97 sec so far
Iteration 243006: max relative diff=0.000001, 4622.74 sec so far
Iteration 243309: max relative diff=0.000001, 4628.50 sec so far
Iteration 243612: max relative diff=0.000001, 4634.26 sec so far
Iteration 243915: max relative diff=0.000001, 4640.08 sec so far
Iteration 244218: max relative diff=0.000001, 4645.84 sec so far
Iteration 244521: max relative diff=0.000001, 4651.61 sec so far
Iteration 244824: max relative diff=0.000001, 4657.36 sec so far
Iteration 245127: max relative diff=0.000001, 4663.09 sec so far
Iteration 245430: max relative diff=0.000001, 4668.87 sec so far
Iteration 245733: max relative diff=0.000001, 4674.62 sec so far
Iteration 246036: max relative diff=0.000001, 4680.38 sec so far
Iteration 246339: max relative diff=0.000001, 4686.12 sec so far
Iteration 246642: max relative diff=0.000001, 4691.92 sec so far
Iteration 246945: max relative diff=0.000001, 4697.68 sec so far
Iteration 247248: max relative diff=0.000001, 4703.44 sec so far
Iteration 247551: max relative diff=0.000001, 4709.21 sec so far
Iteration 247854: max relative diff=0.000001, 4714.99 sec so far
Iteration 248157: max relative diff=0.000001, 4720.78 sec so far
Iteration 248460: max relative diff=0.000001, 4726.58 sec so far
Iteration 248763: max relative diff=0.000001, 4732.36 sec so far
Iteration 249066: max relative diff=0.000001, 4738.12 sec so far
Iteration 249369: max relative diff=0.000001, 4743.90 sec so far
Iteration 249672: max relative diff=0.000000, 4749.70 sec so far
Iteration 249975: max relative diff=0.000000, 4755.51 sec so far
Iteration 250278: max relative diff=0.000000, 4761.28 sec so far
Iteration 250581: max relative diff=0.000000, 4767.05 sec so far
Iteration 250884: max relative diff=0.000000, 4772.83 sec so far
Iteration 251187: max relative diff=0.000000, 4778.62 sec so far
Iteration 251490: max relative diff=0.000000, 4784.42 sec so far
Iteration 251793: max relative diff=0.000000, 4790.21 sec so far
Iteration 252096: max relative diff=0.000000, 4795.99 sec so far
Iteration 252399: max relative diff=0.000000, 4801.78 sec so far
Iteration 252702: max relative diff=0.000000, 4807.58 sec so far
Iteration 253005: max relative diff=0.000000, 4813.39 sec so far
Iteration 253308: max relative diff=0.000000, 4819.18 sec so far
Iteration 253611: max relative diff=0.000000, 4824.96 sec so far
Iteration 253914: max relative diff=0.000000, 4830.76 sec so far
Iteration 254217: max relative diff=0.000000, 4836.57 sec so far
Iteration 254520: max relative diff=0.000000, 4842.36 sec so far
Iteration 254823: max relative diff=0.000000, 4848.15 sec so far
Iteration 255126: max relative diff=0.000000, 4853.96 sec so far
Iteration 255429: max relative diff=0.000000, 4859.75 sec so far
Iteration 255732: max relative diff=0.000000, 4865.55 sec so far
Iteration 256035: max relative diff=0.000000, 4871.34 sec so far
Iteration 256338: max relative diff=0.000000, 4877.12 sec so far
Iteration 256641: max relative diff=0.000000, 4882.90 sec so far
Iteration 256944: max relative diff=0.000000, 4888.70 sec so far
Iteration 257247: max relative diff=0.000000, 4894.44 sec so far
Iteration 257550: max relative diff=0.000000, 4900.18 sec so far
Iteration 257853: max relative diff=0.000000, 4905.91 sec so far
Iteration 258156: max relative diff=0.000000, 4911.64 sec so far
Iteration 258459: max relative diff=0.000000, 4917.39 sec so far
Iteration 258762: max relative diff=0.000000, 4923.16 sec so far
Iteration 259065: max relative diff=0.000000, 4928.90 sec so far
Iteration 259368: max relative diff=0.000000, 4934.64 sec so far
Iteration 259671: max relative diff=0.000000, 4940.36 sec so far
Iteration 259974: max relative diff=0.000000, 4946.08 sec so far
Iteration 260277: max relative diff=0.000000, 4951.80 sec so far
Iteration 260580: max relative diff=0.000000, 4957.51 sec so far
Iteration 260883: max relative diff=0.000000, 4963.23 sec so far
Iteration 261186: max relative diff=0.000000, 4968.93 sec so far
Iteration 261489: max relative diff=0.000000, 4974.63 sec so far
Iteration 261792: max relative diff=0.000000, 4980.32 sec so far
Iteration 262095: max relative diff=0.000000, 4986.02 sec so far
Iteration 262398: max relative diff=0.000000, 4991.77 sec so far
Iteration 262701: max relative diff=0.000000, 4997.52 sec so far
Iteration 263004: max relative diff=0.000000, 5003.27 sec so far
Iteration 263307: max relative diff=0.000000, 5009.03 sec so far
Iteration 263610: max relative diff=0.000000, 5014.82 sec so far
Iteration 263913: max relative diff=0.000000, 5020.59 sec so far
Iteration 264216: max relative diff=0.000000, 5026.36 sec so far
Iteration 264519: max relative diff=0.000000, 5032.15 sec so far
Iteration 264822: max relative diff=0.000000, 5037.91 sec so far
Iteration 265125: max relative diff=0.000000, 5043.69 sec so far
Iteration 265428: max relative diff=0.000000, 5049.46 sec so far
Iteration 265731: max relative diff=0.000000, 5055.21 sec so far
Iteration 266034: max relative diff=0.000000, 5060.96 sec so far
Iteration 266337: max relative diff=0.000000, 5066.70 sec so far
Iteration 266640: max relative diff=0.000000, 5072.46 sec so far
Iteration 266943: max relative diff=0.000000, 5078.22 sec so far
Iteration 267246: max relative diff=0.000000, 5083.94 sec so far
Iteration 267549: max relative diff=0.000000, 5089.65 sec so far
Iteration 267852: max relative diff=0.000000, 5095.38 sec so far
Iteration 268155: max relative diff=0.000000, 5101.12 sec so far
Iteration 268458: max relative diff=0.000000, 5106.83 sec so far
Iteration 268761: max relative diff=0.000000, 5112.55 sec so far
Iteration 269064: max relative diff=0.000000, 5118.32 sec so far
Iteration 269367: max relative diff=0.000000, 5124.09 sec so far
Iteration 269670: max relative diff=0.000000, 5129.86 sec so far
Iteration 269973: max relative diff=0.000000, 5135.61 sec so far
Iteration 270276: max relative diff=0.000000, 5141.33 sec so far
Iteration 270579: max relative diff=0.000000, 5147.08 sec so far
Iteration 270882: max relative diff=0.000000, 5152.82 sec so far
Iteration 271185: max relative diff=0.000000, 5158.54 sec so far
Iteration 271488: max relative diff=0.000000, 5164.26 sec so far
Iteration 271791: max relative diff=0.000000, 5169.98 sec so far
Iteration 272094: max relative diff=0.000000, 5175.71 sec so far
Iteration 272397: max relative diff=0.000000, 5181.45 sec so far
Iteration 272700: max relative diff=0.000000, 5187.24 sec so far
Iteration 273003: max relative diff=0.000000, 5193.01 sec so far
Iteration 273306: max relative diff=0.000000, 5198.78 sec so far
Iteration 273609: max relative diff=0.000000, 5204.52 sec so far
Iteration 273912: max relative diff=0.000000, 5210.30 sec so far
Iteration 274215: max relative diff=0.000000, 5216.05 sec so far
Iteration 274518: max relative diff=0.000000, 5221.82 sec so far
Iteration 274821: max relative diff=0.000000, 5227.56 sec so far
Iteration 275124: max relative diff=0.000000, 5233.34 sec so far
Iteration 275427: max relative diff=0.000000, 5239.11 sec so far
Iteration 275730: max relative diff=0.000000, 5244.87 sec so far
Iteration 276033: max relative diff=0.000000, 5250.63 sec so far
Iteration 276336: max relative diff=0.000000, 5256.38 sec so far
Iteration 276639: max relative diff=0.000000, 5262.11 sec so far
Iteration 276942: max relative diff=0.000000, 5267.85 sec so far
Iteration 277245: max relative diff=0.000000, 5273.62 sec so far
Iteration 277548: max relative diff=0.000000, 5279.40 sec so far
Iteration 277851: max relative diff=0.000000, 5285.15 sec so far
Iteration 278154: max relative diff=0.000000, 5290.93 sec so far
Iteration 278457: max relative diff=0.000000, 5296.69 sec so far
Iteration 278760: max relative diff=0.000000, 5302.43 sec so far
Iteration 279063: max relative diff=0.000000, 5308.18 sec so far
Iteration 279366: max relative diff=0.000000, 5313.91 sec so far
Iteration 279669: max relative diff=0.000000, 5319.65 sec so far
Iteration 279972: max relative diff=0.000000, 5325.36 sec so far
Iteration 280275: max relative diff=0.000000, 5331.07 sec so far
Iteration 280578: max relative diff=0.000000, 5336.78 sec so far
Iteration 280881: max relative diff=0.000000, 5342.52 sec so far
Iteration 281184: max relative diff=0.000000, 5348.26 sec so far
Iteration 281487: max relative diff=0.000000, 5354.01 sec so far
Iteration 281790: max relative diff=0.000000, 5359.73 sec so far
Iteration 282093: max relative diff=0.000000, 5365.45 sec so far
Iteration 282396: max relative diff=0.000000, 5371.19 sec so far
Iteration 282699: max relative diff=0.000000, 5376.91 sec so far
Iteration 283002: max relative diff=0.000000, 5382.63 sec so far
Iteration 283305: max relative diff=0.000000, 5388.33 sec so far
Iteration 283608: max relative diff=0.000000, 5394.04 sec so far
Iteration 283911: max relative diff=0.000000, 5399.79 sec so far
Iteration 284214: max relative diff=0.000000, 5405.50 sec so far
Iteration 284517: max relative diff=0.000000, 5411.22 sec so far
Iteration 284820: max relative diff=0.000000, 5416.97 sec so far
Iteration 285123: max relative diff=0.000000, 5422.69 sec so far
Iteration 285426: max relative diff=0.000000, 5428.42 sec so far
Iteration 285729: max relative diff=0.000000, 5434.17 sec so far
Iteration 286032: max relative diff=0.000000, 5439.92 sec so far
Iteration 286335: max relative diff=0.000000, 5445.66 sec so far
Iteration 286638: max relative diff=0.000000, 5451.39 sec so far
Iteration 286941: max relative diff=0.000000, 5457.14 sec so far
Iteration 287244: max relative diff=0.000000, 5462.89 sec so far
Iteration 287547: max relative diff=0.000000, 5468.63 sec so far
Iteration 287850: max relative diff=0.000000, 5474.36 sec so far
Iteration 288153: max relative diff=0.000000, 5480.09 sec so far
Iteration 288456: max relative diff=0.000000, 5485.81 sec so far
Iteration 288759: max relative diff=0.000000, 5491.55 sec so far
Iteration 289062: max relative diff=0.000000, 5497.29 sec so far
Iteration 289365: max relative diff=0.000000, 5503.02 sec so far
Iteration 289668: max relative diff=0.000000, 5508.74 sec so far
Iteration 289971: max relative diff=0.000000, 5514.45 sec so far
Iteration 290274: max relative diff=0.000000, 5520.18 sec so far
Iteration 290577: max relative diff=0.000000, 5525.89 sec so far
Iteration 290880: max relative diff=0.000000, 5531.59 sec so far
Iteration 291183: max relative diff=0.000000, 5537.29 sec so far
Iteration 291486: max relative diff=0.000000, 5542.98 sec so far
Iteration 291789: max relative diff=0.000000, 5548.70 sec so far
Iteration 292092: max relative diff=0.000000, 5554.40 sec so far
Iteration 292395: max relative diff=0.000000, 5560.13 sec so far
Iteration 292698: max relative diff=0.000000, 5565.82 sec so far
Iteration 293001: max relative diff=0.000000, 5571.50 sec so far
Iteration 293304: max relative diff=0.000000, 5577.17 sec so far
Iteration 293607: max relative diff=0.000000, 5582.84 sec so far
Iteration 293910: max relative diff=0.000000, 5588.52 sec so far
Iteration 294213: max relative diff=0.000000, 5594.24 sec so far
Iteration 294516: max relative diff=0.000000, 5599.95 sec so far
Iteration 294819: max relative diff=0.000000, 5605.66 sec so far
Iteration 295122: max relative diff=0.000000, 5611.37 sec so far
Iteration 295425: max relative diff=0.000000, 5617.06 sec so far
Iteration 295728: max relative diff=0.000000, 5622.74 sec so far
Iteration 296031: max relative diff=0.000000, 5628.41 sec so far
Iteration 296334: max relative diff=0.000000, 5634.04 sec so far
Iteration 296637: max relative diff=0.000000, 5639.66 sec so far
Iteration 296940: max relative diff=0.000000, 5645.32 sec so far
Iteration 297243: max relative diff=0.000000, 5650.96 sec so far
Iteration 297546: max relative diff=0.000000, 5656.62 sec so far
Iteration 297849: max relative diff=0.000000, 5662.26 sec so far
Iteration 298152: max relative diff=0.000000, 5667.89 sec so far
Iteration 298455: max relative diff=0.000000, 5673.50 sec so far
Iteration 298758: max relative diff=0.000000, 5679.13 sec so far
Iteration 299061: max relative diff=0.000000, 5684.75 sec so far
Iteration 299364: max relative diff=0.000000, 5690.38 sec so far
Iteration 299667: max relative diff=0.000000, 5696.04 sec so far
Iteration 299970: max relative diff=0.000000, 5701.66 sec so far
Iteration 300273: max relative diff=0.000000, 5707.28 sec so far
Iteration 300576: max relative diff=0.000000, 5712.91 sec so far
Iteration 300879: max relative diff=0.000000, 5718.53 sec so far
Iteration 301182: max relative diff=0.000000, 5724.18 sec so far
Iteration 301485: max relative diff=0.000000, 5729.82 sec so far
Iteration 301788: max relative diff=0.000000, 5735.50 sec so far
Iteration 302091: max relative diff=0.000000, 5741.18 sec so far
Iteration 302394: max relative diff=0.000000, 5746.85 sec so far
Iteration 302697: max relative diff=0.000000, 5752.55 sec so far
Iteration 303000: max relative diff=0.000000, 5758.24 sec so far
Iteration 303303: max relative diff=0.000000, 5763.91 sec so far
Iteration 303606: max relative diff=0.000000, 5769.59 sec so far
Iteration 303909: max relative diff=0.000000, 5775.30 sec so far
Iteration 304212: max relative diff=0.000000, 5781.06 sec so far
Iteration 304515: max relative diff=0.000000, 5786.77 sec so far
Iteration 304818: max relative diff=0.000000, 5792.49 sec so far
Iteration 305121: max relative diff=0.000000, 5798.24 sec so far
Iteration 305424: max relative diff=0.000000, 5804.06 sec so far
Iteration 305727: max relative diff=0.000000, 5809.84 sec so far
Iteration 306030: max relative diff=0.000000, 5815.62 sec so far
Iteration 306333: max relative diff=0.000000, 5821.40 sec so far
Iteration 306636: max relative diff=0.000000, 5827.18 sec so far
Iteration 306939: max relative diff=0.000000, 5832.97 sec so far
Iteration 307242: max relative diff=0.000000, 5838.72 sec so far
Iteration 307545: max relative diff=0.000000, 5844.52 sec so far
Iteration 307848: max relative diff=0.000000, 5850.28 sec so far
Iteration 308151: max relative diff=0.000000, 5856.06 sec so far
Iteration 308454: max relative diff=0.000000, 5861.81 sec so far
Iteration 308757: max relative diff=0.000000, 5867.60 sec so far
Iteration 309060: max relative diff=0.000000, 5873.38 sec so far
Iteration 309363: max relative diff=0.000000, 5879.16 sec so far
Iteration 309666: max relative diff=0.000000, 5884.93 sec so far
Iteration 309969: max relative diff=0.000000, 5890.74 sec so far
Iteration 310272: max relative diff=0.000000, 5896.53 sec so far
Iteration 310575: max relative diff=0.000000, 5902.28 sec so far
Iteration 310878: max relative diff=0.000000, 5908.03 sec so far
Iteration 311181: max relative diff=0.000000, 5913.82 sec so far
Iteration 311484: max relative diff=0.000000, 5919.59 sec so far
Iteration 311787: max relative diff=0.000000, 5925.38 sec so far
Iteration 312090: max relative diff=0.000000, 5931.15 sec so far
Iteration 312393: max relative diff=0.000000, 5936.94 sec so far
Iteration 312696: max relative diff=0.000000, 5942.74 sec so far
Iteration 312999: max relative diff=0.000000, 5948.58 sec so far
Iteration 313302: max relative diff=0.000000, 5954.38 sec so far
Iteration 313605: max relative diff=0.000000, 5960.19 sec so far
Iteration 313908: max relative diff=0.000000, 5966.00 sec so far
Iteration 314211: max relative diff=0.000000, 5971.83 sec so far
Iteration 314514: max relative diff=0.000000, 5977.64 sec so far
Iteration 314817: max relative diff=0.000000, 5983.42 sec so far
Iteration 315120: max relative diff=0.000000, 5989.21 sec so far
Iteration 315423: max relative diff=0.000000, 5995.04 sec so far
Iteration 315726: max relative diff=0.000000, 6000.86 sec so far
Iteration 316029: max relative diff=0.000000, 6006.67 sec so far
Iteration 316332: max relative diff=0.000000, 6012.46 sec so far
Iteration 316635: max relative diff=0.000000, 6018.22 sec so far
Iteration 316938: max relative diff=0.000000, 6024.00 sec so far
Iteration 317241: max relative diff=0.000000, 6029.79 sec so far
Iteration 317544: max relative diff=0.000000, 6035.57 sec so far
Iteration 317847: max relative diff=0.000000, 6041.32 sec so far
Iteration 318150: max relative diff=0.000000, 6047.07 sec so far
Iteration 318453: max relative diff=0.000000, 6052.82 sec so far
Iteration 318756: max relative diff=0.000000, 6058.56 sec so far
Iteration 319059: max relative diff=0.000000, 6064.31 sec so far
Iteration 319362: max relative diff=0.000000, 6070.08 sec so far
Iteration 319665: max relative diff=0.000000, 6075.82 sec so far
Iteration 319968: max relative diff=0.000000, 6081.56 sec so far
Iteration 320271: max relative diff=0.000000, 6087.28 sec so far
Iteration 320574: max relative diff=0.000000, 6093.02 sec so far
Iteration 320877: max relative diff=0.000000, 6098.75 sec so far
Iteration 321180: max relative diff=0.000000, 6104.51 sec so far
Iteration 321483: max relative diff=0.000000, 6110.27 sec so far
Iteration 321786: max relative diff=0.000000, 6116.03 sec so far
Iteration 322089: max relative diff=0.000000, 6121.75 sec so far
Iteration 322392: max relative diff=0.000000, 6127.50 sec so far
Iteration 322695: max relative diff=0.000000, 6133.24 sec so far
Iteration 322998: max relative diff=0.000000, 6139.00 sec so far
Iteration 323301: max relative diff=0.000000, 6144.80 sec so far
Iteration 323604: max relative diff=0.000000, 6150.56 sec so far
Iteration 323907: max relative diff=0.000000, 6156.34 sec so far
Iteration 324210: max relative diff=0.000000, 6162.06 sec so far
Iteration 324513: max relative diff=0.000000, 6167.82 sec so far
Iteration 324816: max relative diff=0.000000, 6173.55 sec so far
Iteration 325119: max relative diff=0.000000, 6179.28 sec so far
Iteration 325422: max relative diff=0.000000, 6185.03 sec so far
Iteration 325725: max relative diff=0.000000, 6190.77 sec so far
Iteration 326028: max relative diff=0.000000, 6196.52 sec so far
Iteration 326331: max relative diff=0.000000, 6202.30 sec so far
Iteration 326634: max relative diff=0.000000, 6208.04 sec so far
Iteration 326937: max relative diff=0.000000, 6213.79 sec so far
Iteration 327240: max relative diff=0.000000, 6219.50 sec so far
Iteration 327543: max relative diff=0.000000, 6225.22 sec so far
Iteration 327846: max relative diff=0.000000, 6230.94 sec so far
Iteration 328149: max relative diff=0.000000, 6236.64 sec so far
Iteration 328452: max relative diff=0.000000, 6242.40 sec so far
Iteration 328755: max relative diff=0.000000, 6248.16 sec so far
Iteration 329058: max relative diff=0.000000, 6253.92 sec so far
Iteration 329361: max relative diff=0.000000, 6259.67 sec so far
Iteration 329664: max relative diff=0.000000, 6265.41 sec so far
Iteration 329967: max relative diff=0.000000, 6271.15 sec so far
Iteration 330270: max relative diff=0.000000, 6276.92 sec so far
Iteration 330573: max relative diff=0.000000, 6282.70 sec so far
Iteration 330876: max relative diff=0.000000, 6288.47 sec so far
Iteration 331179: max relative diff=0.000000, 6294.25 sec so far
Iteration 331482: max relative diff=0.000000, 6300.00 sec so far
Iteration 331785: max relative diff=0.000000, 6305.72 sec so far
Iteration 332088: max relative diff=0.000000, 6311.42 sec so far
Iteration 332391: max relative diff=0.000000, 6317.14 sec so far
Iteration 332694: max relative diff=0.000000, 6322.86 sec so far
Iteration 332997: max relative diff=0.000000, 6328.58 sec so far
Iteration 333300: max relative diff=0.000000, 6334.33 sec so far
Iteration 333603: max relative diff=0.000000, 6340.14 sec so far
Iteration 333906: max relative diff=0.000000, 6345.96 sec so far
Iteration 334209: max relative diff=0.000000, 6351.71 sec so far
Iteration 334512: max relative diff=0.000000, 6357.48 sec so far
Iteration 334815: max relative diff=0.000000, 6363.23 sec so far
Iteration 335118: max relative diff=0.000000, 6368.96 sec so far
Iteration 335421: max relative diff=0.000000, 6374.69 sec so far
Iteration 335724: max relative diff=0.000000, 6380.41 sec so far
Iteration 336027: max relative diff=0.000000, 6386.14 sec so far
Iteration 336330: max relative diff=0.000000, 6391.89 sec so far
Iteration 336633: max relative diff=0.000000, 6397.63 sec so far
Iteration 336936: max relative diff=0.000000, 6403.36 sec so far
Iteration 337239: max relative diff=0.000000, 6409.09 sec so far
Iteration 337542: max relative diff=0.000000, 6414.82 sec so far
Iteration 337845: max relative diff=0.000000, 6420.57 sec so far
Iteration 338148: max relative diff=0.000000, 6426.34 sec so far
Iteration 338451: max relative diff=0.000000, 6432.12 sec so far
Iteration 338754: max relative diff=0.000000, 6437.88 sec so far
Iteration 339057: max relative diff=0.000000, 6443.64 sec so far
Iteration 339360: max relative diff=0.000000, 6449.38 sec so far
Iteration 339663: max relative diff=0.000000, 6455.12 sec so far
Iteration 339966: max relative diff=0.000000, 6460.85 sec so far
Iteration 340269: max relative diff=0.000000, 6466.58 sec so far
Iteration 340572: max relative diff=0.000000, 6472.29 sec so far
Iteration 340875: max relative diff=0.000000, 6478.03 sec so far
Iteration 341178: max relative diff=0.000000, 6483.76 sec so far
Iteration 341481: max relative diff=0.000000, 6489.50 sec so far
Iteration 341784: max relative diff=0.000000, 6495.24 sec so far
Iteration 342087: max relative diff=0.000000, 6501.00 sec so far
Iteration 342390: max relative diff=0.000000, 6506.78 sec so far
Iteration 342693: max relative diff=0.000000, 6512.58 sec so far
Iteration 342996: max relative diff=0.000000, 6518.40 sec so far
Iteration 343299: max relative diff=0.000000, 6524.18 sec so far
Iteration 343602: max relative diff=0.000000, 6529.94 sec so far
Iteration 343905: max relative diff=0.000000, 6535.66 sec so far
Iteration 344208: max relative diff=0.000000, 6541.40 sec so far
Iteration 344511: max relative diff=0.000000, 6547.16 sec so far
Iteration 344814: max relative diff=0.000000, 6552.90 sec so far
Iteration 345117: max relative diff=0.000000, 6558.66 sec so far
Iteration 345420: max relative diff=0.000000, 6564.42 sec so far
Iteration 345723: max relative diff=0.000000, 6570.16 sec so far
Iteration 346026: max relative diff=0.000000, 6575.89 sec so far
Iteration 346329: max relative diff=0.000000, 6581.60 sec so far
Iteration 346632: max relative diff=0.000000, 6587.33 sec so far
Iteration 346935: max relative diff=0.000000, 6593.07 sec so far
Iteration 347238: max relative diff=0.000000, 6598.80 sec so far
Iteration 347541: max relative diff=0.000000, 6604.54 sec so far
Iteration 347844: max relative diff=0.000000, 6610.26 sec so far
Iteration 348147: max relative diff=0.000000, 6615.98 sec so far
Iteration 348450: max relative diff=0.000000, 6621.75 sec so far
Iteration 348753: max relative diff=0.000000, 6627.50 sec so far
Iteration 349056: max relative diff=0.000000, 6633.24 sec so far
Iteration 349359: max relative diff=0.000000, 6638.97 sec so far
Iteration 349662: max relative diff=0.000000, 6644.72 sec so far
Iteration 349965: max relative diff=0.000000, 6650.43 sec so far
Iteration 350268: max relative diff=0.000000, 6656.15 sec so far
Iteration 350571: max relative diff=0.000000, 6661.87 sec so far
Iteration 350874: max relative diff=0.000000, 6667.57 sec so far
Iteration 351177: max relative diff=0.000000, 6673.28 sec so far
Iteration 351480: max relative diff=0.000000, 6678.99 sec so far
Iteration 351783: max relative diff=0.000000, 6684.71 sec so far
Iteration 352086: max relative diff=0.000000, 6690.44 sec so far
Iteration 352389: max relative diff=0.000000, 6696.19 sec so far
Iteration 352692: max relative diff=0.000000, 6701.92 sec so far
Iteration 352995: max relative diff=0.000000, 6707.64 sec so far
Iteration 353298: max relative diff=0.000000, 6713.37 sec so far
Iteration 353601: max relative diff=0.000000, 6719.12 sec so far
Iteration 353904: max relative diff=0.000000, 6724.87 sec so far
Iteration 354207: max relative diff=0.000000, 6730.58 sec so far
Iteration 354510: max relative diff=0.000000, 6736.32 sec so far
Iteration 354813: max relative diff=0.000000, 6742.04 sec so far
Iteration 355116: max relative diff=0.000000, 6747.77 sec so far
Iteration 355419: max relative diff=0.000000, 6753.49 sec so far
Iteration 355722: max relative diff=0.000000, 6759.23 sec so far
Iteration 356025: max relative diff=0.000000, 6764.96 sec so far
Iteration 356328: max relative diff=0.000000, 6770.72 sec so far
Iteration 356631: max relative diff=0.000000, 6776.47 sec so far
Iteration 356934: max relative diff=0.000000, 6782.22 sec so far
Iteration 357237: max relative diff=0.000000, 6787.96 sec so far
Iteration 357540: max relative diff=0.000000, 6793.72 sec so far
Iteration 357843: max relative diff=0.000000, 6799.48 sec so far
Iteration 358146: max relative diff=0.000000, 6805.22 sec so far
Iteration 358449: max relative diff=0.000000, 6810.99 sec so far
Iteration 358752: max relative diff=0.000000, 6816.76 sec so far
Iteration 359055: max relative diff=0.000000, 6822.53 sec so far
Iteration 359358: max relative diff=0.000000, 6828.29 sec so far
Iteration 359661: max relative diff=0.000000, 6834.04 sec so far
Iteration 359964: max relative diff=0.000000, 6839.82 sec so far
Iteration 360267: max relative diff=0.000000, 6845.56 sec so far
Iteration 360570: max relative diff=0.000000, 6851.33 sec so far
Iteration 360873: max relative diff=0.000000, 6857.11 sec so far
Iteration 361176: max relative diff=0.000000, 6862.89 sec so far
Iteration 361479: max relative diff=0.000000, 6868.63 sec so far
Iteration 361782: max relative diff=0.000000, 6874.39 sec so far
Iteration 362085: max relative diff=0.000000, 6880.18 sec so far
Iteration 362388: max relative diff=0.000000, 6885.93 sec so far
Iteration 362691: max relative diff=0.000000, 6891.69 sec so far
Iteration 362994: max relative diff=0.000000, 6897.46 sec so far
Iteration 363297: max relative diff=0.000000, 6903.23 sec so far
Iteration 363600: max relative diff=0.000000, 6909.00 sec so far
Iteration 363903: max relative diff=0.000000, 6914.78 sec so far
Iteration 364206: max relative diff=0.000000, 6920.57 sec so far
Iteration 364509: max relative diff=0.000000, 6926.33 sec so far
Iteration 364812: max relative diff=0.000000, 6932.10 sec so far
Iteration 365115: max relative diff=0.000000, 6937.90 sec so far
Iteration 365418: max relative diff=0.000000, 6943.67 sec so far
Iteration 365721: max relative diff=0.000000, 6949.46 sec so far
Iteration 366024: max relative diff=0.000000, 6955.25 sec so far
Iteration 366327: max relative diff=0.000000, 6961.02 sec so far
Iteration 366630: max relative diff=0.000000, 6966.80 sec so far
Iteration 366933: max relative diff=0.000000, 6972.56 sec so far
Iteration 367236: max relative diff=0.000000, 6978.32 sec so far
Iteration 367539: max relative diff=0.000000, 6984.10 sec so far
Iteration 367842: max relative diff=0.000000, 6989.89 sec so far
Iteration 368145: max relative diff=0.000000, 6995.68 sec so far
Iteration 368448: max relative diff=0.000000, 7001.45 sec so far
Iteration 368751: max relative diff=0.000000, 7007.23 sec so far
Iteration 369054: max relative diff=0.000000, 7013.01 sec so far
Iteration 369357: max relative diff=0.000000, 7018.79 sec so far
Iteration 369660: max relative diff=0.000000, 7024.54 sec so far
Iteration 369963: max relative diff=0.000000, 7030.32 sec so far
Iteration 370266: max relative diff=0.000000, 7036.07 sec so far
Iteration 370569: max relative diff=0.000000, 7041.82 sec so far
Iteration 370872: max relative diff=0.000000, 7047.58 sec so far
Iteration 371175: max relative diff=0.000000, 7053.35 sec so far
Iteration 371478: max relative diff=0.000000, 7059.12 sec so far
Iteration 371781: max relative diff=0.000000, 7064.87 sec so far
Iteration 372084: max relative diff=0.000000, 7070.61 sec so far
Iteration 372387: max relative diff=0.000000, 7076.36 sec so far
Iteration 372690: max relative diff=0.000000, 7082.12 sec so far
Iteration 372993: max relative diff=0.000000, 7087.90 sec so far
Iteration 373296: max relative diff=0.000000, 7093.68 sec so far
Iteration 373599: max relative diff=0.000000, 7099.44 sec so far
Iteration 373902: max relative diff=0.000000, 7105.20 sec so far
Iteration 374205: max relative diff=0.000000, 7110.98 sec so far
Iteration 374508: max relative diff=0.000000, 7116.75 sec so far
Iteration 374811: max relative diff=0.000000, 7122.50 sec so far
Iteration 375114: max relative diff=0.000000, 7128.25 sec so far
Iteration 375417: max relative diff=0.000000, 7134.03 sec so far
Iteration 375720: max relative diff=0.000000, 7139.85 sec so far
Iteration 376023: max relative diff=0.000000, 7145.64 sec so far
Iteration 376326: max relative diff=0.000000, 7151.42 sec so far
Iteration 376629: max relative diff=0.000000, 7157.16 sec so far
Iteration 376932: max relative diff=0.000000, 7162.91 sec so far
Iteration 377235: max relative diff=0.000000, 7168.65 sec so far
Iteration 377538: max relative diff=0.000000, 7174.38 sec so far
Iteration 377841: max relative diff=0.000000, 7180.15 sec so far
Iteration 378144: max relative diff=0.000000, 7185.88 sec so far
Iteration 378447: max relative diff=0.000000, 7191.64 sec so far
Iteration 378750: max relative diff=0.000000, 7197.42 sec so far
Iteration 379053: max relative diff=0.000000, 7203.20 sec so far
Iteration 379356: max relative diff=0.000000, 7208.98 sec so far
Iteration 379659: max relative diff=0.000000, 7214.75 sec so far
Iteration 379962: max relative diff=0.000000, 7220.52 sec so far
Iteration 380265: max relative diff=0.000000, 7226.28 sec so far
Iteration 380568: max relative diff=0.000000, 7232.05 sec so far
Iteration 380871: max relative diff=0.000000, 7237.83 sec so far
Iteration 381174: max relative diff=0.000000, 7243.58 sec so far
Iteration 381477: max relative diff=0.000000, 7249.30 sec so far
Iteration 381780: max relative diff=0.000000, 7255.02 sec so far
Iteration 382083: max relative diff=0.000000, 7260.76 sec so far
Iteration 382386: max relative diff=0.000000, 7266.48 sec so far

Iterative method: 382587 iterations in 7270.30 seconds (average 0.019003, setup 1.76)

Number of updates: 639005M 

Value in the initial state: 0.021872590831753854

Time for model checking: 7830.109 seconds.

Result: 0.021872590831753854 (value in the initial state)

