PRISM
=====

Version: 4.4.dev
Date: Thu Mar 29 12:59:53 IRDT 2018
Hostname: sadegh-H81M-S2PH
Memory limits: cudd=1g, java(heap)=910.5m
Command line: prism ../models/consensus/coin6.nm ../models/consensus/coin.pctl -s -prop 4 -const K=8 -ii -maxiters 25000000 -epsilon 1e-10

Parsing model file "../models/consensus/coin6.nm"...

Parsing properties file "../models/consensus/coin.pctl"...

8 properties:
(1) P>=1 [ F "finished" ]
(2) Pmin=? [ F "finished"&"all_coins_equal_0" ]
(3) Pmin=? [ F "finished"&"all_coins_equal_1" ]
(4) Pmax=? [ F "finished"&!"agree" ]
(5) Pmin=? [ F<=k "finished" ]
(6) Pmax=? [ F<=k "finished" ]
(7) R{"steps"}min=? [ F "finished" ]
(8) R{"steps"}max=? [ F "finished" ]

Type:        MDP
Modules:     process1 process2 process3 process4 process5 process6 
Variables:   counter pc1 coin1 pc2 coin2 pc3 coin3 pc4 coin4 pc5 coin5 pc6 coin6 

---------------------------------------------------------------------

Model checking: Pmax=? [ F "finished"&!"agree" ]
Model constants: K=8

Building model...
Model constants: K=8

Computing reachable states...

Reachability (BFS): 581 iterations in 0.24 seconds (average 0.000413, setup 0.00)

Time for model construction: 0.332 seconds.

Type:        MDP
States:      4612864 (1 initial)
Transitions: 23032896
Choices:     18445056

Transition matrix: 7125 nodes (3 terminal), 23032896 minterms, vars: 25r/25c/6nd

Prob0A: 439 iterations in 1.88 seconds (average 0.004273, setup 0.00)

Prob1E: 20483 iterations in 185.05 seconds (average 0.009034, setup 0.00)

yes = 1983636, no = 27270, maybe = 2601958

Computing remaining probabilities...
Engine: Sparse

Building quotient MDP, collapsing maximal end components as well as yes and no states...
Time for computing maximal end components: 3.408 seconds, found 0 MECs.

Error: Not enough extra action variables preallocated, please increase using -ddextraactionvars switch!.

Warning: CUDD reports 10789 non-zero references.

