PRISM
=====

Version: 4.4.dev
Date: Thu Mar 29 00:23:28 IRDT 2018
Hostname: sadegh-H81M-S2PH
Memory limits: cudd=1g, java(heap)=910.5m
Command line: prism ../models/consensus/coin4.nm ../models/consensus/coin.pctl -s -prop 4 -const K=20 -modpoliter -topological -maxiters 25000000 -epsilon 1e-8

Parsing model file "../models/consensus/coin4.nm"...

Parsing properties file "../models/consensus/coin.pctl"...

8 properties:
(1) P>=1 [ F "finished" ]
(2) Pmin=? [ F "finished"&"all_coins_equal_0" ]
(3) Pmin=? [ F "finished"&"all_coins_equal_1" ]
(4) Pmax=? [ F "finished"&!"agree" ]
(5) Pmin=? [ F<=k "finished" ]
(6) Pmax=? [ F<=k "finished" ]
(7) R{"steps"}min=? [ F "finished" ]
(8) R{"steps"}max=? [ F "finished" ]

Type:        MDP
Modules:     process1 process2 process3 process4 
Variables:   counter pc1 coin1 pc2 coin2 pc3 coin3 pc4 coin4 

---------------------------------------------------------------------

Model checking: Pmax=? [ F "finished"&!"agree" ]
Model constants: K=20

Building model...
Model constants: K=20

Computing reachable states...

Reachability (BFS): 963 iterations in 0.14 seconds (average 0.000145, setup 0.00)

Time for model construction: 0.239 seconds.

Type:        MDP
States:      206976 (1 initial)
Transitions: 697312
Choices:     558208

Transition matrix: 2432 nodes (3 terminal), 697312 minterms, vars: 20r/20c/4nd

Prob0A: 725 iterations in 0.48 seconds (average 0.000662, setup 0.00)

Prob1E: 50704 iterations in 52.32 seconds (average 0.001032, setup 0.00)

yes = 47736, no = 910, maybe = 158330

Computing remaining probabilities...
Engine: Sparse

Building sparse matrix... [n=206976, nc=475272, nnz=594328, k=4] [7.5 MB]
Creating vector for yes... [1.6 MB]
Allocating iteration vectors... [2 x 1.6 MB]
TOTAL: [12.2 MB]

Starting iterations...

Iterative method: 865376 iterations in 38.25 seconds (average 0.000044, setup 0.14)


Number of state Updates: 4604M 

Value in the initial state: 0.03124874045014339

Time for model checking: 91.182 seconds.

Result: 0.03124874045014339 (value in the initial state)

