PRISM
=====

Version: 4.4.dev
Date: Wed Mar 28 12:56:43 IRDT 2018
Hostname: sadegh-H81M-S2PH
Memory limits: cudd=1g, java(heap)=910.5m
Command line: prism ../models/nand/nand.pm ../models/nand/nand.pctl -s -const 'K=6,N=60' -ii -nocompact -epsilon 1e-10

Parsing model file "../models/nand/nand.pm"...

Parsing properties file "../models/nand/nand.pctl"...

1 property:
(1) "reliable": P=? [ F s=4&z/N<0.1 ]

Type:        DTMC
Modules:     multiplex 
Variables:   u c s z zx zy x y 

---------------------------------------------------------------------

Model checking: "reliable": P=? [ F s=4&z/N<0.1 ]
Model constants: N=60,K=6

Building model...
Model constants: N=60,K=6

Computing reachable states...

Reachability (BFS): 3122 iterations in 24.38 seconds (average 0.007808, setup 0.00)

Time for model construction: 24.876 seconds.

Type:        DTMC
States:      28231742 (1 initial)
Transitions: 44644532

Transition matrix: 97453 nodes (1103 terminal), 44644532 minterms, vars: 33r/33c

Prob0: 3122 iterations in 19.11 seconds (average 0.006120, setup 0.00)

Prob1: 2905 iterations in 17.67 seconds (average 0.006082, setup 0.00)

yes = 547, no = 1757695, maybe = 26473500

Computing remaining probabilities...
Engine: Sparse

Building sparse matrix... [n=28231742, nnz=41867195] [506.1 MB]
Creating vector for diagonals... [215.4 MB]
Creating vector for RHS... [215.4 MB]
Allocating iteration vectors... [4 x 215.4 MB]
TOTAL: [1.8 GB]

Starting iterations...
Iteration 13: max relative diff=1.000000, 5.02 sec so far
Iteration 26: max relative diff=1.000000, 10.02 sec so far
Iteration 39: max relative diff=1.000000, 15.03 sec so far
Iteration 52: max relative diff=1.000000, 20.04 sec so far
Iteration 65: max relative diff=1.000000, 25.06 sec so far
Iteration 78: max relative diff=1.000000, 30.07 sec so far
Iteration 91: max relative diff=1.000000, 35.08 sec so far
Iteration 104: max relative diff=1.000000, 40.09 sec so far
Iteration 117: max relative diff=1.000000, 45.11 sec so far
Iteration 130: max relative diff=1.000000, 50.14 sec so far
Iteration 143: max relative diff=1.000000, 55.16 sec so far
Iteration 156: max relative diff=1.000000, 60.20 sec so far
Iteration 169: max relative diff=1.000000, 65.23 sec so far
Iteration 182: max relative diff=1.000000, 70.27 sec so far
Iteration 195: max relative diff=1.000000, 75.32 sec so far
Iteration 208: max relative diff=1.000000, 80.37 sec so far
Iteration 221: max relative diff=1.000000, 85.42 sec so far
Iteration 234: max relative diff=1.000000, 90.48 sec so far
Iteration 247: max relative diff=1.000000, 95.53 sec so far
Iteration 260: max relative diff=1.000000, 100.59 sec so far
Iteration 273: max relative diff=1.000000, 105.64 sec so far
Iteration 286: max relative diff=1.000000, 110.70 sec so far
Iteration 299: max relative diff=1.000000, 115.75 sec so far
Iteration 312: max relative diff=1.000000, 120.80 sec so far
Iteration 325: max relative diff=1.000000, 125.85 sec so far
Iteration 338: max relative diff=1.000000, 130.90 sec so far
Iteration 351: max relative diff=1.000000, 135.96 sec so far
Iteration 364: max relative diff=1.000000, 141.00 sec so far
Iteration 377: max relative diff=1.000000, 146.04 sec so far
Iteration 390: max relative diff=1.000000, 151.09 sec so far
Iteration 403: max relative diff=1.000000, 156.13 sec so far
Iteration 416: max relative diff=1.000000, 161.18 sec so far
Iteration 429: max relative diff=1.000000, 166.22 sec so far
Iteration 442: max relative diff=1.000000, 171.27 sec so far
Iteration 455: max relative diff=1.000000, 176.32 sec so far
Iteration 468: max relative diff=1.000000, 181.38 sec so far
Iteration 481: max relative diff=1.000000, 186.43 sec so far
Iteration 494: max relative diff=1.000000, 191.49 sec so far
Iteration 507: max relative diff=1.000000, 196.54 sec so far
Iteration 520: max relative diff=1.000000, 201.59 sec so far
Iteration 533: max relative diff=1.000000, 206.65 sec so far
Iteration 546: max relative diff=1.000000, 211.69 sec so far
Iteration 559: max relative diff=1.000000, 216.74 sec so far
Iteration 572: max relative diff=1.000000, 221.79 sec so far
Iteration 585: max relative diff=1.000000, 226.84 sec so far
Iteration 598: max relative diff=1.000000, 231.88 sec so far
Iteration 611: max relative diff=1.000000, 236.92 sec so far
Iteration 624: max relative diff=1.000000, 241.97 sec so far
Iteration 637: max relative diff=1.000000, 247.01 sec so far
Iteration 650: max relative diff=1.000000, 252.06 sec so far
Iteration 663: max relative diff=1.000000, 257.10 sec so far
Iteration 676: max relative diff=1.000000, 262.14 sec so far
Iteration 689: max relative diff=1.000000, 267.19 sec so far
Iteration 702: max relative diff=1.000000, 272.24 sec so far
Iteration 715: max relative diff=1.000000, 277.30 sec so far
Iteration 728: max relative diff=1.000000, 282.36 sec so far
Iteration 741: max relative diff=1.000000, 287.42 sec so far
Iteration 754: max relative diff=1.000000, 292.47 sec so far
Iteration 767: max relative diff=1.000000, 297.53 sec so far
Iteration 780: max relative diff=1.000000, 302.58 sec so far
Iteration 793: max relative diff=1.000000, 307.62 sec so far
Iteration 806: max relative diff=1.000000, 312.67 sec so far
Iteration 819: max relative diff=1.000000, 317.72 sec so far
Iteration 832: max relative diff=1.000000, 322.77 sec so far
Iteration 845: max relative diff=1.000000, 327.81 sec so far
Iteration 858: max relative diff=1.000000, 332.86 sec so far
Iteration 871: max relative diff=1.000000, 337.90 sec so far
Iteration 884: max relative diff=1.000000, 342.94 sec so far
Iteration 897: max relative diff=1.000000, 347.99 sec so far
Iteration 910: max relative diff=1.000000, 353.04 sec so far
Iteration 923: max relative diff=1.000000, 358.09 sec so far
Iteration 936: max relative diff=1.000000, 363.14 sec so far
Iteration 949: max relative diff=1.000000, 368.19 sec so far
Iteration 962: max relative diff=1.000000, 373.24 sec so far
Iteration 975: max relative diff=1.000000, 378.30 sec so far
Iteration 988: max relative diff=1.000000, 383.35 sec so far
Iteration 1001: max relative diff=1.000000, 388.40 sec so far
Iteration 1014: max relative diff=1.000000, 393.46 sec so far
Iteration 1027: max relative diff=1.000000, 398.51 sec so far
Iteration 1040: max relative diff=1.000000, 403.56 sec so far
Iteration 1053: max relative diff=1.000000, 408.61 sec so far
Iteration 1066: max relative diff=1.000000, 413.66 sec so far
Iteration 1079: max relative diff=1.000000, 418.70 sec so far
Iteration 1092: max relative diff=1.000000, 423.74 sec so far
Iteration 1105: max relative diff=1.000000, 428.78 sec so far
Iteration 1118: max relative diff=1.000000, 433.83 sec so far
Iteration 1131: max relative diff=1.000000, 438.88 sec so far
Iteration 1144: max relative diff=1.000000, 443.92 sec so far
Iteration 1157: max relative diff=1.000000, 448.96 sec so far
Iteration 1170: max relative diff=1.000000, 454.01 sec so far
Iteration 1183: max relative diff=1.000000, 459.06 sec so far
Iteration 1196: max relative diff=1.000000, 464.11 sec so far
Iteration 1209: max relative diff=1.000000, 469.16 sec so far
Iteration 1222: max relative diff=1.000000, 474.22 sec so far
Iteration 1235: max relative diff=1.000000, 479.28 sec so far
Iteration 1248: max relative diff=1.000000, 484.33 sec so far
Iteration 1261: max relative diff=1.000000, 489.38 sec so far
Iteration 1274: max relative diff=1.000000, 494.44 sec so far
Iteration 1287: max relative diff=1.000000, 499.48 sec so far
Iteration 1300: max relative diff=1.000000, 504.53 sec so far
Iteration 1313: max relative diff=1.000000, 509.57 sec so far
Iteration 1326: max relative diff=1.000000, 514.62 sec so far
Iteration 1339: max relative diff=1.000000, 519.66 sec so far
Iteration 1352: max relative diff=1.000000, 524.71 sec so far
Iteration 1365: max relative diff=1.000000, 529.75 sec so far
Iteration 1378: max relative diff=1.000000, 534.80 sec so far
Iteration 1391: max relative diff=1.000000, 539.84 sec so far
Iteration 1404: max relative diff=1.000000, 544.89 sec so far
Iteration 1417: max relative diff=1.000000, 549.94 sec so far
Iteration 1430: max relative diff=1.000000, 554.99 sec so far
Iteration 1443: max relative diff=1.000000, 560.05 sec so far
Iteration 1456: max relative diff=1.000000, 565.10 sec so far
Iteration 1469: max relative diff=1.000000, 570.16 sec so far
Iteration 1482: max relative diff=1.000000, 575.21 sec so far
Iteration 1495: max relative diff=1.000000, 580.26 sec so far
Iteration 1508: max relative diff=1.000000, 585.32 sec so far
Iteration 1521: max relative diff=1.000000, 590.37 sec so far
Iteration 1534: max relative diff=1.000000, 595.42 sec so far
Iteration 1547: max relative diff=1.000000, 600.46 sec so far
Iteration 1560: max relative diff=1.000000, 605.51 sec so far
Iteration 1573: max relative diff=1.000000, 610.56 sec so far
Iteration 1586: max relative diff=1.000000, 615.60 sec so far
Iteration 1599: max relative diff=1.000000, 620.64 sec so far
Iteration 1612: max relative diff=1.000000, 625.68 sec so far
Iteration 1625: max relative diff=1.000000, 630.73 sec so far
Iteration 1638: max relative diff=1.000000, 635.78 sec so far
Iteration 1651: max relative diff=1.000000, 640.82 sec so far
Iteration 1664: max relative diff=1.000000, 645.87 sec so far
Iteration 1677: max relative diff=1.000000, 650.92 sec so far
Iteration 1690: max relative diff=1.000000, 655.98 sec so far
Iteration 1703: max relative diff=1.000000, 661.03 sec so far
Iteration 1716: max relative diff=1.000000, 666.08 sec so far
Iteration 1729: max relative diff=1.000000, 671.14 sec so far
Iteration 1742: max relative diff=1.000000, 676.19 sec so far
Iteration 1755: max relative diff=1.000000, 681.24 sec so far
Iteration 1768: max relative diff=1.000000, 686.29 sec so far
Iteration 1781: max relative diff=1.000000, 691.34 sec so far
Iteration 1794: max relative diff=1.000000, 696.38 sec so far
Iteration 1807: max relative diff=1.000000, 701.42 sec so far
Iteration 1820: max relative diff=1.000000, 706.46 sec so far
Iteration 1833: max relative diff=1.000000, 711.50 sec so far
Iteration 1846: max relative diff=1.000000, 716.55 sec so far
Iteration 1859: max relative diff=1.000000, 721.60 sec so far
Iteration 1872: max relative diff=1.000000, 726.64 sec so far
Iteration 1885: max relative diff=1.000000, 731.69 sec so far
Iteration 1898: max relative diff=1.000000, 736.74 sec so far
Iteration 1911: max relative diff=1.000000, 741.80 sec so far
Iteration 1924: max relative diff=1.000000, 746.85 sec so far
Iteration 1937: max relative diff=1.000000, 751.90 sec so far
Iteration 1950: max relative diff=1.000000, 756.95 sec so far
Iteration 1963: max relative diff=1.000000, 762.00 sec so far
Iteration 1976: max relative diff=1.000000, 767.05 sec so far
Iteration 1989: max relative diff=1.000000, 772.10 sec so far
Iteration 2002: max relative diff=1.000000, 777.15 sec so far
Iteration 2015: max relative diff=1.000000, 782.20 sec so far
Iteration 2028: max relative diff=1.000000, 787.24 sec so far
Iteration 2041: max relative diff=1.000000, 792.28 sec so far
Iteration 2054: max relative diff=1.000000, 797.33 sec so far
Iteration 2067: max relative diff=1.000000, 802.37 sec so far
Iteration 2080: max relative diff=1.000000, 807.41 sec so far
Iteration 2093: max relative diff=1.000000, 812.46 sec so far
Iteration 2106: max relative diff=1.000000, 817.51 sec so far
Iteration 2119: max relative diff=1.000000, 822.56 sec so far
Iteration 2132: max relative diff=1.000000, 827.60 sec so far
Iteration 2145: max relative diff=1.000000, 832.66 sec so far
Iteration 2158: max relative diff=1.000000, 837.71 sec so far
Iteration 2171: max relative diff=1.000000, 842.76 sec so far
Iteration 2184: max relative diff=1.000000, 847.82 sec so far
Iteration 2197: max relative diff=1.000000, 852.87 sec so far
Iteration 2210: max relative diff=1.000000, 857.92 sec so far
Iteration 2223: max relative diff=1.000000, 862.97 sec so far
Iteration 2236: max relative diff=1.000000, 868.02 sec so far
Iteration 2249: max relative diff=1.000000, 873.07 sec so far
Iteration 2262: max relative diff=1.000000, 878.12 sec so far
Iteration 2275: max relative diff=1.000000, 883.16 sec so far
Iteration 2288: max relative diff=1.000000, 888.21 sec so far
Iteration 2301: max relative diff=1.000000, 893.25 sec so far
Iteration 2314: max relative diff=1.000000, 898.30 sec so far
Iteration 2327: max relative diff=1.000000, 903.34 sec so far
Iteration 2340: max relative diff=1.000000, 908.39 sec so far
Iteration 2353: max relative diff=1.000000, 913.43 sec so far
Iteration 2366: max relative diff=1.000000, 918.48 sec so far
Iteration 2379: max relative diff=1.000000, 923.53 sec so far
Iteration 2392: max relative diff=1.000000, 928.58 sec so far
Iteration 2405: max relative diff=1.000000, 933.63 sec so far
Iteration 2418: max relative diff=1.000000, 938.68 sec so far
Iteration 2431: max relative diff=1.000000, 943.74 sec so far
Iteration 2444: max relative diff=1.000000, 948.80 sec so far
Iteration 2457: max relative diff=1.000000, 953.84 sec so far
Iteration 2470: max relative diff=1.000000, 958.90 sec so far
Iteration 2483: max relative diff=1.000000, 963.94 sec so far
Iteration 2496: max relative diff=1.000000, 969.00 sec so far
Iteration 2509: max relative diff=1.000000, 974.04 sec so far
Iteration 2522: max relative diff=1.000000, 979.09 sec so far
Iteration 2535: max relative diff=1.000000, 984.13 sec so far
Iteration 2548: max relative diff=1.000000, 989.17 sec so far
Iteration 2561: max relative diff=1.000000, 994.22 sec so far
Iteration 2574: max relative diff=1.000000, 999.25 sec so far
Iteration 2587: max relative diff=1.000000, 1004.30 sec so far
Iteration 2600: max relative diff=1.000000, 1009.35 sec so far
Iteration 2613: max relative diff=1.000000, 1014.40 sec so far
Iteration 2626: max relative diff=1.000000, 1019.45 sec so far
Iteration 2639: max relative diff=1.000000, 1024.50 sec so far
Iteration 2652: max relative diff=1.000000, 1029.56 sec so far
Iteration 2665: max relative diff=1.000000, 1034.61 sec so far
Iteration 2678: max relative diff=1.000000, 1039.66 sec so far
Iteration 2691: max relative diff=1.000000, 1044.72 sec so far
Iteration 2704: max relative diff=1.000000, 1049.77 sec so far
Iteration 2717: max relative diff=1.000000, 1054.82 sec so far
Iteration 2730: max relative diff=1.000000, 1059.86 sec so far
Iteration 2743: max relative diff=1.000000, 1064.89 sec so far
Iteration 2756: max relative diff=1.000000, 1069.93 sec so far
Iteration 2769: max relative diff=1.000000, 1074.95 sec so far
Iteration 2782: max relative diff=1.000000, 1079.97 sec so far
Iteration 2795: max relative diff=1.000000, 1084.99 sec so far
Iteration 2808: max relative diff=1.000000, 1090.00 sec so far
Iteration 2821: max relative diff=1.000000, 1095.00 sec so far
Iteration 2834: max relative diff=1.000000, 1100.00 sec so far
Iteration 2848: max relative diff=1.000000, 1105.38 sec so far
Iteration 2862: max relative diff=1.000000, 1110.76 sec so far
Iteration 2876: max relative diff=1.000000, 1116.14 sec so far
Iteration 2890: max relative diff=1.000000, 1121.52 sec so far
Iteration 2904: max relative diff=1.000000, 1126.89 sec so far
Iteration 2918: max relative diff=1.000000, 1132.26 sec so far
Iteration 2932: max relative diff=1.000000, 1137.64 sec so far
Iteration 2946: max relative diff=1.000000, 1143.02 sec so far
Iteration 2960: max relative diff=1.000000, 1148.40 sec so far
Iteration 2974: max relative diff=1.000000, 1153.78 sec so far
Iteration 2988: max relative diff=1.000000, 1159.16 sec so far
Iteration 3002: max relative diff=1.000000, 1164.54 sec so far
Iteration 3016: max relative diff=1.000000, 1169.92 sec so far
Iteration 3030: max relative diff=1.000000, 1175.30 sec so far
Iteration 3044: max relative diff=1.000000, 1180.68 sec so far
Iteration 3058: max relative diff=1.000000, 1186.06 sec so far
Iteration 3072: max relative diff=1.000000, 1191.43 sec so far
Iteration 3086: max relative diff=1.000000, 1196.81 sec so far
Iteration 3100: max relative diff=0.916214, 1202.19 sec so far
Iteration 3114: max relative diff=0.228401, 1207.57 sec so far
Max relative diff between upper and lower bound on convergence: 0
Jacobi (interval iteration): 3120 iterations in 1220.06 seconds (average 0.387782, setup 10.18)

Value in the initial state: 0.7124961820342589

Time for model checking: 1257.337 seconds.

Result: 0.7124961820342589 (value in the initial state)

