PRISM
=====

Version: 4.4.dev
Date: Tue Mar 27 17:48:24 IRDT 2018
Hostname: sadegh-H81M-S2PH
Memory limits: cudd=1g, java(heap)=910.5m
Command line: prism ../models/nand/nand.pm ../models/nand/nand.pctl -s -const 'K=5,N=60' -gs -nocompact -epsilon 1e-8

Parsing model file "../models/nand/nand.pm"...

Parsing properties file "../models/nand/nand.pctl"...

1 property:
(1) "reliable": P=? [ F s=4&z/N<0.1 ]

Type:        DTMC
Modules:     multiplex 
Variables:   u c s z zx zy x y 

---------------------------------------------------------------------

Model checking: "reliable": P=? [ F s=4&z/N<0.1 ]
Model constants: N=60,K=5

Building model...
Model constants: N=60,K=5

Computing reachable states...

Reachability (BFS): 2642 iterations in 21.81 seconds (average 0.008256, setup 0.00)

Time for model construction: 22.305 seconds.

Type:        DTMC
States:      23528912 (1 initial)
Transitions: 37208372

Transition matrix: 97452 nodes (1103 terminal), 37208372 minterms, vars: 33r/33c

Prob0: 2642 iterations in 16.27 seconds (average 0.006157, setup 0.00)

Prob1: 2425 iterations in 14.97 seconds (average 0.006172, setup 0.00)

yes = 547, no = 1757695, maybe = 21770670

Computing remaining probabilities...
Engine: Sparse

Building sparse matrix... [n=23528912, nnz=34431035] [416.5 MB]
Creating vector for diagonals... [179.5 MB]
Creating vector for RHS... [179.5 MB]
Allocating iteration vector... [179.5 MB]
TOTAL: [955.0 MB]

Starting iterations...
Iteration 25: max relative diff=1.000000, 5.02 sec so far
Iteration 50: max relative diff=1.000000, 10.14 sec so far
Iteration 74: max relative diff=1.000000, 15.20 sec so far
Iteration 99: max relative diff=1.000000, 20.41 sec so far
Iteration 123: max relative diff=1.000000, 25.41 sec so far
Iteration 148: max relative diff=1.000000, 30.57 sec so far
Iteration 173: max relative diff=1.000000, 35.78 sec so far
Iteration 198: max relative diff=1.000000, 40.92 sec so far
Iteration 222: max relative diff=1.000000, 45.93 sec so far
Iteration 247: max relative diff=1.000000, 51.08 sec so far
Iteration 271: max relative diff=1.000000, 56.18 sec so far
Iteration 296: max relative diff=1.000000, 61.38 sec so far
Iteration 320: max relative diff=1.000000, 66.39 sec so far
Iteration 345: max relative diff=1.000000, 71.56 sec so far
Iteration 370: max relative diff=1.000000, 76.63 sec so far
Iteration 395: max relative diff=1.000000, 81.72 sec so far
Iteration 420: max relative diff=1.000000, 86.82 sec so far
Iteration 445: max relative diff=1.000000, 91.84 sec so far
Iteration 470: max relative diff=1.000000, 96.88 sec so far
Iteration 495: max relative diff=1.000000, 101.91 sec so far
Iteration 520: max relative diff=1.000000, 106.95 sec so far
Iteration 545: max relative diff=1.000000, 112.02 sec so far
Iteration 570: max relative diff=1.000000, 117.04 sec so far
Iteration 595: max relative diff=1.000000, 122.08 sec so far
Iteration 620: max relative diff=1.000000, 127.11 sec so far
Iteration 645: max relative diff=1.000000, 132.16 sec so far
Iteration 670: max relative diff=1.000000, 137.20 sec so far
Iteration 695: max relative diff=1.000000, 142.23 sec so far
Iteration 720: max relative diff=1.000000, 147.27 sec so far
Iteration 745: max relative diff=1.000000, 152.32 sec so far
Iteration 770: max relative diff=1.000000, 157.37 sec so far
Iteration 795: max relative diff=1.000000, 162.40 sec so far
Iteration 820: max relative diff=1.000000, 167.45 sec so far
Iteration 845: max relative diff=1.000000, 172.49 sec so far
Iteration 870: max relative diff=1.000000, 177.52 sec so far
Iteration 895: max relative diff=1.000000, 182.57 sec so far
Iteration 920: max relative diff=1.000000, 187.60 sec so far
Iteration 945: max relative diff=1.000000, 192.64 sec so far
Iteration 970: max relative diff=1.000000, 197.68 sec so far
Iteration 995: max relative diff=1.000000, 202.73 sec so far
Iteration 1020: max relative diff=1.000000, 207.76 sec so far
Iteration 1045: max relative diff=1.000000, 212.80 sec so far
Iteration 1070: max relative diff=1.000000, 217.82 sec so far
Iteration 1095: max relative diff=1.000000, 222.85 sec so far
Iteration 1120: max relative diff=1.000000, 227.88 sec so far
Iteration 1145: max relative diff=1.000000, 232.93 sec so far
Iteration 1170: max relative diff=1.000000, 237.98 sec so far
Iteration 1195: max relative diff=1.000000, 243.02 sec so far
Iteration 1220: max relative diff=1.000000, 248.06 sec so far
Iteration 1245: max relative diff=1.000000, 253.10 sec so far
Iteration 1270: max relative diff=1.000000, 258.15 sec so far
Iteration 1295: max relative diff=1.000000, 263.18 sec so far
Iteration 1320: max relative diff=1.000000, 268.21 sec so far
Iteration 1345: max relative diff=1.000000, 273.24 sec so far
Iteration 1370: max relative diff=1.000000, 278.29 sec so far
Iteration 1395: max relative diff=1.000000, 283.34 sec so far
Iteration 1420: max relative diff=1.000000, 288.38 sec so far
Iteration 1445: max relative diff=1.000000, 293.42 sec so far
Iteration 1470: max relative diff=1.000000, 298.47 sec so far
Iteration 1495: max relative diff=1.000000, 303.50 sec so far
Iteration 1520: max relative diff=1.000000, 308.55 sec so far
Iteration 1545: max relative diff=1.000000, 313.58 sec so far
Iteration 1570: max relative diff=1.000000, 318.61 sec so far
Iteration 1595: max relative diff=1.000000, 323.64 sec so far
Iteration 1620: max relative diff=1.000000, 328.69 sec so far
Iteration 1645: max relative diff=1.000000, 333.72 sec so far
Iteration 1670: max relative diff=1.000000, 338.76 sec so far
Iteration 1695: max relative diff=1.000000, 343.80 sec so far
Iteration 1720: max relative diff=1.000000, 348.83 sec so far
Iteration 1745: max relative diff=1.000000, 353.86 sec so far
Iteration 1770: max relative diff=1.000000, 358.90 sec so far
Iteration 1795: max relative diff=1.000000, 363.93 sec so far
Iteration 1820: max relative diff=1.000000, 368.97 sec so far
Iteration 1845: max relative diff=1.000000, 374.00 sec so far
Iteration 1870: max relative diff=1.000000, 379.04 sec so far
Iteration 1895: max relative diff=1.000000, 384.09 sec so far
Iteration 1920: max relative diff=1.000000, 389.12 sec so far
Iteration 1945: max relative diff=1.000000, 394.16 sec so far
Iteration 1970: max relative diff=1.000000, 399.19 sec so far
Iteration 1995: max relative diff=1.000000, 404.22 sec so far
Iteration 2020: max relative diff=1.000000, 409.26 sec so far
Iteration 2045: max relative diff=1.000000, 414.30 sec so far
Iteration 2070: max relative diff=1.000000, 419.33 sec so far
Iteration 2095: max relative diff=1.000000, 424.36 sec so far
Iteration 2120: max relative diff=1.000000, 429.41 sec so far
Iteration 2145: max relative diff=1.000000, 434.45 sec so far
Iteration 2170: max relative diff=1.000000, 439.49 sec so far
Iteration 2195: max relative diff=1.000000, 444.52 sec so far
Iteration 2220: max relative diff=1.000000, 449.58 sec so far
Iteration 2245: max relative diff=1.000000, 454.62 sec so far
Iteration 2270: max relative diff=1.000000, 459.66 sec so far
Iteration 2295: max relative diff=1.000000, 464.70 sec so far
Iteration 2320: max relative diff=1.000000, 469.74 sec so far
Iteration 2345: max relative diff=1.000000, 474.77 sec so far
Iteration 2370: max relative diff=1.000000, 479.81 sec so far
Iteration 2395: max relative diff=1.000000, 484.83 sec so far
Iteration 2420: max relative diff=1.000000, 489.86 sec so far
Iteration 2445: max relative diff=1.000000, 494.90 sec so far
Iteration 2470: max relative diff=1.000000, 499.94 sec so far
Iteration 2495: max relative diff=1.000000, 504.98 sec so far
Iteration 2520: max relative diff=1.000000, 510.02 sec so far
Iteration 2545: max relative diff=1.000000, 515.06 sec so far
Iteration 2570: max relative diff=1.000000, 520.10 sec so far
Iteration 2595: max relative diff=1.000000, 525.15 sec so far
Iteration 2620: max relative diff=1.000000, 530.19 sec so far

Gauss-Seidel: 2641 iterations in 534.43 seconds (average 0.202358, setup 7.76)

Number of state Updates: 1661M 

Value in the initial state: 0.7054964468215285

Time for model checking: 573.967 seconds.

Result: 0.7054964468215285 (value in the initial state)

