PRISM
=====

Version: 4.4.dev
Date: Wed Mar 28 12:32:27 IRDT 2018
Hostname: sadegh-H81M-S2PH
Memory limits: cudd=1g, java(heap)=910.5m
Command line: prism ../models/nand/nand.pm ../models/nand/nand.pctl -s -const 'K=5,N=60' -ii -nocompact -epsilon 1e-10

Parsing model file "../models/nand/nand.pm"...

Parsing properties file "../models/nand/nand.pctl"...

1 property:
(1) "reliable": P=? [ F s=4&z/N<0.1 ]

Type:        DTMC
Modules:     multiplex 
Variables:   u c s z zx zy x y 

---------------------------------------------------------------------

Model checking: "reliable": P=? [ F s=4&z/N<0.1 ]
Model constants: N=60,K=5

Building model...
Model constants: N=60,K=5

Computing reachable states...

Reachability (BFS): 2642 iterations in 20.59 seconds (average 0.007794, setup 0.00)

Time for model construction: 21.073 seconds.

Type:        DTMC
States:      23528912 (1 initial)
Transitions: 37208372

Transition matrix: 97452 nodes (1103 terminal), 37208372 minterms, vars: 33r/33c

Prob0: 2642 iterations in 16.44 seconds (average 0.006224, setup 0.00)

Prob1: 2425 iterations in 15.07 seconds (average 0.006215, setup 0.00)

yes = 547, no = 1757695, maybe = 21770670

Computing remaining probabilities...
Engine: Sparse

Building sparse matrix... [n=23528912, nnz=34431035] [416.5 MB]
Creating vector for diagonals... [179.5 MB]
Creating vector for RHS... [179.5 MB]
Allocating iteration vectors... [4 x 179.5 MB]
TOTAL: [1.5 GB]

Starting iterations...
Iteration 16: max relative diff=1.000000, 5.10 sec so far
Iteration 32: max relative diff=1.000000, 10.20 sec so far
Iteration 48: max relative diff=1.000000, 15.30 sec so far
Iteration 64: max relative diff=1.000000, 20.42 sec so far
Iteration 80: max relative diff=1.000000, 25.52 sec so far
Iteration 96: max relative diff=1.000000, 30.64 sec so far
Iteration 112: max relative diff=1.000000, 35.76 sec so far
Iteration 128: max relative diff=1.000000, 40.88 sec so far
Iteration 144: max relative diff=1.000000, 46.00 sec so far
Iteration 160: max relative diff=1.000000, 51.14 sec so far
Iteration 176: max relative diff=1.000000, 56.29 sec so far
Iteration 192: max relative diff=1.000000, 61.44 sec so far
Iteration 208: max relative diff=1.000000, 66.59 sec so far
Iteration 224: max relative diff=1.000000, 71.75 sec so far
Iteration 240: max relative diff=1.000000, 76.91 sec so far
Iteration 256: max relative diff=1.000000, 82.08 sec so far
Iteration 272: max relative diff=1.000000, 87.24 sec so far
Iteration 288: max relative diff=1.000000, 92.40 sec so far
Iteration 304: max relative diff=1.000000, 97.56 sec so far
Iteration 320: max relative diff=1.000000, 102.72 sec so far
Iteration 336: max relative diff=1.000000, 107.88 sec so far
Iteration 352: max relative diff=1.000000, 113.03 sec so far
Iteration 368: max relative diff=1.000000, 118.18 sec so far
Iteration 384: max relative diff=1.000000, 123.32 sec so far
Iteration 400: max relative diff=1.000000, 128.46 sec so far
Iteration 416: max relative diff=1.000000, 133.62 sec so far
Iteration 432: max relative diff=1.000000, 138.77 sec so far
Iteration 448: max relative diff=1.000000, 143.92 sec so far
Iteration 464: max relative diff=1.000000, 149.08 sec so far
Iteration 480: max relative diff=1.000000, 154.24 sec so far
Iteration 496: max relative diff=1.000000, 159.41 sec so far
Iteration 512: max relative diff=1.000000, 164.57 sec so far
Iteration 528: max relative diff=1.000000, 169.73 sec so far
Iteration 544: max relative diff=1.000000, 174.89 sec so far
Iteration 560: max relative diff=1.000000, 180.04 sec so far
Iteration 576: max relative diff=1.000000, 185.20 sec so far
Iteration 592: max relative diff=1.000000, 190.35 sec so far
Iteration 608: max relative diff=1.000000, 195.50 sec so far
Iteration 624: max relative diff=1.000000, 200.65 sec so far
Iteration 640: max relative diff=1.000000, 205.80 sec so far
Iteration 656: max relative diff=1.000000, 210.95 sec so far
Iteration 672: max relative diff=1.000000, 216.11 sec so far
Iteration 688: max relative diff=1.000000, 221.26 sec so far
Iteration 704: max relative diff=1.000000, 226.42 sec so far
Iteration 720: max relative diff=1.000000, 231.58 sec so far
Iteration 736: max relative diff=1.000000, 236.75 sec so far
Iteration 752: max relative diff=1.000000, 241.91 sec so far
Iteration 768: max relative diff=1.000000, 247.07 sec so far
Iteration 784: max relative diff=1.000000, 252.23 sec so far
Iteration 800: max relative diff=1.000000, 257.38 sec so far
Iteration 816: max relative diff=1.000000, 262.54 sec so far
Iteration 832: max relative diff=1.000000, 267.69 sec so far
Iteration 848: max relative diff=1.000000, 272.84 sec so far
Iteration 864: max relative diff=1.000000, 277.99 sec so far
Iteration 880: max relative diff=1.000000, 283.13 sec so far
Iteration 896: max relative diff=1.000000, 288.28 sec so far
Iteration 912: max relative diff=1.000000, 293.44 sec so far
Iteration 928: max relative diff=1.000000, 298.59 sec so far
Iteration 944: max relative diff=1.000000, 303.75 sec so far
Iteration 960: max relative diff=1.000000, 308.91 sec so far
Iteration 976: max relative diff=1.000000, 314.08 sec so far
Iteration 992: max relative diff=1.000000, 319.24 sec so far
Iteration 1008: max relative diff=1.000000, 324.40 sec so far
Iteration 1024: max relative diff=1.000000, 329.56 sec so far
Iteration 1040: max relative diff=1.000000, 334.72 sec so far
Iteration 1056: max relative diff=1.000000, 339.88 sec so far
Iteration 1072: max relative diff=1.000000, 345.03 sec so far
Iteration 1088: max relative diff=1.000000, 350.18 sec so far
Iteration 1104: max relative diff=1.000000, 355.33 sec so far
Iteration 1120: max relative diff=1.000000, 360.48 sec so far
Iteration 1136: max relative diff=1.000000, 365.64 sec so far
Iteration 1152: max relative diff=1.000000, 370.79 sec so far
Iteration 1168: max relative diff=1.000000, 375.95 sec so far
Iteration 1184: max relative diff=1.000000, 381.11 sec so far
Iteration 1200: max relative diff=1.000000, 386.27 sec so far
Iteration 1216: max relative diff=1.000000, 391.44 sec so far
Iteration 1232: max relative diff=1.000000, 396.60 sec so far
Iteration 1248: max relative diff=1.000000, 401.77 sec so far
Iteration 1264: max relative diff=1.000000, 406.93 sec so far
Iteration 1280: max relative diff=1.000000, 412.09 sec so far
Iteration 1296: max relative diff=1.000000, 417.24 sec so far
Iteration 1312: max relative diff=1.000000, 422.39 sec so far
Iteration 1328: max relative diff=1.000000, 427.54 sec so far
Iteration 1344: max relative diff=1.000000, 432.68 sec so far
Iteration 1360: max relative diff=1.000000, 437.83 sec so far
Iteration 1376: max relative diff=1.000000, 442.98 sec so far
Iteration 1392: max relative diff=1.000000, 448.14 sec so far
Iteration 1408: max relative diff=1.000000, 453.29 sec so far
Iteration 1424: max relative diff=1.000000, 458.45 sec so far
Iteration 1440: max relative diff=1.000000, 463.61 sec so far
Iteration 1456: max relative diff=1.000000, 468.77 sec so far
Iteration 1472: max relative diff=1.000000, 473.93 sec so far
Iteration 1488: max relative diff=1.000000, 479.10 sec so far
Iteration 1504: max relative diff=1.000000, 484.25 sec so far
Iteration 1520: max relative diff=1.000000, 489.41 sec so far
Iteration 1536: max relative diff=1.000000, 494.56 sec so far
Iteration 1552: max relative diff=1.000000, 499.72 sec so far
Iteration 1568: max relative diff=1.000000, 504.86 sec so far
Iteration 1584: max relative diff=1.000000, 510.01 sec so far
Iteration 1600: max relative diff=1.000000, 515.16 sec so far
Iteration 1616: max relative diff=1.000000, 520.31 sec so far
Iteration 1632: max relative diff=1.000000, 525.46 sec so far
Iteration 1648: max relative diff=1.000000, 530.62 sec so far
Iteration 1664: max relative diff=1.000000, 535.78 sec so far
Iteration 1680: max relative diff=1.000000, 540.94 sec so far
Iteration 1696: max relative diff=1.000000, 546.10 sec so far
Iteration 1712: max relative diff=1.000000, 551.27 sec so far
Iteration 1728: max relative diff=1.000000, 556.43 sec so far
Iteration 1744: max relative diff=1.000000, 561.58 sec so far
Iteration 1760: max relative diff=1.000000, 566.74 sec so far
Iteration 1776: max relative diff=1.000000, 571.90 sec so far
Iteration 1792: max relative diff=1.000000, 577.06 sec so far
Iteration 1808: max relative diff=1.000000, 582.21 sec so far
Iteration 1824: max relative diff=1.000000, 587.36 sec so far
Iteration 1840: max relative diff=1.000000, 592.50 sec so far
Iteration 1856: max relative diff=1.000000, 597.65 sec so far
Iteration 1872: max relative diff=1.000000, 602.81 sec so far
Iteration 1888: max relative diff=1.000000, 607.96 sec so far
Iteration 1904: max relative diff=1.000000, 613.12 sec so far
Iteration 1920: max relative diff=1.000000, 618.28 sec so far
Iteration 1936: max relative diff=1.000000, 623.45 sec so far
Iteration 1952: max relative diff=1.000000, 628.61 sec so far
Iteration 1968: max relative diff=1.000000, 633.77 sec so far
Iteration 1984: max relative diff=1.000000, 638.93 sec so far
Iteration 2000: max relative diff=1.000000, 644.08 sec so far
Iteration 2016: max relative diff=1.000000, 649.24 sec so far
Iteration 2032: max relative diff=1.000000, 654.38 sec so far
Iteration 2048: max relative diff=1.000000, 659.53 sec so far
Iteration 2064: max relative diff=1.000000, 664.68 sec so far
Iteration 2080: max relative diff=1.000000, 669.83 sec so far
Iteration 2096: max relative diff=1.000000, 674.98 sec so far
Iteration 2112: max relative diff=1.000000, 680.12 sec so far
Iteration 2128: max relative diff=1.000000, 685.28 sec so far
Iteration 2144: max relative diff=1.000000, 690.43 sec so far
Iteration 2160: max relative diff=1.000000, 695.59 sec so far
Iteration 2176: max relative diff=1.000000, 700.76 sec so far
Iteration 2192: max relative diff=1.000000, 705.92 sec so far
Iteration 2208: max relative diff=1.000000, 711.08 sec so far
Iteration 2224: max relative diff=1.000000, 716.24 sec so far
Iteration 2240: max relative diff=1.000000, 721.39 sec so far
Iteration 2256: max relative diff=1.000000, 726.54 sec so far
Iteration 2272: max relative diff=1.000000, 731.68 sec so far
Iteration 2288: max relative diff=1.000000, 736.81 sec so far
Iteration 2304: max relative diff=1.000000, 741.93 sec so far
Iteration 2320: max relative diff=1.000000, 747.04 sec so far
Iteration 2336: max relative diff=1.000000, 752.14 sec so far
Iteration 2352: max relative diff=1.000000, 757.24 sec so far
Iteration 2368: max relative diff=1.000000, 762.33 sec so far
Iteration 2384: max relative diff=1.000000, 767.42 sec so far
Iteration 2400: max relative diff=1.000000, 772.51 sec so far
Iteration 2416: max relative diff=1.000000, 777.60 sec so far
Iteration 2432: max relative diff=1.000000, 782.68 sec so far
Iteration 2448: max relative diff=1.000000, 787.77 sec so far
Iteration 2464: max relative diff=1.000000, 792.86 sec so far
Iteration 2480: max relative diff=1.000000, 797.95 sec so far
Iteration 2496: max relative diff=1.000000, 803.04 sec so far
Iteration 2512: max relative diff=1.000000, 808.12 sec so far
Iteration 2528: max relative diff=1.000000, 813.22 sec so far
Iteration 2544: max relative diff=1.000000, 818.30 sec so far
Iteration 2560: max relative diff=1.000000, 823.38 sec so far
Iteration 2576: max relative diff=1.000000, 828.47 sec so far
Iteration 2592: max relative diff=1.000000, 833.56 sec so far
Iteration 2608: max relative diff=1.000000, 838.64 sec so far
Iteration 2624: max relative diff=0.713839, 843.73 sec so far
Max relative diff between upper and lower bound on convergence: 0Iteration 2640: max relative diff=0.000000, 848.82 sec so far

Jacobi (interval iteration): 2640 iterations in 857.28 seconds (average 0.321523, setup 8.46)

Value in the initial state: 0.7054964468215285

Time for model checking: 889.339 seconds.

Result: 0.7054964468215285 (value in the initial state)

