PRISM
=====

Version: 4.4.dev
Date: Tue Mar 27 17:37:22 IRDT 2018
Hostname: sadegh-H81M-S2PH
Memory limits: cudd=1g, java(heap)=910.5m
Command line: prism ../models/nand/nand.pm ../models/nand/nand.pctl -s -const 'K=5,N=60' -jacobi -nocompact -epsilon 1e-8

Parsing model file "../models/nand/nand.pm"...

Parsing properties file "../models/nand/nand.pctl"...

1 property:
(1) "reliable": P=? [ F s=4&z/N<0.1 ]

Type:        DTMC
Modules:     multiplex 
Variables:   u c s z zx zy x y 

---------------------------------------------------------------------

Model checking: "reliable": P=? [ F s=4&z/N<0.1 ]
Model constants: N=60,K=5

Building model...
Model constants: N=60,K=5

Computing reachable states...

Reachability (BFS): 2642 iterations in 20.62 seconds (average 0.007803, setup 0.00)

Time for model construction: 21.1 seconds.

Type:        DTMC
States:      23528912 (1 initial)
Transitions: 37208372

Transition matrix: 97452 nodes (1103 terminal), 37208372 minterms, vars: 33r/33c

Prob0: 2642 iterations in 16.30 seconds (average 0.006170, setup 0.00)

Prob1: 2425 iterations in 15.08 seconds (average 0.006217, setup 0.00)

yes = 547, no = 1757695, maybe = 21770670

Computing remaining probabilities...
Engine: Sparse

Building sparse matrix... [n=23528912, nnz=34431035] [416.5 MB]
Creating vector for diagonals... [179.5 MB]
Creating vector for RHS... [179.5 MB]
Allocating iteration vectors... [2 x 179.5 MB]
TOTAL: [1.1 GB]

Starting iterations...
Iteration 23: max relative diff=1.000000, 5.18 sec so far
Iteration 46: max relative diff=1.000000, 10.35 sec so far
Iteration 69: max relative diff=1.000000, 15.54 sec so far
Iteration 91: max relative diff=1.000000, 20.54 sec so far
Iteration 114: max relative diff=1.000000, 25.76 sec so far
Iteration 136: max relative diff=1.000000, 30.83 sec so far
Iteration 159: max relative diff=1.000000, 36.04 sec so far
Iteration 182: max relative diff=1.000000, 41.24 sec so far
Iteration 205: max relative diff=1.000000, 46.46 sec so far
Iteration 228: max relative diff=1.000000, 51.66 sec so far
Iteration 251: max relative diff=1.000000, 56.82 sec so far
Iteration 274: max relative diff=1.000000, 62.00 sec so far
Iteration 297: max relative diff=1.000000, 67.17 sec so far
Iteration 320: max relative diff=1.000000, 72.34 sec so far
Iteration 343: max relative diff=1.000000, 77.52 sec so far
Iteration 366: max relative diff=1.000000, 82.70 sec so far
Iteration 389: max relative diff=1.000000, 87.87 sec so far
Iteration 412: max relative diff=1.000000, 93.04 sec so far
Iteration 435: max relative diff=1.000000, 98.22 sec so far
Iteration 458: max relative diff=1.000000, 103.39 sec so far
Iteration 481: max relative diff=1.000000, 108.56 sec so far
Iteration 504: max relative diff=1.000000, 113.72 sec so far
Iteration 526: max relative diff=1.000000, 118.73 sec so far
Iteration 548: max relative diff=1.000000, 123.78 sec so far
Iteration 571: max relative diff=1.000000, 128.94 sec so far
Iteration 594: max relative diff=1.000000, 134.12 sec so far
Iteration 616: max relative diff=1.000000, 139.14 sec so far
Iteration 638: max relative diff=1.000000, 144.16 sec so far
Iteration 660: max relative diff=1.000000, 149.28 sec so far
Iteration 682: max relative diff=1.000000, 154.32 sec so far
Iteration 705: max relative diff=1.000000, 159.49 sec so far
Iteration 728: max relative diff=1.000000, 164.66 sec so far
Iteration 751: max relative diff=1.000000, 169.88 sec so far
Iteration 774: max relative diff=1.000000, 175.05 sec so far
Iteration 797: max relative diff=1.000000, 180.22 sec so far
Iteration 820: max relative diff=1.000000, 185.39 sec so far
Iteration 843: max relative diff=1.000000, 190.60 sec so far
Iteration 865: max relative diff=1.000000, 195.69 sec so far
Iteration 887: max relative diff=1.000000, 200.80 sec so far
Iteration 908: max relative diff=1.000000, 205.85 sec so far
Iteration 930: max relative diff=1.000000, 210.94 sec so far
Iteration 952: max relative diff=1.000000, 215.99 sec so far
Iteration 974: max relative diff=1.000000, 221.02 sec so far
Iteration 997: max relative diff=1.000000, 226.20 sec so far
Iteration 1020: max relative diff=1.000000, 231.40 sec so far
Iteration 1043: max relative diff=1.000000, 236.60 sec so far
Iteration 1065: max relative diff=1.000000, 241.61 sec so far
Iteration 1087: max relative diff=1.000000, 246.66 sec so far
Iteration 1109: max relative diff=1.000000, 251.82 sec so far
Iteration 1131: max relative diff=1.000000, 256.97 sec so far
Iteration 1153: max relative diff=1.000000, 262.08 sec so far
Iteration 1175: max relative diff=1.000000, 267.23 sec so far
Iteration 1197: max relative diff=1.000000, 272.42 sec so far
Iteration 1219: max relative diff=1.000000, 277.53 sec so far
Iteration 1241: max relative diff=1.000000, 282.74 sec so far
Iteration 1263: max relative diff=1.000000, 287.90 sec so far
Iteration 1285: max relative diff=1.000000, 293.06 sec so far
Iteration 1307: max relative diff=1.000000, 298.21 sec so far
Iteration 1330: max relative diff=1.000000, 303.43 sec so far
Iteration 1352: max relative diff=1.000000, 308.45 sec so far
Iteration 1375: max relative diff=1.000000, 313.64 sec so far
Iteration 1398: max relative diff=1.000000, 318.85 sec so far
Iteration 1421: max relative diff=1.000000, 324.04 sec so far
Iteration 1444: max relative diff=1.000000, 329.23 sec so far
Iteration 1467: max relative diff=1.000000, 334.41 sec so far
Iteration 1490: max relative diff=1.000000, 339.62 sec so far
Iteration 1513: max relative diff=1.000000, 344.81 sec so far
Iteration 1536: max relative diff=1.000000, 350.00 sec so far
Iteration 1559: max relative diff=1.000000, 355.20 sec so far
Iteration 1582: max relative diff=1.000000, 360.39 sec so far
Iteration 1605: max relative diff=1.000000, 365.56 sec so far
Iteration 1628: max relative diff=1.000000, 370.75 sec so far
Iteration 1651: max relative diff=1.000000, 375.95 sec so far
Iteration 1674: max relative diff=1.000000, 381.13 sec so far
Iteration 1697: max relative diff=1.000000, 386.32 sec so far
Iteration 1720: max relative diff=1.000000, 391.51 sec so far
Iteration 1743: max relative diff=1.000000, 396.71 sec so far
Iteration 1766: max relative diff=1.000000, 401.90 sec so far
Iteration 1789: max relative diff=1.000000, 407.10 sec so far
Iteration 1812: max relative diff=1.000000, 412.30 sec so far
Iteration 1835: max relative diff=1.000000, 417.49 sec so far
Iteration 1858: max relative diff=1.000000, 422.68 sec so far
Iteration 1881: max relative diff=1.000000, 427.86 sec so far
Iteration 1904: max relative diff=1.000000, 433.05 sec so far
Iteration 1927: max relative diff=1.000000, 438.24 sec so far
Iteration 1950: max relative diff=1.000000, 443.43 sec so far
Iteration 1973: max relative diff=1.000000, 448.62 sec so far
Iteration 1996: max relative diff=1.000000, 453.82 sec so far
Iteration 2019: max relative diff=1.000000, 459.02 sec so far
Iteration 2042: max relative diff=1.000000, 464.22 sec so far
Iteration 2065: max relative diff=1.000000, 469.42 sec so far
Iteration 2088: max relative diff=1.000000, 474.61 sec so far
Iteration 2111: max relative diff=1.000000, 479.80 sec so far
Iteration 2134: max relative diff=1.000000, 484.99 sec so far
Iteration 2157: max relative diff=1.000000, 490.18 sec so far
Iteration 2180: max relative diff=1.000000, 495.37 sec so far
Iteration 2203: max relative diff=1.000000, 500.56 sec so far
Iteration 2226: max relative diff=1.000000, 505.75 sec so far
Iteration 2249: max relative diff=1.000000, 510.94 sec so far
Iteration 2272: max relative diff=1.000000, 516.13 sec so far
Iteration 2295: max relative diff=1.000000, 521.33 sec so far
Iteration 2318: max relative diff=1.000000, 526.52 sec so far
Iteration 2341: max relative diff=1.000000, 531.71 sec so far
Iteration 2364: max relative diff=1.000000, 536.91 sec so far
Iteration 2387: max relative diff=1.000000, 542.11 sec so far
Iteration 2410: max relative diff=1.000000, 547.32 sec so far
Iteration 2433: max relative diff=1.000000, 552.51 sec so far
Iteration 2456: max relative diff=1.000000, 557.70 sec so far
Iteration 2479: max relative diff=1.000000, 562.90 sec so far
Iteration 2502: max relative diff=1.000000, 568.09 sec so far
Iteration 2525: max relative diff=1.000000, 573.28 sec so far
Iteration 2547: max relative diff=1.000000, 578.34 sec so far
Iteration 2568: max relative diff=1.000000, 583.36 sec so far
Iteration 2590: max relative diff=1.000000, 588.43 sec so far
Iteration 2611: max relative diff=1.000000, 593.55 sec so far
Iteration 2633: max relative diff=0.042535, 598.68 sec so far

Jacobi: 2641 iterations in 600.60 seconds (average 0.227412, setup 7.75)

Number of state Updates: 1661M 

Value in the initial state: 0.7054964468215285

Time for model checking: 640.333 seconds.

Result: 0.7054964468215285 (value in the initial state)

