Storm 1.6.2

Date: Thu Mar 11 00:49:33 2021
Command line arguments: --prism ../models/mdps/consensus/coin4.nm --prop ../models/mdps/consensus/steps_max.pctl -const K=14 --sound --eqsolver native '--native:method' power '--minmax:method' svi -tm -pc --absolute '--topological:eqsolver' native -i 2000000000 --filterrewzero
Current working directory: /home/linuxbrew/IntervalIteration

 WARN (GmmxxEquationSolverSettings.cpp:102): gmm++ is not selected as the preferred equation solver, so setting options for gmm++ might have no effect.
 WARN (EigenEquationSolverSettings.cpp:108): Eigen is not selected as the preferred equation solver, so setting options for eigen might have no effect.
Time for model input parsing: 0.002s.

Time for model construction: 0.523s.

-------------------------------------------------------------- 
Model type: 	MDP (sparse)
States: 	145536
Transitions: 	489952
Choices: 	392320
Reward Models:  steps
State Labels: 	3 labels
   * deadlock -> 0 item(s)
   * finished -> 64 item(s)
   * init -> 1 item(s)
Choice Labels: 	none
-------------------------------------------------------------- 

Model checking property "steps_max": R[exp]{"steps"}max=? [F "finished"] ...
Result (for initial states): 10443
Time for model checking: 142.518s.

Performance statistics:
  * peak memory usage: 100MB
  * CPU time: 143.030s
  * wallclock time: 143.046s
