Storm 1.6.2

Date: Thu Mar 11 01:08:39 2021
Command line arguments: --prism ../models/mdps/consensus/coin4.nm --prop ../models/mdps/consensus/steps_max.pctl -const K=22 --sound --eqsolver native '--native:method' power '--minmax:method' svi -tm -pc --absolute '--topological:eqsolver' native -i 2000000000 --filterrewzero
Current working directory: /home/linuxbrew/IntervalIteration

 WARN (GmmxxEquationSolverSettings.cpp:102): gmm++ is not selected as the preferred equation solver, so setting options for gmm++ might have no effect.
 WARN (EigenEquationSolverSettings.cpp:108): Eigen is not selected as the preferred equation solver, so setting options for eigen might have no effect.
Time for model input parsing: 0.002s.

Time for model construction: 0.871s.

-------------------------------------------------------------- 
Model type: 	MDP (sparse)
States: 	227456
Transitions: 	766432
Choices: 	613504
Reward Models:  steps
State Labels: 	3 labels
   * deadlock -> 0 item(s)
   * finished -> 64 item(s)
   * init -> 1 item(s)
Choice Labels: 	none
-------------------------------------------------------------- 

Model checking property "steps_max": R[exp]{"steps"}max=? [F "finished"] ...
Result (for initial states): 24843
Time for model checking: 554.030s.

Performance statistics:
  * peak memory usage: 127MB
  * CPU time: 554.909s
  * wallclock time: 554.906s
