Storm 1.6.2

Date: Thu Mar 11 00:55:58 2021
Command line arguments: --prism ../models/mdps/consensus/coin4.nm --prop ../models/mdps/consensus/steps_max.pctl -const K=18 --sound --eqsolver native '--native:method' power '--minmax:method' svi -tm -pc --absolute '--topological:eqsolver' native -i 2000000000 --filterrewzero
Current working directory: /home/linuxbrew/IntervalIteration

 WARN (GmmxxEquationSolverSettings.cpp:102): gmm++ is not selected as the preferred equation solver, so setting options for gmm++ might have no effect.
 WARN (EigenEquationSolverSettings.cpp:108): Eigen is not selected as the preferred equation solver, so setting options for eigen might have no effect.
Time for model input parsing: 0.002s.

Time for model construction: 0.826s.

-------------------------------------------------------------- 
Model type: 	MDP (sparse)
States: 	186496
Transitions: 	628192
Choices: 	502912
Reward Models:  steps
State Labels: 	3 labels
   * deadlock -> 0 item(s)
   * finished -> 64 item(s)
   * init -> 1 item(s)
Choice Labels: 	none
-------------------------------------------------------------- 

Model checking property "steps_max": R[exp]{"steps"}max=? [F "finished"] ...
Result (for initial states): 16875
Time for model checking: 307.636s.

Performance statistics:
  * peak memory usage: 113MB
  * CPU time: 308.445s
  * wallclock time: 308.468s
