PRISM
=====

Version: 4.4
Date: Mon Feb 15 11:41:58 IRST 2021
Hostname: sadegh-H81M-S2PH
Memory limits: cudd=1g, java(heap)=910.5m
Command line: prism ../../examples/mdps/consensus/coin4.nm ../../examples/mdps/consensus/steps_max.pctl -s '-ii:upper=1.2e+12' -const K=18 -maxiters 9000300 -asynchii

Parsing model file "../../examples/mdps/consensus/coin4.nm"...

Parsing properties file "../../examples/mdps/consensus/steps_max.pctl"...

1 property:
(1) "steps_max": R{"steps"}max=? [ F "finished" ]

Type:        MDP
Modules:     process1 process2 process3 process4 
Variables:   counter pc1 coin1 pc2 coin2 pc3 coin3 pc4 coin4 

---------------------------------------------------------------------

Model checking: "steps_max": R{"steps"}max=? [ F "finished" ]
Model constants: K=18

Warning: Not Switching to explicit engine, We implemented the emthods for sparse engine.

Building model...
Model constants: K=18

Computing reachable states...

Reachability (BFS): 867 iterations in 0.10 seconds (average 0.000113, setup 0.00)

Time for model construction: 0.177 seconds.

Type:        MDP
States:      186496 (1 initial)
Transitions: 628192
Choices:     502912

Transition matrix: 2432 nodes (3 terminal), 628192 minterms, vars: 20r/20c/4nd

Prob0E: 234 iterations in 0.16 seconds (average 0.000701, setup 0.00)

Prob1A: 1 iterations in 0.00 seconds (average 0.000000, setup 0.00)

goal = 64, inf = 0, maybe = 186432

Warning: Upper bound for interval iteration manually set to 1.2E12

Computing remaining rewards...
 8
Building sparse matrix (transitions)... [n=186496, nc=502848, nnz=628128, k=4] [9.8 MB]
Building sparse matrix (transition rewards)... [n=186496, nc=502848, nnz=0, k=4] [2.6 MB]
Creating vector for state rewards... [1.4 MB]
Creating vector for inf... [1.4 MB]
Creating vector for lower bounds... [1.4 MB]
Creating vector for upper bounds... [1.4 MB]
Allocating iteration vectors... [4 x 1.4 MB]
TOTAL: [23.8 MB]

Starting iterations (interval iteration)...

 Time for pre-computation	: 0.006000 
		 >> 186432 after 0 iters << 
Iteration 1538: max relative diff=772602775642.354248, 5.00 sec so far
Iteration 3096: max relative diff=391004883537.764038, 10.00 sec so far
Iteration 4627: max relative diff=199934112147.329132, 15.00 sec so far
Iteration 6211: max relative diff=99885978115.310547, 20.00 sec so far
Iteration 7751: max relative diff=50873768350.554176, 25.00 sec so far
Iteration 9302: max relative diff=25786382793.678768, 30.01 sec so far
Iteration 10881: max relative diff=12910992199.154644, 35.01 sec so far
Iteration 12412: max relative diff=6601792524.776517, 40.01 sec so far
Iteration 13980: max relative diff=3321427756.725985, 45.02 sec so far
Iteration 15542: max relative diff=1675445943.205052, 50.02 sec so far
Iteration 17072: max relative diff=857090281.687579, 55.02 sec so far
Iteration 18655: max relative diff=428393589.943231, 60.02 sec so far
Iteration 20200: max relative diff=217719576.940080, 65.03 sec so far
Iteration 21751: max relative diff=110363782.956950, 70.03 sec so far
Iteration 23334: max relative diff=55169724.394362, 75.03 sec so far
Iteration 24860: max relative diff=28280046.265428, 80.03 sec so far
Iteration 26423: max relative diff=14267497.907777, 85.03 sec so far
Iteration 27987: max relative diff=7199055.635332, 90.03 sec so far
Iteration 29515: max relative diff=3694166.000222, 95.04 sec so far
Iteration 31098: max relative diff=1854826.845014, 100.04 sec so far
Iteration 32641: max relative diff=951740.922938, 105.04 sec so far
Iteration 34184: max relative diff=492386.837881, 110.04 sec so far
Iteration 35764: max relative diff=254847.491862, 115.04 sec so far
Iteration 37107: max relative diff=147644.404022, 120.05 sec so far
Iteration 37950: max relative diff=102189.374816, 125.05 sec so far
Iteration 38792: max relative diff=70666.814907, 130.05 sec so far
Iteration 39614: max relative diff=49294.681222, 135.05 sec so far
Iteration 40467: max relative diff=33922.204008, 140.06 sec so far
Iteration 41298: max relative diff=23569.714560, 145.06 sec so far
Iteration 42130: max relative diff=16369.457917, 150.06 sec so far
Iteration 42983: max relative diff=11264.663437, 155.07 sec so far
Iteration 43804: max relative diff=7861.245897, 160.07 sec so far
Iteration 44646: max relative diff=5435.862842, 165.08 sec so far
Iteration 45489: max relative diff=3757.122170, 170.08 sec so far
Iteration 46309: max relative diff=2623.123783, 175.09 sec so far
Iteration 47161: max relative diff=1805.897219, 180.09 sec so far
Iteration 47994: max relative diff=1253.668634, 185.09 sec so far
Iteration 48827: max relative diff=870.307042, 190.10 sec so far
Iteration 49679: max relative diff=599.165448, 195.10 sec so far
Iteration 50501: max relative diff=417.955153, 200.10 sec so far
Iteration 51343: max relative diff=289.005991, 205.11 sec so far
Iteration 52186: max relative diff=199.753190, 210.11 sec so far
Iteration 53007: max relative diff=139.401342, 215.11 sec so far
Iteration 53859: max relative diff=95.971272, 220.12 sec so far
Iteration 54692: max relative diff=66.624051, 225.12 sec so far
Iteration 55523: max relative diff=46.291515, 230.12 sec so far
Iteration 56375: max relative diff=31.869534, 235.13 sec so far
Iteration 57198: max relative diff=22.221246, 240.13 sec so far
Iteration 58040: max relative diff=15.365462, 245.14 sec so far
Iteration 58883: max relative diff=10.620196, 250.14 sec so far
Iteration 59705: max relative diff=7.408248, 255.15 sec so far
Iteration 60382: max relative diff=5.506686, 260.15 sec so far
Iteration 61152: max relative diff=3.929781, 265.15 sec so far
Iteration 61996: max relative diff=2.714970, 270.16 sec so far
Iteration 62860: max relative diff=1.859328, 275.16 sec so far
Iteration 63713: max relative diff=1.279499, 280.17 sec so far
Iteration 64547: max relative diff=0.887850, 285.17 sec so far
Iteration 65381: max relative diff=0.616083, 290.17 sec so far
Iteration 66233: max relative diff=0.424144, 295.17 sec so far
Iteration 67058: max relative diff=0.295478, 300.18 sec so far
Iteration 67900: max relative diff=0.204316, 305.18 sec so far
Iteration 68744: max relative diff=0.141156, 310.19 sec so far
Iteration 69567: max relative diff=0.098422, 315.19 sec so far
Iteration 70419: max relative diff=0.067759, 320.19 sec so far
Iteration 71252: max relative diff=0.047039, 325.19 sec so far
Iteration 72086: max relative diff=0.032640, 330.20 sec so far
Iteration 72938: max relative diff=0.022471, 335.20 sec so far
Iteration 73762: max relative diff=0.015662, 340.21 sec so far
Iteration 74602: max relative diff=0.010839, 345.21 sec so far
Iteration 75446: max relative diff=0.007488, 350.21 sec so far
Iteration 76264: max relative diff=0.005233, 355.22 sec so far
Iteration 76941: max relative diff=0.003890, 360.23 sec so far
Iteration 77710: max relative diff=0.002777, 365.23 sec so far
Iteration 78554: max relative diff=0.001919, 370.24 sec so far
Iteration 79417: max relative diff=0.001314, 375.24 sec so far
Iteration 80269: max relative diff=0.000905, 380.24 sec so far
Iteration 81105: max relative diff=0.000627, 385.24 sec so far
Iteration 81936: max relative diff=0.000436, 390.25 sec so far
Iteration 82789: max relative diff=0.000300, 395.25 sec so far
Iteration 83611: max relative diff=0.000209, 400.26 sec so far
Iteration 84453: max relative diff=0.000145, 405.26 sec so far
Iteration 85296: max relative diff=0.000100, 410.26 sec so far
Iteration 86121: max relative diff=0.000070, 415.26 sec so far
Iteration 86973: max relative diff=0.000048, 420.27 sec so far
Iteration 87806: max relative diff=0.000033, 425.27 sec so far
Iteration 88636: max relative diff=0.000023, 430.27 sec so far
Iteration 89489: max relative diff=0.000016, 435.27 sec so far
Iteration 90265: max relative diff=0.000011, 440.27 sec so far
Iteration 90959: max relative diff=0.000008, 445.28 sec so far
Iteration 91744: max relative diff=0.000006, 450.29 sec so far
Iteration 92597: max relative diff=0.000004, 455.29 sec so far
Iteration 93421: max relative diff=0.000003, 460.30 sec so far
Iteration 94263: max relative diff=0.000002, 465.30 sec so far
Iteration 95109: max relative diff=0.000001, 470.30 sec so far
Max relative diff between upper and lower bound on convergence: 9.99942E-07
LowItr:58921 , UpItr:95807 

Iterative method: 95808 iterations in 474.56 seconds (average 0.004953, setup 0.11)
Maximum finite value in solution vector at end of interval iteration: 16883.00000039589

Value in the initial state: 16875.00000039589

Time for model checking: 475.538 seconds.

Result: 16875.00000039589 (value in the initial state)

---------------------------------------------------------------------

Note: There were 2 warnings during computation.

