PRISM
=====

Version: 4.4
Date: Tue Feb 16 00:05:28 IRST 2021
Hostname: sadegh-H81M-S2PH
Memory limits: cudd=1g, java(heap)=3.9g
Command line: prism ../../examples/mdps/consensus/coin4.nm ../../examples/mdps/consensus/steps_max.pctl -s -improvedbk -maxiters 167908 -const K=32 -javamaxmem 4500m -epsilon 1e-10

Parsing model file "../../examples/mdps/consensus/coin4.nm"...

Parsing properties file "../../examples/mdps/consensus/steps_max.pctl"...

1 property:
(1) "steps_max": R{"steps"}max=? [ F "finished" ]

Type:        MDP
Modules:     process1 process2 process3 process4 
Variables:   counter pc1 coin1 pc2 coin2 pc3 coin3 pc4 coin4 

---------------------------------------------------------------------

Model checking: "steps_max": R{"steps"}max=? [ F "finished" ]
Model constants: K=32

Warning: Not Switching to explicit engine, We implemented the emthods for sparse engine.

Building model...
Model constants: K=32

Computing reachable states...

Reachability (BFS): 1539 iterations in 0.17 seconds (average 0.000112, setup 0.00)

Time for model construction: 0.337 seconds.

Type:        MDP
States:      329856 (1 initial)
Transitions: 1112032
Choices:     889984

Transition matrix: 2480 nodes (3 terminal), 1112032 minterms, vars: 21r/21c/4nd

Prob0E: 402 iterations in 0.26 seconds (average 0.000637, setup 0.00)

Prob1A: 1 iterations in 0.00 seconds (average 0.000000, setup 0.00)

goal = 64, inf = 0, maybe = 329792

Computing remaining rewards...

Building sparse matrix (transitions)... [n=329856, nc=889920, nnz=1111968, k=4] [17.4 MB]
Building sparse matrix (transition rewards)... [n=329856, nc=889920, nnz=0, k=4] [4.7 MB]
Creating vector for state rewards... [2.5 MB]
Creating vector for inf... [2.5 MB]
Creating vector for lower bounds... [2.5 MB]
Creating vector for upper bounds... [2.5 MB]
Allocating iteration vectors... [4 x 2.5 MB]
TOTAL: [42.2 MB]

Starting iterations (interval iteration)...

 Time for pre-computation: 0.509000 Iteration 966: max relative diff=6.007474, 4.49 sec so far
Iteration 2102: max relative diff=5.477735, 9.50 sec so far
Iteration 3222: max relative diff=4.755735, 14.50 sec so far
Iteration 4326: max relative diff=4.079508, 19.50 sec so far
Iteration 5218: max relative diff=3.593281, 24.51 sec so far
Iteration 6223: max relative diff=3.111429, 29.51 sec so far
Iteration 7340: max relative diff=2.650249, 34.51 sec so far
Iteration 8446: max relative diff=2.260720, 39.52 sec so far
Iteration 9592: max relative diff=1.917320, 44.52 sec so far
Iteration 10698: max relative diff=1.635445, 49.52 sec so far
Iteration 11818: max relative diff=1.392201, 54.52 sec so far
Iteration 12955: max relative diff=1.182242, 59.52 sec so far
Iteration 14055: max relative diff=1.009301, 64.53 sec so far
Iteration 15191: max relative diff=0.857210, 69.53 sec so far
Iteration 16312: max relative diff=0.729609, 74.54 sec so far
Iteration 17401: max relative diff=0.623867, 79.54 sec so far
Iteration 18273: max relative diff=0.550355, 84.54 sec so far
Iteration 19283: max relative diff=0.475967, 89.55 sec so far
Iteration 20406: max relative diff=0.405000, 94.55 sec so far
Iteration 21511: max relative diff=0.345507, 99.55 sec so far
Iteration 22656: max relative diff=0.293064, 104.55 sec so far
Iteration 23764: max relative diff=0.249906, 109.56 sec so far
Iteration 24888: max relative diff=0.212614, 114.56 sec so far
Iteration 26028: max relative diff=0.180472, 119.56 sec so far
Iteration 27128: max relative diff=0.154072, 124.56 sec so far
Iteration 28266: max relative diff=0.130817, 129.57 sec so far
Iteration 29391: max relative diff=0.111280, 134.57 sec so far
Iteration 30495: max relative diff=0.094948, 139.57 sec so far
Iteration 31641: max relative diff=0.080524, 144.57 sec so far
Iteration 32749: max relative diff=0.068666, 149.58 sec so far
Iteration 33867: max relative diff=0.058470, 154.58 sec so far
Iteration 35007: max relative diff=0.049630, 159.58 sec so far
Iteration 36104: max relative diff=0.042389, 164.59 sec so far
Iteration 37239: max relative diff=0.036006, 169.59 sec so far
Iteration 38364: max relative diff=0.030629, 174.59 sec so far
Iteration 39469: max relative diff=0.026130, 179.59 sec so far
Iteration 40361: max relative diff=0.022985, 184.59 sec so far
Iteration 41373: max relative diff=0.019872, 189.60 sec so far
Iteration 42500: max relative diff=0.016900, 194.60 sec so far
Iteration 43602: max relative diff=0.014423, 199.60 sec so far
Iteration 44744: max relative diff=0.012239, 204.61 sec so far
Iteration 45853: max relative diff=0.010435, 209.61 sec so far
Iteration 46971: max relative diff=0.008886, 214.61 sec so far
Iteration 48115: max relative diff=0.007538, 219.62 sec so far
Iteration 49213: max relative diff=0.006437, 224.62 sec so far
Iteration 50350: max relative diff=0.005466, 229.62 sec so far
Iteration 51476: max relative diff=0.004649, 234.62 sec so far
Iteration 52577: max relative diff=0.003969, 239.62 sec so far
Iteration 53722: max relative diff=0.003366, 244.62 sec so far
Iteration 54833: max relative diff=0.002869, 249.63 sec so far
Iteration 55951: max relative diff=0.002443, 254.63 sec so far
Iteration 57092: max relative diff=0.002074, 259.64 sec so far
Iteration 58188: max relative diff=0.001771, 264.64 sec so far
Iteration 59320: max relative diff=0.001505, 269.64 sec so far
Iteration 60444: max relative diff=0.001281, 274.64 sec so far
Iteration 61548: max relative diff=0.001093, 279.65 sec so far
Iteration 62692: max relative diff=0.000927, 284.65 sec so far
Iteration 63694: max relative diff=0.000803, 289.65 sec so far
Iteration 64617: max relative diff=0.000703, 294.66 sec so far
Iteration 65673: max relative diff=0.000604, 299.66 sec so far
Iteration 66818: max relative diff=0.000512, 304.66 sec so far
Iteration 67929: max relative diff=0.000437, 309.67 sec so far
Iteration 69049: max relative diff=0.000372, 314.67 sec so far
Iteration 70193: max relative diff=0.000315, 319.67 sec so far
Iteration 71293: max relative diff=0.000269, 324.68 sec so far
Iteration 72426: max relative diff=0.000229, 329.68 sec so far
Iteration 73550: max relative diff=0.000195, 334.68 sec so far
Iteration 74654: max relative diff=0.000166, 339.68 sec so far
Iteration 75799: max relative diff=0.000141, 344.69 sec so far
Iteration 76913: max relative diff=0.000120, 349.69 sec so far
Iteration 78030: max relative diff=0.000102, 354.69 sec so far
Iteration 79174: max relative diff=0.000087, 359.70 sec so far
Iteration 80272: max relative diff=0.000074, 364.70 sec so far
Iteration 81404: max relative diff=0.000063, 369.70 sec so far
Iteration 82533: max relative diff=0.000053, 374.70 sec so far
Iteration 83634: max relative diff=0.000046, 379.71 sec so far
Iteration 84779: max relative diff=0.000039, 384.71 sec so far
Iteration 85891: max relative diff=0.000033, 389.71 sec so far
Iteration 87004: max relative diff=0.000028, 394.72 sec so far
Iteration 87913: max relative diff=0.000025, 399.72 sec so far
Iteration 88905: max relative diff=0.000021, 404.72 sec so far
Iteration 90017: max relative diff=0.000018, 409.72 sec so far
Iteration 91136: max relative diff=0.000016, 414.73 sec so far
Iteration 92280: max relative diff=0.000013, 419.73 sec so far
Iteration 93379: max relative diff=0.000011, 424.73 sec so far
Iteration 94509: max relative diff=0.000010, 429.74 sec so far
Iteration 95636: max relative diff=0.000008, 434.74 sec so far
Iteration 96736: max relative diff=0.000007, 439.74 sec so far
Iteration 97880: max relative diff=0.000006, 444.74 sec so far
Iteration 98993: max relative diff=0.000005, 449.75 sec so far
Iteration 100106: max relative diff=0.000004, 454.75 sec so far
Iteration 101250: max relative diff=0.000004, 459.75 sec so far
Iteration 102350: max relative diff=0.000003, 464.75 sec so far
Iteration 103482: max relative diff=0.000003, 469.76 sec so far
Iteration 104610: max relative diff=0.000002, 474.76 sec so far
Iteration 105713: max relative diff=0.000002, 479.76 sec so far
Iteration 106860: max relative diff=0.000002, 484.77 sec so far
Iteration 107976: max relative diff=0.000001, 489.77 sec so far
Iteration 109091: max relative diff=0.000001, 494.77 sec so far
Iteration 110236: max relative diff=0.000001, 499.77 sec so far
Iteration 111334: max relative diff=0.000001, 504.78 sec so far
Iteration 112465: max relative diff=0.000001, 509.78 sec so far
Iteration 113594: max relative diff=0.000001, 514.78 sec so far
Iteration 114694: max relative diff=0.000001, 519.78 sec so far
Iteration 115841: max relative diff=0.000000, 524.79 sec so far
Iteration 116954: max relative diff=0.000000, 529.79 sec so far
Iteration 118067: max relative diff=0.000000, 534.79 sec so far
Iteration 119213: max relative diff=0.000000, 539.79 sec so far
Iteration 120312: max relative diff=0.000000, 544.79 sec so far
Iteration 121445: max relative diff=0.000000, 549.80 sec so far
Iteration 122577: max relative diff=0.000000, 554.80 sec so far
Iteration 123676: max relative diff=0.000000, 559.80 sec so far
Iteration 124821: max relative diff=0.000000, 564.81 sec so far
Iteration 125936: max relative diff=0.000000, 569.81 sec so far
Iteration 127047: max relative diff=0.000000, 574.81 sec so far
Iteration 128194: max relative diff=0.000000, 579.82 sec so far
Iteration 129293: max relative diff=0.000000, 584.82 sec so far
Iteration 130422: max relative diff=0.000000, 589.82 sec so far
Iteration 131555: max relative diff=0.000000, 594.83 sec so far
Iteration 132653: max relative diff=0.000000, 599.83 sec so far
Iteration 133798: max relative diff=0.000000, 604.83 sec so far
Iteration 134914: max relative diff=0.000000, 609.84 sec so far
Iteration 136027: max relative diff=0.000000, 614.84 sec so far
Iteration 137171: max relative diff=0.000000, 619.84 sec so far
Iteration 138273: max relative diff=0.000000, 624.84 sec so far
Iteration 139402: max relative diff=0.000000, 629.85 sec so far
Iteration 140533: max relative diff=0.000000, 634.85 sec so far
Iteration 141631: max relative diff=0.000000, 639.85 sec so far
Iteration 142779: max relative diff=0.000000, 644.86 sec so far
Iteration 143764: max relative diff=0.000000, 649.86 sec so far
Iteration 144697: max relative diff=0.000000, 654.86 sec so far
Iteration 145764: max relative diff=0.000000, 659.86 sec so far
Iteration 146905: max relative diff=0.000000, 664.86 sec so far
Iteration 148021: max relative diff=0.000000, 669.87 sec so far
Iteration 149132: max relative diff=0.000000, 674.87 sec so far
Iteration 150277: max relative diff=0.000000, 679.87 sec so far
Iteration 151379: max relative diff=0.000000, 684.87 sec so far
Iteration 152505: max relative diff=0.000000, 689.88 sec so far
Iteration 153636: max relative diff=0.000000, 694.88 sec so far
Iteration 154737: max relative diff=0.000000, 699.88 sec so far
Iteration 155880: max relative diff=0.000000, 704.89 sec so far
Iteration 156996: max relative diff=0.000000, 709.89 sec so far
Iteration 158107: max relative diff=0.000000, 714.89 sec so far
Iteration 159006: max relative diff=0.000000, 719.89 sec so far
Iteration 160009: max relative diff=0.000000, 724.90 sec so far
Iteration 161127: max relative diff=0.000000, 729.90 sec so far
Iteration 162237: max relative diff=0.000000, 734.90 sec so far
Iteration 163384: max relative diff=0.000000, 739.90 sec so far
Iteration 164487: max relative diff=0.000000, 744.91 sec so far
Iteration 165614: max relative diff=0.000000, 749.91 sec so far
Iteration 166746: max relative diff=0.000000, 754.91 sec so far
Iteration 167846: max relative diff=0.000000, 759.91 sec so far

First round (updates from below) finished after 167907 iters.
Iterative method: 167907 iterations in 760.18 seconds (average 0.004527, setup 0.19)

Value in the initial state: 51482.999998261585

Time for model checking: 762.284 seconds.

Result: 51482.999998261585 (value in the initial state)

---------------------------------------------------------------------

Note: There was 1 warning during computation.

