PRISM
=====

Version: 4.4
Date: Mon Feb 15 15:52:44 IRST 2021
Hostname: sadegh-H81M-S2PH
Memory limits: cudd=1g, java(heap)=910.5m
Command line: prism ../../examples/mdps/consensus/coin4.nm ../../examples/mdps/consensus/steps_max.pctl -s '-ii:upper=1.2e+12' -const K=26 -maxiters 9000300 -improvedmpi

Parsing model file "../../examples/mdps/consensus/coin4.nm"...

Parsing properties file "../../examples/mdps/consensus/steps_max.pctl"...

1 property:
(1) "steps_max": R{"steps"}max=? [ F "finished" ]

Type:        MDP
Modules:     process1 process2 process3 process4 
Variables:   counter pc1 coin1 pc2 coin2 pc3 coin3 pc4 coin4 

---------------------------------------------------------------------

Model checking: "steps_max": R{"steps"}max=? [ F "finished" ]
Model constants: K=26

Warning: Not Switching to explicit engine, We implemented the emthods for sparse engine.

Building model...
Model constants: K=26

Computing reachable states...

Reachability (BFS): 1251 iterations in 0.14 seconds (average 0.000110, setup 0.00)

Time for model construction: 0.261 seconds.

Type:        MDP
States:      268416 (1 initial)
Transitions: 904672
Choices:     724096

Transition matrix: 2436 nodes (3 terminal), 904672 minterms, vars: 20r/20c/4nd

Prob0E: 330 iterations in 0.21 seconds (average 0.000627, setup 0.00)

Prob1A: 1 iterations in 0.00 seconds (average 0.000000, setup 0.00)

goal = 64, inf = 0, maybe = 268352

Warning: Upper bound for interval iteration manually set to 1.2E12

Computing remaining rewards...
 9
Building sparse matrix (transitions)... [n=268416, nc=724032, nnz=904608, k=4] [14.1 MB]
Building sparse matrix (transition rewards)... [n=268416, nc=724032, nnz=0, k=4] [3.8 MB]
Creating vector for state rewards... [2.0 MB]
Creating vector for inf... [2.0 MB]
Creating vector for lower bounds... [2.0 MB]
Creating vector for upper bounds... [2.0 MB]
Allocating iteration vectors... [4 x 2.0 MB]
Allocating adversary vector... [1.0 MB]
TOTAL: [35.3 MB]

Starting iterations (interval iteration)...

 Time for pre-computation: 0.330000 Iteration 2210: max relative diff=4.719111, 4.68 sec so far
Iteration 4524: max relative diff=2.885459, 9.70 sec so far
Iteration 6474: max relative diff=1.895677, 14.73 sec so far
Iteration 8606: max relative diff=1.197371, 19.78 sec so far
Iteration 10946: max relative diff=0.723143, 24.82 sec so far
Iteration 13260: max relative diff=0.439191, 29.83 sec so far
Iteration 15652: max relative diff=0.262290, 34.89 sec so far
Iteration 17966: max relative diff=0.159298, 39.92 sec so far
Iteration 20306: max relative diff=0.096207, 44.95 sec so far
Iteration 22672: max relative diff=0.057779, 49.97 sec so far
Iteration 24986: max relative diff=0.035091, 55.02 sec so far
Iteration 27352: max relative diff=0.021075, 60.05 sec so far
Iteration 29432: max relative diff=0.013461, 65.09 sec so far
Iteration 31460: max relative diff=0.008695, 70.14 sec so far
Iteration 33722: max relative diff=0.005340, 75.16 sec so far
Iteration 36140: max relative diff=0.003172, 80.21 sec so far
Iteration 38558: max relative diff=0.001884, 85.27 sec so far
Iteration 40976: max relative diff=0.001119, 90.32 sec so far
Iteration 43368: max relative diff=0.000668, 95.36 sec so far
Iteration 45682: max relative diff=0.000406, 100.38 sec so far
Iteration 48022: max relative diff=0.000245, 105.42 sec so far
Iteration 50388: max relative diff=0.000147, 110.43 sec so far
Iteration 52676: max relative diff=0.000090, 115.43 sec so far
Iteration 55042: max relative diff=0.000054, 120.48 sec so far
Iteration 57382: max relative diff=0.000033, 125.48 sec so far
Iteration 59696: max relative diff=0.000020, 130.53 sec so far
Iteration 62062: max relative diff=0.000012, 135.54 sec so far
Iteration 64376: max relative diff=0.000007, 140.54 sec so far
Iteration 66716: max relative diff=0.000004, 145.60 sec so far
Iteration 69108: max relative diff=0.000003, 150.65 sec so far
Iteration 71396: max relative diff=0.000002, 155.65 sec so far

First round (updates from below) finished after 73527 iters.
Correctness of the approximated above vector satisfied after 1 iterations.
Iteration 73640: max relative diff=0.615975, 160.66 sec so far
Iteration 74717: max relative diff=0.566503, 165.66 sec so far
Iteration 75795: max relative diff=0.463933, 170.66 sec so far
Iteration 77043: max relative diff=0.356450, 175.66 sec so far
Iteration 78328: max relative diff=0.270427, 180.66 sec so far
Iteration 79610: max relative diff=0.205182, 185.67 sec so far
Iteration 80856: max relative diff=0.156881, 190.67 sec so far
Iteration 81857: max relative diff=0.126451, 195.67 sec so far
Iteration 83013: max relative diff=0.098576, 200.67 sec so far
Iteration 84297: max relative diff=0.074755, 205.67 sec so far
Iteration 85544: max relative diff=0.057145, 210.68 sec so far
Iteration 86847: max relative diff=0.043159, 215.68 sec so far
Iteration 88114: max relative diff=0.032850, 220.68 sec so far
Iteration 89381: max relative diff=0.025003, 225.68 sec so far
Iteration 90409: max relative diff=0.020037, 230.68 sec so far
Iteration 91542: max relative diff=0.015697, 235.68 sec so far
Iteration 92811: max relative diff=0.011943, 240.68 sec so far
Iteration 94076: max relative diff=0.009094, 245.69 sec so far
Iteration 95099: max relative diff=0.007295, 250.69 sec so far
Iteration 96232: max relative diff=0.005715, 255.69 sec so far
Iteration 97502: max relative diff=0.004347, 260.69 sec so far
Iteration 98764: max relative diff=0.003312, 265.70 sec so far
Iteration 100064: max relative diff=0.002503, 270.70 sec so far
Iteration 101317: max relative diff=0.001911, 275.70 sec so far
Iteration 102599: max relative diff=0.001450, 280.70 sec so far
Iteration 103665: max relative diff=0.001152, 285.71 sec so far
Iteration 104754: max relative diff=0.000911, 290.71 sec so far
Iteration 106006: max relative diff=0.000696, 295.71 sec so far
Iteration 107284: max relative diff=0.000529, 300.71 sec so far
Iteration 108570: max relative diff=0.000401, 305.72 sec so far
Iteration 109804: max relative diff=0.000307, 310.72 sec so far
Iteration 110812: max relative diff=0.000247, 315.72 sec so far
Iteration 111974: max relative diff=0.000192, 320.73 sec so far
Iteration 113261: max relative diff=0.000146, 325.73 sec so far
Iteration 114510: max relative diff=0.000111, 330.73 sec so far
Iteration 115808: max relative diff=0.000084, 335.73 sec so far
Iteration 116920: max relative diff=0.000066, 340.73 sec so far
Iteration 117981: max relative diff=0.000053, 345.74 sec so far
Iteration 119197: max relative diff=0.000041, 350.74 sec so far
Iteration 120494: max relative diff=0.000031, 355.74 sec so far
Iteration 121769: max relative diff=0.000023, 360.75 sec so far
Iteration 123026: max relative diff=0.000018, 365.75 sec so far
Iteration 124329: max relative diff=0.000013, 370.75 sec so far
Iteration 125489: max relative diff=0.000010, 375.75 sec so far
Iteration 126523: max relative diff=0.000008, 380.76 sec so far
Iteration 127710: max relative diff=0.000006, 385.76 sec so far
Iteration 129012: max relative diff=0.000005, 390.76 sec so far
Iteration 130265: max relative diff=0.000004, 395.77 sec so far
Iteration 131540: max relative diff=0.000003, 400.77 sec so far
Iteration 132599: max relative diff=0.000002, 405.77 sec so far
Iteration 133697: max relative diff=0.000002, 410.77 sec so far
Iteration 134953: max relative diff=0.000001, 415.78 sec so far
Iteration 136232: max relative diff=0.000001, 420.78 sec so far

Second round (updates from above) finished after 136390 iters.
Update from both sides... 
Iteration 137366: max relative diff=0.007519, 425.78 sec so far
Iteration 138440: max relative diff=0.005966, 430.79 sec so far
Iteration 139554: max relative diff=0.004693, 435.79 sec so far
Iteration 140650: max relative diff=0.003706, 440.79 sec so far
Iteration 141729: max relative diff=0.002937, 445.79 sec so far
Iteration 142604: max relative diff=0.002432, 450.80 sec so far
Iteration 143585: max relative diff=0.001969, 455.80 sec so far
Iteration 144679: max relative diff=0.001556, 460.81 sec so far
Iteration 145759: max relative diff=0.001233, 465.81 sec so far
Iteration 146877: max relative diff=0.000969, 470.81 sec so far
Iteration 147959: max relative diff=0.000767, 475.81 sec so far
Iteration 149057: max relative diff=0.000606, 480.82 sec so far
Iteration 150169: max relative diff=0.000477, 485.82 sec so far
Iteration 151215: max relative diff=0.000380, 490.82 sec so far
Iteration 152088: max relative diff=0.000315, 495.83 sec so far
Iteration 153095: max relative diff=0.000254, 500.83 sec so far
Iteration 154208: max relative diff=0.000200, 505.83 sec so far
Iteration 155282: max relative diff=0.000158, 510.84 sec so far
Iteration 156396: max relative diff=0.000125, 515.84 sec so far
Iteration 157496: max relative diff=0.000098, 520.85 sec so far
Iteration 158577: max relative diff=0.000078, 525.85 sec so far
Iteration 159699: max relative diff=0.000061, 530.85 sec so far
Iteration 160694: max relative diff=0.000049, 535.85 sec so far
Iteration 161593: max relative diff=0.000041, 540.86 sec so far
Iteration 162622: max relative diff=0.000033, 545.86 sec so far
Iteration 163741: max relative diff=0.000026, 550.86 sec so far
Iteration 164732: max relative diff=0.000021, 555.86 sec so far
Iteration 165633: max relative diff=0.000017, 560.87 sec so far
Iteration 166662: max relative diff=0.000014, 565.87 sec so far
Iteration 167784: max relative diff=0.000011, 570.87 sec so far
Iteration 168867: max relative diff=0.000008, 575.88 sec so far
Iteration 169964: max relative diff=0.000007, 580.88 sec so far
Iteration 171077: max relative diff=0.000005, 585.88 sec so far
Iteration 172150: max relative diff=0.000004, 590.88 sec so far
Iteration 173260: max relative diff=0.000003, 595.88 sec so far
Iteration 174358: max relative diff=0.000003, 600.89 sec so far
Iteration 175439: max relative diff=0.000002, 605.89 sec so far
Iteration 176313: max relative diff=0.000002, 610.89 sec so far
Iteration 177298: max relative diff=0.000001, 615.89 sec so far
Iteration 178396: max relative diff=0.000001, 620.90 sec so far
Max relative diff between upper and lower bound on convergence: 4.94066E-324
Iterative method: 178806 iterations in 622.73 seconds (average 0.003483, setup 0.16)
Maximum finite value in solution vector at end of interval iteration: 34355.00000000109

Value in the initial state: 34347.00000000109

Time for model checking: 624.307 seconds.

Result: 34347.00000000109 (value in the initial state)

---------------------------------------------------------------------

Note: There were 2 warnings during computation.

