PRISM
=====

Version: 4.4
Date: Mon Feb 15 10:48:21 IRST 2021
Hostname: sadegh-H81M-S2PH
Memory limits: cudd=1g, java(heap)=910.5m
Command line: prism ../../examples/mdps/consensus/coin4.nm ../../examples/mdps/consensus/steps_max.pctl -s '-ii:upper=1.2e+12' -const K=14 -maxiters 9000300 -improvedmpi

Parsing model file "../../examples/mdps/consensus/coin4.nm"...

Parsing properties file "../../examples/mdps/consensus/steps_max.pctl"...

1 property:
(1) "steps_max": R{"steps"}max=? [ F "finished" ]

Type:        MDP
Modules:     process1 process2 process3 process4 
Variables:   counter pc1 coin1 pc2 coin2 pc3 coin3 pc4 coin4 

---------------------------------------------------------------------

Model checking: "steps_max": R{"steps"}max=? [ F "finished" ]
Model constants: K=14

Warning: Not Switching to explicit engine, We implemented the emthods for sparse engine.

Building model...
Model constants: K=14

Computing reachable states...

Reachability (BFS): 675 iterations in 0.09 seconds (average 0.000126, setup 0.00)

Time for model construction: 0.147 seconds.

Type:        MDP
States:      145536 (1 initial)
Transitions: 489952
Choices:     392320

Transition matrix: 2388 nodes (3 terminal), 489952 minterms, vars: 19r/19c/4nd

Prob0E: 186 iterations in 0.15 seconds (average 0.000801, setup 0.00)

Prob1A: 1 iterations in 0.00 seconds (average 0.001000, setup 0.00)

goal = 64, inf = 0, maybe = 145472

Warning: Upper bound for interval iteration manually set to 1.2E12

Computing remaining rewards...
 9
Building sparse matrix (transitions)... [n=145536, nc=392256, nnz=489888, k=4] [7.7 MB]
Building sparse matrix (transition rewards)... [n=145536, nc=392256, nnz=0, k=4] [2.1 MB]
Creating vector for state rewards... [1.1 MB]
Creating vector for inf... [1.1 MB]
Creating vector for lower bounds... [1.1 MB]
Creating vector for upper bounds... [1.1 MB]
Allocating iteration vectors... [4 x 1.1 MB]
Allocating adversary vector... [568.5 KB]
TOTAL: [19.1 MB]

Starting iterations (interval iteration)...

 Time for pre-computation: 0.098000 Iteration 3432: max relative diff=0.678691, 4.92 sec so far
Iteration 7098: max relative diff=0.050530, 9.94 sec so far
Iteration 10764: max relative diff=0.003762, 14.97 sec so far
Iteration 14430: max relative diff=0.000280, 20.00 sec so far
Iteration 18096: max relative diff=0.000021, 25.04 sec so far
Iteration 21762: max relative diff=0.000002, 30.07 sec so far

First round (updates from below) finished after 22359 iters.
Correctness of the approximated above vector satisfied after 1 iterations.
Iteration 24400: max relative diff=0.178870, 35.07 sec so far
Iteration 26823: max relative diff=0.032253, 40.07 sec so far
Iteration 29153: max relative diff=0.006211, 45.07 sec so far
Iteration 31266: max relative diff=0.001394, 50.07 sec so far
Iteration 33287: max relative diff=0.000334, 55.08 sec so far
Iteration 35172: max relative diff=0.000088, 60.08 sec so far
Iteration 37368: max relative diff=0.000019, 65.08 sec so far
Iteration 39453: max relative diff=0.000004, 70.08 sec so far

Second round (updates from above) finished after 41507 iters.
Update from both sides... 
Iteration 41735: max relative diff=0.002403, 75.08 sec so far
Iteration 43755: max relative diff=0.000575, 80.08 sec so far
Iteration 45800: max relative diff=0.000135, 85.08 sec so far
Iteration 47772: max relative diff=0.000034, 90.09 sec so far
Iteration 49809: max relative diff=0.000008, 95.09 sec so far
Iteration 51828: max relative diff=0.000002, 100.09 sec so far
Max relative diff between upper and lower bound on convergence: 0
Iterative method: 52734 iterations in 102.32 seconds (average 0.001940, setup 0.09)
Maximum finite value in solution vector at end of interval iteration: 10451.00000000513

Value in the initial state: 10443.00000000513

Time for model checking: 102.961 seconds.

Result: 10443.00000000513 (value in the initial state)

---------------------------------------------------------------------

Note: There were 2 warnings during computation.

