PRISM
=====

Version: 4.4
Date: Mon Feb 15 16:26:16 IRST 2021
Hostname: sadegh-H81M-S2PH
Memory limits: cudd=1g, java(heap)=3.9g
Command line: prism ../../examples/mdps/consensus/coin4.nm ../../examples/mdps/consensus/steps_max.pctl -s '-ii:upper=39684' -asynchupper -maxiters 9000300 -const K=28 -javamaxmem 4500m

Parsing model file "../../examples/mdps/consensus/coin4.nm"...

Parsing properties file "../../examples/mdps/consensus/steps_max.pctl"...

1 property:
(1) "steps_max": R{"steps"}max=? [ F "finished" ]

Type:        MDP
Modules:     process1 process2 process3 process4 
Variables:   counter pc1 coin1 pc2 coin2 pc3 coin3 pc4 coin4 

---------------------------------------------------------------------

Model checking: "steps_max": R{"steps"}max=? [ F "finished" ]
Model constants: K=28

Warning: Not Switching to explicit engine, We implemented the emthods for sparse engine.

Building model...
Model constants: K=28

Computing reachable states...

Reachability (BFS): 1347 iterations in 0.15 seconds (average 0.000111, setup 0.00)

Time for model construction: 0.283 seconds.

Type:        MDP
States:      288896 (1 initial)
Transitions: 973792
Choices:     779392

Transition matrix: 2436 nodes (3 terminal), 973792 minterms, vars: 20r/20c/4nd

Prob0E: 354 iterations in 0.23 seconds (average 0.000647, setup 0.00)

Prob1A: 1 iterations in 0.00 seconds (average 0.001000, setup 0.00)

goal = 64, inf = 0, maybe = 288832

Warning: Upper bound for interval iteration manually set to 39684.0

Computing remaining rewards...
 10
Building sparse matrix (transitions)... [n=288896, nc=779328, nnz=973728, k=4] [15.2 MB]
Building sparse matrix (transition rewards)... [n=288896, nc=779328, nnz=0, k=4] [4.1 MB]
Creating vector for state rewards... [2.2 MB]
Creating vector for inf... [2.2 MB]
Creating vector for lower bounds... [2.2 MB]
Creating vector for upper bounds... [2.2 MB]
Allocating iteration vectors... [4 x 2.2 MB]
TOTAL: [36.9 MB]

Starting iterations (interval iteration)...

Soln above finished after 77091 iterations, while flag is True.

Checking for lower bound passed after 19 iterations.Iteration 1: max relative diff=1.000000, 353.73 sec so far
Iteration 1228: max relative diff=1.000000, 358.73 sec so far
Iteration 2443: max relative diff=1.000000, 363.74 sec so far
Iteration 3637: max relative diff=1.000000, 368.74 sec so far
Iteration 4875: max relative diff=1.000000, 373.75 sec so far
Iteration 5971: max relative diff=1.000000, 378.75 sec so far
Iteration 6981: max relative diff=1.000000, 383.75 sec so far
Iteration 8127: max relative diff=1.000000, 388.75 sec so far
Iteration 9362: max relative diff=1.000000, 393.76 sec so far
Iteration 10563: max relative diff=1.000000, 398.76 sec so far
Iteration 11771: max relative diff=1.000000, 403.76 sec so far
Iteration 13000: max relative diff=1.000000, 408.76 sec so far
Iteration 14187: max relative diff=1.000000, 413.76 sec so far
Iteration 15411: max relative diff=1.000000, 418.76 sec so far
Iteration 16463: max relative diff=1.000000, 423.77 sec so far
Iteration 17496: max relative diff=1.000000, 428.77 sec so far
Iteration 18677: max relative diff=1.000000, 433.78 sec so far
Iteration 19902: max relative diff=1.000000, 438.78 sec so far
Iteration 21118: max relative diff=1.000000, 443.78 sec so far
Iteration 22311: max relative diff=1.000000, 448.78 sec so far
Iteration 23546: max relative diff=1.000000, 453.78 sec so far
Iteration 24746: max relative diff=1.000000, 458.79 sec so far
Iteration 25953: max relative diff=1.000000, 463.79 sec so far
Iteration 27182: max relative diff=1.000000, 468.79 sec so far
Iteration 28370: max relative diff=1.000000, 473.79 sec so far
Iteration 29594: max relative diff=1.000000, 478.79 sec so far
Iteration 30810: max relative diff=1.000000, 483.80 sec so far
Iteration 32003: max relative diff=1.000000, 488.80 sec so far
Iteration 33238: max relative diff=1.000000, 493.80 sec so far
Iteration 34439: max relative diff=1.000000, 498.80 sec so far
Iteration 35649: max relative diff=1.000000, 503.81 sec so far
Iteration 36881: max relative diff=1.000000, 508.81 sec so far
Iteration 38072: max relative diff=1.000000, 513.81 sec so far
Iteration 39301: max relative diff=1.000000, 518.81 sec so far
Iteration 40349: max relative diff=1.000000, 523.82 sec so far
Iteration 41381: max relative diff=1.000000, 528.82 sec so far
Iteration 42563: max relative diff=1.000000, 533.82 sec so far
Iteration 43789: max relative diff=1.000000, 538.82 sec so far
Iteration 45007: max relative diff=1.000000, 543.83 sec so far
Iteration 46201: max relative diff=1.000000, 548.83 sec so far
Iteration 47437: max relative diff=1.000000, 553.83 sec so far
Iteration 48640: max relative diff=1.000000, 558.84 sec so far
Iteration 49848: max relative diff=1.000000, 563.84 sec so far
Iteration 51080: max relative diff=1.000000, 568.84 sec so far
Iteration 52268: max relative diff=1.000000, 573.84 sec so far
Iteration 53493: max relative diff=1.000000, 578.85 sec so far
Iteration 54712: max relative diff=1.000000, 583.85 sec so far
Iteration 55907: max relative diff=1.000000, 588.85 sec so far
Iteration 56879: max relative diff=1.000000, 593.85 sec so far
Iteration 57984: max relative diff=1.000000, 598.86 sec so far
Iteration 59204: max relative diff=1.000000, 603.86 sec so far
Iteration 60304: max relative diff=0.058125, 608.86 sec so far
Iteration 60860: max relative diff=0.052398, 613.87 sec so far
Iteration 61402: max relative diff=0.047358, 618.87 sec so far
Iteration 61946: max relative diff=0.042788, 623.88 sec so far
Iteration 62501: max relative diff=0.038579, 628.88 sec so far
Iteration 63038: max relative diff=0.034902, 633.89 sec so far
Iteration 63588: max relative diff=0.031498, 638.89 sec so far
Iteration 64137: max relative diff=0.028432, 643.90 sec so far
Iteration 64674: max relative diff=0.025721, 648.91 sec so far
Iteration 65231: max relative diff=0.023183, 653.92 sec so far
Iteration 65773: max relative diff=0.020953, 658.92 sec so far
Iteration 66316: max relative diff=0.018935, 663.92 sec so far
Iteration 66872: max relative diff=0.017069, 668.93 sec so far
Iteration 67408: max relative diff=0.015445, 673.93 sec so far
Iteration 67959: max relative diff=0.013936, 678.94 sec so far
Iteration 68509: max relative diff=0.012577, 683.95 sec so far
Iteration 69047: max relative diff=0.011376, 688.96 sec so far
Iteration 69604: max relative diff=0.010253, 693.97 sec so far
Iteration 70146: max relative diff=0.009267, 698.97 sec so far
Iteration 70690: max relative diff=0.008373, 703.98 sec so far
Iteration 71246: max relative diff=0.007548, 708.99 sec so far
Iteration 71783: max relative diff=0.006828, 713.99 sec so far
Iteration 72334: max relative diff=0.006161, 719.00 sec so far
Iteration 72884: max relative diff=0.005560, 724.01 sec so far
Iteration 73421: max relative diff=0.005030, 729.01 sec so far
Iteration 73978: max relative diff=0.004534, 734.02 sec so far
Iteration 74520: max relative diff=0.004098, 739.03 sec so far
Iteration 75063: max relative diff=0.003703, 744.03 sec so far
Iteration 75619: max relative diff=0.003338, 749.04 sec so far
Iteration 76155: max relative diff=0.003021, 754.04 sec so far
Iteration 76705: max relative diff=0.002726, 759.05 sec so far
Iteration 77254: max relative diff=0.002461, 764.05 sec so far
Iteration 77789: max relative diff=0.002227, 769.06 sec so far
Iteration 78344: max relative diff=0.002008, 774.06 sec so far
Iteration 78885: max relative diff=0.001815, 779.06 sec so far
Iteration 79427: max relative diff=0.001641, 784.07 sec so far
Iteration 79982: max relative diff=0.001479, 789.07 sec so far
Iteration 80519: max relative diff=0.001338, 794.08 sec so far
Iteration 81067: max relative diff=0.001208, 799.08 sec so far
Iteration 81536: max relative diff=0.001107, 804.09 sec so far
Iteration 82007: max relative diff=0.001014, 809.10 sec so far
Iteration 82542: max relative diff=0.000917, 814.10 sec so far
Iteration 83091: max relative diff=0.000828, 819.10 sec so far
Iteration 83639: max relative diff=0.000748, 824.11 sec so far
Iteration 84174: max relative diff=0.000677, 829.11 sec so far
Iteration 84728: max relative diff=0.000610, 834.11 sec so far
Iteration 85270: max relative diff=0.000552, 839.12 sec so far
Iteration 85811: max relative diff=0.000499, 844.12 sec so far
Iteration 86366: max relative diff=0.000450, 849.13 sec so far
Iteration 86902: max relative diff=0.000407, 854.13 sec so far
Iteration 87449: max relative diff=0.000367, 859.13 sec so far
Iteration 87997: max relative diff=0.000332, 864.14 sec so far
Iteration 88531: max relative diff=0.000300, 869.14 sec so far
Iteration 89085: max relative diff=0.000271, 874.14 sec so far
Iteration 89573: max relative diff=0.000247, 879.15 sec so far
Iteration 90034: max relative diff=0.000227, 884.15 sec so far
Iteration 90553: max relative diff=0.000206, 889.16 sec so far
Iteration 91114: max relative diff=0.000185, 894.16 sec so far
Iteration 91675: max relative diff=0.000167, 899.17 sec so far
Iteration 92216: max relative diff=0.000151, 904.17 sec so far
Iteration 92771: max relative diff=0.000136, 909.17 sec so far
Iteration 93307: max relative diff=0.000123, 914.17 sec so far
Iteration 93855: max relative diff=0.000111, 919.18 sec so far
Iteration 94404: max relative diff=0.000100, 924.18 sec so far
Iteration 94940: max relative diff=0.000091, 929.19 sec so far
Iteration 95496: max relative diff=0.000082, 934.20 sec so far
Iteration 96038: max relative diff=0.000074, 939.20 sec so far
Iteration 96579: max relative diff=0.000067, 944.21 sec so far
Iteration 97135: max relative diff=0.000060, 949.21 sec so far
Iteration 97673: max relative diff=0.000055, 954.21 sec so far
Iteration 98222: max relative diff=0.000049, 959.22 sec so far
Iteration 98774: max relative diff=0.000044, 964.22 sec so far
Iteration 99312: max relative diff=0.000040, 969.23 sec so far
Iteration 99868: max relative diff=0.000036, 974.24 sec so far
Iteration 100411: max relative diff=0.000033, 979.24 sec so far
Iteration 100957: max relative diff=0.000030, 984.25 sec so far
Iteration 101513: max relative diff=0.000027, 989.25 sec so far
Iteration 102056: max relative diff=0.000024, 994.26 sec so far
Iteration 102607: max relative diff=0.000022, 999.27 sec so far
Iteration 103163: max relative diff=0.000020, 1004.28 sec so far
Iteration 103702: max relative diff=0.000018, 1009.29 sec so far
Iteration 104260: max relative diff=0.000016, 1014.29 sec so far
Iteration 104810: max relative diff=0.000014, 1019.29 sec so far
Iteration 105355: max relative diff=0.000013, 1024.30 sec so far
Iteration 105919: max relative diff=0.000012, 1029.30 sec so far
Iteration 106462: max relative diff=0.000011, 1034.31 sec so far
Iteration 107017: max relative diff=0.000010, 1039.31 sec so far
Iteration 107575: max relative diff=0.000009, 1044.31 sec so far
Iteration 108119: max relative diff=0.000008, 1049.32 sec so far
Iteration 108689: max relative diff=0.000007, 1054.33 sec so far
Iteration 109248: max relative diff=0.000006, 1059.34 sec so far
Iteration 109809: max relative diff=0.000006, 1064.34 sec so far
Iteration 110385: max relative diff=0.000005, 1069.34 sec so far
Iteration 110920: max relative diff=0.000005, 1074.34 sec so far
Iteration 111507: max relative diff=0.000004, 1079.35 sec so far
Iteration 112056: max relative diff=0.000004, 1084.35 sec so far
Iteration 112647: max relative diff=0.000003, 1089.35 sec so far
Iteration 113201: max relative diff=0.000003, 1094.36 sec so far
Iteration 113743: max relative diff=0.000003, 1099.36 sec so far
Iteration 114382: max relative diff=0.000002, 1104.37 sec so far
Iteration 114937: max relative diff=0.000002, 1109.38 sec so far
Iteration 115474: max relative diff=0.000002, 1114.38 sec so far
Iteration 116046: max relative diff=1.000000, 1119.39 sec so far
Iteration 116673: max relative diff=0.000002, 1124.39 sec so far
Iteration 117148: max relative diff=0.000001, 1129.39 sec so far
Iteration 117685: max relative diff=0.000001, 1134.40 sec so far
Iteration 118247: max relative diff=0.000001, 1139.41 sec so far
Iteration 118808: max relative diff=0.000001, 1144.41 sec so far
Max relative diff between upper and lower bound on convergence: 9.99949E-07
LowItr:119253 , UpItr:135071  

Iterative method: 119234 iterations in 1148.39 seconds (average 0.009631, setup 0.17)
Maximum finite value in solution vector at end of interval iteration: 39682.99999961065

Value in the initial state: 39674.99999961065

Time for model checking: 1149.457 seconds.

Result: 39674.99999961065 (value in the initial state)

---------------------------------------------------------------------

Note: There were 2 warnings during computation.

