PRISM
=====

Version: 4.4
Date: Tue Feb 16 06:02:07 IRST 2021
Hostname: sadegh-H81M-S2PH
Memory limits: cudd=1g, java(heap)=3.9g
Command line: prism ../../examples/mdps/consensus/coin4.nm ../../examples/mdps/consensus/steps_max.pctl -s '-ii:upper=64836' -asynchupper -maxiters 9000300 -const K=36 -javamaxmem 4500m

Parsing model file "../../examples/mdps/consensus/coin4.nm"...

Parsing properties file "../../examples/mdps/consensus/steps_max.pctl"...

1 property:
(1) "steps_max": R{"steps"}max=? [ F "finished" ]

Type:        MDP
Modules:     process1 process2 process3 process4 
Variables:   counter pc1 coin1 pc2 coin2 pc3 coin3 pc4 coin4 

---------------------------------------------------------------------

Model checking: "steps_max": R{"steps"}max=? [ F "finished" ]
Model constants: K=36

Warning: Not Switching to explicit engine, We implemented the emthods for sparse engine.

Building model...
Model constants: K=36

Computing reachable states...

Reachability (BFS): 1731 iterations in 0.19 seconds (average 0.000111, setup 0.00)

Time for model construction: 0.394 seconds.

Type:        MDP
States:      370816 (1 initial)
Transitions: 1250272
Choices:     1000576

Transition matrix: 2480 nodes (3 terminal), 1250272 minterms, vars: 21r/21c/4nd

Prob0E: 450 iterations in 0.28 seconds (average 0.000618, setup 0.00)

Prob1A: 1 iterations in 0.00 seconds (average 0.000000, setup 0.00)

goal = 64, inf = 0, maybe = 370752

Warning: Upper bound for interval iteration manually set to 64836.0

Computing remaining rewards...
 10
Building sparse matrix (transitions)... [n=370816, nc=1000512, nnz=1250208, k=4] [19.5 MB]
Building sparse matrix (transition rewards)... [n=370816, nc=1000512, nnz=0, k=4] [5.2 MB]
Creating vector for state rewards... [2.8 MB]
Creating vector for inf... [2.8 MB]
Creating vector for lower bounds... [2.8 MB]
Creating vector for upper bounds... [2.8 MB]
Allocating iteration vectors... [4 x 2.8 MB]
TOTAL: [47.4 MB]

Starting iterations (interval iteration)...

Soln above finished after 125940 iterations, while flag is True.

Checking for lower bound passed after 19 iterations.Iteration 1: max relative diff=1.000000, 735.37 sec so far
Iteration 973: max relative diff=1.000000, 740.38 sec so far
Iteration 1910: max relative diff=1.000000, 745.38 sec so far
Iteration 2873: max relative diff=1.000000, 750.38 sec so far
Iteration 3830: max relative diff=1.000000, 755.39 sec so far
Iteration 4770: max relative diff=1.000000, 760.39 sec so far
Iteration 5747: max relative diff=1.000000, 765.40 sec so far
Iteration 6691: max relative diff=1.000000, 770.40 sec so far
Iteration 7642: max relative diff=1.000000, 775.41 sec so far
Iteration 8611: max relative diff=1.000000, 780.41 sec so far
Iteration 9546: max relative diff=1.000000, 785.41 sec so far
Iteration 10507: max relative diff=1.000000, 790.41 sec so far
Iteration 11465: max relative diff=1.000000, 795.42 sec so far
Iteration 12403: max relative diff=1.000000, 800.42 sec so far
Iteration 13375: max relative diff=1.000000, 805.43 sec so far
Iteration 14322: max relative diff=1.000000, 810.43 sec so far
Iteration 15271: max relative diff=1.000000, 815.43 sec so far
Iteration 16241: max relative diff=1.000000, 820.44 sec so far
Iteration 17135: max relative diff=1.000000, 825.44 sec so far
Iteration 17911: max relative diff=1.000000, 830.45 sec so far
Iteration 18796: max relative diff=1.000000, 835.45 sec so far
Iteration 19768: max relative diff=1.000000, 840.46 sec so far
Iteration 20704: max relative diff=1.000000, 845.46 sec so far
Iteration 21662: max relative diff=1.000000, 850.46 sec so far
Iteration 22622: max relative diff=1.000000, 855.46 sec so far
Iteration 23558: max relative diff=1.000000, 860.47 sec so far
Iteration 24532: max relative diff=1.000000, 865.47 sec so far
Iteration 25479: max relative diff=1.000000, 870.48 sec so far
Iteration 26429: max relative diff=1.000000, 875.48 sec so far
Iteration 27402: max relative diff=1.000000, 880.48 sec so far
Iteration 28339: max relative diff=1.000000, 885.49 sec so far
Iteration 29300: max relative diff=1.000000, 890.49 sec so far
Iteration 30260: max relative diff=1.000000, 895.49 sec so far
Iteration 31197: max relative diff=1.000000, 900.50 sec so far
Iteration 32170: max relative diff=1.000000, 905.50 sec so far
Iteration 33019: max relative diff=1.000000, 910.51 sec so far
Iteration 33817: max relative diff=1.000000, 915.51 sec so far
Iteration 34721: max relative diff=1.000000, 920.52 sec so far
Iteration 35694: max relative diff=1.000000, 925.52 sec so far
Iteration 36640: max relative diff=1.000000, 930.52 sec so far
Iteration 37588: max relative diff=1.000000, 935.52 sec so far
Iteration 38561: max relative diff=1.000000, 940.53 sec so far
Iteration 39497: max relative diff=1.000000, 945.53 sec so far
Iteration 40456: max relative diff=1.000000, 950.53 sec so far
Iteration 41416: max relative diff=1.000000, 955.53 sec so far
Iteration 42352: max relative diff=1.000000, 960.54 sec so far
Iteration 43325: max relative diff=1.000000, 965.54 sec so far
Iteration 44269: max relative diff=1.000000, 970.55 sec so far
Iteration 45217: max relative diff=1.000000, 975.55 sec so far
Iteration 46195: max relative diff=1.000000, 980.55 sec so far
Iteration 47133: max relative diff=1.000000, 985.56 sec so far
Iteration 48093: max relative diff=1.000000, 990.56 sec so far
Iteration 49054: max relative diff=1.000000, 995.56 sec so far
Iteration 49988: max relative diff=1.000000, 1000.57 sec so far
Iteration 50961: max relative diff=1.000000, 1005.57 sec so far
Iteration 51809: max relative diff=1.000000, 1010.57 sec so far
Iteration 52607: max relative diff=1.000000, 1015.58 sec so far
Iteration 53517: max relative diff=1.000000, 1020.58 sec so far
Iteration 54491: max relative diff=1.000000, 1025.59 sec so far
Iteration 55438: max relative diff=1.000000, 1030.59 sec so far
Iteration 56385: max relative diff=1.000000, 1035.59 sec so far
Iteration 57356: max relative diff=1.000000, 1040.59 sec so far
Iteration 58292: max relative diff=1.000000, 1045.60 sec so far
Iteration 59250: max relative diff=1.000000, 1050.60 sec so far
Iteration 60213: max relative diff=1.000000, 1055.60 sec so far
Iteration 61147: max relative diff=1.000000, 1060.60 sec so far
Iteration 62118: max relative diff=1.000000, 1065.61 sec so far
Iteration 63065: max relative diff=1.000000, 1070.61 sec so far
Iteration 64010: max relative diff=1.000000, 1075.61 sec so far
Iteration 64983: max relative diff=1.000000, 1080.62 sec so far
Iteration 65919: max relative diff=1.000000, 1085.62 sec so far
Iteration 66874: max relative diff=1.000000, 1090.62 sec so far
Iteration 67834: max relative diff=1.000000, 1095.62 sec so far
Iteration 68771: max relative diff=1.000000, 1100.63 sec so far
Iteration 69744: max relative diff=1.000000, 1105.63 sec so far
Iteration 70695: max relative diff=1.000000, 1110.63 sec so far
Iteration 71641: max relative diff=1.000000, 1115.64 sec so far
Iteration 72613: max relative diff=1.000000, 1120.64 sec so far
Iteration 73552: max relative diff=1.000000, 1125.65 sec so far
Iteration 74510: max relative diff=1.000000, 1130.65 sec so far
Iteration 75471: max relative diff=1.000000, 1135.65 sec so far
Iteration 76407: max relative diff=1.000000, 1140.66 sec so far
Iteration 77377: max relative diff=1.000000, 1145.66 sec so far
Iteration 78322: max relative diff=1.000000, 1150.66 sec so far
Iteration 79266: max relative diff=1.000000, 1155.67 sec so far
Iteration 80237: max relative diff=1.000000, 1160.67 sec so far
Iteration 81175: max relative diff=1.000000, 1165.68 sec so far
Iteration 82133: max relative diff=1.000000, 1170.68 sec so far
Iteration 82939: max relative diff=1.000000, 1175.69 sec so far
Iteration 83760: max relative diff=1.000000, 1180.69 sec so far
Iteration 84699: max relative diff=1.000000, 1185.69 sec so far
Iteration 85657: max relative diff=1.000000, 1190.70 sec so far
Iteration 86621: max relative diff=1.000000, 1195.71 sec so far
Iteration 87556: max relative diff=1.000000, 1200.71 sec so far
Iteration 88526: max relative diff=1.000000, 1205.71 sec so far
Iteration 89478: max relative diff=1.000000, 1210.71 sec so far
Iteration 90422: max relative diff=1.000000, 1215.71 sec so far
Iteration 91395: max relative diff=1.000000, 1220.72 sec so far
Iteration 92333: max relative diff=1.000000, 1225.72 sec so far
Iteration 93291: max relative diff=1.000000, 1230.73 sec so far
Iteration 94255: max relative diff=1.000000, 1235.73 sec so far
Iteration 95190: max relative diff=1.000000, 1240.74 sec so far
Iteration 96161: max relative diff=1.000000, 1245.74 sec so far
Iteration 97113: max relative diff=1.000000, 1250.74 sec so far
Iteration 98056: max relative diff=1.000000, 1255.74 sec so far
Iteration 98610: max relative diff=0.094332, 1260.74 sec so far
Iteration 98999: max relative diff=0.090234, 1265.75 sec so far
Iteration 99427: max relative diff=0.085930, 1270.75 sec so far
Iteration 99870: max relative diff=0.081692, 1275.76 sec so far
Iteration 100314: max relative diff=0.077653, 1280.77 sec so far
Iteration 100758: max relative diff=0.073815, 1285.77 sec so far
Iteration 101190: max relative diff=0.070262, 1290.78 sec so far
Iteration 101624: max relative diff=0.066865, 1295.79 sec so far
Iteration 102047: max relative diff=0.063712, 1300.79 sec so far
Iteration 102484: max relative diff=0.060611, 1305.80 sec so far
Iteration 102913: max relative diff=0.057714, 1310.81 sec so far
Iteration 103340: max relative diff=0.054967, 1315.82 sec so far
Iteration 103778: max relative diff=0.052286, 1320.83 sec so far
Iteration 104202: max relative diff=0.049815, 1325.84 sec so far
Iteration 104632: max relative diff=0.047428, 1330.84 sec so far
Iteration 105066: max relative diff=0.045135, 1335.85 sec so far
Iteration 105488: max relative diff=0.043012, 1340.86 sec so far
Iteration 105925: max relative diff=0.040919, 1345.86 sec so far
Iteration 106354: max relative diff=0.038963, 1350.87 sec so far
Iteration 106780: max relative diff=0.037113, 1355.87 sec so far
Iteration 107219: max relative diff=0.035298, 1360.89 sec so far
Iteration 107643: max relative diff=0.033630, 1365.90 sec so far
Iteration 108075: max relative diff=0.032011, 1370.90 sec so far
Iteration 108510: max relative diff=0.030460, 1375.91 sec so far
Iteration 108932: max relative diff=0.029027, 1380.92 sec so far
Iteration 109369: max relative diff=0.027615, 1385.93 sec so far
Iteration 109798: max relative diff=0.026295, 1390.94 sec so far
Iteration 110224: max relative diff=0.025046, 1395.95 sec so far
Iteration 110663: max relative diff=0.023822, 1400.96 sec so far
Iteration 111087: max relative diff=0.022696, 1405.96 sec so far
Iteration 111518: max relative diff=0.021606, 1410.97 sec so far
Iteration 111953: max relative diff=0.020559, 1415.98 sec so far
Iteration 112376: max relative diff=0.019590, 1420.99 sec so far
Iteration 112812: max relative diff=0.018638, 1425.99 sec so far
Iteration 113243: max relative diff=0.017743, 1431.00 sec so far
Iteration 113668: max relative diff=0.016903, 1436.01 sec so far
Iteration 114107: max relative diff=0.016076, 1441.02 sec so far
Iteration 114532: max relative diff=0.015315, 1446.03 sec so far
Iteration 114962: max relative diff=0.014581, 1451.04 sec so far
Iteration 115397: max relative diff=0.013875, 1456.04 sec so far
Iteration 115819: max relative diff=0.013222, 1461.05 sec so far
Iteration 116255: max relative diff=0.012580, 1466.05 sec so far
Iteration 116685: max relative diff=0.011977, 1471.06 sec so far
Iteration 117112: max relative diff=0.011407, 1476.06 sec so far
Iteration 117550: max relative diff=0.010851, 1481.07 sec so far
Iteration 117969: max relative diff=0.010344, 1486.07 sec so far
Iteration 118396: max relative diff=0.009852, 1491.07 sec so far
Iteration 118831: max relative diff=0.009374, 1496.08 sec so far
Iteration 119253: max relative diff=0.008933, 1501.09 sec so far
Iteration 119689: max relative diff=0.008499, 1506.10 sec so far
Iteration 120118: max relative diff=0.008093, 1511.10 sec so far
Iteration 120544: max relative diff=0.007709, 1516.10 sec so far
Iteration 120982: max relative diff=0.007333, 1521.11 sec so far
Iteration 121406: max relative diff=0.006986, 1526.11 sec so far
Iteration 121836: max relative diff=0.006652, 1531.12 sec so far
Iteration 122271: max relative diff=0.006329, 1536.12 sec so far
Iteration 122693: max relative diff=0.006031, 1541.12 sec so far
Iteration 123129: max relative diff=0.005739, 1546.13 sec so far
Iteration 123559: max relative diff=0.005464, 1551.13 sec so far
Iteration 123986: max relative diff=0.005204, 1556.14 sec so far
Iteration 124424: max relative diff=0.004950, 1561.15 sec so far
Iteration 124849: max relative diff=0.004715, 1566.15 sec so far
Iteration 125278: max relative diff=0.004490, 1571.16 sec so far
Iteration 125714: max relative diff=0.004272, 1576.16 sec so far
Iteration 126136: max relative diff=0.004071, 1581.17 sec so far
Iteration 126572: max relative diff=0.003873, 1586.18 sec so far
Iteration 127002: max relative diff=0.003688, 1591.19 sec so far
Iteration 127427: max relative diff=0.003513, 1596.19 sec so far
Iteration 127865: max relative diff=0.003342, 1601.20 sec so far
Iteration 128290: max relative diff=0.003183, 1606.21 sec so far
Iteration 128720: max relative diff=0.003031, 1611.22 sec so far
Iteration 129155: max relative diff=0.002884, 1616.22 sec so far
Iteration 129577: max relative diff=0.002748, 1621.23 sec so far
Iteration 130012: max relative diff=0.002615, 1626.23 sec so far
Iteration 130442: max relative diff=0.002490, 1631.24 sec so far
Iteration 130866: max relative diff=0.002372, 1636.25 sec so far
Iteration 131304: max relative diff=0.002256, 1641.25 sec so far
Iteration 131729: max relative diff=0.002150, 1646.26 sec so far
Iteration 132160: max relative diff=0.002046, 1651.27 sec so far
Iteration 132595: max relative diff=0.001947, 1656.28 sec so far
Iteration 133017: max relative diff=0.001856, 1661.28 sec so far
Iteration 133453: max relative diff=0.001765, 1666.29 sec so far
Iteration 133883: max relative diff=0.001681, 1671.29 sec so far
Iteration 134308: max relative diff=0.001601, 1676.30 sec so far
Iteration 134746: max relative diff=0.001523, 1681.31 sec so far
Iteration 135171: max relative diff=0.001451, 1686.31 sec so far
Iteration 135600: max relative diff=0.001382, 1691.32 sec so far
Iteration 136036: max relative diff=0.001315, 1696.33 sec so far
Iteration 136458: max relative diff=0.001253, 1701.34 sec so far
Iteration 136893: max relative diff=0.001192, 1706.34 sec so far
Iteration 137323: max relative diff=0.001135, 1711.34 sec so far
Iteration 137747: max relative diff=0.001081, 1716.35 sec so far
Iteration 138185: max relative diff=0.001029, 1721.35 sec so far
Iteration 138610: max relative diff=0.000980, 1726.36 sec so far
Iteration 139040: max relative diff=0.000933, 1731.36 sec so far
Iteration 139476: max relative diff=0.000888, 1736.37 sec so far
Iteration 139898: max relative diff=0.000846, 1741.37 sec so far
Iteration 140334: max relative diff=0.000805, 1746.38 sec so far
Iteration 140764: max relative diff=0.000766, 1751.39 sec so far
Iteration 141189: max relative diff=0.000730, 1756.40 sec so far
Iteration 141628: max relative diff=0.000694, 1761.41 sec so far
Iteration 142053: max relative diff=0.000661, 1766.41 sec so far
Iteration 142484: max relative diff=0.000630, 1771.42 sec so far
Iteration 142920: max relative diff=0.000599, 1776.43 sec so far
Iteration 143343: max relative diff=0.000571, 1781.44 sec so far
Iteration 143778: max relative diff=0.000543, 1786.44 sec so far
Iteration 144209: max relative diff=0.000517, 1791.45 sec so far
Iteration 144634: max relative diff=0.000493, 1796.45 sec so far
Iteration 145073: max relative diff=0.000468, 1801.46 sec so far
Iteration 145498: max relative diff=0.000446, 1806.46 sec so far
Iteration 145927: max relative diff=0.000425, 1811.46 sec so far
Iteration 146364: max relative diff=0.000404, 1816.47 sec so far
Iteration 146786: max relative diff=0.000385, 1821.48 sec so far
Iteration 147221: max relative diff=0.000367, 1826.48 sec so far
Iteration 147653: max relative diff=0.000349, 1831.49 sec so far
Iteration 148077: max relative diff=0.000332, 1836.50 sec so far
Iteration 148515: max relative diff=0.000316, 1841.51 sec so far
Iteration 148941: max relative diff=0.000301, 1846.52 sec so far
Iteration 149372: max relative diff=0.000287, 1851.53 sec so far
Iteration 149809: max relative diff=0.000273, 1856.53 sec so far
Iteration 150232: max relative diff=0.000260, 1861.55 sec so far
Iteration 150668: max relative diff=0.000247, 1866.55 sec so far
Iteration 151098: max relative diff=0.000235, 1871.55 sec so far
Iteration 151523: max relative diff=0.000224, 1876.56 sec so far
Iteration 151962: max relative diff=0.000213, 1881.57 sec so far
Iteration 152388: max relative diff=0.000203, 1886.58 sec so far
Iteration 152818: max relative diff=0.000193, 1891.59 sec so far
Iteration 153255: max relative diff=0.000184, 1896.60 sec so far
Iteration 153678: max relative diff=0.000175, 1901.61 sec so far
Iteration 154114: max relative diff=0.000167, 1906.62 sec so far
Iteration 154546: max relative diff=0.000159, 1911.62 sec so far
Iteration 154972: max relative diff=0.000151, 1916.63 sec so far
Iteration 155411: max relative diff=0.000144, 1921.64 sec so far
Iteration 155837: max relative diff=0.000137, 1926.65 sec so far
Iteration 156267: max relative diff=0.000131, 1931.65 sec so far
Iteration 156704: max relative diff=0.000124, 1936.66 sec so far
Iteration 157128: max relative diff=0.000118, 1941.67 sec so far
Iteration 157564: max relative diff=0.000113, 1946.67 sec so far
Iteration 157998: max relative diff=0.000107, 1951.68 sec so far
Iteration 158424: max relative diff=0.000102, 1956.69 sec so far
Iteration 158864: max relative diff=0.000097, 1961.70 sec so far
Iteration 159292: max relative diff=0.000092, 1966.71 sec so far
Iteration 159722: max relative diff=0.000088, 1971.71 sec so far
Iteration 160161: max relative diff=0.000084, 1976.72 sec so far
Iteration 160585: max relative diff=0.000080, 1981.73 sec so far
Iteration 161021: max relative diff=0.000076, 1986.74 sec so far
Iteration 161453: max relative diff=0.000072, 1991.74 sec so far
Iteration 161879: max relative diff=0.000069, 1996.74 sec so far
Iteration 162320: max relative diff=0.000065, 2001.75 sec so far
Iteration 162748: max relative diff=0.000062, 2006.76 sec so far
Iteration 163177: max relative diff=0.000059, 2011.76 sec so far
Iteration 163616: max relative diff=0.000056, 2016.77 sec so far
Iteration 164041: max relative diff=0.000054, 2021.78 sec so far
Iteration 164479: max relative diff=0.000051, 2026.79 sec so far
Iteration 164913: max relative diff=0.000049, 2031.80 sec so far
Iteration 165337: max relative diff=0.000046, 2036.80 sec so far
Iteration 165778: max relative diff=0.000044, 2041.81 sec so far
Iteration 166209: max relative diff=0.000042, 2046.81 sec so far
Iteration 166640: max relative diff=0.000040, 2051.81 sec so far
Iteration 167079: max relative diff=0.000038, 2056.82 sec so far
Iteration 167505: max relative diff=0.000036, 2061.82 sec so far
Iteration 167943: max relative diff=0.000034, 2066.83 sec so far
Iteration 168378: max relative diff=0.000033, 2071.84 sec so far
Iteration 168805: max relative diff=0.000031, 2076.84 sec so far
Iteration 169246: max relative diff=0.000030, 2081.85 sec so far
Iteration 169680: max relative diff=0.000028, 2086.86 sec so far
Iteration 170112: max relative diff=0.000027, 2091.87 sec so far
Iteration 170555: max relative diff=0.000026, 2096.88 sec so far
Iteration 170984: max relative diff=0.000024, 2101.89 sec so far
Iteration 171423: max relative diff=0.000023, 2106.89 sec so far
Iteration 171862: max relative diff=0.000022, 2111.89 sec so far
Iteration 172294: max relative diff=0.000021, 2116.89 sec so far
Iteration 172732: max relative diff=0.000020, 2121.90 sec so far
Iteration 173166: max relative diff=0.000019, 2126.91 sec so far
Iteration 173605: max relative diff=0.000018, 2131.91 sec so far
Iteration 174042: max relative diff=0.000017, 2136.92 sec so far
Iteration 174477: max relative diff=0.000016, 2141.92 sec so far
Iteration 174911: max relative diff=0.000016, 2146.93 sec so far
Iteration 175358: max relative diff=0.000015, 2151.94 sec so far
Iteration 175781: max relative diff=0.000014, 2156.94 sec so far
Iteration 176235: max relative diff=0.000013, 2161.94 sec so far
Iteration 176663: max relative diff=0.000013, 2166.95 sec so far
Iteration 177112: max relative diff=0.000012, 2171.96 sec so far
Iteration 177549: max relative diff=0.000012, 2176.97 sec so far
Iteration 177998: max relative diff=0.000011, 2181.97 sec so far
Iteration 178431: max relative diff=0.000010, 2186.97 sec so far
Iteration 178863: max relative diff=0.000010, 2191.98 sec so far
Iteration 179320: max relative diff=0.000009, 2196.98 sec so far
Iteration 179758: max relative diff=0.000009, 2201.98 sec so far
Iteration 180185: max relative diff=0.000009, 2206.99 sec so far
Iteration 180658: max relative diff=0.000008, 2212.00 sec so far
Iteration 181096: max relative diff=0.000008, 2217.01 sec so far
Iteration 181518: max relative diff=0.000007, 2222.02 sec so far
Iteration 182016: max relative diff=0.000007, 2227.03 sec so far
Iteration 182448: max relative diff=0.000007, 2232.04 sec so far
Iteration 182871: max relative diff=0.000006, 2237.05 sec so far
Iteration 183309: max relative diff=0.000006, 2242.05 sec so far
Iteration 183736: max relative diff=0.000006, 2247.06 sec so far
Iteration 184261: max relative diff=0.000005, 2252.07 sec so far
Iteration 184699: max relative diff=0.000005, 2257.08 sec so far
Iteration 185122: max relative diff=0.000005, 2262.08 sec so far
Iteration 185556: max relative diff=0.000005, 2267.09 sec so far
Iteration 185990: max relative diff=0.000004, 2272.10 sec so far
Iteration 186566: max relative diff=0.000004, 2277.10 sec so far
Iteration 187005: max relative diff=0.000004, 2282.11 sec so far
Iteration 187433: max relative diff=0.000004, 2287.12 sec so far
Iteration 187860: max relative diff=0.000004, 2292.13 sec so far
Iteration 188299: max relative diff=0.000003, 2297.14 sec so far
Iteration 188721: max relative diff=0.000003, 2302.14 sec so far
Iteration 189154: max relative diff=0.000003, 2307.14 sec so far
Iteration 189589: max relative diff=1.000000, 2312.15 sec so far
Iteration 190308: max relative diff=0.000003, 2317.15 sec so far
Iteration 190747: max relative diff=0.000003, 2322.16 sec so far
Iteration 191175: max relative diff=0.000002, 2327.16 sec so far
Iteration 191602: max relative diff=0.000002, 2332.16 sec so far
Iteration 192041: max relative diff=0.000002, 2337.17 sec so far
Iteration 192466: max relative diff=0.000002, 2342.18 sec so far
Iteration 192898: max relative diff=0.000002, 2347.18 sec so far
Iteration 193330: max relative diff=0.000002, 2352.19 sec so far
Iteration 193752: max relative diff=0.000002, 2357.19 sec so far
Iteration 194192: max relative diff=0.000002, 2362.20 sec so far
Iteration 194620: max relative diff=0.000002, 2367.20 sec so far
Iteration 195194: max relative diff=1.000000, 2372.21 sec so far
Iteration 196167: max relative diff=1.000000, 2377.21 sec so far
Iteration 196748: max relative diff=0.000001, 2382.22 sec so far
Iteration 197180: max relative diff=0.000001, 2387.22 sec so far
Iteration 197613: max relative diff=0.000001, 2392.22 sec so far
Iteration 198035: max relative diff=0.000001, 2397.23 sec so far
Iteration 198473: max relative diff=0.000001, 2402.24 sec so far
Iteration 198901: max relative diff=0.000001, 2407.25 sec so far
Iteration 199328: max relative diff=0.000001, 2412.25 sec so far
Max relative diff between upper and lower bound on convergence: 9.9992E-07
LowItr:199437 , UpItr:223729  

Iterative method: 199418 iterations in 2413.32 seconds (average 0.012102, setup 0.20)
Maximum finite value in solution vector at end of interval iteration: 64834.99999963626

Value in the initial state: 64826.99999963626

Time for model checking: 2414.869 seconds.

Result: 64826.99999963626 (value in the initial state)

---------------------------------------------------------------------

Note: There were 2 warnings during computation.

