PRISM
=====

Version: 4.4
Date: Mon Feb 15 10:24:59 IRST 2021
Hostname: sadegh-H81M-S2PH
Memory limits: cudd=1g, java(heap)=910.5m
Command line: prism ../../examples/mdps/consensus/coin4.nm ../../examples/mdps/consensus/steps_max.pctl -s '-ii:upper=1.2e+12' -const K=10 -maxiters 9000300 -improvedbk

Parsing model file "../../examples/mdps/consensus/coin4.nm"...

Parsing properties file "../../examples/mdps/consensus/steps_max.pctl"...

1 property:
(1) "steps_max": R{"steps"}max=? [ F "finished" ]

Type:        MDP
Modules:     process1 process2 process3 process4 
Variables:   counter pc1 coin1 pc2 coin2 pc3 coin3 pc4 coin4 

---------------------------------------------------------------------

Model checking: "steps_max": R{"steps"}max=? [ F "finished" ]
Model constants: K=10

Warning: Not Switching to explicit engine, We implemented the emthods for sparse engine.

Building model...
Model constants: K=10

Computing reachable states...

Reachability (BFS): 483 iterations in 0.06 seconds (average 0.000116, setup 0.00)

Time for model construction: 0.101 seconds.

Type:        MDP
States:      104576 (1 initial)
Transitions: 351712
Choices:     281728

Transition matrix: 2384 nodes (3 terminal), 351712 minterms, vars: 19r/19c/4nd

Prob0E: 138 iterations in 0.12 seconds (average 0.000884, setup 0.00)

Prob1A: 1 iterations in 0.00 seconds (average 0.001000, setup 0.00)

goal = 64, inf = 0, maybe = 104512

Warning: Upper bound for interval iteration manually set to 1.2E12

Computing remaining rewards...
 7
Building sparse matrix (transitions)... [n=104576, nc=281664, nnz=351648, k=4] [5.5 MB]
Building sparse matrix (transition rewards)... [n=104576, nc=281664, nnz=0, k=4] [1.5 MB]
Creating vector for state rewards... [817.0 KB]
Creating vector for inf... [817.0 KB]
Creating vector for lower bounds... [817.0 KB]
Creating vector for upper bounds... [817.0 KB]
Allocating iteration vectors... [4 x 817.0 KB]
TOTAL: [13.4 MB]

Starting iterations (interval iteration)...

 Time for pre-computation: 0.054000 Iteration 3517: max relative diff=0.069587, 4.95 sec so far
Iteration 6971: max relative diff=0.000696, 9.95 sec so far
Iteration 10548: max relative diff=0.000006, 14.95 sec so far

First round (updates from below) finished after 11882 iters.
Correctness of the approximated above vector satisfied after 1 iterations.
Iteration 13738: max relative diff=0.064294, 19.95 sec so far
Iteration 16778: max relative diff=0.001143, 24.95 sec so far
Iteration 19860: max relative diff=0.000019, 29.95 sec so far

Second round (updates from above) finished after 22091 iters.
Update from both sides... 
Iteration 22820: max relative diff=0.000570, 34.96 sec so far
Iteration 25811: max relative diff=0.000011, 39.96 sec so far
Max relative diff between upper and lower bound on convergence: 0

Number of iterations for the lower bound = 17386

Iterative method: 27595 iterations in 43.06 seconds (average 0.001560, setup 0.07)
Maximum finite value in solution vector at end of interval iteration: 5555.000000012056

Value in the initial state: 5547.000000012056

Time for model checking: 43.539 seconds.

Result: 5547.000000012056 (value in the initial state)

---------------------------------------------------------------------

Note: There were 2 warnings during computation.

