PRISM
=====

Version: 4.4
Date: Mon Feb 15 10:57:31 IRST 2021
Hostname: sadegh-H81M-S2PH
Memory limits: cudd=1g, java(heap)=3.9g
Command line: prism ../../examples/mdps/consensus/coin4.nm ../../examples/mdps/consensus/steps_max.pctl -s -improvedbk -maxiters 42884 -const K=16 -javamaxmem 4500m -epsilon 1e-10

Parsing model file "../../examples/mdps/consensus/coin4.nm"...

Parsing properties file "../../examples/mdps/consensus/steps_max.pctl"...

1 property:
(1) "steps_max": R{"steps"}max=? [ F "finished" ]

Type:        MDP
Modules:     process1 process2 process3 process4 
Variables:   counter pc1 coin1 pc2 coin2 pc3 coin3 pc4 coin4 

---------------------------------------------------------------------

Model checking: "steps_max": R{"steps"}max=? [ F "finished" ]
Model constants: K=16

Warning: Not Switching to explicit engine, We implemented the emthods for sparse engine.

Building model...
Model constants: K=16

Computing reachable states...

Reachability (BFS): 771 iterations in 0.10 seconds (average 0.000127, setup 0.00)

Time for model construction: 0.169 seconds.

Type:        MDP
States:      166016 (1 initial)
Transitions: 559072
Choices:     447616

Transition matrix: 2432 nodes (3 terminal), 559072 minterms, vars: 20r/20c/4nd

Prob0E: 210 iterations in 0.16 seconds (average 0.000748, setup 0.00)

Prob1A: 1 iterations in 0.00 seconds (average 0.001000, setup 0.00)

goal = 64, inf = 0, maybe = 165952

Computing remaining rewards...

Building sparse matrix (transitions)... [n=166016, nc=447552, nnz=559008, k=4] [8.7 MB]
Building sparse matrix (transition rewards)... [n=166016, nc=447552, nnz=0, k=4] [2.3 MB]
Creating vector for state rewards... [1.3 MB]
Creating vector for inf... [1.3 MB]
Creating vector for lower bounds... [1.3 MB]
Creating vector for upper bounds... [1.3 MB]
Allocating iteration vectors... [4 x 1.3 MB]
TOTAL: [21.2 MB]

Starting iterations (interval iteration)...

 Time for pre-computation: 0.140000 Iteration 2179: max relative diff=2.292307, 4.86 sec so far
Iteration 4384: max relative diff=0.682411, 9.86 sec so far
Iteration 6614: max relative diff=0.200375, 14.86 sec so far
Iteration 8885: max relative diff=0.057525, 19.87 sec so far
Iteration 10999: max relative diff=0.018003, 24.87 sec so far
Iteration 12785: max relative diff=0.006747, 29.87 sec so far
Iteration 14842: max relative diff=0.002179, 34.87 sec so far
Iteration 17117: max relative diff=0.000624, 39.87 sec so far
Iteration 19311: max relative diff=0.000187, 44.88 sec so far
Iteration 21570: max relative diff=0.000054, 49.88 sec so far
Iteration 23812: max relative diff=0.000016, 54.88 sec so far
Iteration 26005: max relative diff=0.000005, 59.88 sec so far
Iteration 28284: max relative diff=0.000001, 64.88 sec so far
Iteration 30497: max relative diff=0.000000, 69.88 sec so far
Iteration 32734: max relative diff=0.000000, 74.89 sec so far
Iteration 34553: max relative diff=0.000000, 79.89 sec so far
Iteration 36519: max relative diff=0.000000, 84.89 sec so far
Iteration 38739: max relative diff=0.000000, 89.89 sec so far
Iteration 40970: max relative diff=0.000000, 94.89 sec so far

First round (updates from below) finished after 42883 iters.
Iterative method: 42883 iterations in 99.10 seconds (average 0.002311, setup 0.11)

Value in the initial state: 13466.999999195143

Time for model checking: 99.861 seconds.

Result: 13466.999999195143 (value in the initial state)

---------------------------------------------------------------------

Note: There was 1 warning during computation.

