PRISM
=====

Version: 4.4
Date: Mon Feb 15 11:17:02 IRST 2021
Hostname: sadegh-H81M-S2PH
Memory limits: cudd=1g, java(heap)=3.9g
Command line: prism ../../examples/mdps/consensus/coin4.nm ../../examples/mdps/consensus/steps_max.pctl -s '-ii:upper=16884' -asynchupper -maxiters 9000300 -const K=18 -javamaxmem 4500m

Parsing model file "../../examples/mdps/consensus/coin4.nm"...

Parsing properties file "../../examples/mdps/consensus/steps_max.pctl"...

1 property:
(1) "steps_max": R{"steps"}max=? [ F "finished" ]

Type:        MDP
Modules:     process1 process2 process3 process4 
Variables:   counter pc1 coin1 pc2 coin2 pc3 coin3 pc4 coin4 

---------------------------------------------------------------------

Model checking: "steps_max": R{"steps"}max=? [ F "finished" ]
Model constants: K=18

Warning: Not Switching to explicit engine, We implemented the emthods for sparse engine.

Building model...
Model constants: K=18

Computing reachable states...

Reachability (BFS): 867 iterations in 0.10 seconds (average 0.000115, setup 0.00)

Time for model construction: 0.179 seconds.

Type:        MDP
States:      186496 (1 initial)
Transitions: 628192
Choices:     502912

Transition matrix: 2432 nodes (3 terminal), 628192 minterms, vars: 20r/20c/4nd

Prob0E: 234 iterations in 0.17 seconds (average 0.000714, setup 0.00)

Prob1A: 1 iterations in 0.00 seconds (average 0.000000, setup 0.00)

goal = 64, inf = 0, maybe = 186432

Warning: Upper bound for interval iteration manually set to 16884.0

Computing remaining rewards...
 10
Building sparse matrix (transitions)... [n=186496, nc=502848, nnz=628128, k=4] [9.8 MB]
Building sparse matrix (transition rewards)... [n=186496, nc=502848, nnz=0, k=4] [2.6 MB]
Creating vector for state rewards... [1.4 MB]
Creating vector for inf... [1.4 MB]
Creating vector for lower bounds... [1.4 MB]
Creating vector for upper bounds... [1.4 MB]
Allocating iteration vectors... [4 x 1.4 MB]
TOTAL: [23.8 MB]

Starting iterations (interval iteration)...

Soln above finished after 32835 iterations, while flag is True.

Checking for lower bound passed after 19 iterations.Iteration 1: max relative diff=1.000000, 96.34 sec so far
Iteration 1843: max relative diff=1.000000, 101.35 sec so far
Iteration 3739: max relative diff=1.000000, 106.35 sec so far
Iteration 5567: max relative diff=1.000000, 111.35 sec so far
Iteration 7433: max relative diff=1.000000, 116.35 sec so far
Iteration 9303: max relative diff=1.000000, 121.35 sec so far
Iteration 11127: max relative diff=1.000000, 126.35 sec so far
Iteration 13018: max relative diff=1.000000, 131.36 sec so far
Iteration 14662: max relative diff=1.000000, 136.36 sec so far
Iteration 16226: max relative diff=1.000000, 141.36 sec so far
Iteration 18002: max relative diff=1.000000, 146.36 sec so far
Iteration 19891: max relative diff=1.000000, 151.36 sec so far
Iteration 21752: max relative diff=1.000000, 156.37 sec so far
Iteration 23596: max relative diff=1.000000, 161.37 sec so far
Iteration 25490: max relative diff=1.000000, 166.37 sec so far
Iteration 26386: max relative diff=0.017803, 171.38 sec so far
Iteration 27235: max relative diff=0.012268, 176.38 sec so far
Iteration 28088: max relative diff=0.008440, 181.38 sec so far
Iteration 28918: max relative diff=0.005865, 186.38 sec so far
Iteration 29776: max relative diff=0.004026, 191.39 sec so far
Iteration 30622: max relative diff=0.002778, 196.39 sec so far
Iteration 31459: max relative diff=0.001924, 201.39 sec so far
Iteration 32323: max relative diff=0.001318, 206.40 sec so far
Iteration 33156: max relative diff=0.000914, 211.40 sec so far
Iteration 34004: max relative diff=0.000630, 216.40 sec so far
Iteration 34858: max relative diff=0.000433, 221.40 sec so far
Iteration 35690: max relative diff=0.000301, 226.41 sec so far
Iteration 36548: max relative diff=0.000207, 231.41 sec so far
Iteration 37393: max relative diff=0.000143, 236.41 sec so far
Iteration 38231: max relative diff=0.000099, 241.42 sec so far
Iteration 39093: max relative diff=0.000068, 246.42 sec so far
Iteration 39928: max relative diff=0.000047, 251.43 sec so far
Iteration 40776: max relative diff=0.000032, 256.43 sec so far
Iteration 41632: max relative diff=0.000022, 261.43 sec so far
Iteration 42462: max relative diff=0.000015, 266.44 sec so far
Iteration 43322: max relative diff=0.000011, 271.44 sec so far
Iteration 44166: max relative diff=0.000007, 276.44 sec so far
Iteration 45009: max relative diff=0.000005, 281.44 sec so far
Iteration 45878: max relative diff=0.000003, 286.45 sec so far
Iteration 46721: max relative diff=0.000002, 291.45 sec so far
Iteration 47587: max relative diff=0.000002, 296.45 sec so far
Iteration 48454: max relative diff=0.000001, 301.46 sec so far
Max relative diff between upper and lower bound on convergence: 9.99677E-07
LowItr:48735 , UpItr:55836  

Iterative method: 48716 iterations in 302.95 seconds (average 0.006219, setup 0.11)
Maximum finite value in solution vector at end of interval iteration: 16882.99999959649

Value in the initial state: 16874.99999959649

Time for model checking: 303.59 seconds.

Result: 16874.99999959649 (value in the initial state)

---------------------------------------------------------------------

Note: There were 2 warnings during computation.

