PRISM
=====

Version: 4.4
Date: Mon Feb 15 10:21:53 IRST 2021
Hostname: sadegh-H81M-S2PH
Memory limits: cudd=1g, java(heap)=3.9g
Command line: prism ../../examples/mdps/consensus/coin4.nm ../../examples/mdps/consensus/steps_max.pctl -s '-ii:upper=5556' -asynchupper -maxiters 9000300 -const K=10 -javamaxmem 4500m

Parsing model file "../../examples/mdps/consensus/coin4.nm"...

Parsing properties file "../../examples/mdps/consensus/steps_max.pctl"...

1 property:
(1) "steps_max": R{"steps"}max=? [ F "finished" ]

Type:        MDP
Modules:     process1 process2 process3 process4 
Variables:   counter pc1 coin1 pc2 coin2 pc3 coin3 pc4 coin4 

---------------------------------------------------------------------

Model checking: "steps_max": R{"steps"}max=? [ F "finished" ]
Model constants: K=10

Warning: Not Switching to explicit engine, We implemented the emthods for sparse engine.

Building model...
Model constants: K=10

Computing reachable states...

Reachability (BFS): 483 iterations in 0.05 seconds (average 0.000108, setup 0.00)

Time for model construction: 0.09 seconds.

Type:        MDP
States:      104576 (1 initial)
Transitions: 351712
Choices:     281728

Transition matrix: 2384 nodes (3 terminal), 351712 minterms, vars: 19r/19c/4nd

Prob0E: 138 iterations in 0.11 seconds (average 0.000790, setup 0.00)

Prob1A: 1 iterations in 0.00 seconds (average 0.001000, setup 0.00)

goal = 64, inf = 0, maybe = 104512

Warning: Upper bound for interval iteration manually set to 5556.0

Computing remaining rewards...
 10
Building sparse matrix (transitions)... [n=104576, nc=281664, nnz=351648, k=4] [5.5 MB]
Building sparse matrix (transition rewards)... [n=104576, nc=281664, nnz=0, k=4] [1.5 MB]
Creating vector for state rewards... [817.0 KB]
Creating vector for inf... [817.0 KB]
Creating vector for lower bounds... [817.0 KB]
Creating vector for upper bounds... [817.0 KB]
Allocating iteration vectors... [4 x 817.0 KB]
TOTAL: [13.4 MB]

Starting iterations (interval iteration)...

Soln above finished after 10883 iterations, while flag is True.

Checking for lower bound passed after 19 iterations.Iteration 1: max relative diff=1.000000, 17.94 sec so far
Iteration 3111: max relative diff=1.000000, 22.95 sec so far
Iteration 6218: max relative diff=1.000000, 27.95 sec so far
Iteration 8872: max relative diff=0.004444, 32.95 sec so far
Iteration 10402: max relative diff=0.000579, 37.95 sec so far
Iteration 11934: max relative diff=0.000075, 42.95 sec so far
Iteration 13468: max relative diff=0.000010, 47.95 sec so far
Iteration 14999: max relative diff=0.000001, 52.96 sec so far
Max relative diff between upper and lower bound on convergence: 9.98806E-07
LowItr:15196 , UpItr:17652  

Iterative method: 15177 iterations in 53.55 seconds (average 0.003528, setup 0.07)
Maximum finite value in solution vector at end of interval iteration: 5554.999999596161

Value in the initial state: 5546.999999596161

Time for model checking: 53.866 seconds.

Result: 5546.999999596161 (value in the initial state)

---------------------------------------------------------------------

Note: There were 2 warnings during computation.

