PRISM
=====

Version: 4.4
Date: Mon Feb 15 10:35:33 IRST 2021
Hostname: sadegh-H81M-S2PH
Memory limits: cudd=1g, java(heap)=910.5m
Command line: prism ../../examples/mdps/consensus/coin4.nm ../../examples/mdps/consensus/steps_max.pctl -s '-ii:upper=1.2e+12' -const K=12 -maxiters 9000300 -asynchii

Parsing model file "../../examples/mdps/consensus/coin4.nm"...

Parsing properties file "../../examples/mdps/consensus/steps_max.pctl"...

1 property:
(1) "steps_max": R{"steps"}max=? [ F "finished" ]

Type:        MDP
Modules:     process1 process2 process3 process4 
Variables:   counter pc1 coin1 pc2 coin2 pc3 coin3 pc4 coin4 

---------------------------------------------------------------------

Model checking: "steps_max": R{"steps"}max=? [ F "finished" ]
Model constants: K=12

Warning: Not Switching to explicit engine, We implemented the emthods for sparse engine.

Building model...
Model constants: K=12

Computing reachable states...

Reachability (BFS): 579 iterations in 0.07 seconds (average 0.000124, setup 0.00)

Time for model construction: 0.126 seconds.

Type:        MDP
States:      125056 (1 initial)
Transitions: 420832
Choices:     337024

Transition matrix: 2388 nodes (3 terminal), 420832 minterms, vars: 19r/19c/4nd

Prob0E: 162 iterations in 0.13 seconds (average 0.000827, setup 0.00)

Prob1A: 1 iterations in 0.00 seconds (average 0.000000, setup 0.00)

goal = 64, inf = 0, maybe = 124992

Warning: Upper bound for interval iteration manually set to 1.2E12

Computing remaining rewards...
 8
Building sparse matrix (transitions)... [n=125056, nc=336960, nnz=420768, k=4] [6.6 MB]
Building sparse matrix (transition rewards)... [n=125056, nc=336960, nnz=0, k=4] [1.8 MB]
Creating vector for state rewards... [977.0 KB]
Creating vector for inf... [977.0 KB]
Creating vector for lower bounds... [977.0 KB]
Creating vector for upper bounds... [977.0 KB]
Allocating iteration vectors... [4 x 977.0 KB]
TOTAL: [16.0 MB]

Starting iterations (interval iteration)...

 Time for pre-computation	: 0.007000 
		 >> 124992 after 0 iters << 
Iteration 2317: max relative diff=170417406510.140198, 4.99 sec so far
Iteration 4608: max relative diff=19563372958.482605, 9.99 sec so far
Iteration 6927: max relative diff=2187184594.042772, 15.00 sec so far
Iteration 9272: max relative diff=238599631.809407, 20.00 sec so far
Iteration 11557: max relative diff=27553069.496201, 25.00 sec so far
Iteration 13905: max relative diff=3004106.561493, 30.00 sec so far
Iteration 16218: max relative diff=344680.139704, 35.01 sec so far
Iteration 18283: max relative diff=53431.504821, 40.01 sec so far
Iteration 19560: max relative diff=15984.089233, 45.01 sec so far
Iteration 20792: max relative diff=4988.601862, 50.01 sec so far
Iteration 22037: max relative diff=1537.921718, 55.01 sec so far
Iteration 23302: max relative diff=465.243953, 60.02 sec so far
Iteration 24525: max relative diff=146.442767, 65.02 sec so far
Iteration 25788: max relative diff=44.385050, 70.02 sec so far
Iteration 27037: max relative diff=13.631788, 75.02 sec so far
Iteration 28268: max relative diff=4.258515, 80.03 sec so far
Iteration 29543: max relative diff=1.276154, 85.03 sec so far
Iteration 30777: max relative diff=0.397538, 90.03 sec so far
Iteration 32023: max relative diff=0.122441, 95.03 sec so far
Iteration 33289: max relative diff=0.037006, 100.03 sec so far
Iteration 34513: max relative diff=0.011637, 105.04 sec so far
Iteration 35775: max relative diff=0.003530, 110.04 sec so far
Iteration 37024: max relative diff=0.001084, 115.04 sec so far
Iteration 38253: max relative diff=0.000339, 120.05 sec so far
Iteration 39525: max relative diff=0.000102, 125.05 sec so far
Iteration 40761: max relative diff=0.000032, 130.05 sec so far
Iteration 42003: max relative diff=0.000010, 135.05 sec so far
Iteration 43271: max relative diff=0.000003, 140.06 sec so far
Max relative diff between upper and lower bound on convergence: 9.994E-07
LowItr:26518 , UpItr:44418 

Iterative method: 44419 iterations in 144.76 seconds (average 0.003259, setup 0.09)
Maximum finite value in solution vector at end of interval iteration: 7811.000000403359

Value in the initial state: 7803.000000403359

Time for model checking: 145.35 seconds.

Result: 7803.000000403359 (value in the initial state)

---------------------------------------------------------------------

Note: There were 2 warnings during computation.

