PRISM
=====

Version: 4.4
Date: Mon Feb 15 15:12:19 IRST 2021
Hostname: sadegh-H81M-S2PH
Memory limits: cudd=1g, java(heap)=910.5m
Command line: prism ../../examples/mdps/consensus/coin4.nm ../../examples/mdps/consensus/steps_max.pctl -s '-ii:upper=1.2e+12' -const K=26 -maxiters 9000300 -backward

Parsing model file "../../examples/mdps/consensus/coin4.nm"...

Parsing properties file "../../examples/mdps/consensus/steps_max.pctl"...

1 property:
(1) "steps_max": R{"steps"}max=? [ F "finished" ]

Type:        MDP
Modules:     process1 process2 process3 process4 
Variables:   counter pc1 coin1 pc2 coin2 pc3 coin3 pc4 coin4 

---------------------------------------------------------------------

Model checking: "steps_max": R{"steps"}max=? [ F "finished" ]
Model constants: K=26

Warning: Not Switching to explicit engine, We implemented the emthods for sparse engine.

Building model...
Model constants: K=26

Computing reachable states...

Reachability (BFS): 1251 iterations in 0.16 seconds (average 0.000125, setup 0.00)

Time for model construction: 0.297 seconds.

Type:        MDP
States:      268416 (1 initial)
Transitions: 904672
Choices:     724096

Transition matrix: 2436 nodes (3 terminal), 904672 minterms, vars: 20r/20c/4nd

Prob0E: 330 iterations in 0.22 seconds (average 0.000661, setup 0.00)

Prob1A: 1 iterations in 0.00 seconds (average 0.001000, setup 0.00)

goal = 64, inf = 0, maybe = 268352

Warning: Upper bound for interval iteration manually set to 1.2E12

Computing remaining rewards...
 6
Building sparse matrix (transitions)... [n=268416, nc=724032, nnz=904608, k=4] [14.1 MB]
Building sparse matrix (transition rewards)... [n=268416, nc=724032, nnz=0, k=4] [3.8 MB]
Creating vector for state rewards... [2.0 MB]
Creating vector for inf... [2.0 MB]
Creating vector for lower bounds... [2.0 MB]
Creating vector for upper bounds... [2.0 MB]
Allocating iteration vectors... [4 x 2.0 MB]
TOTAL: [34.3 MB]

Starting iterations (interval iteration)...

Time for state ordering: 0.014000


Iters: 500 , Maximum difference of values of bel_vec: 6.06017 & Maximum difference of values of abov_vec: 5.86702E+08 
Iters: 1000 , Maximum difference of values of bel_vec: 5.81682 & Maximum difference of values of abov_vec: 2.91718E+08 
Iters: 1500 , Maximum difference of values of bel_vec: 5.38531 & Maximum difference of values of abov_vec: 2.12884E+08 
Iters: 2000 , Maximum difference of values of bel_vec: 4.89834 & Maximum difference of values of abov_vec: 2.02835E+08 
Iters: 2500 , Maximum difference of values of bel_vec: 4.42202 & Maximum difference of values of abov_vec: 1.89234E+08 
Iters: 3000 , Maximum difference of values of bel_vec: 3.97944 & Maximum difference of values of abov_vec: 1.71798E+08 
Iters: 3500 , Maximum difference of values of bel_vec: 3.5764 & Maximum difference of values of abov_vec: 1.54339E+08 
Iters: 4000 , Maximum difference of values of bel_vec: 3.21239 & Maximum difference of values of abov_vec: 1.38081E+08 
Iters: 4500 , Maximum difference of values of bel_vec: 2.88475 & Maximum difference of values of abov_vec: 1.23874E+08 
Iters: 5000 , Maximum difference of values of bel_vec: 2.59026 & Maximum difference of values of abov_vec: 1.11306E+08 
Iters: 5500 , Maximum difference of values of bel_vec: 2.32574 & Maximum difference of values of abov_vec: 9.99703E+07 
Iters: 6000 , Maximum difference of values of bel_vec: 2.08819 & Maximum difference of values of abov_vec: 8.97736E+07 
Iters: 6500 , Maximum difference of values of bel_vec: 1.8749 & Maximum difference of values of abov_vec: 8.0611E+07 
Iters: 7000 , Maximum difference of values of bel_vec: 1.68338 & Maximum difference of values of abov_vec: 7.23812E+07 
Iters: 7500 , Maximum difference of values of bel_vec: 1.51143 & Maximum difference of values of abov_vec: 6.49908E+07 
Iters: 8000 , Maximum difference of values of bel_vec: 1.35704 & Maximum difference of values of abov_vec: 5.83546E+07 
Iters: 8500 , Maximum difference of values of bel_vec: 1.21842 & Maximum difference of values of abov_vec: 5.23959E+07 
Iters: 9000 , Maximum difference of values of bel_vec: 1.09396 & Maximum difference of values of abov_vec: 4.70456E+07 
Iters: 9500 , Maximum difference of values of bel_vec: 0.982209 & Maximum difference of values of abov_vec: 4.22416E+07 
Iters: 10000 , Maximum difference of values of bel_vec: 0.881878 & Maximum difference of values of abov_vec: 3.79282E+07 
Iters: 10500 , Maximum difference of values of bel_vec: 0.791795 & Maximum difference of values of abov_vec: 3.40552E+07 
Iters: 11000 , Maximum difference of values of bel_vec: 0.710913 & Maximum difference of values of abov_vec: 3.05778E+07 
Iters: 11500 , Maximum difference of values of bel_vec: 0.638294 & Maximum difference of values of abov_vec: 2.74554E+07 
Iters: 12000 , Maximum difference of values of bel_vec: 0.573093 & Maximum difference of values of abov_vec: 2.46518E+07 
Iters: 12500 , Maximum difference of values of bel_vec: 0.514552 & Maximum difference of values of abov_vec: 2.21345E+07 
Iters: 13000 , Maximum difference of values of bel_vec: 0.461991 & Maximum difference of values of abov_vec: 1.98743E+07 
Iters: 13500 , Maximum difference of values of bel_vec: 0.414799 & Maximum difference of values of abov_vec: 1.78449E+07 
Iters: 14000 , Maximum difference of values of bel_vec: 0.372427 & Maximum difference of values of abov_vec: 1.60227E+07 
Iters: 14500 , Maximum difference of values of bel_vec: 0.334384 & Maximum difference of values of abov_vec: 1.43865E+07 
Iters: 15000 , Maximum difference of values of bel_vec: 0.300227 & Maximum difference of values of abov_vec: 1.29175E+07 
Iters: 15500 , Maximum difference of values of bel_vec: 0.269559 & Maximum difference of values of abov_vec: 1.15984E+07 
Iters: 16000 , Maximum difference of values of bel_vec: 0.242024 & Maximum difference of values of abov_vec: 1.04141E+07 
Iters: 16500 , Maximum difference of values of bel_vec: 0.217301 & Maximum difference of values of abov_vec: 9.35067E+06 
Iters: 17000 , Maximum difference of values of bel_vec: 0.195104 & Maximum difference of values of abov_vec: 8.39584E+06 
Iters: 17500 , Maximum difference of values of bel_vec: 0.175175 & Maximum difference of values of abov_vec: 7.53851E+06 
Iters: 18000 , Maximum difference of values of bel_vec: 0.157281 & Maximum difference of values of abov_vec: 6.76873E+06 
Iters: 18500 , Maximum difference of values of bel_vec: 0.141215 & Maximum difference of values of abov_vec: 6.07755E+06 
Iters: 19000 , Maximum difference of values of bel_vec: 0.12679 & Maximum difference of values of abov_vec: 5.45695E+06 
Iters: 19500 , Maximum difference of values of bel_vec: 0.113838 & Maximum difference of values of abov_vec: 4.89973E+06 
Iters: 20000 , Maximum difference of values of bel_vec: 0.10221 & Maximum difference of values of abov_vec: 4.3994E+06 
Iters: 20500 , Maximum difference of values of bel_vec: 0.091769 & Maximum difference of values of abov_vec: 3.95016E+06 
Iters: 21000 , Maximum difference of values of bel_vec: 0.0823949 & Maximum difference of values of abov_vec: 3.5468E+06 
Iters: 21500 , Maximum difference of values of bel_vec: 0.0739783 & Maximum difference of values of abov_vec: 3.18462E+06 
Iters: 22000 , Maximum difference of values of bel_vec: 0.0664215 & Maximum difference of values of abov_vec: 2.85943E+06 
Iters: 22500 , Maximum difference of values of bel_vec: 0.0596366 & Maximum difference of values of abov_vec: 2.56744E+06 
Iters: 23000 , Maximum difference of values of bel_vec: 0.0535447 & Maximum difference of values of abov_vec: 2.30527E+06 
Iters: 23500 , Maximum difference of values of bel_vec: 0.0480752 & Maximum difference of values of abov_vec: 2.06988E+06 
Iters: 24000 , Maximum difference of values of bel_vec: 0.0431644 & Maximum difference of values of abov_vec: 1.85851E+06 
Iters: 24500 , Maximum difference of values of bel_vec: 0.0387551 & Maximum difference of values of abov_vec: 1.66873E+06 
Iters: 25000 , Maximum difference of values of bel_vec: 0.0347963 & Maximum difference of values of abov_vec: 1.49833E+06 
Iters: 25500 , Maximum difference of values of bel_vec: 0.0312419 & Maximum difference of values of abov_vec: 1.34533E+06 
Iters: 26000 , Maximum difference of values of bel_vec: 0.0280506 & Maximum difference of values of abov_vec: 1.20796E+06 
Iters: 26500 , Maximum difference of values of bel_vec: 0.0251852 & Maximum difference of values of abov_vec: 1.08461E+06 
Iters: 27000 , Maximum difference of values of bel_vec: 0.0226126 & Maximum difference of values of abov_vec: 973857 
Iters: 27500 , Maximum difference of values of bel_vec: 0.0203027 & Maximum difference of values of abov_vec: 874413 
Iters: 28000 , Maximum difference of values of bel_vec: 0.0182288 & Maximum difference of values of abov_vec: 785124 
Iters: 28500 , Maximum difference of values of bel_vec: 0.0163668 & Maximum difference of values of abov_vec: 704952 
Iters: 29000 , Maximum difference of values of bel_vec: 0.0146949 & Maximum difference of values of abov_vec: 632967 
Iters: 29500 , Maximum difference of values of bel_vec: 0.0131938 & Maximum difference of values of abov_vec: 568333 
Iters: 30000 , Maximum difference of values of bel_vec: 0.0118461 & Maximum difference of values of abov_vec: 510299 
Iters: 30500 , Maximum difference of values of bel_vec: 0.010636 & Maximum difference of values of abov_vec: 458190 
Iters: 31000 , Maximum difference of values of bel_vec: 0.00954957 & Maximum difference of values of abov_vec: 411403 
Iters: 31500 , Maximum difference of values of bel_vec: 0.00857409 & Maximum difference of values of abov_vec: 369393 
Iters: 32000 , Maximum difference of values of bel_vec: 0.00769825 & Maximum difference of values of abov_vec: 331673 
Iters: 32500 , Maximum difference of values of bel_vec: 0.00691188 & Maximum difference of values of abov_vec: 297805 
Iters: 33000 , Maximum difference of values of bel_vec: 0.00620584 & Maximum difference of values of abov_vec: 267395 
Iters: 33500 , Maximum difference of values of bel_vec: 0.00557192 & Maximum difference of values of abov_vec: 240091 
Iters: 34000 , Maximum difference of values of bel_vec: 0.00500275 & Maximum difference of values of abov_vec: 215574 
Iters: 34500 , Maximum difference of values of bel_vec: 0.00449172 & Maximum difference of values of abov_vec: 193561 
Iters: 35000 , Maximum difference of values of bel_vec: 0.0040329 & Maximum difference of values of abov_vec: 173796 
Iters: 35500 , Maximum difference of values of bel_vec: 0.00362094 & Maximum difference of values of abov_vec: 156049 
Iters: 36000 , Maximum difference of values of bel_vec: 0.00325106 & Maximum difference of values of abov_vec: 140114 
Iters: 36500 , Maximum difference of values of bel_vec: 0.00291897 & Maximum difference of values of abov_vec: 125807 
Iters: 37000 , Maximum difference of values of bel_vec: 0.0026208 & Maximum difference of values of abov_vec: 112960 
Iters: 37500 , Maximum difference of values of bel_vec: 0.00235309 & Maximum difference of values of abov_vec: 101426 
Iters: 38000 , Maximum difference of values of bel_vec: 0.00211272 & Maximum difference of values of abov_vec: 91068.7 
Iters: 38500 , Maximum difference of values of bel_vec: 0.00189691 & Maximum difference of values of abov_vec: 81769.4 
Iters: 39000 , Maximum difference of values of bel_vec: 0.00170314 & Maximum difference of values of abov_vec: 73419.6 
Iters: 39500 , Maximum difference of values of bel_vec: 0.00152917 & Maximum difference of values of abov_vec: 65922.5 
Iters: 40000 , Maximum difference of values of bel_vec: 0.00137296 & Maximum difference of values of abov_vec: 59190.9 
Iters: 40500 , Maximum difference of values of bel_vec: 0.00123272 & Maximum difference of values of abov_vec: 53146.8 
Iters: 41000 , Maximum difference of values of bel_vec: 0.0011068 & Maximum difference of values of abov_vec: 47719.8 
Iters: 41500 , Maximum difference of values of bel_vec: 0.000993737 & Maximum difference of values of abov_vec: 42846.9 
Iters: 42000 , Maximum difference of values of bel_vec: 0.000892227 & Maximum difference of values of abov_vec: 38471.7 
Iters: 42500 , Maximum difference of values of bel_vec: 0.000801087 & Maximum difference of values of abov_vec: 34543.2 
Iters: 43000 , Maximum difference of values of bel_vec: 0.000719257 & Maximum difference of values of abov_vec: 31015.9 
Iters: 43500 , Maximum difference of values of bel_vec: 0.000645785 & Maximum difference of values of abov_vec: 27848.8 
Iters: 44000 , Maximum difference of values of bel_vec: 0.000579819 & Maximum difference of values of abov_vec: 25005 
Iters: 44500 , Maximum difference of values of bel_vec: 0.000520591 & Maximum difference of values of abov_vec: 22451.7 
Iters: 45000 , Maximum difference of values of bel_vec: 0.000467413 & Maximum difference of values of abov_vec: 20159.1 
Iters: 45500 , Maximum difference of values of bel_vec: 0.000419667 & Maximum difference of values of abov_vec: 18100.6 
Iters: 46000 , Maximum difference of values of bel_vec: 0.000376798 & Maximum difference of values of abov_vec: 16252.3 
Iters: 46500 , Maximum difference of values of bel_vec: 0.000338309 & Maximum difference of values of abov_vec: 14592.7 
Iters: 47000 , Maximum difference of values of bel_vec: 0.000303751 & Maximum difference of values of abov_vec: 13102.6 
Iters: 47500 , Maximum difference of values of bel_vec: 0.000272723 & Maximum difference of values of abov_vec: 11764.6 
Iters: 48000 , Maximum difference of values of bel_vec: 0.000244864 & Maximum difference of values of abov_vec: 10563.3 
Iters: 48500 , Maximum difference of values of bel_vec: 0.000219852 & Maximum difference of values of abov_vec: 9484.66 
Iters: 49000 , Maximum difference of values of bel_vec: 0.000197394 & Maximum difference of values of abov_vec: 8516.15 
Iters: 49500 , Maximum difference of values of bel_vec: 0.00017723 & Maximum difference of values of abov_vec: 7646.53 
Iters: 50000 , Maximum difference of values of bel_vec: 0.000159126 & Maximum difference of values of abov_vec: 6865.72 
Iters: 50500 , Maximum difference of values of bel_vec: 0.000142872 & Maximum difference of values of abov_vec: 6164.64 
Iters: 51000 , Maximum difference of values of bel_vec: 0.000128278 & Maximum difference of values of abov_vec: 5535.15 
Iters: 51500 , Maximum difference of values of bel_vec: 0.000115174 & Maximum difference of values of abov_vec: 4969.94 
Iters: 52000 , Maximum difference of values of bel_vec: 0.000103409 & Maximum difference of values of abov_vec: 4462.44 
Iters: 52500 , Maximum difference of values of bel_vec: 9.2846E-05 & Maximum difference of values of abov_vec: 4006.77 
Iters: 53000 , Maximum difference of values of bel_vec: 8.33619E-05 & Maximum difference of values of abov_vec: 3597.62 
Iters: 53500 , Maximum difference of values of bel_vec: 7.48465E-05 & Maximum difference of values of abov_vec: 3230.26 
Iters: 54000 , Maximum difference of values of bel_vec: 6.7201E-05 & Maximum difference of values of abov_vec: 2900.4 
Iters: 54500 , Maximum difference of values of bel_vec: 6.03365E-05 & Maximum difference of values of abov_vec: 2604.23 
Iters: 55000 , Maximum difference of values of bel_vec: 5.41732E-05 & Maximum difference of values of abov_vec: 2338.31 
Iters: 55500 , Maximum difference of values of bel_vec: 4.86394E-05 & Maximum difference of values of abov_vec: 2099.54 
Iters: 56000 , Maximum difference of values of bel_vec: 4.36709E-05 & Maximum difference of values of abov_vec: 1885.14 
Iters: 56500 , Maximum difference of values of bel_vec: 3.921E-05 & Maximum difference of values of abov_vec: 1692.65 
Iters: 57000 , Maximum difference of values of bel_vec: 3.52047E-05 & Maximum difference of values of abov_vec: 1519.8 
Iters: 57500 , Maximum difference of values of bel_vec: 3.16086E-05 & Maximum difference of values of abov_vec: 1364.61 
Iters: 58000 , Maximum difference of values of bel_vec: 2.83798E-05 & Maximum difference of values of abov_vec: 1225.27 
Iters: 58500 , Maximum difference of values of bel_vec: 2.54808E-05 & Maximum difference of values of abov_vec: 1100.15 Iteration 58658: max relative diff=4935511.685264, 499.99 sec so far

Iters: 59000 , Maximum difference of values of bel_vec: 2.2878E-05 & Maximum difference of values of abov_vec: 987.811 
Iters: 59500 , Maximum difference of values of bel_vec: 2.0541E-05 & Maximum difference of values of abov_vec: 886.943 
Iters: 60000 , Maximum difference of values of bel_vec: 1.84428E-05 & Maximum difference of values of abov_vec: 796.374 
Iters: 60500 , Maximum difference of values of bel_vec: 1.65588E-05 & Maximum difference of values of abov_vec: 715.054 
Iters: 61000 , Maximum difference of values of bel_vec: 1.48674E-05 & Maximum difference of values of abov_vec: 642.037 
Iters: 61500 , Maximum difference of values of bel_vec: 1.33487E-05 & Maximum difference of values of abov_vec: 576.477 
Iters: 62000 , Maximum difference of values of bel_vec: 1.19851E-05 & Maximum difference of values of abov_vec: 517.611 
Iters: 62500 , Maximum difference of values of bel_vec: 1.07609E-05 & Maximum difference of values of abov_vec: 464.756 
Iters: 63000 , Maximum difference of values of bel_vec: 9.66164E-06 & Maximum difference of values of abov_vec: 417.298 
Iters: 63500 , Maximum difference of values of bel_vec: 8.67471E-06 & Maximum difference of values of abov_vec: 374.686 
Iters: 64000 , Maximum difference of values of bel_vec: 7.7886E-06 & Maximum difference of values of abov_vec: 336.426 
Iters: 64500 , Maximum difference of values of bel_vec: 6.993E-06 & Maximum difference of values of abov_vec: 302.072 
Iters: 65000 , Maximum difference of values of bel_vec: 6.27867E-06 & Maximum difference of values of abov_vec: 271.227 
Iters: 65500 , Maximum difference of values of bel_vec: 5.63731E-06 & Maximum difference of values of abov_vec: 243.531 
Iters: 66000 , Maximum difference of values of bel_vec: 5.06146E-06 & Maximum difference of values of abov_vec: 218.663 
Iters: 66500 , Maximum difference of values of bel_vec: 4.54443E-06 & Maximum difference of values of abov_vec: 196.335 
Iters: 67000 , Maximum difference of values of bel_vec: 4.08023E-06 & Maximum difference of values of abov_vec: 176.286 
Iters: 67500 , Maximum difference of values of bel_vec: 3.66344E-06 & Maximum difference of values of abov_vec: 158.285 
Iters: 68000 , Maximum difference of values of bel_vec: 3.28922E-06 & Maximum difference of values of abov_vec: 142.122 
Iters: 68500 , Maximum difference of values of bel_vec: 2.95322E-06 & Maximum difference of values of abov_vec: 127.61 
Iters: 69000 , Maximum difference of values of bel_vec: 2.65156E-06 & Maximum difference of values of abov_vec: 114.579 
Iters: 69500 , Maximum difference of values of bel_vec: 2.3807E-06 & Maximum difference of values of abov_vec: 102.879 
Iters: 70000 , Maximum difference of values of bel_vec: 2.13752E-06 & Maximum difference of values of abov_vec: 92.3736 
Iters: 70500 , Maximum difference of values of bel_vec: 1.91917E-06 & Maximum difference of values of abov_vec: 82.9411 
Iters: 71000 , Maximum difference of values of bel_vec: 1.72313E-06 & Maximum difference of values of abov_vec: 74.4717 
Iters: 71500 , Maximum difference of values of bel_vec: 1.54712E-06 & Maximum difference of values of abov_vec: 66.8671 
Iters: 72000 , Maximum difference of values of bel_vec: 1.38908E-06 & Maximum difference of values of abov_vec: 60.0391 
Iters: 72500 , Maximum difference of values of bel_vec: 1.24719E-06 & Maximum difference of values of abov_vec: 53.9083 
Iters: 73000 , Maximum difference of values of bel_vec: 1.11978E-06 & Maximum difference of values of abov_vec: 48.4036 
Iters: 73500 , Maximum difference of values of bel_vec: 1.0054E-06 & Maximum difference of values of abov_vec: 43.4609 
Iters: 74000 , Maximum difference of values of bel_vec: 9.02699E-07 & Maximum difference of values of abov_vec: 39.023 
Iters: 74500 , Maximum difference of values of bel_vec: 8.10491E-07 & Maximum difference of values of abov_vec: 35.0382 
Iters: 75000 , Maximum difference of values of bel_vec: 7.27698E-07 & Maximum difference of values of abov_vec: 31.4603 
Iters: 75500 , Maximum difference of values of bel_vec: 6.53359E-07 & Maximum difference of values of abov_vec: 28.2478 
Iters: 76000 , Maximum difference of values of bel_vec: 5.86624E-07 & Maximum difference of values of abov_vec: 25.3634 
Iters: 76500 , Maximum difference of values of bel_vec: 5.26699E-07 & Maximum difference of values of abov_vec: 22.7734 
Iters: 77000 , Maximum difference of values of bel_vec: 4.72901E-07 & Maximum difference of values of abov_vec: 20.4479 
Iters: 77500 , Maximum difference of values of bel_vec: 4.24589E-07 & Maximum difference of values of abov_vec: 18.3599 
Iters: 78000 , Maximum difference of values of bel_vec: 3.81224E-07 & Maximum difference of values of abov_vec: 16.4851 
Iters: 78500 , Maximum difference of values of bel_vec: 3.42276E-07 & Maximum difference of values of abov_vec: 14.8018 
Iters: 79000 , Maximum difference of values of bel_vec: 3.07322E-07 & Maximum difference of values of abov_vec: 13.2903 
Iters: 79500 , Maximum difference of values of bel_vec: 2.75919E-07 & Maximum difference of values of abov_vec: 11.9332 
Iters: 80000 , Maximum difference of values of bel_vec: 2.47739E-07 & Maximum difference of values of abov_vec: 10.7147 
Iters: 80500 , Maximum difference of values of bel_vec: 2.22433E-07 & Maximum difference of values of abov_vec: 9.62056 
Iters: 81000 , Maximum difference of values of bel_vec: 1.9971E-07 & Maximum difference of values of abov_vec: 8.63818 
Iters: 81500 , Maximum difference of values of bel_vec: 1.79309E-07 & Maximum difference of values of abov_vec: 7.7561 
Iters: 82000 , Maximum difference of values of bel_vec: 1.60995E-07 & Maximum difference of values of abov_vec: 6.9641 
Iters: 82500 , Maximum difference of values of bel_vec: 1.44544E-07 & Maximum difference of values of abov_vec: 6.25298 
Iters: 83000 , Maximum difference of values of bel_vec: 1.29781E-07 & Maximum difference of values of abov_vec: 5.61446 
Iters: 83500 , Maximum difference of values of bel_vec: 1.16524E-07 & Maximum difference of values of abov_vec: 5.04115 
Iters: 84000 , Maximum difference of values of bel_vec: 1.04628E-07 & Maximum difference of values of abov_vec: 4.52638 
Iters: 84500 , Maximum difference of values of bel_vec: 9.39399E-08 & Maximum difference of values of abov_vec: 4.06418 
Iters: 85000 , Maximum difference of values of bel_vec: 8.43429E-08 & Maximum difference of values of abov_vec: 3.64917 
Iters: 85500 , Maximum difference of values of bel_vec: 7.57282E-08 & Maximum difference of values of abov_vec: 3.27654 
Iters: 86000 , Maximum difference of values of bel_vec: 6.79865E-08 & Maximum difference of values of abov_vec: 2.94197 
Iters: 86500 , Maximum difference of values of bel_vec: 6.10453E-08 & Maximum difference of values of abov_vec: 2.64155 
Iters: 87000 , Maximum difference of values of bel_vec: 5.48098E-08 & Maximum difference of values of abov_vec: 2.37181 
Iters: 87500 , Maximum difference of values of bel_vec: 4.92073E-08 & Maximum difference of values of abov_vec: 2.12962 
Iters: 88000 , Maximum difference of values of bel_vec: 4.41796E-08 & Maximum difference of values of abov_vec: 1.91216 
Iters: 88500 , Maximum difference of values of bel_vec: 3.96685E-08 & Maximum difference of values of abov_vec: 1.7169 
Iters: 89000 , Maximum difference of values of bel_vec: 3.56231E-08 & Maximum difference of values of abov_vec: 1.54158 
Iters: 89500 , Maximum difference of values of bel_vec: 3.19778E-08 & Maximum difference of values of abov_vec: 1.38417 
Iters: 90000 , Maximum difference of values of bel_vec: 2.87182E-08 & Maximum difference of values of abov_vec: 1.24282 
Iters: 90500 , Maximum difference of values of bel_vec: 2.57787E-08 & Maximum difference of values of abov_vec: 1.11592 
Iters: 91000 , Maximum difference of values of bel_vec: 2.31448E-08 & Maximum difference of values of abov_vec: 1.00197 
Iters: 91500 , Maximum difference of values of bel_vec: 2.07801E-08 & Maximum difference of values of abov_vec: 0.899652 
Iters: 92000 , Maximum difference of values of bel_vec: 1.86628E-08 & Maximum difference of values of abov_vec: 0.807786 
Iters: 92500 , Maximum difference of values of bel_vec: 1.67565E-08 & Maximum difference of values of abov_vec: 0.7253 
Iters: 93000 , Maximum difference of values of bel_vec: 1.50394E-08 & Maximum difference of values of abov_vec: 0.651237 
Iters: 93500 , Maximum difference of values of bel_vec: 1.35042E-08 & Maximum difference of values of abov_vec: 0.584737 
Iters: 94000 , Maximum difference of values of bel_vec: 1.2129E-08 & Maximum difference of values of abov_vec: 0.525028 
Iters: 94500 , Maximum difference of values of bel_vec: 1.08848E-08 & Maximum difference of values of abov_vec: 0.471415 
Iters: 95000 , Maximum difference of values of bel_vec: 9.77889E-09 & Maximum difference of values of abov_vec: 0.423278 
Iters: 95500 , Maximum difference of values of bel_vec: 8.7748E-09 & Maximum difference of values of abov_vec: 0.380055 
Iters: 96000 , Maximum difference of values of bel_vec: 7.87986E-09 & Maximum difference of values of abov_vec: 0.341247 
Iters: 96500 , Maximum difference of values of bel_vec: 7.07223E-09 & Maximum difference of values of abov_vec: 0.306401 
Iters: 97000 , Maximum difference of values of bel_vec: 6.35191E-09 & Maximum difference of values of abov_vec: 0.275113 
Iters: 97500 , Maximum difference of values of bel_vec: 5.70435E-09 & Maximum difference of values of abov_vec: 0.247021 
Iters: 98000 , Maximum difference of values of bel_vec: 5.12227E-09 & Maximum difference of values of abov_vec: 0.221796 
Iters: 98500 , Maximum difference of values of bel_vec: 4.59841E-09 & Maximum difference of values of abov_vec: 0.199148 
Iters: 99000 , Maximum difference of values of bel_vec: 4.13274E-09 & Maximum difference of values of abov_vec: 0.178812 
Iters: 99500 , Maximum difference of values of bel_vec: 3.71074E-09 & Maximum difference of values of abov_vec: 0.160553 
Iters: 100000 , Maximum difference of values of bel_vec: 3.32511E-09 & Maximum difference of values of abov_vec: 0.144159 
Iters: 100500 , Maximum difference of values of bel_vec: 2.99042E-09 & Maximum difference of values of abov_vec: 0.129438 
Iters: 101000 , Maximum difference of values of bel_vec: 2.68483E-09 & Maximum difference of values of abov_vec: 0.116221 
Iters: 101500 , Maximum difference of values of bel_vec: 2.40834E-09 & Maximum difference of values of abov_vec: 0.104353 
Iters: 102000 , Maximum difference of values of bel_vec: 2.16824E-09 & Maximum difference of values of abov_vec: 0.0936973 
Iters: 102500 , Maximum difference of values of bel_vec: 1.94268E-09 & Maximum difference of values of abov_vec: 0.0841296 
Iters: 103000 , Maximum difference of values of bel_vec: 1.74623E-09 & Maximum difference of values of abov_vec: 0.0755388 
Iters: 103500 , Maximum difference of values of bel_vec: 1.57161E-09 & Maximum difference of values of abov_vec: 0.0678253 
Iters: 104000 , Maximum difference of values of bel_vec: 1.40426E-09 & Maximum difference of values of abov_vec: 0.0608994 
Iters: 104500 , Maximum difference of values of bel_vec: 1.26602E-09 & Maximum difference of values of abov_vec: 0.0546808 
Iters: 105000 , Maximum difference of values of bel_vec: 1.13505E-09 & Maximum difference of values of abov_vec: 0.0490972 
Iters: 105500 , Maximum difference of values of bel_vec: 1.01863E-09 & Maximum difference of values of abov_vec: 0.0440837 
Iters: 106000 , Maximum difference of values of bel_vec: 9.16771E-10 & Maximum difference of values of abov_vec: 0.0395822 
Iters: 106500 , Maximum difference of values of bel_vec: 8.22183E-10 & Maximum difference of values of abov_vec: 0.0355403 
Iters: 107000 , Maximum difference of values of bel_vec: 7.34872E-10 & Maximum difference of values of abov_vec: 0.0319112 
Iters: 107500 , Maximum difference of values of bel_vec: 6.69388E-10 & Maximum difference of values of abov_vec: 0.0286526 
Iters: 108000 , Maximum difference of values of bel_vec: 5.96629E-10 & Maximum difference of values of abov_vec: 0.0257268 
Iters: 108500 , Maximum difference of values of bel_vec: 5.38421E-10 & Maximum difference of values of abov_vec: 0.0230997 
Iters: 109000 , Maximum difference of values of bel_vec: 4.80213E-10 & Maximum difference of values of abov_vec: 0.020741 
Iters: 109500 , Maximum difference of values of bel_vec: 4.36557E-10 & Maximum difference of values of abov_vec: 0.018623 
Iters: 110000 , Maximum difference of values of bel_vec: 3.92902E-10 & Maximum difference of values of abov_vec: 0.0167214 
Iters: 110500 , Maximum difference of values of bel_vec: 3.49246E-10 & Maximum difference of values of abov_vec: 0.0150139 
Iters: 111000 , Maximum difference of values of bel_vec: 3.12866E-10 & Maximum difference of values of abov_vec: 0.0134808 
Iters: 111500 , Maximum difference of values of bel_vec: 2.76486E-10 & Maximum difference of values of abov_vec: 0.0121042 
Iters: 112000 , Maximum difference of values of bel_vec: 2.47383E-10 & Maximum difference of values of abov_vec: 0.0108682 
Iters: 112500 , Maximum difference of values of bel_vec: 2.32831E-10 & Maximum difference of values of abov_vec: 0.00975842 
Iters: 113000 , Maximum difference of values of bel_vec: 2.03727E-10 & Maximum difference of values of abov_vec: 0.00876196 
Iters: 113500 , Maximum difference of values of bel_vec: 1.81899E-10 & Maximum difference of values of abov_vec: 0.00786724 
Iters: 114000 , Maximum difference of values of bel_vec: 1.60071E-10 & Maximum difference of values of abov_vec: 0.00706389 
Iters: 114500 , Maximum difference of values of bel_vec: 1.45519E-10 & Maximum difference of values of abov_vec: 0.00634258 
Iters: 115000 , Maximum difference of values of bel_vec: 1.30967E-10 & Maximum difference of values of abov_vec: 0.00569492 
Iters: 115500 , Maximum difference of values of bel_vec: 1.16415E-10 & Maximum difference of values of abov_vec: 0.00511339 
Iters: 116000 , Maximum difference of values of bel_vec: 1.01863E-10 & Maximum difference of values of abov_vec: 0.00459124 
Iters: 116500 , Maximum difference of values of bel_vec: 9.45874E-11 & Maximum difference of values of abov_vec: 0.00412242 
Iters: 117000 , Maximum difference of values of bel_vec: 8.73115E-11 & Maximum difference of values of abov_vec: 0.00370146 Iteration 117386: max relative diff=15.809647, 999.99 sec so far

Iters: 117500 , Maximum difference of values of bel_vec: 7.27596E-11 & Maximum difference of values of abov_vec: 0.00332349 
Iters: 118000 , Maximum difference of values of bel_vec: 7.27596E-11 & Maximum difference of values of abov_vec: 0.00298412 
Iters: 118500 , Maximum difference of values of bel_vec: 5.82077E-11 & Maximum difference of values of abov_vec: 0.0026794 
Iters: 119000 , Maximum difference of values of bel_vec: 5.82077E-11 & Maximum difference of values of abov_vec: 0.0024058 
Iters: 119500 , Maximum difference of values of bel_vec: 5.09317E-11 & Maximum difference of values of abov_vec: 0.00216014 
Iters: 120000 , Maximum difference of values of bel_vec: 4.36557E-11 & Maximum difference of values of abov_vec: 0.00193956 
Iters: 120500 , Maximum difference of values of bel_vec: 4.36557E-11 & Maximum difference of values of abov_vec: 0.0017415 
Iters: 121000 , Maximum difference of values of bel_vec: 3.63798E-11 & Maximum difference of values of abov_vec: 0.00156367 
Iters: 121500 , Maximum difference of values of bel_vec: 2.91038E-11 & Maximum difference of values of abov_vec: 0.001404 
Iters: 122000 , Maximum difference of values of bel_vec: 2.91038E-11 & Maximum difference of values of abov_vec: 0.00126063 
Iters: 122500 , Maximum difference of values of bel_vec: 2.91038E-11 & Maximum difference of values of abov_vec: 0.00113191 
Iters: 123000 , Maximum difference of values of bel_vec: 2.91038E-11 & Maximum difference of values of abov_vec: 0.00101632 
Iters: 123500 , Maximum difference of values of bel_vec: 2.91038E-11 & Maximum difference of values of abov_vec: 0.000912543 
Iters: 124000 , Maximum difference of values of bel_vec: 1.45519E-11 & Maximum difference of values of abov_vec: 0.000819361 
Iters: 124500 , Maximum difference of values of bel_vec: 1.45519E-11 & Maximum difference of values of abov_vec: 0.000735693 
Iters: 125000 , Maximum difference of values of bel_vec: 1.45519E-11 & Maximum difference of values of abov_vec: 0.000660569 
Iters: 125500 , Maximum difference of values of bel_vec: 1.45519E-11 & Maximum difference of values of abov_vec: 0.000593116 
Iters: 126000 , Maximum difference of values of bel_vec: 1.45519E-11 & Maximum difference of values of abov_vec: 0.000532551 
Iters: 126500 , Maximum difference of values of bel_vec: 1.45519E-11 & Maximum difference of values of abov_vec: 0.000478171 
Iters: 127000 , Maximum difference of values of bel_vec: 1.45519E-11 & Maximum difference of values of abov_vec: 0.000429343 
Iters: 127500 , Maximum difference of values of bel_vec: 1.45519E-11 & Maximum difference of values of abov_vec: 0.000385501 
Iters: 128000 , Maximum difference of values of bel_vec: 1.45519E-11 & Maximum difference of values of abov_vec: 0.000346137 
Iters: 128500 , Maximum difference of values of bel_vec: 1.45519E-11 & Maximum difference of values of abov_vec: 0.000310791 
Iters: 129000 , Maximum difference of values of bel_vec: 1.45519E-11 & Maximum difference of values of abov_vec: 0.000279055 
Iters: 129500 , Maximum difference of values of bel_vec: 1.45519E-11 & Maximum difference of values of abov_vec: 0.00025056 
Iters: 130000 , Maximum difference of values of bel_vec: 1.45519E-11 & Maximum difference of values of abov_vec: 0.000224975 
Iters: 130500 , Maximum difference of values of bel_vec: 1.45519E-11 & Maximum difference of values of abov_vec: 0.000202002 
Iters: 131000 , Maximum difference of values of bel_vec: 7.27596E-12 & Maximum difference of values of abov_vec: 0.000181375 
Iters: 131500 , Maximum difference of values of bel_vec: 7.27596E-12 & Maximum difference of values of abov_vec: 0.000162854 
Iters: 132000 , Maximum difference of values of bel_vec: 0 & Maximum difference of values of abov_vec: 0.000146224 
Iters: 132500 , Maximum difference of values of bel_vec: 0 & Maximum difference of values of abov_vec: 0.000131293 
Iters: 133000 , Maximum difference of values of bel_vec: 0 & Maximum difference of values of abov_vec: 0.000117886 
Iters: 133500 , Maximum difference of values of bel_vec: 0 & Maximum difference of values of abov_vec: 0.000105848 
Iters: 134000 , Maximum difference of values of bel_vec: 0 & Maximum difference of values of abov_vec: 9.50399E-05 
Iters: 134500 , Maximum difference of values of bel_vec: 0 & Maximum difference of values of abov_vec: 8.53351E-05 
Iters: 135000 , Maximum difference of values of bel_vec: 0 & Maximum difference of values of abov_vec: 7.66212E-05 
Iters: 135500 , Maximum difference of values of bel_vec: 0 & Maximum difference of values of abov_vec: 6.87972E-05 
Iters: 136000 , Maximum difference of values of bel_vec: 0 & Maximum difference of values of abov_vec: 6.17721E-05 
Iters: 136500 , Maximum difference of values of bel_vec: 0 & Maximum difference of values of abov_vec: 5.54643E-05 
Iters: 137000 , Maximum difference of values of bel_vec: 0 & Maximum difference of values of abov_vec: 4.98007E-05 
Iters: 137500 , Maximum difference of values of bel_vec: 0 & Maximum difference of values of abov_vec: 4.47154E-05 
Iters: 138000 , Maximum difference of values of bel_vec: 0 & Maximum difference of values of abov_vec: 4.01493E-05 
Iters: 138500 , Maximum difference of values of bel_vec: 0 & Maximum difference of values of abov_vec: 3.60496E-05 
Iters: 139000 , Maximum difference of values of bel_vec: 0 & Maximum difference of values of abov_vec: 3.23684E-05 
Iters: 139500 , Maximum difference of values of bel_vec: 0 & Maximum difference of values of abov_vec: 2.90632E-05 
Iters: 140000 , Maximum difference of values of bel_vec: 0 & Maximum difference of values of abov_vec: 2.60954E-05 
Iters: 140500 , Maximum difference of values of bel_vec: 0 & Maximum difference of values of abov_vec: 2.34308E-05 
Iters: 141000 , Maximum difference of values of bel_vec: 0 & Maximum difference of values of abov_vec: 2.10382E-05 
Iters: 141500 , Maximum difference of values of bel_vec: 0 & Maximum difference of values of abov_vec: 1.88899E-05 
Iters: 142000 , Maximum difference of values of bel_vec: 0 & Maximum difference of values of abov_vec: 1.6961E-05 
Iters: 142500 , Maximum difference of values of bel_vec: 0 & Maximum difference of values of abov_vec: 1.5229E-05 
Iters: 143000 , Maximum difference of values of bel_vec: 0 & Maximum difference of values of abov_vec: 1.36739E-05 
Iters: 143500 , Maximum difference of values of bel_vec: 0 & Maximum difference of values of abov_vec: 1.22777E-05 
Iters: 144000 , Maximum difference of values of bel_vec: 0 & Maximum difference of values of abov_vec: 1.10239E-05 
Iters: 144500 , Maximum difference of values of bel_vec: 0 & Maximum difference of values of abov_vec: 9.89826E-06 
Iters: 145000 , Maximum difference of values of bel_vec: 0 & Maximum difference of values of abov_vec: 8.88751E-06 
Iters: 145500 , Maximum difference of values of bel_vec: 0 & Maximum difference of values of abov_vec: 7.97998E-06 
Iters: 146000 , Maximum difference of values of bel_vec: 0 & Maximum difference of values of abov_vec: 7.16512E-06 
Iters: 146500 , Maximum difference of values of bel_vec: 0 & Maximum difference of values of abov_vec: 6.43346E-06 
Iters: 147000 , Maximum difference of values of bel_vec: 0 & Maximum difference of values of abov_vec: 5.77652E-06 
Iters: 147500 , Maximum difference of values of bel_vec: 0 & Maximum difference of values of abov_vec: 5.18666E-06 
Iters: 148000 , Maximum difference of values of bel_vec: 0 & Maximum difference of values of abov_vec: 4.65703E-06 
Iters: 148500 , Maximum difference of values of bel_vec: 0 & Maximum difference of values of abov_vec: 4.18149E-06 
Iters: 149000 , Maximum difference of values of bel_vec: 0 & Maximum difference of values of abov_vec: 3.7545E-06 
Iters: 149500 , Maximum difference of values of bel_vec: 0 & Maximum difference of values of abov_vec: 3.37112E-06 
Iters: 150000 , Maximum difference of values of bel_vec: 0 & Maximum difference of values of abov_vec: 3.02689E-06 
Iters: 150500 , Maximum difference of values of bel_vec: 0 & Maximum difference of values of abov_vec: 2.7178E-06 
Iters: 151000 , Maximum difference of values of bel_vec: 0 & Maximum difference of values of abov_vec: 2.44028E-06 
Iters: 151500 , Maximum difference of values of bel_vec: 0 & Maximum difference of values of abov_vec: 2.19109E-06 
Iters: 152000 , Maximum difference of values of bel_vec: 0 & Maximum difference of values of abov_vec: 1.96735E-06 
Iters: 152500 , Maximum difference of values of bel_vec: 0 & Maximum difference of values of abov_vec: 1.76646E-06 
Iters: 153000 , Maximum difference of values of bel_vec: 0 & Maximum difference of values of abov_vec: 1.58608E-06 
Iters: 153500 , Maximum difference of values of bel_vec: 0 & Maximum difference of values of abov_vec: 1.42412E-06 
Iters: 154000 , Maximum difference of values of bel_vec: 0 & Maximum difference of values of abov_vec: 1.2787E-06 
Iters: 154500 , Maximum difference of values of bel_vec: 0 & Maximum difference of values of abov_vec: 1.14812E-06 
Iters: 155000 , Maximum difference of values of bel_vec: 0 & Maximum difference of values of abov_vec: 1.03089E-06 
Iters: 155500 , Maximum difference of values of bel_vec: 0 & Maximum difference of values of abov_vec: 9.25618E-07 
Iters: 156000 , Maximum difference of values of bel_vec: 0 & Maximum difference of values of abov_vec: 8.31104E-07 
Iters: 156500 , Maximum difference of values of bel_vec: 0 & Maximum difference of values of abov_vec: 7.46237E-07 
Iters: 157000 , Maximum difference of values of bel_vec: 0 & Maximum difference of values of abov_vec: 6.70036E-07 
Iters: 157500 , Maximum difference of values of bel_vec: 0 & Maximum difference of values of abov_vec: 6.01613E-07 
Iters: 158000 , Maximum difference of values of bel_vec: 0 & Maximum difference of values of abov_vec: 5.40182E-07 
Iters: 158500 , Maximum difference of values of bel_vec: 0 & Maximum difference of values of abov_vec: 4.85023E-07 
Iters: 159000 , Maximum difference of values of bel_vec: 0 & Maximum difference of values of abov_vec: 4.35488E-07 
Iters: 159500 , Maximum difference of values of bel_vec: 0 & Maximum difference of values of abov_vec: 3.91025E-07 
Iters: 160000 , Maximum difference of values of bel_vec: 0 & Maximum difference of values of abov_vec: 3.51094E-07 
Iters: 160500 , Maximum difference of values of bel_vec: 0 & Maximum difference of values of abov_vec: 3.15245E-07 
Iters: 161000 , Maximum difference of values of bel_vec: 0 & Maximum difference of values of abov_vec: 2.83057E-07 
Iters: 161500 , Maximum difference of values of bel_vec: 0 & Maximum difference of values of abov_vec: 2.54149E-07 
Iters: 162000 , Maximum difference of values of bel_vec: 0 & Maximum difference of values of abov_vec: 2.28196E-07 
Iters: 162500 , Maximum difference of values of bel_vec: 0 & Maximum difference of values of abov_vec: 2.04898E-07 
Iters: 163000 , Maximum difference of values of bel_vec: 0 & Maximum difference of values of abov_vec: 1.83973E-07 
Iters: 163500 , Maximum difference of values of bel_vec: 0 & Maximum difference of values of abov_vec: 1.65186E-07 
Iters: 164000 , Maximum difference of values of bel_vec: 0 & Maximum difference of values of abov_vec: 1.4832E-07 
Iters: 164500 , Maximum difference of values of bel_vec: 0 & Maximum difference of values of abov_vec: 1.33172E-07 
Iters: 165000 , Maximum difference of values of bel_vec: 0 & Maximum difference of values of abov_vec: 1.19573E-07 
Iters: 165500 , Maximum difference of values of bel_vec: 0 & Maximum difference of values of abov_vec: 1.07364E-07 
Iters: 166000 , Maximum difference of values of bel_vec: 0 & Maximum difference of values of abov_vec: 9.63992E-08 
Iters: 166500 , Maximum difference of values of bel_vec: 0 & Maximum difference of values of abov_vec: 8.65621E-08 
Iters: 167000 , Maximum difference of values of bel_vec: 0 & Maximum difference of values of abov_vec: 7.77218E-08 
Iters: 167500 , Maximum difference of values of bel_vec: 0 & Maximum difference of values of abov_vec: 6.97837E-08 
Iters: 168000 , Maximum difference of values of bel_vec: 0 & Maximum difference of values of abov_vec: 6.26605E-08 
Iters: 168500 , Maximum difference of values of bel_vec: 0 & Maximum difference of values of abov_vec: 5.62577E-08 
Iters: 169000 , Maximum difference of values of bel_vec: 0 & Maximum difference of values of abov_vec: 5.0517E-08 
Iters: 169500 , Maximum difference of values of bel_vec: 0 & Maximum difference of values of abov_vec: 4.5351E-08 
Iters: 170000 , Maximum difference of values of bel_vec: 0 & Maximum difference of values of abov_vec: 4.07308E-08 
Iters: 170500 , Maximum difference of values of bel_vec: 0 & Maximum difference of values of abov_vec: 3.6569E-08 
Iters: 171000 , Maximum difference of values of bel_vec: 0 & Maximum difference of values of abov_vec: 3.28364E-08 
Iters: 171500 , Maximum difference of values of bel_vec: 0 & Maximum difference of values of abov_vec: 2.94822E-08 
Iters: 172000 , Maximum difference of values of bel_vec: 0 & Maximum difference of values of abov_vec: 2.64699E-08 
Iters: 172500 , Maximum difference of values of bel_vec: 0 & Maximum difference of values of abov_vec: 2.37706E-08 
Iters: 173000 , Maximum difference of values of bel_vec: 0 & Maximum difference of values of abov_vec: 2.13404E-08 
Iters: 173500 , Maximum difference of values of bel_vec: 0 & Maximum difference of values of abov_vec: 1.91576E-08 
Iters: 174000 , Maximum difference of values of bel_vec: 0 & Maximum difference of values of abov_vec: 1.72004E-08 
Iters: 174500 , Maximum difference of values of bel_vec: 0 & Maximum difference of values of abov_vec: 1.54469E-08 
Iters: 175000 , Maximum difference of values of bel_vec: 0 & Maximum difference of values of abov_vec: 1.3868E-08 
Iters: 175500 , Maximum difference of values of bel_vec: 0 & Maximum difference of values of abov_vec: 1.24564E-08 
Iters: 176000 , Maximum difference of values of bel_vec: 0 & Maximum difference of values of abov_vec: 1.11831E-08 Iteration 176278: max relative diff=0.000049, 1500.00 sec so far

Iters: 176500 , Maximum difference of values of bel_vec: 0 & Maximum difference of values of abov_vec: 1.00408E-08 
Iters: 177000 , Maximum difference of values of bel_vec: 0 & Maximum difference of values of abov_vec: 9.01491E-09 
Iters: 177500 , Maximum difference of values of bel_vec: 0 & Maximum difference of values of abov_vec: 8.09086E-09 
Iters: 178000 , Maximum difference of values of bel_vec: 0 & Maximum difference of values of abov_vec: 7.26868E-09 
Iters: 178500 , Maximum difference of values of bel_vec: 0 & Maximum difference of values of abov_vec: 6.52653E-09 
Iters: 179000 , Maximum difference of values of bel_vec: 0 & Maximum difference of values of abov_vec: 5.85715E-09 
Iters: 179500 , Maximum difference of values of bel_vec: 0 & Maximum difference of values of abov_vec: 5.26052E-09 
Iters: 180000 , Maximum difference of values of bel_vec: 0 & Maximum difference of values of abov_vec: 4.72937E-09 
Iters: 180500 , Maximum difference of values of bel_vec: 0 & Maximum difference of values of abov_vec: 4.24188E-09 
Iters: 181000 , Maximum difference of values of bel_vec: 0 & Maximum difference of values of abov_vec: 3.8126E-09 
Iters: 181500 , Maximum difference of values of bel_vec: 0 & Maximum difference of values of abov_vec: 3.4197E-09 
Iters: 182000 , Maximum difference of values of bel_vec: 0 & Maximum difference of values of abov_vec: 3.07045E-09 
Iters: 182500 , Maximum difference of values of bel_vec: 0 & Maximum difference of values of abov_vec: 2.75759E-09 
Iters: 183000 , Maximum difference of values of bel_vec: 0 & Maximum difference of values of abov_vec: 2.47383E-09 
Iters: 183500 , Maximum difference of values of bel_vec: 0 & Maximum difference of values of abov_vec: 2.22644E-09 
Iters: 184000 , Maximum difference of values of bel_vec: 0 & Maximum difference of values of abov_vec: 1.99361E-09 
Iters: 184500 , Maximum difference of values of bel_vec: 0 & Maximum difference of values of abov_vec: 1.78989E-09 
Iters: 185000 , Maximum difference of values of bel_vec: 0 & Maximum difference of values of abov_vec: 1.61526E-09 
Iters: 185500 , Maximum difference of values of bel_vec: 0 & Maximum difference of values of abov_vec: 1.44064E-09 
Iters: 186000 , Maximum difference of values of bel_vec: 0 & Maximum difference of values of abov_vec: 1.29512E-09 
Iters: 186500 , Maximum difference of values of bel_vec: 0 & Maximum difference of values of abov_vec: 1.16415E-09 
Iters: 187000 , Maximum difference of values of bel_vec: 0 & Maximum difference of values of abov_vec: 1.04774E-09 
Iters: 187500 , Maximum difference of values of bel_vec: 0 & Maximum difference of values of abov_vec: 9.45874E-10 
Iters: 188000 , Maximum difference of values of bel_vec: 0 & Maximum difference of values of abov_vec: 8.44011E-10 
Iters: 188500 , Maximum difference of values of bel_vec: 0 & Maximum difference of values of abov_vec: 7.567E-10 
Iters: 189000 , Maximum difference of values of bel_vec: 0 & Maximum difference of values of abov_vec: 6.8394E-10 
Iters: 189500 , Maximum difference of values of bel_vec: 0 & Maximum difference of values of abov_vec: 6.1118E-10 
Iters: 190000 , Maximum difference of values of bel_vec: 0 & Maximum difference of values of abov_vec: 5.45697E-10 
Iters: 190500 , Maximum difference of values of bel_vec: 0 & Maximum difference of values of abov_vec: 4.94765E-10 
Iters: 191000 , Maximum difference of values of bel_vec: 0 & Maximum difference of values of abov_vec: 4.43833E-10 
Iters: 191500 , Maximum difference of values of bel_vec: 0 & Maximum difference of values of abov_vec: 3.92902E-10 
Iters: 192000 , Maximum difference of values of bel_vec: 0 & Maximum difference of values of abov_vec: 3.63798E-10 
Iters: 192500 , Maximum difference of values of bel_vec: 0 & Maximum difference of values of abov_vec: 3.20142E-10 
Iters: 193000 , Maximum difference of values of bel_vec: 0 & Maximum difference of values of abov_vec: 2.91038E-10 
Iters: 193500 , Maximum difference of values of bel_vec: 0 & Maximum difference of values of abov_vec: 2.61934E-10 
Iters: 194000 , Maximum difference of values of bel_vec: 0 & Maximum difference of values of abov_vec: 2.32831E-10 Max relative diff between upper and lower bound on convergence: 9.99949E-07
Iterative method: 194427 iterations in 1655.73 seconds (average 0.008516, setup 0.18)
Maximum finite value in solution vector at end of interval iteration: 34355.000000481465

Value in the initial state: 34347.000000481465

Time for model checking: 1657.359 seconds.

Result: 34347.000000481465 (value in the initial state)

---------------------------------------------------------------------

Note: There were 2 warnings during computation.

