PRISM
=====

Version: 4.4
Date: Tue Feb 16 07:00:30 IRST 2021
Hostname: sadegh-H81M-S2PH
Memory limits: cudd=1g, java(heap)=910.5m
Command line: prism ../../examples/mdps/consensus/coin4.nm ../../examples/mdps/consensus/steps_max.pctl -s '-ii:upper=1.2e+12' -const K=36 -maxiters 9000300 -backward

Parsing model file "../../examples/mdps/consensus/coin4.nm"...

Parsing properties file "../../examples/mdps/consensus/steps_max.pctl"...

1 property:
(1) "steps_max": R{"steps"}max=? [ F "finished" ]

Type:        MDP
Modules:     process1 process2 process3 process4 
Variables:   counter pc1 coin1 pc2 coin2 pc3 coin3 pc4 coin4 

---------------------------------------------------------------------

Model checking: "steps_max": R{"steps"}max=? [ F "finished" ]
Model constants: K=36

Warning: Not Switching to explicit engine, We implemented the emthods for sparse engine.

Building model...
Model constants: K=36

Computing reachable states...

Reachability (BFS): 1731 iterations in 0.20 seconds (average 0.000113, setup 0.00)

Time for model construction: 0.403 seconds.

Type:        MDP
States:      370816 (1 initial)
Transitions: 1250272
Choices:     1000576

Transition matrix: 2480 nodes (3 terminal), 1250272 minterms, vars: 21r/21c/4nd

Prob0E: 450 iterations in 0.27 seconds (average 0.000602, setup 0.00)

Prob1A: 1 iterations in 0.00 seconds (average 0.001000, setup 0.00)

goal = 64, inf = 0, maybe = 370752

Warning: Upper bound for interval iteration manually set to 1.2E12

Computing remaining rewards...
 6
Building sparse matrix (transitions)... [n=370816, nc=1000512, nnz=1250208, k=4] [19.5 MB]
Building sparse matrix (transition rewards)... [n=370816, nc=1000512, nnz=0, k=4] [5.2 MB]
Creating vector for state rewards... [2.8 MB]
Creating vector for inf... [2.8 MB]
Creating vector for lower bounds... [2.8 MB]
Creating vector for upper bounds... [2.8 MB]
Allocating iteration vectors... [4 x 2.8 MB]
TOTAL: [47.4 MB]

Starting iterations (interval iteration)...

Time for state ordering: 0.016000


Iters: 500 , Maximum difference of values of bel_vec: 6.07558 & Maximum difference of values of abov_vec: 5.86702E+08 
Iters: 1000 , Maximum difference of values of bel_vec: 6.03545 & Maximum difference of values of abov_vec: 2.90375E+08 
Iters: 1500 , Maximum difference of values of bel_vec: 5.93847 & Maximum difference of values of abov_vec: 1.93099E+08 
Iters: 2000 , Maximum difference of values of bel_vec: 5.76873 & Maximum difference of values of abov_vec: 1.45724E+08 
Iters: 2500 , Maximum difference of values of bel_vec: 5.5486 & Maximum difference of values of abov_vec: 1.20657E+08 
Iters: 3000 , Maximum difference of values of bel_vec: 5.30159 & Maximum difference of values of abov_vec: 1.09479E+08 
Iters: 3500 , Maximum difference of values of bel_vec: 5.04408 & Maximum difference of values of abov_vec: 1.06989E+08 
Iters: 4000 , Maximum difference of values of bel_vec: 4.78618 & Maximum difference of values of abov_vec: 1.05042E+08 
Iters: 4500 , Maximum difference of values of bel_vec: 4.53377 & Maximum difference of values of abov_vec: 1.01458E+08 
Iters: 5000 , Maximum difference of values of bel_vec: 4.29007 & Maximum difference of values of abov_vec: 9.70531E+07 
Iters: 5500 , Maximum difference of values of bel_vec: 4.05672 & Maximum difference of values of abov_vec: 9.22991E+07 
Iters: 6000 , Maximum difference of values of bel_vec: 3.83443 & Maximum difference of values of abov_vec: 8.74665E+07 
Iters: 6500 , Maximum difference of values of bel_vec: 3.62334 & Maximum difference of values of abov_vec: 8.27063E+07 
Iters: 7000 , Maximum difference of values of bel_vec: 3.42328 & Maximum difference of values of abov_vec: 7.80999E+07 
Iters: 7500 , Maximum difference of values of bel_vec: 3.23392 & Maximum difference of values of abov_vec: 7.36888E+07 
Iters: 8000 , Maximum difference of values of bel_vec: 3.05482 & Maximum difference of values of abov_vec: 6.9491E+07 
Iters: 8500 , Maximum difference of values of bel_vec: 2.88552 & Maximum difference of values of abov_vec: 6.56412E+07 
Iters: 9000 , Maximum difference of values of bel_vec: 2.72553 & Maximum difference of values of abov_vec: 6.20271E+07 
Iters: 9500 , Maximum difference of values of bel_vec: 2.57436 & Maximum difference of values of abov_vec: 5.86023E+07 
Iters: 10000 , Maximum difference of values of bel_vec: 2.43155 & Maximum difference of values of abov_vec: 5.53608E+07 
Iters: 10500 , Maximum difference of values of bel_vec: 2.29665 & Maximum difference of values of abov_vec: 5.22951E+07 
Iters: 11000 , Maximum difference of values of bel_vec: 2.16922 & Maximum difference of values of abov_vec: 4.93971E+07 
Iters: 11500 , Maximum difference of values of bel_vec: 2.04885 & Maximum difference of values of abov_vec: 4.66585E+07 
Iters: 12000 , Maximum difference of values of bel_vec: 1.93516 & Maximum difference of values of abov_vec: 4.4071E+07 
Iters: 12500 , Maximum difference of values of bel_vec: 1.82778 & Maximum difference of values of abov_vec: 4.16265E+07 
Iters: 13000 , Maximum difference of values of bel_vec: 1.72635 & Maximum difference of values of abov_vec: 3.93173E+07 
Iters: 13500 , Maximum difference of values of bel_vec: 1.63056 & Maximum difference of values of abov_vec: 3.71361E+07 
Iters: 14000 , Maximum difference of values of bel_vec: 1.54007 & Maximum difference of values of abov_vec: 3.50758E+07 
Iters: 14500 , Maximum difference of values of bel_vec: 1.45461 & Maximum difference of values of abov_vec: 3.31297E+07 
Iters: 15000 , Maximum difference of values of bel_vec: 1.37389 & Maximum difference of values of abov_vec: 3.12916E+07 
Iters: 15500 , Maximum difference of values of bel_vec: 1.29765 & Maximum difference of values of abov_vec: 2.95554E+07 
Iters: 16000 , Maximum difference of values of bel_vec: 1.22564 & Maximum difference of values of abov_vec: 2.79156E+07 
Iters: 16500 , Maximum difference of values of bel_vec: 1.15763 & Maximum difference of values of abov_vec: 2.63667E+07 
Iters: 17000 , Maximum difference of values of bel_vec: 1.09339 & Maximum difference of values of abov_vec: 2.49038E+07 
Iters: 17500 , Maximum difference of values of bel_vec: 1.03272 & Maximum difference of values of abov_vec: 2.3522E+07 
Iters: 18000 , Maximum difference of values of bel_vec: 0.975408 & Maximum difference of values of abov_vec: 2.22169E+07 
Iters: 18500 , Maximum difference of values of bel_vec: 0.921281 & Maximum difference of values of abov_vec: 2.09842E+07 
Iters: 19000 , Maximum difference of values of bel_vec: 0.870157 & Maximum difference of values of abov_vec: 1.98199E+07 
Iters: 19500 , Maximum difference of values of bel_vec: 0.82187 & Maximum difference of values of abov_vec: 1.87202E+07 
Iters: 20000 , Maximum difference of values of bel_vec: 0.776263 & Maximum difference of values of abov_vec: 1.76816E+07 
Iters: 20500 , Maximum difference of values of bel_vec: 0.733186 & Maximum difference of values of abov_vec: 1.67005E+07 
Iters: 21000 , Maximum difference of values of bel_vec: 0.6925 & Maximum difference of values of abov_vec: 1.57739E+07 
Iters: 21500 , Maximum difference of values of bel_vec: 0.654072 & Maximum difference of values of abov_vec: 1.48987E+07 
Iters: 22000 , Maximum difference of values of bel_vec: 0.617776 & Maximum difference of values of abov_vec: 1.4072E+07 
Iters: 22500 , Maximum difference of values of bel_vec: 0.583494 & Maximum difference of values of abov_vec: 1.32913E+07 
Iters: 23000 , Maximum difference of values of bel_vec: 0.551115 & Maximum difference of values of abov_vec: 1.25538E+07 
Iters: 23500 , Maximum difference of values of bel_vec: 0.520532 & Maximum difference of values of abov_vec: 1.18573E+07 
Iters: 24000 , Maximum difference of values of bel_vec: 0.491647 & Maximum difference of values of abov_vec: 1.11994E+07 
Iters: 24500 , Maximum difference of values of bel_vec: 0.464364 & Maximum difference of values of abov_vec: 1.0578E+07 
Iters: 25000 , Maximum difference of values of bel_vec: 0.438596 & Maximum difference of values of abov_vec: 9.99106E+06 
Iters: 25500 , Maximum difference of values of bel_vec: 0.414257 & Maximum difference of values of abov_vec: 9.43671E+06 
Iters: 26000 , Maximum difference of values of bel_vec: 0.391269 & Maximum difference of values of abov_vec: 8.91312E+06 
Iters: 26500 , Maximum difference of values of bel_vec: 0.369557 & Maximum difference of values of abov_vec: 8.41858E+06 
Iters: 27000 , Maximum difference of values of bel_vec: 0.349049 & Maximum difference of values of abov_vec: 7.95148E+06 
Iters: 27500 , Maximum difference of values of bel_vec: 0.32968 & Maximum difference of values of abov_vec: 7.5103E+06 
Iters: 28000 , Maximum difference of values of bel_vec: 0.311385 & Maximum difference of values of abov_vec: 7.09359E+06 
Iters: 28500 , Maximum difference of values of bel_vec: 0.294106 & Maximum difference of values of abov_vec: 6.70001E+06 
Iters: 29000 , Maximum difference of values of bel_vec: 0.277785 & Maximum difference of values of abov_vec: 6.32826E+06 
Iters: 29500 , Maximum difference of values of bel_vec: 0.26237 & Maximum difference of values of abov_vec: 5.97714E+06 
Iters: 30000 , Maximum difference of values of bel_vec: 0.247811 & Maximum difference of values of abov_vec: 5.6455E+06 
Iters: 30500 , Maximum difference of values of bel_vec: 0.234059 & Maximum difference of values of abov_vec: 5.33227E+06 
Iters: 31000 , Maximum difference of values of bel_vec: 0.221071 & Maximum difference of values of abov_vec: 5.03641E+06 
Iters: 31500 , Maximum difference of values of bel_vec: 0.208803 & Maximum difference of values of abov_vec: 4.75697E+06 
Iters: 32000 , Maximum difference of values of bel_vec: 0.197216 & Maximum difference of values of abov_vec: 4.49303E+06 
Iters: 32500 , Maximum difference of values of bel_vec: 0.186272 & Maximum difference of values of abov_vec: 4.24374E+06 
Iters: 33000 , Maximum difference of values of bel_vec: 0.175936 & Maximum difference of values of abov_vec: 4.00827E+06 
Iters: 33500 , Maximum difference of values of bel_vec: 0.166172 & Maximum difference of values of abov_vec: 3.78588E+06 
Iters: 34000 , Maximum difference of values of bel_vec: 0.156951 & Maximum difference of values of abov_vec: 3.57582E+06 
Iters: 34500 , Maximum difference of values of bel_vec: 0.148242 & Maximum difference of values of abov_vec: 3.37742E+06 
Iters: 35000 , Maximum difference of values of bel_vec: 0.140015 & Maximum difference of values of abov_vec: 3.19002E+06 
Iters: 35500 , Maximum difference of values of bel_vec: 0.132246 & Maximum difference of values of abov_vec: 3.01303E+06 
Iters: 36000 , Maximum difference of values of bel_vec: 0.124907 & Maximum difference of values of abov_vec: 2.84585E+06 
Iters: 36500 , Maximum difference of values of bel_vec: 0.117976 & Maximum difference of values of abov_vec: 2.68795E+06 
Iters: 37000 , Maximum difference of values of bel_vec: 0.111429 & Maximum difference of values of abov_vec: 2.53881E+06 
Iters: 37500 , Maximum difference of values of bel_vec: 0.105246 & Maximum difference of values of abov_vec: 2.39795E+06 
Iters: 38000 , Maximum difference of values of bel_vec: 0.0994052 & Maximum difference of values of abov_vec: 2.2649E+06 
Iters: 38500 , Maximum difference of values of bel_vec: 0.093889 & Maximum difference of values of abov_vec: 2.13923E+06 
Iters: 39000 , Maximum difference of values of bel_vec: 0.0886789 & Maximum difference of values of abov_vec: 2.02054E+06 
Iters: 39500 , Maximum difference of values of bel_vec: 0.0837579 & Maximum difference of values of abov_vec: 1.90843E+06 
Iters: 40000 , Maximum difference of values of bel_vec: 0.07911 & Maximum difference of values of abov_vec: 1.80254E+06 
Iters: 40500 , Maximum difference of values of bel_vec: 0.07472 & Maximum difference of values of abov_vec: 1.70253E+06 
Iters: 41000 , Maximum difference of values of bel_vec: 0.0705737 & Maximum difference of values of abov_vec: 1.60806E+06 
Iters: 41500 , Maximum difference of values of bel_vec: 0.0666574 & Maximum difference of values of abov_vec: 1.51884E+06 
Iters: 42000 , Maximum difference of values of bel_vec: 0.0629584 & Maximum difference of values of abov_vec: 1.43457E+06 
Iters: 42500 , Maximum difference of values of bel_vec: 0.0594647 & Maximum difference of values of abov_vec: 1.35497E+06 Iteration 42672: max relative diff=11636972641.882746, 500.00 sec so far

Iters: 43000 , Maximum difference of values of bel_vec: 0.0561649 & Maximum difference of values of abov_vec: 1.27979E+06 
Iters: 43500 , Maximum difference of values of bel_vec: 0.0530482 & Maximum difference of values of abov_vec: 1.20878E+06 
Iters: 44000 , Maximum difference of values of bel_vec: 0.0501044 & Maximum difference of values of abov_vec: 1.14172E+06 
Iters: 44500 , Maximum difference of values of bel_vec: 0.047324 & Maximum difference of values of abov_vec: 1.07837E+06 
Iters: 45000 , Maximum difference of values of bel_vec: 0.0446979 & Maximum difference of values of abov_vec: 1.01854E+06 
Iters: 45500 , Maximum difference of values of bel_vec: 0.0422175 & Maximum difference of values of abov_vec: 962023 
Iters: 46000 , Maximum difference of values of bel_vec: 0.0398748 & Maximum difference of values of abov_vec: 908645 
Iters: 46500 , Maximum difference of values of bel_vec: 0.037662 & Maximum difference of values of abov_vec: 858230 
Iters: 47000 , Maximum difference of values of bel_vec: 0.0355721 & Maximum difference of values of abov_vec: 810611 
Iters: 47500 , Maximum difference of values of bel_vec: 0.0335981 & Maximum difference of values of abov_vec: 765635 
Iters: 48000 , Maximum difference of values of bel_vec: 0.0317337 & Maximum difference of values of abov_vec: 723154 
Iters: 48500 , Maximum difference of values of bel_vec: 0.0299727 & Maximum difference of values of abov_vec: 683030 
Iters: 49000 , Maximum difference of values of bel_vec: 0.0283095 & Maximum difference of values of abov_vec: 645133 
Iters: 49500 , Maximum difference of values of bel_vec: 0.0267385 & Maximum difference of values of abov_vec: 609338 
Iters: 50000 , Maximum difference of values of bel_vec: 0.0252547 & Maximum difference of values of abov_vec: 575529 
Iters: 50500 , Maximum difference of values of bel_vec: 0.0238533 & Maximum difference of values of abov_vec: 543596 
Iters: 51000 , Maximum difference of values of bel_vec: 0.0225296 & Maximum difference of values of abov_vec: 513435 
Iters: 51500 , Maximum difference of values of bel_vec: 0.0212794 & Maximum difference of values of abov_vec: 484947 
Iters: 52000 , Maximum difference of values of bel_vec: 0.0200986 & Maximum difference of values of abov_vec: 458040 
Iters: 52500 , Maximum difference of values of bel_vec: 0.0189833 & Maximum difference of values of abov_vec: 432626 
Iters: 53000 , Maximum difference of values of bel_vec: 0.0179298 & Maximum difference of values of abov_vec: 408622 
Iters: 53500 , Maximum difference of values of bel_vec: 0.0169349 & Maximum difference of values of abov_vec: 385950 
Iters: 54000 , Maximum difference of values of bel_vec: 0.0159951 & Maximum difference of values of abov_vec: 364536 
Iters: 54500 , Maximum difference of values of bel_vec: 0.0151075 & Maximum difference of values of abov_vec: 344310 
Iters: 55000 , Maximum difference of values of bel_vec: 0.0142692 & Maximum difference of values of abov_vec: 325206 
Iters: 55500 , Maximum difference of values of bel_vec: 0.0134773 & Maximum difference of values of abov_vec: 307162 
Iters: 56000 , Maximum difference of values of bel_vec: 0.0127295 & Maximum difference of values of abov_vec: 290119 
Iters: 56500 , Maximum difference of values of bel_vec: 0.0120231 & Maximum difference of values of abov_vec: 274022 
Iters: 57000 , Maximum difference of values of bel_vec: 0.0113559 & Maximum difference of values of abov_vec: 258818 
Iters: 57500 , Maximum difference of values of bel_vec: 0.0107257 & Maximum difference of values of abov_vec: 244458 
Iters: 58000 , Maximum difference of values of bel_vec: 0.0101305 & Maximum difference of values of abov_vec: 230894 
Iters: 58500 , Maximum difference of values of bel_vec: 0.00956836 & Maximum difference of values of abov_vec: 218083 
Iters: 59000 , Maximum difference of values of bel_vec: 0.00903739 & Maximum difference of values of abov_vec: 205983 
Iters: 59500 , Maximum difference of values of bel_vec: 0.00853589 & Maximum difference of values of abov_vec: 194554 
Iters: 60000 , Maximum difference of values of bel_vec: 0.00806221 & Maximum difference of values of abov_vec: 183759 
Iters: 60500 , Maximum difference of values of bel_vec: 0.00761482 & Maximum difference of values of abov_vec: 173564 
Iters: 61000 , Maximum difference of values of bel_vec: 0.00719226 & Maximum difference of values of abov_vec: 163934 
Iters: 61500 , Maximum difference of values of bel_vec: 0.00679315 & Maximum difference of values of abov_vec: 154838 
Iters: 62000 , Maximum difference of values of bel_vec: 0.00641618 & Maximum difference of values of abov_vec: 146247 
Iters: 62500 , Maximum difference of values of bel_vec: 0.00606013 & Maximum difference of values of abov_vec: 138132 
Iters: 63000 , Maximum difference of values of bel_vec: 0.00572384 & Maximum difference of values of abov_vec: 130468 
Iters: 63500 , Maximum difference of values of bel_vec: 0.00540621 & Maximum difference of values of abov_vec: 123229 
Iters: 64000 , Maximum difference of values of bel_vec: 0.00510621 & Maximum difference of values of abov_vec: 116392 
Iters: 64500 , Maximum difference of values of bel_vec: 0.00482286 & Maximum difference of values of abov_vec: 109934 
Iters: 65000 , Maximum difference of values of bel_vec: 0.00455523 & Maximum difference of values of abov_vec: 103834 
Iters: 65500 , Maximum difference of values of bel_vec: 0.00430245 & Maximum difference of values of abov_vec: 98073.1 
Iters: 66000 , Maximum difference of values of bel_vec: 0.00406369 & Maximum difference of values of abov_vec: 92631.6 
Iters: 66500 , Maximum difference of values of bel_vec: 0.00383819 & Maximum difference of values of abov_vec: 87491.9 
Iters: 67000 , Maximum difference of values of bel_vec: 0.0036252 & Maximum difference of values of abov_vec: 82637.5 
Iters: 67500 , Maximum difference of values of bel_vec: 0.00342403 & Maximum difference of values of abov_vec: 78052.4 
Iters: 68000 , Maximum difference of values of bel_vec: 0.00323402 & Maximum difference of values of abov_vec: 73721.7 
Iters: 68500 , Maximum difference of values of bel_vec: 0.00305456 & Maximum difference of values of abov_vec: 69631.3 
Iters: 69000 , Maximum difference of values of bel_vec: 0.00288506 & Maximum difference of values of abov_vec: 65767.9 
Iters: 69500 , Maximum difference of values of bel_vec: 0.00272496 & Maximum difference of values of abov_vec: 62118.8 
Iters: 70000 , Maximum difference of values of bel_vec: 0.00257375 & Maximum difference of values of abov_vec: 58672.1 
Iters: 70500 , Maximum difference of values of bel_vec: 0.00243092 & Maximum difference of values of abov_vec: 55416.7 
Iters: 71000 , Maximum difference of values of bel_vec: 0.00229603 & Maximum difference of values of abov_vec: 52342 
Iters: 71500 , Maximum difference of values of bel_vec: 0.00216861 & Maximum difference of values of abov_vec: 49437.8 
Iters: 72000 , Maximum difference of values of bel_vec: 0.00204827 & Maximum difference of values of abov_vec: 46694.8 
Iters: 72500 , Maximum difference of values of bel_vec: 0.00193461 & Maximum difference of values of abov_vec: 44103.9 
Iters: 73000 , Maximum difference of values of bel_vec: 0.00182725 & Maximum difference of values of abov_vec: 41656.9 
Iters: 73500 , Maximum difference of values of bel_vec: 0.00172586 & Maximum difference of values of abov_vec: 39345.6 
Iters: 74000 , Maximum difference of values of bel_vec: 0.00163008 & Maximum difference of values of abov_vec: 37162.5 
Iters: 74500 , Maximum difference of values of bel_vec: 0.00153963 & Maximum difference of values of abov_vec: 35100.6 
Iters: 75000 , Maximum difference of values of bel_vec: 0.00145419 & Maximum difference of values of abov_vec: 33153 
Iters: 75500 , Maximum difference of values of bel_vec: 0.00137349 & Maximum difference of values of abov_vec: 31313.5 
Iters: 76000 , Maximum difference of values of bel_vec: 0.00129728 & Maximum difference of values of abov_vec: 29576.1 
Iters: 76500 , Maximum difference of values of bel_vec: 0.00122529 & Maximum difference of values of abov_vec: 27935.1 
Iters: 77000 , Maximum difference of values of bel_vec: 0.00115729 & Maximum difference of values of abov_vec: 26385.1 
Iters: 77500 , Maximum difference of values of bel_vec: 0.00109307 & Maximum difference of values of abov_vec: 24921.2 
Iters: 78000 , Maximum difference of values of bel_vec: 0.00103242 & Maximum difference of values of abov_vec: 23538.4 
Iters: 78500 , Maximum difference of values of bel_vec: 0.000975125 & Maximum difference of values of abov_vec: 22232.4 
Iters: 79000 , Maximum difference of values of bel_vec: 0.000921013 & Maximum difference of values of abov_vec: 20998.9 
Iters: 79500 , Maximum difference of values of bel_vec: 0.000869904 & Maximum difference of values of abov_vec: 19833.8 
Iters: 80000 , Maximum difference of values of bel_vec: 0.000821631 & Maximum difference of values of abov_vec: 18733.3 
Iters: 80500 , Maximum difference of values of bel_vec: 0.000776037 & Maximum difference of values of abov_vec: 17693.9 
Iters: 81000 , Maximum difference of values of bel_vec: 0.000732973 & Maximum difference of values of abov_vec: 16712.2 
Iters: 81500 , Maximum difference of values of bel_vec: 0.000692299 & Maximum difference of values of abov_vec: 15784.9 
Iters: 82000 , Maximum difference of values of bel_vec: 0.000653882 & Maximum difference of values of abov_vec: 14909.1 
Iters: 82500 , Maximum difference of values of bel_vec: 0.000617596 & Maximum difference of values of abov_vec: 14081.9 
Iters: 83000 , Maximum difference of values of bel_vec: 0.000583325 & Maximum difference of values of abov_vec: 13300.5 
Iters: 83500 , Maximum difference of values of bel_vec: 0.000550955 & Maximum difference of values of abov_vec: 12562.6 
Iters: 84000 , Maximum difference of values of bel_vec: 0.000520381 & Maximum difference of values of abov_vec: 11865.5 
Iters: 84500 , Maximum difference of values of bel_vec: 0.000491504 & Maximum difference of values of abov_vec: 11207.2 
Iters: 85000 , Maximum difference of values of bel_vec: 0.000464229 & Maximum difference of values of abov_vec: 10585.4 Iteration 85445: max relative diff=88120909.765412, 1000.01 sec so far

Iters: 85500 , Maximum difference of values of bel_vec: 0.000438468 & Maximum difference of values of abov_vec: 9998.03 
Iters: 86000 , Maximum difference of values of bel_vec: 0.000414137 & Maximum difference of values of abov_vec: 9443.3 
Iters: 86500 , Maximum difference of values of bel_vec: 0.000391155 & Maximum difference of values of abov_vec: 8919.34 
Iters: 87000 , Maximum difference of values of bel_vec: 0.000369449 & Maximum difference of values of abov_vec: 8424.45 
Iters: 87500 , Maximum difference of values of bel_vec: 0.000348948 & Maximum difference of values of abov_vec: 7957.03 
Iters: 88000 , Maximum difference of values of bel_vec: 0.000329584 & Maximum difference of values of abov_vec: 7515.54 
Iters: 88500 , Maximum difference of values of bel_vec: 0.000311295 & Maximum difference of values of abov_vec: 7098.54 
Iters: 89000 , Maximum difference of values of bel_vec: 0.00029402 & Maximum difference of values of abov_vec: 6704.68 
Iters: 89500 , Maximum difference of values of bel_vec: 0.000277704 & Maximum difference of values of abov_vec: 6332.68 
Iters: 90000 , Maximum difference of values of bel_vec: 0.000262294 & Maximum difference of values of abov_vec: 5981.31 
Iters: 90500 , Maximum difference of values of bel_vec: 0.000247739 & Maximum difference of values of abov_vec: 5649.44 
Iters: 91000 , Maximum difference of values of bel_vec: 0.000233991 & Maximum difference of values of abov_vec: 5335.99 
Iters: 91500 , Maximum difference of values of bel_vec: 0.000221006 & Maximum difference of values of abov_vec: 5039.92 
Iters: 92000 , Maximum difference of values of bel_vec: 0.000208742 & Maximum difference of values of abov_vec: 4760.29 
Iters: 92500 , Maximum difference of values of bel_vec: 0.000197159 & Maximum difference of values of abov_vec: 4496.16 
Iters: 93000 , Maximum difference of values of bel_vec: 0.000186218 & Maximum difference of values of abov_vec: 4246.7 
Iters: 93500 , Maximum difference of values of bel_vec: 0.000175884 & Maximum difference of values of abov_vec: 4011.07 
Iters: 94000 , Maximum difference of values of bel_vec: 0.000166124 & Maximum difference of values of abov_vec: 3788.52 
Iters: 94500 , Maximum difference of values of bel_vec: 0.000156906 & Maximum difference of values of abov_vec: 3578.31 
Iters: 95000 , Maximum difference of values of bel_vec: 0.000148199 & Maximum difference of values of abov_vec: 3379.77 
Iters: 95500 , Maximum difference of values of bel_vec: 0.000139975 & Maximum difference of values of abov_vec: 3192.25 
Iters: 96000 , Maximum difference of values of bel_vec: 0.000132207 & Maximum difference of values of abov_vec: 3015.13 
Iters: 96500 , Maximum difference of values of bel_vec: 0.000124871 & Maximum difference of values of abov_vec: 2847.84 
Iters: 97000 , Maximum difference of values of bel_vec: 0.000117941 & Maximum difference of values of abov_vec: 2689.83 
Iters: 97500 , Maximum difference of values of bel_vec: 0.000111397 & Maximum difference of values of abov_vec: 2540.58 
Iters: 98000 , Maximum difference of values of bel_vec: 0.000105215 & Maximum difference of values of abov_vec: 2399.62 
Iters: 98500 , Maximum difference of values of bel_vec: 9.93763E-05 & Maximum difference of values of abov_vec: 2266.48 
Iters: 99000 , Maximum difference of values of bel_vec: 9.38617E-05 & Maximum difference of values of abov_vec: 2140.72 
Iters: 99500 , Maximum difference of values of bel_vec: 8.86531E-05 & Maximum difference of values of abov_vec: 2021.95 
Iters: 100000 , Maximum difference of values of bel_vec: 8.37336E-05 & Maximum difference of values of abov_vec: 1909.76 
Iters: 100500 , Maximum difference of values of bel_vec: 7.9087E-05 & Maximum difference of values of abov_vec: 1803.8 
Iters: 101000 , Maximum difference of values of bel_vec: 7.46983E-05 & Maximum difference of values of abov_vec: 1703.72 
Iters: 101500 , Maximum difference of values of bel_vec: 7.05531E-05 & Maximum difference of values of abov_vec: 1609.19 
Iters: 102000 , Maximum difference of values of bel_vec: 6.6638E-05 & Maximum difference of values of abov_vec: 1519.9 
Iters: 102500 , Maximum difference of values of bel_vec: 6.29401E-05 & Maximum difference of values of abov_vec: 1435.57 
Iters: 103000 , Maximum difference of values of bel_vec: 5.94474E-05 & Maximum difference of values of abov_vec: 1355.92 
Iters: 103500 , Maximum difference of values of bel_vec: 5.61486E-05 & Maximum difference of values of abov_vec: 1280.69 
Iters: 104000 , Maximum difference of values of bel_vec: 5.30328E-05 & Maximum difference of values of abov_vec: 1209.63 
Iters: 104500 , Maximum difference of values of bel_vec: 5.00899E-05 & Maximum difference of values of abov_vec: 1142.51 
Iters: 105000 , Maximum difference of values of bel_vec: 4.73103E-05 & Maximum difference of values of abov_vec: 1079.12 
Iters: 105500 , Maximum difference of values of bel_vec: 4.46849E-05 & Maximum difference of values of abov_vec: 1019.25 
Iters: 106000 , Maximum difference of values of bel_vec: 4.22052E-05 & Maximum difference of values of abov_vec: 962.694 
Iters: 106500 , Maximum difference of values of bel_vec: 3.98632E-05 & Maximum difference of values of abov_vec: 909.279 
Iters: 107000 , Maximum difference of values of bel_vec: 3.76511E-05 & Maximum difference of values of abov_vec: 858.828 
Iters: 107500 , Maximum difference of values of bel_vec: 3.55618E-05 & Maximum difference of values of abov_vec: 811.177 
Iters: 108000 , Maximum difference of values of bel_vec: 3.35884E-05 & Maximum difference of values of abov_vec: 766.169 
Iters: 108500 , Maximum difference of values of bel_vec: 3.17245E-05 & Maximum difference of values of abov_vec: 723.659 
Iters: 109000 , Maximum difference of values of bel_vec: 2.9964E-05 & Maximum difference of values of abov_vec: 683.507 
Iters: 109500 , Maximum difference of values of bel_vec: 2.83012E-05 & Maximum difference of values of abov_vec: 645.583 
Iters: 110000 , Maximum difference of values of bel_vec: 2.67307E-05 & Maximum difference of values of abov_vec: 609.763 
Iters: 110500 , Maximum difference of values of bel_vec: 2.52474E-05 & Maximum difference of values of abov_vec: 575.931 
Iters: 111000 , Maximum difference of values of bel_vec: 2.38464E-05 & Maximum difference of values of abov_vec: 543.975 
Iters: 111500 , Maximum difference of values of bel_vec: 2.25231E-05 & Maximum difference of values of abov_vec: 513.793 
Iters: 112000 , Maximum difference of values of bel_vec: 2.12732E-05 & Maximum difference of values of abov_vec: 485.286 
Iters: 112500 , Maximum difference of values of bel_vec: 2.00927E-05 & Maximum difference of values of abov_vec: 458.36 
Iters: 113000 , Maximum difference of values of bel_vec: 1.89777E-05 & Maximum difference of values of abov_vec: 432.928 
Iters: 113500 , Maximum difference of values of bel_vec: 1.79246E-05 & Maximum difference of values of abov_vec: 408.907 
Iters: 114000 , Maximum difference of values of bel_vec: 1.69299E-05 & Maximum difference of values of abov_vec: 386.219 
Iters: 114500 , Maximum difference of values of bel_vec: 1.59905E-05 & Maximum difference of values of abov_vec: 364.79 
Iters: 115000 , Maximum difference of values of bel_vec: 1.51031E-05 & Maximum difference of values of abov_vec: 344.55 
Iters: 115500 , Maximum difference of values of bel_vec: 1.4265E-05 & Maximum difference of values of abov_vec: 325.433 
Iters: 116000 , Maximum difference of values of bel_vec: 1.34734E-05 & Maximum difference of values of abov_vec: 307.376 
Iters: 116500 , Maximum difference of values of bel_vec: 1.27258E-05 & Maximum difference of values of abov_vec: 290.322 
Iters: 117000 , Maximum difference of values of bel_vec: 1.20196E-05 & Maximum difference of values of abov_vec: 274.213 
Iters: 117500 , Maximum difference of values of bel_vec: 1.13526E-05 & Maximum difference of values of abov_vec: 258.999 
Iters: 118000 , Maximum difference of values of bel_vec: 1.07226E-05 & Maximum difference of values of abov_vec: 244.628 
Iters: 118500 , Maximum difference of values of bel_vec: 1.01276E-05 & Maximum difference of values of abov_vec: 231.055 
Iters: 119000 , Maximum difference of values of bel_vec: 9.56558E-06 & Maximum difference of values of abov_vec: 218.235 
Iters: 119500 , Maximum difference of values of bel_vec: 9.03476E-06 & Maximum difference of values of abov_vec: 206.127 
Iters: 120000 , Maximum difference of values of bel_vec: 8.5334E-06 & Maximum difference of values of abov_vec: 194.69 
Iters: 120500 , Maximum difference of values of bel_vec: 8.05987E-06 & Maximum difference of values of abov_vec: 183.888 
Iters: 121000 , Maximum difference of values of bel_vec: 7.61261E-06 & Maximum difference of values of abov_vec: 173.685 
Iters: 121500 , Maximum difference of values of bel_vec: 7.19017E-06 & Maximum difference of values of abov_vec: 164.048 
Iters: 122000 , Maximum difference of values of bel_vec: 6.79117E-06 & Maximum difference of values of abov_vec: 154.946 
Iters: 122500 , Maximum difference of values of bel_vec: 6.41432E-06 & Maximum difference of values of abov_vec: 146.349 
Iters: 123000 , Maximum difference of values of bel_vec: 6.05838E-06 & Maximum difference of values of abov_vec: 138.229 
Iters: 123500 , Maximum difference of values of bel_vec: 5.72218E-06 & Maximum difference of values of abov_vec: 130.559 
Iters: 124000 , Maximum difference of values of bel_vec: 5.40465E-06 & Maximum difference of values of abov_vec: 123.315 
Iters: 124500 , Maximum difference of values of bel_vec: 5.10472E-06 & Maximum difference of values of abov_vec: 116.473 
Iters: 125000 , Maximum difference of values of bel_vec: 4.82146E-06 & Maximum difference of values of abov_vec: 110.011 
Iters: 125500 , Maximum difference of values of bel_vec: 4.5539E-06 & Maximum difference of values of abov_vec: 103.907 
Iters: 126000 , Maximum difference of values of bel_vec: 4.3012E-06 & Maximum difference of values of abov_vec: 98.1415 
Iters: 126500 , Maximum difference of values of bel_vec: 4.06252E-06 & Maximum difference of values of abov_vec: 92.6962 
Iters: 127000 , Maximum difference of values of bel_vec: 3.83708E-06 & Maximum difference of values of abov_vec: 87.553 
Iters: 127500 , Maximum difference of values of bel_vec: 3.62415E-06 & Maximum difference of values of abov_vec: 82.6952 
Iters: 128000 , Maximum difference of values of bel_vec: 3.42303E-06 & Maximum difference of values of abov_vec: 78.1069 Iteration 128167: max relative diff=671191.737058, 1500.01 sec so far

Iters: 128500 , Maximum difference of values of bel_vec: 3.23309E-06 & Maximum difference of values of abov_vec: 73.7732 
Iters: 129000 , Maximum difference of values of bel_vec: 3.05368E-06 & Maximum difference of values of abov_vec: 69.6799 
Iters: 129500 , Maximum difference of values of bel_vec: 2.88422E-06 & Maximum difference of values of abov_vec: 65.8137 
Iters: 130000 , Maximum difference of values of bel_vec: 2.72417E-06 & Maximum difference of values of abov_vec: 62.1621 
Iters: 130500 , Maximum difference of values of bel_vec: 2.573E-06 & Maximum difference of values of abov_vec: 58.7131 
Iters: 131000 , Maximum difference of values of bel_vec: 2.43021E-06 & Maximum difference of values of abov_vec: 55.4554 
Iters: 131500 , Maximum difference of values of bel_vec: 2.29536E-06 & Maximum difference of values of abov_vec: 52.3785 
Iters: 132000 , Maximum difference of values of bel_vec: 2.16798E-06 & Maximum difference of values of abov_vec: 49.4723 
Iters: 132500 , Maximum difference of values of bel_vec: 2.04768E-06 & Maximum difference of values of abov_vec: 46.7274 
Iters: 133000 , Maximum difference of values of bel_vec: 1.93405E-06 & Maximum difference of values of abov_vec: 44.1347 
Iters: 133500 , Maximum difference of values of bel_vec: 1.82672E-06 & Maximum difference of values of abov_vec: 41.6859 
Iters: 134000 , Maximum difference of values of bel_vec: 1.72536E-06 & Maximum difference of values of abov_vec: 39.373 
Iters: 134500 , Maximum difference of values of bel_vec: 1.62961E-06 & Maximum difference of values of abov_vec: 37.1884 
Iters: 135000 , Maximum difference of values of bel_vec: 1.53918E-06 & Maximum difference of values of abov_vec: 35.125 
Iters: 135500 , Maximum difference of values of bel_vec: 1.45377E-06 & Maximum difference of values of abov_vec: 33.1761 
Iters: 136000 , Maximum difference of values of bel_vec: 1.3731E-06 & Maximum difference of values of abov_vec: 31.3354 
Iters: 136500 , Maximum difference of values of bel_vec: 1.2969E-06 & Maximum difference of values of abov_vec: 29.5968 
Iters: 137000 , Maximum difference of values of bel_vec: 1.22494E-06 & Maximum difference of values of abov_vec: 27.9546 
Iters: 137500 , Maximum difference of values of bel_vec: 1.15696E-06 & Maximum difference of values of abov_vec: 26.4036 
Iters: 138000 , Maximum difference of values of bel_vec: 1.09276E-06 & Maximum difference of values of abov_vec: 24.9386 
Iters: 138500 , Maximum difference of values of bel_vec: 1.03212E-06 & Maximum difference of values of abov_vec: 23.5549 
Iters: 139000 , Maximum difference of values of bel_vec: 9.74847E-07 & Maximum difference of values of abov_vec: 22.2479 
Iters: 139500 , Maximum difference of values of bel_vec: 9.20743E-07 & Maximum difference of values of abov_vec: 21.0135 
Iters: 140000 , Maximum difference of values of bel_vec: 8.69652E-07 & Maximum difference of values of abov_vec: 19.8476 
Iters: 140500 , Maximum difference of values of bel_vec: 8.2139E-07 & Maximum difference of values of abov_vec: 18.7464 
Iters: 141000 , Maximum difference of values of bel_vec: 7.75814E-07 & Maximum difference of values of abov_vec: 17.7062 
Iters: 141500 , Maximum difference of values of bel_vec: 7.32762E-07 & Maximum difference of values of abov_vec: 16.7238 
Iters: 142000 , Maximum difference of values of bel_vec: 6.92096E-07 & Maximum difference of values of abov_vec: 15.7959 
Iters: 142500 , Maximum difference of values of bel_vec: 6.53687E-07 & Maximum difference of values of abov_vec: 14.9195 
Iters: 143000 , Maximum difference of values of bel_vec: 6.17416E-07 & Maximum difference of values of abov_vec: 14.0917 
Iters: 143500 , Maximum difference of values of bel_vec: 5.83153E-07 & Maximum difference of values of abov_vec: 13.3098 
Iters: 144000 , Maximum difference of values of bel_vec: 5.50797E-07 & Maximum difference of values of abov_vec: 12.5713 
Iters: 144500 , Maximum difference of values of bel_vec: 5.20231E-07 & Maximum difference of values of abov_vec: 11.8738 
Iters: 145000 , Maximum difference of values of bel_vec: 4.9136E-07 & Maximum difference of values of abov_vec: 11.215 
Iters: 145500 , Maximum difference of values of bel_vec: 4.64097E-07 & Maximum difference of values of abov_vec: 10.5927 
Iters: 146000 , Maximum difference of values of bel_vec: 4.3834E-07 & Maximum difference of values of abov_vec: 10.005 
Iters: 146500 , Maximum difference of values of bel_vec: 4.14017E-07 & Maximum difference of values of abov_vec: 9.44988 
Iters: 147000 , Maximum difference of values of bel_vec: 3.91039E-07 & Maximum difference of values of abov_vec: 8.92556 
Iters: 147500 , Maximum difference of values of bel_vec: 3.69342E-07 & Maximum difference of values of abov_vec: 8.43033 
Iters: 148000 , Maximum difference of values of bel_vec: 3.48846E-07 & Maximum difference of values of abov_vec: 7.96258 
Iters: 148500 , Maximum difference of values of bel_vec: 3.29492E-07 & Maximum difference of values of abov_vec: 7.52078 
Iters: 149000 , Maximum difference of values of bel_vec: 3.11207E-07 & Maximum difference of values of abov_vec: 7.10349 
Iters: 149500 , Maximum difference of values of bel_vec: 2.93934E-07 & Maximum difference of values of abov_vec: 6.70936 
Iters: 150000 , Maximum difference of values of bel_vec: 2.77621E-07 & Maximum difference of values of abov_vec: 6.3371 
Iters: 150500 , Maximum difference of values of bel_vec: 2.62218E-07 & Maximum difference of values of abov_vec: 5.98549 
Iters: 151000 , Maximum difference of values of bel_vec: 2.47666E-07 & Maximum difference of values of abov_vec: 5.65338 
Iters: 151500 , Maximum difference of values of bel_vec: 2.33922E-07 & Maximum difference of values of abov_vec: 5.33971 
Iters: 152000 , Maximum difference of values of bel_vec: 2.20942E-07 & Maximum difference of values of abov_vec: 5.04344 
Iters: 152500 , Maximum difference of values of bel_vec: 2.08689E-07 & Maximum difference of values of abov_vec: 4.76361 
Iters: 153000 , Maximum difference of values of bel_vec: 1.97106E-07 & Maximum difference of values of abov_vec: 4.4993 
Iters: 153500 , Maximum difference of values of bel_vec: 1.86163E-07 & Maximum difference of values of abov_vec: 4.24966 
Iters: 154000 , Maximum difference of values of bel_vec: 1.75838E-07 & Maximum difference of values of abov_vec: 4.01387 
Iters: 154500 , Maximum difference of values of bel_vec: 1.66074E-07 & Maximum difference of values of abov_vec: 3.79116 
Iters: 155000 , Maximum difference of values of bel_vec: 1.56862E-07 & Maximum difference of values of abov_vec: 3.58081 
Iters: 155500 , Maximum difference of values of bel_vec: 1.48153E-07 & Maximum difference of values of abov_vec: 3.38213 
Iters: 156000 , Maximum difference of values of bel_vec: 1.39931E-07 & Maximum difference of values of abov_vec: 3.19448 
Iters: 156500 , Maximum difference of values of bel_vec: 1.32168E-07 & Maximum difference of values of abov_vec: 3.01723 
Iters: 157000 , Maximum difference of values of bel_vec: 1.24834E-07 & Maximum difference of values of abov_vec: 2.84982 
Iters: 157500 , Maximum difference of values of bel_vec: 1.17907E-07 & Maximum difference of values of abov_vec: 2.6917 
Iters: 158000 , Maximum difference of values of bel_vec: 1.11366E-07 & Maximum difference of values of abov_vec: 2.54235 
Iters: 158500 , Maximum difference of values of bel_vec: 1.05181E-07 & Maximum difference of values of abov_vec: 2.40129 
Iters: 159000 , Maximum difference of values of bel_vec: 9.93459E-08 & Maximum difference of values of abov_vec: 2.26806 
Iters: 159500 , Maximum difference of values of bel_vec: 9.3838E-08 & Maximum difference of values of abov_vec: 2.14222 
Iters: 160000 , Maximum difference of values of bel_vec: 8.86284E-08 & Maximum difference of values of abov_vec: 2.02336 
Iters: 160500 , Maximum difference of values of bel_vec: 8.37099E-08 & Maximum difference of values of abov_vec: 1.91109 
Iters: 161000 , Maximum difference of values of bel_vec: 7.90678E-08 & Maximum difference of values of abov_vec: 1.80506 
Iters: 161500 , Maximum difference of values of bel_vec: 7.46804E-08 & Maximum difference of values of abov_vec: 1.7049 
Iters: 162000 , Maximum difference of values of bel_vec: 7.05331E-08 & Maximum difference of values of abov_vec: 1.61031 
Iters: 162500 , Maximum difference of values of bel_vec: 6.66187E-08 & Maximum difference of values of abov_vec: 1.52096 
Iters: 163000 , Maximum difference of values of bel_vec: 6.29225E-08 & Maximum difference of values of abov_vec: 1.43657 
Iters: 163500 , Maximum difference of values of bel_vec: 5.943E-08 & Maximum difference of values of abov_vec: 1.35686 
Iters: 164000 , Maximum difference of values of bel_vec: 5.61267E-08 & Maximum difference of values of abov_vec: 1.28158 
Iters: 164500 , Maximum difference of values of bel_vec: 5.30199E-08 & Maximum difference of values of abov_vec: 1.21047 
Iters: 165000 , Maximum difference of values of bel_vec: 5.00804E-08 & Maximum difference of values of abov_vec: 1.14331 
Iters: 165500 , Maximum difference of values of bel_vec: 4.7301E-08 & Maximum difference of values of abov_vec: 1.07987 
Iters: 166000 , Maximum difference of values of bel_vec: 4.46744E-08 & Maximum difference of values of abov_vec: 1.01996 
Iters: 166500 , Maximum difference of values of bel_vec: 4.21933E-08 & Maximum difference of values of abov_vec: 0.963366 
Iters: 167000 , Maximum difference of values of bel_vec: 3.98504E-08 & Maximum difference of values of abov_vec: 0.909914 
Iters: 167500 , Maximum difference of values of bel_vec: 3.76385E-08 & Maximum difference of values of abov_vec: 0.859428 
Iters: 168000 , Maximum difference of values of bel_vec: 3.55503E-08 & Maximum difference of values of abov_vec: 0.811743 
Iters: 168500 , Maximum difference of values of bel_vec: 3.35785E-08 & Maximum difference of values of abov_vec: 0.766704 
Iters: 169000 , Maximum difference of values of bel_vec: 3.17159E-08 & Maximum difference of values of abov_vec: 0.724164 
Iters: 169500 , Maximum difference of values of bel_vec: 2.99551E-08 & Maximum difference of values of abov_vec: 0.683984 
Iters: 170000 , Maximum difference of values of bel_vec: 2.82889E-08 & Maximum difference of values of abov_vec: 0.646033 
Iters: 170500 , Maximum difference of values of bel_vec: 2.67246E-08 & Maximum difference of values of abov_vec: 0.610189 Iteration 170898: max relative diff=5107.025126, 2000.02 sec so far

Iters: 171000 , Maximum difference of values of bel_vec: 2.52403E-08 & Maximum difference of values of abov_vec: 0.576333 
Iters: 171500 , Maximum difference of values of bel_vec: 2.3836E-08 & Maximum difference of values of abov_vec: 0.544355 
Iters: 172000 , Maximum difference of values of bel_vec: 2.25191E-08 & Maximum difference of values of abov_vec: 0.514152 
Iters: 172500 , Maximum difference of values of bel_vec: 2.12676E-08 & Maximum difference of values of abov_vec: 0.485624 
Iters: 173000 , Maximum difference of values of bel_vec: 2.00889E-08 & Maximum difference of values of abov_vec: 0.45868 
Iters: 173500 , Maximum difference of values of bel_vec: 1.89757E-08 & Maximum difference of values of abov_vec: 0.43323 
Iters: 174000 , Maximum difference of values of bel_vec: 1.79207E-08 & Maximum difference of values of abov_vec: 0.409193 
Iters: 174500 , Maximum difference of values of bel_vec: 1.69239E-08 & Maximum difference of values of abov_vec: 0.386489 
Iters: 175000 , Maximum difference of values of bel_vec: 1.59853E-08 & Maximum difference of values of abov_vec: 0.365045 
Iters: 175500 , Maximum difference of values of bel_vec: 1.50976E-08 & Maximum difference of values of abov_vec: 0.34479 
Iters: 176000 , Maximum difference of values of bel_vec: 1.42609E-08 & Maximum difference of values of abov_vec: 0.32566 
Iters: 176500 , Maximum difference of values of bel_vec: 1.34678E-08 & Maximum difference of values of abov_vec: 0.307591 
Iters: 177000 , Maximum difference of values of bel_vec: 1.27256E-08 & Maximum difference of values of abov_vec: 0.290524 
Iters: 177500 , Maximum difference of values of bel_vec: 1.20199E-08 & Maximum difference of values of abov_vec: 0.274405 
Iters: 178000 , Maximum difference of values of bel_vec: 1.13505E-08 & Maximum difference of values of abov_vec: 0.25918 
Iters: 178500 , Maximum difference of values of bel_vec: 1.07175E-08 & Maximum difference of values of abov_vec: 0.244799 
Iters: 179000 , Maximum difference of values of bel_vec: 1.01281E-08 & Maximum difference of values of abov_vec: 0.231217 
Iters: 179500 , Maximum difference of values of bel_vec: 9.56061E-09 & Maximum difference of values of abov_vec: 0.218388 
Iters: 180000 , Maximum difference of values of bel_vec: 9.02946E-09 & Maximum difference of values of abov_vec: 0.206271 
Iters: 180500 , Maximum difference of values of bel_vec: 8.5347E-09 & Maximum difference of values of abov_vec: 0.194826 
Iters: 181000 , Maximum difference of values of bel_vec: 8.06176E-09 & Maximum difference of values of abov_vec: 0.184016 
Iters: 181500 , Maximum difference of values of bel_vec: 7.61065E-09 & Maximum difference of values of abov_vec: 0.173806 
Iters: 182000 , Maximum difference of values of bel_vec: 7.18865E-09 & Maximum difference of values of abov_vec: 0.164162 
Iters: 182500 , Maximum difference of values of bel_vec: 6.78847E-09 & Maximum difference of values of abov_vec: 0.155054 
Iters: 183000 , Maximum difference of values of bel_vec: 6.41012E-09 & Maximum difference of values of abov_vec: 0.146451 
Iters: 183500 , Maximum difference of values of bel_vec: 6.0536E-09 & Maximum difference of values of abov_vec: 0.138325 
Iters: 184000 , Maximum difference of values of bel_vec: 5.7189E-09 & Maximum difference of values of abov_vec: 0.13065 
Iters: 184500 , Maximum difference of values of bel_vec: 5.40604E-09 & Maximum difference of values of abov_vec: 0.123401 
Iters: 185000 , Maximum difference of values of bel_vec: 5.10045E-09 & Maximum difference of values of abov_vec: 0.116554 
Iters: 185500 , Maximum difference of values of bel_vec: 4.81668E-09 & Maximum difference of values of abov_vec: 0.110087 
Iters: 186000 , Maximum difference of values of bel_vec: 4.55475E-09 & Maximum difference of values of abov_vec: 0.103979 
Iters: 186500 , Maximum difference of values of bel_vec: 4.30009E-09 & Maximum difference of values of abov_vec: 0.09821 
Iters: 187000 , Maximum difference of values of bel_vec: 4.05998E-09 & Maximum difference of values of abov_vec: 0.0927609 
Iters: 187500 , Maximum difference of values of bel_vec: 3.84171E-09 & Maximum difference of values of abov_vec: 0.0876141 
Iters: 188000 , Maximum difference of values of bel_vec: 3.62343E-09 & Maximum difference of values of abov_vec: 0.0827529 
Iters: 188500 , Maximum difference of values of bel_vec: 3.4197E-09 & Maximum difference of values of abov_vec: 0.0781614 
Iters: 189000 , Maximum difference of values of bel_vec: 3.23053E-09 & Maximum difference of values of abov_vec: 0.0738246 
Iters: 189500 , Maximum difference of values of bel_vec: 3.0559E-09 & Maximum difference of values of abov_vec: 0.0697285 
Iters: 190000 , Maximum difference of values of bel_vec: 2.88128E-09 & Maximum difference of values of abov_vec: 0.0658597 
Iters: 190500 , Maximum difference of values of bel_vec: 2.72121E-09 & Maximum difference of values of abov_vec: 0.0622055 
Iters: 191000 , Maximum difference of values of bel_vec: 2.57569E-09 & Maximum difference of values of abov_vec: 0.058754 
Iters: 191500 , Maximum difference of values of bel_vec: 2.43017E-09 & Maximum difference of values of abov_vec: 0.0554941 
Iters: 192000 , Maximum difference of values of bel_vec: 2.2992E-09 & Maximum difference of values of abov_vec: 0.052415 
Iters: 192500 , Maximum difference of values of bel_vec: 2.16824E-09 & Maximum difference of values of abov_vec: 0.0495068 
Iters: 193000 , Maximum difference of values of bel_vec: 2.05182E-09 & Maximum difference of values of abov_vec: 0.04676 
Iters: 193500 , Maximum difference of values of bel_vec: 1.9354E-09 & Maximum difference of values of abov_vec: 0.0441655 
Iters: 194000 , Maximum difference of values of bel_vec: 1.82627E-09 & Maximum difference of values of abov_vec: 0.041715 
Iters: 194500 , Maximum difference of values of bel_vec: 1.73168E-09 & Maximum difference of values of abov_vec: 0.0394005 
Iters: 195000 , Maximum difference of values of bel_vec: 1.62981E-09 & Maximum difference of values of abov_vec: 0.0372144 
Iters: 195500 , Maximum difference of values of bel_vec: 1.5425E-09 & Maximum difference of values of abov_vec: 0.0351496 
Iters: 196000 , Maximum difference of values of bel_vec: 1.45519E-09 & Maximum difference of values of abov_vec: 0.0331993 
Iters: 196500 , Maximum difference of values of bel_vec: 1.37516E-09 & Maximum difference of values of abov_vec: 0.0313573 
Iters: 197000 , Maximum difference of values of bel_vec: 1.29512E-09 & Maximum difference of values of abov_vec: 0.0296174 
Iters: 197500 , Maximum difference of values of bel_vec: 1.22236E-09 & Maximum difference of values of abov_vec: 0.0279741 
Iters: 198000 , Maximum difference of values of bel_vec: 1.15688E-09 & Maximum difference of values of abov_vec: 0.026422 
Iters: 198500 , Maximum difference of values of bel_vec: 1.09139E-09 & Maximum difference of values of abov_vec: 0.024956 
Iters: 199000 , Maximum difference of values of bel_vec: 1.03319E-09 & Maximum difference of values of abov_vec: 0.0235713 
Iters: 199500 , Maximum difference of values of bel_vec: 9.74978E-10 & Maximum difference of values of abov_vec: 0.0222635 
Iters: 200000 , Maximum difference of values of bel_vec: 9.16771E-10 & Maximum difference of values of abov_vec: 0.0210282 
Iters: 200500 , Maximum difference of values of bel_vec: 8.73115E-10 & Maximum difference of values of abov_vec: 0.0198614 
Iters: 201000 , Maximum difference of values of bel_vec: 8.22183E-10 & Maximum difference of values of abov_vec: 0.0187594 
Iters: 201500 , Maximum difference of values of bel_vec: 7.71252E-10 & Maximum difference of values of abov_vec: 0.0177186 
Iters: 202000 , Maximum difference of values of bel_vec: 7.34872E-10 & Maximum difference of values of abov_vec: 0.0167355 
Iters: 202500 , Maximum difference of values of bel_vec: 6.91216E-10 & Maximum difference of values of abov_vec: 0.0158069 
Iters: 203000 , Maximum difference of values of bel_vec: 6.54836E-10 & Maximum difference of values of abov_vec: 0.0149299 
Iters: 203500 , Maximum difference of values of bel_vec: 6.18456E-10 & Maximum difference of values of abov_vec: 0.0141015 
Iters: 204000 , Maximum difference of values of bel_vec: 5.82077E-10 & Maximum difference of values of abov_vec: 0.0133191 
Iters: 204500 , Maximum difference of values of bel_vec: 5.52973E-10 & Maximum difference of values of abov_vec: 0.0125801 
Iters: 205000 , Maximum difference of values of bel_vec: 5.23869E-10 & Maximum difference of values of abov_vec: 0.0118821 
Iters: 205500 , Maximum difference of values of bel_vec: 4.94765E-10 & Maximum difference of values of abov_vec: 0.0112228 
Iters: 206000 , Maximum difference of values of bel_vec: 4.65661E-10 & Maximum difference of values of abov_vec: 0.0106001 
Iters: 206500 , Maximum difference of values of bel_vec: 4.36557E-10 & Maximum difference of values of abov_vec: 0.010012 
Iters: 207000 , Maximum difference of values of bel_vec: 4.1473E-10 & Maximum difference of values of abov_vec: 0.00945648 
Iters: 207500 , Maximum difference of values of bel_vec: 3.92902E-10 & Maximum difference of values of abov_vec: 0.00893179 
Iters: 208000 , Maximum difference of values of bel_vec: 3.71074E-10 & Maximum difference of values of abov_vec: 0.00843622 
Iters: 208500 , Maximum difference of values of bel_vec: 3.49246E-10 & Maximum difference of values of abov_vec: 0.00796814 
Iters: 209000 , Maximum difference of values of bel_vec: 3.34694E-10 & Maximum difference of values of abov_vec: 0.00752603 
Iters: 209500 , Maximum difference of values of bel_vec: 3.12866E-10 & Maximum difference of values of abov_vec: 0.00710845 
Iters: 210000 , Maximum difference of values of bel_vec: 2.91038E-10 & Maximum difference of values of abov_vec: 0.00671404 
Iters: 210500 , Maximum difference of values of bel_vec: 2.76486E-10 & Maximum difference of values of abov_vec: 0.00634152 
Iters: 211000 , Maximum difference of values of bel_vec: 2.61934E-10 & Maximum difference of values of abov_vec: 0.00598966 
Iters: 211500 , Maximum difference of values of bel_vec: 2.47383E-10 & Maximum difference of values of abov_vec: 0.00565733 
Iters: 212000 , Maximum difference of values of bel_vec: 2.32831E-10 & Maximum difference of values of abov_vec: 0.00534344 
Iters: 212500 , Maximum difference of values of bel_vec: 2.18279E-10 & Maximum difference of values of abov_vec: 0.00504696 
Iters: 213000 , Maximum difference of values of bel_vec: 2.03727E-10 & Maximum difference of values of abov_vec: 0.00476693 
Iters: 213500 , Maximum difference of values of bel_vec: 2.03727E-10 & Maximum difference of values of abov_vec: 0.00450244 Iteration 213643: max relative diff=38.796741, 2500.02 sec so far

Iters: 214000 , Maximum difference of values of bel_vec: 1.89175E-10 & Maximum difference of values of abov_vec: 0.00425262 
Iters: 214500 , Maximum difference of values of bel_vec: 1.74623E-10 & Maximum difference of values of abov_vec: 0.00401667 
Iters: 215000 , Maximum difference of values of bel_vec: 1.67347E-10 & Maximum difference of values of abov_vec: 0.00379381 
Iters: 215500 , Maximum difference of values of bel_vec: 1.60071E-10 & Maximum difference of values of abov_vec: 0.00358331 
Iters: 216000 , Maximum difference of values of bel_vec: 1.45519E-10 & Maximum difference of values of abov_vec: 0.00338449 
Iters: 216500 , Maximum difference of values of bel_vec: 1.45519E-10 & Maximum difference of values of abov_vec: 0.00319671 
Iters: 217000 , Maximum difference of values of bel_vec: 1.30967E-10 & Maximum difference of values of abov_vec: 0.00301934 
Iters: 217500 , Maximum difference of values of bel_vec: 1.30967E-10 & Maximum difference of values of abov_vec: 0.00285181 
Iters: 218000 , Maximum difference of values of bel_vec: 1.16415E-10 & Maximum difference of values of abov_vec: 0.00269358 
Iters: 218500 , Maximum difference of values of bel_vec: 1.16415E-10 & Maximum difference of values of abov_vec: 0.00254413 
Iters: 219000 , Maximum difference of values of bel_vec: 1.01863E-10 & Maximum difference of values of abov_vec: 0.00240297 
Iters: 219500 , Maximum difference of values of bel_vec: 1.01863E-10 & Maximum difference of values of abov_vec: 0.00226964 
Iters: 220000 , Maximum difference of values of bel_vec: 9.45874E-11 & Maximum difference of values of abov_vec: 0.00214371 
Iters: 220500 , Maximum difference of values of bel_vec: 8.73115E-11 & Maximum difference of values of abov_vec: 0.00202477 
Iters: 221000 , Maximum difference of values of bel_vec: 8.73115E-11 & Maximum difference of values of abov_vec: 0.00191243 
Iters: 221500 , Maximum difference of values of bel_vec: 8.00355E-11 & Maximum difference of values of abov_vec: 0.00180632 
Iters: 222000 , Maximum difference of values of bel_vec: 7.27596E-11 & Maximum difference of values of abov_vec: 0.00170609 
Iters: 222500 , Maximum difference of values of bel_vec: 7.27596E-11 & Maximum difference of values of abov_vec: 0.00161143 
Iters: 223000 , Maximum difference of values of bel_vec: 7.27596E-11 & Maximum difference of values of abov_vec: 0.00152202 
Iters: 223500 , Maximum difference of values of bel_vec: 5.82077E-11 & Maximum difference of values of abov_vec: 0.00143757 
Iters: 224000 , Maximum difference of values of bel_vec: 5.82077E-11 & Maximum difference of values of abov_vec: 0.00135781 
Iters: 224500 , Maximum difference of values of bel_vec: 5.82077E-11 & Maximum difference of values of abov_vec: 0.00128247 
Iters: 225000 , Maximum difference of values of bel_vec: 5.82077E-11 & Maximum difference of values of abov_vec: 0.00121132 
Iters: 225500 , Maximum difference of values of bel_vec: 5.09317E-11 & Maximum difference of values of abov_vec: 0.00114411 
Iters: 226000 , Maximum difference of values of bel_vec: 4.36557E-11 & Maximum difference of values of abov_vec: 0.00108063 
Iters: 226500 , Maximum difference of values of bel_vec: 4.36557E-11 & Maximum difference of values of abov_vec: 0.00102067 
Iters: 227000 , Maximum difference of values of bel_vec: 4.36557E-11 & Maximum difference of values of abov_vec: 0.000964038 
Iters: 227500 , Maximum difference of values of bel_vec: 4.36557E-11 & Maximum difference of values of abov_vec: 0.000910549 
Iters: 228000 , Maximum difference of values of bel_vec: 4.36557E-11 & Maximum difference of values of abov_vec: 0.000860027 
Iters: 228500 , Maximum difference of values of bel_vec: 3.63798E-11 & Maximum difference of values of abov_vec: 0.000812309 
Iters: 229000 , Maximum difference of values of bel_vec: 2.91038E-11 & Maximum difference of values of abov_vec: 0.000767239 
Iters: 229500 , Maximum difference of values of bel_vec: 2.91038E-11 & Maximum difference of values of abov_vec: 0.000724669 
Iters: 230000 , Maximum difference of values of bel_vec: 2.91038E-11 & Maximum difference of values of abov_vec: 0.000684461 
Iters: 230500 , Maximum difference of values of bel_vec: 2.91038E-11 & Maximum difference of values of abov_vec: 0.000646484 
Iters: 231000 , Maximum difference of values of bel_vec: 2.91038E-11 & Maximum difference of values of abov_vec: 0.000610614 
Iters: 231500 , Maximum difference of values of bel_vec: 2.91038E-11 & Maximum difference of values of abov_vec: 0.000576735 
Iters: 232000 , Maximum difference of values of bel_vec: 2.91038E-11 & Maximum difference of values of abov_vec: 0.000544735 
Iters: 232500 , Maximum difference of values of bel_vec: 2.18279E-11 & Maximum difference of values of abov_vec: 0.000514511 
Iters: 233000 , Maximum difference of values of bel_vec: 2.91038E-11 & Maximum difference of values of abov_vec: 0.000485963 
Iters: 233500 , Maximum difference of values of bel_vec: 2.91038E-11 & Maximum difference of values of abov_vec: 0.000459 
Iters: 234000 , Maximum difference of values of bel_vec: 1.45519E-11 & Maximum difference of values of abov_vec: 0.000433532 
Iters: 234500 , Maximum difference of values of bel_vec: 1.45519E-11 & Maximum difference of values of abov_vec: 0.000409478 
Iters: 235000 , Maximum difference of values of bel_vec: 1.45519E-11 & Maximum difference of values of abov_vec: 0.000386758 
Iters: 235500 , Maximum difference of values of bel_vec: 1.45519E-11 & Maximum difference of values of abov_vec: 0.000365299 
Iters: 236000 , Maximum difference of values of bel_vec: 1.45519E-11 & Maximum difference of values of abov_vec: 0.000345031 
Iters: 236500 , Maximum difference of values of bel_vec: 1.45519E-11 & Maximum difference of values of abov_vec: 0.000325887 
Iters: 237000 , Maximum difference of values of bel_vec: 1.45519E-11 & Maximum difference of values of abov_vec: 0.000307805 
Iters: 237500 , Maximum difference of values of bel_vec: 1.45519E-11 & Maximum difference of values of abov_vec: 0.000290727 
Iters: 238000 , Maximum difference of values of bel_vec: 1.45519E-11 & Maximum difference of values of abov_vec: 0.000274596 
Iters: 238500 , Maximum difference of values of bel_vec: 1.45519E-11 & Maximum difference of values of abov_vec: 0.00025936 
Iters: 239000 , Maximum difference of values of bel_vec: 1.45519E-11 & Maximum difference of values of abov_vec: 0.00024497 
Iters: 239500 , Maximum difference of values of bel_vec: 1.45519E-11 & Maximum difference of values of abov_vec: 0.000231378 
Iters: 240000 , Maximum difference of values of bel_vec: 1.45519E-11 & Maximum difference of values of abov_vec: 0.00021854 
Iters: 240500 , Maximum difference of values of bel_vec: 1.45519E-11 & Maximum difference of values of abov_vec: 0.000206414 
Iters: 241000 , Maximum difference of values of bel_vec: 1.45519E-11 & Maximum difference of values of abov_vec: 0.000194962 
Iters: 241500 , Maximum difference of values of bel_vec: 1.45519E-11 & Maximum difference of values of abov_vec: 0.000184144 
Iters: 242000 , Maximum difference of values of bel_vec: 1.45519E-11 & Maximum difference of values of abov_vec: 0.000173927 
Iters: 242500 , Maximum difference of values of bel_vec: 1.45519E-11 & Maximum difference of values of abov_vec: 0.000164277 
Iters: 243000 , Maximum difference of values of bel_vec: 1.45519E-11 & Maximum difference of values of abov_vec: 0.000155162 
Iters: 243500 , Maximum difference of values of bel_vec: 1.45519E-11 & Maximum difference of values of abov_vec: 0.000146553 
Iters: 244000 , Maximum difference of values of bel_vec: 7.27596E-12 & Maximum difference of values of abov_vec: 0.000138422 
Iters: 244500 , Maximum difference of values of bel_vec: 1.45519E-11 & Maximum difference of values of abov_vec: 0.000130741 
Iters: 245000 , Maximum difference of values of bel_vec: 7.27596E-12 & Maximum difference of values of abov_vec: 0.000123487 
Iters: 245500 , Maximum difference of values of bel_vec: 0 & Maximum difference of values of abov_vec: 0.000116636 
Iters: 246000 , Maximum difference of values of bel_vec: 0 & Maximum difference of values of abov_vec: 0.000110164 
Iters: 246500 , Maximum difference of values of bel_vec: 0 & Maximum difference of values of abov_vec: 0.000104052 
Iters: 247000 , Maximum difference of values of bel_vec: 0 & Maximum difference of values of abov_vec: 9.82785E-05 
Iters: 247500 , Maximum difference of values of bel_vec: 0 & Maximum difference of values of abov_vec: 9.28256E-05 
Iters: 248000 , Maximum difference of values of bel_vec: 0 & Maximum difference of values of abov_vec: 8.76752E-05 
Iters: 248500 , Maximum difference of values of bel_vec: 0 & Maximum difference of values of abov_vec: 8.28106E-05 
Iters: 249000 , Maximum difference of values of bel_vec: 0 & Maximum difference of values of abov_vec: 7.82159E-05 
Iters: 249500 , Maximum difference of values of bel_vec: 0 & Maximum difference of values of abov_vec: 7.38761E-05 
Iters: 250000 , Maximum difference of values of bel_vec: 0 & Maximum difference of values of abov_vec: 6.97772E-05 
Iters: 250500 , Maximum difference of values of bel_vec: 0 & Maximum difference of values of abov_vec: 6.59056E-05 
Iters: 251000 , Maximum difference of values of bel_vec: 0 & Maximum difference of values of abov_vec: 6.22489E-05 
Iters: 251500 , Maximum difference of values of bel_vec: 0 & Maximum difference of values of abov_vec: 5.8795E-05 
Iters: 252000 , Maximum difference of values of bel_vec: 0 & Maximum difference of values of abov_vec: 5.55328E-05 
Iters: 252500 , Maximum difference of values of bel_vec: 0 & Maximum difference of values of abov_vec: 5.24516E-05 
Iters: 253000 , Maximum difference of values of bel_vec: 0 & Maximum difference of values of abov_vec: 4.95414E-05 
Iters: 253500 , Maximum difference of values of bel_vec: 0 & Maximum difference of values of abov_vec: 4.67926E-05 
Iters: 254000 , Maximum difference of values of bel_vec: 0 & Maximum difference of values of abov_vec: 4.41963E-05 
Iters: 254500 , Maximum difference of values of bel_vec: 0 & Maximum difference of values of abov_vec: 4.17441E-05 
Iters: 255000 , Maximum difference of values of bel_vec: 0 & Maximum difference of values of abov_vec: 3.9428E-05 
Iters: 255500 , Maximum difference of values of bel_vec: 0 & Maximum difference of values of abov_vec: 3.72403E-05 
Iters: 256000 , Maximum difference of values of bel_vec: 0 & Maximum difference of values of abov_vec: 3.51741E-05 Iteration 256376: max relative diff=0.295133, 3000.03 sec so far

Iters: 256500 , Maximum difference of values of bel_vec: 0 & Maximum difference of values of abov_vec: 3.32225E-05 
Iters: 257000 , Maximum difference of values of bel_vec: 0 & Maximum difference of values of abov_vec: 3.13791E-05 
Iters: 257500 , Maximum difference of values of bel_vec: 0 & Maximum difference of values of abov_vec: 2.96381E-05 
Iters: 258000 , Maximum difference of values of bel_vec: 0 & Maximum difference of values of abov_vec: 2.79936E-05 
Iters: 258500 , Maximum difference of values of bel_vec: 0 & Maximum difference of values of abov_vec: 2.64404E-05 
Iters: 259000 , Maximum difference of values of bel_vec: 0 & Maximum difference of values of abov_vec: 2.49734E-05 
Iters: 259500 , Maximum difference of values of bel_vec: 0 & Maximum difference of values of abov_vec: 2.35878E-05 
Iters: 260000 , Maximum difference of values of bel_vec: 0 & Maximum difference of values of abov_vec: 2.2279E-05 
Iters: 260500 , Maximum difference of values of bel_vec: 0 & Maximum difference of values of abov_vec: 2.10429E-05 
Iters: 261000 , Maximum difference of values of bel_vec: 0 & Maximum difference of values of abov_vec: 1.98753E-05 
Iters: 261500 , Maximum difference of values of bel_vec: 0 & Maximum difference of values of abov_vec: 1.87725E-05 
Iters: 262000 , Maximum difference of values of bel_vec: 0 & Maximum difference of values of abov_vec: 1.7731E-05 
Iters: 262500 , Maximum difference of values of bel_vec: 0 & Maximum difference of values of abov_vec: 1.67472E-05 
Iters: 263000 , Maximum difference of values of bel_vec: 0 & Maximum difference of values of abov_vec: 1.5818E-05 
Iters: 263500 , Maximum difference of values of bel_vec: 0 & Maximum difference of values of abov_vec: 1.49403E-05 
Iters: 264000 , Maximum difference of values of bel_vec: 0 & Maximum difference of values of abov_vec: 1.41113E-05 
Iters: 264500 , Maximum difference of values of bel_vec: 0 & Maximum difference of values of abov_vec: 1.33284E-05 
Iters: 265000 , Maximum difference of values of bel_vec: 0 & Maximum difference of values of abov_vec: 1.25889E-05 
Iters: 265500 , Maximum difference of values of bel_vec: 0 & Maximum difference of values of abov_vec: 1.18904E-05 
Iters: 266000 , Maximum difference of values of bel_vec: 0 & Maximum difference of values of abov_vec: 1.12307E-05 
Iters: 266500 , Maximum difference of values of bel_vec: 0 & Maximum difference of values of abov_vec: 1.06075E-05 
Iters: 267000 , Maximum difference of values of bel_vec: 0 & Maximum difference of values of abov_vec: 1.0019E-05 
Iters: 267500 , Maximum difference of values of bel_vec: 0 & Maximum difference of values of abov_vec: 9.46307E-06 
Iters: 268000 , Maximum difference of values of bel_vec: 0 & Maximum difference of values of abov_vec: 8.93802E-06 
Iters: 268500 , Maximum difference of values of bel_vec: 0 & Maximum difference of values of abov_vec: 8.4421E-06 
Iters: 269000 , Maximum difference of values of bel_vec: 0 & Maximum difference of values of abov_vec: 7.9737E-06 
Iters: 269500 , Maximum difference of values of bel_vec: 0 & Maximum difference of values of abov_vec: 7.53128E-06 
Iters: 270000 , Maximum difference of values of bel_vec: 0 & Maximum difference of values of abov_vec: 7.11341E-06 
Iters: 270500 , Maximum difference of values of bel_vec: 0 & Maximum difference of values of abov_vec: 6.71873E-06 
Iters: 271000 , Maximum difference of values of bel_vec: 0 & Maximum difference of values of abov_vec: 6.34594E-06 
Iters: 271500 , Maximum difference of values of bel_vec: 0 & Maximum difference of values of abov_vec: 5.99385E-06 
Iters: 272000 , Maximum difference of values of bel_vec: 0 & Maximum difference of values of abov_vec: 5.66128E-06 
Iters: 272500 , Maximum difference of values of bel_vec: 0 & Maximum difference of values of abov_vec: 5.34717E-06 
Iters: 273000 , Maximum difference of values of bel_vec: 0 & Maximum difference of values of abov_vec: 5.05048E-06 
Iters: 273500 , Maximum difference of values of bel_vec: 0 & Maximum difference of values of abov_vec: 4.77026E-06 
Iters: 274000 , Maximum difference of values of bel_vec: 0 & Maximum difference of values of abov_vec: 4.50559E-06 
Iters: 274500 , Maximum difference of values of bel_vec: 0 & Maximum difference of values of abov_vec: 4.25559E-06 
Iters: 275000 , Maximum difference of values of bel_vec: 0 & Maximum difference of values of abov_vec: 4.01948E-06 
Iters: 275500 , Maximum difference of values of bel_vec: 0 & Maximum difference of values of abov_vec: 3.79646E-06 
Iters: 276000 , Maximum difference of values of bel_vec: 0 & Maximum difference of values of abov_vec: 3.58581E-06 
Iters: 276500 , Maximum difference of values of bel_vec: 0 & Maximum difference of values of abov_vec: 3.38685E-06 
Iters: 277000 , Maximum difference of values of bel_vec: 0 & Maximum difference of values of abov_vec: 3.19893E-06 
Iters: 277500 , Maximum difference of values of bel_vec: 0 & Maximum difference of values of abov_vec: 3.02144E-06 
Iters: 278000 , Maximum difference of values of bel_vec: 0 & Maximum difference of values of abov_vec: 2.8538E-06 
Iters: 278500 , Maximum difference of values of bel_vec: 0 & Maximum difference of values of abov_vec: 2.69546E-06 
Iters: 279000 , Maximum difference of values of bel_vec: 0 & Maximum difference of values of abov_vec: 2.54591E-06 
Iters: 279500 , Maximum difference of values of bel_vec: 0 & Maximum difference of values of abov_vec: 2.40465E-06 
Iters: 280000 , Maximum difference of values of bel_vec: 0 & Maximum difference of values of abov_vec: 2.27123E-06 
Iters: 280500 , Maximum difference of values of bel_vec: 0 & Maximum difference of values of abov_vec: 2.14521E-06 
Iters: 281000 , Maximum difference of values of bel_vec: 0 & Maximum difference of values of abov_vec: 2.02618E-06 
Iters: 281500 , Maximum difference of values of bel_vec: 0 & Maximum difference of values of abov_vec: 1.91376E-06 
Iters: 282000 , Maximum difference of values of bel_vec: 0 & Maximum difference of values of abov_vec: 1.80757E-06 
Iters: 282500 , Maximum difference of values of bel_vec: 0 & Maximum difference of values of abov_vec: 1.70728E-06 
Iters: 283000 , Maximum difference of values of bel_vec: 0 & Maximum difference of values of abov_vec: 1.61256E-06 
Iters: 283500 , Maximum difference of values of bel_vec: 0 & Maximum difference of values of abov_vec: 1.52308E-06 
Iters: 284000 , Maximum difference of values of bel_vec: 0 & Maximum difference of values of abov_vec: 1.43858E-06 
Iters: 284500 , Maximum difference of values of bel_vec: 0 & Maximum difference of values of abov_vec: 1.35876E-06 
Iters: 285000 , Maximum difference of values of bel_vec: 0 & Maximum difference of values of abov_vec: 1.28337E-06 
Iters: 285500 , Maximum difference of values of bel_vec: 0 & Maximum difference of values of abov_vec: 1.21217E-06 
Iters: 286000 , Maximum difference of values of bel_vec: 0 & Maximum difference of values of abov_vec: 1.1449E-06 
Iters: 286500 , Maximum difference of values of bel_vec: 0 & Maximum difference of values of abov_vec: 1.08138E-06 
Iters: 287000 , Maximum difference of values of bel_vec: 0 & Maximum difference of values of abov_vec: 1.02138E-06 
Iters: 287500 , Maximum difference of values of bel_vec: 0 & Maximum difference of values of abov_vec: 9.64712E-07 
Iters: 288000 , Maximum difference of values of bel_vec: 0 & Maximum difference of values of abov_vec: 9.11183E-07 
Iters: 288500 , Maximum difference of values of bel_vec: 0 & Maximum difference of values of abov_vec: 8.60629E-07 
Iters: 289000 , Maximum difference of values of bel_vec: 0 & Maximum difference of values of abov_vec: 8.1287E-07 
Iters: 289500 , Maximum difference of values of bel_vec: 0 & Maximum difference of values of abov_vec: 7.67774E-07 
Iters: 290000 , Maximum difference of values of bel_vec: 0 & Maximum difference of values of abov_vec: 7.25173E-07 
Iters: 290500 , Maximum difference of values of bel_vec: 0 & Maximum difference of values of abov_vec: 6.84937E-07 
Iters: 291000 , Maximum difference of values of bel_vec: 0 & Maximum difference of values of abov_vec: 6.46934E-07 
Iters: 291500 , Maximum difference of values of bel_vec: 0 & Maximum difference of values of abov_vec: 6.11042E-07 
Iters: 292000 , Maximum difference of values of bel_vec: 0 & Maximum difference of values of abov_vec: 5.77136E-07 
Iters: 292500 , Maximum difference of values of bel_vec: 0 & Maximum difference of values of abov_vec: 5.45115E-07 
Iters: 293000 , Maximum difference of values of bel_vec: 0 & Maximum difference of values of abov_vec: 5.14869E-07 
Iters: 293500 , Maximum difference of values of bel_vec: 0 & Maximum difference of values of abov_vec: 4.86303E-07 
Iters: 294000 , Maximum difference of values of bel_vec: 0 & Maximum difference of values of abov_vec: 4.59317E-07 
Iters: 294500 , Maximum difference of values of bel_vec: 0 & Maximum difference of values of abov_vec: 4.33836E-07 
Iters: 295000 , Maximum difference of values of bel_vec: 0 & Maximum difference of values of abov_vec: 4.09767E-07 
Iters: 295500 , Maximum difference of values of bel_vec: 0 & Maximum difference of values of abov_vec: 3.87023E-07 
Iters: 296000 , Maximum difference of values of bel_vec: 0 & Maximum difference of values of abov_vec: 3.65559E-07 
Iters: 296500 , Maximum difference of values of bel_vec: 0 & Maximum difference of values of abov_vec: 3.45273E-07 
Iters: 297000 , Maximum difference of values of bel_vec: 0 & Maximum difference of values of abov_vec: 3.26116E-07 
Iters: 297500 , Maximum difference of values of bel_vec: 0 & Maximum difference of values of abov_vec: 3.0802E-07 
Iters: 298000 , Maximum difference of values of bel_vec: 0 & Maximum difference of values of abov_vec: 2.90929E-07 
Iters: 298500 , Maximum difference of values of bel_vec: 0 & Maximum difference of values of abov_vec: 2.74784E-07 Iteration 298931: max relative diff=0.002291, 3500.03 sec so far

Iters: 299000 , Maximum difference of values of bel_vec: 0 & Maximum difference of values of abov_vec: 2.59541E-07 
Iters: 299500 , Maximum difference of values of bel_vec: 0 & Maximum difference of values of abov_vec: 2.45142E-07 
Iters: 300000 , Maximum difference of values of bel_vec: 0 & Maximum difference of values of abov_vec: 2.31536E-07 
Iters: 300500 , Maximum difference of values of bel_vec: 0 & Maximum difference of values of abov_vec: 2.18693E-07 
Iters: 301000 , Maximum difference of values of bel_vec: 0 & Maximum difference of values of abov_vec: 2.06564E-07 
Iters: 301500 , Maximum difference of values of bel_vec: 0 & Maximum difference of values of abov_vec: 1.95098E-07 
Iters: 302000 , Maximum difference of values of bel_vec: 0 & Maximum difference of values of abov_vec: 1.84271E-07 
Iters: 302500 , Maximum difference of values of bel_vec: 0 & Maximum difference of values of abov_vec: 1.74041E-07 
Iters: 303000 , Maximum difference of values of bel_vec: 0 & Maximum difference of values of abov_vec: 1.64393E-07 
Iters: 303500 , Maximum difference of values of bel_vec: 0 & Maximum difference of values of abov_vec: 1.55269E-07 
Iters: 304000 , Maximum difference of values of bel_vec: 0 & Maximum difference of values of abov_vec: 1.46654E-07 
Iters: 304500 , Maximum difference of values of bel_vec: 0 & Maximum difference of values of abov_vec: 1.3852E-07 
Iters: 305000 , Maximum difference of values of bel_vec: 0 & Maximum difference of values of abov_vec: 1.30836E-07 
Iters: 305500 , Maximum difference of values of bel_vec: 0 & Maximum difference of values of abov_vec: 1.23575E-07 
Iters: 306000 , Maximum difference of values of bel_vec: 0 & Maximum difference of values of abov_vec: 1.16714E-07 
Iters: 306500 , Maximum difference of values of bel_vec: 0 & Maximum difference of values of abov_vec: 1.10245E-07 
Iters: 307000 , Maximum difference of values of bel_vec: 0 & Maximum difference of values of abov_vec: 1.04126E-07 
Iters: 307500 , Maximum difference of values of bel_vec: 0 & Maximum difference of values of abov_vec: 9.83491E-08 
Iters: 308000 , Maximum difference of values of bel_vec: 0 & Maximum difference of values of abov_vec: 9.28922E-08 
Iters: 308500 , Maximum difference of values of bel_vec: 0 & Maximum difference of values of abov_vec: 8.77335E-08 
Iters: 309000 , Maximum difference of values of bel_vec: 0 & Maximum difference of values of abov_vec: 8.28659E-08 
Iters: 309500 , Maximum difference of values of bel_vec: 0 & Maximum difference of values of abov_vec: 7.82675E-08 
Iters: 310000 , Maximum difference of values of bel_vec: 0 & Maximum difference of values of abov_vec: 7.39237E-08 
Iters: 310500 , Maximum difference of values of bel_vec: 0 & Maximum difference of values of abov_vec: 6.98274E-08 
Iters: 311000 , Maximum difference of values of bel_vec: 0 & Maximum difference of values of abov_vec: 6.59493E-08 
Iters: 311500 , Maximum difference of values of bel_vec: 0 & Maximum difference of values of abov_vec: 6.22895E-08 
Iters: 312000 , Maximum difference of values of bel_vec: 0 & Maximum difference of values of abov_vec: 5.88334E-08 
Iters: 312500 , Maximum difference of values of bel_vec: 0 & Maximum difference of values of abov_vec: 5.55738E-08 
Iters: 313000 , Maximum difference of values of bel_vec: 0 & Maximum difference of values of abov_vec: 5.24888E-08 
Iters: 313500 , Maximum difference of values of bel_vec: 0 & Maximum difference of values of abov_vec: 4.95784E-08 
Iters: 314000 , Maximum difference of values of bel_vec: 0 & Maximum difference of values of abov_vec: 4.68281E-08 
Iters: 314500 , Maximum difference of values of bel_vec: 0 & Maximum difference of values of abov_vec: 4.42305E-08 
Iters: 315000 , Maximum difference of values of bel_vec: 0 & Maximum difference of values of abov_vec: 4.17713E-08 
Iters: 315500 , Maximum difference of values of bel_vec: 0 & Maximum difference of values of abov_vec: 3.94575E-08 
Iters: 316000 , Maximum difference of values of bel_vec: 0 & Maximum difference of values of abov_vec: 3.72675E-08 
Iters: 316500 , Maximum difference of values of bel_vec: 0 & Maximum difference of values of abov_vec: 3.52011E-08 
Iters: 317000 , Maximum difference of values of bel_vec: 0 & Maximum difference of values of abov_vec: 3.32439E-08 
Iters: 317500 , Maximum difference of values of bel_vec: 0 & Maximum difference of values of abov_vec: 3.1403E-08 
Iters: 318000 , Maximum difference of values of bel_vec: 0 & Maximum difference of values of abov_vec: 2.96568E-08 
Iters: 318500 , Maximum difference of values of bel_vec: 0 & Maximum difference of values of abov_vec: 2.80124E-08 
Iters: 319000 , Maximum difference of values of bel_vec: 0 & Maximum difference of values of abov_vec: 2.64554E-08 
Iters: 319500 , Maximum difference of values of bel_vec: 0 & Maximum difference of values of abov_vec: 2.49929E-08 
Iters: 320000 , Maximum difference of values of bel_vec: 0 & Maximum difference of values of abov_vec: 2.36032E-08 
Iters: 320500 , Maximum difference of values of bel_vec: 0 & Maximum difference of values of abov_vec: 2.22935E-08 
Iters: 321000 , Maximum difference of values of bel_vec: 0 & Maximum difference of values of abov_vec: 2.10566E-08 
Iters: 321500 , Maximum difference of values of bel_vec: 0 & Maximum difference of values of abov_vec: 1.98925E-08 
Iters: 322000 , Maximum difference of values of bel_vec: 0 & Maximum difference of values of abov_vec: 1.87865E-08 
Iters: 322500 , Maximum difference of values of bel_vec: 0 & Maximum difference of values of abov_vec: 1.77461E-08 
Iters: 323000 , Maximum difference of values of bel_vec: 0 & Maximum difference of values of abov_vec: 1.67638E-08 
Iters: 323500 , Maximum difference of values of bel_vec: 0 & Maximum difference of values of abov_vec: 1.58325E-08 
Iters: 324000 , Maximum difference of values of bel_vec: 0 & Maximum difference of values of abov_vec: 1.49521E-08 
Iters: 324500 , Maximum difference of values of bel_vec: 0 & Maximum difference of values of abov_vec: 1.41226E-08 
Iters: 325000 , Maximum difference of values of bel_vec: 0 & Maximum difference of values of abov_vec: 1.33368E-08 
Iters: 325500 , Maximum difference of values of bel_vec: 0 & Maximum difference of values of abov_vec: 1.2602E-08 
Iters: 326000 , Maximum difference of values of bel_vec: 0 & Maximum difference of values of abov_vec: 1.18962E-08 
Iters: 326500 , Maximum difference of values of bel_vec: 0 & Maximum difference of values of abov_vec: 1.12414E-08 
Iters: 327000 , Maximum difference of values of bel_vec: 0 & Maximum difference of values of abov_vec: 1.06156E-08 
Iters: 327500 , Maximum difference of values of bel_vec: 0 & Maximum difference of values of abov_vec: 1.00263E-08 
Iters: 328000 , Maximum difference of values of bel_vec: 0 & Maximum difference of values of abov_vec: 9.4733E-09 
Iters: 328500 , Maximum difference of values of bel_vec: 0 & Maximum difference of values of abov_vec: 8.94215E-09 
Iters: 329000 , Maximum difference of values of bel_vec: 0 & Maximum difference of values of abov_vec: 8.44739E-09 
Iters: 329500 , Maximum difference of values of bel_vec: 0 & Maximum difference of values of abov_vec: 7.98173E-09 
Iters: 330000 , Maximum difference of values of bel_vec: 0 & Maximum difference of values of abov_vec: 7.53789E-09 
Iters: 330500 , Maximum difference of values of bel_vec: 0 & Maximum difference of values of abov_vec: 7.11589E-09 
Iters: 331000 , Maximum difference of values of bel_vec: 0 & Maximum difference of values of abov_vec: 6.72298E-09 
Iters: 331500 , Maximum difference of values of bel_vec: 0 & Maximum difference of values of abov_vec: 6.35191E-09 
Iters: 332000 , Maximum difference of values of bel_vec: 0 & Maximum difference of values of abov_vec: 5.99539E-09 
Iters: 332500 , Maximum difference of values of bel_vec: 0 & Maximum difference of values of abov_vec: 5.66797E-09 
Iters: 333000 , Maximum difference of values of bel_vec: 0 & Maximum difference of values of abov_vec: 5.34783E-09 
Iters: 333500 , Maximum difference of values of bel_vec: 0 & Maximum difference of values of abov_vec: 5.05679E-09 
Iters: 334000 , Maximum difference of values of bel_vec: 0 & Maximum difference of values of abov_vec: 4.77303E-09 
Iters: 334500 , Maximum difference of values of bel_vec: 0 & Maximum difference of values of abov_vec: 4.51109E-09 
Iters: 335000 , Maximum difference of values of bel_vec: 0 & Maximum difference of values of abov_vec: 4.26371E-09 
Iters: 335500 , Maximum difference of values of bel_vec: 0 & Maximum difference of values of abov_vec: 4.0236E-09 
Iters: 336000 , Maximum difference of values of bel_vec: 0 & Maximum difference of values of abov_vec: 3.79805E-09 
Iters: 336500 , Maximum difference of values of bel_vec: 0 & Maximum difference of values of abov_vec: 3.58705E-09 
Iters: 337000 , Maximum difference of values of bel_vec: 0 & Maximum difference of values of abov_vec: 3.3906E-09 
Iters: 337500 , Maximum difference of values of bel_vec: 0 & Maximum difference of values of abov_vec: 3.20142E-09 
Iters: 338000 , Maximum difference of values of bel_vec: 0 & Maximum difference of values of abov_vec: 3.0268E-09 
Iters: 338500 , Maximum difference of values of bel_vec: 0 & Maximum difference of values of abov_vec: 2.85218E-09 
Iters: 339000 , Maximum difference of values of bel_vec: 0 & Maximum difference of values of abov_vec: 2.69938E-09 
Iters: 339500 , Maximum difference of values of bel_vec: 0 & Maximum difference of values of abov_vec: 2.54659E-09 
Iters: 340000 , Maximum difference of values of bel_vec: 0 & Maximum difference of values of abov_vec: 2.40834E-09 
Iters: 340500 , Maximum difference of values of bel_vec: 0 & Maximum difference of values of abov_vec: 2.2701E-09 
Iters: 341000 , Maximum difference of values of bel_vec: 0 & Maximum difference of values of abov_vec: 2.14641E-09 
Iters: 341500 , Maximum difference of values of bel_vec: 0 & Maximum difference of values of abov_vec: 2.02999E-09 Iteration 341572: max relative diff=0.000018, 4000.04 sec so far

Iters: 342000 , Maximum difference of values of bel_vec: 0 & Maximum difference of values of abov_vec: 1.92085E-09 
Iters: 342500 , Maximum difference of values of bel_vec: 0 & Maximum difference of values of abov_vec: 1.80444E-09 
Iters: 343000 , Maximum difference of values of bel_vec: 0 & Maximum difference of values of abov_vec: 1.70985E-09 
Iters: 343500 , Maximum difference of values of bel_vec: 0 & Maximum difference of values of abov_vec: 1.61526E-09 
Iters: 344000 , Maximum difference of values of bel_vec: 0 & Maximum difference of values of abov_vec: 1.52795E-09 
Iters: 344500 , Maximum difference of values of bel_vec: 0 & Maximum difference of values of abov_vec: 1.44064E-09 
Iters: 345000 , Maximum difference of values of bel_vec: 0 & Maximum difference of values of abov_vec: 1.3606E-09 
Iters: 345500 , Maximum difference of values of bel_vec: 0 & Maximum difference of values of abov_vec: 1.28057E-09 
Iters: 346000 , Maximum difference of values of bel_vec: 0 & Maximum difference of values of abov_vec: 1.21508E-09 
Iters: 346500 , Maximum difference of values of bel_vec: 0 & Maximum difference of values of abov_vec: 1.1496E-09 
Iters: 347000 , Maximum difference of values of bel_vec: 0 & Maximum difference of values of abov_vec: 1.08412E-09 
Iters: 347500 , Maximum difference of values of bel_vec: 0 & Maximum difference of values of abov_vec: 1.01863E-09 
Iters: 348000 , Maximum difference of values of bel_vec: 0 & Maximum difference of values of abov_vec: 9.67702E-10 
Iters: 348500 , Maximum difference of values of bel_vec: 0 & Maximum difference of values of abov_vec: 9.16771E-10 
Iters: 349000 , Maximum difference of values of bel_vec: 0 & Maximum difference of values of abov_vec: 8.58563E-10 
Iters: 349500 , Maximum difference of values of bel_vec: 0 & Maximum difference of values of abov_vec: 8.14907E-10 
Iters: 350000 , Maximum difference of values of bel_vec: 0 & Maximum difference of values of abov_vec: 7.71252E-10 
Iters: 350500 , Maximum difference of values of bel_vec: 0 & Maximum difference of values of abov_vec: 7.27596E-10 
Iters: 351000 , Maximum difference of values of bel_vec: 0 & Maximum difference of values of abov_vec: 6.8394E-10 
Iters: 351500 , Maximum difference of values of bel_vec: 0 & Maximum difference of values of abov_vec: 6.54836E-10 
Iters: 352000 , Maximum difference of values of bel_vec: 0 & Maximum difference of values of abov_vec: 6.1118E-10 
Iters: 352500 , Maximum difference of values of bel_vec: 0 & Maximum difference of values of abov_vec: 5.82077E-10 
Iters: 353000 , Maximum difference of values of bel_vec: 0 & Maximum difference of values of abov_vec: 5.45697E-10 
Iters: 353500 , Maximum difference of values of bel_vec: 0 & Maximum difference of values of abov_vec: 5.16593E-10 
Iters: 354000 , Maximum difference of values of bel_vec: 0 & Maximum difference of values of abov_vec: 4.87489E-10 
Iters: 354500 , Maximum difference of values of bel_vec: 0 & Maximum difference of values of abov_vec: 4.58385E-10 
Iters: 355000 , Maximum difference of values of bel_vec: 0 & Maximum difference of values of abov_vec: 4.36557E-10 
Iters: 355500 , Maximum difference of values of bel_vec: 0 & Maximum difference of values of abov_vec: 4.07454E-10 
Iters: 356000 , Maximum difference of values of bel_vec: 0 & Maximum difference of values of abov_vec: 3.92902E-10 
Iters: 356500 , Maximum difference of values of bel_vec: 0 & Maximum difference of values of abov_vec: 3.63798E-10 
Iters: 357000 , Maximum difference of values of bel_vec: 0 & Maximum difference of values of abov_vec: 3.49246E-10 
Iters: 357500 , Maximum difference of values of bel_vec: 0 & Maximum difference of values of abov_vec: 3.27418E-10 
Iters: 358000 , Maximum difference of values of bel_vec: 0 & Maximum difference of values of abov_vec: 3.0559E-10 
Iters: 358500 , Maximum difference of values of bel_vec: 0 & Maximum difference of values of abov_vec: 2.91038E-10 
Iters: 359000 , Maximum difference of values of bel_vec: 0 & Maximum difference of values of abov_vec: 2.76486E-10 
Iters: 359500 , Maximum difference of values of bel_vec: 0 & Maximum difference of values of abov_vec: 2.61934E-10 
Iters: 360000 , Maximum difference of values of bel_vec: 0 & Maximum difference of values of abov_vec: 2.47383E-10 
Iters: 360500 , Maximum difference of values of bel_vec: 0 & Maximum difference of values of abov_vec: 2.32831E-10 
Iters: 361000 , Maximum difference of values of bel_vec: 0 & Maximum difference of values of abov_vec: 2.18279E-10 
Iters: 361500 , Maximum difference of values of bel_vec: 0 & Maximum difference of values of abov_vec: 2.03727E-10 
Iters: 362000 , Maximum difference of values of bel_vec: 0 & Maximum difference of values of abov_vec: 1.96451E-10 
Iters: 362500 , Maximum difference of values of bel_vec: 0 & Maximum difference of values of abov_vec: 1.89175E-10 
Iters: 363000 , Maximum difference of values of bel_vec: 0 & Maximum difference of values of abov_vec: 1.74623E-10 
Iters: 363500 , Maximum difference of values of bel_vec: 0 & Maximum difference of values of abov_vec: 1.60071E-10 
Iters: 364000 , Maximum difference of values of bel_vec: 0 & Maximum difference of values of abov_vec: 1.60071E-10 
Iters: 364500 , Maximum difference of values of bel_vec: 0 & Maximum difference of values of abov_vec: 1.45519E-10 
Iters: 365000 , Maximum difference of values of bel_vec: 0 & Maximum difference of values of abov_vec: 1.45519E-10 
Iters: 365500 , Maximum difference of values of bel_vec: 0 & Maximum difference of values of abov_vec: 1.30967E-10 
Iters: 366000 , Maximum difference of values of bel_vec: 0 & Maximum difference of values of abov_vec: 1.30967E-10 
Iters: 366500 , Maximum difference of values of bel_vec: 0 & Maximum difference of values of abov_vec: 1.16415E-10 
Iters: 367000 , Maximum difference of values of bel_vec: 0 & Maximum difference of values of abov_vec: 1.09139E-10 Max relative diff between upper and lower bound on convergence: 9.99957E-07
Iterative method: 367178 iterations in 4300.34 seconds (average 0.011712, setup 0.22)
Maximum finite value in solution vector at end of interval iteration: 64835.00000045037

Value in the initial state: 64827.00000045037

Time for model checking: 4302.903 seconds.

Result: 64827.00000045037 (value in the initial state)

---------------------------------------------------------------------

Note: There were 2 warnings during computation.

