PRISM
=====

Version: 4.4
Date: Mon Feb 15 10:25:43 IRST 2021
Hostname: sadegh-H81M-S2PH
Memory limits: cudd=1g, java(heap)=910.5m
Command line: prism ../../examples/mdps/consensus/coin4.nm ../../examples/mdps/consensus/steps_max.pctl -s '-ii:upper=1.2e+12' -const K=10 -maxiters 9000300 -improvedmpi

Parsing model file "../../examples/mdps/consensus/coin4.nm"...

Parsing properties file "../../examples/mdps/consensus/steps_max.pctl"...

1 property:
(1) "steps_max": R{"steps"}max=? [ F "finished" ]

Type:        MDP
Modules:     process1 process2 process3 process4 
Variables:   counter pc1 coin1 pc2 coin2 pc3 coin3 pc4 coin4 

---------------------------------------------------------------------

Model checking: "steps_max": R{"steps"}max=? [ F "finished" ]
Model constants: K=10

Warning: Not Switching to explicit engine, We implemented the emthods for sparse engine.

Building model...
Model constants: K=10

Computing reachable states...

Reachability (BFS): 483 iterations in 0.06 seconds (average 0.000116, setup 0.00)

Time for model construction: 0.103 seconds.

Type:        MDP
States:      104576 (1 initial)
Transitions: 351712
Choices:     281728

Transition matrix: 2384 nodes (3 terminal), 351712 minterms, vars: 19r/19c/4nd

Prob0E: 138 iterations in 0.12 seconds (average 0.000870, setup 0.00)

Prob1A: 1 iterations in 0.00 seconds (average 0.000000, setup 0.00)

goal = 64, inf = 0, maybe = 104512

Warning: Upper bound for interval iteration manually set to 1.2E12

Computing remaining rewards...
 9
Building sparse matrix (transitions)... [n=104576, nc=281664, nnz=351648, k=4] [5.5 MB]
Building sparse matrix (transition rewards)... [n=104576, nc=281664, nnz=0, k=4] [1.5 MB]
Creating vector for state rewards... [817.0 KB]
Creating vector for inf... [817.0 KB]
Creating vector for lower bounds... [817.0 KB]
Creating vector for upper bounds... [817.0 KB]
Allocating iteration vectors... [4 x 817.0 KB]
Allocating adversary vector... [408.5 KB]
TOTAL: [13.8 MB]

Starting iterations (interval iteration)...

 Time for pre-computation: 0.052000 Iteration 6162: max relative diff=0.002119, 4.96 sec so far

First round (updates from below) finished after 11883 iters.
Correctness of the approximated above vector satisfied after 1 iterations.
Iteration 12334: max relative diff=0.412920, 9.97 sec so far
Iteration 15321: max relative diff=0.007898, 14.97 sec so far
Iteration 17952: max relative diff=0.000242, 19.97 sec so far
Iteration 20974: max relative diff=0.000004, 24.97 sec so far

Second round (updates from above) finished after 22092 iters.
Update from both sides... 
Iteration 23999: max relative diff=0.000119, 29.97 sec so far
Iteration 26746: max relative diff=0.000003, 34.98 sec so far
Max relative diff between upper and lower bound on convergence: 0
Iterative method: 27596 iterations in 36.45 seconds (average 0.001321, setup 0.07)
Maximum finite value in solution vector at end of interval iteration: 5555.000000012074

Value in the initial state: 5547.000000012074

Time for model checking: 36.773 seconds.

Result: 5547.000000012074 (value in the initial state)

---------------------------------------------------------------------

Note: There were 2 warnings during computation.

