PRISM
=====

Version: 4.6
Date: Mon Feb 15 21:12:07 IRST 2021
Hostname: sadegh-H81M-S2PH
Memory limits: cudd=1g, java(heap)=3.9g
Command line: prism ../../examples/mdps/consensus/coin4.nm ../../examples/mdps/consensus/steps_max.pctl -s '-ii:upper=45396' -asynchupper -maxiters 9000300 -const K=30 -javamaxmem 4500m

Parsing model file "../../examples/mdps/consensus/coin4.nm"...

Parsing properties file "../../examples/mdps/consensus/steps_max.pctl"...

1 property:
(1) "steps_max": R{"steps"}max=? [ F "finished" ]

Type:        MDP
Modules:     process1 process2 process3 process4 
Variables:   counter pc1 coin1 pc2 coin2 pc3 coin3 pc4 coin4 

---------------------------------------------------------------------

Model checking: "steps_max": R{"steps"}max=? [ F "finished" ]
Model constants: K=30

Warning: Not Switching to explicit engine, We implemented the emthods for sparse engine.

Building model...
Model constants: K=30

Computing reachable states...

Reachability (BFS): 1443 iterations in 0.14 seconds (average 0.000100, setup 0.00)

Time for model construction: 0.282 seconds.

Type:        MDP
States:      309376 (1 initial)
Transitions: 1042912
Choices:     834688

Transition matrix: 2436 nodes (3 terminal), 1042912 minterms, vars: 20r/20c/4nd

Prob0E: 378 iterations in 0.22 seconds (average 0.000587, setup 0.00)

Prob1A: 1 iterations in 0.00 seconds (average 0.000000, setup 0.00)

goal = 64, inf = 0, maybe = 309312

Warning: Upper bound for interval iteration manually set to 45396.0

Computing remaining rewards...
 10
Building sparse matrix (transitions)... [n=309376, nc=834624, nnz=1042848, k=4] [16.3 MB]
Building sparse matrix (transition rewards)... [n=309376, nc=834624, nnz=0, k=4] [4.4 MB]
Creating vector for state rewards... [2.4 MB]
Creating vector for inf... [2.4 MB]
Creating vector for lower bounds... [2.4 MB]
Creating vector for upper bounds... [2.4 MB]
Allocating iteration vectors... [4 x 2.4 MB]
TOTAL: [39.5 MB]

Starting iterations (interval iteration)...

Soln above finished after 88183 iterations, while flag is True.

Checking for lower bound passed after 19 iterations.Iteration 1: max relative diff=1.000000, 425.53 sec so far
Iteration 940: max relative diff=1.000000, 430.53 sec so far
Iteration 1831: max relative diff=1.000000, 435.54 sec so far
Iteration 2757: max relative diff=1.000000, 440.54 sec so far
Iteration 3684: max relative diff=1.000000, 445.55 sec so far
Iteration 4611: max relative diff=1.000000, 450.55 sec so far
Iteration 5536: max relative diff=1.000000, 455.56 sec so far
Iteration 6461: max relative diff=1.000000, 460.56 sec so far
Iteration 7389: max relative diff=1.000000, 465.56 sec so far
Iteration 8286: max relative diff=1.000000, 470.56 sec so far
Iteration 9201: max relative diff=1.000000, 475.57 sec so far
Iteration 10090: max relative diff=1.000000, 480.57 sec so far
Iteration 11017: max relative diff=1.000000, 485.57 sec so far
Iteration 11944: max relative diff=1.000000, 490.58 sec so far
Iteration 12834: max relative diff=1.000000, 495.58 sec so far
Iteration 13758: max relative diff=1.000000, 500.58 sec so far
Iteration 14684: max relative diff=1.000000, 505.59 sec so far
Iteration 15610: max relative diff=1.000000, 510.59 sec so far
Iteration 16537: max relative diff=1.000000, 515.60 sec so far
Iteration 17463: max relative diff=1.000000, 520.60 sec so far
Iteration 18388: max relative diff=1.000000, 525.60 sec so far
Iteration 19285: max relative diff=1.000000, 530.60 sec so far
Iteration 20199: max relative diff=1.000000, 535.60 sec so far
Iteration 21089: max relative diff=1.000000, 540.60 sec so far
Iteration 22014: max relative diff=1.000000, 545.61 sec so far
Iteration 22941: max relative diff=1.000000, 550.61 sec so far
Iteration 23833: max relative diff=1.000000, 555.61 sec so far
Iteration 24758: max relative diff=1.000000, 560.62 sec so far
Iteration 25684: max relative diff=1.000000, 565.62 sec so far
Iteration 26583: max relative diff=1.000000, 570.62 sec so far
Iteration 27500: max relative diff=1.000000, 575.62 sec so far
Iteration 28390: max relative diff=1.000000, 580.62 sec so far
Iteration 29523: max relative diff=1.000000, 585.63 sec so far
Iteration 30657: max relative diff=1.000000, 590.64 sec so far
Iteration 31767: max relative diff=1.000000, 595.64 sec so far
Iteration 32922: max relative diff=1.000000, 600.64 sec so far
Iteration 34046: max relative diff=1.000000, 605.65 sec so far
Iteration 35169: max relative diff=1.000000, 610.65 sec so far
Iteration 36322: max relative diff=1.000000, 615.65 sec so far
Iteration 37431: max relative diff=1.000000, 620.65 sec so far
Iteration 38569: max relative diff=1.000000, 625.66 sec so far
Iteration 39706: max relative diff=1.000000, 630.66 sec so far
Iteration 40814: max relative diff=1.000000, 635.66 sec so far
Iteration 41967: max relative diff=1.000000, 640.66 sec so far
Iteration 43089: max relative diff=1.000000, 645.67 sec so far
Iteration 44209: max relative diff=1.000000, 650.67 sec so far
Iteration 45358: max relative diff=1.000000, 655.67 sec so far
Iteration 46466: max relative diff=1.000000, 660.67 sec so far
Iteration 47604: max relative diff=1.000000, 665.68 sec so far
Iteration 48571: max relative diff=1.000000, 670.68 sec so far
Iteration 49539: max relative diff=1.000000, 675.69 sec so far
Iteration 50647: max relative diff=1.000000, 680.69 sec so far
Iteration 51786: max relative diff=1.000000, 685.69 sec so far
Iteration 52923: max relative diff=1.000000, 690.69 sec so far
Iteration 54032: max relative diff=1.000000, 695.70 sec so far
Iteration 55186: max relative diff=1.000000, 700.70 sec so far
Iteration 56310: max relative diff=1.000000, 705.70 sec so far
Iteration 57430: max relative diff=1.000000, 710.70 sec so far
Iteration 58581: max relative diff=1.000000, 715.70 sec so far
Iteration 59692: max relative diff=1.000000, 720.71 sec so far
Iteration 60829: max relative diff=1.000000, 725.71 sec so far
Iteration 61968: max relative diff=1.000000, 730.71 sec so far
Iteration 63080: max relative diff=1.000000, 735.71 sec so far
Iteration 64233: max relative diff=1.000000, 740.72 sec so far
Iteration 65358: max relative diff=1.000000, 745.72 sec so far
Iteration 66482: max relative diff=1.000000, 750.72 sec so far
Iteration 67636: max relative diff=1.000000, 755.72 sec so far
Iteration 68745: max relative diff=1.000000, 760.73 sec so far
Iteration 69343: max relative diff=0.062769, 765.73 sec so far
Iteration 69854: max relative diff=0.057750, 770.73 sec so far
Iteration 70352: max relative diff=0.053246, 775.73 sec so far
Iteration 70870: max relative diff=0.048932, 780.74 sec so far
Iteration 71377: max relative diff=0.045049, 785.75 sec so far
Iteration 71880: max relative diff=0.041501, 790.76 sec so far
Iteration 72398: max relative diff=0.038139, 795.77 sec so far
Iteration 72898: max relative diff=0.035153, 800.77 sec so far
Iteration 73409: max relative diff=0.032342, 805.77 sec so far
Iteration 73923: max relative diff=0.029742, 810.78 sec so far
Iteration 74422: max relative diff=0.027417, 815.78 sec so far
Iteration 74940: max relative diff=0.025196, 820.79 sec so far
Iteration 75446: max relative diff=0.023200, 825.80 sec so far
Iteration 75951: max relative diff=0.021366, 830.80 sec so far
Iteration 76469: max relative diff=0.019635, 835.81 sec so far
Iteration 76970: max relative diff=0.018095, 840.81 sec so far
Iteration 77480: max relative diff=0.016651, 845.81 sec so far
Iteration 77993: max relative diff=0.015314, 850.82 sec so far
Iteration 78492: max relative diff=0.014118, 855.83 sec so far
Iteration 79008: max relative diff=0.012978, 860.83 sec so far
Iteration 79513: max relative diff=0.011952, 865.83 sec so far
Iteration 80017: max relative diff=0.011009, 870.83 sec so far
Iteration 80534: max relative diff=0.010119, 875.84 sec so far
Iteration 81034: max relative diff=0.009327, 880.85 sec so far
Iteration 81543: max relative diff=0.008584, 885.85 sec so far
Iteration 82055: max relative diff=0.007896, 890.86 sec so far
Iteration 82555: max relative diff=0.007278, 895.87 sec so far
Iteration 83073: max relative diff=0.006688, 900.88 sec so far
Iteration 83579: max relative diff=0.006158, 905.88 sec so far
Iteration 84082: max relative diff=0.005673, 910.88 sec so far
Iteration 84600: max relative diff=0.005214, 915.89 sec so far
Iteration 85101: max relative diff=0.004805, 920.90 sec so far
Iteration 85611: max relative diff=0.004421, 925.91 sec so far
Iteration 86124: max relative diff=0.004066, 930.91 sec so far
Iteration 86623: max relative diff=0.003749, 935.92 sec so far
Iteration 87139: max relative diff=0.003446, 940.92 sec so far
Iteration 87645: max relative diff=0.003173, 945.93 sec so far
Iteration 88148: max relative diff=0.002923, 950.93 sec so far
Iteration 88666: max relative diff=0.002686, 955.94 sec so far
Iteration 89167: max relative diff=0.002476, 960.95 sec so far
Iteration 89677: max relative diff=0.002278, 965.95 sec so far
Iteration 90190: max relative diff=0.002095, 970.96 sec so far
Iteration 90688: max relative diff=0.001932, 975.96 sec so far
Iteration 91204: max relative diff=0.001776, 980.96 sec so far
Iteration 91710: max relative diff=0.001635, 985.96 sec so far
Iteration 92214: max relative diff=0.001506, 990.97 sec so far
Iteration 92732: max relative diff=0.001384, 995.98 sec so far
Iteration 93233: max relative diff=0.001276, 1000.99 sec so far
Iteration 93742: max relative diff=0.001174, 1005.99 sec so far
Iteration 94255: max relative diff=0.001080, 1010.99 sec so far
Iteration 94754: max relative diff=0.000995, 1015.99 sec so far
Iteration 95271: max relative diff=0.000915, 1020.99 sec so far
Iteration 95778: max relative diff=0.000842, 1026.00 sec so far
Iteration 96282: max relative diff=0.000776, 1031.00 sec so far
Iteration 96801: max relative diff=0.000713, 1036.00 sec so far
Iteration 97304: max relative diff=0.000657, 1041.01 sec so far
Iteration 97816: max relative diff=0.000604, 1046.02 sec so far
Iteration 98331: max relative diff=0.000555, 1051.02 sec so far
Iteration 98832: max relative diff=0.000512, 1056.02 sec so far
Iteration 99350: max relative diff=0.000470, 1061.03 sec so far
Iteration 99858: max relative diff=0.000433, 1066.04 sec so far
Iteration 100362: max relative diff=0.000399, 1071.04 sec so far
Iteration 100881: max relative diff=0.000366, 1076.05 sec so far
Iteration 101383: max relative diff=0.000338, 1081.05 sec so far
Iteration 101893: max relative diff=0.000311, 1086.05 sec so far
Iteration 102407: max relative diff=0.000286, 1091.05 sec so far
Iteration 102907: max relative diff=0.000263, 1096.05 sec so far
Iteration 103424: max relative diff=0.000242, 1101.06 sec so far
Iteration 103932: max relative diff=0.000223, 1106.06 sec so far
Iteration 104436: max relative diff=0.000205, 1111.07 sec so far
Iteration 104956: max relative diff=0.000189, 1116.08 sec so far
Iteration 105459: max relative diff=0.000174, 1121.09 sec so far
Iteration 105969: max relative diff=0.000160, 1126.10 sec so far
Iteration 106484: max relative diff=0.000147, 1131.10 sec so far
Iteration 106985: max relative diff=0.000135, 1136.11 sec so far
Iteration 107503: max relative diff=0.000124, 1141.11 sec so far
Iteration 108012: max relative diff=0.000115, 1146.12 sec so far
Iteration 108518: max relative diff=0.000105, 1151.13 sec so far
Iteration 109038: max relative diff=0.000097, 1156.13 sec so far
Iteration 109542: max relative diff=0.000089, 1161.14 sec so far
Iteration 110053: max relative diff=0.000082, 1166.14 sec so far
Iteration 110570: max relative diff=0.000075, 1171.14 sec so far
Iteration 111071: max relative diff=0.000070, 1176.15 sec so far
Iteration 111589: max relative diff=0.000064, 1181.16 sec so far
Iteration 112099: max relative diff=0.000059, 1186.16 sec so far
Iteration 112604: max relative diff=0.000054, 1191.17 sec so far
Iteration 113126: max relative diff=0.000050, 1196.18 sec so far
Iteration 113629: max relative diff=0.000046, 1201.19 sec so far
Iteration 114141: max relative diff=0.000042, 1206.19 sec so far
Iteration 114660: max relative diff=0.000039, 1211.19 sec so far
Iteration 115161: max relative diff=0.000036, 1216.20 sec so far
Iteration 115681: max relative diff=0.000033, 1221.20 sec so far
Iteration 116195: max relative diff=0.000030, 1226.21 sec so far
Iteration 116700: max relative diff=0.000028, 1231.22 sec so far
Iteration 117222: max relative diff=0.000026, 1236.22 sec so far
Iteration 117731: max relative diff=0.000024, 1241.22 sec so far
Iteration 118241: max relative diff=0.000022, 1246.23 sec so far
Iteration 118764: max relative diff=0.000020, 1251.23 sec so far
Iteration 119271: max relative diff=0.000018, 1256.24 sec so far
Iteration 119791: max relative diff=0.000017, 1261.25 sec so far
Iteration 120310: max relative diff=0.000015, 1266.26 sec so far
Iteration 120820: max relative diff=0.000014, 1271.26 sec so far
Iteration 121346: max relative diff=0.000013, 1276.27 sec so far
Iteration 121858: max relative diff=0.000012, 1281.27 sec so far
Iteration 122377: max relative diff=0.000011, 1286.28 sec so far
Iteration 122902: max relative diff=0.000010, 1291.28 sec so far
Iteration 123414: max relative diff=0.000009, 1296.29 sec so far
Iteration 123945: max relative diff=0.000009, 1301.29 sec so far
Iteration 124464: max relative diff=1.000000, 1306.29 sec so far
Iteration 124975: max relative diff=0.000007, 1311.29 sec so far
Iteration 125517: max relative diff=0.000007, 1316.30 sec so far
Iteration 126021: max relative diff=0.000006, 1321.31 sec so far
Iteration 126563: max relative diff=0.000006, 1326.31 sec so far
Iteration 127079: max relative diff=0.000005, 1331.31 sec so far
Iteration 127624: max relative diff=0.000005, 1336.32 sec so far
Iteration 128140: max relative diff=0.000004, 1341.32 sec so far
Iteration 128650: max relative diff=0.000004, 1346.33 sec so far
Iteration 129216: max relative diff=0.000004, 1351.33 sec so far
Iteration 129735: max relative diff=0.000003, 1356.33 sec so far
Iteration 130239: max relative diff=0.000003, 1361.34 sec so far
Iteration 130844: max relative diff=0.000003, 1366.34 sec so far
Iteration 131360: max relative diff=0.000003, 1371.34 sec so far
Iteration 131860: max relative diff=0.000002, 1376.35 sec so far
Iteration 132375: max relative diff=0.000002, 1381.35 sec so far
Iteration 133035: max relative diff=1.000000, 1386.35 sec so far
Iteration 133572: max relative diff=0.000002, 1391.36 sec so far
Iteration 134091: max relative diff=0.000002, 1396.36 sec so far
Iteration 134595: max relative diff=0.000002, 1401.37 sec so far
Iteration 135104: max relative diff=0.000001, 1406.38 sec so far
Iteration 135621: max relative diff=0.000001, 1411.38 sec so far
Iteration 136121: max relative diff=0.000001, 1416.39 sec so far
Iteration 136814: max relative diff=1.000000, 1421.39 sec so far
Max relative diff between upper and lower bound on convergence: 9.91415E-07
LowItr:137418 , UpItr:154551  

Iterative method: 137399 iterations in 1424.67 seconds (average 0.010369, setup 0.18)
Maximum finite value in solution vector at end of interval iteration: 45394.99999963028

Value in the initial state: 45386.99999963028

Time for model checking: 1425.9 seconds.

Result: 45386.99999963028 (value in the initial state)

---------------------------------------------------------------------

Note: There were 2 warnings during computation.

