PRISM
=====

Version: 4.4
Date: Mon Feb 15 11:38:14 IRST 2021
Hostname: sadegh-H81M-S2PH
Memory limits: cudd=1g, java(heap)=910.5m
Command line: prism ../../examples/mdps/consensus/coin4.nm ../../examples/mdps/consensus/steps_max.pctl -s '-ii:upper=1.2e+12' -const K=18 -maxiters 9000300 -improvedmpi

Parsing model file "../../examples/mdps/consensus/coin4.nm"...

Parsing properties file "../../examples/mdps/consensus/steps_max.pctl"...

1 property:
(1) "steps_max": R{"steps"}max=? [ F "finished" ]

Type:        MDP
Modules:     process1 process2 process3 process4 
Variables:   counter pc1 coin1 pc2 coin2 pc3 coin3 pc4 coin4 

---------------------------------------------------------------------

Model checking: "steps_max": R{"steps"}max=? [ F "finished" ]
Model constants: K=18

Warning: Not Switching to explicit engine, We implemented the emthods for sparse engine.

Building model...
Model constants: K=18

Computing reachable states...

Reachability (BFS): 867 iterations in 0.10 seconds (average 0.000112, setup 0.00)

Time for model construction: 0.181 seconds.

Type:        MDP
States:      186496 (1 initial)
Transitions: 628192
Choices:     502912

Transition matrix: 2432 nodes (3 terminal), 628192 minterms, vars: 20r/20c/4nd

Prob0E: 234 iterations in 0.17 seconds (average 0.000714, setup 0.00)

Prob1A: 1 iterations in 0.00 seconds (average 0.000000, setup 0.00)

goal = 64, inf = 0, maybe = 186432

Warning: Upper bound for interval iteration manually set to 1.2E12

Computing remaining rewards...
 9
Building sparse matrix (transitions)... [n=186496, nc=502848, nnz=628128, k=4] [9.8 MB]
Building sparse matrix (transition rewards)... [n=186496, nc=502848, nnz=0, k=4] [2.6 MB]
Creating vector for state rewards... [1.4 MB]
Creating vector for inf... [1.4 MB]
Creating vector for lower bounds... [1.4 MB]
Creating vector for upper bounds... [1.4 MB]
Allocating iteration vectors... [4 x 1.4 MB]
Allocating adversary vector... [728.5 KB]
TOTAL: [24.5 MB]

Starting iterations (interval iteration)...

 Time for pre-computation: 0.155000 Iteration 2444: max relative diff=2.629562, 4.86 sec so far
Iteration 5044: max relative diff=0.840778, 9.89 sec so far
Iteration 7644: max relative diff=0.268815, 14.94 sec so far
Iteration 10244: max relative diff=0.085946, 19.98 sec so far
Iteration 12844: max relative diff=0.027479, 25.02 sec so far
Iteration 15444: max relative diff=0.008786, 30.06 sec so far
Iteration 18044: max relative diff=0.002809, 35.11 sec so far
Iteration 20644: max relative diff=0.000898, 40.15 sec so far
Iteration 23244: max relative diff=0.000287, 45.20 sec so far
Iteration 25844: max relative diff=0.000092, 50.24 sec so far
Iteration 28444: max relative diff=0.000029, 55.29 sec so far
Iteration 31044: max relative diff=0.000009, 60.33 sec so far
Iteration 33644: max relative diff=0.000003, 65.38 sec so far

First round (updates from below) finished after 36126 iters.
Correctness of the approximated above vector satisfied after 1 iterations.
Iteration 36194: max relative diff=0.620639, 70.38 sec so far
Iteration 38081: max relative diff=0.322248, 75.38 sec so far
Iteration 39967: max relative diff=0.141086, 80.38 sec so far
Iteration 41850: max relative diff=0.061832, 85.39 sec so far
Iteration 43732: max relative diff=0.027110, 90.39 sec so far
Iteration 45516: max relative diff=0.012408, 95.39 sec so far
Iteration 46951: max relative diff=0.006617, 100.39 sec so far
Iteration 48596: max relative diff=0.003219, 105.39 sec so far
Iteration 50424: max relative diff=0.001445, 110.40 sec so far
Iteration 52206: max relative diff=0.000662, 115.40 sec so far
Iteration 53638: max relative diff=0.000353, 120.40 sec so far
Iteration 55284: max relative diff=0.000172, 125.40 sec so far
Iteration 57117: max relative diff=0.000077, 130.40 sec so far
Iteration 58897: max relative diff=0.000035, 135.41 sec so far
Iteration 60751: max relative diff=0.000016, 140.41 sec so far
Iteration 62361: max relative diff=0.000008, 145.41 sec so far
Iteration 63864: max relative diff=0.000004, 150.41 sec so far
Iteration 65581: max relative diff=0.000002, 155.41 sec so far

Second round (updates from above) finished after 67032 iters.
Update from both sides... 
Iteration 67380: max relative diff=0.003914, 160.41 sec so far
Iteration 68929: max relative diff=0.001985, 165.41 sec so far
Iteration 70480: max relative diff=0.001006, 170.42 sec so far
Iteration 72076: max relative diff=0.000500, 175.42 sec so far
Iteration 73611: max relative diff=0.000255, 180.42 sec so far
Iteration 75186: max relative diff=0.000128, 185.42 sec so far
Iteration 76511: max relative diff=0.000072, 190.43 sec so far
Iteration 77842: max relative diff=0.000040, 195.43 sec so far
Iteration 79377: max relative diff=0.000020, 200.43 sec so far
Iteration 80954: max relative diff=0.000010, 205.43 sec so far
Iteration 82533: max relative diff=0.000005, 210.43 sec so far
Iteration 84067: max relative diff=0.000003, 215.44 sec so far
Iteration 85662: max relative diff=0.000001, 220.44 sec so far
Max relative diff between upper and lower bound on convergence: 0
Iterative method: 86253 iterations in 222.40 seconds (average 0.002578, setup 0.11)
Maximum finite value in solution vector at end of interval iteration: 16883.000000002685

Value in the initial state: 16875.000000002685

Time for model checking: 223.163 seconds.

Result: 16875.000000002685 (value in the initial state)

---------------------------------------------------------------------

Note: There were 2 warnings during computation.

