PRISM
=====

Version: 4.4
Date: Mon Feb 15 23:02:21 IRST 2021
Hostname: sadegh-H81M-S2PH
Memory limits: cudd=1g, java(heap)=910.5m
Command line: prism ../../examples/mdps/consensus/coin4.nm ../../examples/mdps/consensus/steps_max.pctl -s '-ii:upper=1.2e+12' -const K=30 -maxiters 9000300 -asynchii

Parsing model file "../../examples/mdps/consensus/coin4.nm"...

Parsing properties file "../../examples/mdps/consensus/steps_max.pctl"...

1 property:
(1) "steps_max": R{"steps"}max=? [ F "finished" ]

Type:        MDP
Modules:     process1 process2 process3 process4 
Variables:   counter pc1 coin1 pc2 coin2 pc3 coin3 pc4 coin4 

---------------------------------------------------------------------

Model checking: "steps_max": R{"steps"}max=? [ F "finished" ]
Model constants: K=30

Warning: Not Switching to explicit engine, We implemented the emthods for sparse engine.

Building model...
Model constants: K=30

Computing reachable states...

Reachability (BFS): 1443 iterations in 0.14 seconds (average 0.000098, setup 0.00)

Time for model construction: 0.283 seconds.

Type:        MDP
States:      309376 (1 initial)
Transitions: 1042912
Choices:     834688

Transition matrix: 2436 nodes (3 terminal), 1042912 minterms, vars: 20r/20c/4nd

Prob0E: 378 iterations in 0.22 seconds (average 0.000577, setup 0.00)

Prob1A: 1 iterations in 0.00 seconds (average 0.000000, setup 0.00)

goal = 64, inf = 0, maybe = 309312

Warning: Upper bound for interval iteration manually set to 1.2E12

Computing remaining rewards...
 8
Building sparse matrix (transitions)... [n=309376, nc=834624, nnz=1042848, k=4] [16.3 MB]
Building sparse matrix (transition rewards)... [n=309376, nc=834624, nnz=0, k=4] [4.4 MB]
Creating vector for state rewards... [2.4 MB]
Creating vector for inf... [2.4 MB]
Creating vector for lower bounds... [2.4 MB]
Creating vector for upper bounds... [2.4 MB]
Allocating iteration vectors... [4 x 2.4 MB]
TOTAL: [39.5 MB]

Starting iterations (interval iteration)...

 Time for pre-computation	: 0.008000 
		 >> 309312 after 0 iters << 
Iteration 922: max relative diff=1187832617725.784912, 5.00 sec so far
Iteration 1872: max relative diff=1088150584608.643677, 10.00 sec so far
Iteration 2824: max relative diff=950488821356.874878, 15.00 sec so far
Iteration 3753: max relative diff=821536469260.879395, 20.00 sec so far
Iteration 4719: max relative diff=703026374999.235840, 25.00 sec so far
Iteration 5661: max relative diff=603223284964.430664, 30.01 sec so far
Iteration 6601: max relative diff=517580504161.351257, 35.01 sec so far
Iteration 7561: max relative diff=442607033099.127319, 40.02 sec so far
Iteration 8492: max relative diff=380276146162.060425, 45.02 sec so far
Iteration 9466: max relative diff=324437782792.809692, 50.02 sec so far
Iteration 10443: max relative diff=276662442402.057861, 55.03 sec so far
Iteration 11418: max relative diff=235999069970.518250, 60.03 sec so far
Iteration 12394: max relative diff=201279469380.029297, 65.04 sec so far
Iteration 13344: max relative diff=172397002736.909302, 70.04 sec so far
Iteration 14300: max relative diff=147514624214.363953, 75.04 sec so far
Iteration 15229: max relative diff=126780459780.847412, 80.04 sec so far
Iteration 16191: max relative diff=108375928532.245056, 85.05 sec so far
Iteration 17133: max relative diff=92945752991.544464, 90.05 sec so far
Iteration 18071: max relative diff=79764475715.920563, 95.05 sec so far
Iteration 19034: max relative diff=68174071063.643349, 100.05 sec so far
Iteration 20012: max relative diff=58125512657.016052, 105.06 sec so far
Iteration 20961: max relative diff=49792951425.197861, 110.06 sec so far
Iteration 21914: max relative diff=42627092463.864609, 115.06 sec so far
Iteration 22847: max relative diff=36611689311.623550, 120.07 sec so far
Iteration 23807: max relative diff=31307036702.990623, 125.07 sec so far
Iteration 24750: max relative diff=26845280440.734715, 130.07 sec so far
Iteration 25686: max relative diff=23045684742.880638, 135.07 sec so far
Iteration 26649: max relative diff=19696970477.073051, 140.07 sec so far
Iteration 27581: max relative diff=16920157049.166111, 145.08 sec so far
Iteration 28556: max relative diff=14433263444.841587, 150.08 sec so far
Iteration 29531: max relative diff=12311889874.747044, 155.08 sec so far
Iteration 30457: max relative diff=10586554473.524765, 160.09 sec so far
Iteration 31416: max relative diff=9054153745.140713, 165.09 sec so far
Iteration 32362: max relative diff=7759999174.143708, 170.09 sec so far
Iteration 33335: max relative diff=6621611257.073000, 175.10 sec so far
Iteration 34305: max relative diff=5652989649.351454, 180.10 sec so far
Iteration 35239: max relative diff=4854471264.042942, 185.10 sec so far
Iteration 36189: max relative diff=4157888325.917301, 190.11 sec so far
Iteration 37149: max relative diff=3555459423.631229, 195.11 sec so far
Iteration 38077: max relative diff=3056220361.725327, 200.12 sec so far
Iteration 39037: max relative diff=2613411875.551036, 205.12 sec so far
Iteration 39985: max relative diff=2239138447.911402, 210.12 sec so far
Iteration 40959: max relative diff=1910351221.724295, 215.13 sec so far
Iteration 41927: max relative diff=1631438114.916108, 220.13 sec so far
Iteration 42861: max relative diff=1400992344.592026, 225.13 sec so far
Iteration 43809: max relative diff=1200355646.840641, 230.14 sec so far
Iteration 44766: max relative diff=1026945144.487581, 235.14 sec so far
Iteration 45696: max relative diff=882463598.381719, 240.15 sec so far
Iteration 46655: max relative diff=754733265.447928, 245.15 sec so far
Iteration 47600: max relative diff=646966955.334306, 250.15 sec so far
Iteration 48535: max relative diff=555494131.952981, 255.15 sec so far
Iteration 49499: max relative diff=474705621.636610, 260.16 sec so far
Iteration 50434: max relative diff=407590047.991373, 265.16 sec so far
Iteration 51381: max relative diff=349280451.856779, 270.16 sec so far
Iteration 52339: max relative diff=298777260.768325, 275.17 sec so far
Iteration 53265: max relative diff=256914101.904578, 280.17 sec so far
Iteration 54222: max relative diff=219803917.682162, 285.17 sec so far
Iteration 55169: max relative diff=188361887.428059, 290.17 sec so far
Iteration 56106: max relative diff=161681764.756781, 295.17 sec so far
Iteration 57073: max relative diff=138104644.552513, 300.18 sec so far
Iteration 58048: max relative diff=117812891.918364, 305.18 sec so far
Iteration 58995: max relative diff=100963263.134039, 310.18 sec so far
Iteration 59952: max relative diff=86383514.476240, 315.19 sec so far
Iteration 60883: max relative diff=74223915.743832, 320.19 sec so far
Iteration 61857: max relative diff=63331578.241846, 325.19 sec so far
Iteration 62834: max relative diff=54012261.899280, 330.19 sec so far
Iteration 63772: max relative diff=46358841.948024, 335.20 sec so far
Iteration 64733: max relative diff=39642037.454601, 340.20 sec so far
Iteration 65670: max relative diff=34032099.957798, 345.20 sec so far
Iteration 66617: max relative diff=29169437.110807, 350.21 sec so far
Iteration 67576: max relative diff=24953719.030634, 355.21 sec so far
Iteration 68506: max relative diff=21449193.549320, 360.22 sec so far
Iteration 69464: max relative diff=18353968.217237, 365.22 sec so far
Iteration 70412: max relative diff=15731901.673429, 370.22 sec so far
Iteration 71348: max relative diff=13511676.422649, 375.23 sec so far
Iteration 72313: max relative diff=11551163.033037, 380.23 sec so far
Iteration 73249: max relative diff=9922667.246033, 385.23 sec so far
Iteration 74224: max relative diff=8470916.713806, 390.24 sec so far
Iteration 75199: max relative diff=7232542.380429, 395.24 sec so far
Iteration 76170: max relative diff=6180182.259081, 400.24 sec so far
Iteration 77129: max relative diff=5292166.497360, 405.25 sec so far
Iteration 78077: max relative diff=4540746.606113, 410.25 sec so far
Iteration 79012: max relative diff=3905113.829974, 415.25 sec so far
Iteration 79983: max relative diff=3339962.606062, 420.25 sec so far
Iteration 80957: max relative diff=2856186.762043, 425.26 sec so far
Iteration 81901: max relative diff=2455206.993182, 430.26 sec so far
Iteration 82861: max relative diff=2106046.631744, 435.26 sec so far
Iteration 83789: max relative diff=1816693.829052, 440.27 sec so far
Iteration 84746: max relative diff=1560788.561834, 445.27 sec so far
Iteration 85694: max relative diff=1343758.167092, 450.27 sec so far
Iteration 86628: max relative diff=1160352.002867, 455.28 sec so far
Iteration 87595: max relative diff=997715.325586, 460.28 sec so far
Iteration 88570: max relative diff=857741.350985, 465.28 sec so far
Iteration 89514: max relative diff=741851.988071, 470.28 sec so far
Iteration 90471: max relative diff=641230.623340, 475.29 sec so far
Iteration 91402: max relative diff=557311.795399, 480.29 sec so far
Iteration 92356: max relative diff=483558.370570, 485.30 sec so far
Iteration 93238: max relative diff=424371.670220, 490.30 sec so far
Iteration 93742: max relative diff=391358.239234, 495.31 sec so far
Iteration 94263: max relative diff=359761.805173, 500.32 sec so far
Iteration 94768: max relative diff=331458.997112, 505.32 sec so far
Iteration 95278: max relative diff=305076.000265, 510.32 sec so far
Iteration 95796: max relative diff=280398.420764, 515.33 sec so far
Iteration 96296: max relative diff=258460.053660, 520.33 sec so far
Iteration 96813: max relative diff=237572.578812, 525.34 sec so far
Iteration 97325: max relative diff=218548.052959, 530.35 sec so far
Iteration 97830: max relative diff=201275.110671, 535.36 sec so far
Iteration 98352: max relative diff=184853.575279, 540.36 sec so far
Iteration 98859: max relative diff=170187.218831, 545.37 sec so far
Iteration 99370: max relative diff=156582.190375, 550.37 sec so far
Iteration 99889: max relative diff=143876.900709, 555.38 sec so far
Iteration 100390: max relative diff=132591.073279, 560.38 sec so far
Iteration 100906: max relative diff=121892.016408, 565.38 sec so far
Iteration 101418: max relative diff=112129.388938, 570.39 sec so far
Iteration 101921: max relative diff=103300.147994, 575.39 sec so far
Iteration 102441: max relative diff=94902.710752, 580.40 sec so far
Iteration 102947: max relative diff=87387.166513, 585.41 sec so far
Iteration 103457: max relative diff=80414.329903, 590.41 sec so far
Iteration 103977: max relative diff=73877.316861, 595.42 sec so far
Iteration 104479: max relative diff=68071.198856, 600.42 sec so far
Iteration 104996: max relative diff=62568.177049, 605.43 sec so far
Iteration 105509: max relative diff=57547.551842, 610.43 sec so far
Iteration 106013: max relative diff=53007.523363, 615.44 sec so far
Iteration 106535: max relative diff=48682.576475, 620.45 sec so far
Iteration 107043: max relative diff=44812.685072, 625.46 sec so far
Iteration 107552: max relative diff=41243.694975, 630.47 sec so far
Iteration 108071: max relative diff=37897.105799, 635.48 sec so far
Iteration 108573: max relative diff=34918.721091, 640.48 sec so far
Iteration 109089: max relative diff=32101.050410, 645.49 sec so far
Iteration 109602: max relative diff=29525.182764, 650.50 sec so far
Iteration 110105: max relative diff=27200.323390, 655.50 sec so far
Iteration 110627: max relative diff=24981.016653, 660.51 sec so far
Iteration 111134: max relative diff=22998.967157, 665.52 sec so far
Iteration 111643: max relative diff=21167.274063, 670.53 sec so far
Iteration 112163: max relative diff=19446.551527, 675.53 sec so far
Iteration 112664: max relative diff=17921.142618, 680.54 sec so far
Iteration 113179: max relative diff=16477.731534, 685.54 sec so far
Iteration 113692: max relative diff=15155.517624, 690.55 sec so far
Iteration 114194: max relative diff=13964.425039, 695.56 sec so far
Iteration 114714: max relative diff=12829.233954, 700.57 sec so far
Iteration 115221: max relative diff=11811.333964, 705.57 sec so far
Iteration 115729: max relative diff=10872.423521, 710.57 sec so far
Iteration 116249: max relative diff=9988.586328, 715.57 sec so far
Iteration 116750: max relative diff=9205.070623, 720.58 sec so far
Iteration 117265: max relative diff=8463.672533, 725.58 sec so far
Iteration 117778: max relative diff=7784.526530, 730.59 sec so far
Iteration 118281: max relative diff=7171.560660, 735.60 sec so far
Iteration 118801: max relative diff=6588.572697, 740.60 sec so far
Iteration 119308: max relative diff=6065.820670, 745.61 sec so far
Iteration 119817: max relative diff=5582.724117, 750.61 sec so far
Iteration 120336: max relative diff=5129.731632, 755.62 sec so far
Iteration 120843: max relative diff=4722.727303, 760.62 sec so far
Iteration 121357: max relative diff=4343.055795, 765.62 sec so far
Iteration 121870: max relative diff=3994.558265, 770.63 sec so far
Iteration 122372: max relative diff=3680.620542, 775.63 sec so far
Iteration 122892: max relative diff=3381.416845, 780.64 sec so far
Iteration 123399: max relative diff=3113.127705, 785.64 sec so far
Iteration 123907: max relative diff=2865.657936, 790.64 sec so far
Iteration 124426: max relative diff=2633.133190, 795.65 sec so far
Iteration 124928: max relative diff=2426.191701, 800.66 sec so far
Iteration 125443: max relative diff=2230.780502, 805.66 sec so far
Iteration 125956: max relative diff=2051.777163, 810.66 sec so far
Iteration 126482: max relative diff=1883.141632, 815.67 sec so far
Iteration 127003: max relative diff=1729.775888, 820.67 sec so far
Iteration 127510: max relative diff=1592.531619, 825.67 sec so far
Iteration 128019: max relative diff=1465.698570, 830.68 sec so far
Iteration 128539: max relative diff=1346.549523, 835.69 sec so far
Iteration 129041: max relative diff=1240.722380, 840.69 sec so far
Iteration 129557: max relative diff=1140.605683, 845.70 sec so far
Iteration 130071: max relative diff=1048.909626, 850.71 sec so far
Iteration 130573: max relative diff=966.474404, 855.71 sec so far
Iteration 131094: max relative diff=887.763348, 860.72 sec so far
Iteration 131601: max relative diff=817.326228, 865.72 sec so far
Iteration 132110: max relative diff=752.232401, 870.72 sec so far
Iteration 132630: max relative diff=691.082193, 875.73 sec so far
Iteration 133134: max relative diff=636.561494, 880.74 sec so far
Iteration 133650: max relative diff=585.195906, 885.75 sec so far
Iteration 134165: max relative diff=538.062849, 890.75 sec so far
Iteration 134667: max relative diff=495.775764, 895.76 sec so far
Iteration 135188: max relative diff=455.399078, 900.76 sec so far
Iteration 135695: max relative diff=419.266702, 905.76 sec so far
Iteration 136204: max relative diff=385.875294, 910.77 sec so far
Iteration 136725: max relative diff=354.449059, 915.77 sec so far
Iteration 137226: max relative diff=326.645685, 920.77 sec so far
Iteration 137740: max relative diff=300.385846, 925.78 sec so far
Iteration 138254: max relative diff=276.237099, 930.79 sec so far
Iteration 138755: max relative diff=254.568758, 935.80 sec so far
Iteration 139276: max relative diff=233.836315, 940.80 sec so far
Iteration 139784: max relative diff=215.248122, 945.81 sec so far
Iteration 140311: max relative diff=197.524673, 950.81 sec so far
Iteration 140840: max relative diff=181.201467, 955.82 sec so far
Iteration 141342: max relative diff=166.960600, 960.82 sec so far
Iteration 141856: max relative diff=153.538232, 965.83 sec so far
Iteration 142370: max relative diff=141.194921, 970.83 sec so far
Iteration 142871: max relative diff=130.119437, 975.83 sec so far
Iteration 143392: max relative diff=119.522324, 980.84 sec so far
Iteration 143900: max relative diff=110.021216, 985.85 sec so far
Iteration 144409: max relative diff=101.258862, 990.86 sec so far
Iteration 144929: max relative diff=93.027363, 995.87 sec so far
Iteration 145430: max relative diff=85.730194, 1000.87 sec so far
Iteration 145957: max relative diff=78.671203, 1005.87 sec so far
Iteration 146485: max relative diff=72.181676, 1010.88 sec so far
Iteration 146986: max relative diff=66.519666, 1015.88 sec so far
Iteration 147507: max relative diff=61.102209, 1020.89 sec so far
Iteration 148015: max relative diff=56.245052, 1025.90 sec so far
Iteration 148525: max relative diff=51.757121, 1030.91 sec so far
Iteration 149046: max relative diff=47.541948, 1035.91 sec so far
Iteration 149548: max relative diff=43.805562, 1040.92 sec so far
Iteration 150062: max relative diff=40.283927, 1045.93 sec so far
Iteration 150577: max relative diff=37.039364, 1050.93 sec so far
Iteration 151078: max relative diff=34.133956, 1055.94 sec so far
Iteration 151599: max relative diff=31.354038, 1060.94 sec so far
Iteration 152107: max relative diff=28.861632, 1065.95 sec so far
Iteration 152615: max relative diff=26.567354, 1070.96 sec so far
Iteration 153136: max relative diff=24.403671, 1075.97 sec so far
Iteration 153638: max relative diff=22.485754, 1080.98 sec so far
Iteration 154152: max relative diff=20.678069, 1085.99 sec so far
Iteration 154667: max relative diff=19.012609, 1090.99 sec so far
Iteration 155168: max relative diff=17.521239, 1095.99 sec so far
Iteration 155688: max relative diff=16.096909, 1101.00 sec so far
Iteration 156196: max relative diff=14.817328, 1106.01 sec so far
Iteration 156723: max relative diff=13.597275, 1111.01 sec so far
Iteration 157249: max relative diff=12.479715, 1116.02 sec so far
Iteration 157751: max relative diff=11.498917, 1121.02 sec so far
Iteration 158265: max relative diff=10.574492, 1126.03 sec so far
Iteration 158780: max relative diff=9.722797, 1131.04 sec so far
Iteration 159282: max relative diff=8.958669, 1136.05 sec so far
Iteration 159802: max relative diff=8.230405, 1141.05 sec so far
Iteration 160311: max relative diff=7.574915, 1146.05 sec so far
Iteration 160818: max relative diff=6.973905, 1151.05 sec so far
Iteration 161339: max relative diff=6.405940, 1156.06 sec so far
Iteration 161841: max relative diff=5.902489, 1161.07 sec so far
Iteration 162354: max relative diff=5.428858, 1166.07 sec so far
Iteration 162868: max relative diff=4.992419, 1171.07 sec so far
Iteration 163369: max relative diff=4.600808, 1176.08 sec so far
Iteration 163890: max relative diff=4.226112, 1181.08 sec so far
Iteration 164398: max relative diff=3.890168, 1186.09 sec so far
Iteration 164905: max relative diff=3.581514, 1191.09 sec so far
Iteration 165425: max relative diff=3.290367, 1196.10 sec so far
Iteration 165928: max relative diff=3.031278, 1201.11 sec so far
Iteration 166442: max relative diff=2.787586, 1206.11 sec so far
Iteration 166957: max relative diff=2.563068, 1211.12 sec so far
Iteration 167459: max relative diff=2.361633, 1216.13 sec so far
Iteration 167980: max relative diff=2.169298, 1221.13 sec so far
Iteration 168488: max relative diff=1.996855, 1226.14 sec so far
Iteration 168995: max relative diff=1.838420, 1231.14 sec so far
Iteration 169515: max relative diff=1.688972, 1236.15 sec so far
Iteration 170018: max relative diff=1.555980, 1241.16 sec so far
Iteration 170531: max relative diff=1.431124, 1246.16 sec so far
Iteration 171046: max relative diff=1.315858, 1251.17 sec so far
Iteration 171547: max relative diff=1.212641, 1256.18 sec so far
Iteration 172066: max relative diff=1.114245, 1261.18 sec so far
Iteration 172575: max relative diff=1.025504, 1266.19 sec so far
Iteration 173082: max relative diff=0.944138, 1271.20 sec so far
Iteration 173603: max relative diff=0.867246, 1276.20 sec so far
Iteration 174106: max relative diff=0.798958, 1281.21 sec so far
Iteration 174619: max relative diff=0.734847, 1286.21 sec so far
Iteration 175135: max relative diff=0.675551, 1291.22 sec so far
Iteration 175635: max relative diff=0.622661, 1296.22 sec so far
Iteration 176155: max relative diff=0.572044, 1301.23 sec so far
Iteration 176665: max relative diff=0.526399, 1306.24 sec so far
Iteration 177172: max relative diff=0.484634, 1311.25 sec so far
Iteration 177693: max relative diff=0.445164, 1316.25 sec so far
Iteration 178195: max relative diff=0.410178, 1321.25 sec so far
Iteration 178709: max relative diff=0.377203, 1326.26 sec so far
Iteration 179225: max relative diff=0.346766, 1331.26 sec so far
Iteration 179727: max relative diff=0.319513, 1336.27 sec so far
Iteration 180247: max relative diff=0.293539, 1341.28 sec so far
Iteration 180756: max relative diff=0.270161, 1346.28 sec so far
Iteration 181263: max relative diff=0.248726, 1351.28 sec so far
Iteration 181783: max relative diff=0.228507, 1356.29 sec so far
Iteration 182286: max relative diff=0.210514, 1361.29 sec so far
Iteration 182799: max relative diff=0.193621, 1366.30 sec so far
Iteration 183316: max relative diff=0.177969, 1371.31 sec so far
Iteration 183817: max relative diff=0.164009, 1376.31 sec so far
Iteration 184336: max relative diff=0.150701, 1381.31 sec so far
Iteration 184846: max relative diff=0.138676, 1386.32 sec so far
Iteration 185353: max relative diff=0.127673, 1391.33 sec so far
Iteration 185874: max relative diff=0.117275, 1396.33 sec so far
Iteration 186378: max relative diff=0.108023, 1401.34 sec so far
Iteration 186892: max relative diff=0.099339, 1406.35 sec so far
Iteration 187408: max relative diff=0.091323, 1411.35 sec so far
Iteration 187908: max relative diff=0.084173, 1416.36 sec so far
Iteration 188428: max relative diff=0.077331, 1421.36 sec so far
Iteration 188937: max relative diff=0.071172, 1426.37 sec so far
Iteration 189444: max relative diff=0.065525, 1431.37 sec so far
Iteration 189965: max relative diff=0.060188, 1436.38 sec so far
Iteration 190471: max relative diff=0.055422, 1441.39 sec so far
Iteration 190984: max relative diff=0.050975, 1446.40 sec so far
Iteration 191500: max relative diff=0.046862, 1451.40 sec so far
Iteration 192002: max relative diff=0.043179, 1456.41 sec so far
Iteration 192521: max relative diff=0.039675, 1461.41 sec so far
Iteration 193031: max relative diff=0.036509, 1466.42 sec so far
Iteration 193558: max relative diff=0.033503, 1471.42 sec so far
Iteration 194082: max relative diff=0.030760, 1476.43 sec so far
Iteration 194585: max relative diff=0.028337, 1481.43 sec so far
Iteration 195098: max relative diff=0.026064, 1486.44 sec so far
Iteration 195615: max relative diff=0.023957, 1491.45 sec so far
Iteration 196118: max relative diff=0.022070, 1496.45 sec so far
Iteration 196637: max relative diff=0.020279, 1501.46 sec so far
Iteration 197147: max relative diff=0.018661, 1506.46 sec so far
Iteration 197655: max relative diff=0.017178, 1511.47 sec so far
Iteration 198176: max relative diff=0.015779, 1516.47 sec so far
Iteration 198679: max relative diff=0.014536, 1521.47 sec so far
Iteration 199191: max relative diff=0.013372, 1526.48 sec so far
Iteration 199707: max relative diff=0.012293, 1531.48 sec so far
Iteration 200207: max relative diff=0.011331, 1536.48 sec so far
Iteration 200725: max relative diff=0.010413, 1541.49 sec so far
Iteration 201235: max relative diff=0.009582, 1546.49 sec so far
Iteration 201741: max relative diff=0.008823, 1551.50 sec so far
Iteration 202261: max relative diff=0.008106, 1556.50 sec so far
Iteration 202764: max relative diff=0.007468, 1561.51 sec so far
Iteration 203291: max relative diff=0.006853, 1566.51 sec so far
Iteration 203817: max relative diff=0.006290, 1571.52 sec so far
Iteration 204318: max relative diff=0.005796, 1576.52 sec so far
Iteration 204837: max relative diff=0.005326, 1581.52 sec so far
Iteration 205347: max relative diff=0.004901, 1586.53 sec so far
Iteration 205854: max relative diff=0.004512, 1591.54 sec so far
Iteration 206374: max relative diff=0.004145, 1596.54 sec so far
Iteration 206878: max relative diff=0.003818, 1601.55 sec so far
Iteration 207390: max relative diff=0.003512, 1606.55 sec so far
Iteration 207907: max relative diff=0.003229, 1611.56 sec so far
Iteration 208408: max relative diff=0.002975, 1616.57 sec so far
Iteration 208927: max relative diff=0.002734, 1621.57 sec so far
Iteration 209437: max relative diff=0.002516, 1626.58 sec so far
Iteration 209943: max relative diff=0.002316, 1631.59 sec so far
Iteration 210464: max relative diff=0.002128, 1636.59 sec so far
Iteration 210968: max relative diff=0.001960, 1641.60 sec so far
Iteration 211482: max relative diff=0.001802, 1646.61 sec so far
Iteration 211998: max relative diff=0.001657, 1651.61 sec so far
Iteration 212498: max relative diff=0.001527, 1656.61 sec so far
Iteration 213017: max relative diff=0.001403, 1661.62 sec so far
Iteration 213527: max relative diff=0.001291, 1666.62 sec so far
Iteration 214033: max relative diff=0.001189, 1671.63 sec so far
Iteration 214555: max relative diff=0.001092, 1676.64 sec so far
Iteration 215058: max relative diff=0.001006, 1681.64 sec so far
Iteration 215570: max relative diff=0.000925, 1686.65 sec so far
Iteration 216087: max relative diff=0.000851, 1691.65 sec so far
Iteration 216588: max relative diff=0.000784, 1696.66 sec so far
Iteration 217107: max relative diff=0.000720, 1701.67 sec so far
Iteration 217617: max relative diff=0.000663, 1706.67 sec so far
Iteration 218122: max relative diff=0.000610, 1711.68 sec so far
Iteration 218641: max relative diff=0.000561, 1716.69 sec so far
Iteration 219145: max relative diff=0.000517, 1721.70 sec so far
Iteration 219657: max relative diff=0.000475, 1726.70 sec so far
Iteration 220174: max relative diff=0.000437, 1731.71 sec so far
Iteration 220676: max relative diff=0.000403, 1736.72 sec so far
Iteration 221194: max relative diff=0.000370, 1741.72 sec so far
Iteration 221705: max relative diff=0.000340, 1746.73 sec so far
Iteration 222210: max relative diff=0.000313, 1751.73 sec so far
Iteration 222731: max relative diff=0.000288, 1756.74 sec so far
Iteration 223235: max relative diff=0.000265, 1761.74 sec so far
Iteration 223747: max relative diff=0.000244, 1766.75 sec so far
Iteration 224264: max relative diff=0.000224, 1771.75 sec so far
Iteration 224765: max relative diff=0.000207, 1776.76 sec so far
Iteration 225284: max relative diff=0.000190, 1781.77 sec so far
Iteration 225795: max relative diff=0.000175, 1786.77 sec so far
Iteration 226300: max relative diff=0.000161, 1791.77 sec so far
Iteration 226824: max relative diff=0.000148, 1796.78 sec so far
Iteration 227351: max relative diff=0.000136, 1801.78 sec so far
Iteration 227863: max relative diff=0.000125, 1806.79 sec so far
Iteration 228380: max relative diff=0.000115, 1811.79 sec so far
Iteration 228881: max relative diff=0.000106, 1816.79 sec so far
Iteration 229400: max relative diff=0.000097, 1821.80 sec so far
Iteration 229911: max relative diff=0.000089, 1826.81 sec so far
Iteration 230415: max relative diff=0.000082, 1831.81 sec so far
Iteration 230936: max relative diff=0.000076, 1836.82 sec so far
Iteration 231440: max relative diff=0.000070, 1841.83 sec so far
Iteration 231951: max relative diff=0.000064, 1846.83 sec so far
Iteration 232468: max relative diff=0.000059, 1851.83 sec so far
Iteration 232970: max relative diff=0.000054, 1856.84 sec so far
Iteration 233488: max relative diff=0.000050, 1861.84 sec so far
Iteration 233999: max relative diff=0.000046, 1866.84 sec so far
Iteration 234504: max relative diff=0.000042, 1871.85 sec so far
Iteration 235025: max relative diff=0.000039, 1876.86 sec so far
Iteration 235530: max relative diff=0.000036, 1881.86 sec so far
Iteration 236041: max relative diff=0.000033, 1886.86 sec so far
Iteration 236559: max relative diff=0.000030, 1891.87 sec so far
Iteration 237060: max relative diff=0.000028, 1896.87 sec so far
Iteration 237577: max relative diff=0.000026, 1901.87 sec so far
Iteration 238088: max relative diff=0.000024, 1906.88 sec so far
Iteration 238593: max relative diff=0.000022, 1911.88 sec so far
Iteration 239113: max relative diff=0.000020, 1916.89 sec so far
Iteration 239617: max relative diff=0.000018, 1921.89 sec so far
Iteration 240128: max relative diff=0.000017, 1926.90 sec so far
Iteration 240645: max relative diff=0.000016, 1931.90 sec so far
Iteration 241146: max relative diff=0.000014, 1936.90 sec so far
Iteration 241663: max relative diff=0.000013, 1941.91 sec so far
Iteration 242174: max relative diff=0.000012, 1946.91 sec so far
Iteration 242678: max relative diff=0.000011, 1951.92 sec so far
Iteration 243198: max relative diff=0.000010, 1956.92 sec so far
Iteration 243703: max relative diff=0.000009, 1961.92 sec so far
Iteration 244215: max relative diff=0.000009, 1966.93 sec so far
Iteration 244733: max relative diff=0.000008, 1971.93 sec so far
Iteration 245261: max relative diff=0.000007, 1976.94 sec so far
Iteration 245778: max relative diff=0.000007, 1981.94 sec so far
Iteration 246289: max relative diff=0.000006, 1986.94 sec so far
Iteration 246794: max relative diff=0.000006, 1991.95 sec so far
Iteration 247314: max relative diff=0.000005, 1996.95 sec so far
Iteration 247819: max relative diff=0.000005, 2001.95 sec so far
Iteration 248330: max relative diff=0.000004, 2006.96 sec so far
Iteration 248849: max relative diff=0.000004, 2011.97 sec so far
Iteration 249351: max relative diff=0.000004, 2016.98 sec so far
Iteration 249868: max relative diff=0.000003, 2021.98 sec so far
Iteration 250380: max relative diff=0.000003, 2026.99 sec so far
Iteration 250885: max relative diff=0.000003, 2032.00 sec so far
Iteration 251407: max relative diff=0.000003, 2037.01 sec so far
Iteration 251912: max relative diff=0.000002, 2042.01 sec so far
Iteration 252423: max relative diff=0.000002, 2047.02 sec so far
Iteration 252942: max relative diff=0.000002, 2052.03 sec so far
Iteration 253459: max relative diff=0.000002, 2057.03 sec so far
Iteration 253976: max relative diff=0.000002, 2062.03 sec so far
Iteration 254488: max relative diff=0.000002, 2067.04 sec so far
Iteration 254993: max relative diff=0.000002, 2072.05 sec so far
Iteration 255513: max relative diff=0.000001, 2077.05 sec so far
Iteration 256018: max relative diff=0.000001, 2082.05 sec so far
Iteration 256529: max relative diff=0.000001, 2087.06 sec so far
Iteration 257340: max relative diff=0.000001, 2092.06 sec so far
Max relative diff between upper and lower bound on convergence: 9.99935E-07
LowItr:163511 , UpItr:257605 

Iterative method: 257606 iterations in 2093.49 seconds (average 0.008127, setup 0.19)
Maximum finite value in solution vector at end of interval iteration: 45395.00000037399

Value in the initial state: 45387.00000037399

Time for model checking: 2095.476 seconds.

Result: 45387.00000037399 (value in the initial state)

---------------------------------------------------------------------

Note: There were 2 warnings during computation.

