PRISM
=====

Version: 4.4
Date: Mon Feb 15 11:24:32 IRST 2021
Hostname: sadegh-H81M-S2PH
Memory limits: cudd=1g, java(heap)=910.5m
Command line: prism ../../examples/mdps/consensus/coin4.nm ../../examples/mdps/consensus/steps_max.pctl -s '-ii:upper=1.2e+12' -const K=18 -maxiters 9000300 -backward

Parsing model file "../../examples/mdps/consensus/coin4.nm"...

Parsing properties file "../../examples/mdps/consensus/steps_max.pctl"...

1 property:
(1) "steps_max": R{"steps"}max=? [ F "finished" ]

Type:        MDP
Modules:     process1 process2 process3 process4 
Variables:   counter pc1 coin1 pc2 coin2 pc3 coin3 pc4 coin4 

---------------------------------------------------------------------

Model checking: "steps_max": R{"steps"}max=? [ F "finished" ]
Model constants: K=18

Warning: Not Switching to explicit engine, We implemented the emthods for sparse engine.

Building model...
Model constants: K=18

Computing reachable states...

Reachability (BFS): 867 iterations in 0.10 seconds (average 0.000121, setup 0.00)

Time for model construction: 0.184 seconds.

Type:        MDP
States:      186496 (1 initial)
Transitions: 628192
Choices:     502912

Transition matrix: 2432 nodes (3 terminal), 628192 minterms, vars: 20r/20c/4nd

Prob0E: 234 iterations in 0.17 seconds (average 0.000748, setup 0.00)

Prob1A: 1 iterations in 0.00 seconds (average 0.000000, setup 0.00)

goal = 64, inf = 0, maybe = 186432

Warning: Upper bound for interval iteration manually set to 1.2E12

Computing remaining rewards...
 6
Building sparse matrix (transitions)... [n=186496, nc=502848, nnz=628128, k=4] [9.8 MB]
Building sparse matrix (transition rewards)... [n=186496, nc=502848, nnz=0, k=4] [2.6 MB]
Creating vector for state rewards... [1.4 MB]
Creating vector for inf... [1.4 MB]
Creating vector for lower bounds... [1.4 MB]
Creating vector for upper bounds... [1.4 MB]
Allocating iteration vectors... [4 x 1.4 MB]
TOTAL: [23.8 MB]

Starting iterations (interval iteration)...

Time for state ordering: 0.006000


Iters: 500 , Maximum difference of values of bel_vec: 5.80993 & Maximum difference of values of abov_vec: 5.89665E+08 
Iters: 1000 , Maximum difference of values of bel_vec: 4.85815 & Maximum difference of values of abov_vec: 4.18562E+08 
Iters: 1500 , Maximum difference of values of bel_vec: 3.92881 & Maximum difference of values of abov_vec: 3.47245E+08 
Iters: 2000 , Maximum difference of values of bel_vec: 3.15899 & Maximum difference of values of abov_vec: 2.76063E+08 
Iters: 2500 , Maximum difference of values of bel_vec: 2.53748 & Maximum difference of values of abov_vec: 2.22258E+08 
Iters: 3000 , Maximum difference of values of bel_vec: 2.0379 & Maximum difference of values of abov_vec: 1.78606E+08 
Iters: 3500 , Maximum difference of values of bel_vec: 1.63663 & Maximum difference of values of abov_vec: 1.43481E+08 
Iters: 4000 , Maximum difference of values of bel_vec: 1.31436 & Maximum difference of values of abov_vec: 1.15257E+08 
Iters: 4500 , Maximum difference of values of bel_vec: 1.05555 & Maximum difference of values of abov_vec: 9.25836E+07 
Iters: 5000 , Maximum difference of values of bel_vec: 0.847699 & Maximum difference of values of abov_vec: 7.43705E+07 
Iters: 5500 , Maximum difference of values of bel_vec: 0.680778 & Maximum difference of values of abov_vec: 5.97403E+07 
Iters: 6000 , Maximum difference of values of bel_vec: 0.546726 & Maximum difference of values of abov_vec: 4.79882E+07 
Iters: 6500 , Maximum difference of values of bel_vec: 0.43907 & Maximum difference of values of abov_vec: 3.85479E+07 
Iters: 7000 , Maximum difference of values of bel_vec: 0.352612 & Maximum difference of values of abov_vec: 3.09647E+07 
Iters: 7500 , Maximum difference of values of bel_vec: 0.283179 & Maximum difference of values of abov_vec: 2.48733E+07 
Iters: 8000 , Maximum difference of values of bel_vec: 0.227418 & Maximum difference of values of abov_vec: 1.99802E+07 
Iters: 8500 , Maximum difference of values of bel_vec: 0.182637 & Maximum difference of values of abov_vec: 1.60497E+07 
Iters: 9000 , Maximum difference of values of bel_vec: 0.146674 & Maximum difference of values of abov_vec: 1.28924E+07 
Iters: 9500 , Maximum difference of values of bel_vec: 0.117792 & Maximum difference of values of abov_vec: 1.03562E+07 
Iters: 10000 , Maximum difference of values of bel_vec: 0.0945978 & Maximum difference of values of abov_vec: 8.31893E+06 
Iters: 10500 , Maximum difference of values of bel_vec: 0.0759705 & Maximum difference of values of abov_vec: 6.68242E+06 
Iters: 11000 , Maximum difference of values of bel_vec: 0.0610111 & Maximum difference of values of abov_vec: 5.36785E+06 
Iters: 11500 , Maximum difference of values of bel_vec: 0.0489974 & Maximum difference of values of abov_vec: 4.31189E+06 
Iters: 12000 , Maximum difference of values of bel_vec: 0.0393493 & Maximum difference of values of abov_vec: 3.46365E+06 
Iters: 12500 , Maximum difference of values of bel_vec: 0.031601 & Maximum difference of values of abov_vec: 2.78228E+06 
Iters: 13000 , Maximum difference of values of bel_vec: 0.0253784 & Maximum difference of values of abov_vec: 2.23495E+06 
Iters: 13500 , Maximum difference of values of bel_vec: 0.0203811 & Maximum difference of values of abov_vec: 1.79529E+06 
Iters: 14000 , Maximum difference of values of bel_vec: 0.0163679 & Maximum difference of values of abov_vec: 1.44212E+06 
Iters: 14500 , Maximum difference of values of bel_vec: 0.0131449 & Maximum difference of values of abov_vec: 1.15842E+06 
Iters: 15000 , Maximum difference of values of bel_vec: 0.0105565 & Maximum difference of values of abov_vec: 930538 
Iters: 15500 , Maximum difference of values of bel_vec: 0.00847781 & Maximum difference of values of abov_vec: 747482 
Iters: 16000 , Maximum difference of values of bel_vec: 0.00680844 & Maximum difference of values of abov_vec: 600437 
Iters: 16500 , Maximum difference of values of bel_vec: 0.00546779 & Maximum difference of values of abov_vec: 482318 
Iters: 17000 , Maximum difference of values of bel_vec: 0.00439112 & Maximum difference of values of abov_vec: 387436 
Iters: 17500 , Maximum difference of values of bel_vec: 0.00352646 & Maximum difference of values of abov_vec: 311220 
Iters: 18000 , Maximum difference of values of bel_vec: 0.00283207 & Maximum difference of values of abov_vec: 249996 
Iters: 18500 , Maximum difference of values of bel_vec: 0.0022744 & Maximum difference of values of abov_vec: 200817 
Iters: 19000 , Maximum difference of values of bel_vec: 0.00182655 & Maximum difference of values of abov_vec: 161312 
Iters: 19500 , Maximum difference of values of bel_vec: 0.00146688 & Maximum difference of values of abov_vec: 129579 
Iters: 20000 , Maximum difference of values of bel_vec: 0.00117804 & Maximum difference of values of abov_vec: 104088 
Iters: 20500 , Maximum difference of values of bel_vec: 0.000946069 & Maximum difference of values of abov_vec: 83611.7 
Iters: 21000 , Maximum difference of values of bel_vec: 0.000759778 & Maximum difference of values of abov_vec: 67163.6 
Iters: 21500 , Maximum difference of values of bel_vec: 0.00061017 & Maximum difference of values of abov_vec: 53951.1 
Iters: 22000 , Maximum difference of values of bel_vec: 0.000490021 & Maximum difference of values of abov_vec: 43337.8 
Iters: 22500 , Maximum difference of values of bel_vec: 0.000393531 & Maximum difference of values of abov_vec: 34812.4 
Iters: 23000 , Maximum difference of values of bel_vec: 0.00031604 & Maximum difference of values of abov_vec: 27964.1 
Iters: 23500 , Maximum difference of values of bel_vec: 0.000253809 & Maximum difference of values of abov_vec: 22463 
Iters: 24000 , Maximum difference of values of bel_vec: 0.000203831 & Maximum difference of values of abov_vec: 18044 
Iters: 24500 , Maximum difference of values of bel_vec: 0.000163695 & Maximum difference of values of abov_vec: 14494.4 
Iters: 25000 , Maximum difference of values of bel_vec: 0.000131461 & Maximum difference of values of abov_vec: 11643.1 
Iters: 25500 , Maximum difference of values of bel_vec: 0.000105575 & Maximum difference of values of abov_vec: 9352.63 
Iters: 26000 , Maximum difference of values of bel_vec: 8.47864E-05 & Maximum difference of values of abov_vec: 7512.78 
Iters: 26500 , Maximum difference of values of bel_vec: 6.8091E-05 & Maximum difference of values of abov_vec: 6034.86 
Iters: 27000 , Maximum difference of values of bel_vec: 5.46832E-05 & Maximum difference of values of abov_vec: 4847.68 
Iters: 27500 , Maximum difference of values of bel_vec: 4.39155E-05 & Maximum difference of values of abov_vec: 3894.04 
Iters: 28000 , Maximum difference of values of bel_vec: 3.52681E-05 & Maximum difference of values of abov_vec: 3128 
Iters: 28500 , Maximum difference of values of bel_vec: 2.83234E-05 & Maximum difference of values of abov_vec: 2512.66 
Iters: 29000 , Maximum difference of values of bel_vec: 2.27462E-05 & Maximum difference of values of abov_vec: 2018.37 
Iters: 29500 , Maximum difference of values of bel_vec: 1.82673E-05 & Maximum difference of values of abov_vec: 1621.31 
Iters: 30000 , Maximum difference of values of bel_vec: 1.46702E-05 & Maximum difference of values of abov_vec: 1302.37 
Iters: 30500 , Maximum difference of values of bel_vec: 1.17815E-05 & Maximum difference of values of abov_vec: 1046.17 
Iters: 31000 , Maximum difference of values of bel_vec: 9.46161E-06 & Maximum difference of values of abov_vec: 840.363 
Iters: 31500 , Maximum difference of values of bel_vec: 7.59852E-06 & Maximum difference of values of abov_vec: 675.046 
Iters: 32000 , Maximum difference of values of bel_vec: 6.10229E-06 & Maximum difference of values of abov_vec: 542.251 
Iters: 32500 , Maximum difference of values of bel_vec: 4.90068E-06 & Maximum difference of values of abov_vec: 435.579 
Iters: 33000 , Maximum difference of values of bel_vec: 3.93569E-06 & Maximum difference of values of abov_vec: 349.892 
Iters: 33500 , Maximum difference of values of bel_vec: 3.16071E-06 & Maximum difference of values of abov_vec: 281.061 
Iters: 34000 , Maximum difference of values of bel_vec: 2.53833E-06 & Maximum difference of values of abov_vec: 225.77 
Iters: 34500 , Maximum difference of values of bel_vec: 2.03851E-06 & Maximum difference of values of abov_vec: 181.357 
Iters: 35000 , Maximum difference of values of bel_vec: 1.6371E-06 & Maximum difference of values of abov_vec: 145.68 
Iters: 35500 , Maximum difference of values of bel_vec: 1.31474E-06 & Maximum difference of values of abov_vec: 117.022 
Iters: 36000 , Maximum difference of values of bel_vec: 1.05585E-06 & Maximum difference of values of abov_vec: 94.0012 
Iters: 36500 , Maximum difference of values of bel_vec: 8.47947E-07 & Maximum difference of values of abov_vec: 75.5093 
Iters: 37000 , Maximum difference of values of bel_vec: 6.80975E-07 & Maximum difference of values of abov_vec: 60.655 
Iters: 37500 , Maximum difference of values of bel_vec: 5.46886E-07 & Maximum difference of values of abov_vec: 48.7229 
Iters: 38000 , Maximum difference of values of bel_vec: 4.39195E-07 & Maximum difference of values of abov_vec: 39.1381 
Iters: 38500 , Maximum difference of values of bel_vec: 3.52713E-07 & Maximum difference of values of abov_vec: 31.4389 
Iters: 39000 , Maximum difference of values of bel_vec: 2.8326E-07 & Maximum difference of values of abov_vec: 25.2542 
Iters: 39500 , Maximum difference of values of bel_vec: 2.27483E-07 & Maximum difference of values of abov_vec: 20.2862 
Iters: 40000 , Maximum difference of values of bel_vec: 1.82692E-07 & Maximum difference of values of abov_vec: 16.2955 
Iters: 40500 , Maximum difference of values of bel_vec: 1.46716E-07 & Maximum difference of values of abov_vec: 13.0898 
Iters: 41000 , Maximum difference of values of bel_vec: 1.17827E-07 & Maximum difference of values of abov_vec: 10.5148 
Iters: 41500 , Maximum difference of values of bel_vec: 9.46238E-08 & Maximum difference of values of abov_vec: 8.44631 
Iters: 42000 , Maximum difference of values of bel_vec: 7.59937E-08 & Maximum difference of values of abov_vec: 6.78474 
Iters: 42500 , Maximum difference of values of bel_vec: 6.10271E-08 & Maximum difference of values of abov_vec: 5.45005 
Iters: 43000 , Maximum difference of values of bel_vec: 4.90109E-08 & Maximum difference of values of abov_vec: 4.37791 
Iters: 43500 , Maximum difference of values of bel_vec: 3.93593E-08 & Maximum difference of values of abov_vec: 3.51669 
Iters: 44000 , Maximum difference of values of bel_vec: 3.16104E-08 & Maximum difference of values of abov_vec: 2.82488 
Iters: 44500 , Maximum difference of values of bel_vec: 2.53858E-08 & Maximum difference of values of abov_vec: 2.26917 
Iters: 45000 , Maximum difference of values of bel_vec: 2.03872E-08 & Maximum difference of values of abov_vec: 1.82278 
Iters: 45500 , Maximum difference of values of bel_vec: 1.63745E-08 & Maximum difference of values of abov_vec: 1.4642 
Iters: 46000 , Maximum difference of values of bel_vec: 1.31477E-08 & Maximum difference of values of abov_vec: 1.17616 
Iters: 46500 , Maximum difference of values of bel_vec: 1.05611E-08 & Maximum difference of values of abov_vec: 0.944786 
Iters: 47000 , Maximum difference of values of bel_vec: 8.48013E-09 & Maximum difference of values of abov_vec: 0.758927 
Iters: 47500 , Maximum difference of values of bel_vec: 6.8103E-09 & Maximum difference of values of abov_vec: 0.609631 
Iters: 48000 , Maximum difference of values of bel_vec: 5.47152E-09 & Maximum difference of values of abov_vec: 0.489704 
Iters: 48500 , Maximum difference of values of bel_vec: 4.39104E-09 & Maximum difference of values of abov_vec: 0.393369 
Iters: 49000 , Maximum difference of values of bel_vec: 3.52884E-09 & Maximum difference of values of abov_vec: 0.315985 
Iters: 49500 , Maximum difference of values of bel_vec: 2.83399E-09 & Maximum difference of values of abov_vec: 0.253824 
Iters: 50000 , Maximum difference of values of bel_vec: 2.27737E-09 & Maximum difference of values of abov_vec: 0.203892 
Iters: 50500 , Maximum difference of values of bel_vec: 1.82627E-09 & Maximum difference of values of abov_vec: 0.163782 
Iters: 51000 , Maximum difference of values of bel_vec: 1.46611E-09 & Maximum difference of values of abov_vec: 0.131563 
Iters: 51500 , Maximum difference of values of bel_vec: 1.17871E-09 & Maximum difference of values of abov_vec: 0.105682 
Iters: 52000 , Maximum difference of values of bel_vec: 9.45874E-10 & Maximum difference of values of abov_vec: 0.084892 
Iters: 52500 , Maximum difference of values of bel_vec: 7.60338E-10 & Maximum difference of values of abov_vec: 0.068192 
Iters: 53000 , Maximum difference of values of bel_vec: 6.1118E-10 & Maximum difference of values of abov_vec: 0.0547772 
Iters: 53500 , Maximum difference of values of bel_vec: 4.91127E-10 & Maximum difference of values of abov_vec: 0.0440014 
Iters: 54000 , Maximum difference of values of bel_vec: 3.92902E-10 & Maximum difference of values of abov_vec: 0.0353454 
Iters: 54500 , Maximum difference of values of bel_vec: 3.16504E-10 & Maximum difference of values of abov_vec: 0.0283923 
Iters: 55000 , Maximum difference of values of bel_vec: 2.54659E-10 & Maximum difference of values of abov_vec: 0.0228069 
Iters: 55500 , Maximum difference of values of bel_vec: 2.03727E-10 & Maximum difference of values of abov_vec: 0.0183203 
Iters: 56000 , Maximum difference of values of bel_vec: 1.63709E-10 & Maximum difference of values of abov_vec: 0.0147163 
Iters: 56500 , Maximum difference of values of bel_vec: 1.30967E-10 & Maximum difference of values of abov_vec: 0.0118213 
Iters: 57000 , Maximum difference of values of bel_vec: 1.09139E-10 & Maximum difference of values of abov_vec: 0.00949584 
Iters: 57500 , Maximum difference of values of bel_vec: 8.73115E-11 & Maximum difference of values of abov_vec: 0.00762781 
Iters: 58000 , Maximum difference of values of bel_vec: 6.91216E-11 & Maximum difference of values of abov_vec: 0.00612726 
Iters: 58500 , Maximum difference of values of bel_vec: 5.82077E-11 & Maximum difference of values of abov_vec: 0.00492191 
Iters: 59000 , Maximum difference of values of bel_vec: 4.36557E-11 & Maximum difference of values of abov_vec: 0.00395367 
Iters: 59500 , Maximum difference of values of bel_vec: 3.63798E-11 & Maximum difference of values of abov_vec: 0.0031759 
Iters: 60000 , Maximum difference of values of bel_vec: 2.91038E-11 & Maximum difference of values of abov_vec: 0.00255113 
Iters: 60500 , Maximum difference of values of bel_vec: 2.18279E-11 & Maximum difference of values of abov_vec: 0.00204927 
Iters: 61000 , Maximum difference of values of bel_vec: 2.18279E-11 & Maximum difference of values of abov_vec: 0.00164614 
Iters: 61500 , Maximum difference of values of bel_vec: 1.45519E-11 & Maximum difference of values of abov_vec: 0.00132231 
Iters: 62000 , Maximum difference of values of bel_vec: 1.45519E-11 & Maximum difference of values of abov_vec: 0.00106218 
Iters: 62500 , Maximum difference of values of bel_vec: 1.09139E-11 & Maximum difference of values of abov_vec: 0.000853231 
Iters: 63000 , Maximum difference of values of bel_vec: 7.27596E-12 & Maximum difference of values of abov_vec: 0.000685383 
Iters: 63500 , Maximum difference of values of bel_vec: 7.27596E-12 & Maximum difference of values of abov_vec: 0.000550554 
Iters: 64000 , Maximum difference of values of bel_vec: 7.27596E-12 & Maximum difference of values of abov_vec: 0.000442249 
Iters: 64500 , Maximum difference of values of bel_vec: 7.27596E-12 & Maximum difference of values of abov_vec: 0.000355249 
Iters: 65000 , Maximum difference of values of bel_vec: 3.63798E-12 & Maximum difference of values of abov_vec: 0.000285364 
Iters: 65500 , Maximum difference of values of bel_vec: 3.63798E-12 & Maximum difference of values of abov_vec: 0.000229227 
Iters: 66000 , Maximum difference of values of bel_vec: 3.63798E-12 & Maximum difference of values of abov_vec: 0.000184134 
Iters: 66500 , Maximum difference of values of bel_vec: 9.09495E-13 & Maximum difference of values of abov_vec: 0.000147911 
Iters: 67000 , Maximum difference of values of bel_vec: 0 & Maximum difference of values of abov_vec: 0.000118814 
Iters: 67500 , Maximum difference of values of bel_vec: 0 & Maximum difference of values of abov_vec: 9.54406E-05 
Iters: 68000 , Maximum difference of values of bel_vec: 0 & Maximum difference of values of abov_vec: 7.66655E-05 
Iters: 68500 , Maximum difference of values of bel_vec: 0 & Maximum difference of values of abov_vec: 6.15838E-05 
Iters: 69000 , Maximum difference of values of bel_vec: 0 & Maximum difference of values of abov_vec: 4.9469E-05 
Iters: 69500 , Maximum difference of values of bel_vec: 0 & Maximum difference of values of abov_vec: 3.97374E-05 
Iters: 70000 , Maximum difference of values of bel_vec: 0 & Maximum difference of values of abov_vec: 3.19203E-05 
Iters: 70500 , Maximum difference of values of bel_vec: 0 & Maximum difference of values of abov_vec: 2.56409E-05 
Iters: 71000 , Maximum difference of values of bel_vec: 0 & Maximum difference of values of abov_vec: 2.05968E-05 
Iters: 71500 , Maximum difference of values of bel_vec: 0 & Maximum difference of values of abov_vec: 1.6545E-05 
Iters: 72000 , Maximum difference of values of bel_vec: 0 & Maximum difference of values of abov_vec: 1.32902E-05 
Iters: 72500 , Maximum difference of values of bel_vec: 0 & Maximum difference of values of abov_vec: 1.06758E-05 
Iters: 73000 , Maximum difference of values of bel_vec: 0 & Maximum difference of values of abov_vec: 8.57564E-06 
Iters: 73500 , Maximum difference of values of bel_vec: 0 & Maximum difference of values of abov_vec: 6.88863E-06 
Iters: 74000 , Maximum difference of values of bel_vec: 0 & Maximum difference of values of abov_vec: 5.5335E-06 
Iters: 74500 , Maximum difference of values of bel_vec: 0 & Maximum difference of values of abov_vec: 4.44494E-06 
Iters: 75000 , Maximum difference of values of bel_vec: 0 & Maximum difference of values of abov_vec: 3.57053E-06 
Iters: 75500 , Maximum difference of values of bel_vec: 0 & Maximum difference of values of abov_vec: 2.86814E-06 
Iters: 76000 , Maximum difference of values of bel_vec: 0 & Maximum difference of values of abov_vec: 2.30391E-06 
Iters: 76500 , Maximum difference of values of bel_vec: 0 & Maximum difference of values of abov_vec: 1.85069E-06 
Iters: 77000 , Maximum difference of values of bel_vec: 0 & Maximum difference of values of abov_vec: 1.48662E-06 
Iters: 77500 , Maximum difference of values of bel_vec: 0 & Maximum difference of values of abov_vec: 1.19417E-06 
Iters: 78000 , Maximum difference of values of bel_vec: 0 & Maximum difference of values of abov_vec: 9.59251E-07 
Iters: 78500 , Maximum difference of values of bel_vec: 0 & Maximum difference of values of abov_vec: 7.70546E-07 
Iters: 79000 , Maximum difference of values of bel_vec: 0 & Maximum difference of values of abov_vec: 6.18966E-07 
Iters: 79500 , Maximum difference of values of bel_vec: 0 & Maximum difference of values of abov_vec: 4.97203E-07 
Iters: 80000 , Maximum difference of values of bel_vec: 0 & Maximum difference of values of abov_vec: 3.99392E-07 
Iters: 80500 , Maximum difference of values of bel_vec: 0 & Maximum difference of values of abov_vec: 3.20826E-07 
Iters: 81000 , Maximum difference of values of bel_vec: 0 & Maximum difference of values of abov_vec: 2.57711E-07 
Iters: 81500 , Maximum difference of values of bel_vec: 0 & Maximum difference of values of abov_vec: 2.07016E-07 
Iters: 82000 , Maximum difference of values of bel_vec: 0 & Maximum difference of values of abov_vec: 1.66288E-07 
Iters: 82500 , Maximum difference of values of bel_vec: 0 & Maximum difference of values of abov_vec: 1.33576E-07 
Iters: 83000 , Maximum difference of values of bel_vec: 0 & Maximum difference of values of abov_vec: 1.07302E-07 
Iters: 83500 , Maximum difference of values of bel_vec: 0 & Maximum difference of values of abov_vec: 8.6191E-08 
Iters: 84000 , Maximum difference of values of bel_vec: 0 & Maximum difference of values of abov_vec: 6.9238E-08 
Iters: 84500 , Maximum difference of values of bel_vec: 0 & Maximum difference of values of abov_vec: 5.56174E-08 
Iters: 85000 , Maximum difference of values of bel_vec: 0 & Maximum difference of values of abov_vec: 4.46744E-08 Iteration 85190: max relative diff=0.000094, 500.00 sec so far

Iters: 85500 , Maximum difference of values of bel_vec: 0 & Maximum difference of values of abov_vec: 3.5885E-08 
Iters: 86000 , Maximum difference of values of bel_vec: 0 & Maximum difference of values of abov_vec: 2.88273E-08 
Iters: 86500 , Maximum difference of values of bel_vec: 0 & Maximum difference of values of abov_vec: 2.31557E-08 
Iters: 87000 , Maximum difference of values of bel_vec: 0 & Maximum difference of values of abov_vec: 1.8601E-08 
Iters: 87500 , Maximum difference of values of bel_vec: 0 & Maximum difference of values of abov_vec: 1.49412E-08 
Iters: 88000 , Maximum difference of values of bel_vec: 0 & Maximum difference of values of abov_vec: 1.20017E-08 
Iters: 88500 , Maximum difference of values of bel_vec: 0 & Maximum difference of values of abov_vec: 9.64064E-09 
Iters: 89000 , Maximum difference of values of bel_vec: 0 & Maximum difference of values of abov_vec: 7.74162E-09 
Iters: 89500 , Maximum difference of values of bel_vec: 0 & Maximum difference of values of abov_vec: 6.22094E-09 
Iters: 90000 , Maximum difference of values of bel_vec: 0 & Maximum difference of values of abov_vec: 4.99858E-09 
Iters: 90500 , Maximum difference of values of bel_vec: 0 & Maximum difference of values of abov_vec: 4.01269E-09 
Iters: 91000 , Maximum difference of values of bel_vec: 0 & Maximum difference of values of abov_vec: 3.22325E-09 
Iters: 91500 , Maximum difference of values of bel_vec: 0 & Maximum difference of values of abov_vec: 2.59024E-09 
Iters: 92000 , Maximum difference of values of bel_vec: 0 & Maximum difference of values of abov_vec: 2.08092E-09 
Iters: 92500 , Maximum difference of values of bel_vec: 0 & Maximum difference of values of abov_vec: 1.67347E-09 
Iters: 93000 , Maximum difference of values of bel_vec: 0 & Maximum difference of values of abov_vec: 1.34241E-09 
Iters: 93500 , Maximum difference of values of bel_vec: 0 & Maximum difference of values of abov_vec: 1.07684E-09 
Iters: 94000 , Maximum difference of values of bel_vec: 0 & Maximum difference of values of abov_vec: 8.65839E-10 
Iters: 94500 , Maximum difference of values of bel_vec: 0 & Maximum difference of values of abov_vec: 6.98492E-10 
Iters: 95000 , Maximum difference of values of bel_vec: 0 & Maximum difference of values of abov_vec: 5.60249E-10 
Iters: 95500 , Maximum difference of values of bel_vec: 0 & Maximum difference of values of abov_vec: 4.51109E-10 Max relative diff between upper and lower bound on convergence: 9.99811E-07
Iterative method: 95566 iterations in 560.97 seconds (average 0.005870, setup 0.11)
Maximum finite value in solution vector at end of interval iteration: 16883.0000004957

Value in the initial state: 16875.0000004957

Time for model checking: 561.977 seconds.

Result: 16875.0000004957 (value in the initial state)

---------------------------------------------------------------------

Note: There were 2 warnings during computation.

