PRISM
=====

Version: 4.4
Date: Tue Feb 16 19:37:20 IRST 2021
Hostname: sadegh-H81M-S2PH
Memory limits: cudd=1g, java(heap)=910.5m
Command line: prism ../../examples/mdps/consensus/coin4.nm ../../examples/mdps/consensus/steps_max.pctl -s '-ii:upper=1.2e+12' -const K=40 -maxiters 9000300 -asynchii

Parsing model file "../../examples/mdps/consensus/coin4.nm"...

Parsing properties file "../../examples/mdps/consensus/steps_max.pctl"...

1 property:
(1) "steps_max": R{"steps"}max=? [ F "finished" ]

Type:        MDP
Modules:     process1 process2 process3 process4 
Variables:   counter pc1 coin1 pc2 coin2 pc3 coin3 pc4 coin4 

---------------------------------------------------------------------

Model checking: "steps_max": R{"steps"}max=? [ F "finished" ]
Model constants: K=40

Warning: Not Switching to explicit engine, We implemented the emthods for sparse engine.

Building model...
Model constants: K=40

Computing reachable states...

Reachability (BFS): 1923 iterations in 0.20 seconds (average 0.000102, setup 0.00)

Time for model construction: 0.415 seconds.

Type:        MDP
States:      411776 (1 initial)
Transitions: 1388512
Choices:     1111168

Transition matrix: 2480 nodes (3 terminal), 1388512 minterms, vars: 21r/21c/4nd

Prob0E: 498 iterations in 0.29 seconds (average 0.000580, setup 0.00)

Prob1A: 1 iterations in 0.00 seconds (average 0.000000, setup 0.00)

goal = 64, inf = 0, maybe = 411712

Warning: Upper bound for interval iteration manually set to 1.2E12

Computing remaining rewards...
 8
Building sparse matrix (transitions)... [n=411776, nc=1111104, nnz=1388448, k=4] [21.7 MB]
Building sparse matrix (transition rewards)... [n=411776, nc=1111104, nnz=0, k=4] [5.8 MB]
Creating vector for state rewards... [3.1 MB]
Creating vector for inf... [3.1 MB]
Creating vector for lower bounds... [3.1 MB]
Creating vector for upper bounds... [3.1 MB]
Allocating iteration vectors... [4 x 3.1 MB]
TOTAL: [52.6 MB]

Starting iterations (interval iteration)...

 Time for pre-computation	: 0.016000 
		 >> 411712 after 0 iters << 
Iteration 688: max relative diff=1199937030835.820801, 4.99 sec so far
Iteration 1413: max relative diff=1193578244305.783447, 9.99 sec so far
Iteration 2139: max relative diff=1166514638905.578125, 15.00 sec so far
Iteration 2842: max relative diff=1122397879849.540527, 20.00 sec so far
Iteration 3561: max relative diff=1067133123602.045166, 25.01 sec so far
Iteration 4253: max relative diff=1010016490583.662476, 30.01 sec so far
Iteration 4964: max relative diff=950823064772.861450, 35.02 sec so far
Iteration 5672: max relative diff=893265778049.998779, 40.02 sec so far
Iteration 6365: max relative diff=839200082122.978149, 45.02 sec so far
Iteration 7082: max relative diff=786068568201.099854, 50.02 sec so far
Iteration 7783: max relative diff=737029624516.910400, 55.02 sec so far
Iteration 8488: max relative diff=690604754156.725830, 60.03 sec so far
Iteration 9205: max relative diff=646279081888.265503, 65.03 sec so far
Iteration 9898: max relative diff=606084897599.917480, 70.04 sec so far
Iteration 10608: max relative diff=567463205488.466309, 75.04 sec so far
Iteration 11318: max relative diff=531284229506.892578, 80.05 sec so far
Iteration 12012: max relative diff=498141000660.761536, 85.05 sec so far
Iteration 12729: max relative diff=466063672658.072510, 90.05 sec so far
Iteration 13429: max relative diff=436737541728.569885, 95.06 sec so far
Iteration 14132: max relative diff=409141021660.120361, 100.06 sec so far
Iteration 14849: max relative diff=382789387731.735535, 105.07 sec so far
Iteration 15543: max relative diff=358900118254.938599, 110.07 sec so far
Iteration 16253: max relative diff=336001887850.189941, 115.08 sec so far
Iteration 16961: max relative diff=314622849693.028687, 120.08 sec so far
Iteration 17656: max relative diff=294959863077.138489, 125.09 sec so far
Iteration 18375: max relative diff=275910135870.360840, 130.10 sec so far
Iteration 19076: max relative diff=258522430800.217194, 135.10 sec so far
Iteration 19777: max relative diff=242230474429.886383, 140.11 sec so far
Iteration 20495: max relative diff=226607222747.671570, 145.11 sec so far
Iteration 21188: max relative diff=212484321903.328735, 150.12 sec so far
Iteration 21897: max relative diff=198945807584.331299, 155.12 sec so far
Iteration 22605: max relative diff=186287200681.164246, 160.13 sec so far
Iteration 23298: max relative diff=174677171532.669708, 165.13 sec so far
Iteration 24024: max relative diff=163289583695.806458, 170.14 sec so far
Iteration 24750: max relative diff=152644377756.747864, 175.14 sec so far
Iteration 25451: max relative diff=143024793260.454041, 180.14 sec so far
Iteration 26167: max relative diff=133824902236.986176, 185.14 sec so far
Iteration 26860: max relative diff=125484496164.692062, 190.15 sec so far
Iteration 27570: max relative diff=117478297382.127319, 195.15 sec so far
Iteration 28278: max relative diff=110003340066.398880, 200.15 sec so far
Iteration 28971: max relative diff=103147572589.772217, 205.16 sec so far
Iteration 29689: max relative diff=96494813154.145584, 210.16 sec so far
Iteration 30390: max relative diff=90413752334.076996, 215.17 sec so far
Iteration 31091: max relative diff=84715917616.146240, 220.18 sec so far
Iteration 31809: max relative diff=79251954560.366913, 225.18 sec so far
Iteration 32504: max relative diff=74298915606.976166, 230.19 sec so far
Iteration 33215: max relative diff=69552017663.553864, 235.19 sec so far
Iteration 33926: max relative diff=65108395535.953506, 240.20 sec so far
Iteration 34618: max relative diff=61056298921.120132, 245.20 sec so far
Iteration 35337: max relative diff=57113019446.366905, 250.21 sec so far
Iteration 36038: max relative diff=53513784047.968765, 255.21 sec so far
Iteration 36739: max relative diff=50141371073.846054, 260.21 sec so far
Iteration 37457: max relative diff=46907381179.619377, 265.21 sec so far
Iteration 38149: max relative diff=43988047218.840805, 270.22 sec so far
Iteration 38859: max relative diff=41181512164.945679, 275.22 sec so far
Iteration 39569: max relative diff=38554040601.628479, 280.22 sec so far
Iteration 40261: max relative diff=36154587129.857101, 285.23 sec so far
Iteration 40978: max relative diff=33825851200.092060, 290.23 sec so far
Iteration 41679: max relative diff=31694164147.843063, 295.24 sec so far
Iteration 42380: max relative diff=29696815190.076332, 300.24 sec so far
Iteration 43098: max relative diff=27781448835.418121, 305.24 sec so far
Iteration 43790: max relative diff=26052440944.434479, 310.24 sec so far
Iteration 44499: max relative diff=24392504364.333908, 315.24 sec so far
Iteration 45209: max relative diff=22836210706.299599, 320.25 sec so far
Iteration 45901: max relative diff=21414975830.535320, 325.25 sec so far
Iteration 46618: max relative diff=20035628092.075706, 330.26 sec so far
Iteration 47319: max relative diff=18772995572.415306, 335.26 sec so far
Iteration 48019: max relative diff=17591567087.573662, 340.27 sec so far
Iteration 48736: max relative diff=16458487655.475063, 345.27 sec so far
Iteration 49430: max relative diff=15431312197.254562, 350.28 sec so far
Iteration 50139: max relative diff=14448105068.235592, 355.28 sec so far
Iteration 50849: max relative diff=13526287308.587433, 360.29 sec so far
Iteration 51541: max relative diff=12684467037.491821, 365.29 sec so far
Iteration 52259: max relative diff=11866355270.559261, 370.29 sec so far
Iteration 52961: max relative diff=11117514785.680086, 375.29 sec so far
Iteration 53662: max relative diff=10416898321.188381, 380.30 sec so far
Iteration 54379: max relative diff=9745944087.985016, 385.30 sec so far
Iteration 55072: max relative diff=9138549543.255741, 390.31 sec so far
Iteration 55781: max relative diff=8556288294.660107, 395.31 sec so far
Iteration 56491: max relative diff=8010382204.408377, 400.32 sec so far
Iteration 57184: max relative diff=7511153623.963692, 405.32 sec so far
Iteration 57899: max relative diff=7028665533.137608, 410.33 sec so far
Iteration 58598: max relative diff=6586949932.541797, 415.33 sec so far
Iteration 59296: max relative diff=6173567434.460202, 420.34 sec so far
Iteration 60012: max relative diff=5776465327.236177, 425.34 sec so far
Iteration 60703: max relative diff=5417467838.760220, 430.34 sec so far
Iteration 61410: max relative diff=5073238865.666716, 435.35 sec so far
Iteration 62117: max relative diff=4750882718.133770, 440.35 sec so far
Iteration 62809: max relative diff=4455210612.213686, 445.35 sec so far
Iteration 63523: max relative diff=4169413956.183395, 450.35 sec so far
Iteration 64224: max relative diff=3906664121.655652, 455.36 sec so far
Iteration 64922: max relative diff=3661492504.265361, 460.37 sec so far
Iteration 65638: max relative diff=3425976568.421390, 465.37 sec so far
Iteration 66329: max relative diff=3213059971.088017, 470.37 sec so far
Iteration 67036: max relative diff=3008902382.226393, 475.38 sec so far
Iteration 67744: max relative diff=2817455647.037106, 480.38 sec so far
Iteration 68435: max relative diff=2642358111.012305, 485.38 sec so far
Iteration 69151: max relative diff=2472396758.253447, 490.39 sec so far
Iteration 69851: max relative diff=2316807406.885491, 495.39 sec so far
Iteration 70549: max relative diff=2171412909.188285, 500.39 sec so far
Iteration 71266: max relative diff=2031555888.982536, 505.40 sec so far
Iteration 71956: max relative diff=1905478281.002458, 510.40 sec so far
Iteration 72663: max relative diff=1784406395.114645, 515.40 sec so far
Iteration 73371: max relative diff=1670872446.140836, 520.41 sec so far
Iteration 74061: max relative diff=1567179597.475309, 525.41 sec so far
Iteration 74777: max relative diff=1466377797.827017, 530.41 sec so far
Iteration 75477: max relative diff=1374099839.518151, 535.42 sec so far
Iteration 76176: max relative diff=1287748737.286211, 540.42 sec so far
Iteration 76893: max relative diff=1204809115.568612, 545.42 sec so far
Iteration 77585: max relative diff=1129831288.944223, 550.43 sec so far
Iteration 78291: max relative diff=1058143421.325736, 555.44 sec so far
Iteration 78998: max relative diff=990912464.080666, 560.44 sec so far
Iteration 79690: max relative diff=929246760.281294, 565.44 sec so far
Iteration 80403: max relative diff=869721440.100999, 570.45 sec so far
Iteration 81104: max relative diff=814916953.142279, 575.45 sec so far
Iteration 81802: max relative diff=763778939.175249, 580.46 sec so far
Iteration 82519: max relative diff=714588561.506602, 585.46 sec so far
Iteration 83213: max relative diff=669995793.082371, 590.47 sec so far
Iteration 83919: max relative diff=627486575.228468, 595.47 sec so far
Iteration 84628: max relative diff=587511095.648070, 600.47 sec so far
Iteration 85322: max relative diff=550849279.872259, 605.48 sec so far
Iteration 86036: max relative diff=515517409.911344, 610.48 sec so far
Iteration 86736: max relative diff=483079572.049245, 615.48 sec so far
Iteration 87435: max relative diff=452725161.258774, 620.49 sec so far
Iteration 88149: max relative diff=423687953.672777, 625.49 sec so far
Iteration 88842: max relative diff=397287283.963295, 630.49 sec so far
Iteration 89549: max relative diff=372048117.482535, 635.50 sec so far
Iteration 90259: max relative diff=348315663.305571, 640.50 sec so far
Iteration 90950: max relative diff=326673091.839357, 645.51 sec so far
Iteration 91663: max relative diff=305750507.151905, 650.51 sec so far
Iteration 92364: max relative diff=286487250.504597, 655.51 sec so far
Iteration 93062: max relative diff=268512724.290666, 660.52 sec so far
Iteration 93780: max relative diff=251199454.365333, 665.52 sec so far
Iteration 94472: max relative diff=235570705.198455, 670.52 sec so far
Iteration 95176: max relative diff=220668694.135788, 675.52 sec so far
Iteration 95885: max relative diff=206613777.982807, 680.53 sec so far
Iteration 96574: max relative diff=193813834.905365, 685.53 sec so far
Iteration 97288: max relative diff=181385789.342585, 690.54 sec so far
Iteration 97988: max relative diff=169975724.510065, 695.54 sec so far
Iteration 98683: max relative diff=159357658.173257, 700.54 sec so far
Iteration 99399: max relative diff=149112296.321591, 705.55 sec so far
Iteration 100091: max relative diff=139837067.779190, 710.55 sec so far
Iteration 100797: max relative diff=130968827.849939, 715.56 sec so far
Iteration 101506: max relative diff=122629174.426434, 720.57 sec so far
Iteration 102197: max relative diff=115012827.629735, 725.57 sec so far
Iteration 102911: max relative diff=107639866.816887, 730.58 sec so far
Iteration 103613: max relative diff=100852108.302491, 735.58 sec so far
Iteration 104310: max relative diff=94536547.089453, 740.59 sec so far
Iteration 105025: max relative diff=88468931.745475, 745.60 sec so far
Iteration 105718: max relative diff=82960221.635026, 750.60 sec so far
Iteration 106426: max relative diff=77686661.724753, 755.60 sec so far
Iteration 107135: max relative diff=72741902.751040, 760.61 sec so far
Iteration 107826: max relative diff=68226007.754285, 765.61 sec so far
Iteration 108540: max relative diff=63854421.515532, 770.61 sec so far
Iteration 109243: max relative diff=59824266.268025, 775.62 sec so far
Iteration 109940: max relative diff=56079982.579140, 780.62 sec so far
Iteration 110656: max relative diff=52477831.878421, 785.62 sec so far
Iteration 111351: max relative diff=49203082.531642, 790.62 sec so far
Iteration 112056: max relative diff=46090252.640273, 795.63 sec so far
Iteration 112766: max relative diff=43154671.454217, 800.63 sec so far
Iteration 113457: max relative diff=40477597.893248, 805.63 sec so far
Iteration 114171: max relative diff=37886072.193985, 810.64 sec so far
Iteration 114874: max relative diff=35496950.642784, 815.65 sec so far
Iteration 115570: max relative diff=33280379.761695, 820.65 sec so far
Iteration 116286: max relative diff=31144785.843966, 825.65 sec so far
Iteration 116979: max relative diff=29208706.347788, 830.66 sec so far
Iteration 117684: max relative diff=27362871.503062, 835.66 sec so far
Iteration 118393: max relative diff=25624512.879417, 840.66 sec so far
Iteration 119084: max relative diff=24036923.867936, 845.67 sec so far
Iteration 119796: max relative diff=22504231.610386, 850.67 sec so far
Iteration 120497: max relative diff=21091045.819087, 855.67 sec so far
Iteration 121193: max relative diff=19776061.080527, 860.68 sec so far
Iteration 121907: max relative diff=18512539.002793, 865.68 sec so far
Iteration 122601: max relative diff=17362138.089448, 870.68 sec so far
Iteration 123306: max relative diff=16266991.496509, 875.69 sec so far
Iteration 124016: max relative diff=15234204.018105, 880.70 sec so far
Iteration 124708: max relative diff=14291044.238470, 885.70 sec so far
Iteration 125421: max relative diff=13380621.030674, 890.70 sec so far
Iteration 126122: max relative diff=12542401.653317, 895.70 sec so far
Iteration 126818: max relative diff=11762429.412175, 900.71 sec so far
Iteration 127534: max relative diff=11010951.537774, 905.71 sec so far
Iteration 128230: max relative diff=10326824.314286, 910.72 sec so far
Iteration 128933: max relative diff=9679271.079788, 915.72 sec so far
Iteration 129643: max relative diff=9066795.548367, 920.73 sec so far
Iteration 130333: max relative diff=8509037.373809, 925.74 sec so far
Iteration 131045: max relative diff=7969760.049735, 930.74 sec so far
Iteration 131747: max relative diff=7471844.594224, 935.74 sec so far
Iteration 132442: max relative diff=7009854.044006, 940.75 sec so far
Iteration 133157: max relative diff=6564681.963023, 945.75 sec so far
Iteration 133851: max relative diff=6159951.320897, 950.75 sec so far
Iteration 134555: max relative diff=5775188.933684, 955.76 sec so far
Iteration 135266: max relative diff=5411307.858338, 960.76 sec so far
Iteration 135958: max relative diff=5079488.178075, 965.77 sec so far
Iteration 136671: max relative diff=4759185.781560, 970.77 sec so far
Iteration 137373: max relative diff=4463878.800452, 975.78 sec so far
Iteration 138070: max relative diff=4189115.148818, 980.78 sec so far
Iteration 138784: max relative diff=3925495.678950, 985.78 sec so far
Iteration 139480: max relative diff=3684808.065400, 990.79 sec so far
Iteration 140185: max relative diff=3456360.649890, 995.79 sec so far
Iteration 140895: max relative diff=3240921.336347, 1000.80 sec so far
Iteration 141587: max relative diff=3044178.347363, 1005.81 sec so far
Iteration 142299: max relative diff=2854521.853418, 1010.81 sec so far
Iteration 143002: max relative diff=2679170.374043, 1015.82 sec so far
Iteration 143697: max relative diff=2516709.672747, 1020.82 sec so far
Iteration 144413: max relative diff=2359951.500530, 1025.83 sec so far
Iteration 145107: max relative diff=2217639.674927, 1030.83 sec so far
Iteration 145811: max relative diff=2082349.108688, 1035.84 sec so far
Iteration 146521: max relative diff=1954574.940221, 1040.84 sec so far
Iteration 147211: max relative diff=1838215.864138, 1045.85 sec so far
Iteration 147922: max relative diff=1725865.100651, 1050.85 sec so far
Iteration 148625: max relative diff=1621837.514063, 1055.86 sec so far
Iteration 149320: max relative diff=1525457.405201, 1060.86 sec so far
Iteration 150036: max relative diff=1432460.332168, 1065.86 sec so far
Iteration 150731: max relative diff=1347915.811556, 1070.87 sec so far
Iteration 151435: max relative diff=1267661.887628, 1075.88 sec so far
Iteration 152147: max relative diff=1191660.138734, 1080.88 sec so far
Iteration 152839: max relative diff=1122455.456560, 1085.89 sec so far
Iteration 153551: max relative diff=1055743.461111, 1090.90 sec so far
Iteration 154254: max relative diff=994063.278953, 1095.90 sec so far
Iteration 154949: max relative diff=936917.449987, 1100.91 sec so far
Iteration 155663: max relative diff=881919.342996, 1105.91 sec so far
Iteration 156308: max relative diff=835274.838408, 1110.91 sec so far
Iteration 156896: max relative diff=795098.423223, 1115.92 sec so far
Iteration 157531: max relative diff=753915.759023, 1120.93 sec so far
Iteration 157970: max relative diff=724962.652662, 1125.93 sec so far
Iteration 158347: max relative diff=700396.984477, 1130.94 sec so far
Iteration 158729: max relative diff=676295.223377, 1135.95 sec so far
Iteration 159115: max relative diff=652724.270201, 1140.96 sec so far
Iteration 159489: max relative diff=630621.073436, 1145.96 sec so far
Iteration 159875: max relative diff=608552.990032, 1150.97 sec so far
Iteration 160256: max relative diff=587497.430071, 1155.97 sec so far
Iteration 160633: max relative diff=567357.569999, 1160.99 sec so far
Iteration 161021: max relative diff=547333.486107, 1165.99 sec so far
Iteration 161398: max relative diff=528541.954927, 1171.00 sec so far
Iteration 161779: max relative diff=510197.424821, 1176.00 sec so far
Iteration 162164: max relative diff=492300.272693, 1181.01 sec so far
Iteration 162538: max relative diff=475511.121907, 1186.02 sec so far
Iteration 162924: max relative diff=458779.940505, 1191.03 sec so far
Iteration 163305: max relative diff=442840.313851, 1196.03 sec so far
Iteration 163681: max relative diff=427651.076601, 1201.04 sec so far
Iteration 164069: max relative diff=412521.688634, 1206.04 sec so far
Iteration 164445: max relative diff=398370.106462, 1211.05 sec so far
Iteration 164827: max relative diff=384489.050737, 1216.06 sec so far
Iteration 165148: max relative diff=373198.883860, 1221.07 sec so far
Iteration 165483: max relative diff=361769.387693, 1226.07 sec so far
Iteration 165860: max relative diff=349324.741450, 1231.09 sec so far
Iteration 166241: max relative diff=337182.710788, 1236.09 sec so far
Iteration 166626: max relative diff=325341.699688, 1241.09 sec so far
Iteration 166999: max relative diff=314266.379515, 1246.10 sec so far
Iteration 167385: max relative diff=303201.779754, 1251.11 sec so far
Iteration 167766: max relative diff=292662.523425, 1256.11 sec so far
Iteration 168142: max relative diff=282620.752201, 1261.12 sec so far
Iteration 168530: max relative diff=272619.553796, 1266.12 sec so far
Iteration 168907: max relative diff=263240.993042, 1271.13 sec so far
Iteration 169288: max relative diff=254090.658611, 1276.14 sec so far
Iteration 169675: max relative diff=245121.772918, 1281.16 sec so far
Iteration 170048: max relative diff=236777.074595, 1286.16 sec so far
Iteration 170434: max relative diff=228440.519380, 1291.17 sec so far
Iteration 170815: max relative diff=220499.828764, 1296.17 sec so far
Iteration 171191: max relative diff=212933.996865, 1301.18 sec so far
Iteration 171580: max relative diff=205379.687536, 1306.19 sec so far
Iteration 171957: max relative diff=198314.240566, 1311.20 sec so far
Iteration 172338: max relative diff=191420.743733, 1316.21 sec so far
Iteration 172725: max relative diff=184663.953015, 1321.21 sec so far
Iteration 173100: max relative diff=178344.281761, 1326.22 sec so far
Iteration 173485: max relative diff=172081.019567, 1331.22 sec so far
Iteration 173818: max relative diff=166841.389781, 1336.23 sec so far
Iteration 174145: max relative diff=161851.449664, 1341.24 sec so far
Iteration 174515: max relative diff=156385.070621, 1346.25 sec so far
Iteration 174901: max relative diff=150878.980730, 1351.26 sec so far
Iteration 175284: max relative diff=145607.308997, 1356.27 sec so far
Iteration 175659: max relative diff=140624.254244, 1361.28 sec so far
Iteration 176047: max relative diff=135647.885018, 1366.28 sec so far
Iteration 176424: max relative diff=130981.339471, 1371.28 sec so far
Iteration 176805: max relative diff=126428.363529, 1376.29 sec so far
Iteration 177192: max relative diff=121965.679160, 1381.30 sec so far
Iteration 177566: max relative diff=117802.639771, 1386.31 sec so far
Iteration 177951: max relative diff=113665.534879, 1391.32 sec so far
Iteration 178333: max relative diff=109704.277359, 1396.33 sec so far
Iteration 178710: max relative diff=105930.241230, 1401.34 sec so far
Iteration 179098: max relative diff=102181.613278, 1406.35 sec so far
Iteration 179475: max relative diff=98666.371117, 1411.35 sec so far
Iteration 179855: max relative diff=95245.523270, 1416.35 sec so far
Iteration 180242: max relative diff=91883.534693, 1421.36 sec so far
Iteration 180616: max relative diff=88747.285374, 1426.37 sec so far
Iteration 181001: max relative diff=85630.573966, 1431.38 sec so far
Iteration 181383: max relative diff=82646.338177, 1436.38 sec so far
Iteration 181758: max relative diff=79817.968836, 1441.39 sec so far
Iteration 182146: max relative diff=76993.394224, 1446.39 sec so far
Iteration 182523: max relative diff=74344.674778, 1451.40 sec so far
Iteration 182903: max relative diff=71767.081032, 1456.41 sec so far
Iteration 183290: max relative diff=69233.837488, 1461.42 sec so far
Iteration 183649: max relative diff=66963.894861, 1466.42 sec so far
Iteration 183962: max relative diff=65045.624624, 1471.43 sec so far
Iteration 184317: max relative diff=62936.371606, 1476.44 sec so far
Iteration 184704: max relative diff=60714.835565, 1481.45 sec so far
Iteration 185098: max relative diff=58533.655864, 1486.46 sec so far
Iteration 185483: max relative diff=56478.015375, 1491.47 sec so far
Iteration 185865: max relative diff=54509.749754, 1496.48 sec so far
Iteration 186241: max relative diff=52639.398292, 1501.49 sec so far
Iteration 186629: max relative diff=50776.610874, 1506.49 sec so far
Iteration 187007: max relative diff=49025.246110, 1511.50 sec so far
Iteration 187388: max relative diff=47321.104348, 1516.51 sec so far
Iteration 187775: max relative diff=45650.757995, 1521.52 sec so far
Iteration 188149: max relative diff=44092.566321, 1526.53 sec so far
Iteration 188534: max relative diff=42544.081723, 1531.54 sec so far
Iteration 188864: max relative diff=41260.165289, 1536.54 sec so far
Iteration 189191: max relative diff=40026.144250, 1541.55 sec so far
Iteration 189563: max relative diff=38667.117281, 1546.55 sec so far
Iteration 189956: max relative diff=37281.463314, 1551.56 sec so far
Iteration 190349: max relative diff=35945.464895, 1556.57 sec so far
Iteration 190724: max relative diff=34715.319035, 1561.57 sec so far
Iteration 191112: max relative diff=33486.823620, 1566.58 sec so far
Iteration 191490: max relative diff=32331.810673, 1571.59 sec so far
Iteration 191869: max relative diff=31213.737341, 1576.59 sec so far
Iteration 192257: max relative diff=30109.154861, 1581.59 sec so far
Iteration 192631: max relative diff=29081.442804, 1586.60 sec so far
Iteration 193015: max relative diff=28062.738829, 1591.61 sec so far
Iteration 193398: max relative diff=27082.234083, 1596.61 sec so far
Iteration 193772: max relative diff=26157.839538, 1601.61 sec so far
Iteration 194161: max relative diff=25229.830762, 1606.62 sec so far
Iteration 194505: max relative diff=24436.643702, 1611.63 sec so far
Iteration 194826: max relative diff=23718.996801, 1616.64 sec so far
Iteration 195188: max relative diff=22934.941383, 1621.65 sec so far
Iteration 195580: max relative diff=22115.110667, 1626.65 sec so far
Iteration 195973: max relative diff=21322.605485, 1631.66 sec so far
Iteration 196352: max relative diff=20585.243857, 1636.66 sec so far
Iteration 196740: max relative diff=19856.779352, 1641.68 sec so far
Iteration 197113: max relative diff=19180.791374, 1646.68 sec so far
Iteration 197497: max relative diff=18508.900761, 1651.69 sec so far
Iteration 197880: max relative diff=17862.204616, 1656.70 sec so far
Iteration 198254: max relative diff=17252.516196, 1661.70 sec so far
Iteration 198642: max relative diff=16641.989270, 1666.71 sec so far
Iteration 199021: max relative diff=16066.489043, 1671.72 sec so far
Iteration 199400: max relative diff=15510.890314, 1676.72 sec so far
Iteration 199788: max relative diff=14961.995528, 1681.73 sec so far
Iteration 200162: max relative diff=14451.299586, 1686.74 sec so far
Iteration 200546: max relative diff=13945.079987, 1691.74 sec so far
Iteration 200930: max relative diff=13456.592930, 1696.76 sec so far
Iteration 201305: max relative diff=12996.073859, 1701.77 sec so far
Iteration 201693: max relative diff=12536.172652, 1706.78 sec so far
Iteration 202072: max relative diff=12102.656557, 1711.79 sec so far
Iteration 202451: max relative diff=11684.131976, 1716.80 sec so far
Iteration 202839: max relative diff=11270.657379, 1721.81 sec so far
Iteration 203213: max relative diff=10885.957426, 1726.81 sec so far
Iteration 203597: max relative diff=10504.629437, 1731.83 sec so far
Iteration 203981: max relative diff=10136.659119, 1736.84 sec so far
Iteration 204356: max relative diff=9789.756685, 1741.84 sec so far
Iteration 204744: max relative diff=9443.319679, 1746.84 sec so far
Iteration 205086: max relative diff=9148.135042, 1751.85 sec so far
Iteration 205408: max relative diff=8878.651281, 1756.86 sec so far
Iteration 205771: max relative diff=8584.361321, 1761.87 sec so far
Iteration 206160: max relative diff=8279.811604, 1766.88 sec so far
Iteration 206539: max relative diff=7993.485650, 1771.88 sec so far
Iteration 206918: max relative diff=7717.061196, 1776.89 sec so far
Iteration 207307: max relative diff=7443.280920, 1781.90 sec so far
Iteration 207682: max relative diff=7188.552786, 1786.91 sec so far
Iteration 208065: max relative diff=6937.386635, 1791.91 sec so far
Iteration 208448: max relative diff=6694.996163, 1796.91 sec so far
Iteration 208822: max relative diff=6466.476688, 1801.92 sec so far
Iteration 209210: max relative diff=6237.642929, 1806.93 sec so far
Iteration 209589: max relative diff=6021.937651, 1811.94 sec so far
Iteration 209968: max relative diff=5813.691724, 1816.95 sec so far
Iteration 210356: max relative diff=5607.958526, 1821.95 sec so far
Iteration 210729: max relative diff=5417.045766, 1826.96 sec so far
Iteration 211112: max relative diff=5227.775606, 1831.96 sec so far
Iteration 211496: max relative diff=5044.650036, 1836.97 sec so far
Iteration 211870: max relative diff=4872.461621, 1841.98 sec so far
Iteration 212258: max relative diff=4700.036395, 1846.98 sec so far
Iteration 212638: max relative diff=4537.082095, 1851.99 sec so far
Iteration 213016: max relative diff=4380.591035, 1856.99 sec so far
Iteration 213404: max relative diff=4225.571979, 1862.00 sec so far
Iteration 213778: max relative diff=4081.341053, 1867.00 sec so far
Iteration 214161: max relative diff=3938.740066, 1872.00 sec so far
Iteration 214545: max relative diff=3800.768571, 1877.01 sec so far
Iteration 214919: max relative diff=3671.037408, 1882.02 sec so far
Iteration 215306: max relative diff=3541.456663, 1887.02 sec so far
Iteration 215647: max relative diff=3431.074393, 1892.03 sec so far
Iteration 215969: max relative diff=3330.002554, 1897.03 sec so far
Iteration 216333: max relative diff=3219.328015, 1902.04 sec so far
Iteration 216721: max relative diff=3105.403391, 1907.04 sec so far
Iteration 217101: max relative diff=2997.736387, 1912.05 sec so far
Iteration 217479: max relative diff=2894.339769, 1917.06 sec so far
Iteration 217867: max relative diff=2791.915732, 1922.06 sec so far
Iteration 218241: max relative diff=2696.619618, 1927.06 sec so far
Iteration 218624: max relative diff=2602.400435, 1932.07 sec so far
Iteration 219008: max relative diff=2511.240045, 1937.08 sec so far
Iteration 219382: max relative diff=2425.524200, 1942.08 sec so far
Iteration 219769: max relative diff=2339.907738, 1947.09 sec so far
Iteration 220149: max relative diff=2258.781127, 1952.10 sec so far
Iteration 220528: max relative diff=2180.669729, 1957.12 sec so far
Iteration 220841: max relative diff=2118.201531, 1962.12 sec so far
Iteration 221185: max relative diff=2051.608535, 1967.14 sec so far
Iteration 221565: max relative diff=1980.477504, 1972.14 sec so far
Iteration 221943: max relative diff=1912.167736, 1977.15 sec so far
Iteration 222331: max relative diff=1844.500512, 1982.16 sec so far
Iteration 222705: max relative diff=1781.542404, 1987.16 sec so far
Iteration 223088: max relative diff=1719.295779, 1992.17 sec so far
Iteration 223472: max relative diff=1659.069970, 1997.17 sec so far
Iteration 223846: max relative diff=1602.441140, 2002.17 sec so far
Iteration 224233: max relative diff=1545.877969, 2007.18 sec so far
Iteration 224613: max relative diff=1492.281052, 2012.19 sec so far
Iteration 224991: max relative diff=1440.809944, 2017.20 sec so far
Iteration 225304: max relative diff=1399.536018, 2022.21 sec so far
Iteration 225648: max relative diff=1355.536759, 2027.21 sec so far
Iteration 226027: max relative diff=1308.660650, 2032.21 sec so far
Iteration 226421: max relative diff=1261.647032, 2037.23 sec so far
Iteration 226813: max relative diff=1216.548291, 2042.23 sec so far
Iteration 227188: max relative diff=1174.914893, 2047.24 sec so far
Iteration 227571: max relative diff=1133.863675, 2052.25 sec so far
Iteration 227956: max relative diff=1094.043574, 2057.26 sec so far
Iteration 228330: max relative diff=1056.700720, 2062.26 sec so far
Iteration 228717: max relative diff=1019.401164, 2067.27 sec so far
Iteration 229097: max relative diff=984.057650, 2072.28 sec so far
Iteration 229475: max relative diff=950.115962, 2077.29 sec so far
Iteration 229864: max relative diff=916.408440, 2082.30 sec so far
Iteration 230239: max relative diff=885.046597, 2087.31 sec so far
Iteration 230622: max relative diff=854.123301, 2092.32 sec so far
Iteration 231007: max relative diff=824.127388, 2097.33 sec so far
Iteration 231381: max relative diff=795.997550, 2102.33 sec so far
Iteration 231768: max relative diff=767.900327, 2107.33 sec so far
Iteration 232149: max relative diff=741.207733, 2112.34 sec so far
Iteration 232527: max relative diff=715.642318, 2117.35 sec so far
Iteration 232840: max relative diff=695.141788, 2122.36 sec so far
Iteration 233184: max relative diff=673.287600, 2127.36 sec so far
Iteration 233564: max relative diff=649.944141, 2132.36 sec so far
Iteration 233957: max relative diff=626.653093, 2137.37 sec so far
Iteration 234348: max relative diff=604.308910, 2142.37 sec so far
Iteration 234723: max relative diff=583.627912, 2147.37 sec so far
Iteration 235106: max relative diff=563.236106, 2152.38 sec so far
Iteration 235491: max relative diff=543.455846, 2157.39 sec so far
Iteration 235865: max relative diff=524.906135, 2162.40 sec so far
Iteration 236252: max relative diff=506.377931, 2167.40 sec so far
Iteration 236632: max relative diff=488.821373, 2172.41 sec so far
Iteration 237010: max relative diff=471.961159, 2177.42 sec so far
Iteration 237399: max relative diff=455.217265, 2182.43 sec so far
Iteration 237750: max relative diff=440.619436, 2187.44 sec so far
Iteration 238067: max relative diff=427.838360, 2192.46 sec so far
Iteration 238425: max relative diff=413.849420, 2197.46 sec so far
Iteration 238813: max relative diff=399.204239, 2202.47 sec so far
Iteration 239188: max relative diff=385.542448, 2207.47 sec so far
Iteration 239570: max relative diff=372.106247, 2212.49 sec so far
Iteration 239955: max relative diff=359.038267, 2217.49 sec so far
Iteration 240328: max relative diff=346.815462, 2222.49 sec so far
Iteration 240715: max relative diff=334.573525, 2227.50 sec so far
Iteration 241095: max relative diff=322.973574, 2232.50 sec so far
Iteration 241472: max relative diff=311.862668, 2237.51 sec so far
Iteration 241860: max relative diff=300.826564, 2242.52 sec so far
Iteration 242235: max relative diff=290.531509, 2247.52 sec so far
Iteration 242617: max relative diff=280.406451, 2252.54 sec so far
Iteration 243002: max relative diff=270.558871, 2257.54 sec so far
Iteration 243376: max relative diff=261.323919, 2262.55 sec so far
Iteration 243762: max relative diff=252.123084, 2267.56 sec so far
Iteration 244143: max relative diff=243.359162, 2272.56 sec so far
Iteration 244520: max relative diff=234.987143, 2277.58 sec so far
Iteration 244909: max relative diff=226.650440, 2282.59 sec so far
Iteration 245259: max relative diff=219.402625, 2287.61 sec so far
Iteration 245577: max relative diff=213.018618, 2292.61 sec so far
Iteration 245936: max relative diff=206.034460, 2297.62 sec so far
Iteration 246327: max relative diff=198.688017, 2302.63 sec so far
Iteration 246719: max relative diff=191.585730, 2307.63 sec so far
Iteration 247100: max relative diff=184.926115, 2312.63 sec so far
Iteration 247485: max relative diff=178.431704, 2317.63 sec so far
Iteration 247859: max relative diff=172.341317, 2322.64 sec so far
Iteration 248245: max relative diff=166.273430, 2327.65 sec so far
Iteration 248626: max relative diff=160.493684, 2332.65 sec so far
Iteration 249002: max relative diff=154.986787, 2337.66 sec so far
Iteration 249390: max relative diff=149.502160, 2342.66 sec so far
Iteration 249766: max relative diff=144.372407, 2347.67 sec so far
Iteration 250147: max relative diff=139.353951, 2352.67 sec so far
Iteration 250532: max relative diff=134.459986, 2357.67 sec so far
Iteration 250906: max relative diff=129.870480, 2362.68 sec so far
Iteration 251292: max relative diff=125.297930, 2367.70 sec so far
Iteration 251673: max relative diff=120.942512, 2372.70 sec so far
Iteration 252049: max relative diff=116.792704, 2377.71 sec so far
Iteration 252438: max relative diff=112.649217, 2382.72 sec so far
Iteration 252815: max relative diff=108.773870, 2387.72 sec so far
Iteration 253197: max relative diff=104.983087, 2392.74 sec so far
Iteration 253583: max relative diff=101.286786, 2397.74 sec so far
Iteration 253958: max relative diff=97.820493, 2402.75 sec so far
Iteration 254344: max relative diff=94.376376, 2407.76 sec so far
Iteration 254725: max relative diff=91.095806, 2412.76 sec so far
Iteration 255102: max relative diff=87.961937, 2417.76 sec so far
Iteration 255490: max relative diff=84.849166, 2422.77 sec so far
Iteration 255866: max relative diff=81.937802, 2427.78 sec so far
Iteration 256247: max relative diff=79.089603, 2432.79 sec so far
Iteration 256568: max relative diff=76.766927, 2437.80 sec so far
Iteration 256904: max relative diff=74.408748, 2442.80 sec so far
Iteration 257281: max relative diff=71.848946, 2447.81 sec so far
Iteration 257674: max relative diff=69.274205, 2452.82 sec so far
Iteration 258067: max relative diff=66.791732, 2457.83 sec so far
Iteration 258441: max relative diff=64.511938, 2462.84 sec so far
Iteration 258826: max relative diff=62.246347, 2467.84 sec so far
Iteration 259208: max relative diff=60.077054, 2472.85 sec so far
Iteration 259584: max relative diff=58.015676, 2477.85 sec so far
Iteration 259973: max relative diff=55.957438, 2482.86 sec so far
Iteration 260350: max relative diff=54.032396, 2487.87 sec so far
Iteration 260731: max relative diff=52.154203, 2492.89 sec so far
Iteration 261117: max relative diff=50.317930, 2497.89 sec so far
Iteration 261491: max relative diff=48.600434, 2502.90 sec so far
Iteration 261877: max relative diff=46.889284, 2507.91 sec so far
Iteration 262258: max relative diff=45.259389, 2512.91 sec so far
Iteration 262634: max relative diff=43.706438, 2517.92 sec so far
Iteration 263022: max relative diff=42.159768, 2522.93 sec so far
Iteration 263399: max relative diff=40.709391, 2527.94 sec so far
Iteration 263780: max relative diff=39.294313, 2532.95 sec so far
Iteration 264166: max relative diff=37.910817, 2537.96 sec so far
Iteration 264529: max relative diff=36.654233, 2542.97 sec so far
Iteration 264841: max relative diff=35.607530, 2547.99 sec so far
Iteration 265194: max relative diff=34.459273, 2552.99 sec so far
Iteration 265580: max relative diff=33.246013, 2557.99 sec so far
Iteration 265973: max relative diff=32.054627, 2563.00 sec so far
Iteration 266358: max relative diff=30.928902, 2568.00 sec so far
Iteration 266741: max relative diff=29.848254, 2573.01 sec so far
Iteration 267117: max relative diff=28.824094, 2578.03 sec so far
Iteration 267505: max relative diff=27.804075, 2583.03 sec so far
Iteration 267882: max relative diff=26.847562, 2588.03 sec so far
Iteration 268263: max relative diff=25.914328, 2593.04 sec so far
Iteration 268650: max relative diff=24.999600, 2598.05 sec so far
Iteration 269024: max relative diff=24.146292, 2603.05 sec so far
Iteration 269409: max relative diff=23.298300, 2608.07 sec so far
Iteration 269791: max relative diff=22.486351, 2613.07 sec so far
Iteration 270166: max relative diff=21.716811, 2618.08 sec so far
Iteration 270555: max relative diff=20.946357, 2623.09 sec so far
Iteration 270901: max relative diff=20.284069, 2628.09 sec so far
Iteration 271221: max relative diff=19.690202, 2633.10 sec so far
Iteration 271582: max relative diff=19.041090, 2638.10 sec so far
Iteration 271974: max relative diff=18.360449, 2643.12 sec so far
Iteration 272367: max relative diff=17.702494, 2648.12 sec so far
Iteration 272747: max relative diff=17.088733, 2653.13 sec so far
Iteration 273134: max relative diff=16.485533, 2658.14 sec so far
Iteration 273509: max relative diff=15.921355, 2663.15 sec so far
Iteration 273893: max relative diff=15.363641, 2668.15 sec so far
Iteration 274276: max relative diff=14.826839, 2673.16 sec so far
Iteration 274651: max relative diff=14.319427, 2678.17 sec so far
Iteration 275039: max relative diff=13.812695, 2683.18 sec so far
Iteration 275417: max relative diff=13.336274, 2688.19 sec so far
Iteration 275797: max relative diff=12.873894, 2693.20 sec so far
Iteration 276184: max relative diff=12.419469, 2698.21 sec so far
Iteration 276558: max relative diff=11.995557, 2703.22 sec so far
Iteration 276942: max relative diff=11.575361, 2708.22 sec so far
Iteration 277325: max relative diff=11.170921, 2713.23 sec so far
Iteration 277700: max relative diff=10.788623, 2718.24 sec so far
Iteration 278088: max relative diff=10.406838, 2723.24 sec so far
Iteration 278465: max relative diff=10.048823, 2728.25 sec so far
Iteration 278844: max relative diff=9.701323, 2733.25 sec so far
Iteration 279231: max relative diff=9.358884, 2738.26 sec so far
Iteration 279605: max relative diff=9.039439, 2743.27 sec so far
Iteration 279990: max relative diff=8.721983, 2748.28 sec so far
Iteration 280321: max relative diff=8.457981, 2753.29 sec so far
Iteration 280650: max relative diff=8.203494, 2758.30 sec so far
Iteration 281023: max relative diff=7.924221, 2763.30 sec so far
Iteration 281417: max relative diff=7.639543, 2768.32 sec so far
Iteration 281811: max relative diff=7.365093, 2773.32 sec so far
Iteration 282186: max relative diff=7.113040, 2778.33 sec so far
Iteration 282575: max relative diff=6.860689, 2783.33 sec so far
Iteration 282953: max relative diff=6.624053, 2788.34 sec so far
Iteration 283332: max relative diff=6.394985, 2793.34 sec so far
Iteration 283719: max relative diff=6.169254, 2798.34 sec so far
Iteration 284093: max relative diff=5.958680, 2803.35 sec so far
Iteration 284478: max relative diff=5.749418, 2808.36 sec so far
Iteration 284861: max relative diff=5.548534, 2813.37 sec so far
Iteration 285236: max relative diff=5.358649, 2818.38 sec so far
Iteration 285625: max relative diff=5.168539, 2823.38 sec so far
Iteration 286004: max relative diff=4.989805, 2828.39 sec so far
Iteration 286384: max relative diff=4.816804, 2833.40 sec so far
Iteration 286772: max relative diff=4.646348, 2838.41 sec so far
Iteration 287146: max relative diff=4.487755, 2843.41 sec so far
Iteration 287530: max relative diff=4.330552, 2848.42 sec so far
Iteration 287913: max relative diff=4.179244, 2853.42 sec so far
Iteration 288287: max relative diff=4.036594, 2858.43 sec so far
Iteration 288595: max relative diff=3.922781, 2863.43 sec so far
Iteration 288944: max relative diff=3.797691, 2868.44 sec so far
Iteration 289327: max relative diff=3.665001, 2873.44 sec so far
Iteration 289720: max relative diff=3.533664, 2878.45 sec so far
Iteration 290108: max relative diff=3.408616, 2883.45 sec so far
Iteration 290487: max relative diff=3.290742, 2888.46 sec so far
Iteration 290866: max relative diff=3.176944, 2893.46 sec so far
Iteration 291254: max relative diff=3.064519, 2898.47 sec so far
Iteration 291628: max relative diff=2.959918, 2903.47 sec so far
Iteration 292011: max relative diff=2.856499, 2908.48 sec so far
Iteration 292394: max relative diff=2.756694, 2913.49 sec so far
Iteration 292767: max relative diff=2.662847, 2918.49 sec so far
Iteration 293155: max relative diff=2.568615, 2923.49 sec so far
Iteration 293534: max relative diff=2.479790, 2928.50 sec so far
Iteration 293913: max relative diff=2.394035, 2933.50 sec so far
Iteration 294301: max relative diff=2.309316, 2938.50 sec so far
Iteration 294677: max relative diff=2.230078, 2943.51 sec so far
Iteration 295061: max relative diff=2.151960, 2948.51 sec so far
Iteration 295445: max relative diff=2.076578, 2953.52 sec so far
Iteration 295820: max relative diff=2.005512, 2958.53 sec so far
Iteration 296208: max relative diff=1.934542, 2963.53 sec so far
Iteration 296586: max relative diff=1.867817, 2968.54 sec so far
Iteration 296966: max relative diff=1.803058, 2973.55 sec so far
Iteration 297353: max relative diff=1.739413, 2978.55 sec so far
Iteration 297710: max relative diff=1.682696, 2983.57 sec so far
Iteration 298024: max relative diff=1.634341, 2988.57 sec so far
Iteration 298380: max relative diff=1.581197, 2993.57 sec so far
Iteration 298768: max relative diff=1.525242, 2998.58 sec so far
Iteration 299142: max relative diff=1.473181, 3003.59 sec so far
Iteration 299526: max relative diff=1.421577, 3008.60 sec so far
Iteration 299910: max relative diff=1.371780, 3013.61 sec so far
Iteration 300284: max relative diff=1.324957, 3018.62 sec so far
Iteration 300672: max relative diff=1.278070, 3023.63 sec so far
Iteration 301050: max relative diff=1.233987, 3028.64 sec so far
Iteration 301429: max relative diff=1.191315, 3033.65 sec so far
Iteration 301816: max relative diff=1.149263, 3038.65 sec so far
Iteration 302191: max relative diff=1.109933, 3043.66 sec so far
Iteration 302574: max relative diff=1.071152, 3048.66 sec so far
Iteration 302902: max relative diff=1.039019, 3053.68 sec so far
Iteration 303231: max relative diff=1.007757, 3058.69 sec so far
Iteration 303605: max relative diff=0.973359, 3063.69 sec so far
Iteration 303998: max relative diff=0.938478, 3068.70 sec so far
Iteration 304391: max relative diff=0.904847, 3073.71 sec so far
Iteration 304765: max relative diff=0.873962, 3078.71 sec so far
Iteration 305153: max relative diff=0.843035, 3083.72 sec so far
Iteration 305531: max relative diff=0.813957, 3088.72 sec so far
Iteration 305909: max relative diff=0.785883, 3093.72 sec so far
Iteration 306297: max relative diff=0.758072, 3098.73 sec so far
Iteration 306652: max relative diff=0.733490, 3103.74 sec so far
Iteration 306968: max relative diff=0.712280, 3108.75 sec so far
Iteration 307325: max relative diff=0.689054, 3113.76 sec so far
Iteration 307714: max relative diff=0.664609, 3118.77 sec so far
Iteration 308088: max relative diff=0.641924, 3123.77 sec so far
Iteration 308471: max relative diff=0.619495, 3128.78 sec so far
Iteration 308855: max relative diff=0.597794, 3133.79 sec so far
Iteration 309229: max relative diff=0.577390, 3138.80 sec so far
Iteration 309617: max relative diff=0.556957, 3143.81 sec so far
Iteration 309996: max relative diff=0.537697, 3148.81 sec so far
Iteration 310374: max relative diff=0.519151, 3153.82 sec so far
Iteration 310762: max relative diff=0.500780, 3158.83 sec so far
Iteration 311137: max relative diff=0.483642, 3163.84 sec so far
Iteration 311520: max relative diff=0.466743, 3168.85 sec so far
Iteration 311905: max relative diff=0.450352, 3173.86 sec so far
Iteration 312279: max relative diff=0.434980, 3178.87 sec so far
Iteration 312666: max relative diff=0.419626, 3183.87 sec so far
Iteration 313046: max relative diff=0.405077, 3188.88 sec so far
Iteration 313424: max relative diff=0.391105, 3193.89 sec so far
Iteration 313812: max relative diff=0.377265, 3198.89 sec so far
Iteration 314187: max relative diff=0.364354, 3203.90 sec so far
Iteration 314569: max relative diff=0.351656, 3208.91 sec so far
Iteration 314953: max relative diff=0.339338, 3213.92 sec so far
Iteration 315327: max relative diff=0.327756, 3218.93 sec so far
Iteration 315715: max relative diff=0.316157, 3223.94 sec so far
Iteration 316095: max relative diff=0.305196, 3228.95 sec so far
Iteration 316473: max relative diff=0.294669, 3233.96 sec so far
Iteration 316862: max relative diff=0.284215, 3238.97 sec so far
Iteration 317237: max relative diff=0.274488, 3243.98 sec so far
Iteration 317620: max relative diff=0.264898, 3248.99 sec so far
Iteration 318005: max relative diff=0.255595, 3254.00 sec so far
Iteration 318379: max relative diff=0.246871, 3259.01 sec so far
Iteration 318766: max relative diff=0.238157, 3264.01 sec so far
Iteration 319145: max relative diff=0.229921, 3269.02 sec so far
Iteration 319523: max relative diff=0.221990, 3274.03 sec so far
Iteration 319911: max relative diff=0.214135, 3279.03 sec so far
Iteration 320287: max relative diff=0.206787, 3284.04 sec so far
Iteration 320670: max relative diff=0.199562, 3289.05 sec so far
Iteration 321055: max relative diff=0.192554, 3294.05 sec so far
Iteration 321430: max relative diff=0.185964, 3299.07 sec so far
Iteration 321817: max relative diff=0.179400, 3304.07 sec so far
Iteration 322197: max relative diff=0.173180, 3309.07 sec so far
Iteration 322575: max relative diff=0.167207, 3314.09 sec so far
Iteration 322963: max relative diff=0.161290, 3319.09 sec so far
Iteration 323339: max relative diff=0.155755, 3324.10 sec so far
Iteration 323721: max relative diff=0.150327, 3329.10 sec so far
Iteration 324106: max relative diff=0.145048, 3334.10 sec so far
Iteration 324479: max relative diff=0.140110, 3339.11 sec so far
Iteration 324865: max relative diff=0.135177, 3344.11 sec so far
Iteration 325245: max relative diff=0.130490, 3349.11 sec so far
Iteration 325622: max relative diff=0.126001, 3354.12 sec so far
Iteration 326011: max relative diff=0.121531, 3359.13 sec so far
Iteration 326386: max relative diff=0.117372, 3364.13 sec so far
Iteration 326768: max relative diff=0.113282, 3369.14 sec so far
Iteration 327152: max relative diff=0.109313, 3374.14 sec so far
Iteration 327526: max relative diff=0.105582, 3379.15 sec so far
Iteration 327913: max relative diff=0.101855, 3384.16 sec so far
Iteration 328293: max relative diff=0.098324, 3389.18 sec so far
Iteration 328670: max relative diff=0.094941, 3394.19 sec so far
Iteration 329058: max relative diff=0.091582, 3399.20 sec so far
Iteration 329434: max relative diff=0.088439, 3404.21 sec so far
Iteration 329816: max relative diff=0.085357, 3409.22 sec so far
Iteration 330201: max relative diff=0.082359, 3414.22 sec so far
Iteration 330575: max relative diff=0.079548, 3419.22 sec so far
Iteration 330962: max relative diff=0.076740, 3424.24 sec so far
Iteration 331343: max relative diff=0.074073, 3429.24 sec so far
Iteration 331720: max relative diff=0.071525, 3434.24 sec so far
Iteration 332109: max relative diff=0.068987, 3439.26 sec so far
Iteration 332485: max relative diff=0.066620, 3444.26 sec so far
Iteration 332866: max relative diff=0.064304, 3449.27 sec so far
Iteration 333251: max relative diff=0.062046, 3454.28 sec so far
Iteration 333625: max relative diff=0.059928, 3459.28 sec so far
Iteration 334012: max relative diff=0.057813, 3464.29 sec so far
Iteration 334393: max relative diff=0.055803, 3469.30 sec so far
Iteration 334771: max relative diff=0.053878, 3474.31 sec so far
Iteration 335159: max relative diff=0.051972, 3479.31 sec so far
Iteration 335509: max relative diff=0.050310, 3484.31 sec so far
Iteration 335827: max relative diff=0.048846, 3489.32 sec so far
Iteration 336186: max relative diff=0.047245, 3494.34 sec so far
Iteration 336577: max relative diff=0.045560, 3499.35 sec so far
Iteration 336971: max relative diff=0.043923, 3504.36 sec so far
Iteration 337352: max relative diff=0.042396, 3509.36 sec so far
Iteration 337737: max relative diff=0.040907, 3514.36 sec so far
Iteration 338110: max relative diff=0.039515, 3519.36 sec so far
Iteration 338497: max relative diff=0.038120, 3524.38 sec so far
Iteration 338878: max relative diff=0.036795, 3529.38 sec so far
Iteration 339255: max relative diff=0.035529, 3534.40 sec so far
Iteration 339643: max relative diff=0.034272, 3539.40 sec so far
Iteration 340019: max relative diff=0.033096, 3544.41 sec so far
Iteration 340400: max relative diff=0.031946, 3549.41 sec so far
Iteration 340785: max relative diff=0.030824, 3554.42 sec so far
Iteration 341159: max relative diff=0.029772, 3559.42 sec so far
Iteration 341546: max relative diff=0.028721, 3564.43 sec so far
Iteration 341927: max relative diff=0.027722, 3569.44 sec so far
Iteration 342304: max relative diff=0.026769, 3574.45 sec so far
Iteration 342692: max relative diff=0.025821, 3579.46 sec so far
Iteration 343068: max relative diff=0.024935, 3584.47 sec so far
Iteration 343449: max relative diff=0.024069, 3589.47 sec so far
Iteration 343835: max relative diff=0.023221, 3594.47 sec so far
Iteration 344210: max relative diff=0.022426, 3599.48 sec so far
Iteration 344596: max relative diff=0.021637, 3604.49 sec so far
Iteration 344977: max relative diff=0.020885, 3609.50 sec so far
Iteration 345353: max relative diff=0.020168, 3614.51 sec so far
Iteration 345741: max relative diff=0.019454, 3619.51 sec so far
Iteration 346116: max relative diff=0.018789, 3624.51 sec so far
Iteration 346496: max relative diff=0.018137, 3629.52 sec so far
Iteration 346882: max relative diff=0.017499, 3634.53 sec so far
Iteration 347256: max relative diff=0.016901, 3639.54 sec so far
Iteration 347642: max relative diff=0.016306, 3644.54 sec so far
Iteration 348023: max relative diff=0.015739, 3649.54 sec so far
Iteration 348399: max relative diff=0.015199, 3654.54 sec so far
Iteration 348787: max relative diff=0.014662, 3659.55 sec so far
Iteration 349164: max relative diff=0.014157, 3664.55 sec so far
Iteration 349545: max relative diff=0.013665, 3669.56 sec so far
Iteration 349931: max relative diff=0.013184, 3674.57 sec so far
Iteration 350305: max relative diff=0.012734, 3679.58 sec so far
Iteration 350691: max relative diff=0.012286, 3684.59 sec so far
Iteration 351072: max relative diff=0.011859, 3689.59 sec so far
Iteration 351449: max relative diff=0.011451, 3694.60 sec so far
Iteration 351838: max relative diff=0.011044, 3699.61 sec so far
Iteration 352215: max relative diff=0.010664, 3704.62 sec so far
Iteration 352596: max relative diff=0.010294, 3709.63 sec so far
Iteration 352982: max relative diff=0.009931, 3714.63 sec so far
Iteration 353356: max relative diff=0.009592, 3719.64 sec so far
Iteration 353742: max relative diff=0.009255, 3724.66 sec so far
Iteration 354123: max relative diff=0.008933, 3729.66 sec so far
Iteration 354498: max relative diff=0.008627, 3734.66 sec so far
Iteration 354887: max relative diff=0.008321, 3739.67 sec so far
Iteration 355263: max relative diff=0.008036, 3744.67 sec so far
Iteration 355643: max relative diff=0.007757, 3749.68 sec so far
Iteration 356029: max relative diff=0.007484, 3754.69 sec so far
Iteration 356403: max relative diff=0.007228, 3759.70 sec so far
Iteration 356788: max relative diff=0.006975, 3764.70 sec so far
Iteration 357169: max relative diff=0.006732, 3769.70 sec so far
Iteration 357545: max relative diff=0.006501, 3774.70 sec so far
Iteration 357933: max relative diff=0.006271, 3779.71 sec so far
Iteration 358310: max relative diff=0.006055, 3784.71 sec so far
Iteration 358691: max relative diff=0.005845, 3789.72 sec so far
Iteration 359077: max relative diff=0.005639, 3794.73 sec so far
Iteration 359451: max relative diff=0.005447, 3799.74 sec so far
Iteration 359836: max relative diff=0.005255, 3804.74 sec so far
Iteration 360217: max relative diff=0.005073, 3809.75 sec so far
Iteration 360592: max relative diff=0.004899, 3814.75 sec so far
Iteration 360979: max relative diff=0.004726, 3819.75 sec so far
Iteration 361356: max relative diff=0.004564, 3824.76 sec so far
Iteration 361737: max relative diff=0.004405, 3829.77 sec so far
Iteration 362123: max relative diff=0.004250, 3834.77 sec so far
Iteration 362497: max relative diff=0.004105, 3839.77 sec so far
Iteration 362883: max relative diff=0.003960, 3844.78 sec so far
Iteration 363265: max relative diff=0.003822, 3849.80 sec so far
Iteration 363641: max relative diff=0.003691, 3854.80 sec so far
Iteration 364029: max relative diff=0.003560, 3859.81 sec so far
Iteration 364406: max relative diff=0.003438, 3864.81 sec so far
Iteration 364786: max relative diff=0.003319, 3869.81 sec so far
Iteration 365173: max relative diff=0.003202, 3874.82 sec so far
Iteration 365547: max relative diff=0.003092, 3879.83 sec so far
Iteration 365932: max relative diff=0.002984, 3884.84 sec so far
Iteration 366314: max relative diff=0.002880, 3889.85 sec so far
Iteration 366690: max relative diff=0.002781, 3894.86 sec so far
Iteration 367000: max relative diff=0.002702, 3899.88 sec so far
Iteration 367347: max relative diff=0.002616, 3904.88 sec so far
Iteration 367729: max relative diff=0.002525, 3909.89 sec so far
Iteration 368122: max relative diff=0.002435, 3914.89 sec so far
Iteration 368512: max relative diff=0.002348, 3919.90 sec so far
Iteration 368890: max relative diff=0.002267, 3924.91 sec so far
Iteration 369271: max relative diff=0.002188, 3929.93 sec so far
Iteration 369658: max relative diff=0.002111, 3934.94 sec so far
Iteration 370032: max relative diff=0.002039, 3939.94 sec so far
Iteration 370417: max relative diff=0.001967, 3944.95 sec so far
Iteration 370799: max relative diff=0.001899, 3949.95 sec so far
Iteration 371175: max relative diff=0.001834, 3954.97 sec so far
Iteration 371564: max relative diff=0.001769, 3959.98 sec so far
Iteration 371942: max relative diff=0.001708, 3964.99 sec so far
Iteration 372322: max relative diff=0.001648, 3970.00 sec so far
Iteration 372709: max relative diff=0.001590, 3975.01 sec so far
Iteration 373083: max relative diff=0.001536, 3980.01 sec so far
Iteration 373467: max relative diff=0.001482, 3985.02 sec so far
Iteration 373850: max relative diff=0.001430, 3990.03 sec so far
Iteration 374225: max relative diff=0.001381, 3995.03 sec so far
Iteration 374613: max relative diff=0.001333, 4000.05 sec so far
Iteration 374991: max relative diff=0.001287, 4005.06 sec so far
Iteration 375371: max relative diff=0.001242, 4010.06 sec so far
Iteration 375758: max relative diff=0.001198, 4015.06 sec so far
Iteration 376133: max relative diff=0.001157, 4020.07 sec so far
Iteration 376517: max relative diff=0.001117, 4025.07 sec so far
Iteration 376900: max relative diff=0.001078, 4030.08 sec so far
Iteration 377274: max relative diff=0.001041, 4035.08 sec so far
Iteration 377663: max relative diff=0.001004, 4040.09 sec so far
Iteration 378041: max relative diff=0.000969, 4045.10 sec so far
Iteration 378420: max relative diff=0.000936, 4050.10 sec so far
Iteration 378807: max relative diff=0.000903, 4055.11 sec so far
Iteration 379181: max relative diff=0.000872, 4060.11 sec so far
Iteration 379566: max relative diff=0.000841, 4065.12 sec so far
Iteration 379949: max relative diff=0.000812, 4070.14 sec so far
Iteration 380324: max relative diff=0.000784, 4075.15 sec so far
Iteration 380712: max relative diff=0.000756, 4080.15 sec so far
Iteration 381090: max relative diff=0.000730, 4085.16 sec so far
Iteration 381469: max relative diff=0.000705, 4090.16 sec so far
Iteration 381856: max relative diff=0.000680, 4095.17 sec so far
Iteration 382231: max relative diff=0.000657, 4100.17 sec so far
Iteration 382616: max relative diff=0.000634, 4105.17 sec so far
Iteration 382999: max relative diff=0.000612, 4110.19 sec so far
Iteration 383374: max relative diff=0.000591, 4115.19 sec so far
Iteration 383762: max relative diff=0.000570, 4120.20 sec so far
Iteration 384141: max relative diff=0.000550, 4125.22 sec so far
Iteration 384520: max relative diff=0.000531, 4130.22 sec so far
Iteration 384908: max relative diff=0.000512, 4135.23 sec so far
Iteration 385266: max relative diff=0.000496, 4140.24 sec so far
Iteration 385580: max relative diff=0.000481, 4145.25 sec so far
Iteration 385936: max relative diff=0.000466, 4150.27 sec so far
Iteration 386324: max relative diff=0.000449, 4155.27 sec so far
Iteration 386717: max relative diff=0.000433, 4160.27 sec so far
Iteration 387101: max relative diff=0.000418, 4165.28 sec so far
Iteration 387484: max relative diff=0.000403, 4170.29 sec so far
Iteration 387858: max relative diff=0.000390, 4175.29 sec so far
Iteration 388246: max relative diff=0.000376, 4180.30 sec so far
Iteration 388625: max relative diff=0.000363, 4185.31 sec so far
Iteration 389004: max relative diff=0.000350, 4190.32 sec so far
Iteration 389392: max relative diff=0.000338, 4195.32 sec so far
Iteration 389766: max relative diff=0.000326, 4200.33 sec so far
Iteration 390150: max relative diff=0.000315, 4205.34 sec so far
Iteration 390533: max relative diff=0.000304, 4210.34 sec so far
Iteration 390907: max relative diff=0.000293, 4215.35 sec so far
Iteration 391295: max relative diff=0.000283, 4220.36 sec so far
Iteration 391673: max relative diff=0.000273, 4225.36 sec so far
Iteration 392052: max relative diff=0.000264, 4230.36 sec so far
Iteration 392440: max relative diff=0.000255, 4235.37 sec so far
Iteration 392813: max relative diff=0.000246, 4240.37 sec so far
Iteration 393197: max relative diff=0.000237, 4245.38 sec so far
Iteration 393581: max relative diff=0.000229, 4250.39 sec so far
Iteration 393955: max relative diff=0.000221, 4255.39 sec so far
Iteration 394344: max relative diff=0.000213, 4260.40 sec so far
Iteration 394723: max relative diff=0.000206, 4265.41 sec so far
Iteration 395102: max relative diff=0.000199, 4270.42 sec so far
Iteration 395490: max relative diff=0.000192, 4275.43 sec so far
Iteration 395864: max relative diff=0.000185, 4280.43 sec so far
Iteration 396247: max relative diff=0.000179, 4285.43 sec so far
Iteration 396630: max relative diff=0.000173, 4290.44 sec so far
Iteration 397004: max relative diff=0.000167, 4295.45 sec so far
Iteration 397391: max relative diff=0.000161, 4300.45 sec so far
Iteration 397769: max relative diff=0.000155, 4305.45 sec so far
Iteration 398148: max relative diff=0.000150, 4310.46 sec so far
Iteration 398536: max relative diff=0.000145, 4315.46 sec so far
Iteration 398911: max relative diff=0.000140, 4320.47 sec so far
Iteration 399295: max relative diff=0.000135, 4325.48 sec so far
Iteration 399680: max relative diff=0.000130, 4330.49 sec so far
Iteration 400053: max relative diff=0.000126, 4335.49 sec so far
Iteration 400361: max relative diff=0.000122, 4340.49 sec so far
Iteration 400711: max relative diff=0.000118, 4345.50 sec so far
Iteration 401094: max relative diff=0.000114, 4350.51 sec so far
Iteration 401469: max relative diff=0.000110, 4355.51 sec so far
Iteration 401856: max relative diff=0.000106, 4360.51 sec so far
Iteration 402235: max relative diff=0.000103, 4365.51 sec so far
Iteration 402614: max relative diff=0.000099, 4370.52 sec so far
Iteration 403002: max relative diff=0.000095, 4375.53 sec so far
Iteration 403377: max relative diff=0.000092, 4380.53 sec so far
Iteration 403760: max relative diff=0.000089, 4385.53 sec so far
Iteration 404144: max relative diff=0.000086, 4390.54 sec so far
Iteration 404518: max relative diff=0.000083, 4395.55 sec so far
Iteration 404906: max relative diff=0.000080, 4400.56 sec so far
Iteration 405285: max relative diff=0.000077, 4405.56 sec so far
Iteration 405663: max relative diff=0.000075, 4410.57 sec so far
Iteration 406051: max relative diff=0.000072, 4415.58 sec so far
Iteration 406425: max relative diff=0.000069, 4420.59 sec so far
Iteration 406808: max relative diff=0.000067, 4425.59 sec so far
Iteration 407192: max relative diff=0.000065, 4430.59 sec so far
Iteration 407567: max relative diff=0.000062, 4435.60 sec so far
Iteration 407955: max relative diff=0.000060, 4440.60 sec so far
Iteration 408334: max relative diff=0.000058, 4445.61 sec so far
Iteration 408712: max relative diff=0.000056, 4450.61 sec so far
Iteration 409100: max relative diff=0.000054, 4455.62 sec so far
Iteration 409474: max relative diff=0.000052, 4460.62 sec so far
Iteration 409857: max relative diff=0.000051, 4465.63 sec so far
Iteration 410240: max relative diff=0.000049, 4470.63 sec so far
Iteration 410614: max relative diff=0.000047, 4475.64 sec so far
Iteration 411001: max relative diff=0.000045, 4480.64 sec so far
Iteration 411380: max relative diff=0.000044, 4485.65 sec so far
Iteration 411758: max relative diff=0.000042, 4490.65 sec so far
Iteration 412146: max relative diff=0.000041, 4495.66 sec so far
Iteration 412521: max relative diff=0.000039, 4500.66 sec so far
Iteration 412905: max relative diff=0.000038, 4505.67 sec so far
Iteration 413289: max relative diff=0.000037, 4510.68 sec so far
Iteration 413663: max relative diff=0.000035, 4515.69 sec so far
Iteration 414051: max relative diff=0.000034, 4520.70 sec so far
Iteration 414430: max relative diff=0.000033, 4525.70 sec so far
Iteration 414807: max relative diff=0.000032, 4530.70 sec so far
Iteration 415195: max relative diff=0.000031, 4535.71 sec so far
Iteration 415569: max relative diff=0.000030, 4540.72 sec so far
Iteration 415952: max relative diff=0.000029, 4545.73 sec so far
Iteration 416336: max relative diff=0.000028, 4550.73 sec so far
Iteration 416711: max relative diff=0.000027, 4555.74 sec so far
Iteration 417099: max relative diff=0.000026, 4560.75 sec so far
Iteration 417479: max relative diff=0.000025, 4565.76 sec so far
Iteration 417857: max relative diff=0.000024, 4570.77 sec so far
Iteration 418246: max relative diff=0.000023, 4575.78 sec so far
Iteration 418621: max relative diff=0.000022, 4580.79 sec so far
Iteration 419004: max relative diff=0.000022, 4585.80 sec so far
Iteration 419389: max relative diff=0.000021, 4590.81 sec so far
Iteration 419763: max relative diff=0.000020, 4595.82 sec so far
Iteration 420150: max relative diff=0.000019, 4600.83 sec so far
Iteration 420530: max relative diff=0.000019, 4605.83 sec so far
Iteration 420907: max relative diff=0.000018, 4610.84 sec so far
Iteration 421296: max relative diff=0.000017, 4615.85 sec so far
Iteration 421671: max relative diff=0.000017, 4620.86 sec so far
Iteration 422053: max relative diff=0.000016, 4625.86 sec so far
Iteration 422438: max relative diff=0.000016, 4630.87 sec so far
Iteration 422812: max relative diff=0.000015, 4635.88 sec so far
Iteration 423199: max relative diff=0.000015, 4640.89 sec so far
Iteration 423579: max relative diff=0.000014, 4645.89 sec so far
Iteration 423956: max relative diff=0.000014, 4650.89 sec so far
Iteration 424344: max relative diff=0.000013, 4655.90 sec so far
Iteration 424718: max relative diff=0.000013, 4660.90 sec so far
Iteration 425100: max relative diff=0.000012, 4665.90 sec so far
Iteration 425485: max relative diff=0.000012, 4670.91 sec so far
Iteration 425859: max relative diff=0.000011, 4675.91 sec so far
Iteration 426246: max relative diff=0.000011, 4680.92 sec so far
Iteration 426627: max relative diff=0.000011, 4685.93 sec so far
Iteration 427004: max relative diff=0.000010, 4690.93 sec so far
Iteration 427392: max relative diff=0.000010, 4695.94 sec so far
Iteration 427768: max relative diff=0.000010, 4700.96 sec so far
Iteration 428150: max relative diff=0.000009, 4705.97 sec so far
Iteration 428535: max relative diff=0.000009, 4710.97 sec so far
Iteration 428903: max relative diff=0.000009, 4715.99 sec so far
Iteration 429213: max relative diff=0.000008, 4720.99 sec so far
Iteration 429565: max relative diff=0.000008, 4726.00 sec so far
Iteration 429950: max relative diff=0.000008, 4731.01 sec so far
Iteration 430343: max relative diff=0.000008, 4736.01 sec so far
Iteration 430730: max relative diff=0.000007, 4741.02 sec so far
Iteration 431110: max relative diff=0.000007, 4746.03 sec so far
Iteration 431491: max relative diff=0.000007, 4751.03 sec so far
Iteration 431879: max relative diff=0.000007, 4756.04 sec so far
Iteration 432255: max relative diff=0.000006, 4761.05 sec so far
Iteration 432637: max relative diff=0.000006, 4766.06 sec so far
Iteration 433023: max relative diff=0.000006, 4771.06 sec so far
Iteration 433397: max relative diff=0.000006, 4776.07 sec so far
Iteration 433783: max relative diff=0.000006, 4781.07 sec so far
Iteration 434164: max relative diff=0.000005, 4786.09 sec so far
Iteration 434541: max relative diff=0.000005, 4791.10 sec so far
Iteration 434929: max relative diff=0.000005, 4796.10 sec so far
Iteration 435305: max relative diff=0.000005, 4801.11 sec so far
Iteration 435687: max relative diff=0.000005, 4806.12 sec so far
Iteration 436073: max relative diff=0.000004, 4811.13 sec so far
Iteration 436447: max relative diff=0.000004, 4816.14 sec so far
Iteration 436833: max relative diff=0.000004, 4821.14 sec so far
Iteration 437213: max relative diff=0.000004, 4826.15 sec so far
Iteration 437759: max relative diff=0.000004, 4831.15 sec so far
Iteration 438474: max relative diff=0.000004, 4836.16 sec so far
Iteration 439136: max relative diff=0.000003, 4841.16 sec so far
Iteration 439541: max relative diff=0.000003, 4846.17 sec so far
Iteration 439926: max relative diff=0.000003, 4851.17 sec so far
Iteration 440300: max relative diff=0.000003, 4856.18 sec so far
Iteration 440686: max relative diff=0.000003, 4861.19 sec so far
Iteration 441067: max relative diff=0.000003, 4866.19 sec so far
Iteration 441444: max relative diff=0.000003, 4871.20 sec so far
Iteration 441832: max relative diff=0.000003, 4876.21 sec so far
Iteration 442208: max relative diff=0.000003, 4881.22 sec so far
Iteration 442589: max relative diff=0.000003, 4886.22 sec so far
Iteration 442975: max relative diff=0.000002, 4891.23 sec so far
Iteration 443349: max relative diff=0.000002, 4896.24 sec so far
Iteration 443734: max relative diff=0.000002, 4901.24 sec so far
Iteration 444115: max relative diff=0.000002, 4906.24 sec so far
Iteration 444491: max relative diff=0.000002, 4911.25 sec so far
Iteration 444880: max relative diff=0.000002, 4916.26 sec so far
Iteration 445257: max relative diff=0.000002, 4921.27 sec so far
Iteration 445638: max relative diff=0.000002, 4926.28 sec so far
Iteration 446024: max relative diff=0.000002, 4931.28 sec so far
Iteration 446398: max relative diff=0.000002, 4936.29 sec so far
Iteration 446784: max relative diff=0.000002, 4941.30 sec so far
Iteration 447165: max relative diff=0.000002, 4946.31 sec so far
Iteration 447542: max relative diff=0.000002, 4951.32 sec so far
Iteration 447931: max relative diff=0.000002, 4956.32 sec so far
Iteration 448307: max relative diff=0.000001, 4961.33 sec so far
Iteration 448688: max relative diff=0.000001, 4966.34 sec so far
Iteration 449074: max relative diff=0.000001, 4971.35 sec so far
Iteration 449448: max relative diff=0.000001, 4976.35 sec so far
Iteration 449834: max relative diff=0.000001, 4981.36 sec so far
Iteration 450215: max relative diff=0.000001, 4986.37 sec so far
Iteration 450591: max relative diff=0.000001, 4991.38 sec so far
Iteration 450980: max relative diff=0.000001, 4996.39 sec so far
Iteration 451357: max relative diff=0.000001, 5001.40 sec so far
Iteration 451737: max relative diff=0.000001, 5006.41 sec so far
Iteration 452123: max relative diff=0.000001, 5011.42 sec so far
Iteration 452496: max relative diff=0.000001, 5016.42 sec so far
Max relative diff between upper and lower bound on convergence: 9.99935E-07
LowItr:293141 , UpItr:452510 

Iterative method: 452511 iterations in 5016.61 seconds (average 0.011086, setup 0.24)
Maximum finite value in solution vector at end of interval iteration: 79715.00000037061

Value in the initial state: 79707.00000037061

Time for model checking: 5019.636 seconds.

Result: 79707.00000037061 (value in the initial state)

---------------------------------------------------------------------

Note: There were 2 warnings during computation.

