PRISM
=====

Version: 4.4
Date: Tue Feb 16 01:07:50 IRST 2021
Hostname: sadegh-H81M-S2PH
Memory limits: cudd=1g, java(heap)=910.5m
Command line: prism ../../examples/mdps/consensus/coin4.nm ../../examples/mdps/consensus/steps_max.pctl -s '-ii:upper=1.2e+12' -const K=32 -maxiters 9000300 -improvedbk

Parsing model file "../../examples/mdps/consensus/coin4.nm"...

Parsing properties file "../../examples/mdps/consensus/steps_max.pctl"...

1 property:
(1) "steps_max": R{"steps"}max=? [ F "finished" ]

Type:        MDP
Modules:     process1 process2 process3 process4 
Variables:   counter pc1 coin1 pc2 coin2 pc3 coin3 pc4 coin4 

---------------------------------------------------------------------

Model checking: "steps_max": R{"steps"}max=? [ F "finished" ]
Model constants: K=32

Warning: Not Switching to explicit engine, We implemented the emthods for sparse engine.

Building model...
Model constants: K=32

Computing reachable states...

Reachability (BFS): 1539 iterations in 0.18 seconds (average 0.000116, setup 0.00)

Time for model construction: 0.35 seconds.

Type:        MDP
States:      329856 (1 initial)
Transitions: 1112032
Choices:     889984

Transition matrix: 2480 nodes (3 terminal), 1112032 minterms, vars: 21r/21c/4nd

Prob0E: 402 iterations in 0.25 seconds (average 0.000627, setup 0.00)

Prob1A: 1 iterations in 0.00 seconds (average 0.001000, setup 0.00)

goal = 64, inf = 0, maybe = 329792

Warning: Upper bound for interval iteration manually set to 1.2E12

Computing remaining rewards...
 7
Building sparse matrix (transitions)... [n=329856, nc=889920, nnz=1111968, k=4] [17.4 MB]
Building sparse matrix (transition rewards)... [n=329856, nc=889920, nnz=0, k=4] [4.7 MB]
Creating vector for state rewards... [2.5 MB]
Creating vector for inf... [2.5 MB]
Creating vector for lower bounds... [2.5 MB]
Creating vector for upper bounds... [2.5 MB]
Allocating iteration vectors... [4 x 2.5 MB]
TOTAL: [42.2 MB]

Starting iterations (interval iteration)...

 Time for pre-computation: 0.516000 Iteration 983: max relative diff=6.003373, 4.49 sec so far
Iteration 2104: max relative diff=5.476503, 9.49 sec so far
Iteration 3196: max relative diff=4.772465, 14.49 sec so far
Iteration 4333: max relative diff=4.075472, 19.50 sec so far
Iteration 5437: max relative diff=3.482481, 24.50 sec so far
Iteration 6546: max relative diff=2.970455, 29.50 sec so far
Iteration 7681: max relative diff=2.523500, 34.50 sec so far
Iteration 8774: max relative diff=2.156594, 39.51 sec so far
Iteration 9900: max relative diff=1.834270, 44.51 sec so far
Iteration 11024: max relative diff=1.560559, 49.51 sec so far
Iteration 12120: max relative diff=1.333045, 54.51 sec so far
Iteration 13259: max relative diff=1.131681, 59.52 sec so far
Iteration 14366: max relative diff=0.965165, 64.52 sec so far
Iteration 15473: max relative diff=0.823150, 69.52 sec so far
Iteration 16608: max relative diff=0.699210, 74.53 sec so far
Iteration 17703: max relative diff=0.597358, 79.53 sec so far
Iteration 18830: max relative diff=0.507999, 84.53 sec so far
Iteration 19775: max relative diff=0.443461, 89.54 sec so far
Iteration 20721: max relative diff=0.387067, 94.54 sec so far
Iteration 21815: max relative diff=0.330731, 99.55 sec so far
Iteration 22941: max relative diff=0.281298, 104.55 sec so far
Iteration 24066: max relative diff=0.239287, 109.56 sec so far
Iteration 25159: max relative diff=0.204490, 114.56 sec so far
Iteration 26298: max relative diff=0.173600, 119.56 sec so far
Iteration 27406: max relative diff=0.148035, 124.56 sec so far
Iteration 28515: max relative diff=0.126217, 129.56 sec so far
Iteration 29650: max relative diff=0.107213, 134.57 sec so far
Iteration 30744: max relative diff=0.091608, 139.57 sec so far
Iteration 31866: max relative diff=0.077961, 144.57 sec so far
Iteration 32991: max relative diff=0.066318, 149.58 sec so far
Iteration 34086: max relative diff=0.056657, 154.58 sec so far
Iteration 35225: max relative diff=0.048099, 159.58 sec so far
Iteration 36334: max relative diff=0.041010, 164.59 sec so far
Iteration 37441: max relative diff=0.034976, 169.59 sec so far
Iteration 38579: max relative diff=0.029697, 174.59 sec so far
Iteration 39677: max relative diff=0.025360, 179.60 sec so far
Iteration 40797: max relative diff=0.021588, 184.60 sec so far
Iteration 41921: max relative diff=0.018367, 189.61 sec so far
Iteration 43011: max relative diff=0.015702, 194.61 sec so far
Iteration 44151: max relative diff=0.013329, 199.61 sec so far
Iteration 45132: max relative diff=0.011575, 204.62 sec so far
Iteration 46058: max relative diff=0.010132, 209.62 sec so far
Iteration 47120: max relative diff=0.008698, 214.62 sec so far
Iteration 48255: max relative diff=0.007388, 219.63 sec so far
Iteration 49364: max relative diff=0.006299, 224.63 sec so far
Iteration 50468: max relative diff=0.005375, 229.63 sec so far
Iteration 51606: max relative diff=0.004563, 234.64 sec so far
Iteration 52700: max relative diff=0.003899, 239.64 sec so far
Iteration 53819: max relative diff=0.003320, 244.64 sec so far
Iteration 54946: max relative diff=0.002823, 249.65 sec so far
Iteration 56036: max relative diff=0.002414, 254.65 sec so far
Iteration 57171: max relative diff=0.002050, 259.65 sec so far
Iteration 58284: max relative diff=0.001747, 264.65 sec so far
Iteration 59390: max relative diff=0.001490, 269.66 sec so far
Iteration 60527: max relative diff=0.001265, 274.66 sec so far
Iteration 61624: max relative diff=0.001081, 279.66 sec so far
Iteration 62745: max relative diff=0.000920, 284.66 sec so far
Iteration 63871: max relative diff=0.000782, 289.67 sec so far
Iteration 64965: max relative diff=0.000669, 294.67 sec so far
Iteration 66099: max relative diff=0.000568, 299.67 sec so far
Iteration 67209: max relative diff=0.000484, 304.67 sec so far
Iteration 68312: max relative diff=0.000413, 309.68 sec so far
Iteration 69451: max relative diff=0.000351, 314.68 sec so far
Iteration 70546: max relative diff=0.000300, 319.68 sec so far
Iteration 71665: max relative diff=0.000255, 324.69 sec so far
Iteration 72792: max relative diff=0.000217, 329.69 sec so far
Iteration 73883: max relative diff=0.000185, 334.70 sec so far
Iteration 75015: max relative diff=0.000158, 339.70 sec so far
Iteration 76127: max relative diff=0.000134, 344.70 sec so far
Iteration 77229: max relative diff=0.000115, 349.71 sec so far
Iteration 78367: max relative diff=0.000097, 354.71 sec so far
Iteration 79463: max relative diff=0.000083, 359.71 sec so far
Iteration 80580: max relative diff=0.000071, 364.71 sec so far
Iteration 81706: max relative diff=0.000060, 369.71 sec so far
Iteration 82777: max relative diff=0.000052, 374.72 sec so far
Iteration 83659: max relative diff=0.000045, 379.72 sec so far
Iteration 84676: max relative diff=0.000039, 384.72 sec so far
Iteration 85803: max relative diff=0.000033, 389.73 sec so far
Iteration 86897: max relative diff=0.000029, 394.73 sec so far
Iteration 88032: max relative diff=0.000024, 399.73 sec so far
Iteration 89144: max relative diff=0.000021, 404.73 sec so far
Iteration 90247: max relative diff=0.000018, 409.74 sec so far
Iteration 91384: max relative diff=0.000015, 414.74 sec so far
Iteration 92481: max relative diff=0.000013, 419.74 sec so far
Iteration 93598: max relative diff=0.000011, 424.75 sec so far
Iteration 94727: max relative diff=0.000009, 429.75 sec so far
Iteration 95820: max relative diff=0.000008, 434.75 sec so far
Iteration 96954: max relative diff=0.000007, 439.75 sec so far
Iteration 98067: max relative diff=0.000006, 444.76 sec so far
Iteration 99170: max relative diff=0.000005, 449.76 sec so far
Iteration 100308: max relative diff=0.000004, 454.76 sec so far
Iteration 101404: max relative diff=0.000004, 459.76 sec so far
Iteration 102524: max relative diff=0.000003, 464.77 sec so far
Iteration 103452: max relative diff=0.000003, 469.77 sec so far
Iteration 104416: max relative diff=0.000002, 474.78 sec so far
Iteration 105514: max relative diff=0.000002, 479.78 sec so far
Iteration 106631: max relative diff=0.000002, 484.78 sec so far
Iteration 107758: max relative diff=0.000001, 489.79 sec so far
Iteration 108848: max relative diff=0.000001, 494.79 sec so far
Iteration 109980: max relative diff=0.000001, 499.80 sec so far

First round (updates from below) finished after 110210 iters.
Correctness of the approximated above vector satisfied after 1 iterations.
Iteration 111033: max relative diff=0.603593, 504.80 sec so far
Iteration 112057: max relative diff=0.562902, 509.80 sec so far
Iteration 113116: max relative diff=0.496030, 514.80 sec so far
Iteration 114138: max relative diff=0.431461, 519.81 sec so far
Iteration 115176: max relative diff=0.372517, 524.81 sec so far
Iteration 116230: max relative diff=0.320372, 529.81 sec so far
Iteration 117250: max relative diff=0.276737, 534.82 sec so far
Iteration 118305: max relative diff=0.237812, 539.82 sec so far
Iteration 119342: max relative diff=0.204882, 544.83 sec so far
Iteration 120364: max relative diff=0.176890, 549.83 sec so far
Iteration 121189: max relative diff=0.157109, 554.83 sec so far
Iteration 122119: max relative diff=0.137449, 559.84 sec so far
Iteration 123156: max relative diff=0.118414, 564.84 sec so far
Iteration 124178: max relative diff=0.102235, 569.84 sec so far
Iteration 125237: max relative diff=0.087799, 574.84 sec so far
Iteration 126259: max relative diff=0.075803, 579.84 sec so far
Iteration 127298: max relative diff=0.065286, 584.85 sec so far
Iteration 128350: max relative diff=0.056124, 589.85 sec so far
Iteration 129364: max relative diff=0.048512, 594.85 sec so far
Iteration 130417: max relative diff=0.041697, 599.85 sec so far
Iteration 131458: max relative diff=0.035902, 604.86 sec so far
Iteration 132480: max relative diff=0.030997, 609.86 sec so far
Iteration 133303: max relative diff=0.027538, 614.86 sec so far
Iteration 134234: max relative diff=0.024089, 619.86 sec so far
Iteration 135273: max relative diff=0.020747, 624.87 sec so far
Iteration 136295: max relative diff=0.017912, 629.87 sec so far
Iteration 137355: max relative diff=0.015381, 634.87 sec so far
Iteration 138379: max relative diff=0.013275, 639.88 sec so far
Iteration 139419: max relative diff=0.011432, 644.88 sec so far
Iteration 140471: max relative diff=0.009828, 649.88 sec so far
Iteration 141485: max relative diff=0.008495, 654.89 sec so far
Iteration 142539: max relative diff=0.007300, 659.89 sec so far
Iteration 143576: max relative diff=0.006289, 664.89 sec so far
Iteration 144596: max relative diff=0.005432, 669.89 sec so far
Iteration 145653: max relative diff=0.004666, 674.89 sec so far
Iteration 146679: max relative diff=0.004026, 679.90 sec so far
Iteration 147719: max relative diff=0.003467, 684.90 sec so far
Iteration 148775: max relative diff=0.002979, 689.90 sec so far
Iteration 149791: max relative diff=0.002574, 694.91 sec so far
Iteration 150841: max relative diff=0.002213, 699.91 sec so far
Iteration 151736: max relative diff=0.001946, 704.92 sec so far
Iteration 152605: max relative diff=0.001718, 709.92 sec so far
Iteration 153603: max relative diff=0.001488, 714.92 sec so far
Iteration 154654: max relative diff=0.001279, 719.93 sec so far
Iteration 155692: max relative diff=0.001102, 724.93 sec so far
Iteration 156712: max relative diff=0.000952, 729.93 sec so far
Iteration 157772: max relative diff=0.000817, 734.94 sec so far
Iteration 158794: max relative diff=0.000706, 739.94 sec so far
Iteration 159831: max relative diff=0.000608, 744.94 sec so far
Iteration 160886: max relative diff=0.000522, 749.95 sec so far
Iteration 161901: max relative diff=0.000451, 754.95 sec so far
Iteration 162952: max relative diff=0.000388, 759.96 sec so far
Iteration 163845: max relative diff=0.000341, 764.96 sec so far
Iteration 164717: max relative diff=0.000301, 769.96 sec so far
Iteration 165722: max relative diff=0.000261, 774.96 sec so far
Iteration 166774: max relative diff=0.000224, 779.97 sec so far
Iteration 167812: max relative diff=0.000193, 784.97 sec so far
Iteration 168832: max relative diff=0.000167, 789.97 sec so far
Iteration 169893: max relative diff=0.000143, 794.98 sec so far
Iteration 170919: max relative diff=0.000123, 799.98 sec so far
Iteration 171956: max relative diff=0.000106, 804.98 sec so far
Iteration 173011: max relative diff=0.000091, 809.99 sec so far
Iteration 174026: max relative diff=0.000079, 814.99 sec so far
Iteration 175075: max relative diff=0.000068, 819.99 sec so far
Iteration 176117: max relative diff=0.000058, 824.99 sec so far
Iteration 177137: max relative diff=0.000051, 830.00 sec so far
Iteration 178197: max relative diff=0.000043, 835.00 sec so far
Iteration 179223: max relative diff=0.000037, 840.00 sec so far
Iteration 180257: max relative diff=0.000032, 845.01 sec so far
Iteration 181311: max relative diff=0.000028, 850.01 sec so far
Iteration 182325: max relative diff=0.000024, 855.01 sec so far
Iteration 183375: max relative diff=0.000021, 860.02 sec so far
Iteration 184418: max relative diff=0.000018, 865.02 sec so far
Iteration 185438: max relative diff=0.000015, 870.02 sec so far
Iteration 186497: max relative diff=0.000013, 875.03 sec so far
Iteration 187524: max relative diff=0.000011, 880.03 sec so far
Iteration 188560: max relative diff=0.000010, 885.03 sec so far
Iteration 189615: max relative diff=0.000008, 890.04 sec so far
Iteration 190588: max relative diff=0.000007, 895.04 sec so far
Iteration 191421: max relative diff=0.000006, 900.04 sec so far
Iteration 192375: max relative diff=0.000006, 905.05 sec so far
Iteration 193430: max relative diff=0.000005, 910.05 sec so far
Iteration 194444: max relative diff=0.000004, 915.06 sec so far
Iteration 195493: max relative diff=0.000004, 920.06 sec so far
Iteration 196534: max relative diff=0.000003, 925.07 sec so far
Iteration 197552: max relative diff=0.000003, 930.07 sec so far
Iteration 198612: max relative diff=0.000002, 935.07 sec so far
Iteration 199639: max relative diff=0.000002, 940.07 sec so far
Iteration 200673: max relative diff=0.000002, 945.08 sec so far
Iteration 201733: max relative diff=0.000001, 950.08 sec so far
Iteration 202748: max relative diff=0.000001, 955.08 sec so far
Iteration 203796: max relative diff=0.000001, 960.08 sec so far

Second round (updates from above) finished after 204424 iters.
Update from both sides... 
Iteration 204791: max relative diff=0.013194, 965.09 sec so far
Iteration 205698: max relative diff=0.011581, 970.09 sec so far
Iteration 206640: max relative diff=0.010115, 975.09 sec so far
Iteration 207555: max relative diff=0.008868, 980.09 sec so far
Iteration 208475: max relative diff=0.007769, 985.10 sec so far
Iteration 209416: max relative diff=0.006786, 990.10 sec so far
Iteration 210322: max relative diff=0.005958, 995.10 sec so far
Iteration 211254: max relative diff=0.005210, 1000.10 sec so far
Iteration 212183: max relative diff=0.004559, 1005.11 sec so far
Iteration 213090: max relative diff=0.004002, 1010.11 sec so far
Iteration 214034: max relative diff=0.003494, 1015.11 sec so far
Iteration 214952: max relative diff=0.003062, 1020.11 sec so far
Iteration 215873: max relative diff=0.002682, 1025.12 sec so far
Iteration 216812: max relative diff=0.002343, 1030.12 sec so far
Iteration 217717: max relative diff=0.002058, 1035.12 sec so far
Iteration 218648: max relative diff=0.001800, 1040.12 sec so far
Iteration 219577: max relative diff=0.001575, 1045.13 sec so far
Iteration 220485: max relative diff=0.001382, 1050.13 sec so far
Iteration 221427: max relative diff=0.001207, 1055.13 sec so far
Iteration 222344: max relative diff=0.001058, 1060.14 sec so far
Iteration 223262: max relative diff=0.000927, 1065.14 sec so far
Iteration 224202: max relative diff=0.000810, 1070.14 sec so far
Iteration 225108: max relative diff=0.000711, 1075.15 sec so far
Iteration 226040: max relative diff=0.000622, 1080.15 sec so far
Iteration 226969: max relative diff=0.000544, 1085.15 sec so far
Iteration 227874: max relative diff=0.000478, 1090.16 sec so far
Iteration 228814: max relative diff=0.000417, 1095.16 sec so far
Iteration 229731: max relative diff=0.000366, 1100.16 sec so far
Iteration 230649: max relative diff=0.000321, 1105.17 sec so far
Iteration 231591: max relative diff=0.000280, 1110.17 sec so far
Iteration 232497: max relative diff=0.000246, 1115.17 sec so far
Iteration 233427: max relative diff=0.000215, 1120.18 sec so far
Iteration 234349: max relative diff=0.000188, 1125.18 sec so far
Iteration 235254: max relative diff=0.000165, 1130.19 sec so far
Iteration 236196: max relative diff=0.000144, 1135.19 sec so far
Iteration 237113: max relative diff=0.000127, 1140.19 sec so far
Iteration 238031: max relative diff=0.000111, 1145.20 sec so far
Iteration 238972: max relative diff=0.000097, 1150.20 sec so far
Iteration 239875: max relative diff=0.000085, 1155.20 sec so far
Iteration 240804: max relative diff=0.000074, 1160.21 sec so far
Iteration 241734: max relative diff=0.000065, 1165.21 sec so far
Iteration 242641: max relative diff=0.000057, 1170.21 sec so far
Iteration 243584: max relative diff=0.000050, 1175.22 sec so far
Iteration 244501: max relative diff=0.000044, 1180.23 sec so far
Iteration 245420: max relative diff=0.000038, 1185.23 sec so far
Iteration 246363: max relative diff=0.000033, 1190.23 sec so far
Iteration 247268: max relative diff=0.000029, 1195.23 sec so far
Iteration 248198: max relative diff=0.000026, 1200.24 sec so far
Iteration 249128: max relative diff=0.000023, 1205.24 sec so far
Iteration 250033: max relative diff=0.000020, 1210.24 sec so far
Iteration 250973: max relative diff=0.000017, 1215.25 sec so far
Iteration 251891: max relative diff=0.000015, 1220.25 sec so far
Iteration 252807: max relative diff=0.000013, 1225.25 sec so far
Iteration 253749: max relative diff=0.000012, 1230.25 sec so far
Iteration 254654: max relative diff=0.000010, 1235.26 sec so far
Iteration 255584: max relative diff=0.000009, 1240.26 sec so far
Iteration 256515: max relative diff=0.000008, 1245.26 sec so far
Iteration 257421: max relative diff=0.000007, 1250.27 sec so far
Iteration 258362: max relative diff=0.000006, 1255.27 sec so far
Iteration 259280: max relative diff=0.000005, 1260.27 sec so far
Iteration 260197: max relative diff=0.000005, 1265.28 sec so far
Iteration 261141: max relative diff=0.000004, 1270.28 sec so far
Iteration 262045: max relative diff=0.000004, 1275.29 sec so far
Iteration 262975: max relative diff=0.000003, 1280.29 sec so far
Iteration 263757: max relative diff=0.000003, 1285.29 sec so far
Iteration 264546: max relative diff=0.000002, 1290.30 sec so far
Iteration 265452: max relative diff=0.000002, 1295.30 sec so far
Iteration 266383: max relative diff=0.000002, 1300.31 sec so far
Iteration 267314: max relative diff=0.000002, 1305.31 sec so far
Iteration 268218: max relative diff=0.000001, 1310.31 sec so far
Iteration 269160: max relative diff=0.000001, 1315.32 sec so far
Iteration 270080: max relative diff=0.000001, 1320.32 sec so far
Max relative diff between upper and lower bound on convergence: 9.88131E-324

Number of iterations for the lower bound = 176630

Iterative method: 270844 iterations in 1324.48 seconds (average 0.004890, setup 0.19)
Maximum finite value in solution vector at end of interval iteration: 51491.00000000057

Value in the initial state: 51483.00000000057

Time for model checking: 1327.241 seconds.

Result: 51483.00000000057 (value in the initial state)

---------------------------------------------------------------------

Note: There were 2 warnings during computation.

