PRISM
=====

Version: 4.4
Date: Mon Feb 15 22:46:42 IRST 2021
Hostname: sadegh-H81M-S2PH
Memory limits: cudd=1g, java(heap)=910.5m
Command line: prism ../../examples/mdps/consensus/coin4.nm ../../examples/mdps/consensus/steps_max.pctl -s '-ii:upper=1.2e+12' -const K=30 -maxiters 9000300 -improvedmpi

Parsing model file "../../examples/mdps/consensus/coin4.nm"...

Parsing properties file "../../examples/mdps/consensus/steps_max.pctl"...

1 property:
(1) "steps_max": R{"steps"}max=? [ F "finished" ]

Type:        MDP
Modules:     process1 process2 process3 process4 
Variables:   counter pc1 coin1 pc2 coin2 pc3 coin3 pc4 coin4 

---------------------------------------------------------------------

Model checking: "steps_max": R{"steps"}max=? [ F "finished" ]
Model constants: K=30

Warning: Not Switching to explicit engine, We implemented the emthods for sparse engine.

Building model...
Model constants: K=30

Computing reachable states...

Reachability (BFS): 1443 iterations in 0.15 seconds (average 0.000103, setup 0.00)

Time for model construction: 0.285 seconds.

Type:        MDP
States:      309376 (1 initial)
Transitions: 1042912
Choices:     834688

Transition matrix: 2436 nodes (3 terminal), 1042912 minterms, vars: 20r/20c/4nd

Prob0E: 378 iterations in 0.22 seconds (average 0.000585, setup 0.00)

Prob1A: 1 iterations in 0.00 seconds (average 0.001000, setup 0.00)

goal = 64, inf = 0, maybe = 309312

Warning: Upper bound for interval iteration manually set to 1.2E12

Computing remaining rewards...
 9
Building sparse matrix (transitions)... [n=309376, nc=834624, nnz=1042848, k=4] [16.3 MB]
Building sparse matrix (transition rewards)... [n=309376, nc=834624, nnz=0, k=4] [4.4 MB]
Creating vector for state rewards... [2.4 MB]
Creating vector for inf... [2.4 MB]
Creating vector for lower bounds... [2.4 MB]
Creating vector for upper bounds... [2.4 MB]
Allocating iteration vectors... [4 x 2.4 MB]
Allocating adversary vector... [1.2 MB]
TOTAL: [40.7 MB]

Starting iterations (interval iteration)...

 Time for pre-computation: 0.439000 Iteration 1872: max relative diff=5.481721, 4.60 sec so far
Iteration 3926: max relative diff=4.022075, 9.63 sec so far
Iteration 5954: max relative diff=2.894403, 14.64 sec so far
Iteration 7930: max relative diff=2.097279, 19.67 sec so far
Iteration 9932: max relative diff=1.513085, 24.71 sec so far
Iteration 11960: max relative diff=1.086989, 29.75 sec so far
Iteration 13936: max relative diff=0.787535, 34.80 sec so far
Iteration 15990: max relative diff=0.563365, 39.83 sec so far
Iteration 18044: max relative diff=0.403005, 44.87 sec so far
Iteration 20020: max relative diff=0.291981, 49.91 sec so far
Iteration 22048: max relative diff=0.209757, 54.93 sec so far
Iteration 24024: max relative diff=0.151971, 59.94 sec so far
Iteration 26078: max relative diff=0.108713, 64.97 sec so far
Iteration 28132: max relative diff=0.077768, 70.01 sec so far
Iteration 30108: max relative diff=0.056344, 75.06 sec so far
Iteration 32136: max relative diff=0.040477, 80.13 sec so far
Iteration 34138: max relative diff=0.029202, 85.14 sec so far
Iteration 36192: max relative diff=0.020890, 90.17 sec so far
Iteration 38220: max relative diff=0.015007, 95.19 sec so far
Iteration 40196: max relative diff=0.010873, 100.19 sec so far
Iteration 42198: max relative diff=0.007844, 105.25 sec so far
Iteration 44226: max relative diff=0.005635, 110.27 sec so far
Iteration 46202: max relative diff=0.004083, 115.31 sec so far
Iteration 48204: max relative diff=0.002945, 120.33 sec so far
Iteration 50206: max relative diff=0.002125, 125.34 sec so far
Iteration 52182: max relative diff=0.001540, 130.40 sec so far
Iteration 54236: max relative diff=0.001101, 135.45 sec so far
Iteration 56290: max relative diff=0.000788, 140.49 sec so far
Iteration 58266: max relative diff=0.000571, 145.52 sec so far
Iteration 60294: max relative diff=0.000410, 150.56 sec so far
Iteration 62270: max relative diff=0.000297, 155.60 sec so far
Iteration 64272: max relative diff=0.000214, 160.64 sec so far
Iteration 66274: max relative diff=0.000155, 165.65 sec so far
Iteration 68328: max relative diff=0.000111, 170.68 sec so far
Iteration 70356: max relative diff=0.000079, 175.74 sec so far
Iteration 72358: max relative diff=0.000057, 180.79 sec so far
Iteration 74334: max relative diff=0.000042, 185.83 sec so far
Iteration 76362: max relative diff=0.000030, 190.86 sec so far
Iteration 78338: max relative diff=0.000022, 195.90 sec so far
Iteration 80392: max relative diff=0.000015, 200.94 sec so far
Iteration 82446: max relative diff=0.000011, 205.98 sec so far
Iteration 84396: max relative diff=0.000008, 210.99 sec so far
Iteration 86398: max relative diff=0.000006, 215.99 sec so far
Iteration 88400: max relative diff=0.000004, 221.02 sec so far
Iteration 90376: max relative diff=0.000003, 226.07 sec so far
Iteration 92404: max relative diff=0.000002, 231.10 sec so far
Iteration 94380: max relative diff=0.000002, 236.12 sec so far
Iteration 96382: max relative diff=0.000001, 241.18 sec so far

First round (updates from below) finished after 97161 iters.
Correctness of the approximated above vector satisfied after 1 iterations.
Iteration 97861: max relative diff=0.604400, 246.18 sec so far
Iteration 98955: max relative diff=0.551782, 251.18 sec so far
Iteration 100080: max relative diff=0.469774, 256.18 sec so far
Iteration 101201: max relative diff=0.393327, 261.19 sec so far
Iteration 102295: max relative diff=0.329460, 266.19 sec so far
Iteration 103437: max relative diff=0.273567, 271.19 sec so far
Iteration 104546: max relative diff=0.228330, 276.19 sec so far
Iteration 105656: max relative diff=0.190533, 281.20 sec so far
Iteration 106558: max relative diff=0.164475, 286.20 sec so far
Iteration 107542: max relative diff=0.140095, 291.20 sec so far
Iteration 108648: max relative diff=0.116979, 296.20 sec so far
Iteration 109757: max relative diff=0.097629, 301.21 sec so far
Iteration 110896: max relative diff=0.081082, 306.21 sec so far
Iteration 111988: max relative diff=0.067858, 311.21 sec so far
Iteration 113111: max relative diff=0.056504, 316.21 sec so far
Iteration 114233: max relative diff=0.047058, 321.22 sec so far
Iteration 115325: max relative diff=0.039383, 326.22 sec so far
Iteration 116464: max relative diff=0.032708, 331.22 sec so far
Iteration 117455: max relative diff=0.027828, 336.22 sec so far
Iteration 118373: max relative diff=0.023959, 341.23 sec so far
Iteration 119423: max relative diff=0.020190, 346.23 sec so far
Iteration 120562: max relative diff=0.016768, 351.23 sec so far
Iteration 121670: max relative diff=0.013996, 356.23 sec so far
Iteration 122779: max relative diff=0.011681, 361.24 sec so far
Iteration 123918: max relative diff=0.009701, 366.24 sec so far
Iteration 125009: max relative diff=0.008120, 371.24 sec so far
Iteration 126133: max relative diff=0.006761, 376.25 sec so far
Iteration 127257: max relative diff=0.005629, 381.25 sec so far
Iteration 128350: max relative diff=0.004710, 386.25 sec so far
Iteration 129226: max relative diff=0.004083, 391.26 sec so far
Iteration 130233: max relative diff=0.003465, 396.26 sec so far
Iteration 131359: max relative diff=0.002884, 401.27 sec so far
Iteration 132451: max relative diff=0.002413, 406.27 sec so far
Iteration 133589: max relative diff=0.002005, 411.27 sec so far
Iteration 134697: max relative diff=0.001673, 416.27 sec so far
Iteration 135804: max relative diff=0.001397, 421.28 sec so far
Iteration 136702: max relative diff=0.001207, 426.28 sec so far
Iteration 137689: max relative diff=0.001027, 431.29 sec so far
Iteration 138795: max relative diff=0.000858, 436.29 sec so far
Iteration 139903: max relative diff=0.000716, 441.29 sec so far
Iteration 141041: max relative diff=0.000595, 446.30 sec so far
Iteration 142135: max relative diff=0.000498, 451.30 sec so far
Iteration 143256: max relative diff=0.000414, 456.30 sec so far
Iteration 144201: max relative diff=0.000355, 461.30 sec so far
Iteration 145144: max relative diff=0.000305, 466.31 sec so far
Iteration 146237: max relative diff=0.000255, 471.31 sec so far
Iteration 147361: max relative diff=0.000212, 476.31 sec so far
Iteration 148483: max relative diff=0.000177, 481.32 sec so far
Iteration 149574: max relative diff=0.000148, 486.32 sec so far
Iteration 150715: max relative diff=0.000123, 491.32 sec so far
Iteration 151695: max relative diff=0.000105, 496.32 sec so far
Iteration 152617: max relative diff=0.000090, 501.33 sec so far
Iteration 153673: max relative diff=0.000076, 506.33 sec so far
Iteration 154810: max relative diff=0.000063, 511.33 sec so far
Iteration 155919: max relative diff=0.000053, 516.34 sec so far
Iteration 157027: max relative diff=0.000044, 521.34 sec so far
Iteration 158165: max relative diff=0.000036, 526.34 sec so far
Iteration 159257: max relative diff=0.000031, 531.35 sec so far
Iteration 160378: max relative diff=0.000025, 536.35 sec so far
Iteration 161502: max relative diff=0.000021, 541.35 sec so far
Iteration 162596: max relative diff=0.000018, 546.35 sec so far
Iteration 163735: max relative diff=0.000015, 551.36 sec so far
Iteration 164717: max relative diff=0.000013, 556.36 sec so far
Iteration 165640: max relative diff=0.000011, 561.36 sec so far
Iteration 166698: max relative diff=0.000009, 566.37 sec so far
Iteration 167834: max relative diff=0.000008, 571.37 sec so far
Iteration 168943: max relative diff=0.000006, 576.37 sec so far
Iteration 170049: max relative diff=0.000005, 581.37 sec so far
Iteration 171190: max relative diff=0.000004, 586.38 sec so far
Iteration 172284: max relative diff=0.000004, 591.38 sec so far
Iteration 173404: max relative diff=0.000003, 596.39 sec so far
Iteration 174341: max relative diff=0.000003, 601.39 sec so far
Iteration 175294: max relative diff=0.000002, 606.40 sec so far
Iteration 176389: max relative diff=0.000002, 611.40 sec so far
Iteration 177507: max relative diff=0.000002, 616.40 sec so far
Iteration 178634: max relative diff=0.000001, 621.41 sec so far
Iteration 179726: max relative diff=0.000001, 626.41 sec so far

Second round (updates from above) finished after 180222 iters.
Update from both sides... 
Iteration 180768: max relative diff=0.011217, 631.41 sec so far
Iteration 181716: max relative diff=0.009610, 636.42 sec so far
Iteration 182660: max relative diff=0.008239, 641.42 sec so far
Iteration 183632: max relative diff=0.007031, 646.42 sec so far
Iteration 184567: max relative diff=0.006037, 651.43 sec so far
Iteration 185526: max relative diff=0.005163, 656.43 sec so far
Iteration 186489: max relative diff=0.004413, 661.43 sec so far
Iteration 187420: max relative diff=0.003791, 666.44 sec so far
Iteration 188391: max relative diff=0.003236, 671.44 sec so far
Iteration 189339: max relative diff=0.002773, 676.45 sec so far
Iteration 190282: max relative diff=0.002377, 681.45 sec so far
Iteration 191254: max relative diff=0.002029, 686.45 sec so far
Iteration 192189: max relative diff=0.001742, 691.46 sec so far
Iteration 193144: max relative diff=0.001491, 696.46 sec so far
Iteration 194106: max relative diff=0.001274, 701.46 sec so far
Iteration 195039: max relative diff=0.001094, 706.47 sec so far
Iteration 196009: max relative diff=0.000934, 711.47 sec so far
Iteration 196959: max relative diff=0.000800, 716.47 sec so far
Iteration 197901: max relative diff=0.000686, 721.48 sec so far
Iteration 198665: max relative diff=0.000606, 726.48 sec so far
Iteration 199516: max relative diff=0.000527, 731.48 sec so far
Iteration 200463: max relative diff=0.000452, 736.49 sec so far
Iteration 201409: max relative diff=0.000387, 741.49 sec so far
Iteration 202383: max relative diff=0.000330, 746.50 sec so far
Iteration 203321: max relative diff=0.000284, 751.50 sec so far
Iteration 204275: max relative diff=0.000243, 756.50 sec so far
Iteration 205238: max relative diff=0.000207, 761.50 sec so far
Iteration 206170: max relative diff=0.000178, 766.50 sec so far
Iteration 207139: max relative diff=0.000152, 771.51 sec so far
Iteration 208089: max relative diff=0.000130, 776.51 sec so far
Iteration 209031: max relative diff=0.000112, 781.52 sec so far
Iteration 209793: max relative diff=0.000099, 786.52 sec so far
Iteration 210645: max relative diff=0.000086, 791.52 sec so far
Iteration 211595: max relative diff=0.000074, 796.53 sec so far
Iteration 212535: max relative diff=0.000063, 801.53 sec so far
Iteration 213507: max relative diff=0.000054, 806.54 sec so far
Iteration 214444: max relative diff=0.000046, 811.54 sec so far
Iteration 215399: max relative diff=0.000040, 816.54 sec so far
Iteration 216365: max relative diff=0.000034, 821.54 sec so far
Iteration 217297: max relative diff=0.000029, 826.55 sec so far
Iteration 218264: max relative diff=0.000025, 831.55 sec so far
Iteration 219214: max relative diff=0.000021, 836.55 sec so far
Iteration 220157: max relative diff=0.000018, 841.56 sec so far
Iteration 221129: max relative diff=0.000016, 846.56 sec so far
Iteration 222068: max relative diff=0.000013, 851.57 sec so far
Iteration 223022: max relative diff=0.000011, 856.57 sec so far
Iteration 223987: max relative diff=0.000010, 861.57 sec so far
Iteration 224919: max relative diff=0.000008, 866.57 sec so far
Iteration 225884: max relative diff=0.000007, 871.58 sec so far
Iteration 226833: max relative diff=0.000006, 876.58 sec so far
Iteration 227774: max relative diff=0.000005, 881.58 sec so far
Iteration 228534: max relative diff=0.000005, 886.58 sec so far
Iteration 229389: max relative diff=0.000004, 891.59 sec so far
Iteration 230341: max relative diff=0.000003, 896.59 sec so far
Iteration 231327: max relative diff=0.000003, 901.60 sec so far
Iteration 232306: max relative diff=0.000003, 906.60 sec so far
Iteration 233245: max relative diff=0.000002, 911.60 sec so far
Iteration 234197: max relative diff=0.000002, 916.61 sec so far
Iteration 235164: max relative diff=0.000002, 921.61 sec so far
Iteration 236095: max relative diff=0.000001, 926.62 sec so far
Iteration 237064: max relative diff=0.000001, 931.62 sec so far
Max relative diff between upper and lower bound on convergence: 4.94066E-324
Iterative method: 237986 iterations in 936.47 seconds (average 0.003935, setup 0.17)
Maximum finite value in solution vector at end of interval iteration: 45395.00000000067

Value in the initial state: 45387.00000000067

Time for model checking: 938.244 seconds.

Result: 45387.00000000067 (value in the initial state)

---------------------------------------------------------------------

Note: There were 2 warnings during computation.

