PRISM
=====

Version: 4.4
Date: Mon Feb 15 17:56:56 IRST 2021
Hostname: sadegh-H81M-S2PH
Memory limits: cudd=1g, java(heap)=910.5m
Command line: prism ../../examples/mdps/consensus/coin4.nm ../../examples/mdps/consensus/steps_max.pctl -s '-ii:upper=1.2e+12' -const K=28 -maxiters 9000300 -asynchii

Parsing model file "../../examples/mdps/consensus/coin4.nm"...

Parsing properties file "../../examples/mdps/consensus/steps_max.pctl"...

1 property:
(1) "steps_max": R{"steps"}max=? [ F "finished" ]

Type:        MDP
Modules:     process1 process2 process3 process4 
Variables:   counter pc1 coin1 pc2 coin2 pc3 coin3 pc4 coin4 

---------------------------------------------------------------------

Model checking: "steps_max": R{"steps"}max=? [ F "finished" ]
Model constants: K=28

Warning: Not Switching to explicit engine, We implemented the emthods for sparse engine.

Building model...
Model constants: K=28

Computing reachable states...

Reachability (BFS): 1347 iterations in 0.15 seconds (average 0.000111, setup 0.00)

Time for model construction: 0.288 seconds.

Type:        MDP
States:      288896 (1 initial)
Transitions: 973792
Choices:     779392

Transition matrix: 2436 nodes (3 terminal), 973792 minterms, vars: 20r/20c/4nd

Prob0E: 354 iterations in 0.23 seconds (average 0.000641, setup 0.00)

Prob1A: 1 iterations in 0.00 seconds (average 0.000000, setup 0.00)

goal = 64, inf = 0, maybe = 288832

Warning: Upper bound for interval iteration manually set to 1.2E12

Computing remaining rewards...
 8
Building sparse matrix (transitions)... [n=288896, nc=779328, nnz=973728, k=4] [15.2 MB]
Building sparse matrix (transition rewards)... [n=288896, nc=779328, nnz=0, k=4] [4.1 MB]
Creating vector for state rewards... [2.2 MB]
Creating vector for inf... [2.2 MB]
Creating vector for lower bounds... [2.2 MB]
Creating vector for upper bounds... [2.2 MB]
Allocating iteration vectors... [4 x 2.2 MB]
TOTAL: [36.9 MB]

Starting iterations (interval iteration)...

 Time for pre-computation	: 0.006000 
		 >> 288832 after 0 iters << 
Iteration 998: max relative diff=1172492824342.220215, 5.00 sec so far
Iteration 1980: max relative diff=1032020450947.443848, 10.00 sec so far
Iteration 2987: max relative diff=866532531804.811768, 15.01 sec so far
Iteration 3964: max relative diff=724252758921.636353, 20.01 sec so far
Iteration 4960: max relative diff=601875611653.440674, 25.02 sec so far
Iteration 5960: max relative diff=499543724517.339722, 30.02 sec so far
Iteration 6934: max relative diff=416576327344.648132, 35.02 sec so far
Iteration 7942: max relative diff=345183763401.065979, 40.03 sec so far
Iteration 8930: max relative diff=287093507427.688110, 45.03 sec so far
Iteration 9914: max relative diff=238957012544.426758, 50.03 sec so far
Iteration 10922: max relative diff=198003131666.344177, 55.04 sec so far
Iteration 11896: max relative diff=165111871672.630096, 60.04 sec so far
Iteration 12889: max relative diff=137197293087.544617, 65.04 sec so far
Iteration 13886: max relative diff=113917065418.005173, 70.04 sec so far
Iteration 14860: max relative diff=94993750282.651520, 75.05 sec so far
Iteration 15867: max relative diff=78727832189.618958, 80.05 sec so far
Iteration 16855: max relative diff=65478776396.152122, 85.05 sec so far
Iteration 17838: max relative diff=54510206184.823227, 90.06 sec so far
Iteration 18847: max relative diff=45159498726.656128, 95.06 sec so far
Iteration 19822: max relative diff=37650816912.616302, 100.06 sec so far
Iteration 20816: max relative diff=31279565797.736202, 105.06 sec so far
Iteration 21818: max relative diff=25947710859.489677, 110.07 sec so far
Iteration 22791: max relative diff=21641452033.808487, 115.07 sec so far
Iteration 23796: max relative diff=17942451543.266815, 120.07 sec so far
Iteration 24782: max relative diff=14928500711.623543, 125.08 sec so far
Iteration 25762: max relative diff=12434738041.665436, 130.08 sec so far
Iteration 26770: max relative diff=10303603768.179779, 135.09 sec so far
Iteration 27750: max relative diff=8582418747.750767, 140.09 sec so far
Iteration 28747: max relative diff=7126123266.354084, 145.09 sec so far
Iteration 29746: max relative diff=5914731651.315151, 150.09 sec so far
Iteration 30720: max relative diff=4932213192.181079, 155.10 sec so far
Iteration 31724: max relative diff=4089957366.218397, 160.10 sec so far
Iteration 32712: max relative diff=3401667422.646348, 165.10 sec so far
Iteration 33695: max relative diff=2831848962.447259, 170.11 sec so far
Iteration 34702: max relative diff=2346953932.316789, 175.11 sec so far
Iteration 35679: max relative diff=1956001787.315668, 180.12 sec so far
Iteration 36670: max relative diff=1625924044.146529, 185.12 sec so far
Iteration 37670: max relative diff=1349281748.953239, 190.12 sec so far
Iteration 38645: max relative diff=1124942712.529602, 195.13 sec so far
Iteration 39650: max relative diff=932671668.963087, 200.13 sec so far
Iteration 40639: max relative diff=775574896.654994, 205.13 sec so far
Iteration 41619: max relative diff=646023644.550885, 210.14 sec so far
Iteration 42626: max relative diff=535410820.730170, 215.15 sec so far
Iteration 43604: max relative diff=446144760.407002, 220.15 sec so far
Iteration 44597: max relative diff=370724143.812310, 225.16 sec so far
Iteration 45597: max relative diff=307652619.608316, 230.16 sec so far
Iteration 46569: max relative diff=256649226.236435, 235.16 sec so far
Iteration 47574: max relative diff=212788922.982500, 240.16 sec so far
Iteration 48563: max relative diff=176952470.723044, 245.17 sec so far
Iteration 49542: max relative diff=147427107.777673, 250.17 sec so far
Iteration 50549: max relative diff=122189730.162091, 255.17 sec so far
Iteration 51527: max relative diff=101822821.563115, 260.18 sec so far
Iteration 52518: max relative diff=84646437.810210, 265.18 sec so far
Iteration 53520: max relative diff=70224510.143168, 270.18 sec so far
Iteration 54496: max relative diff=58543933.771061, 275.19 sec so far
Iteration 55498: max relative diff=48571394.641783, 280.19 sec so far
Iteration 56490: max relative diff=40373914.465696, 285.19 sec so far
Iteration 57471: max relative diff=33629911.165042, 290.19 sec so far
Iteration 58479: max relative diff=27873009.609981, 295.20 sec so far
Iteration 59457: max relative diff=23232166.760734, 300.20 sec so far
Iteration 60478: max relative diff=19210754.982142, 305.20 sec so far
Iteration 61496: max relative diff=15895496.017128, 310.20 sec so far
Iteration 62469: max relative diff=13264071.751322, 315.21 sec so far
Iteration 63471: max relative diff=11009861.053679, 320.21 sec so far
Iteration 64460: max relative diff=9161990.636497, 325.21 sec so far
Iteration 65442: max relative diff=7635294.008395, 330.22 sec so far
Iteration 66450: max relative diff=6333508.118430, 335.22 sec so far
Iteration 67428: max relative diff=5284092.268443, 340.22 sec so far
Iteration 68420: max relative diff=4398256.923448, 345.22 sec so far
Iteration 69421: max relative diff=3655972.385851, 350.22 sec so far
Iteration 70395: max relative diff=3055249.104342, 355.23 sec so far
Iteration 71396: max relative diff=2541683.594878, 360.23 sec so far
Iteration 72388: max relative diff=2119067.649186, 365.23 sec so far
Iteration 73367: max relative diff=1772030.876024, 370.24 sec so far
Iteration 74378: max relative diff=1474323.742595, 375.24 sec so far
Iteration 75359: max relative diff=1234443.921052, 380.24 sec so far
Iteration 76351: max relative diff=1032633.423611, 385.25 sec so far
Iteration 77353: max relative diff=863372.944310, 390.25 sec so far
Iteration 78326: max relative diff=726670.156768, 395.25 sec so far
Iteration 79329: max relative diff=609457.374566, 400.25 sec so far
Iteration 80320: max relative diff=513301.491053, 405.25 sec so far
Iteration 81300: max relative diff=434173.804436, 410.26 sec so far
Iteration 82238: max relative diff=370305.979566, 415.27 sec so far
Iteration 82773: max relative diff=335592.930758, 420.27 sec so far
Iteration 83315: max relative diff=303550.771752, 425.27 sec so far
Iteration 83864: max relative diff=274101.505900, 430.28 sec so far
Iteration 84396: max relative diff=248246.764892, 435.28 sec so far
Iteration 84946: max relative diff=224059.087040, 440.29 sec so far
Iteration 85490: max relative diff=202446.604213, 445.29 sec so far
Iteration 86025: max relative diff=183223.017078, 450.29 sec so far
Iteration 86578: max relative diff=165267.850953, 455.29 sec so far
Iteration 87114: max relative diff=149545.119495, 460.30 sec so far
Iteration 87656: max relative diff=135166.623632, 465.31 sec so far
Iteration 88111: max relative diff=124169.113745, 470.31 sec so far
Iteration 88590: max relative diff=113556.903633, 475.32 sec so far
Iteration 89127: max relative diff=102734.263741, 480.32 sec so far
Iteration 89670: max relative diff=92839.124865, 485.32 sec so far
Iteration 90220: max relative diff=83787.596418, 490.33 sec so far
Iteration 90752: max relative diff=75872.861389, 495.33 sec so far
Iteration 91301: max relative diff=68488.262763, 500.33 sec so far
Iteration 91844: max relative diff=61891.620048, 505.34 sec so far
Iteration 92380: max relative diff=56003.422359, 510.35 sec so far
Iteration 92932: max relative diff=50524.409411, 515.35 sec so far
Iteration 93469: max relative diff=45709.130468, 520.36 sec so far
Iteration 94010: max relative diff=41321.936328, 525.36 sec so far
Iteration 94560: max relative diff=37293.173967, 530.37 sec so far
Iteration 95093: max relative diff=33764.091673, 535.37 sec so far
Iteration 95642: max relative diff=30477.880095, 540.38 sec so far
Iteration 96186: max relative diff=27537.179374, 545.39 sec so far
Iteration 96721: max relative diff=24922.016115, 550.39 sec so far
Iteration 97275: max relative diff=22475.421545, 555.40 sec so far
Iteration 97813: max relative diff=20329.587092, 560.41 sec so far
Iteration 98354: max relative diff=18378.339191, 565.41 sec so far
Iteration 98905: max relative diff=16583.414020, 570.42 sec so far
Iteration 99437: max relative diff=15016.913176, 575.43 sec so far
Iteration 99985: max relative diff=13557.866645, 580.43 sec so far
Iteration 100529: max relative diff=12249.717002, 585.43 sec so far
Iteration 101064: max relative diff=11086.380366, 590.44 sec so far
Iteration 101617: max relative diff=9999.895258, 595.45 sec so far
Iteration 102156: max relative diff=9043.471221, 600.46 sec so far
Iteration 102697: max relative diff=8175.472572, 605.46 sec so far
Iteration 103248: max relative diff=7377.012970, 610.47 sec so far
Iteration 103781: max relative diff=6678.920457, 615.48 sec so far
Iteration 104328: max relative diff=6031.119895, 620.48 sec so far
Iteration 104873: max relative diff=5448.182635, 625.48 sec so far
Iteration 105406: max relative diff=4932.616849, 630.48 sec so far
Iteration 105958: max relative diff=4450.041498, 635.49 sec so far
Iteration 106495: max relative diff=4025.925888, 640.49 sec so far
Iteration 107035: max relative diff=3640.193615, 645.50 sec so far
Iteration 107486: max relative diff=3346.512136, 650.50 sec so far
Iteration 107969: max relative diff=3058.216650, 655.51 sec so far
Iteration 108506: max relative diff=2766.750286, 660.51 sec so far
Iteration 109065: max relative diff=2492.812570, 665.52 sec so far
Iteration 109624: max relative diff=2245.997603, 670.52 sec so far
Iteration 110156: max relative diff=2033.836399, 675.52 sec so far
Iteration 110703: max relative diff=1836.570934, 680.53 sec so far
Iteration 111247: max relative diff=1659.366832, 685.53 sec so far
Iteration 111781: max relative diff=1502.059469, 690.54 sec so far
Iteration 112334: max relative diff=1354.854957, 695.54 sec so far
Iteration 112871: max relative diff=1225.729165, 700.54 sec so far
Iteration 113412: max relative diff=1108.082831, 705.55 sec so far
Iteration 113964: max relative diff=999.675170, 710.56 sec so far
Iteration 114496: max relative diff=905.243953, 715.57 sec so far
Iteration 115042: max relative diff=817.595188, 720.57 sec so far
Iteration 115586: max relative diff=738.708379, 725.57 sec so far
Iteration 116118: max relative diff=668.928582, 730.58 sec so far
Iteration 116672: max relative diff=603.259858, 735.59 sec so far
Iteration 117209: max relative diff=545.765581, 740.59 sec so far
Iteration 117748: max relative diff=493.566704, 745.59 sec so far
Iteration 118299: max relative diff=445.362387, 750.60 sec so far
Iteration 118831: max relative diff=403.292610, 755.61 sec so far
Iteration 119377: max relative diff=364.244463, 760.61 sec so far
Iteration 119921: max relative diff=329.099830, 765.61 sec so far
Iteration 120454: max relative diff=297.956856, 770.62 sec so far
Iteration 120892: max relative diff=274.583436, 775.62 sec so far
Iteration 121388: max relative diff=250.320922, 780.63 sec so far
Iteration 121933: max relative diff=226.126180, 785.63 sec so far
Iteration 122491: max relative diff=203.775286, 790.64 sec so far
Iteration 123044: max relative diff=183.804944, 795.64 sec so far
Iteration 123582: max relative diff=166.256220, 800.65 sec so far
Iteration 124122: max relative diff=150.326869, 805.65 sec so far
Iteration 124674: max relative diff=135.619860, 810.66 sec so far
Iteration 125207: max relative diff=122.786047, 815.67 sec so far
Iteration 125754: max relative diff=110.876807, 820.68 sec so far
Iteration 126299: max relative diff=100.160021, 825.68 sec so far
Iteration 126832: max relative diff=90.681800, 830.69 sec so far
Iteration 127384: max relative diff=81.810079, 835.69 sec so far
Iteration 127923: max relative diff=73.985485, 840.70 sec so far
Iteration 128462: max relative diff=66.909262, 845.70 sec so far
Iteration 129013: max relative diff=60.374552, 850.71 sec so far
Iteration 129545: max relative diff=54.671457, 855.72 sec so far
Iteration 130092: max relative diff=49.368774, 860.72 sec so far
Iteration 130637: max relative diff=44.597040, 865.73 sec so far
Iteration 131170: max relative diff=40.376788, 870.73 sec so far
Iteration 131724: max relative diff=36.412998, 875.74 sec so far
Iteration 132263: max relative diff=32.930335, 880.75 sec so far
Iteration 132802: max relative diff=29.780766, 885.75 sec so far
Iteration 133354: max relative diff=26.867208, 890.75 sec so far
Iteration 133887: max relative diff=24.324744, 895.76 sec so far
Iteration 134433: max relative diff=21.969540, 900.77 sec so far
Iteration 134979: max relative diff=19.842375, 905.77 sec so far
Iteration 135511: max relative diff=17.968027, 910.78 sec so far
Iteration 136064: max relative diff=16.207128, 915.78 sec so far
Iteration 136602: max relative diff=14.659757, 920.78 sec so far
Iteration 137141: max relative diff=13.257648, 925.79 sec so far
Iteration 137692: max relative diff=11.962837, 930.79 sec so far
Iteration 138200: max relative diff=10.881405, 935.80 sec so far
Iteration 138647: max relative diff=10.010987, 940.81 sec so far
Iteration 139153: max relative diff=9.109398, 945.82 sec so far
Iteration 139705: max relative diff=8.218194, 950.82 sec so far
Iteration 140265: max relative diff=7.403124, 955.83 sec so far
Iteration 140810: max relative diff=6.687576, 960.84 sec so far
Iteration 141355: max relative diff=6.041189, 965.84 sec so far
Iteration 141887: max relative diff=5.470527, 970.85 sec so far
Iteration 142440: max relative diff=4.934406, 975.85 sec so far
Iteration 142979: max relative diff=4.462462, 980.86 sec so far
Iteration 143518: max relative diff=4.035657, 985.86 sec so far
Iteration 144071: max relative diff=3.640156, 990.87 sec so far
Iteration 144603: max relative diff=3.296300, 995.87 sec so far
Iteration 145148: max relative diff=2.977696, 1000.87 sec so far
Iteration 145693: max relative diff=2.689887, 1005.88 sec so far
Iteration 146226: max relative diff=2.435341, 1010.88 sec so far
Iteration 146778: max relative diff=2.197083, 1015.89 sec so far
Iteration 147317: max relative diff=1.986947, 1020.89 sec so far
Iteration 147856: max relative diff=1.796908, 1025.90 sec so far
Iteration 148408: max relative diff=1.621110, 1030.91 sec so far
Iteration 148913: max relative diff=1.475388, 1035.92 sec so far
Iteration 149360: max relative diff=1.357370, 1040.92 sec so far
Iteration 149866: max relative diff=1.235126, 1045.92 sec so far
Iteration 150418: max relative diff=1.114289, 1050.92 sec so far
Iteration 150978: max relative diff=1.003775, 1055.93 sec so far
Iteration 151523: max relative diff=0.906755, 1060.93 sec so far
Iteration 152069: max relative diff=0.818960, 1065.94 sec so far
Iteration 152601: max relative diff=0.741600, 1070.94 sec so far
Iteration 153153: max relative diff=0.669046, 1075.95 sec so far
Iteration 153692: max relative diff=0.605057, 1080.95 sec so far
Iteration 154230: max relative diff=0.547289, 1085.96 sec so far
Iteration 154781: max relative diff=0.493838, 1090.96 sec so far
Iteration 155314: max relative diff=0.447106, 1095.97 sec so far
Iteration 155860: max relative diff=0.403815, 1100.97 sec so far
Iteration 156405: max relative diff=0.364785, 1105.98 sec so far
Iteration 156938: max relative diff=0.330265, 1110.98 sec so far
Iteration 157490: max relative diff=0.297954, 1115.99 sec so far
Iteration 157975: max relative diff=0.272184, 1121.00 sec so far
Iteration 158433: max relative diff=0.249899, 1126.00 sec so far
Iteration 158949: max relative diff=0.226969, 1131.00 sec so far
Iteration 159509: max relative diff=0.204458, 1136.01 sec so far
Iteration 160067: max relative diff=0.184249, 1141.01 sec so far
Iteration 160605: max relative diff=0.166658, 1146.01 sec so far
Iteration 161156: max relative diff=0.150381, 1151.02 sec so far
Iteration 161689: max relative diff=0.136151, 1156.02 sec so far
Iteration 162234: max relative diff=0.122991, 1161.03 sec so far
Iteration 162780: max relative diff=0.111083, 1166.03 sec so far
Iteration 163312: max relative diff=0.100590, 1171.03 sec so far
Iteration 163863: max relative diff=0.090765, 1176.04 sec so far
Iteration 164403: max relative diff=0.082069, 1181.04 sec so far
Iteration 164942: max relative diff=0.074220, 1186.05 sec so far
Iteration 165494: max relative diff=0.066959, 1191.05 sec so far
Iteration 166027: max relative diff=0.060622, 1196.06 sec so far
Iteration 166572: max relative diff=0.054763, 1201.06 sec so far
Iteration 167117: max relative diff=0.049470, 1206.06 sec so far
Iteration 167649: max relative diff=0.044797, 1211.07 sec so far
Iteration 168200: max relative diff=0.040422, 1216.07 sec so far
Iteration 168739: max relative diff=0.036556, 1221.08 sec so far
Iteration 169278: max relative diff=0.033059, 1226.08 sec so far
Iteration 169830: max relative diff=0.029825, 1231.08 sec so far
Iteration 170363: max relative diff=0.027003, 1236.09 sec so far
Iteration 170908: max relative diff=0.024393, 1241.10 sec so far
Iteration 171454: max relative diff=0.022031, 1246.10 sec so far
Iteration 171987: max relative diff=0.019946, 1251.11 sec so far
Iteration 172539: max relative diff=0.017995, 1256.11 sec so far
Iteration 173079: max relative diff=0.016271, 1261.11 sec so far
Iteration 173618: max relative diff=0.014714, 1266.12 sec so far
Iteration 174170: max relative diff=0.013275, 1271.13 sec so far
Iteration 174703: max relative diff=0.012019, 1276.13 sec so far
Iteration 175248: max relative diff=0.010857, 1281.14 sec so far
Iteration 175795: max relative diff=0.009804, 1286.14 sec so far
Iteration 176329: max relative diff=0.008875, 1291.15 sec so far
Iteration 176880: max relative diff=0.008008, 1296.16 sec so far
Iteration 177419: max relative diff=0.007242, 1301.16 sec so far
Iteration 177957: max relative diff=0.006550, 1306.17 sec so far
Iteration 178509: max relative diff=0.005910, 1311.18 sec so far
Iteration 179042: max relative diff=0.005350, 1316.18 sec so far
Iteration 179585: max relative diff=0.004835, 1321.19 sec so far
Iteration 180131: max relative diff=0.004367, 1326.19 sec so far
Iteration 180661: max relative diff=0.003956, 1331.20 sec so far
Iteration 181211: max relative diff=0.003570, 1336.20 sec so far
Iteration 181750: max relative diff=0.003229, 1341.20 sec so far
Iteration 182286: max relative diff=0.002922, 1346.21 sec so far
Iteration 182837: max relative diff=0.002636, 1351.21 sec so far
Iteration 183370: max relative diff=0.002387, 1356.22 sec so far
Iteration 183913: max relative diff=0.002157, 1361.22 sec so far
Iteration 184458: max relative diff=0.001948, 1366.23 sec so far
Iteration 184989: max relative diff=0.001765, 1371.23 sec so far
Iteration 185540: max relative diff=0.001592, 1376.23 sec so far
Iteration 186079: max relative diff=0.001440, 1381.23 sec so far
Iteration 186616: max relative diff=0.001303, 1386.24 sec so far
Iteration 187167: max relative diff=0.001176, 1391.25 sec so far
Iteration 187668: max relative diff=0.001071, 1396.26 sec so far
Iteration 188118: max relative diff=0.000984, 1401.26 sec so far
Iteration 188626: max relative diff=0.000895, 1406.27 sec so far
Iteration 189178: max relative diff=0.000808, 1411.27 sec so far
Iteration 189735: max relative diff=0.000728, 1416.28 sec so far
Iteration 190279: max relative diff=0.000658, 1421.28 sec so far
Iteration 190825: max relative diff=0.000594, 1426.29 sec so far
Iteration 191356: max relative diff=0.000538, 1431.29 sec so far
Iteration 191906: max relative diff=0.000486, 1436.29 sec so far
Iteration 192446: max relative diff=0.000439, 1441.30 sec so far
Iteration 192983: max relative diff=0.000397, 1446.30 sec so far
Iteration 193533: max relative diff=0.000359, 1451.30 sec so far
Iteration 194066: max relative diff=0.000325, 1456.31 sec so far
Iteration 194609: max relative diff=0.000293, 1461.32 sec so far
Iteration 195156: max relative diff=0.000265, 1466.32 sec so far
Iteration 195687: max relative diff=0.000240, 1471.32 sec so far
Iteration 196237: max relative diff=0.000217, 1476.33 sec so far
Iteration 196777: max relative diff=0.000196, 1481.33 sec so far
Iteration 197314: max relative diff=0.000177, 1486.34 sec so far
Iteration 197866: max relative diff=0.000160, 1491.35 sec so far
Iteration 198401: max relative diff=0.000145, 1496.36 sec so far
Iteration 198944: max relative diff=0.000131, 1501.36 sec so far
Iteration 199490: max relative diff=0.000118, 1506.37 sec so far
Iteration 200020: max relative diff=0.000107, 1511.38 sec so far
Iteration 200570: max relative diff=0.000097, 1516.38 sec so far
Iteration 201110: max relative diff=0.000087, 1521.39 sec so far
Iteration 201647: max relative diff=0.000079, 1526.39 sec so far
Iteration 202198: max relative diff=0.000071, 1531.40 sec so far
Iteration 202731: max relative diff=0.000064, 1536.41 sec so far
Iteration 203274: max relative diff=0.000058, 1541.41 sec so far
Iteration 203821: max relative diff=0.000053, 1546.42 sec so far
Iteration 204352: max relative diff=0.000048, 1551.43 sec so far
Iteration 204901: max relative diff=0.000043, 1556.43 sec so far
Iteration 205442: max relative diff=0.000039, 1561.44 sec so far
Iteration 205977: max relative diff=0.000035, 1566.44 sec so far
Iteration 206528: max relative diff=0.000032, 1571.45 sec so far
Iteration 207062: max relative diff=0.000029, 1576.45 sec so far
Iteration 207604: max relative diff=0.000026, 1581.45 sec so far
Iteration 208151: max relative diff=0.000023, 1586.46 sec so far
Iteration 208683: max relative diff=0.000021, 1591.47 sec so far
Iteration 209232: max relative diff=0.000019, 1596.48 sec so far
Iteration 209773: max relative diff=0.000017, 1601.49 sec so far
Iteration 210308: max relative diff=0.000016, 1606.49 sec so far
Iteration 210859: max relative diff=0.000014, 1611.49 sec so far
Iteration 211392: max relative diff=0.000013, 1616.50 sec so far
Iteration 211935: max relative diff=0.000012, 1621.50 sec so far
Iteration 212483: max relative diff=0.000010, 1626.51 sec so far
Iteration 213013: max relative diff=0.000009, 1631.51 sec so far
Iteration 213562: max relative diff=0.000009, 1636.51 sec so far
Iteration 214102: max relative diff=0.000008, 1641.52 sec so far
Iteration 214638: max relative diff=0.000007, 1646.53 sec so far
Iteration 215189: max relative diff=0.000006, 1651.53 sec so far
Iteration 215723: max relative diff=0.000006, 1656.54 sec so far
Iteration 216265: max relative diff=0.000005, 1661.54 sec so far
Iteration 216812: max relative diff=0.000005, 1666.55 sec so far
Iteration 217343: max relative diff=0.000004, 1671.55 sec so far
Iteration 217892: max relative diff=0.000004, 1676.55 sec so far
Iteration 218432: max relative diff=0.000003, 1681.56 sec so far
Iteration 218967: max relative diff=0.000003, 1686.56 sec so far
Iteration 219518: max relative diff=0.000003, 1691.57 sec so far
Iteration 220052: max relative diff=0.000003, 1696.58 sec so far
Iteration 220594: max relative diff=0.000002, 1701.58 sec so far
Iteration 221052: max relative diff=0.000002, 1706.58 sec so far
Iteration 221526: max relative diff=0.000002, 1711.59 sec so far
Iteration 222059: max relative diff=0.000002, 1716.59 sec so far
Iteration 222643: max relative diff=0.000002, 1721.59 sec so far
Iteration 223202: max relative diff=0.000001, 1726.60 sec so far
Iteration 223733: max relative diff=0.000001, 1731.61 sec so far
Iteration 224282: max relative diff=0.000001, 1736.62 sec so far
Iteration 224824: max relative diff=0.000001, 1741.62 sec so far
Max relative diff between upper and lower bound on convergence: 9.99862E-07
LowItr:142897 , UpItr:225100 

Iterative method: 225101 iterations in 1744.16 seconds (average 0.007748, setup 0.17)
Maximum finite value in solution vector at end of interval iteration: 39683.000000389555

Value in the initial state: 39675.000000389555

Time for model checking: 1745.979 seconds.

Result: 39675.000000389555 (value in the initial state)

---------------------------------------------------------------------

Note: There were 2 warnings during computation.

