PRISM
=====

Version: 4.4
Date: Mon Feb 15 13:12:38 IRST 2021
Hostname: sadegh-H81M-S2PH
Memory limits: cudd=1g, java(heap)=910.5m
Command line: prism ../../examples/mdps/consensus/coin4.nm ../../examples/mdps/consensus/steps_max.pctl -s '-ii:upper=1.2e+12' -const K=22 -maxiters 9000300 -improvedmpi

Parsing model file "../../examples/mdps/consensus/coin4.nm"...

Parsing properties file "../../examples/mdps/consensus/steps_max.pctl"...

1 property:
(1) "steps_max": R{"steps"}max=? [ F "finished" ]

Type:        MDP
Modules:     process1 process2 process3 process4 
Variables:   counter pc1 coin1 pc2 coin2 pc3 coin3 pc4 coin4 

---------------------------------------------------------------------

Model checking: "steps_max": R{"steps"}max=? [ F "finished" ]
Model constants: K=22

Warning: Not Switching to explicit engine, We implemented the emthods for sparse engine.

Building model...
Model constants: K=22

Computing reachable states...

Reachability (BFS): 1059 iterations in 0.11 seconds (average 0.000107, setup 0.00)

Time for model construction: 0.217 seconds.

Type:        MDP
States:      227456 (1 initial)
Transitions: 766432
Choices:     613504

Transition matrix: 2432 nodes (3 terminal), 766432 minterms, vars: 20r/20c/4nd

Prob0E: 282 iterations in 0.19 seconds (average 0.000674, setup 0.00)

Prob1A: 1 iterations in 0.00 seconds (average 0.000000, setup 0.00)

goal = 64, inf = 0, maybe = 227392

Warning: Upper bound for interval iteration manually set to 1.2E12

Computing remaining rewards...
 9
Building sparse matrix (transitions)... [n=227456, nc=613440, nnz=766368, k=4] [12.0 MB]
Building sparse matrix (transition rewards)... [n=227456, nc=613440, nnz=0, k=4] [3.2 MB]
Creating vector for state rewards... [1.7 MB]
Creating vector for inf... [1.7 MB]
Creating vector for lower bounds... [1.7 MB]
Creating vector for upper bounds... [1.7 MB]
Allocating iteration vectors... [4 x 1.7 MB]
Allocating adversary vector... [888.5 KB]
TOTAL: [29.9 MB]

Starting iterations (interval iteration)...

 Time for pre-computation: 0.237000 Iteration 2080: max relative diff=4.113503, 4.80 sec so far
Iteration 4290: max relative diff=2.134002, 9.81 sec so far
Iteration 6396: max relative diff=1.139465, 14.82 sec so far
Iteration 8684: max relative diff=0.576306, 19.85 sec so far
Iteration 10946: max relative diff=0.293744, 24.88 sec so far
Iteration 13026: max relative diff=0.158065, 29.90 sec so far
Iteration 15288: max relative diff=0.080566, 34.90 sec so far
Iteration 17576: max relative diff=0.040748, 39.96 sec so far
Iteration 19682: max relative diff=0.021757, 45.00 sec so far
Iteration 21736: max relative diff=0.011799, 50.05 sec so far
Iteration 23790: max relative diff=0.006398, 55.09 sec so far
Iteration 25844: max relative diff=0.003470, 60.12 sec so far
Iteration 27898: max relative diff=0.001882, 65.16 sec so far
Iteration 29952: max relative diff=0.001020, 70.20 sec so far
Iteration 32006: max relative diff=0.000553, 75.23 sec so far
Iteration 34060: max relative diff=0.000300, 80.27 sec so far
Iteration 36114: max relative diff=0.000163, 85.30 sec so far
Iteration 38168: max relative diff=0.000088, 90.33 sec so far
Iteration 40222: max relative diff=0.000048, 95.37 sec so far
Iteration 42276: max relative diff=0.000026, 100.41 sec so far
Iteration 44330: max relative diff=0.000014, 105.44 sec so far
Iteration 46384: max relative diff=0.000008, 110.47 sec so far
Iteration 48438: max relative diff=0.000004, 115.51 sec so far
Iteration 50492: max relative diff=0.000002, 120.54 sec so far
Iteration 52546: max relative diff=0.000001, 125.58 sec so far

First round (updates from below) finished after 53182 iters.
Correctness of the approximated above vector satisfied after 1 iterations.
Iteration 54251: max relative diff=0.540315, 130.58 sec so far
Iteration 55809: max relative diff=0.347479, 135.58 sec so far
Iteration 57368: max relative diff=0.218560, 140.59 sec so far
Iteration 58923: max relative diff=0.137561, 145.59 sec so far
Iteration 60298: max relative diff=0.091346, 150.59 sec so far
Iteration 61517: max relative diff=0.063541, 155.59 sec so far
Iteration 62916: max relative diff=0.041893, 160.60 sec so far
Iteration 64451: max relative diff=0.026525, 165.60 sec so far
Iteration 65821: max relative diff=0.017640, 170.61 sec so far
Iteration 67040: max relative diff=0.012270, 175.61 sec so far
Iteration 68439: max relative diff=0.008090, 180.61 sec so far
Iteration 69974: max relative diff=0.005122, 185.62 sec so far
Iteration 71458: max relative diff=0.003293, 190.62 sec so far
Iteration 72965: max relative diff=0.002102, 195.62 sec so far
Iteration 74216: max relative diff=0.001448, 200.62 sec so far
Iteration 75506: max relative diff=0.000986, 205.63 sec so far
Iteration 76984: max relative diff=0.000635, 210.63 sec so far
Iteration 78491: max relative diff=0.000406, 215.63 sec so far
Iteration 79736: max relative diff=0.000280, 220.63 sec so far
Iteration 81030: max relative diff=0.000190, 225.63 sec so far
Iteration 82507: max relative diff=0.000123, 230.63 sec so far
Iteration 84013: max relative diff=0.000078, 235.64 sec so far
Iteration 85533: max relative diff=0.000050, 240.64 sec so far
Iteration 86970: max relative diff=0.000032, 245.64 sec so far
Iteration 88167: max relative diff=0.000023, 250.65 sec so far
Iteration 89539: max relative diff=0.000015, 255.65 sec so far
Iteration 91063: max relative diff=0.000010, 260.65 sec so far
Iteration 92534: max relative diff=0.000006, 265.65 sec so far
Iteration 94059: max relative diff=0.000004, 270.65 sec so far
Iteration 95559: max relative diff=0.000003, 275.65 sec so far
Iteration 97043: max relative diff=0.000002, 280.66 sec so far
Iteration 98243: max relative diff=0.000001, 285.66 sec so far

Second round (updates from above) finished after 98660 iters.
Update from both sides... 
Iteration 99462: max relative diff=0.005286, 290.66 sec so far
Iteration 100748: max relative diff=0.003604, 295.67 sec so far
Iteration 102018: max relative diff=0.002469, 300.67 sec so far
Iteration 103334: max relative diff=0.001668, 305.67 sec so far
Iteration 104608: max relative diff=0.001141, 310.67 sec so far
Iteration 105892: max relative diff=0.000779, 315.68 sec so far
Iteration 106957: max relative diff=0.000567, 320.68 sec so far
Iteration 108079: max relative diff=0.000406, 325.68 sec so far
Iteration 109351: max relative diff=0.000278, 330.69 sec so far
Iteration 110642: max relative diff=0.000189, 335.69 sec so far
Iteration 111948: max relative diff=0.000128, 340.69 sec so far
Iteration 113209: max relative diff=0.000088, 345.70 sec so far
Iteration 114512: max relative diff=0.000060, 350.70 sec so far
Iteration 115625: max relative diff=0.000043, 355.70 sec so far
Iteration 116708: max relative diff=0.000031, 360.70 sec so far
Iteration 117953: max relative diff=0.000021, 365.71 sec so far
Iteration 119259: max relative diff=0.000015, 370.71 sec so far
Iteration 120546: max relative diff=0.000010, 375.71 sec so far
Iteration 121813: max relative diff=0.000007, 380.71 sec so far
Iteration 123127: max relative diff=0.000005, 385.71 sec so far
Iteration 124401: max relative diff=0.000003, 390.71 sec so far
Iteration 125687: max relative diff=0.000002, 395.71 sec so far
Iteration 126995: max relative diff=0.000001, 400.72 sec so far
Iteration 128212: max relative diff=0.000001, 405.72 sec so far
Max relative diff between upper and lower bound on convergence: 0
Iterative method: 128248 iterations in 405.90 seconds (average 0.003165, setup 0.13)
Maximum finite value in solution vector at end of interval iteration: 24851.0000000016

Value in the initial state: 24843.0000000016

Time for model checking: 407.064 seconds.

Result: 24843.0000000016 (value in the initial state)

---------------------------------------------------------------------

Note: There were 2 warnings during computation.

