PRISM
=====

Version: 4.4
Date: Mon Feb 15 14:49:58 IRST 2021
Hostname: sadegh-H81M-S2PH
Memory limits: cudd=1g, java(heap)=3.9g
Command line: prism ../../examples/mdps/consensus/coin4.nm ../../examples/mdps/consensus/steps_max.pctl -s '-ii:upper=34356' -asynchupper -maxiters 9000300 -const K=26 -javamaxmem 4500m

Parsing model file "../../examples/mdps/consensus/coin4.nm"...

Parsing properties file "../../examples/mdps/consensus/steps_max.pctl"...

1 property:
(1) "steps_max": R{"steps"}max=? [ F "finished" ]

Type:        MDP
Modules:     process1 process2 process3 process4 
Variables:   counter pc1 coin1 pc2 coin2 pc3 coin3 pc4 coin4 

---------------------------------------------------------------------

Model checking: "steps_max": R{"steps"}max=? [ F "finished" ]
Model constants: K=26

Warning: Not Switching to explicit engine, We implemented the emthods for sparse engine.

Building model...
Model constants: K=26

Computing reachable states...

Reachability (BFS): 1251 iterations in 0.15 seconds (average 0.000119, setup 0.00)

Time for model construction: 0.281 seconds.

Type:        MDP
States:      268416 (1 initial)
Transitions: 904672
Choices:     724096

Transition matrix: 2436 nodes (3 terminal), 904672 minterms, vars: 20r/20c/4nd

Prob0E: 330 iterations in 0.22 seconds (average 0.000655, setup 0.00)

Prob1A: 1 iterations in 0.00 seconds (average 0.000000, setup 0.00)

goal = 64, inf = 0, maybe = 268352

Warning: Upper bound for interval iteration manually set to 34356.0

Computing remaining rewards...
 10
Building sparse matrix (transitions)... [n=268416, nc=724032, nnz=904608, k=4] [14.1 MB]
Building sparse matrix (transition rewards)... [n=268416, nc=724032, nnz=0, k=4] [3.8 MB]
Creating vector for state rewards... [2.0 MB]
Creating vector for inf... [2.0 MB]
Creating vector for lower bounds... [2.0 MB]
Creating vector for upper bounds... [2.0 MB]
Allocating iteration vectors... [4 x 2.0 MB]
TOTAL: [34.3 MB]

Starting iterations (interval iteration)...

Soln above finished after 66745 iterations, while flag is True.

Checking for lower bound passed after 19 iterations.Iteration 1: max relative diff=1.000000, 282.85 sec so far
Iteration 1314: max relative diff=1.000000, 287.86 sec so far
Iteration 2400: max relative diff=1.000000, 292.86 sec so far
Iteration 3556: max relative diff=1.000000, 297.86 sec so far
Iteration 4848: max relative diff=1.000000, 302.87 sec so far
Iteration 6159: max relative diff=1.000000, 307.87 sec so far
Iteration 7493: max relative diff=1.000000, 312.87 sec so far
Iteration 8733: max relative diff=1.000000, 317.87 sec so far
Iteration 9795: max relative diff=1.000000, 322.88 sec so far
Iteration 11010: max relative diff=1.000000, 327.88 sec so far
Iteration 12342: max relative diff=1.000000, 332.88 sec so far
Iteration 13628: max relative diff=1.000000, 337.89 sec so far
Iteration 14952: max relative diff=1.000000, 342.89 sec so far
Iteration 16265: max relative diff=1.000000, 347.89 sec so far
Iteration 17555: max relative diff=1.000000, 352.90 sec so far
Iteration 18891: max relative diff=1.000000, 357.90 sec so far
Iteration 20187: max relative diff=1.000000, 362.90 sec so far
Iteration 21500: max relative diff=1.000000, 367.90 sec so far
Iteration 22836: max relative diff=1.000000, 372.91 sec so far
Iteration 24124: max relative diff=1.000000, 377.91 sec so far
Iteration 25450: max relative diff=1.000000, 382.91 sec so far
Iteration 26581: max relative diff=1.000000, 387.91 sec so far
Iteration 27700: max relative diff=1.000000, 392.92 sec so far
Iteration 28976: max relative diff=1.000000, 397.92 sec so far
Iteration 30301: max relative diff=1.000000, 402.92 sec so far
Iteration 31620: max relative diff=1.000000, 407.92 sec so far
Iteration 32909: max relative diff=1.000000, 412.93 sec so far
Iteration 34249: max relative diff=1.000000, 417.93 sec so far
Iteration 35549: max relative diff=1.000000, 422.93 sec so far
Iteration 36859: max relative diff=1.000000, 427.93 sec so far
Iteration 38194: max relative diff=1.000000, 432.93 sec so far
Iteration 39481: max relative diff=1.000000, 437.94 sec so far
Iteration 40804: max relative diff=1.000000, 442.94 sec so far
Iteration 41929: max relative diff=1.000000, 447.94 sec so far
Iteration 43049: max relative diff=1.000000, 452.94 sec so far
Iteration 44331: max relative diff=1.000000, 457.94 sec so far
Iteration 45655: max relative diff=1.000000, 462.95 sec so far
Iteration 46978: max relative diff=1.000000, 467.95 sec so far
Iteration 48266: max relative diff=1.000000, 472.95 sec so far
Iteration 49605: max relative diff=1.000000, 477.95 sec so far
Iteration 50909: max relative diff=1.000000, 482.96 sec so far
Iteration 52171: max relative diff=0.050661, 487.96 sec so far
Iteration 52770: max relative diff=0.044526, 492.97 sec so far
Iteration 53348: max relative diff=0.039312, 497.98 sec so far
Iteration 53941: max relative diff=0.034596, 502.99 sec so far
Iteration 54533: max relative diff=0.030452, 507.99 sec so far
Iteration 55112: max relative diff=0.026880, 513.00 sec so far
Iteration 55711: max relative diff=0.023625, 518.00 sec so far
Iteration 56295: max relative diff=0.020831, 523.01 sec so far
Iteration 56879: max relative diff=0.018368, 528.01 sec so far
Iteration 57480: max relative diff=0.016137, 533.02 sec so far
Iteration 58057: max relative diff=0.014250, 538.02 sec so far
Iteration 58648: max relative diff=0.012546, 543.03 sec so far
Iteration 59239: max relative diff=0.011046, 548.04 sec so far
Iteration 59816: max relative diff=0.009754, 553.04 sec so far
Iteration 60414: max relative diff=0.008575, 558.05 sec so far
Iteration 60999: max relative diff=0.007559, 563.05 sec so far
Iteration 61583: max relative diff=0.006665, 568.05 sec so far
Iteration 62181: max relative diff=0.005859, 573.06 sec so far
Iteration 62759: max relative diff=0.005173, 578.06 sec so far
Iteration 63350: max relative diff=0.004555, 583.07 sec so far
Iteration 63943: max relative diff=0.004008, 588.07 sec so far
Iteration 64520: max relative diff=0.003540, 593.08 sec so far
Iteration 65118: max relative diff=0.003112, 598.09 sec so far
Iteration 65702: max relative diff=0.002744, 603.09 sec so far
Iteration 66287: max relative diff=0.002419, 608.10 sec so far
Iteration 66886: max relative diff=0.002126, 613.11 sec so far
Iteration 67432: max relative diff=0.001890, 618.12 sec so far
Iteration 67919: max relative diff=0.001702, 623.12 sec so far
Iteration 68470: max relative diff=0.001511, 628.13 sec so far
Iteration 69069: max relative diff=0.001328, 633.13 sec so far
Iteration 69676: max relative diff=0.001165, 638.14 sec so far
Iteration 70266: max relative diff=0.001026, 643.15 sec so far
Iteration 70859: max relative diff=0.000903, 648.15 sec so far
Iteration 71436: max relative diff=0.000797, 653.16 sec so far
Iteration 72033: max relative diff=0.000701, 658.16 sec so far
Iteration 72619: max relative diff=0.000618, 663.17 sec so far
Iteration 73202: max relative diff=0.000545, 668.17 sec so far
Iteration 73801: max relative diff=0.000479, 673.18 sec so far
Iteration 74380: max relative diff=0.000423, 678.18 sec so far
Iteration 74970: max relative diff=0.000372, 683.18 sec so far
Iteration 75564: max relative diff=0.000328, 688.18 sec so far
Iteration 76140: max relative diff=0.000289, 693.19 sec so far
Iteration 76738: max relative diff=0.000254, 698.20 sec so far
Iteration 77324: max relative diff=0.000224, 703.20 sec so far
Iteration 77906: max relative diff=0.000198, 708.21 sec so far
Iteration 78505: max relative diff=0.000174, 713.22 sec so far
Iteration 79084: max relative diff=0.000153, 718.22 sec so far
Iteration 79673: max relative diff=0.000135, 723.23 sec so far
Iteration 80266: max relative diff=0.000119, 728.23 sec so far
Iteration 80843: max relative diff=0.000105, 733.23 sec so far
Iteration 81442: max relative diff=0.000092, 738.24 sec so far
Iteration 81965: max relative diff=0.000082, 743.25 sec so far
Iteration 82464: max relative diff=0.000074, 748.25 sec so far
Iteration 83031: max relative diff=0.000066, 753.26 sec so far
Iteration 83638: max relative diff=0.000058, 758.26 sec so far
Iteration 84245: max relative diff=0.000050, 763.27 sec so far
Iteration 84830: max relative diff=0.000044, 768.27 sec so far
Iteration 85431: max relative diff=0.000039, 773.28 sec so far
Iteration 86012: max relative diff=0.000034, 778.29 sec so far
Iteration 86604: max relative diff=0.000030, 783.29 sec so far
Iteration 87201: max relative diff=0.000027, 788.29 sec so far
Iteration 87781: max relative diff=0.000024, 793.30 sec so far
Iteration 88381: max relative diff=0.000021, 798.31 sec so far
Iteration 88974: max relative diff=0.000018, 803.31 sec so far
Iteration 89560: max relative diff=0.000016, 808.32 sec so far
Iteration 90167: max relative diff=0.000014, 813.32 sec so far
Iteration 90749: max relative diff=0.000012, 818.33 sec so far
Iteration 91348: max relative diff=0.000011, 823.33 sec so far
Iteration 91953: max relative diff=0.000010, 828.33 sec so far
Iteration 92536: max relative diff=0.000008, 833.34 sec so far
Iteration 93146: max relative diff=1.000000, 838.34 sec so far
Iteration 93746: max relative diff=0.000007, 843.34 sec so far
Iteration 94343: max relative diff=0.000006, 848.35 sec so far
Iteration 94961: max relative diff=0.000005, 853.35 sec so far
Iteration 95562: max relative diff=0.000004, 858.36 sec so far
Iteration 96151: max relative diff=0.000004, 863.36 sec so far
Iteration 96685: max relative diff=0.000003, 868.37 sec so far
Iteration 97199: max relative diff=0.000003, 873.37 sec so far
Iteration 97822: max relative diff=0.000003, 878.37 sec so far
Iteration 98411: max relative diff=0.000002, 883.37 sec so far
Iteration 99074: max relative diff=0.000002, 888.38 sec so far
Iteration 99681: max relative diff=0.000002, 893.38 sec so far
Iteration 100278: max relative diff=0.000002, 898.39 sec so far
Iteration 100995: max relative diff=0.000001, 903.39 sec so far
Iteration 101577: max relative diff=0.000001, 908.40 sec so far
Iteration 102176: max relative diff=0.000001, 913.41 sec so far
Max relative diff between upper and lower bound on convergence: 9.99869E-07
LowItr:102555 , UpItr:116353  

Iterative method: 102536 iterations in 916.57 seconds (average 0.008939, setup 0.17)
Maximum finite value in solution vector at end of interval iteration: 34354.999999607986

Value in the initial state: 34346.999999607986

Time for model checking: 917.774 seconds.

Result: 34346.999999607986 (value in the initial state)

---------------------------------------------------------------------

Note: There were 2 warnings during computation.

