PRISM
=====

Version: 4.4
Date: Mon Feb 15 11:33:55 IRST 2021
Hostname: sadegh-H81M-S2PH
Memory limits: cudd=1g, java(heap)=910.5m
Command line: prism ../../examples/mdps/consensus/coin4.nm ../../examples/mdps/consensus/steps_max.pctl -s '-ii:upper=1.2e+12' -const K=18 -maxiters 9000300 -improvedbk

Parsing model file "../../examples/mdps/consensus/coin4.nm"...

Parsing properties file "../../examples/mdps/consensus/steps_max.pctl"...

1 property:
(1) "steps_max": R{"steps"}max=? [ F "finished" ]

Type:        MDP
Modules:     process1 process2 process3 process4 
Variables:   counter pc1 coin1 pc2 coin2 pc3 coin3 pc4 coin4 

---------------------------------------------------------------------

Model checking: "steps_max": R{"steps"}max=? [ F "finished" ]
Model constants: K=18

Warning: Not Switching to explicit engine, We implemented the emthods for sparse engine.

Building model...
Model constants: K=18

Computing reachable states...

Reachability (BFS): 867 iterations in 0.10 seconds (average 0.000110, setup 0.00)

Time for model construction: 0.173 seconds.

Type:        MDP
States:      186496 (1 initial)
Transitions: 628192
Choices:     502912

Transition matrix: 2432 nodes (3 terminal), 628192 minterms, vars: 20r/20c/4nd

Prob0E: 234 iterations in 0.17 seconds (average 0.000705, setup 0.00)

Prob1A: 1 iterations in 0.00 seconds (average 0.001000, setup 0.00)

goal = 64, inf = 0, maybe = 186432

Warning: Upper bound for interval iteration manually set to 1.2E12

Computing remaining rewards...
 7
Building sparse matrix (transitions)... [n=186496, nc=502848, nnz=628128, k=4] [9.8 MB]
Building sparse matrix (transition rewards)... [n=186496, nc=502848, nnz=0, k=4] [2.6 MB]
Creating vector for state rewards... [1.4 MB]
Creating vector for inf... [1.4 MB]
Creating vector for lower bounds... [1.4 MB]
Creating vector for upper bounds... [1.4 MB]
Allocating iteration vectors... [4 x 1.4 MB]
TOTAL: [23.8 MB]

Starting iterations (interval iteration)...

 Time for pre-computation: 0.165000 Iteration 1591: max relative diff=3.776604, 4.84 sec so far
Iteration 3313: max relative diff=1.776509, 9.84 sec so far
Iteration 4973: max relative diff=0.857797, 14.84 sec so far
Iteration 6672: max relative diff=0.407167, 19.84 sec so far
Iteration 8371: max relative diff=0.193268, 24.85 sec so far
Iteration 10032: max relative diff=0.093279, 29.85 sec so far
Iteration 11755: max relative diff=0.043813, 34.85 sec so far
Iteration 13441: max relative diff=0.020915, 39.85 sec so far
Iteration 15118: max relative diff=0.010024, 44.85 sec so far
Iteration 16839: max relative diff=0.004712, 49.85 sec so far
Iteration 18414: max relative diff=0.002362, 54.86 sec so far
Iteration 19826: max relative diff=0.001271, 59.86 sec so far
Iteration 21412: max relative diff=0.000634, 64.86 sec so far
Iteration 23135: max relative diff=0.000298, 69.86 sec so far
Iteration 24870: max relative diff=0.000139, 74.86 sec so far
Iteration 26608: max relative diff=0.000065, 79.87 sec so far
Iteration 28345: max relative diff=0.000030, 84.87 sec so far
Iteration 30010: max relative diff=0.000015, 89.87 sec so far
Iteration 31727: max relative diff=0.000007, 94.87 sec so far
Iteration 33409: max relative diff=0.000003, 99.87 sec so far
Iteration 35086: max relative diff=0.000002, 104.88 sec so far

First round (updates from below) finished after 36124 iters.
Correctness of the approximated above vector satisfied after 1 iterations.
Iteration 36862: max relative diff=0.537662, 109.88 sec so far
Iteration 38536: max relative diff=0.263844, 114.88 sec so far
Iteration 40010: max relative diff=0.138332, 119.88 sec so far
Iteration 41702: max relative diff=0.065916, 124.89 sec so far
Iteration 43565: max relative diff=0.029142, 129.89 sec so far
Iteration 45360: max relative diff=0.013274, 134.89 sec so far
Iteration 47190: max relative diff=0.005954, 139.89 sec so far
Iteration 49036: max relative diff=0.002652, 144.89 sec so far
Iteration 50802: max relative diff=0.001223, 149.90 sec so far
Iteration 52241: max relative diff=0.000651, 154.90 sec so far
Iteration 53899: max relative diff=0.000315, 159.90 sec so far
Iteration 55743: max relative diff=0.000140, 164.90 sec so far
Iteration 57530: max relative diff=0.000064, 169.91 sec so far
Iteration 59382: max relative diff=0.000029, 174.91 sec so far
Iteration 61199: max relative diff=0.000013, 179.91 sec so far
Iteration 63007: max relative diff=0.000006, 184.91 sec so far
Iteration 64465: max relative diff=0.000003, 189.92 sec so far
Iteration 66096: max relative diff=0.000002, 194.92 sec so far

Second round (updates from above) finished after 67030 iters.
Update from both sides... 
Iteration 67821: max relative diff=0.003225, 199.92 sec so far
Iteration 69438: max relative diff=0.001587, 204.92 sec so far
Iteration 71113: max relative diff=0.000762, 209.92 sec so far
Iteration 72721: max relative diff=0.000376, 214.93 sec so far
Iteration 74359: max relative diff=0.000184, 219.93 sec so far
Iteration 76019: max relative diff=0.000089, 224.93 sec so far
Iteration 77620: max relative diff=0.000044, 229.93 sec so far
Iteration 79280: max relative diff=0.000021, 234.93 sec so far
Iteration 80914: max relative diff=0.000010, 239.94 sec so far
Iteration 82530: max relative diff=0.000005, 244.94 sec so far
Iteration 84199: max relative diff=0.000002, 249.94 sec so far
Iteration 85812: max relative diff=0.000001, 254.94 sec so far
Max relative diff between upper and lower bound on convergence: 0

Number of iterations for the lower bound = 55346

Iterative method: 86252 iterations in 256.25 seconds (average 0.002971, setup 0.11)
Maximum finite value in solution vector at end of interval iteration: 16883.000000002496

Value in the initial state: 16875.000000002496

Time for model checking: 257.395 seconds.

Result: 16875.000000002496 (value in the initial state)

---------------------------------------------------------------------

Note: There were 2 warnings during computation.

