PRISM
=====

Version: 4.4
Date: Tue Feb 16 13:58:21 IRST 2021
Hostname: sadegh-H81M-S2PH
Memory limits: cudd=1g, java(heap)=910.5m
Command line: prism ../../examples/mdps/consensus/coin4.nm ../../examples/mdps/consensus/steps_max.pctl -s '-ii:upper=1.2e+12' -const K=38 -maxiters 9000300 -asynchii

Parsing model file "../../examples/mdps/consensus/coin4.nm"...

Parsing properties file "../../examples/mdps/consensus/steps_max.pctl"...

1 property:
(1) "steps_max": R{"steps"}max=? [ F "finished" ]

Type:        MDP
Modules:     process1 process2 process3 process4 
Variables:   counter pc1 coin1 pc2 coin2 pc3 coin3 pc4 coin4 

---------------------------------------------------------------------

Model checking: "steps_max": R{"steps"}max=? [ F "finished" ]
Model constants: K=38

Warning: Not Switching to explicit engine, We implemented the emthods for sparse engine.

Building model...
Model constants: K=38

Computing reachable states...

Reachability (BFS): 1827 iterations in 0.21 seconds (average 0.000118, setup 0.00)

Time for model construction: 0.458 seconds.

Type:        MDP
States:      391296 (1 initial)
Transitions: 1319392
Choices:     1055872

Transition matrix: 2480 nodes (3 terminal), 1319392 minterms, vars: 21r/21c/4nd

Prob0E: 474 iterations in 0.27 seconds (average 0.000578, setup 0.00)

Prob1A: 1 iterations in 0.00 seconds (average 0.000000, setup 0.00)

goal = 64, inf = 0, maybe = 391232

Warning: Upper bound for interval iteration manually set to 1.2E12

Computing remaining rewards...
 8
Building sparse matrix (transitions)... [n=391296, nc=1055808, nnz=1319328, k=4] [20.6 MB]
Building sparse matrix (transition rewards)... [n=391296, nc=1055808, nnz=0, k=4] [5.5 MB]
Creating vector for state rewards... [3.0 MB]
Creating vector for inf... [3.0 MB]
Creating vector for lower bounds... [3.0 MB]
Creating vector for upper bounds... [3.0 MB]
Allocating iteration vectors... [4 x 3.0 MB]
TOTAL: [50.0 MB]

Starting iterations (interval iteration)...

 Time for pre-computation	: 0.010000 
		 >> 391232 after 0 iters << 
Iteration 711: max relative diff=1199811549709.276855, 4.99 sec so far
Iteration 1470: max relative diff=1187948518252.312012, 10.00 sec so far
Iteration 2228: max relative diff=1147707199707.447021, 15.00 sec so far
Iteration 2975: max relative diff=1088573136303.918701, 20.00 sec so far
Iteration 3713: max relative diff=1022117379074.454590, 25.01 sec so far
Iteration 4442: max relative diff=954952439752.265259, 30.01 sec so far
Iteration 5192: max relative diff=887579588633.165161, 35.01 sec so far
Iteration 5924: max relative diff=824989998105.420410, 40.02 sec so far
Iteration 6663: max relative diff=765562063768.082764, 45.02 sec so far
Iteration 7412: max relative diff=709326734877.184082, 50.03 sec so far
Iteration 8140: max relative diff=658449201904.582153, 55.03 sec so far
Iteration 8889: max relative diff=609816630828.534302, 60.04 sec so far
Iteration 9629: max relative diff=565249932961.660400, 65.04 sec so far
Iteration 10360: max relative diff=524400894557.274170, 70.05 sec so far
Iteration 11112: max relative diff=485444534737.920654, 75.05 sec so far
Iteration 11844: max relative diff=450299676572.831787, 80.05 sec so far
Iteration 12583: max relative diff=417396116499.119507, 85.05 sec so far
Iteration 13332: max relative diff=386498223828.117249, 90.06 sec so far
Iteration 14059: max relative diff=358696176947.377930, 95.06 sec so far
Iteration 14807: max relative diff=332176555902.985474, 100.06 sec so far
Iteration 15548: max relative diff=307838616615.345276, 105.07 sec so far
Iteration 16278: max relative diff=285606199720.809387, 110.07 sec so far
Iteration 17031: max relative diff=264354287387.333496, 115.08 sec so far
Iteration 17763: max relative diff=245211916380.947327, 120.08 sec so far
Iteration 18503: max relative diff=227268888110.786621, 125.09 sec so far
Iteration 19251: max relative diff=210465839644.453064, 130.09 sec so far
Iteration 19976: max relative diff=195365990866.387512, 135.09 sec so far
Iteration 20723: max relative diff=180940247755.012756, 140.09 sec so far
Iteration 21463: max relative diff=167700197119.810730, 145.10 sec so far
Iteration 22195: max relative diff=155556706507.764282, 150.10 sec so far
Iteration 22948: max relative diff=143981725679.488037, 155.11 sec so far
Iteration 23680: max relative diff=133555735183.188629, 160.12 sec so far
Iteration 24419: max relative diff=123795692628.177124, 165.12 sec so far
Iteration 25168: max relative diff=114631126269.666229, 170.12 sec so far
Iteration 25894: max relative diff=106396002715.164551, 175.12 sec so far
Iteration 26641: max relative diff=98539767678.416031, 180.13 sec so far
Iteration 27380: max relative diff=91338638156.966309, 185.13 sec so far
Iteration 28111: max relative diff=84733336177.077515, 190.14 sec so far
Iteration 28862: max relative diff=78444436422.379578, 195.14 sec so far
Iteration 29593: max relative diff=72771600319.377853, 200.15 sec so far
Iteration 30332: max relative diff=67453568865.536377, 205.16 sec so far
Iteration 31080: max relative diff=62466413454.829155, 210.16 sec so far
Iteration 31808: max relative diff=57966909675.744476, 215.17 sec so far
Iteration 32554: max relative diff=53692173683.694939, 220.17 sec so far
Iteration 33295: max relative diff=49758217239.515625, 225.17 sec so far
Iteration 34027: max relative diff=46155133498.843872, 230.18 sec so far
Iteration 34779: max relative diff=42725118960.595093, 235.19 sec so far
Iteration 35510: max relative diff=39635385357.015579, 240.19 sec so far
Iteration 36249: max relative diff=36738897570.544327, 245.19 sec so far
Iteration 36998: max relative diff=34019129262.081429, 250.20 sec so far
Iteration 37723: max relative diff=31578434243.522682, 255.20 sec so far
Iteration 38471: max relative diff=29243696872.056259, 260.21 sec so far
Iteration 39212: max relative diff=27101051253.777607, 265.21 sec so far
Iteration 39942: max relative diff=25143780198.454262, 270.21 sec so far
Iteration 40694: max relative diff=23275224903.083427, 275.22 sec so far
Iteration 41371: max relative diff=21712106313.734337, 280.23 sec so far
Iteration 41997: max relative diff=20360313587.558121, 285.23 sec so far
Iteration 42699: max relative diff=18944259397.721855, 290.24 sec so far
Iteration 43454: max relative diff=17531020164.015846, 295.24 sec so far
Iteration 44187: max relative diff=16259900457.492865, 300.25 sec so far
Iteration 44928: max relative diff=15068562164.333883, 305.25 sec so far
Iteration 45678: max relative diff=13951611962.144245, 310.25 sec so far
Iteration 46405: max relative diff=12948000186.478390, 315.26 sec so far
Iteration 47153: max relative diff=11990698743.687378, 320.26 sec so far
Iteration 47894: max relative diff=11112159783.872971, 325.26 sec so far
Iteration 48623: max relative diff=10310687810.079948, 330.27 sec so far
Iteration 49375: max relative diff=9544454144.317272, 335.27 sec so far
Iteration 50107: max relative diff=8853326937.357979, 340.28 sec so far
Iteration 50846: max relative diff=8206344676.122742, 345.28 sec so far
Iteration 51595: max relative diff=7598835865.464645, 350.28 sec so far
Iteration 52322: max relative diff=7052214568.537608, 355.28 sec so far
Iteration 53070: max relative diff=6530816385.598431, 360.28 sec so far
Iteration 53814: max relative diff=6050452324.489726, 365.29 sec so far
Iteration 54544: max relative diff=5613485302.746672, 370.29 sec so far
Iteration 55296: max relative diff=5196324358.093808, 375.30 sec so far
Iteration 56030: max relative diff=4819063851.169264, 380.30 sec so far
Iteration 56767: max relative diff=4467816809.100445, 385.30 sec so far
Iteration 57518: max relative diff=4136220957.678842, 390.31 sec so far
Iteration 58244: max relative diff=3839078987.635826, 395.31 sec so far
Iteration 58990: max relative diff=3555973305.828226, 400.31 sec so far
Iteration 59733: max relative diff=3294759931.015680, 405.31 sec so far
Iteration 60462: max relative diff=3057126818.647432, 410.32 sec so far
Iteration 61214: max relative diff=2829941718.294137, 415.32 sec so far
Iteration 61947: max relative diff=2624755834.012607, 420.33 sec so far
Iteration 62684: max relative diff=2433447682.461620, 425.34 sec so far
Iteration 63434: max relative diff=2253073977.184950, 430.34 sec so far
Iteration 64159: max relative diff=2091432503.046703, 435.34 sec so far
Iteration 64905: max relative diff=1937206153.568777, 440.35 sec so far
Iteration 65648: max relative diff=1794905988.574113, 445.35 sec so far
Iteration 66376: max relative diff=1665622571.904259, 450.36 sec so far
Iteration 67129: max relative diff=1541688830.722736, 455.36 sec so far
Iteration 67862: max relative diff=1429910537.559946, 460.36 sec so far
Iteration 68600: max relative diff=1325556243.149558, 465.36 sec so far
Iteration 69351: max relative diff=1227178855.715049, 470.37 sec so far
Iteration 70078: max relative diff=1138906246.500616, 475.37 sec so far
Iteration 70824: max relative diff=1054923478.349153, 480.38 sec so far
Iteration 71566: max relative diff=977535390.405742, 485.38 sec so far
Iteration 72295: max relative diff=907034735.278440, 490.38 sec so far
Iteration 73047: max relative diff=839633781.554243, 495.39 sec so far
Iteration 73782: max relative diff=778599616.946494, 500.39 sec so far
Iteration 74520: max relative diff=721780126.398813, 505.40 sec so far
Iteration 75272: max relative diff=668146373.539128, 510.40 sec so far
Iteration 76001: max relative diff=619960753.371134, 515.40 sec so far
Iteration 76748: max relative diff=574188408.102441, 520.41 sec so far
Iteration 77493: max relative diff=531905089.816018, 525.41 sec so far
Iteration 78220: max relative diff=493647385.313685, 530.41 sec so far
Iteration 78973: max relative diff=456920407.572571, 535.42 sec so far
Iteration 79706: max relative diff=423795619.715836, 540.42 sec so far
Iteration 80442: max relative diff=392951566.437030, 545.42 sec so far
Iteration 81194: max relative diff=363754716.185926, 550.43 sec so far
Iteration 81921: max relative diff=337593002.251480, 555.43 sec so far
Iteration 82667: max relative diff=312702686.044058, 560.44 sec so far
Iteration 83411: max relative diff=289707371.966893, 565.44 sec so far
Iteration 84138: max relative diff=268872294.886795, 570.45 sec so far
Iteration 84891: max relative diff=248870848.848428, 575.45 sec so far
Iteration 85626: max relative diff=230783761.477176, 580.46 sec so far
Iteration 86362: max relative diff=213989594.992421, 585.46 sec so far
Iteration 87113: max relative diff=198112643.426142, 590.46 sec so far
Iteration 87841: max relative diff=183847611.547982, 595.47 sec so far
Iteration 88587: max relative diff=170295173.725781, 600.48 sec so far
Iteration 89331: max relative diff=157774538.727186, 605.48 sec so far
Iteration 90060: max relative diff=146400068.002757, 610.48 sec so far
Iteration 90811: max relative diff=135539608.651335, 615.49 sec so far
Iteration 91545: max relative diff=125704336.428109, 620.49 sec so far
Iteration 92280: max relative diff=116571165.135576, 625.49 sec so far
Iteration 93032: max relative diff=107913531.278294, 630.50 sec so far
Iteration 93760: max relative diff=100145618.279301, 635.50 sec so far
Iteration 94504: max relative diff=92784781.867483, 640.51 sec so far
Iteration 95247: max relative diff=85974186.981510, 645.51 sec so far
Iteration 95974: max relative diff=79794769.777434, 650.52 sec so far
Iteration 96726: max relative diff=73870174.655492, 655.52 sec so far
Iteration 97461: max relative diff=68505225.141772, 660.52 sec so far
Iteration 98196: max relative diff=63530294.852989, 665.52 sec so far
Iteration 98949: max relative diff=58808362.772101, 670.53 sec so far
Iteration 99675: max relative diff=54588732.143697, 675.53 sec so far
Iteration 100419: max relative diff=50578798.744796, 680.54 sec so far
Iteration 101163: max relative diff=46863813.026647, 685.55 sec so far
Iteration 101890: max relative diff=43497822.306565, 690.55 sec so far
Iteration 102643: max relative diff=40266508.042906, 695.55 sec so far
Iteration 103380: max relative diff=37336812.077378, 700.55 sec so far
Iteration 104117: max relative diff=34620656.015372, 705.55 sec so far
Iteration 104869: max relative diff=32053176.280733, 710.56 sec so far
Iteration 105596: max relative diff=29752596.945208, 715.56 sec so far
Iteration 106339: max relative diff=27572290.869136, 720.57 sec so far
Iteration 107082: max relative diff=25552148.157839, 725.57 sec so far
Iteration 107809: max relative diff=23719223.892941, 730.57 sec so far
Iteration 108560: max relative diff=21964132.292992, 735.58 sec so far
Iteration 109296: max relative diff=20370545.592228, 740.58 sec so far
Iteration 110031: max relative diff=18894893.416410, 745.59 sec so far
Iteration 110782: max relative diff=17497863.447534, 750.59 sec so far
Iteration 111509: max relative diff=16244328.629022, 755.60 sec so far
Iteration 112252: max relative diff=15056328.050573, 760.60 sec so far
Iteration 112998: max relative diff=13951320.593747, 765.60 sec so far
Iteration 113724: max relative diff=12954231.081373, 770.61 sec so far
Iteration 114476: max relative diff=11996892.254354, 775.61 sec so far
Iteration 115213: max relative diff=11127714.205743, 780.62 sec so far
Iteration 115947: max relative diff=10325046.959709, 785.62 sec so far
Iteration 116699: max relative diff=9563096.016055, 790.62 sec so far
Iteration 117425: max relative diff=8881257.653584, 795.63 sec so far
Iteration 118168: max relative diff=8234141.786433, 800.63 sec so far
Iteration 118912: max relative diff=7633785.943564, 805.64 sec so far
Iteration 119639: max relative diff=7089829.021747, 810.64 sec so far
Iteration 120391: max relative diff=6568303.379584, 815.65 sec so far
Iteration 121128: max relative diff=6094804.731914, 820.65 sec so far
Iteration 121863: max relative diff=5656965.376424, 825.65 sec so far
Iteration 122616: max relative diff=5241392.176608, 830.66 sec so far
Iteration 123343: max relative diff=4869533.429865, 835.66 sec so far
Iteration 124087: max relative diff=4516658.862292, 840.67 sec so far
Iteration 124833: max relative diff=4188894.137299, 845.67 sec so far
Iteration 125560: max relative diff=3892747.421884, 850.67 sec so far
Iteration 126310: max relative diff=3609539.416272, 855.67 sec so far
Iteration 127048: max relative diff=3351362.620625, 860.68 sec so far
Iteration 127782: max relative diff=3113277.341171, 865.68 sec so far
Iteration 128536: max relative diff=2886691.119625, 870.68 sec so far
Iteration 129265: max relative diff=2683682.682834, 875.68 sec so far
Iteration 130007: max relative diff=2492083.710941, 880.69 sec so far
Iteration 130753: max relative diff=2313620.286902, 885.69 sec so far
Iteration 131480: max relative diff=2152372.438002, 890.70 sec so far
Iteration 132231: max relative diff=1997971.762242, 895.70 sec so far
Iteration 132967: max relative diff=1857779.157203, 900.70 sec so far
Iteration 133702: max relative diff=1727961.606291, 905.71 sec so far
Iteration 134455: max relative diff=1604745.878083, 910.71 sec so far
Iteration 135181: max relative diff=1494637.377635, 915.71 sec so far
Iteration 135925: max relative diff=1390000.789191, 920.72 sec so far
Iteration 136670: max relative diff=1292935.291991, 925.72 sec so far
Iteration 137398: max relative diff=1204994.640789, 930.72 sec so far
Iteration 138151: max relative diff=1120692.924558, 935.73 sec so far
Iteration 138888: max relative diff=1044260.124225, 940.73 sec so far
Iteration 139622: max relative diff=973676.075942, 945.74 sec so far
Iteration 140375: max relative diff=906586.791847, 950.74 sec so far
Iteration 141103: max relative diff=846475.152200, 955.74 sec so far
Iteration 141844: max relative diff=789727.586438, 960.74 sec so far
Iteration 142589: max relative diff=736857.561364, 965.75 sec so far
Iteration 143300: max relative diff=689918.612817, 970.75 sec so far
Iteration 143801: max relative diff=657102.288138, 975.76 sec so far
Iteration 144202: max relative diff=630984.886658, 980.77 sec so far
Iteration 144602: max relative diff=605895.130749, 985.78 sec so far
Iteration 144933: max relative diff=585837.620466, 990.79 sec so far
Iteration 145297: max relative diff=564500.957975, 995.80 sec so far
Iteration 145699: max relative diff=541796.238982, 1000.81 sec so far
Iteration 146114: max relative diff=519280.834660, 1005.81 sec so far
Iteration 146528: max relative diff=497727.853595, 1010.81 sec so far
Iteration 146925: max relative diff=477884.860409, 1015.82 sec so far
Iteration 147329: max relative diff=458492.980293, 1020.83 sec so far
Iteration 147736: max relative diff=439744.982229, 1025.83 sec so far
Iteration 148131: max relative diff=422277.971556, 1030.84 sec so far
Iteration 148539: max relative diff=404960.557746, 1035.84 sec so far
Iteration 148941: max relative diff=388590.039374, 1040.85 sec so far
Iteration 149340: max relative diff=372994.450052, 1045.86 sec so far
Iteration 149751: max relative diff=357582.770232, 1050.87 sec so far
Iteration 150123: max relative diff=344182.519734, 1055.88 sec so far
Iteration 150458: max relative diff=332544.934320, 1060.89 sec so far
Iteration 150837: max relative diff=319852.185211, 1065.90 sec so far
Iteration 151247: max relative diff=306665.899613, 1070.90 sec so far
Iteration 151643: max relative diff=294446.013965, 1075.90 sec so far
Iteration 152047: max relative diff=282480.772893, 1080.91 sec so far
Iteration 152454: max relative diff=270918.186366, 1085.92 sec so far
Iteration 152848: max relative diff=260175.903009, 1090.92 sec so far
Iteration 153257: max relative diff=249474.953318, 1095.94 sec so far
Iteration 153659: max relative diff=239386.111065, 1100.94 sec so far
Iteration 154057: max relative diff=229799.614738, 1105.95 sec so far
Iteration 154467: max relative diff=220325.339071, 1110.95 sec so far
Iteration 154838: max relative diff=212089.354009, 1115.96 sec so far
Iteration 155173: max relative diff=204917.373494, 1120.97 sec so far
Iteration 155552: max relative diff=197095.360778, 1125.98 sec so far
Iteration 155962: max relative diff=188969.406099, 1130.99 sec so far
Iteration 156360: max relative diff=181401.868451, 1136.00 sec so far
Iteration 156763: max relative diff=174047.994205, 1141.01 sec so far
Iteration 157170: max relative diff=166923.659260, 1146.02 sec so far
Iteration 157564: max relative diff=160304.802744, 1151.02 sec so far
Iteration 157972: max relative diff=153727.231732, 1156.02 sec so far
Iteration 158374: max relative diff=147510.407319, 1161.03 sec so far
Iteration 158772: max relative diff=141603.147398, 1166.04 sec so far
Iteration 159182: max relative diff=135765.049278, 1171.04 sec so far
Iteration 159579: max relative diff=130341.532267, 1176.05 sec so far
Iteration 159982: max relative diff=125057.596642, 1181.05 sec so far
Iteration 160390: max relative diff=119926.275726, 1186.06 sec so far
Iteration 160786: max relative diff=115147.306703, 1191.06 sec so far
Iteration 161194: max relative diff=110422.621372, 1196.07 sec so far
Iteration 161596: max relative diff=105957.061519, 1201.07 sec so far
Iteration 161995: max relative diff=101703.418407, 1206.09 sec so far
Iteration 162404: max relative diff=97520.343303, 1211.09 sec so far
Iteration 162801: max relative diff=93624.618492, 1216.09 sec so far
Iteration 163204: max relative diff=89829.155383, 1221.10 sec so far
Iteration 163611: max relative diff=86152.162268, 1226.10 sec so far
Iteration 164006: max relative diff=82727.560182, 1231.10 sec so far
Iteration 164414: max relative diff=79333.110871, 1236.10 sec so far
Iteration 164770: max relative diff=76485.272205, 1241.11 sec so far
Iteration 165113: max relative diff=73838.168319, 1246.11 sec so far
Iteration 165501: max relative diff=70954.040358, 1251.12 sec so far
Iteration 165910: max relative diff=68035.691241, 1256.14 sec so far
Iteration 166312: max relative diff=65284.285316, 1261.14 sec so far
Iteration 166711: max relative diff=62663.449586, 1266.16 sec so far
Iteration 167120: max relative diff=60086.093570, 1271.16 sec so far
Iteration 167518: max relative diff=57679.861894, 1276.16 sec so far
Iteration 167921: max relative diff=55341.568911, 1281.17 sec so far
Iteration 168329: max relative diff=53070.812344, 1286.18 sec so far
Iteration 168724: max relative diff=50961.214511, 1291.19 sec so far
Iteration 169132: max relative diff=48870.191167, 1296.20 sec so far
Iteration 169535: max relative diff=46889.034810, 1301.21 sec so far
Iteration 169933: max relative diff=45011.297816, 1306.22 sec so far
Iteration 170344: max relative diff=43151.113928, 1311.23 sec so far
Iteration 170713: max relative diff=41546.608492, 1316.24 sec so far
Iteration 171050: max relative diff=40133.428302, 1321.25 sec so far
Iteration 171430: max relative diff=38597.507020, 1326.26 sec so far
Iteration 171840: max relative diff=37006.186090, 1331.27 sec so far
Iteration 172238: max relative diff=35524.221599, 1336.29 sec so far
Iteration 172641: max relative diff=34084.099599, 1341.30 sec so far
Iteration 173049: max relative diff=32685.572336, 1346.31 sec so far
Iteration 173444: max relative diff=31386.300486, 1351.31 sec so far
Iteration 173852: max relative diff=30098.468404, 1356.33 sec so far
Iteration 174257: max relative diff=28872.371492, 1361.34 sec so far
Iteration 174655: max relative diff=27716.136985, 1366.34 sec so far
Iteration 175066: max relative diff=26570.710972, 1371.35 sec so far
Iteration 175464: max relative diff=25506.649680, 1376.36 sec so far
Iteration 175867: max relative diff=24472.631603, 1381.36 sec so far
Iteration 176275: max relative diff=23468.478848, 1386.37 sec so far
Iteration 176670: max relative diff=22535.592204, 1391.38 sec so far
Iteration 177078: max relative diff=21610.919396, 1396.40 sec so far
Iteration 177481: max relative diff=20734.830940, 1401.40 sec so far
Iteration 177879: max relative diff=19904.475629, 1406.41 sec so far
Iteration 178289: max relative diff=19083.842094, 1411.41 sec so far
Iteration 178688: max relative diff=18317.721811, 1416.42 sec so far
Iteration 179090: max relative diff=17576.941680, 1421.42 sec so far
Iteration 179499: max relative diff=16853.999732, 1426.43 sec so far
Iteration 179895: max relative diff=16182.380908, 1431.44 sec so far
Iteration 180302: max relative diff=15519.984575, 1436.45 sec so far
Iteration 180654: max relative diff=14969.007534, 1441.46 sec so far
Iteration 180999: max relative diff=14447.972633, 1446.47 sec so far
Iteration 181390: max relative diff=13879.356599, 1451.47 sec so far
Iteration 181805: max relative diff=13300.299504, 1456.48 sec so far
Iteration 182221: max relative diff=12744.092354, 1461.49 sec so far
Iteration 182618: max relative diff=12234.993686, 1466.50 sec so far
Iteration 183028: max relative diff=11730.562105, 1471.50 sec so far
Iteration 183426: max relative diff=11260.795336, 1476.51 sec so far
Iteration 183827: max relative diff=10806.511383, 1481.52 sec so far
Iteration 184236: max relative diff=10362.038134, 1486.53 sec so far
Iteration 184631: max relative diff=9950.140667, 1491.53 sec so far
Iteration 185038: max relative diff=9542.849755, 1496.55 sec so far
Iteration 185442: max relative diff=9155.050496, 1501.56 sec so far
Iteration 185839: max relative diff=8789.326216, 1506.57 sec so far
Iteration 186248: max relative diff=8427.820060, 1511.57 sec so far
Iteration 186648: max relative diff=8088.654810, 1516.57 sec so far
Iteration 187050: max relative diff=7761.544549, 1521.58 sec so far
Iteration 187386: max relative diff=7498.310743, 1526.58 sec so far
Iteration 187744: max relative diff=7227.657625, 1531.58 sec so far
Iteration 188142: max relative diff=6938.215965, 1536.59 sec so far
Iteration 188544: max relative diff=6657.630171, 1541.59 sec so far
Iteration 188954: max relative diff=6383.145443, 1546.60 sec so far
Iteration 189350: max relative diff=6128.782046, 1551.61 sec so far
Iteration 189757: max relative diff=5877.911499, 1556.61 sec so far
Iteration 190161: max relative diff=5639.046823, 1561.62 sec so far
Iteration 190557: max relative diff=5414.335178, 1566.63 sec so far
Iteration 190883: max relative diff=5236.081421, 1571.64 sec so far
Iteration 191250: max relative diff=5042.421574, 1576.64 sec so far
Iteration 191655: max relative diff=4837.012533, 1581.64 sec so far
Iteration 192052: max relative diff=4643.784443, 1586.65 sec so far
Iteration 192462: max relative diff=4452.327742, 1591.65 sec so far
Iteration 192861: max relative diff=4273.589175, 1596.66 sec so far
Iteration 193263: max relative diff=4100.762555, 1601.67 sec so far
Iteration 193672: max relative diff=3932.097647, 1606.68 sec so far
Iteration 194067: max relative diff=3775.794318, 1611.68 sec so far
Iteration 194473: max relative diff=3621.610926, 1616.68 sec so far
Iteration 194877: max relative diff=3474.437066, 1621.69 sec so far
Iteration 195273: max relative diff=3335.983443, 1626.69 sec so far
Iteration 195682: max relative diff=3198.774001, 1631.70 sec so far
Iteration 196046: max relative diff=3081.414420, 1636.71 sec so far
Iteration 196385: max relative diff=2975.990896, 1641.72 sec so far
Iteration 196767: max relative diff=2861.510861, 1646.73 sec so far
Iteration 197177: max relative diff=2743.534793, 1651.73 sec so far
Iteration 197577: max relative diff=2633.125261, 1656.75 sec so far
Iteration 197977: max relative diff=2527.159000, 1661.75 sec so far
Iteration 198386: max relative diff=2423.216614, 1666.75 sec so far
Iteration 198782: max relative diff=2326.653311, 1671.75 sec so far
Iteration 199188: max relative diff=2231.645143, 1676.76 sec so far
Iteration 199592: max relative diff=2140.956266, 1681.76 sec so far
Iteration 199988: max relative diff=2055.640819, 1686.77 sec so far
Iteration 200397: max relative diff=1971.092039, 1691.78 sec so far
Iteration 200796: max relative diff=1891.962607, 1696.78 sec so far
Iteration 201197: max relative diff=1815.636893, 1701.79 sec so far
Iteration 201606: max relative diff=1740.959506, 1706.79 sec so far
Iteration 202001: max relative diff=1671.755282, 1711.80 sec so far
Iteration 202406: max relative diff=1603.654342, 1716.80 sec so far
Iteration 202811: max relative diff=1538.327575, 1721.81 sec so far
Iteration 203207: max relative diff=1477.026414, 1726.81 sec so far
Iteration 203617: max relative diff=1416.130693, 1731.82 sec so far
Iteration 204016: max relative diff=1359.280168, 1736.82 sec so far
Iteration 204417: max relative diff=1304.443973, 1741.83 sec so far
Iteration 204826: max relative diff=1250.792019, 1746.83 sec so far
Iteration 205221: max relative diff=1201.072258, 1751.84 sec so far
Iteration 205627: max relative diff=1152.026844, 1756.85 sec so far
Iteration 205976: max relative diff=1111.470942, 1761.86 sec so far
Iteration 206324: max relative diff=1072.452891, 1766.87 sec so far
Iteration 206719: max relative diff=1029.822221, 1771.88 sec so far
Iteration 207124: max relative diff=987.871188, 1776.88 sec so far
Iteration 207529: max relative diff=947.629080, 1781.89 sec so far
Iteration 207925: max relative diff=909.866796, 1786.90 sec so far
Iteration 208336: max relative diff=872.264691, 1791.91 sec so far
Iteration 208735: max relative diff=837.247651, 1796.91 sec so far
Iteration 209135: max relative diff=803.553848, 1801.92 sec so far
Iteration 209544: max relative diff=770.503571, 1806.92 sec so far
Iteration 209938: max relative diff=739.951556, 1811.93 sec so far
Iteration 210343: max relative diff=709.808750, 1816.93 sec so far
Iteration 210747: max relative diff=680.963770, 1821.94 sec so far
Iteration 211142: max relative diff=653.895036, 1826.94 sec so far
Iteration 211552: max relative diff=626.935864, 1831.95 sec so far
Iteration 211951: max relative diff=601.767542, 1836.96 sec so far
Iteration 212350: max relative diff=577.609602, 1841.96 sec so far
Iteration 212759: max relative diff=553.852442, 1846.96 sec so far
Iteration 213154: max relative diff=531.836463, 1851.97 sec so far
Iteration 213558: max relative diff=510.223864, 1856.97 sec so far
Iteration 213962: max relative diff=489.489551, 1861.98 sec so far
Iteration 214357: max relative diff=470.032036, 1866.99 sec so far
Iteration 214765: max relative diff=450.745841, 1871.99 sec so far
Iteration 215164: max relative diff=432.650662, 1876.99 sec so far
Iteration 215564: max relative diff=415.239271, 1882.00 sec so far
Iteration 215973: max relative diff=398.160425, 1887.00 sec so far
Iteration 216349: max relative diff=383.079998, 1892.01 sec so far
Iteration 216681: max relative diff=370.239836, 1897.02 sec so far
Iteration 217057: max relative diff=356.216908, 1902.03 sec so far
Iteration 217467: max relative diff=341.530586, 1907.03 sec so far
Iteration 217862: max relative diff=327.954533, 1912.04 sec so far
Iteration 218267: max relative diff=314.594915, 1917.04 sec so far
Iteration 218672: max relative diff=301.779517, 1922.05 sec so far
Iteration 219068: max relative diff=289.753837, 1927.06 sec so far
Iteration 219478: max relative diff=277.807694, 1932.07 sec so far
Iteration 219878: max relative diff=266.627731, 1937.07 sec so far
Iteration 220278: max relative diff=255.897690, 1942.08 sec so far
Iteration 220688: max relative diff=245.347388, 1947.09 sec so far
Iteration 221083: max relative diff=235.594676, 1952.09 sec so far
Iteration 221488: max relative diff=225.997447, 1957.10 sec so far
Iteration 221834: max relative diff=218.108625, 1962.11 sec so far
Iteration 222181: max relative diff=210.473561, 1967.11 sec so far
Iteration 222576: max relative diff=202.107106, 1972.11 sec so far
Iteration 222981: max relative diff=193.874032, 1977.12 sec so far
Iteration 223386: max relative diff=185.976343, 1982.12 sec so far
Iteration 223781: max relative diff=178.583668, 1987.12 sec so far
Iteration 224193: max relative diff=171.185753, 1992.13 sec so far
Iteration 224593: max relative diff=164.296633, 1997.14 sec so far
Iteration 224993: max relative diff=157.684757, 2002.14 sec so far
Iteration 225403: max relative diff=151.183636, 2007.15 sec so far
Iteration 225798: max relative diff=145.173992, 2012.16 sec so far
Iteration 226203: max relative diff=139.260157, 2017.17 sec so far
Iteration 226608: max relative diff=133.587229, 2022.17 sec so far
Iteration 227003: max relative diff=128.277053, 2027.18 sec so far
Iteration 227413: max relative diff=122.988371, 2032.19 sec so far
Iteration 227814: max relative diff=118.026764, 2037.20 sec so far
Iteration 228214: max relative diff=113.276950, 2042.20 sec so far
Iteration 228624: max relative diff=108.606701, 2047.21 sec so far
Iteration 228998: max relative diff=104.514657, 2052.22 sec so far
Iteration 229331: max relative diff=101.001139, 2057.22 sec so far
Iteration 229708: max relative diff=97.165717, 2062.23 sec so far
Iteration 230118: max relative diff=93.159711, 2067.24 sec so far
Iteration 230513: max relative diff=89.456555, 2072.24 sec so far
Iteration 230918: max relative diff=85.812435, 2077.26 sec so far
Iteration 231324: max relative diff=82.308311, 2082.27 sec so far
Iteration 231719: max relative diff=79.036505, 2087.28 sec so far
Iteration 232129: max relative diff=75.777941, 2092.28 sec so far
Iteration 232530: max relative diff=72.720901, 2097.28 sec so far
Iteration 232930: max relative diff=69.794355, 2102.29 sec so far
Iteration 233340: max relative diff=66.916832, 2107.29 sec so far
Iteration 233713: max relative diff=64.402177, 2112.30 sec so far
Iteration 234046: max relative diff=62.237139, 2117.30 sec so far
Iteration 234424: max relative diff=59.867595, 2122.31 sec so far
Iteration 234836: max relative diff=57.387551, 2127.32 sec so far
Iteration 235252: max relative diff=54.987652, 2132.33 sec so far
Iteration 235656: max relative diff=52.753082, 2137.33 sec so far
Iteration 236062: max relative diff=50.598926, 2142.34 sec so far
Iteration 236454: max relative diff=48.602558, 2147.35 sec so far
Iteration 236780: max relative diff=47.002437, 2152.35 sec so far
Iteration 237150: max relative diff=45.250080, 2157.36 sec so far
Iteration 237556: max relative diff=43.402307, 2162.37 sec so far
Iteration 237952: max relative diff=41.672758, 2167.38 sec so far
Iteration 238361: max relative diff=39.958752, 2172.39 sec so far
Iteration 238762: max relative diff=38.346733, 2177.40 sec so far
Iteration 239162: max relative diff=36.803525, 2182.41 sec so far
Iteration 239572: max relative diff=35.286167, 2187.41 sec so far
Iteration 239968: max relative diff=33.880041, 2192.41 sec so far
Iteration 240373: max relative diff=32.499897, 2197.43 sec so far
Iteration 240779: max relative diff=31.172774, 2202.43 sec so far
Iteration 241175: max relative diff=29.930563, 2207.44 sec so far
Iteration 241585: max relative diff=28.696568, 2212.46 sec so far
Iteration 241986: max relative diff=27.538889, 2217.46 sec so far
Iteration 242385: max relative diff=26.433341, 2222.47 sec so far
Iteration 242796: max relative diff=25.340929, 2227.48 sec so far
Iteration 243167: max relative diff=24.393657, 2232.48 sec so far
Iteration 243502: max relative diff=23.568763, 2237.49 sec so far
Iteration 243880: max relative diff=22.671433, 2242.49 sec so far
Iteration 244291: max relative diff=21.734490, 2247.50 sec so far
Iteration 244688: max relative diff=20.866244, 2252.51 sec so far
Iteration 245092: max relative diff=20.018289, 2257.52 sec so far
Iteration 245499: max relative diff=19.198876, 2262.53 sec so far
Iteration 245895: max relative diff=18.433816, 2267.54 sec so far
Iteration 246304: max relative diff=17.675631, 2272.55 sec so far
Iteration 246706: max relative diff=16.960817, 2277.56 sec so far
Iteration 247105: max relative diff=16.279926, 2282.57 sec so far
Iteration 247515: max relative diff=15.608727, 2287.58 sec so far
Iteration 247911: max relative diff=14.986732, 2292.58 sec so far
Iteration 248315: max relative diff=14.377706, 2297.59 sec so far
Iteration 248657: max relative diff=13.881528, 2302.59 sec so far
Iteration 249009: max relative diff=13.388718, 2307.60 sec so far
Iteration 249406: max relative diff=12.853868, 2312.60 sec so far
Iteration 249810: max relative diff=12.331517, 2317.61 sec so far
Iteration 250216: max relative diff=11.827963, 2322.62 sec so far
Iteration 250611: max relative diff=11.357794, 2327.62 sec so far
Iteration 251019: max relative diff=10.891765, 2332.62 sec so far
Iteration 251421: max relative diff=10.451295, 2337.63 sec so far
Iteration 251820: max relative diff=10.031728, 2342.64 sec so far
Iteration 252230: max relative diff=9.618134, 2347.65 sec so far
Iteration 252626: max relative diff=9.234859, 2352.66 sec so far
Iteration 253030: max relative diff=8.859576, 2357.67 sec so far
Iteration 253438: max relative diff=8.496053, 2362.67 sec so far
Iteration 253833: max relative diff=8.158329, 2367.67 sec so far
Iteration 254241: max relative diff=7.823580, 2372.68 sec so far
Iteration 254642: max relative diff=7.507960, 2377.68 sec so far
Iteration 255041: max relative diff=7.206553, 2382.69 sec so far
Iteration 255451: max relative diff=6.909437, 2387.70 sec so far
Iteration 255848: max relative diff=6.633420, 2392.71 sec so far
Iteration 256251: max relative diff=6.364507, 2397.71 sec so far
Iteration 256593: max relative diff=6.144867, 2402.72 sec so far
Iteration 256946: max relative diff=5.926108, 2407.73 sec so far
Iteration 257342: max relative diff=5.689958, 2412.74 sec so far
Iteration 257745: max relative diff=5.459291, 2417.74 sec so far
Iteration 258152: max relative diff=5.235825, 2422.75 sec so far
Iteration 258548: max relative diff=5.027182, 2427.76 sec so far
Iteration 258956: max relative diff=4.820908, 2432.77 sec so far
Iteration 259358: max relative diff=4.625948, 2437.78 sec so far
Iteration 259756: max relative diff=4.440695, 2442.78 sec so far
Iteration 260086: max relative diff=4.292732, 2447.78 sec so far
Iteration 260452: max relative diff=4.134387, 2452.80 sec so far
Iteration 260855: max relative diff=3.966783, 2457.80 sec so far
Iteration 261254: max relative diff=3.807536, 2462.81 sec so far
Iteration 261665: max relative diff=3.650182, 2467.82 sec so far
Iteration 262062: max relative diff=3.504365, 2472.82 sec so far
Iteration 262465: max relative diff=3.362301, 2477.82 sec so far
Iteration 262873: max relative diff=3.224341, 2482.83 sec so far
Iteration 263269: max relative diff=3.095853, 2487.84 sec so far
Iteration 263678: max relative diff=2.968520, 2492.85 sec so far
Iteration 264081: max relative diff=2.848179, 2497.86 sec so far
Iteration 264479: max relative diff=2.734120, 2502.87 sec so far
Iteration 264889: max relative diff=2.621396, 2507.88 sec so far
Iteration 265258: max relative diff=2.523923, 2512.89 sec so far
Iteration 265594: max relative diff=2.438324, 2517.89 sec so far
Iteration 265974: max relative diff=2.345009, 2522.90 sec so far
Iteration 266384: max relative diff=2.248327, 2527.90 sec so far
Iteration 266781: max relative diff=2.158511, 2532.91 sec so far
Iteration 267185: max relative diff=2.070795, 2537.91 sec so far
Iteration 267593: max relative diff=1.985826, 2542.92 sec so far
Iteration 267988: max relative diff=1.906889, 2547.92 sec so far
Iteration 268395: max relative diff=1.828834, 2552.92 sec so far
Iteration 268798: max relative diff=1.754694, 2557.93 sec so far
Iteration 269196: max relative diff=1.684425, 2562.94 sec so far
Iteration 269606: max relative diff=1.614979, 2567.94 sec so far
Iteration 270004: max relative diff=1.550304, 2572.95 sec so far
Iteration 270407: max relative diff=1.487456, 2577.96 sec so far
Iteration 270815: max relative diff=1.426424, 2582.97 sec so far
Iteration 271210: max relative diff=1.369722, 2587.97 sec so far
Iteration 271618: max relative diff=1.313520, 2592.98 sec so far
Iteration 272021: max relative diff=1.260271, 2597.98 sec so far
Iteration 272418: max relative diff=1.209926, 2602.99 sec so far
Iteration 272828: max relative diff=1.160043, 2607.99 sec so far
Iteration 273196: max relative diff=1.117023, 2612.99 sec so far
Iteration 273532: max relative diff=1.079139, 2618.00 sec so far
Iteration 273913: max relative diff=1.037733, 2623.01 sec so far
Iteration 274325: max relative diff=0.994745, 2628.01 sec so far
Iteration 274741: max relative diff=0.953145, 2633.02 sec so far
Iteration 275144: max relative diff=0.914506, 2638.03 sec so far
Iteration 275552: max relative diff=0.876982, 2643.04 sec so far
Iteration 275947: max relative diff=0.842121, 2648.04 sec so far
Iteration 276354: max relative diff=0.807651, 2653.05 sec so far
Iteration 276757: max relative diff=0.774909, 2658.05 sec so far
Iteration 277154: max relative diff=0.743953, 2663.05 sec so far
Iteration 277564: max relative diff=0.713281, 2668.06 sec so far
Iteration 277962: max relative diff=0.684717, 2673.07 sec so far
Iteration 278364: max relative diff=0.657026, 2678.07 sec so far
Iteration 278702: max relative diff=0.634613, 2683.07 sec so far
Iteration 279058: max relative diff=0.611832, 2688.08 sec so far
Iteration 279456: max relative diff=0.587330, 2693.09 sec so far
Iteration 279871: max relative diff=0.562827, 2698.09 sec so far
Iteration 280287: max relative diff=0.539290, 2703.10 sec so far
Iteration 280682: max relative diff=0.517853, 2708.11 sec so far
Iteration 281089: max relative diff=0.496655, 2713.12 sec so far
Iteration 281492: max relative diff=0.476521, 2718.12 sec so far
Iteration 281889: max relative diff=0.457485, 2723.13 sec so far
Iteration 282299: max relative diff=0.438624, 2728.13 sec so far
Iteration 282697: max relative diff=0.421058, 2733.14 sec so far
Iteration 283099: max relative diff=0.404031, 2738.15 sec so far
Iteration 283507: max relative diff=0.387453, 2743.16 sec so far
Iteration 283902: max relative diff=0.372051, 2748.16 sec so far
Iteration 284309: max relative diff=0.356822, 2753.17 sec so far
Iteration 284662: max relative diff=0.344119, 2758.19 sec so far
Iteration 285007: max relative diff=0.332141, 2763.20 sec so far
Iteration 285398: max relative diff=0.319069, 2768.20 sec so far
Iteration 285804: max relative diff=0.306040, 2773.21 sec so far
Iteration 286208: max relative diff=0.293603, 2778.22 sec so far
Iteration 286605: max relative diff=0.281875, 2783.22 sec so far
Iteration 287015: max relative diff=0.270253, 2788.23 sec so far
Iteration 287414: max relative diff=0.259404, 2793.24 sec so far
Iteration 287816: max relative diff=0.248913, 2798.25 sec so far
Iteration 288225: max relative diff=0.238676, 2803.26 sec so far
Iteration 288620: max relative diff=0.229188, 2808.26 sec so far
Iteration 289028: max relative diff=0.219784, 2813.27 sec so far
Iteration 289432: max relative diff=0.210853, 2818.28 sec so far
Iteration 289830: max relative diff=0.202409, 2823.29 sec so far
Iteration 290240: max relative diff=0.194064, 2828.29 sec so far
Iteration 290638: max relative diff=0.186292, 2833.30 sec so far
Iteration 291040: max relative diff=0.178758, 2838.31 sec so far
Iteration 291449: max relative diff=0.171406, 2843.31 sec so far
Iteration 291845: max relative diff=0.164576, 2848.31 sec so far
Iteration 292252: max relative diff=0.157839, 2853.33 sec so far
Iteration 292602: max relative diff=0.152267, 2858.33 sec so far
Iteration 292948: max relative diff=0.146952, 2863.34 sec so far
Iteration 293340: max relative diff=0.141154, 2868.34 sec so far
Iteration 293746: max relative diff=0.135390, 2873.35 sec so far
Iteration 294150: max relative diff=0.129888, 2878.35 sec so far
Iteration 294547: max relative diff=0.124699, 2883.36 sec so far
Iteration 294958: max relative diff=0.119546, 2888.37 sec so far
Iteration 295357: max relative diff=0.114747, 2893.38 sec so far
Iteration 295758: max relative diff=0.110117, 2898.39 sec so far
Iteration 296167: max relative diff=0.105588, 2903.39 sec so far
Iteration 296563: max relative diff=0.101381, 2908.40 sec so far
Iteration 296969: max relative diff=0.097241, 2913.41 sec so far
Iteration 297374: max relative diff=0.093280, 2918.42 sec so far
Iteration 297771: max relative diff=0.089553, 2923.43 sec so far
Iteration 298181: max relative diff=0.085861, 2928.43 sec so far
Iteration 298580: max relative diff=0.082414, 2933.43 sec so far
Iteration 298981: max relative diff=0.079089, 2938.44 sec so far
Iteration 299390: max relative diff=0.075837, 2943.45 sec so far
Iteration 299785: max relative diff=0.072822, 2948.45 sec so far
Iteration 300191: max relative diff=0.069848, 2953.46 sec so far
Iteration 300595: max relative diff=0.067010, 2958.47 sec so far
Iteration 300991: max relative diff=0.064340, 2963.47 sec so far
Iteration 301401: max relative diff=0.061687, 2968.47 sec so far
Iteration 301800: max relative diff=0.059210, 2973.47 sec so far
Iteration 302201: max relative diff=0.056822, 2978.48 sec so far
Iteration 302536: max relative diff=0.054900, 2983.49 sec so far
Iteration 302896: max relative diff=0.052908, 2988.50 sec so far
Iteration 303296: max relative diff=0.050779, 2993.51 sec so far
Iteration 303697: max relative diff=0.048730, 2998.51 sec so far
Iteration 304107: max relative diff=0.046721, 3003.52 sec so far
Iteration 304502: max relative diff=0.044864, 3008.53 sec so far
Iteration 304907: max relative diff=0.043036, 3013.53 sec so far
Iteration 305312: max relative diff=0.041283, 3018.54 sec so far
Iteration 305708: max relative diff=0.039638, 3023.54 sec so far
Iteration 306118: max relative diff=0.038004, 3028.55 sec so far
Iteration 306517: max relative diff=0.036478, 3033.55 sec so far
Iteration 306918: max relative diff=0.035007, 3038.56 sec so far
Iteration 307327: max relative diff=0.033567, 3043.56 sec so far
Iteration 307722: max relative diff=0.032232, 3048.57 sec so far
Iteration 308128: max relative diff=0.030916, 3053.57 sec so far
Iteration 308533: max relative diff=0.029657, 3058.58 sec so far
Iteration 308929: max relative diff=0.028475, 3063.59 sec so far
Iteration 309340: max relative diff=0.027298, 3068.60 sec so far
Iteration 309739: max relative diff=0.026202, 3073.61 sec so far
Iteration 310139: max relative diff=0.025148, 3078.61 sec so far
Iteration 310548: max relative diff=0.024114, 3083.61 sec so far
Iteration 310943: max relative diff=0.023155, 3088.62 sec so far
Iteration 311348: max relative diff=0.022212, 3093.62 sec so far
Iteration 311753: max relative diff=0.021307, 3098.63 sec so far
Iteration 312149: max relative diff=0.020458, 3103.64 sec so far
Iteration 312475: max relative diff=0.019784, 3108.65 sec so far
Iteration 312843: max relative diff=0.019051, 3113.65 sec so far
Iteration 313248: max relative diff=0.018275, 3118.66 sec so far
Iteration 313644: max relative diff=0.017546, 3123.67 sec so far
Iteration 314055: max relative diff=0.016821, 3128.68 sec so far
Iteration 314455: max relative diff=0.016144, 3133.69 sec so far
Iteration 314856: max relative diff=0.015493, 3138.70 sec so far
Iteration 315266: max relative diff=0.014854, 3143.70 sec so far
Iteration 315661: max relative diff=0.014264, 3148.71 sec so far
Iteration 316066: max relative diff=0.013683, 3153.72 sec so far
Iteration 316471: max relative diff=0.013125, 3158.72 sec so far
Iteration 316866: max relative diff=0.012604, 3163.72 sec so far
Iteration 317276: max relative diff=0.012084, 3168.72 sec so far
Iteration 317638: max relative diff=0.011643, 3173.73 sec so far
Iteration 317978: max relative diff=0.011244, 3178.73 sec so far
Iteration 318361: max relative diff=0.010810, 3183.74 sec so far
Iteration 318771: max relative diff=0.010364, 3188.75 sec so far
Iteration 319170: max relative diff=0.009948, 3193.75 sec so far
Iteration 319570: max relative diff=0.009548, 3198.76 sec so far
Iteration 319980: max relative diff=0.009154, 3203.76 sec so far
Iteration 320376: max relative diff=0.008789, 3208.77 sec so far
Iteration 320781: max relative diff=0.008431, 3213.77 sec so far
Iteration 321128: max relative diff=0.008136, 3218.78 sec so far
Iteration 321475: max relative diff=0.007851, 3223.78 sec so far
Iteration 321869: max relative diff=0.007540, 3228.78 sec so far
Iteration 322274: max relative diff=0.007233, 3233.79 sec so far
Iteration 322679: max relative diff=0.006938, 3238.79 sec so far
Iteration 323075: max relative diff=0.006662, 3243.80 sec so far
Iteration 323485: max relative diff=0.006387, 3248.81 sec so far
Iteration 323884: max relative diff=0.006131, 3253.82 sec so far
Iteration 324284: max relative diff=0.005884, 3258.83 sec so far
Iteration 324694: max relative diff=0.005641, 3263.84 sec so far
Iteration 325089: max relative diff=0.005417, 3268.84 sec so far
Iteration 325495: max relative diff=0.005196, 3273.85 sec so far
Iteration 325900: max relative diff=0.004984, 3278.86 sec so far
Iteration 326295: max relative diff=0.004786, 3283.86 sec so far
Iteration 326705: max relative diff=0.004589, 3288.86 sec so far
Iteration 327105: max relative diff=0.004404, 3293.87 sec so far
Iteration 327505: max relative diff=0.004227, 3298.87 sec so far
Iteration 327915: max relative diff=0.004053, 3303.88 sec so far
Iteration 328291: max relative diff=0.003899, 3308.89 sec so far
Iteration 328623: max relative diff=0.003768, 3313.90 sec so far
Iteration 328999: max relative diff=0.003626, 3318.91 sec so far
Iteration 329409: max relative diff=0.003476, 3323.92 sec so far
Iteration 329804: max relative diff=0.003338, 3328.92 sec so far
Iteration 330209: max relative diff=0.003202, 3333.93 sec so far
Iteration 330615: max relative diff=0.003071, 3338.94 sec so far
Iteration 331010: max relative diff=0.002949, 3343.94 sec so far
Iteration 331421: max relative diff=0.002827, 3348.96 sec so far
Iteration 331822: max relative diff=0.002713, 3353.97 sec so far
Iteration 332222: max relative diff=0.002604, 3358.97 sec so far
Iteration 332632: max relative diff=0.002497, 3363.97 sec so far
Iteration 333027: max relative diff=0.002397, 3368.98 sec so far
Iteration 333432: max relative diff=0.002300, 3373.99 sec so far
Iteration 333837: max relative diff=0.002206, 3378.99 sec so far
Iteration 334232: max relative diff=0.002118, 3384.00 sec so far
Iteration 334643: max relative diff=0.002031, 3389.01 sec so far
Iteration 335004: max relative diff=0.001957, 3394.02 sec so far
Iteration 335345: max relative diff=0.001890, 3399.04 sec so far
Iteration 335730: max relative diff=0.001816, 3404.05 sec so far
Iteration 336139: max relative diff=0.001742, 3409.05 sec so far
Iteration 336540: max relative diff=0.001671, 3414.06 sec so far
Iteration 336940: max relative diff=0.001604, 3419.06 sec so far
Iteration 337350: max relative diff=0.001538, 3424.07 sec so far
Iteration 337745: max relative diff=0.001477, 3429.07 sec so far
Iteration 338149: max relative diff=0.001417, 3434.08 sec so far
Iteration 338555: max relative diff=0.001359, 3439.09 sec so far
Iteration 338951: max relative diff=0.001305, 3444.10 sec so far
Iteration 339361: max relative diff=0.001251, 3449.11 sec so far
Iteration 339761: max relative diff=0.001201, 3454.11 sec so far
Iteration 340161: max relative diff=0.001152, 3459.12 sec so far
Iteration 340571: max relative diff=0.001105, 3464.13 sec so far
Iteration 340966: max relative diff=0.001061, 3469.13 sec so far
Iteration 341371: max relative diff=0.001018, 3474.14 sec so far
Iteration 341716: max relative diff=0.000982, 3479.16 sec so far
Iteration 342066: max relative diff=0.000948, 3484.17 sec so far
Iteration 342462: max relative diff=0.000910, 3489.18 sec so far
Iteration 342877: max relative diff=0.000872, 3494.19 sec so far
Iteration 343292: max relative diff=0.000836, 3499.20 sec so far
Iteration 343688: max relative diff=0.000802, 3504.21 sec so far
Iteration 344097: max relative diff=0.000769, 3509.22 sec so far
Iteration 344498: max relative diff=0.000738, 3514.22 sec so far
Iteration 344897: max relative diff=0.000709, 3519.23 sec so far
Iteration 345308: max relative diff=0.000679, 3524.24 sec so far
Iteration 345705: max relative diff=0.000652, 3529.25 sec so far
Iteration 346110: max relative diff=0.000626, 3534.25 sec so far
Iteration 346517: max relative diff=0.000600, 3539.26 sec so far
Iteration 346912: max relative diff=0.000576, 3544.26 sec so far
Iteration 347322: max relative diff=0.000552, 3549.27 sec so far
Iteration 347680: max relative diff=0.000532, 3554.28 sec so far
Iteration 348022: max relative diff=0.000514, 3559.28 sec so far
Iteration 348408: max relative diff=0.000494, 3564.28 sec so far
Iteration 348817: max relative diff=0.000474, 3569.29 sec so far
Iteration 349218: max relative diff=0.000455, 3574.30 sec so far
Iteration 349616: max relative diff=0.000436, 3579.30 sec so far
Iteration 350027: max relative diff=0.000418, 3584.32 sec so far
Iteration 350422: max relative diff=0.000402, 3589.32 sec so far
Iteration 350825: max relative diff=0.000385, 3594.32 sec so far
Iteration 351230: max relative diff=0.000370, 3599.32 sec so far
Iteration 351625: max relative diff=0.000355, 3604.33 sec so far
Iteration 352033: max relative diff=0.000341, 3609.33 sec so far
Iteration 352433: max relative diff=0.000327, 3614.34 sec so far
Iteration 352832: max relative diff=0.000314, 3619.35 sec so far
Iteration 353162: max relative diff=0.000303, 3624.36 sec so far
Iteration 353525: max relative diff=0.000292, 3629.36 sec so far
Iteration 353926: max relative diff=0.000280, 3634.37 sec so far
Iteration 354323: max relative diff=0.000269, 3639.37 sec so far
Iteration 354733: max relative diff=0.000258, 3644.38 sec so far
Iteration 355128: max relative diff=0.000248, 3649.38 sec so far
Iteration 355532: max relative diff=0.000238, 3654.39 sec so far
Iteration 355938: max relative diff=0.000228, 3659.40 sec so far
Iteration 356332: max relative diff=0.000219, 3664.40 sec so far
Iteration 356740: max relative diff=0.000210, 3669.40 sec so far
Iteration 357141: max relative diff=0.000202, 3674.41 sec so far
Iteration 357539: max relative diff=0.000193, 3679.41 sec so far
Iteration 357948: max relative diff=0.000186, 3684.42 sec so far
Iteration 358345: max relative diff=0.000178, 3689.43 sec so far
Iteration 358748: max relative diff=0.000171, 3694.43 sec so far
Iteration 359153: max relative diff=0.000164, 3699.44 sec so far
Iteration 359548: max relative diff=0.000157, 3704.45 sec so far
Iteration 359957: max relative diff=0.000151, 3709.46 sec so far
Iteration 360313: max relative diff=0.000146, 3714.46 sec so far
Iteration 360655: max relative diff=0.000140, 3719.47 sec so far
Iteration 361042: max relative diff=0.000135, 3724.48 sec so far
Iteration 361450: max relative diff=0.000129, 3729.49 sec so far
Iteration 361851: max relative diff=0.000124, 3734.49 sec so far
Iteration 362250: max relative diff=0.000119, 3739.51 sec so far
Iteration 362660: max relative diff=0.000114, 3744.52 sec so far
Iteration 363056: max relative diff=0.000110, 3749.52 sec so far
Iteration 363459: max relative diff=0.000105, 3754.53 sec so far
Iteration 363800: max relative diff=0.000102, 3759.54 sec so far
Iteration 364152: max relative diff=0.000098, 3764.55 sec so far
Iteration 364548: max relative diff=0.000094, 3769.55 sec so far
Iteration 364964: max relative diff=0.000090, 3774.56 sec so far
Iteration 365379: max relative diff=0.000086, 3779.57 sec so far
Iteration 365775: max relative diff=0.000083, 3784.58 sec so far
Iteration 366183: max relative diff=0.000080, 3789.58 sec so far
Iteration 366584: max relative diff=0.000076, 3794.58 sec so far
Iteration 366982: max relative diff=0.000073, 3799.59 sec so far
Iteration 367392: max relative diff=0.000070, 3804.60 sec so far
Iteration 367762: max relative diff=0.000068, 3809.61 sec so far
Iteration 368097: max relative diff=0.000065, 3814.62 sec so far
Iteration 368475: max relative diff=0.000063, 3819.62 sec so far
Iteration 368885: max relative diff=0.000060, 3824.63 sec so far
Iteration 369282: max relative diff=0.000058, 3829.64 sec so far
Iteration 369685: max relative diff=0.000056, 3834.64 sec so far
Iteration 370092: max relative diff=0.000053, 3839.66 sec so far
Iteration 370480: max relative diff=0.000051, 3844.67 sec so far
Iteration 370808: max relative diff=0.000050, 3849.67 sec so far
Iteration 371180: max relative diff=0.000048, 3854.68 sec so far
Iteration 371587: max relative diff=0.000046, 3859.69 sec so far
Iteration 371982: max relative diff=0.000044, 3864.70 sec so far
Iteration 372390: max relative diff=0.000042, 3869.70 sec so far
Iteration 372792: max relative diff=0.000040, 3874.70 sec so far
Iteration 373189: max relative diff=0.000039, 3879.70 sec so far
Iteration 373599: max relative diff=0.000037, 3884.72 sec so far
Iteration 373969: max relative diff=0.000036, 3889.73 sec so far
Iteration 374305: max relative diff=0.000035, 3894.74 sec so far
Iteration 374684: max relative diff=0.000033, 3899.74 sec so far
Iteration 375094: max relative diff=0.000032, 3904.75 sec so far
Iteration 375492: max relative diff=0.000031, 3909.76 sec so far
Iteration 375895: max relative diff=0.000029, 3914.76 sec so far
Iteration 376303: max relative diff=0.000028, 3919.77 sec so far
Iteration 376698: max relative diff=0.000027, 3924.78 sec so far
Iteration 377105: max relative diff=0.000026, 3929.78 sec so far
Iteration 377508: max relative diff=0.000025, 3934.79 sec so far
Iteration 377905: max relative diff=0.000024, 3939.80 sec so far
Iteration 378315: max relative diff=0.000023, 3944.81 sec so far
Iteration 378712: max relative diff=0.000022, 3949.81 sec so far
Iteration 379114: max relative diff=0.000021, 3954.81 sec so far
Iteration 379521: max relative diff=0.000020, 3959.82 sec so far
Iteration 379906: max relative diff=0.000019, 3964.82 sec so far
Iteration 380236: max relative diff=0.000019, 3969.83 sec so far
Iteration 380608: max relative diff=0.000018, 3974.84 sec so far
Iteration 381015: max relative diff=0.000017, 3979.84 sec so far
Iteration 381409: max relative diff=0.000017, 3984.84 sec so far
Iteration 381816: max relative diff=0.000016, 3989.85 sec so far
Iteration 382218: max relative diff=0.000015, 3994.85 sec so far
Iteration 382615: max relative diff=0.000015, 3999.86 sec so far
Iteration 382944: max relative diff=0.000014, 4004.87 sec so far
Iteration 383310: max relative diff=0.000014, 4009.88 sec so far
Iteration 383712: max relative diff=0.000013, 4014.88 sec so far
Iteration 384109: max relative diff=0.000013, 4019.89 sec so far
Iteration 384519: max relative diff=0.000012, 4024.89 sec so far
Iteration 384917: max relative diff=0.000012, 4029.91 sec so far
Iteration 385318: max relative diff=0.000011, 4034.91 sec so far
Iteration 385725: max relative diff=0.000011, 4039.91 sec so far
Iteration 386119: max relative diff=0.000010, 4044.92 sec so far
Iteration 386526: max relative diff=0.000010, 4049.92 sec so far
Iteration 386928: max relative diff=0.000009, 4054.92 sec so far
Iteration 387325: max relative diff=0.000009, 4059.93 sec so far
Iteration 387653: max relative diff=0.000009, 4064.94 sec so far
Iteration 388019: max relative diff=0.000008, 4069.94 sec so far
Iteration 388422: max relative diff=0.000008, 4074.95 sec so far
Iteration 388819: max relative diff=0.000008, 4079.95 sec so far
Iteration 389229: max relative diff=0.000007, 4084.95 sec so far
Iteration 389628: max relative diff=0.000007, 4089.96 sec so far
Iteration 390030: max relative diff=0.000007, 4094.98 sec so far
Iteration 390438: max relative diff=0.000007, 4099.99 sec so far
Iteration 390834: max relative diff=0.000006, 4104.99 sec so far
Iteration 391241: max relative diff=0.000006, 4110.00 sec so far
Iteration 391593: max relative diff=0.000006, 4115.01 sec so far
Iteration 391937: max relative diff=0.000006, 4120.01 sec so far
Iteration 392327: max relative diff=0.000005, 4125.02 sec so far
Iteration 392733: max relative diff=0.000005, 4130.02 sec so far
Iteration 393136: max relative diff=0.000005, 4135.02 sec so far
Iteration 393533: max relative diff=0.000005, 4140.03 sec so far
Iteration 393861: max relative diff=0.000005, 4145.04 sec so far
Iteration 394227: max relative diff=0.000004, 4150.04 sec so far
Iteration 394629: max relative diff=0.000004, 4155.05 sec so far
Iteration 395044: max relative diff=0.000004, 4160.06 sec so far
Iteration 395455: max relative diff=0.000004, 4165.06 sec so far
Iteration 395853: max relative diff=0.000004, 4170.07 sec so far
Iteration 396254: max relative diff=0.000004, 4175.07 sec so far
Iteration 396662: max relative diff=0.000003, 4180.07 sec so far
Iteration 397381: max relative diff=0.000003, 4185.08 sec so far
Iteration 398098: max relative diff=0.000003, 4190.08 sec so far
Iteration 398465: max relative diff=0.000003, 4195.09 sec so far
Iteration 398809: max relative diff=0.000003, 4200.10 sec so far
Iteration 399199: max relative diff=0.000003, 4205.10 sec so far
Iteration 399605: max relative diff=0.000003, 4210.10 sec so far
Iteration 400007: max relative diff=0.000003, 4215.10 sec so far
Iteration 400404: max relative diff=0.000002, 4220.11 sec so far
Iteration 400814: max relative diff=0.000002, 4225.12 sec so far
Iteration 401212: max relative diff=0.000002, 4230.12 sec so far
Iteration 401613: max relative diff=0.000002, 4235.12 sec so far
Iteration 402022: max relative diff=0.000002, 4240.13 sec so far
Iteration 402404: max relative diff=0.000002, 4245.14 sec so far
Iteration 402734: max relative diff=0.000002, 4250.15 sec so far
Iteration 403108: max relative diff=0.000002, 4255.16 sec so far
Iteration 403516: max relative diff=0.000002, 4260.16 sec so far
Iteration 403912: max relative diff=0.000002, 4265.18 sec so far
Iteration 404318: max relative diff=0.000002, 4270.18 sec so far
Iteration 404921: max relative diff=0.000002, 4275.18 sec so far
Iteration 405338: max relative diff=0.000001, 4280.19 sec so far
Iteration 405748: max relative diff=0.000001, 4285.20 sec so far
Iteration 406147: max relative diff=0.000001, 4290.21 sec so far
Iteration 406548: max relative diff=0.000001, 4295.21 sec so far
Iteration 406957: max relative diff=0.000001, 4300.22 sec so far
Iteration 407352: max relative diff=0.000001, 4305.23 sec so far
Iteration 407758: max relative diff=0.000001, 4310.23 sec so far
Iteration 408161: max relative diff=0.000001, 4315.24 sec so far
Iteration 408557: max relative diff=0.000001, 4320.25 sec so far
Iteration 408967: max relative diff=0.000001, 4325.26 sec so far
Max relative diff between upper and lower bound on convergence: 9.99993E-07
LowItr:263847 , UpItr:409239 

Iterative method: 409240 iterations in 4328.81 seconds (average 0.010578, setup 0.23)
Maximum finite value in solution vector at end of interval iteration: 72083.00000036761

Value in the initial state: 72075.00000036761

Time for model checking: 4331.792 seconds.

Result: 72075.00000036761 (value in the initial state)

---------------------------------------------------------------------

Note: There were 2 warnings during computation.

