PRISM
=====

Version: 4.4
Date: Mon Feb 15 23:37:18 IRST 2021
Hostname: sadegh-H81M-S2PH
Memory limits: cudd=1g, java(heap)=3.9g
Command line: prism ../../examples/mdps/consensus/coin4.nm ../../examples/mdps/consensus/steps_max.pctl -s '-ii:upper=51492' -asynchupper -maxiters 9000300 -const K=32 -javamaxmem 4500m

Parsing model file "../../examples/mdps/consensus/coin4.nm"...

Parsing properties file "../../examples/mdps/consensus/steps_max.pctl"...

1 property:
(1) "steps_max": R{"steps"}max=? [ F "finished" ]

Type:        MDP
Modules:     process1 process2 process3 process4 
Variables:   counter pc1 coin1 pc2 coin2 pc3 coin3 pc4 coin4 

---------------------------------------------------------------------

Model checking: "steps_max": R{"steps"}max=? [ F "finished" ]
Model constants: K=32

Warning: Not Switching to explicit engine, We implemented the emthods for sparse engine.

Building model...
Model constants: K=32

Computing reachable states...

Reachability (BFS): 1539 iterations in 0.19 seconds (average 0.000125, setup 0.00)

Time for model construction: 0.374 seconds.

Type:        MDP
States:      329856 (1 initial)
Transitions: 1112032
Choices:     889984

Transition matrix: 2480 nodes (3 terminal), 1112032 minterms, vars: 21r/21c/4nd

Prob0E: 402 iterations in 0.26 seconds (average 0.000644, setup 0.00)

Prob1A: 1 iterations in 0.00 seconds (average 0.001000, setup 0.00)

goal = 64, inf = 0, maybe = 329792

Warning: Upper bound for interval iteration manually set to 51492.0

Computing remaining rewards...
 10
Building sparse matrix (transitions)... [n=329856, nc=889920, nnz=1111968, k=4] [17.4 MB]
Building sparse matrix (transition rewards)... [n=329856, nc=889920, nnz=0, k=4] [4.7 MB]
Creating vector for state rewards... [2.5 MB]
Creating vector for inf... [2.5 MB]
Creating vector for lower bounds... [2.5 MB]
Creating vector for upper bounds... [2.5 MB]
Allocating iteration vectors... [4 x 2.5 MB]
TOTAL: [42.2 MB]

Starting iterations (interval iteration)...

Soln above finished after 100022 iterations, while flag is True.

Checking for lower bound passed after 19 iterations.Iteration 1: max relative diff=1.000000, 515.97 sec so far
Iteration 1052: max relative diff=1.000000, 520.97 sec so far
Iteration 2136: max relative diff=1.000000, 525.97 sec so far
Iteration 3186: max relative diff=1.000000, 530.98 sec so far
Iteration 4251: max relative diff=1.000000, 535.98 sec so far
Iteration 5327: max relative diff=1.000000, 540.98 sec so far
Iteration 6371: max relative diff=1.000000, 545.99 sec so far
Iteration 7451: max relative diff=1.000000, 550.99 sec so far
Iteration 8516: max relative diff=1.000000, 555.99 sec so far
Iteration 9567: max relative diff=1.000000, 561.00 sec so far
Iteration 10652: max relative diff=1.000000, 566.00 sec so far
Iteration 11703: max relative diff=1.000000, 571.00 sec so far
Iteration 12769: max relative diff=1.000000, 576.01 sec so far
Iteration 13846: max relative diff=1.000000, 581.01 sec so far
Iteration 14888: max relative diff=1.000000, 586.02 sec so far
Iteration 15966: max relative diff=1.000000, 591.02 sec so far
Iteration 17031: max relative diff=1.000000, 596.02 sec so far
Iteration 18082: max relative diff=1.000000, 601.03 sec so far
Iteration 19168: max relative diff=1.000000, 606.03 sec so far
Iteration 20221: max relative diff=1.000000, 611.03 sec so far
Iteration 21286: max relative diff=1.000000, 616.04 sec so far
Iteration 22365: max relative diff=1.000000, 621.04 sec so far
Iteration 23410: max relative diff=1.000000, 626.04 sec so far
Iteration 24492: max relative diff=1.000000, 631.05 sec so far
Iteration 25560: max relative diff=1.000000, 636.05 sec so far
Iteration 26608: max relative diff=1.000000, 641.05 sec so far
Iteration 27694: max relative diff=1.000000, 646.05 sec so far
Iteration 28747: max relative diff=1.000000, 651.06 sec so far
Iteration 29812: max relative diff=1.000000, 656.06 sec so far
Iteration 30894: max relative diff=1.000000, 661.07 sec so far
Iteration 31938: max relative diff=1.000000, 666.07 sec so far
Iteration 33013: max relative diff=1.000000, 671.07 sec so far
Iteration 34078: max relative diff=1.000000, 676.08 sec so far
Iteration 35127: max relative diff=1.000000, 681.08 sec so far
Iteration 36210: max relative diff=1.000000, 686.08 sec so far
Iteration 37262: max relative diff=1.000000, 691.08 sec so far
Iteration 38323: max relative diff=1.000000, 696.08 sec so far
Iteration 39404: max relative diff=1.000000, 701.09 sec so far
Iteration 40446: max relative diff=1.000000, 706.09 sec so far
Iteration 41524: max relative diff=1.000000, 711.10 sec so far
Iteration 42591: max relative diff=1.000000, 716.10 sec so far
Iteration 43638: max relative diff=1.000000, 721.10 sec so far
Iteration 44723: max relative diff=1.000000, 726.10 sec so far
Iteration 45777: max relative diff=1.000000, 731.11 sec so far
Iteration 46840: max relative diff=1.000000, 736.11 sec so far
Iteration 47919: max relative diff=1.000000, 741.12 sec so far
Iteration 48961: max relative diff=1.000000, 746.12 sec so far
Iteration 50039: max relative diff=1.000000, 751.12 sec so far
Iteration 51106: max relative diff=1.000000, 756.12 sec so far
Iteration 52153: max relative diff=1.000000, 761.13 sec so far
Iteration 53238: max relative diff=1.000000, 766.13 sec so far
Iteration 54290: max relative diff=1.000000, 771.13 sec so far
Iteration 55350: max relative diff=1.000000, 776.13 sec so far
Iteration 56432: max relative diff=1.000000, 781.13 sec so far
Iteration 57476: max relative diff=1.000000, 786.13 sec so far
Iteration 58552: max relative diff=1.000000, 791.14 sec so far
Iteration 59619: max relative diff=1.000000, 796.14 sec so far
Iteration 60669: max relative diff=1.000000, 801.14 sec so far
Iteration 61754: max relative diff=1.000000, 806.15 sec so far
Iteration 62809: max relative diff=1.000000, 811.15 sec so far
Iteration 63873: max relative diff=1.000000, 816.15 sec so far
Iteration 64955: max relative diff=1.000000, 821.16 sec so far
Iteration 65998: max relative diff=1.000000, 826.16 sec so far
Iteration 67072: max relative diff=1.000000, 831.16 sec so far
Iteration 67989: max relative diff=1.000000, 836.17 sec so far
Iteration 68895: max relative diff=1.000000, 841.17 sec so far
Iteration 69931: max relative diff=1.000000, 846.17 sec so far
Iteration 71008: max relative diff=1.000000, 851.18 sec so far
Iteration 72076: max relative diff=1.000000, 856.18 sec so far
Iteration 73126: max relative diff=1.000000, 861.19 sec so far
Iteration 74211: max relative diff=1.000000, 866.19 sec so far
Iteration 75265: max relative diff=1.000000, 871.19 sec so far
Iteration 76326: max relative diff=1.000000, 876.20 sec so far
Iteration 77406: max relative diff=1.000000, 881.20 sec so far
Iteration 78292: max relative diff=0.075070, 886.21 sec so far
Iteration 78777: max relative diff=0.070013, 891.22 sec so far
Iteration 79260: max relative diff=0.065316, 896.23 sec so far
Iteration 79733: max relative diff=0.061022, 901.23 sec so far
Iteration 80222: max relative diff=0.056879, 906.24 sec so far
Iteration 80698: max relative diff=0.053117, 911.25 sec so far
Iteration 81176: max relative diff=0.049589, 916.25 sec so far
Iteration 81664: max relative diff=0.046229, 921.25 sec so far
Iteration 82135: max relative diff=0.043202, 926.26 sec so far
Iteration 82619: max relative diff=0.040298, 931.26 sec so far
Iteration 83101: max relative diff=0.037600, 936.27 sec so far
Iteration 83573: max relative diff=0.035133, 941.27 sec so far
Iteration 84063: max relative diff=0.032743, 946.28 sec so far
Iteration 84539: max relative diff=0.030577, 951.29 sec so far
Iteration 85017: max relative diff=0.028547, 956.29 sec so far
Iteration 85505: max relative diff=0.026612, 961.29 sec so far
Iteration 85977: max relative diff=0.024866, 966.30 sec so far
Iteration 86461: max relative diff=0.023195, 971.31 sec so far
Iteration 86943: max relative diff=0.021642, 976.31 sec so far
Iteration 87415: max relative diff=0.020222, 981.31 sec so far
Iteration 87904: max relative diff=0.018849, 986.32 sec so far
Iteration 88381: max relative diff=0.017600, 991.32 sec so far
Iteration 88859: max relative diff=0.016431, 996.33 sec so far
Iteration 89347: max relative diff=0.015317, 1001.33 sec so far
Iteration 89819: max relative diff=0.014312, 1006.34 sec so far
Iteration 90314: max relative diff=0.013329, 1011.35 sec so far
Iteration 90809: max relative diff=0.012414, 1016.36 sec so far
Iteration 91281: max relative diff=0.011599, 1021.36 sec so far
Iteration 91771: max relative diff=0.010810, 1026.37 sec so far
Iteration 92248: max relative diff=0.010094, 1031.38 sec so far
Iteration 92725: max relative diff=0.009425, 1036.38 sec so far
Iteration 93213: max relative diff=0.008786, 1041.38 sec so far
Iteration 93685: max relative diff=0.008210, 1046.39 sec so far
Iteration 94169: max relative diff=0.007658, 1051.40 sec so far
Iteration 94652: max relative diff=0.007144, 1056.41 sec so far
Iteration 95123: max relative diff=0.006676, 1061.42 sec so far
Iteration 95612: max relative diff=0.006223, 1066.42 sec so far
Iteration 96089: max relative diff=0.005811, 1071.43 sec so far
Iteration 96567: max relative diff=0.005425, 1076.44 sec so far
Iteration 97056: max relative diff=0.005056, 1081.45 sec so far
Iteration 97527: max relative diff=0.004725, 1086.45 sec so far
Iteration 98011: max relative diff=0.004408, 1091.46 sec so far
Iteration 98494: max relative diff=0.004112, 1096.47 sec so far
Iteration 98966: max relative diff=0.003842, 1101.48 sec so far
Iteration 99455: max relative diff=0.003581, 1106.49 sec so far
Iteration 99932: max relative diff=0.003344, 1111.50 sec so far
Iteration 100409: max relative diff=0.003122, 1116.50 sec so far
Iteration 100897: max relative diff=0.002911, 1121.51 sec so far
Iteration 101369: max relative diff=0.002720, 1126.51 sec so far
Iteration 101864: max relative diff=0.002533, 1131.51 sec so far
Iteration 102360: max relative diff=0.002359, 1136.52 sec so far
Iteration 102833: max relative diff=0.002204, 1141.53 sec so far
Iteration 103322: max relative diff=0.002054, 1146.54 sec so far
Iteration 103799: max relative diff=0.001918, 1151.54 sec so far
Iteration 104277: max relative diff=0.001790, 1156.55 sec so far
Iteration 104767: max relative diff=0.001669, 1161.56 sec so far
Iteration 105238: max relative diff=0.001559, 1166.56 sec so far
Iteration 105722: max relative diff=0.001455, 1171.57 sec so far
Iteration 106205: max relative diff=0.001357, 1176.58 sec so far
Iteration 106700: max relative diff=0.001264, 1181.58 sec so far
Iteration 107190: max relative diff=0.001178, 1186.59 sec so far
Iteration 107667: max relative diff=0.001100, 1191.59 sec so far
Iteration 108144: max relative diff=0.001027, 1196.60 sec so far
Iteration 108634: max relative diff=0.000957, 1201.61 sec so far
Iteration 109105: max relative diff=0.000894, 1206.61 sec so far
Iteration 109588: max relative diff=0.000834, 1211.61 sec so far
Iteration 110071: max relative diff=0.000778, 1216.61 sec so far
Iteration 110543: max relative diff=0.000727, 1221.62 sec so far
Iteration 111033: max relative diff=0.000678, 1226.63 sec so far
Iteration 111510: max relative diff=0.000633, 1231.64 sec so far
Iteration 111987: max relative diff=0.000591, 1236.65 sec so far
Iteration 112475: max relative diff=0.000551, 1241.66 sec so far
Iteration 112947: max relative diff=0.000515, 1246.66 sec so far
Iteration 113430: max relative diff=0.000480, 1251.67 sec so far
Iteration 113913: max relative diff=0.000448, 1256.67 sec so far
Iteration 114384: max relative diff=0.000419, 1261.68 sec so far
Iteration 114873: max relative diff=0.000390, 1266.70 sec so far
Iteration 115350: max relative diff=0.000364, 1271.70 sec so far
Iteration 115828: max relative diff=0.000340, 1276.71 sec so far
Iteration 116317: max relative diff=0.000317, 1281.71 sec so far
Iteration 116788: max relative diff=0.000296, 1286.72 sec so far
Iteration 117271: max relative diff=0.000276, 1291.72 sec so far
Iteration 117755: max relative diff=0.000258, 1296.73 sec so far
Iteration 118225: max relative diff=0.000241, 1301.74 sec so far
Iteration 118714: max relative diff=0.000225, 1306.74 sec so far
Iteration 119193: max relative diff=0.000210, 1311.74 sec so far
Iteration 119670: max relative diff=0.000196, 1316.75 sec so far
Iteration 120159: max relative diff=0.000183, 1321.76 sec so far
Iteration 120632: max relative diff=0.000171, 1326.77 sec so far
Iteration 121116: max relative diff=0.000159, 1331.77 sec so far
Iteration 121600: max relative diff=0.000148, 1336.77 sec so far
Iteration 122072: max relative diff=0.000139, 1341.77 sec so far
Iteration 122562: max relative diff=0.000129, 1346.77 sec so far
Iteration 123041: max relative diff=0.000121, 1351.78 sec so far
Iteration 123518: max relative diff=0.000113, 1356.79 sec so far
Iteration 124008: max relative diff=0.000105, 1361.80 sec so far
Iteration 124481: max relative diff=0.000098, 1366.80 sec so far
Iteration 124977: max relative diff=0.000091, 1371.80 sec so far
Iteration 125473: max relative diff=0.000085, 1376.81 sec so far
Iteration 125944: max relative diff=0.000079, 1381.81 sec so far
Iteration 126435: max relative diff=0.000074, 1386.82 sec so far
Iteration 126915: max relative diff=0.000069, 1391.83 sec so far
Iteration 127394: max relative diff=0.000065, 1396.84 sec so far
Iteration 127884: max relative diff=0.000060, 1401.85 sec so far
Iteration 128360: max relative diff=0.000056, 1406.86 sec so far
Iteration 128845: max relative diff=0.000052, 1411.86 sec so far
Iteration 129332: max relative diff=0.000049, 1416.87 sec so far
Iteration 129805: max relative diff=0.000046, 1421.87 sec so far
Iteration 130295: max relative diff=0.000043, 1426.88 sec so far
Iteration 130778: max relative diff=0.000040, 1431.89 sec so far
Iteration 131256: max relative diff=0.000037, 1436.89 sec so far
Iteration 131748: max relative diff=0.000035, 1441.90 sec so far
Iteration 132224: max relative diff=0.000032, 1446.91 sec so far
Iteration 132709: max relative diff=0.000030, 1451.91 sec so far
Iteration 133196: max relative diff=0.000028, 1456.92 sec so far
Iteration 133673: max relative diff=0.000026, 1461.93 sec so far
Iteration 134174: max relative diff=0.000024, 1466.93 sec so far
Iteration 134672: max relative diff=0.000023, 1471.93 sec so far
Iteration 135152: max relative diff=0.000021, 1476.94 sec so far
Iteration 135647: max relative diff=0.000020, 1481.95 sec so far
Iteration 136126: max relative diff=0.000018, 1486.95 sec so far
Iteration 136614: max relative diff=0.000017, 1491.95 sec so far
Iteration 137104: max relative diff=0.000016, 1496.96 sec so far
Iteration 137583: max relative diff=0.000015, 1501.96 sec so far
Iteration 138077: max relative diff=0.000014, 1506.97 sec so far
Iteration 138568: max relative diff=0.000013, 1511.97 sec so far
Iteration 139056: max relative diff=0.000012, 1516.98 sec so far
Iteration 139545: max relative diff=0.000011, 1521.98 sec so far
Iteration 140030: max relative diff=0.000011, 1526.98 sec so far
Iteration 140531: max relative diff=0.000010, 1531.99 sec so far
Iteration 141016: max relative diff=0.000009, 1537.00 sec so far
Iteration 141505: max relative diff=0.000009, 1542.01 sec so far
Iteration 141993: max relative diff=0.000008, 1547.01 sec so far
Iteration 142503: max relative diff=0.000007, 1552.02 sec so far
Iteration 142980: max relative diff=0.000007, 1557.03 sec so far
Iteration 143501: max relative diff=0.000006, 1562.04 sec so far
Iteration 143974: max relative diff=0.000006, 1567.04 sec so far
Iteration 144502: max relative diff=0.000006, 1572.05 sec so far
Iteration 144990: max relative diff=0.000005, 1577.06 sec so far
Iteration 145461: max relative diff=0.000005, 1582.06 sec so far
Iteration 145981: max relative diff=1.000000, 1587.06 sec so far
Iteration 146515: max relative diff=0.000004, 1592.07 sec so far
Iteration 146990: max relative diff=0.000004, 1597.08 sec so far
Iteration 147478: max relative diff=0.000004, 1602.08 sec so far
Iteration 148017: max relative diff=1.000000, 1607.09 sec so far
Iteration 148554: max relative diff=0.000003, 1612.10 sec so far
Iteration 149039: max relative diff=0.000003, 1617.10 sec so far
Iteration 149510: max relative diff=0.000003, 1622.10 sec so far
Iteration 149998: max relative diff=0.000003, 1627.11 sec so far
Iteration 150477: max relative diff=0.000002, 1632.12 sec so far
Iteration 151188: max relative diff=0.000002, 1637.12 sec so far
Iteration 151677: max relative diff=0.000002, 1642.13 sec so far
Iteration 152151: max relative diff=0.000002, 1647.14 sec so far
Iteration 152632: max relative diff=0.000002, 1652.15 sec so far
Iteration 153117: max relative diff=0.000002, 1657.15 sec so far
Iteration 153588: max relative diff=0.000002, 1662.16 sec so far
Iteration 154076: max relative diff=0.000001, 1667.17 sec so far
Iteration 154556: max relative diff=0.000001, 1672.18 sec so far
Iteration 155395: max relative diff=1.000000, 1677.18 sec so far
Iteration 156227: max relative diff=0.000001, 1682.19 sec so far
Iteration 156701: max relative diff=0.000001, 1687.19 sec so far
Max relative diff between upper and lower bound on convergence: 9.99935E-07
LowItr:156741 , UpItr:176014  

Iterative method: 156722 iterations in 1687.41 seconds (average 0.010767, setup 0.21)
Maximum finite value in solution vector at end of interval iteration: 51490.99999963279

Value in the initial state: 51482.99999963279

Time for model checking: 1688.698 seconds.

Result: 51482.99999963279 (value in the initial state)

---------------------------------------------------------------------

Note: There were 2 warnings during computation.

