PRISM
=====

Version: 4.4
Date: Mon Feb 15 14:31:37 IRST 2021
Hostname: sadegh-H81M-S2PH
Memory limits: cudd=1g, java(heap)=910.5m
Command line: prism ../../examples/mdps/consensus/coin4.nm ../../examples/mdps/consensus/steps_max.pctl -s '-ii:upper=1.2e+12' -const K=24 -maxiters 9000300 -asynchii

Parsing model file "../../examples/mdps/consensus/coin4.nm"...

Parsing properties file "../../examples/mdps/consensus/steps_max.pctl"...

1 property:
(1) "steps_max": R{"steps"}max=? [ F "finished" ]

Type:        MDP
Modules:     process1 process2 process3 process4 
Variables:   counter pc1 coin1 pc2 coin2 pc3 coin3 pc4 coin4 

---------------------------------------------------------------------

Model checking: "steps_max": R{"steps"}max=? [ F "finished" ]
Model constants: K=24

Warning: Not Switching to explicit engine, We implemented the emthods for sparse engine.

Building model...
Model constants: K=24

Computing reachable states...

Reachability (BFS): 1155 iterations in 0.14 seconds (average 0.000117, setup 0.00)

Time for model construction: 0.249 seconds.

Type:        MDP
States:      247936 (1 initial)
Transitions: 835552
Choices:     668800

Transition matrix: 2436 nodes (3 terminal), 835552 minterms, vars: 20r/20c/4nd

Prob0E: 306 iterations in 0.20 seconds (average 0.000644, setup 0.00)

Prob1A: 1 iterations in 0.00 seconds (average 0.000000, setup 0.00)

goal = 64, inf = 0, maybe = 247872

Warning: Upper bound for interval iteration manually set to 1.2E12

Computing remaining rewards...
 8
Building sparse matrix (transitions)... [n=247936, nc=668736, nnz=835488, k=4] [13.1 MB]
Building sparse matrix (transition rewards)... [n=247936, nc=668736, nnz=0, k=4] [3.5 MB]
Creating vector for state rewards... [1.9 MB]
Creating vector for inf... [1.9 MB]
Creating vector for lower bounds... [1.9 MB]
Creating vector for upper bounds... [1.9 MB]
Allocating iteration vectors... [4 x 1.9 MB]
TOTAL: [31.7 MB]

Starting iterations (interval iteration)...

 Time for pre-computation	: 0.009000 
		 >> 247872 after 0 iters << 
Iteration 1180: max relative diff=1094591925676.729004, 4.99 sec so far
Iteration 2386: max relative diff=830514382548.411621, 10.00 sec so far
Iteration 3559: max relative diff=619741534897.124268, 15.00 sec so far
Iteration 4745: max relative diff=459948513162.041565, 20.00 sec so far
Iteration 5892: max relative diff=344650613617.550537, 25.00 sec so far
Iteration 7070: max relative diff=256243634376.745026, 30.01 sec so far
Iteration 8245: max relative diff=190657592449.455383, 35.01 sec so far
Iteration 9401: max relative diff=142538206638.298431, 40.01 sec so far
Iteration 10594: max relative diff=105576016639.663605, 45.01 sec so far
Iteration 11758: max relative diff=78771345119.532745, 50.02 sec so far
Iteration 12930: max relative diff=58653922229.269180, 55.02 sec so far
Iteration 14119: max relative diff=43487875102.342285, 60.02 sec so far
Iteration 15270: max relative diff=32553060120.448715, 65.02 sec so far
Iteration 16454: max relative diff=24166256919.303932, 70.03 sec so far
Iteration 17628: max relative diff=17985385871.832878, 75.03 sec so far
Iteration 18783: max relative diff=13449509001.455128, 80.03 sec so far
Iteration 19974: max relative diff=9966880764.400705, 85.03 sec so far
Iteration 21134: max relative diff=7443886597.922626, 90.04 sec so far
Iteration 22306: max relative diff=5542798339.661455, 95.04 sec so far
Iteration 23496: max relative diff=4108579161.212691, 100.04 sec so far
Iteration 24650: max relative diff=3073182929.620618, 105.05 sec so far
Iteration 25834: max relative diff=2281430721.707593, 110.05 sec so far
Iteration 27012: max relative diff=1696220479.712729, 115.05 sec so far
Iteration 28168: max relative diff=1268124804.726686, 120.06 sec so far
Iteration 29361: max relative diff=939289506.914383, 125.06 sec so far
Iteration 30524: max relative diff=700997249.783605, 130.06 sec so far
Iteration 31693: max relative diff=522371061.417842, 135.06 sec so far
Iteration 32881: max relative diff=387407434.643705, 140.07 sec so far
Iteration 34032: max relative diff=290003040.540034, 145.07 sec so far
Iteration 35215: max relative diff=215349822.266479, 150.07 sec so far
Iteration 36390: max relative diff=160238112.094986, 155.08 sec so far
Iteration 37546: max relative diff=119803598.542028, 160.08 sec so far
Iteration 38741: max relative diff=88699797.799420, 165.08 sec so far
Iteration 39905: max relative diff=66187280.910687, 170.08 sec so far
Iteration 41073: max relative diff=49340808.226793, 175.09 sec so far
Iteration 42263: max relative diff=36581231.828811, 180.09 sec so far
Iteration 43413: max relative diff=27397327.507174, 185.09 sec so far
Iteration 44598: max relative diff=20341274.454678, 190.09 sec so far
Iteration 45774: max relative diff=15138603.040629, 195.10 sec so far
Iteration 46927: max relative diff=11333771.681028, 200.10 sec so far
Iteration 48118: max relative diff=8406597.901694, 205.10 sec so far
Iteration 49278: max relative diff=6286003.377435, 210.10 sec so far
Iteration 50446: max relative diff=4692816.415371, 215.10 sec so far
Iteration 51636: max relative diff=3486131.126398, 220.10 sec so far
Iteration 52788: max relative diff=2616298.402305, 225.11 sec so far
Iteration 53973: max relative diff=1949336.468931, 230.11 sec so far
Iteration 55151: max relative diff=1456843.894669, 235.11 sec so far
Iteration 56306: max relative diff=1096842.027918, 240.12 sec so far
Iteration 57500: max relative diff=819837.129269, 245.12 sec so far
Iteration 58662: max relative diff=619447.108296, 250.12 sec so far
Iteration 59831: max relative diff=469083.695172, 255.13 sec so far
Iteration 61020: max relative diff=355392.382822, 260.13 sec so far
Iteration 62121: max relative diff=276140.086508, 265.13 sec so far
Iteration 62759: max relative diff=235616.113692, 270.14 sec so far
Iteration 63394: max relative diff=200943.947793, 275.14 sec so far
Iteration 64016: max relative diff=171860.333633, 280.14 sec so far
Iteration 64660: max relative diff=146157.107376, 285.15 sec so far
Iteration 65287: max relative diff=124826.370517, 290.15 sec so far
Iteration 65917: max relative diff=106527.259119, 295.15 sec so far
Iteration 66560: max relative diff=90613.588400, 300.16 sec so far
Iteration 67181: max relative diff=77505.005879, 305.16 sec so far
Iteration 67819: max relative diff=66009.783175, 310.17 sec so far
Iteration 68456: max relative diff=56233.629346, 315.18 sec so far
Iteration 69076: max relative diff=48110.702360, 320.18 sec so far
Iteration 69721: max relative diff=40903.007849, 325.18 sec so far
Iteration 70349: max relative diff=34924.208796, 330.19 sec so far
Iteration 70980: max relative diff=29796.829960, 335.19 sec so far
Iteration 71625: max relative diff=25332.824293, 340.20 sec so far
Iteration 72246: max relative diff=21668.054092, 345.21 sec so far
Iteration 72883: max relative diff=18458.980474, 350.21 sec so far
Iteration 73519: max relative diff=15729.133238, 355.22 sec so far
Iteration 74141: max relative diff=13450.295036, 360.22 sec so far
Iteration 74785: max relative diff=11438.119818, 365.23 sec so far
Iteration 75413: max relative diff=9766.208092, 370.23 sec so far
Iteration 76042: max relative diff=8336.581969, 375.24 sec so far
Iteration 76685: max relative diff=7091.206583, 380.24 sec so far
Iteration 77305: max relative diff=6066.884414, 385.24 sec so far
Iteration 77942: max relative diff=5168.369109, 390.25 sec so far
Iteration 78577: max relative diff=4405.141732, 395.25 sec so far
Iteration 79195: max relative diff=3770.717814, 400.25 sec so far
Iteration 79836: max relative diff=3209.036888, 405.26 sec so far
Iteration 80461: max relative diff=2742.040640, 410.27 sec so far
Iteration 81087: max relative diff=2342.414696, 415.27 sec so far
Iteration 81728: max relative diff=1993.491836, 420.28 sec so far
Iteration 82346: max relative diff=1706.391225, 425.28 sec so far
Iteration 82980: max relative diff=1454.769731, 430.29 sec so far
Iteration 83614: max relative diff=1240.251907, 435.30 sec so far
Iteration 84232: max relative diff=1061.632125, 440.30 sec so far
Iteration 84872: max relative diff=903.720245, 445.30 sec so far
Iteration 85498: max relative diff=772.011749, 450.31 sec so far
Iteration 86122: max relative diff=659.830477, 455.31 sec so far
Iteration 86763: max relative diff=561.543042, 460.32 sec so far
Iteration 87381: max relative diff=480.670202, 465.32 sec so far
Iteration 88014: max relative diff=409.894537, 470.33 sec so far
Iteration 88645: max relative diff=349.716097, 475.34 sec so far
Iteration 89257: max relative diff=299.802646, 480.34 sec so far
Iteration 89897: max relative diff=255.208669, 485.34 sec so far
Iteration 90460: max relative diff=221.498121, 490.35 sec so far
Iteration 90991: max relative diff=193.794600, 495.35 sec so far
Iteration 91589: max relative diff=166.721438, 500.36 sec so far
Iteration 92237: max relative diff=141.637144, 505.36 sec so far
Iteration 92885: max relative diff=120.326940, 510.37 sec so far
Iteration 93509: max relative diff=102.842195, 515.37 sec so far
Iteration 94150: max relative diff=87.522964, 520.37 sec so far
Iteration 94768: max relative diff=74.917999, 525.38 sec so far
Iteration 95402: max relative diff=63.870721, 530.38 sec so far
Iteration 96035: max relative diff=54.466160, 535.38 sec so far
Iteration 96652: max relative diff=46.633734, 540.39 sec so far
Iteration 97291: max relative diff=39.707216, 545.39 sec so far
Iteration 97916: max relative diff=33.928809, 550.39 sec so far
Iteration 98541: max relative diff=28.991308, 555.39 sec so far
Iteration 99181: max relative diff=24.679012, 560.40 sec so far
Iteration 99799: max relative diff=21.124767, 565.41 sec so far
Iteration 100431: max relative diff=18.018811, 570.41 sec so far
Iteration 101065: max relative diff=15.361789, 575.41 sec so far
Iteration 101686: max relative diff=13.139478, 580.42 sec so far
Iteration 102325: max relative diff=11.187868, 585.42 sec so far
Iteration 102951: max relative diff=9.557345, 590.43 sec so far
Iteration 103576: max relative diff=8.166509, 595.43 sec so far
Iteration 104217: max relative diff=6.950037, 600.44 sec so far
Iteration 104835: max relative diff=5.949100, 605.45 sec so far
Iteration 105466: max relative diff=5.075686, 610.45 sec so far
Iteration 106100: max relative diff=4.327235, 615.45 sec so far
Iteration 106716: max relative diff=3.705895, 620.46 sec so far
Iteration 107356: max relative diff=3.154664, 625.47 sec so far
Iteration 107984: max relative diff=2.693546, 630.47 sec so far
Iteration 108609: max relative diff=2.301567, 635.48 sec so far
Iteration 109250: max relative diff=1.958729, 640.48 sec so far
Iteration 109869: max relative diff=1.676213, 645.49 sec so far
Iteration 110501: max relative diff=1.429761, 650.50 sec so far
Iteration 111136: max relative diff=1.218624, 655.51 sec so far
Iteration 111753: max relative diff=1.043382, 660.51 sec so far
Iteration 112392: max relative diff=0.888408, 665.52 sec so far
Iteration 113019: max relative diff=0.758740, 670.52 sec so far
Iteration 113642: max relative diff=0.648651, 675.53 sec so far
Iteration 114282: max relative diff=0.552168, 680.53 sec so far
Iteration 114901: max relative diff=0.472526, 685.53 sec so far
Iteration 115533: max relative diff=0.403051, 690.53 sec so far
Iteration 116167: max relative diff=0.343618, 695.54 sec so far
Iteration 116785: max relative diff=0.294130, 700.55 sec so far
Iteration 117424: max relative diff=0.250443, 705.55 sec so far
Iteration 118052: max relative diff=0.213836, 710.56 sec so far
Iteration 118675: max relative diff=0.182809, 715.56 sec so far
Iteration 119316: max relative diff=0.155578, 720.57 sec so far
Iteration 119935: max relative diff=0.133139, 725.57 sec so far
Iteration 120566: max relative diff=0.113592, 730.57 sec so far
Iteration 121201: max relative diff=0.096817, 735.58 sec so far
Iteration 121817: max relative diff=0.082916, 740.59 sec so far
Iteration 122455: max relative diff=0.070618, 745.59 sec so far
Iteration 123081: max relative diff=0.060326, 750.59 sec so far
Iteration 123704: max relative diff=0.051573, 755.59 sec so far
Iteration 124345: max relative diff=0.043891, 760.60 sec so far
Iteration 124963: max relative diff=0.037570, 765.60 sec so far
Iteration 125595: max relative diff=0.032046, 770.60 sec so far
Iteration 126229: max relative diff=0.027320, 775.61 sec so far
Iteration 126847: max relative diff=0.023386, 780.61 sec so far
Iteration 127487: max relative diff=0.019907, 785.61 sec so far
Iteration 128113: max relative diff=0.017006, 790.61 sec so far
Iteration 128736: max relative diff=0.014538, 795.62 sec so far
Iteration 129375: max relative diff=0.012379, 800.62 sec so far
Iteration 129995: max relative diff=0.010591, 805.62 sec so far
Iteration 130626: max relative diff=0.009036, 810.63 sec so far
Iteration 131261: max relative diff=0.007702, 815.63 sec so far
Iteration 131878: max relative diff=0.006594, 820.64 sec so far
Iteration 132517: max relative diff=0.005615, 825.64 sec so far
Iteration 133145: max relative diff=0.004794, 830.65 sec so far
Iteration 133768: max relative diff=0.004098, 835.65 sec so far
Iteration 134410: max relative diff=0.003487, 840.66 sec so far
Iteration 135028: max relative diff=0.002985, 845.66 sec so far
Iteration 135660: max relative diff=0.002546, 850.67 sec so far
Iteration 136296: max relative diff=0.002169, 855.67 sec so far
Iteration 136913: max relative diff=0.001857, 860.68 sec so far
Iteration 137551: max relative diff=0.001582, 865.68 sec so far
Iteration 138178: max relative diff=0.001351, 870.69 sec so far
Iteration 138801: max relative diff=0.001155, 875.69 sec so far
Iteration 139442: max relative diff=0.000983, 880.70 sec so far
Iteration 140061: max relative diff=0.000841, 885.70 sec so far
Iteration 140692: max relative diff=0.000718, 890.71 sec so far
Iteration 141328: max relative diff=0.000612, 895.71 sec so far
Iteration 141946: max relative diff=0.000523, 900.72 sec so far
Iteration 142584: max relative diff=0.000446, 905.72 sec so far
Iteration 143213: max relative diff=0.000381, 910.73 sec so far
Iteration 143836: max relative diff=0.000325, 915.73 sec so far
Iteration 144476: max relative diff=0.000277, 920.74 sec so far
Iteration 145097: max relative diff=0.000237, 925.74 sec so far
Iteration 145729: max relative diff=0.000202, 930.75 sec so far
Iteration 146369: max relative diff=0.000172, 935.76 sec so far
Iteration 146990: max relative diff=0.000147, 940.76 sec so far
Iteration 147632: max relative diff=0.000125, 945.77 sec so far
Iteration 148265: max relative diff=0.000107, 950.77 sec so far
Iteration 148890: max relative diff=0.000091, 955.77 sec so far
Iteration 149535: max relative diff=0.000078, 960.78 sec so far
Iteration 150158: max relative diff=0.000066, 965.78 sec so far
Iteration 150792: max relative diff=0.000057, 970.78 sec so far
Iteration 151432: max relative diff=0.000048, 975.79 sec so far
Iteration 152055: max relative diff=0.000041, 980.80 sec so far
Iteration 152697: max relative diff=0.000035, 985.80 sec so far
Iteration 153329: max relative diff=0.000030, 990.81 sec so far
Iteration 153955: max relative diff=0.000026, 995.82 sec so far
Iteration 154600: max relative diff=0.000022, 1000.82 sec so far
Iteration 155224: max relative diff=0.000019, 1005.82 sec so far
Iteration 155857: max relative diff=0.000016, 1010.82 sec so far
Iteration 156497: max relative diff=0.000013, 1015.83 sec so far
Iteration 157118: max relative diff=0.000012, 1020.83 sec so far
Iteration 157759: max relative diff=0.000010, 1025.83 sec so far
Iteration 158391: max relative diff=0.000008, 1030.84 sec so far
Iteration 159017: max relative diff=0.000007, 1035.84 sec so far
Iteration 159660: max relative diff=0.000006, 1040.85 sec so far
Iteration 160284: max relative diff=0.000005, 1045.85 sec so far
Iteration 160917: max relative diff=0.000004, 1050.86 sec so far
Iteration 161558: max relative diff=0.000004, 1055.87 sec so far
Iteration 162179: max relative diff=0.000003, 1060.88 sec so far
Iteration 162820: max relative diff=0.000003, 1065.88 sec so far
Iteration 163454: max relative diff=0.000002, 1070.89 sec so far
Iteration 164078: max relative diff=0.000002, 1075.89 sec so far
Iteration 164721: max relative diff=0.000002, 1080.89 sec so far
Iteration 165346: max relative diff=0.000001, 1085.90 sec so far
Iteration 165979: max relative diff=0.000001, 1090.90 sec so far
Iteration 166620: max relative diff=0.000001, 1095.91 sec so far
Max relative diff between upper and lower bound on convergence: 9.99818E-07
LowItr:104772 , UpItr:166832 

Iterative method: 166833 iterations in 1097.61 seconds (average 0.006579, setup 0.15)
Maximum finite value in solution vector at end of interval iteration: 29411.000000392865

Value in the initial state: 29403.000000392865

Time for model checking: 1099.145 seconds.

Result: 29403.000000392865 (value in the initial state)

---------------------------------------------------------------------

Note: There were 2 warnings during computation.

