PRISM
=====

Version: 4.4
Date: Mon Feb 15 13:19:26 IRST 2021
Hostname: sadegh-H81M-S2PH
Memory limits: cudd=1g, java(heap)=910.5m
Command line: prism ../../examples/mdps/consensus/coin4.nm ../../examples/mdps/consensus/steps_max.pctl -s '-ii:upper=1.2e+12' -const K=22 -maxiters 9000300 -asynchii

Parsing model file "../../examples/mdps/consensus/coin4.nm"...

Parsing properties file "../../examples/mdps/consensus/steps_max.pctl"...

1 property:
(1) "steps_max": R{"steps"}max=? [ F "finished" ]

Type:        MDP
Modules:     process1 process2 process3 process4 
Variables:   counter pc1 coin1 pc2 coin2 pc3 coin3 pc4 coin4 

---------------------------------------------------------------------

Model checking: "steps_max": R{"steps"}max=? [ F "finished" ]
Model constants: K=22

Warning: Not Switching to explicit engine, We implemented the emthods for sparse engine.

Building model...
Model constants: K=22

Computing reachable states...

Reachability (BFS): 1059 iterations in 0.16 seconds (average 0.000153, setup 0.00)

Time for model construction: 0.278 seconds.

Type:        MDP
States:      227456 (1 initial)
Transitions: 766432
Choices:     613504

Transition matrix: 2432 nodes (3 terminal), 766432 minterms, vars: 20r/20c/4nd

Prob0E: 282 iterations in 0.22 seconds (average 0.000794, setup 0.00)

Prob1A: 1 iterations in 0.00 seconds (average 0.000000, setup 0.00)

goal = 64, inf = 0, maybe = 227392

Warning: Upper bound for interval iteration manually set to 1.2E12

Computing remaining rewards...
 8
Building sparse matrix (transitions)... [n=227456, nc=613440, nnz=766368, k=4] [12.0 MB]
Building sparse matrix (transition rewards)... [n=227456, nc=613440, nnz=0, k=4] [3.2 MB]
Creating vector for state rewards... [1.7 MB]
Creating vector for inf... [1.7 MB]
Creating vector for lower bounds... [1.7 MB]
Creating vector for upper bounds... [1.7 MB]
Allocating iteration vectors... [4 x 1.7 MB]
TOTAL: [29.1 MB]

Starting iterations (interval iteration)...

 Time for pre-computation	: 0.014000 
		 >> 227392 after 0 iters << 
Iteration 1076: max relative diff=1074551812984.182739, 4.99 sec so far
Iteration 2308: max relative diff=762363600662.806396, 9.99 sec so far
Iteration 3605: max relative diff=518796645393.784729, 14.99 sec so far
Iteration 4900: max relative diff=352827139144.777954, 20.00 sec so far
Iteration 6137: max relative diff=244119496826.046936, 25.00 sec so far
Iteration 7415: max relative diff=166855289337.124084, 30.00 sec so far
Iteration 8665: max relative diff=115000099120.610413, 35.00 sec so far
Iteration 9917: max relative diff=79213250412.293915, 40.01 sec so far
Iteration 11194: max relative diff=54158251984.880249, 45.01 sec so far
Iteration 12430: max relative diff=37482911654.555038, 50.01 sec so far
Iteration 13699: max relative diff=25688260704.117832, 55.02 sec so far
Iteration 14968: max relative diff=17605004548.008934, 60.02 sec so far
Iteration 16202: max relative diff=12191682176.713745, 65.02 sec so far
Iteration 17480: max relative diff=8333001690.643985, 70.02 sec so far
Iteration 18731: max relative diff=5741573709.095879, 75.03 sec so far
Iteration 19980: max relative diff=3958396628.712868, 80.03 sec so far
Iteration 21259: max relative diff=2704759687.922172, 85.03 sec so far
Iteration 22493: max relative diff=1873085811.768433, 90.03 sec so far
Iteration 23756: max relative diff=1285989526.957303, 95.03 sec so far
Iteration 25024: max relative diff=881600524.991593, 100.03 sec so far
Iteration 26260: max relative diff=610163006.855632, 105.03 sec so far
Iteration 27538: max relative diff=417053225.684496, 110.04 sec so far
Iteration 28791: max relative diff=287192728.715074, 115.04 sec so far
Iteration 30041: max relative diff=197946840.255347, 120.04 sec so far
Iteration 31320: max relative diff=135263909.531465, 125.05 sec so far
Iteration 32559: max relative diff=93540169.718471, 130.05 sec so far
Iteration 33823: max relative diff=64209404.817593, 135.05 sec so far
Iteration 35090: max relative diff=44038799.643356, 140.05 sec so far
Iteration 36327: max relative diff=30477811.011825, 145.06 sec so far
Iteration 37603: max relative diff=20851788.732207, 150.06 sec so far
Iteration 38853: max relative diff=14379197.023849, 155.06 sec so far
Iteration 40100: max relative diff=9926995.265623, 160.07 sec so far
Iteration 41378: max relative diff=6792942.480428, 165.07 sec so far
Iteration 42616: max relative diff=4706248.748297, 170.07 sec so far
Iteration 43879: max relative diff=3238894.262796, 175.07 sec so far
Iteration 45146: max relative diff=2228843.948144, 180.08 sec so far
Iteration 46383: max relative diff=1549772.561046, 185.08 sec so far
Iteration 47659: max relative diff=1067746.030440, 190.08 sec so far
Iteration 48918: max relative diff=741705.011103, 195.09 sec so far
Iteration 50164: max relative diff=519503.324628, 200.09 sec so far
Iteration 51447: max relative diff=362434.898564, 205.09 sec so far
Iteration 52683: max relative diff=258471.687627, 210.09 sec so far
Iteration 53515: max relative diff=204071.448454, 215.10 sec so far
Iteration 54208: max relative diff=166153.029993, 220.10 sec so far
Iteration 54880: max relative diff=136041.332547, 225.11 sec so far
Iteration 55575: max relative diff=110612.932221, 230.11 sec so far
Iteration 56259: max relative diff=90230.297367, 235.11 sec so far
Iteration 56936: max relative diff=73756.794780, 240.12 sec so far
Iteration 57633: max relative diff=59932.837822, 245.12 sec so far
Iteration 58309: max relative diff=49005.330668, 250.13 sec so far
Iteration 58996: max relative diff=39939.189873, 255.13 sec so far
Iteration 59688: max relative diff=32501.886347, 260.14 sec so far
Iteration 60349: max relative diff=26694.811531, 265.15 sec so far
Iteration 60905: max relative diff=22621.632347, 270.15 sec so far
Iteration 61537: max relative diff=18740.991537, 275.16 sec so far
Iteration 62229: max relative diff=15251.125052, 280.17 sec so far
Iteration 62900: max relative diff=12488.979650, 285.17 sec so far
Iteration 63595: max relative diff=10154.260750, 290.17 sec so far
Iteration 64279: max relative diff=8283.086662, 295.18 sec so far
Iteration 64957: max relative diff=6768.805429, 300.19 sec so far
Iteration 65655: max relative diff=5498.515078, 305.19 sec so far
Iteration 66331: max relative diff=4495.975028, 310.20 sec so far
Iteration 67018: max relative diff=3664.205492, 315.21 sec so far
Iteration 67711: max relative diff=2980.985216, 320.21 sec so far
Iteration 68384: max relative diff=2439.642887, 325.21 sec so far
Iteration 69077: max relative diff=1984.752060, 330.21 sec so far
Iteration 69761: max relative diff=1619.012345, 335.22 sec so far
Iteration 70438: max relative diff=1323.424933, 340.23 sec so far
Iteration 71135: max relative diff=1075.380183, 345.24 sec so far
Iteration 71764: max relative diff=891.699715, 350.24 sec so far
Iteration 72335: max relative diff=752.273720, 355.25 sec so far
Iteration 72980: max relative diff=620.816630, 360.25 sec so far
Iteration 73677: max relative diff=504.459216, 365.26 sec so far
Iteration 74352: max relative diff=412.604405, 370.26 sec so far
Iteration 75038: max relative diff=336.371444, 375.27 sec so far
Iteration 75732: max relative diff=273.570842, 380.27 sec so far
Iteration 76404: max relative diff=223.957480, 385.28 sec so far
Iteration 77096: max relative diff=182.253092, 390.28 sec so far
Iteration 77780: max relative diff=148.668449, 395.29 sec so far
Iteration 78456: max relative diff=121.561847, 400.29 sec so far
Iteration 79155: max relative diff=98.719142, 405.30 sec so far
Iteration 79830: max relative diff=80.743798, 410.30 sec so far
Iteration 80515: max relative diff=65.845146, 415.30 sec so far
Iteration 81207: max relative diff=53.583749, 420.31 sec so far
Iteration 81880: max relative diff=43.853024, 425.31 sec so far
Iteration 82572: max relative diff=35.686905, 430.31 sec so far
Iteration 83256: max relative diff=29.110710, 435.32 sec so far
Iteration 83933: max relative diff=23.795890, 440.33 sec so far
Iteration 84491: max relative diff=20.153033, 445.33 sec so far
Iteration 85111: max relative diff=16.755636, 450.33 sec so far
Iteration 85795: max relative diff=13.667996, 455.33 sec so far
Iteration 86468: max relative diff=11.185909, 460.33 sec so far
Iteration 87164: max relative diff=9.092082, 465.34 sec so far
Iteration 87838: max relative diff=7.438759, 470.34 sec so far
Iteration 88520: max relative diff=6.071598, 475.35 sec so far
Iteration 89210: max relative diff=4.943915, 480.35 sec so far
Iteration 89879: max relative diff=4.050930, 485.35 sec so far
Iteration 90570: max relative diff=3.297565, 490.36 sec so far
Iteration 91252: max relative diff=2.691510, 495.36 sec so far
Iteration 91925: max relative diff=2.202736, 500.37 sec so far
Iteration 92621: max relative diff=1.790418, 505.37 sec so far
Iteration 93244: max relative diff=1.487261, 510.38 sec so far
Iteration 93814: max relative diff=1.255086, 515.38 sec so far
Iteration 94458: max relative diff=1.036073, 520.39 sec so far
Iteration 95156: max relative diff=0.841635, 525.39 sec so far
Iteration 95860: max relative diff=0.682467, 530.39 sec so far
Iteration 96542: max relative diff=0.557037, 535.40 sec so far
Iteration 97234: max relative diff=0.453308, 540.40 sec so far
Iteration 97904: max relative diff=0.371319, 545.41 sec so far
Iteration 98593: max relative diff=0.302444, 550.41 sec so far
Iteration 99276: max relative diff=0.246785, 555.41 sec so far
Iteration 99949: max relative diff=0.201969, 560.42 sec so far
Iteration 100643: max relative diff=0.164261, 565.42 sec so far
Iteration 101315: max relative diff=0.134472, 570.42 sec so far
Iteration 101996: max relative diff=0.109790, 575.43 sec so far
Iteration 102686: max relative diff=0.089399, 580.43 sec so far
Iteration 103355: max relative diff=0.073251, 585.44 sec so far
Iteration 104045: max relative diff=0.059646, 590.44 sec so far
Iteration 104727: max relative diff=0.048684, 595.44 sec so far
Iteration 105400: max relative diff=0.039843, 600.44 sec so far
Iteration 106094: max relative diff=0.032404, 605.45 sec so far
Iteration 106769: max relative diff=0.026504, 610.45 sec so far
Iteration 107450: max relative diff=0.021639, 615.45 sec so far
Iteration 108141: max relative diff=0.017615, 620.46 sec so far
Iteration 108792: max relative diff=0.014511, 625.47 sec so far
Iteration 109349: max relative diff=0.012293, 630.47 sec so far
Iteration 109982: max relative diff=0.010181, 635.48 sec so far
Iteration 110672: max relative diff=0.008290, 640.48 sec so far
Iteration 111375: max relative diff=0.006724, 645.48 sec so far
Iteration 112065: max relative diff=0.005475, 650.49 sec so far
Iteration 112748: max relative diff=0.004468, 655.49 sec so far
Iteration 113421: max relative diff=0.003656, 660.49 sec so far
Iteration 114119: max relative diff=0.002970, 665.49 sec so far
Iteration 114796: max relative diff=0.002428, 670.50 sec so far
Iteration 115479: max relative diff=0.001981, 675.50 sec so far
Iteration 116172: max relative diff=0.001612, 680.50 sec so far
Iteration 116844: max relative diff=0.001319, 685.51 sec so far
Iteration 117536: max relative diff=0.001074, 690.51 sec so far
Iteration 118221: max relative diff=0.000876, 695.52 sec so far
Iteration 118896: max relative diff=0.000716, 700.52 sec so far
Iteration 119593: max relative diff=0.000582, 705.53 sec so far
Iteration 120269: max relative diff=0.000476, 710.53 sec so far
Iteration 120953: max relative diff=0.000388, 715.53 sec so far
Iteration 121528: max relative diff=0.000327, 720.53 sec so far
Iteration 122135: max relative diff=0.000273, 725.54 sec so far
Iteration 122812: max relative diff=0.000223, 730.55 sec so far
Iteration 123495: max relative diff=0.000182, 735.55 sec so far
Iteration 124189: max relative diff=0.000148, 740.55 sec so far
Iteration 124862: max relative diff=0.000121, 745.55 sec so far
Iteration 125553: max relative diff=0.000099, 750.56 sec so far
Iteration 126240: max relative diff=0.000080, 755.56 sec so far
Iteration 126916: max relative diff=0.000066, 760.57 sec so far
Iteration 127613: max relative diff=0.000053, 765.57 sec so far
Iteration 128291: max relative diff=0.000044, 770.57 sec so far
Iteration 128976: max relative diff=0.000036, 775.57 sec so far
Iteration 129672: max relative diff=0.000029, 780.57 sec so far
Iteration 130346: max relative diff=0.000024, 785.58 sec so far
Iteration 131037: max relative diff=0.000019, 790.58 sec so far
Iteration 131723: max relative diff=0.000016, 795.59 sec so far
Iteration 132398: max relative diff=0.000013, 800.59 sec so far
Iteration 133095: max relative diff=0.000010, 805.59 sec so far
Iteration 133772: max relative diff=0.000009, 810.60 sec so far
Iteration 134455: max relative diff=0.000007, 815.60 sec so far
Iteration 135150: max relative diff=0.000006, 820.61 sec so far
Iteration 135799: max relative diff=0.000005, 825.61 sec so far
Iteration 136360: max relative diff=0.000004, 830.61 sec so far
Iteration 136997: max relative diff=0.000003, 835.62 sec so far
Iteration 137692: max relative diff=0.000003, 840.62 sec so far
Iteration 138364: max relative diff=0.000002, 845.63 sec so far
Iteration 139055: max relative diff=0.000002, 850.63 sec so far
Iteration 139742: max relative diff=0.000001, 855.64 sec so far
Iteration 140416: max relative diff=0.000001, 860.64 sec so far
Max relative diff between upper and lower bound on convergence: 9.99735E-07
LowItr:87978 , UpItr:140977 

Iterative method: 140978 iterations in 864.65 seconds (average 0.006133, setup 0.20)
Maximum finite value in solution vector at end of interval iteration: 24851.000000393586

Value in the initial state: 24843.000000393586

Time for model checking: 866.092 seconds.

Result: 24843.000000393586 (value in the initial state)

---------------------------------------------------------------------

Note: There were 2 warnings during computation.

