PRISM
=====

Version: 4.4
Date: Mon Feb 15 10:41:41 IRST 2021
Hostname: sadegh-H81M-S2PH
Memory limits: cudd=1g, java(heap)=910.5m
Command line: prism ../../examples/mdps/consensus/coin4.nm ../../examples/mdps/consensus/steps_max.pctl -s '-ii:upper=1.2e+12' -const K=14 -maxiters 9000300 -backward

Parsing model file "../../examples/mdps/consensus/coin4.nm"...

Parsing properties file "../../examples/mdps/consensus/steps_max.pctl"...

1 property:
(1) "steps_max": R{"steps"}max=? [ F "finished" ]

Type:        MDP
Modules:     process1 process2 process3 process4 
Variables:   counter pc1 coin1 pc2 coin2 pc3 coin3 pc4 coin4 

---------------------------------------------------------------------

Model checking: "steps_max": R{"steps"}max=? [ F "finished" ]
Model constants: K=14

Warning: Not Switching to explicit engine, We implemented the emthods for sparse engine.

Building model...
Model constants: K=14

Computing reachable states...

Reachability (BFS): 675 iterations in 0.09 seconds (average 0.000129, setup 0.00)

Time for model construction: 0.15 seconds.

Type:        MDP
States:      145536 (1 initial)
Transitions: 489952
Choices:     392320

Transition matrix: 2388 nodes (3 terminal), 489952 minterms, vars: 19r/19c/4nd

Prob0E: 186 iterations in 0.16 seconds (average 0.000871, setup 0.00)

Prob1A: 1 iterations in 0.00 seconds (average 0.000000, setup 0.00)

goal = 64, inf = 0, maybe = 145472

Warning: Upper bound for interval iteration manually set to 1.2E12

Computing remaining rewards...
 6
Building sparse matrix (transitions)... [n=145536, nc=392256, nnz=489888, k=4] [7.7 MB]
Building sparse matrix (transition rewards)... [n=145536, nc=392256, nnz=0, k=4] [2.1 MB]
Creating vector for state rewards... [1.1 MB]
Creating vector for inf... [1.1 MB]
Creating vector for lower bounds... [1.1 MB]
Creating vector for upper bounds... [1.1 MB]
Allocating iteration vectors... [4 x 1.1 MB]
TOTAL: [18.6 MB]

Starting iterations (interval iteration)...

Time for state ordering: 0.008000


Iters: 500 , Maximum difference of values of bel_vec: 5.23847 & Maximum difference of values of abov_vec: 7.08257E+08 
Iters: 1000 , Maximum difference of values of bel_vec: 3.73084 & Maximum difference of values of abov_vec: 5.33424E+08 
Iters: 1500 , Maximum difference of values of bel_vec: 2.62015 & Maximum difference of values of abov_vec: 3.71607E+08 
Iters: 2000 , Maximum difference of values of bel_vec: 1.83859 & Maximum difference of values of abov_vec: 2.61125E+08 
Iters: 2500 , Maximum difference of values of bel_vec: 1.2901 & Maximum difference of values of abov_vec: 1.83377E+08 
Iters: 3000 , Maximum difference of values of bel_vec: 0.905238 & Maximum difference of values of abov_vec: 1.28773E+08 
Iters: 3500 , Maximum difference of values of bel_vec: 0.635185 & Maximum difference of values of abov_vec: 9.04282E+07 
Iters: 4000 , Maximum difference of values of bel_vec: 0.445695 & Maximum difference of values of abov_vec: 6.35013E+07 
Iters: 4500 , Maximum difference of values of bel_vec: 0.312734 & Maximum difference of values of abov_vec: 4.45925E+07 
Iters: 5000 , Maximum difference of values of bel_vec: 0.219439 & Maximum difference of values of abov_vec: 3.13141E+07 
Iters: 5500 , Maximum difference of values of bel_vec: 0.153975 & Maximum difference of values of abov_vec: 2.19897E+07 
Iters: 6000 , Maximum difference of values of bel_vec: 0.108041 & Maximum difference of values of abov_vec: 1.54418E+07 
Iters: 6500 , Maximum difference of values of bel_vec: 0.07581 & Maximum difference of values of abov_vec: 1.08437E+07 
Iters: 7000 , Maximum difference of values of bel_vec: 0.0531942 & Maximum difference of values of abov_vec: 7.61475E+06 
Iters: 7500 , Maximum difference of values of bel_vec: 0.0373252 & Maximum difference of values of abov_vec: 5.3473E+06 
Iters: 8000 , Maximum difference of values of bel_vec: 0.0261902 & Maximum difference of values of abov_vec: 3.75503E+06 
Iters: 8500 , Maximum difference of values of bel_vec: 0.0183771 & Maximum difference of values of abov_vec: 2.63689E+06 
Iters: 9000 , Maximum difference of values of bel_vec: 0.0128948 & Maximum difference of values of abov_vec: 1.8517E+06 
Iters: 9500 , Maximum difference of values of bel_vec: 0.009048 & Maximum difference of values of abov_vec: 1.30032E+06 
Iters: 10000 , Maximum difference of values of bel_vec: 0.00634878 & Maximum difference of values of abov_vec: 913122 
Iters: 10500 , Maximum difference of values of bel_vec: 0.0044548 & Maximum difference of values of abov_vec: 641221 
Iters: 11000 , Maximum difference of values of bel_vec: 0.00312583 & Maximum difference of values of abov_vec: 450284 
Iters: 11500 , Maximum difference of values of bel_vec: 0.00219333 & Maximum difference of values of abov_vec: 316203 
Iters: 12000 , Maximum difference of values of bel_vec: 0.00153901 & Maximum difference of values of abov_vec: 222047 
Iters: 12500 , Maximum difference of values of bel_vec: 0.00107989 & Maximum difference of values of abov_vec: 155928 
Iters: 13000 , Maximum difference of values of bel_vec: 0.000757733 & Maximum difference of values of abov_vec: 109497 
Iters: 13500 , Maximum difference of values of bel_vec: 0.000531684 & Maximum difference of values of abov_vec: 76891.9 
Iters: 14000 , Maximum difference of values of bel_vec: 0.000373071 & Maximum difference of values of abov_vec: 53995.7 
Iters: 14500 , Maximum difference of values of bel_vec: 0.000261776 & Maximum difference of values of abov_vec: 37917.4 
Iters: 15000 , Maximum difference of values of bel_vec: 0.000183682 & Maximum difference of values of abov_vec: 26626.7 
Iters: 15500 , Maximum difference of values of bel_vec: 0.000128886 & Maximum difference of values of abov_vec: 18698 
Iters: 16000 , Maximum difference of values of bel_vec: 9.04362E-05 & Maximum difference of values of abov_vec: 13130.3 
Iters: 16500 , Maximum difference of values of bel_vec: 6.34571E-05 & Maximum difference of values of abov_vec: 9220.48 
Iters: 17000 , Maximum difference of values of bel_vec: 4.45264E-05 & Maximum difference of values of abov_vec: 6474.89 
Iters: 17500 , Maximum difference of values of bel_vec: 3.12432E-05 & Maximum difference of values of abov_vec: 4546.86 
Iters: 18000 , Maximum difference of values of bel_vec: 2.19227E-05 & Maximum difference of values of abov_vec: 3192.93 
Iters: 18500 , Maximum difference of values of bel_vec: 1.53826E-05 & Maximum difference of values of abov_vec: 2242.17 
Iters: 19000 , Maximum difference of values of bel_vec: 1.07937E-05 & Maximum difference of values of abov_vec: 1574.52 
Iters: 19500 , Maximum difference of values of bel_vec: 7.57367E-06 & Maximum difference of values of abov_vec: 1105.67 
Iters: 20000 , Maximum difference of values of bel_vec: 5.31427E-06 & Maximum difference of values of abov_vec: 776.435 
Iters: 20500 , Maximum difference of values of bel_vec: 3.72891E-06 & Maximum difference of values of abov_vec: 545.236 
Iters: 21000 , Maximum difference of values of bel_vec: 2.61649E-06 & Maximum difference of values of abov_vec: 382.88 
Iters: 21500 , Maximum difference of values of bel_vec: 1.83594E-06 & Maximum difference of values of abov_vec: 268.87 
Iters: 22000 , Maximum difference of values of bel_vec: 1.28823E-06 & Maximum difference of values of abov_vec: 188.808 
Iters: 22500 , Maximum difference of values of bel_vec: 9.03925E-07 & Maximum difference of values of abov_vec: 132.587 
Iters: 23000 , Maximum difference of values of bel_vec: 6.34263E-07 & Maximum difference of values of abov_vec: 93.1061 
Iters: 23500 , Maximum difference of values of bel_vec: 4.45048E-07 & Maximum difference of values of abov_vec: 65.3818 
Iters: 24000 , Maximum difference of values of bel_vec: 3.1228E-07 & Maximum difference of values of abov_vec: 45.913 
Iters: 24500 , Maximum difference of values of bel_vec: 2.19121E-07 & Maximum difference of values of abov_vec: 32.2415 
Iters: 25000 , Maximum difference of values of bel_vec: 1.53752E-07 & Maximum difference of values of abov_vec: 22.6409 
Iters: 25500 , Maximum difference of values of bel_vec: 1.07884E-07 & Maximum difference of values of abov_vec: 15.8991 
Iters: 26000 , Maximum difference of values of bel_vec: 7.56991E-08 & Maximum difference of values of abov_vec: 11.1648 
Iters: 26500 , Maximum difference of values of bel_vec: 5.31163E-08 & Maximum difference of values of abov_vec: 7.84025 
Iters: 27000 , Maximum difference of values of bel_vec: 3.72711E-08 & Maximum difference of values of abov_vec: 5.50565 
Iters: 27500 , Maximum difference of values of bel_vec: 2.61516E-08 & Maximum difference of values of abov_vec: 3.86623 
Iters: 28000 , Maximum difference of values of bel_vec: 1.835E-08 & Maximum difference of values of abov_vec: 2.71498 
Iters: 28500 , Maximum difference of values of bel_vec: 1.28766E-08 & Maximum difference of values of abov_vec: 1.90654 
Iters: 29000 , Maximum difference of values of bel_vec: 9.03492E-09 & Maximum difference of values of abov_vec: 1.33883 
Iters: 29500 , Maximum difference of values of bel_vec: 6.33918E-09 & Maximum difference of values of abov_vec: 0.940163 
Iters: 30000 , Maximum difference of values of bel_vec: 4.44925E-09 & Maximum difference of values of abov_vec: 0.66021 
Iters: 30500 , Maximum difference of values of bel_vec: 3.12139E-09 & Maximum difference of values of abov_vec: 0.463618 
Iters: 31000 , Maximum difference of values of bel_vec: 2.19006E-09 & Maximum difference of values of abov_vec: 0.325566 
Iters: 31500 , Maximum difference of values of bel_vec: 1.53705E-09 & Maximum difference of values of abov_vec: 0.228622 
Iters: 32000 , Maximum difference of values of bel_vec: 1.07866E-09 & Maximum difference of values of abov_vec: 0.160545 
Iters: 32500 , Maximum difference of values of bel_vec: 7.567E-10 & Maximum difference of values of abov_vec: 0.112739 
Iters: 33000 , Maximum difference of values of bel_vec: 5.31145E-10 & Maximum difference of values of abov_vec: 0.0791689 
Iters: 33500 , Maximum difference of values of bel_vec: 3.72893E-10 & Maximum difference of values of abov_vec: 0.0555947 
Iters: 34000 , Maximum difference of values of bel_vec: 2.61934E-10 & Maximum difference of values of abov_vec: 0.0390402 
Iters: 34500 , Maximum difference of values of bel_vec: 1.83718E-10 & Maximum difference of values of abov_vec: 0.0274152 
Iters: 35000 , Maximum difference of values of bel_vec: 1.29148E-10 & Maximum difference of values of abov_vec: 0.0192517 
Iters: 35500 , Maximum difference of values of bel_vec: 9.09495E-11 & Maximum difference of values of abov_vec: 0.0135191 
Iters: 36000 , Maximum difference of values of bel_vec: 6.36646E-11 & Maximum difference of values of abov_vec: 0.00949353 
Iters: 36500 , Maximum difference of values of bel_vec: 4.36557E-11 & Maximum difference of values of abov_vec: 0.00666663 
Iters: 37000 , Maximum difference of values of bel_vec: 3.09228E-11 & Maximum difference of values of abov_vec: 0.0046815 
Iters: 37500 , Maximum difference of values of bel_vec: 2.18279E-11 & Maximum difference of values of abov_vec: 0.00328749 
Iters: 38000 , Maximum difference of values of bel_vec: 1.45519E-11 & Maximum difference of values of abov_vec: 0.00230857 
Iters: 38500 , Maximum difference of values of bel_vec: 1.09139E-11 & Maximum difference of values of abov_vec: 0.00162115 
Iters: 39000 , Maximum difference of values of bel_vec: 7.27596E-12 & Maximum difference of values of abov_vec: 0.00113842 
Iters: 39500 , Maximum difference of values of bel_vec: 7.27596E-12 & Maximum difference of values of abov_vec: 0.000799428 
Iters: 40000 , Maximum difference of values of bel_vec: 3.63798E-12 & Maximum difference of values of abov_vec: 0.000561382 
Iters: 40500 , Maximum difference of values of bel_vec: 3.63798E-12 & Maximum difference of values of abov_vec: 0.000394219 
Iters: 41000 , Maximum difference of values of bel_vec: 1.81899E-12 & Maximum difference of values of abov_vec: 0.000276832 
Iters: 41500 , Maximum difference of values of bel_vec: 1.81899E-12 & Maximum difference of values of abov_vec: 0.000194399 
Iters: 42000 , Maximum difference of values of bel_vec: 0 & Maximum difference of values of abov_vec: 0.000136513 
Iters: 42500 , Maximum difference of values of bel_vec: 0 & Maximum difference of values of abov_vec: 9.58633E-05 
Iters: 43000 , Maximum difference of values of bel_vec: 0 & Maximum difference of values of abov_vec: 6.7318E-05 
Iters: 43500 , Maximum difference of values of bel_vec: 0 & Maximum difference of values of abov_vec: 4.72727E-05 
Iters: 44000 , Maximum difference of values of bel_vec: 0 & Maximum difference of values of abov_vec: 3.31963E-05 
Iters: 44500 , Maximum difference of values of bel_vec: 0 & Maximum difference of values of abov_vec: 2.33114E-05 
Iters: 45000 , Maximum difference of values of bel_vec: 0 & Maximum difference of values of abov_vec: 1.63699E-05 
Iters: 45500 , Maximum difference of values of bel_vec: 0 & Maximum difference of values of abov_vec: 1.14954E-05 
Iters: 46000 , Maximum difference of values of bel_vec: 0 & Maximum difference of values of abov_vec: 8.07243E-06 
Iters: 46500 , Maximum difference of values of bel_vec: 0 & Maximum difference of values of abov_vec: 5.66869E-06 
Iters: 47000 , Maximum difference of values of bel_vec: 0 & Maximum difference of values of abov_vec: 3.98072E-06 
Iters: 47500 , Maximum difference of values of bel_vec: 0 & Maximum difference of values of abov_vec: 2.79538E-06 
Iters: 48000 , Maximum difference of values of bel_vec: 0 & Maximum difference of values of abov_vec: 1.963E-06 
Iters: 48500 , Maximum difference of values of bel_vec: 0 & Maximum difference of values of abov_vec: 1.37847E-06 
Iters: 49000 , Maximum difference of values of bel_vec: 0 & Maximum difference of values of abov_vec: 9.68004E-07 
Iters: 49500 , Maximum difference of values of bel_vec: 0 & Maximum difference of values of abov_vec: 6.79762E-07 
Iters: 50000 , Maximum difference of values of bel_vec: 0 & Maximum difference of values of abov_vec: 4.77348E-07 
Iters: 50500 , Maximum difference of values of bel_vec: 0 & Maximum difference of values of abov_vec: 3.35207E-07 
Iters: 51000 , Maximum difference of values of bel_vec: 0 & Maximum difference of values of abov_vec: 2.35392E-07 
Iters: 51500 , Maximum difference of values of bel_vec: 0 & Maximum difference of values of abov_vec: 1.65299E-07 
Iters: 52000 , Maximum difference of values of bel_vec: 0 & Maximum difference of values of abov_vec: 1.16079E-07 
Iters: 52500 , Maximum difference of values of bel_vec: 0 & Maximum difference of values of abov_vec: 8.15126E-08 
Iters: 53000 , Maximum difference of values of bel_vec: 0 & Maximum difference of values of abov_vec: 5.724E-08 
Iters: 53500 , Maximum difference of values of bel_vec: 0 & Maximum difference of values of abov_vec: 4.0196E-08 
Iters: 54000 , Maximum difference of values of bel_vec: 0 & Maximum difference of values of abov_vec: 2.82271E-08 
Iters: 54500 , Maximum difference of values of bel_vec: 0 & Maximum difference of values of abov_vec: 1.98215E-08 
Iters: 55000 , Maximum difference of values of bel_vec: 0 & Maximum difference of values of abov_vec: 1.39189E-08 
Iters: 55500 , Maximum difference of values of bel_vec: 0 & Maximum difference of values of abov_vec: 9.77525E-09 
Iters: 56000 , Maximum difference of values of bel_vec: 0 & Maximum difference of values of abov_vec: 6.86487E-09 
Iters: 56500 , Maximum difference of values of bel_vec: 0 & Maximum difference of values of abov_vec: 4.82032E-09 
Iters: 57000 , Maximum difference of values of bel_vec: 0 & Maximum difference of values of abov_vec: 3.38514E-09 
Iters: 57500 , Maximum difference of values of bel_vec: 0 & Maximum difference of values of abov_vec: 2.3756E-09 
Iters: 58000 , Maximum difference of values of bel_vec: 0 & Maximum difference of values of abov_vec: 1.66983E-09 
Iters: 58500 , Maximum difference of values of bel_vec: 0 & Maximum difference of values of abov_vec: 1.17143E-09 
Iters: 59000 , Maximum difference of values of bel_vec: 0 & Maximum difference of values of abov_vec: 8.22183E-10 Max relative diff between upper and lower bound on convergence: 9.99335E-07
Iterative method: 59218 iterations in 274.06 seconds (average 0.004628, setup 0.10)
Maximum finite value in solution vector at end of interval iteration: 10451.000000497917

Value in the initial state: 10443.000000497917

Time for model checking: 274.79 seconds.

Result: 10443.000000497917 (value in the initial state)

---------------------------------------------------------------------

Note: There were 2 warnings during computation.

