PRISM
=====

Version: 4.4
Date: Mon Feb 15 10:33:10 IRST 2021
Hostname: sadegh-H81M-S2PH
Memory limits: cudd=1g, java(heap)=910.5m
Command line: prism ../../examples/mdps/consensus/coin4.nm ../../examples/mdps/consensus/steps_max.pctl -s '-ii:upper=1.2e+12' -const K=12 -maxiters 9000300 -improvedbk

Parsing model file "../../examples/mdps/consensus/coin4.nm"...

Parsing properties file "../../examples/mdps/consensus/steps_max.pctl"...

1 property:
(1) "steps_max": R{"steps"}max=? [ F "finished" ]

Type:        MDP
Modules:     process1 process2 process3 process4 
Variables:   counter pc1 coin1 pc2 coin2 pc3 coin3 pc4 coin4 

---------------------------------------------------------------------

Model checking: "steps_max": R{"steps"}max=? [ F "finished" ]
Model constants: K=12

Warning: Not Switching to explicit engine, We implemented the emthods for sparse engine.

Building model...
Model constants: K=12

Computing reachable states...

Reachability (BFS): 579 iterations in 0.07 seconds (average 0.000117, setup 0.00)

Time for model construction: 0.117 seconds.

Type:        MDP
States:      125056 (1 initial)
Transitions: 420832
Choices:     337024

Transition matrix: 2388 nodes (3 terminal), 420832 minterms, vars: 19r/19c/4nd

Prob0E: 162 iterations in 0.13 seconds (average 0.000778, setup 0.00)

Prob1A: 1 iterations in 0.00 seconds (average 0.000000, setup 0.00)

goal = 64, inf = 0, maybe = 124992

Warning: Upper bound for interval iteration manually set to 1.2E12

Computing remaining rewards...
 7
Building sparse matrix (transitions)... [n=125056, nc=336960, nnz=420768, k=4] [6.6 MB]
Building sparse matrix (transition rewards)... [n=125056, nc=336960, nnz=0, k=4] [1.8 MB]
Creating vector for state rewards... [977.0 KB]
Creating vector for inf... [977.0 KB]
Creating vector for lower bounds... [977.0 KB]
Creating vector for upper bounds... [977.0 KB]
Allocating iteration vectors... [4 x 977.0 KB]
TOTAL: [16.0 MB]

Starting iterations (interval iteration)...

 Time for pre-computation: 0.075000 Iteration 2903: max relative diff=0.483209, 4.93 sec so far
Iteration 5820: max relative diff=0.030414, 9.93 sec so far
Iteration 8703: max relative diff=0.001977, 14.93 sec so far
Iteration 11689: max relative diff=0.000117, 19.93 sec so far
Iteration 14344: max relative diff=0.000009, 24.93 sec so far

First round (updates from below) finished after 16708 iters.
Correctness of the approximated above vector satisfied after 1 iterations.
Iteration 16729: max relative diff=0.637611, 29.93 sec so far
Iteration 19024: max relative diff=0.084704, 34.93 sec so far
Iteration 21508: max relative diff=0.008103, 39.94 sec so far
Iteration 23919: max relative diff=0.000830, 44.94 sec so far
Iteration 26356: max relative diff=0.000083, 49.94 sec so far
Iteration 28821: max relative diff=0.000008, 54.94 sec so far

Second round (updates from above) finished after 31034 iters.
Update from both sides... 
Iteration 31343: max relative diff=0.001576, 59.94 sec so far
Iteration 33825: max relative diff=0.000150, 64.94 sec so far
Iteration 36273: max relative diff=0.000015, 69.95 sec so far
Iteration 38689: max relative diff=0.000002, 74.95 sec so far
Max relative diff between upper and lower bound on convergence: 0

Number of iterations for the lower bound = 24797

Iterative method: 39123 iterations in 75.83 seconds (average 0.001938, setup 0.08)
Maximum finite value in solution vector at end of interval iteration: 7811.0000000073305

Value in the initial state: 7803.0000000073305

Time for model checking: 76.357 seconds.

Result: 7803.0000000073305 (value in the initial state)

---------------------------------------------------------------------

Note: There were 2 warnings during computation.

