PRISM
=====

Version: 4.4
Date: Mon Feb 15 10:30:13 IRST 2021
Hostname: sadegh-H81M-S2PH
Memory limits: cudd=1g, java(heap)=910.5m
Command line: prism ../../examples/mdps/consensus/coin4.nm ../../examples/mdps/consensus/steps_max.pctl -s '-ii:upper=1.2e+12' -const K=12 -maxiters 9000300 -backward

Parsing model file "../../examples/mdps/consensus/coin4.nm"...

Parsing properties file "../../examples/mdps/consensus/steps_max.pctl"...

1 property:
(1) "steps_max": R{"steps"}max=? [ F "finished" ]

Type:        MDP
Modules:     process1 process2 process3 process4 
Variables:   counter pc1 coin1 pc2 coin2 pc3 coin3 pc4 coin4 

---------------------------------------------------------------------

Model checking: "steps_max": R{"steps"}max=? [ F "finished" ]
Model constants: K=12

Warning: Not Switching to explicit engine, We implemented the emthods for sparse engine.

Building model...
Model constants: K=12

Computing reachable states...

Reachability (BFS): 579 iterations in 0.07 seconds (average 0.000117, setup 0.00)

Time for model construction: 0.127 seconds.

Type:        MDP
States:      125056 (1 initial)
Transitions: 420832
Choices:     337024

Transition matrix: 2388 nodes (3 terminal), 420832 minterms, vars: 19r/19c/4nd

Prob0E: 162 iterations in 0.14 seconds (average 0.000833, setup 0.00)

Prob1A: 1 iterations in 0.00 seconds (average 0.000000, setup 0.00)

goal = 64, inf = 0, maybe = 124992

Warning: Upper bound for interval iteration manually set to 1.2E12

Computing remaining rewards...
 6
Building sparse matrix (transitions)... [n=125056, nc=336960, nnz=420768, k=4] [6.6 MB]
Building sparse matrix (transition rewards)... [n=125056, nc=336960, nnz=0, k=4] [1.8 MB]
Creating vector for state rewards... [977.0 KB]
Creating vector for inf... [977.0 KB]
Creating vector for lower bounds... [977.0 KB]
Creating vector for upper bounds... [977.0 KB]
Allocating iteration vectors... [4 x 977.0 KB]
TOTAL: [16.0 MB]

Starting iterations (interval iteration)...

Time for state ordering: 0.007000


Iters: 500 , Maximum difference of values of bel_vec: 4.68819 & Maximum difference of values of abov_vec: 9.03203E+08 
Iters: 1000 , Maximum difference of values of bel_vec: 2.93513 & Maximum difference of values of abov_vec: 5.57504E+08 
Iters: 1500 , Maximum difference of values of bel_vec: 1.82731 & Maximum difference of values of abov_vec: 3.48241E+08 
Iters: 2000 , Maximum difference of values of bel_vec: 1.13747 & Maximum difference of values of abov_vec: 2.17137E+08 
Iters: 2500 , Maximum difference of values of bel_vec: 0.708057 & Maximum difference of values of abov_vec: 1.35385E+08 
Iters: 3000 , Maximum difference of values of bel_vec: 0.440754 & Maximum difference of values of abov_vec: 8.44118E+07 
Iters: 3500 , Maximum difference of values of bel_vec: 0.274362 & Maximum difference of values of abov_vec: 5.26305E+07 
Iters: 4000 , Maximum difference of values of bel_vec: 0.170785 & Maximum difference of values of abov_vec: 3.28149E+07 
Iters: 4500 , Maximum difference of values of bel_vec: 0.106311 & Maximum difference of values of abov_vec: 2.046E+07 
Iters: 5000 , Maximum difference of values of bel_vec: 0.0661768 & Maximum difference of values of abov_vec: 1.27567E+07 
Iters: 5500 , Maximum difference of values of bel_vec: 0.0411939 & Maximum difference of values of abov_vec: 7.95378E+06 
Iters: 6000 , Maximum difference of values of bel_vec: 0.0256425 & Maximum difference of values of abov_vec: 4.95915E+06 
Iters: 6500 , Maximum difference of values of bel_vec: 0.015962 & Maximum difference of values of abov_vec: 3.09201E+06 
Iters: 7000 , Maximum difference of values of bel_vec: 0.00993609 & Maximum difference of values of abov_vec: 1.92786E+06 
Iters: 7500 , Maximum difference of values of bel_vec: 0.00618504 & Maximum difference of values of abov_vec: 1.20201E+06 
Iters: 8000 , Maximum difference of values of bel_vec: 0.00385008 & Maximum difference of values of abov_vec: 749452 
Iters: 8500 , Maximum difference of values of bel_vec: 0.00239661 & Maximum difference of values of abov_vec: 467280 
Iters: 9000 , Maximum difference of values of bel_vec: 0.00149185 & Maximum difference of values of abov_vec: 291348 
Iters: 9500 , Maximum difference of values of bel_vec: 0.000928651 & Maximum difference of values of abov_vec: 181654 
Iters: 10000 , Maximum difference of values of bel_vec: 0.000578069 & Maximum difference of values of abov_vec: 113261 
Iters: 10500 , Maximum difference of values of bel_vec: 0.000359838 & Maximum difference of values of abov_vec: 70617.7 
Iters: 11000 , Maximum difference of values of bel_vec: 0.000223993 & Maximum difference of values of abov_vec: 44029.9 
Iters: 11500 , Maximum difference of values of bel_vec: 0.000139432 & Maximum difference of values of abov_vec: 27452.5 
Iters: 12000 , Maximum difference of values of bel_vec: 8.6794E-05 & Maximum difference of values of abov_vec: 17116.5 
Iters: 12500 , Maximum difference of values of bel_vec: 5.40278E-05 & Maximum difference of values of abov_vec: 10672.1 
Iters: 13000 , Maximum difference of values of bel_vec: 3.36314E-05 & Maximum difference of values of abov_vec: 6654.02 
Iters: 13500 , Maximum difference of values of bel_vec: 2.0935E-05 & Maximum difference of values of abov_vec: 4148.76 
Iters: 14000 , Maximum difference of values of bel_vec: 1.30316E-05 & Maximum difference of values of abov_vec: 2586.74 
Iters: 14500 , Maximum difference of values of bel_vec: 8.11198E-06 & Maximum difference of values of abov_vec: 1612.82 
Iters: 15000 , Maximum difference of values of bel_vec: 5.04957E-06 & Maximum difference of values of abov_vec: 1005.59 
Iters: 15500 , Maximum difference of values of bel_vec: 3.14327E-06 & Maximum difference of values of abov_vec: 626.981 
Iters: 16000 , Maximum difference of values of bel_vec: 1.95663E-06 & Maximum difference of values of abov_vec: 390.92 
Iters: 16500 , Maximum difference of values of bel_vec: 1.21797E-06 & Maximum difference of values of abov_vec: 243.738 
Iters: 17000 , Maximum difference of values of bel_vec: 7.58166E-07 & Maximum difference of values of abov_vec: 151.97 
Iters: 17500 , Maximum difference of values of bel_vec: 4.71945E-07 & Maximum difference of values of abov_vec: 94.7525 
Iters: 18000 , Maximum difference of values of bel_vec: 2.93778E-07 & Maximum difference of values of abov_vec: 59.0778 
Iters: 18500 , Maximum difference of values of bel_vec: 1.82872E-07 & Maximum difference of values of abov_vec: 36.8348 
Iters: 19000 , Maximum difference of values of bel_vec: 1.13834E-07 & Maximum difference of values of abov_vec: 22.9664 
Iters: 19500 , Maximum difference of values of bel_vec: 7.08596E-08 & Maximum difference of values of abov_vec: 14.3195 
Iters: 20000 , Maximum difference of values of bel_vec: 4.41087E-08 & Maximum difference of values of abov_vec: 8.92814 
Iters: 20500 , Maximum difference of values of bel_vec: 2.74576E-08 & Maximum difference of values of abov_vec: 5.56666 
Iters: 21000 , Maximum difference of values of bel_vec: 1.70912E-08 & Maximum difference of values of abov_vec: 3.47079 
Iters: 21500 , Maximum difference of values of bel_vec: 1.06393E-08 & Maximum difference of values of abov_vec: 2.16403 
Iters: 22000 , Maximum difference of values of bel_vec: 6.62294E-09 & Maximum difference of values of abov_vec: 1.34926 
Iters: 22500 , Maximum difference of values of bel_vec: 4.12274E-09 & Maximum difference of values of abov_vec: 0.841262 
Iters: 23000 , Maximum difference of values of bel_vec: 2.56659E-09 & Maximum difference of values of abov_vec: 0.524524 
Iters: 23500 , Maximum difference of values of bel_vec: 1.59707E-09 & Maximum difference of values of abov_vec: 0.327039 
Iters: 24000 , Maximum difference of values of bel_vec: 9.94987E-10 & Maximum difference of values of abov_vec: 0.203908 
Iters: 24500 , Maximum difference of values of bel_vec: 6.19366E-10 & Maximum difference of values of abov_vec: 0.127136 
Iters: 25000 , Maximum difference of values of bel_vec: 3.85626E-10 & Maximum difference of values of abov_vec: 0.0792686 
Iters: 25500 , Maximum difference of values of bel_vec: 2.40107E-10 & Maximum difference of values of abov_vec: 0.0494237 
Iters: 26000 , Maximum difference of values of bel_vec: 1.49157E-10 & Maximum difference of values of abov_vec: 0.0308155 
Iters: 26500 , Maximum difference of values of bel_vec: 9.27685E-11 & Maximum difference of values of abov_vec: 0.0192134 
Iters: 27000 , Maximum difference of values of bel_vec: 5.82077E-11 & Maximum difference of values of abov_vec: 0.0119795 
Iters: 27500 , Maximum difference of values of bel_vec: 3.63798E-11 & Maximum difference of values of abov_vec: 0.00746916 
Iters: 28000 , Maximum difference of values of bel_vec: 2.27374E-11 & Maximum difference of values of abov_vec: 0.00465699 
Iters: 28500 , Maximum difference of values of bel_vec: 1.45519E-11 & Maximum difference of values of abov_vec: 0.00290362 
Iters: 29000 , Maximum difference of values of bel_vec: 9.09495E-12 & Maximum difference of values of abov_vec: 0.0018104 
Iters: 29500 , Maximum difference of values of bel_vec: 5.45697E-12 & Maximum difference of values of abov_vec: 0.00112878 
Iters: 30000 , Maximum difference of values of bel_vec: 3.63798E-12 & Maximum difference of values of abov_vec: 0.000703788 
Iters: 30500 , Maximum difference of values of bel_vec: 1.81899E-12 & Maximum difference of values of abov_vec: 0.000438809 
Iters: 31000 , Maximum difference of values of bel_vec: 1.81899E-12 & Maximum difference of values of abov_vec: 0.000273596 
Iters: 31500 , Maximum difference of values of bel_vec: 1.81899E-12 & Maximum difference of values of abov_vec: 0.000170586 
Iters: 32000 , Maximum difference of values of bel_vec: 0 & Maximum difference of values of abov_vec: 0.00010636 
Iters: 32500 , Maximum difference of values of bel_vec: 0 & Maximum difference of values of abov_vec: 6.6315E-05 
Iters: 33000 , Maximum difference of values of bel_vec: 0 & Maximum difference of values of abov_vec: 4.13472E-05 
Iters: 33500 , Maximum difference of values of bel_vec: 0 & Maximum difference of values of abov_vec: 2.57798E-05 
Iters: 34000 , Maximum difference of values of bel_vec: 0 & Maximum difference of values of abov_vec: 1.60736E-05 
Iters: 34500 , Maximum difference of values of bel_vec: 0 & Maximum difference of values of abov_vec: 1.00219E-05 
Iters: 35000 , Maximum difference of values of bel_vec: 0 & Maximum difference of values of abov_vec: 6.2486E-06 
Iters: 35500 , Maximum difference of values of bel_vec: 0 & Maximum difference of values of abov_vec: 3.89598E-06 
Iters: 36000 , Maximum difference of values of bel_vec: 0 & Maximum difference of values of abov_vec: 2.42913E-06 
Iters: 36500 , Maximum difference of values of bel_vec: 0 & Maximum difference of values of abov_vec: 1.51455E-06 
Iters: 37000 , Maximum difference of values of bel_vec: 0 & Maximum difference of values of abov_vec: 9.44318E-07 
Iters: 37500 , Maximum difference of values of bel_vec: 0 & Maximum difference of values of abov_vec: 5.8878E-07 
Iters: 38000 , Maximum difference of values of bel_vec: 0 & Maximum difference of values of abov_vec: 3.67102E-07 
Iters: 38500 , Maximum difference of values of bel_vec: 0 & Maximum difference of values of abov_vec: 2.28887E-07 
Iters: 39000 , Maximum difference of values of bel_vec: 0 & Maximum difference of values of abov_vec: 1.4271E-07 
Iters: 39500 , Maximum difference of values of bel_vec: 0 & Maximum difference of values of abov_vec: 8.89795E-08 
Iters: 40000 , Maximum difference of values of bel_vec: 0 & Maximum difference of values of abov_vec: 5.54783E-08 
Iters: 40500 , Maximum difference of values of bel_vec: 0 & Maximum difference of values of abov_vec: 3.45908E-08 
Iters: 41000 , Maximum difference of values of bel_vec: 0 & Maximum difference of values of abov_vec: 2.15668E-08 
Iters: 41500 , Maximum difference of values of bel_vec: 0 & Maximum difference of values of abov_vec: 1.34469E-08 
Iters: 42000 , Maximum difference of values of bel_vec: 0 & Maximum difference of values of abov_vec: 8.38463E-09 
Iters: 42500 , Maximum difference of values of bel_vec: 0 & Maximum difference of values of abov_vec: 5.22778E-09 
Iters: 43000 , Maximum difference of values of bel_vec: 0 & Maximum difference of values of abov_vec: 3.25872E-09 
Iters: 43500 , Maximum difference of values of bel_vec: 0 & Maximum difference of values of abov_vec: 2.03181E-09 
Iters: 44000 , Maximum difference of values of bel_vec: 0 & Maximum difference of values of abov_vec: 1.26784E-09 Max relative diff between upper and lower bound on convergence: 9.9986E-07
Iterative method: 44311 iterations in 174.95 seconds (average 0.003948, setup 0.08)
Maximum finite value in solution vector at end of interval iteration: 7811.000000499199

Value in the initial state: 7803.000000499199

Time for model checking: 175.47 seconds.

Result: 7803.000000499199 (value in the initial state)

---------------------------------------------------------------------

Note: There were 2 warnings during computation.

