PRISM
=====

Version: 4.4
Date: Tue Feb 16 15:10:35 IRST 2021
Hostname: sadegh-H81M-S2PH
Memory limits: cudd=1g, java(heap)=3.9g
Command line: prism ../../examples/mdps/consensus/coin4.nm ../../examples/mdps/consensus/steps_max.pctl -s '-ii:upper=79716' -asynchupper -maxiters 9000300 -const K=40 -javamaxmem 4500m

Parsing model file "../../examples/mdps/consensus/coin4.nm"...

Parsing properties file "../../examples/mdps/consensus/steps_max.pctl"...

1 property:
(1) "steps_max": R{"steps"}max=? [ F "finished" ]

Type:        MDP
Modules:     process1 process2 process3 process4 
Variables:   counter pc1 coin1 pc2 coin2 pc3 coin3 pc4 coin4 

---------------------------------------------------------------------

Model checking: "steps_max": R{"steps"}max=? [ F "finished" ]
Model constants: K=40

Warning: Not Switching to explicit engine, We implemented the emthods for sparse engine.

Building model...
Model constants: K=40

Computing reachable states...

Reachability (BFS): 1923 iterations in 0.27 seconds (average 0.000142, setup 0.00)

Time for model construction: 0.556 seconds.

Type:        MDP
States:      411776 (1 initial)
Transitions: 1388512
Choices:     1111168

Transition matrix: 2480 nodes (3 terminal), 1388512 minterms, vars: 21r/21c/4nd

Prob0E: 498 iterations in 0.38 seconds (average 0.000761, setup 0.00)

Prob1A: 1 iterations in 0.00 seconds (average 0.000000, setup 0.00)

goal = 64, inf = 0, maybe = 411712

Warning: Upper bound for interval iteration manually set to 79716.0

Computing remaining rewards...
 10
Building sparse matrix (transitions)... [n=411776, nc=1111104, nnz=1388448, k=4] [21.7 MB]
Building sparse matrix (transition rewards)... [n=411776, nc=1111104, nnz=0, k=4] [5.8 MB]
Creating vector for state rewards... [3.1 MB]
Creating vector for inf... [3.1 MB]
Creating vector for lower bounds... [3.1 MB]
Creating vector for upper bounds... [3.1 MB]
Allocating iteration vectors... [4 x 3.1 MB]
TOTAL: [52.6 MB]

Starting iterations (interval iteration)...

Soln above finished after 154847 iterations, while flag is True.

Checking for lower bound passed after 19 iterations.Iteration 1: max relative diff=1.000000, 1031.45 sec so far
Iteration 841: max relative diff=1.000000, 1036.45 sec so far
Iteration 1674: max relative diff=1.000000, 1041.46 sec so far
Iteration 2357: max relative diff=1.000000, 1046.47 sec so far
Iteration 3115: max relative diff=1.000000, 1051.47 sec so far
Iteration 3955: max relative diff=1.000000, 1056.48 sec so far
Iteration 4786: max relative diff=1.000000, 1061.48 sec so far
Iteration 5644: max relative diff=1.000000, 1066.48 sec so far
Iteration 6472: max relative diff=1.000000, 1071.48 sec so far
Iteration 7315: max relative diff=1.000000, 1076.48 sec so far
Iteration 8023: max relative diff=1.000000, 1081.49 sec so far
Iteration 8754: max relative diff=1.000000, 1086.49 sec so far
Iteration 9583: max relative diff=1.000000, 1091.50 sec so far
Iteration 10425: max relative diff=1.000000, 1096.50 sec so far
Iteration 11275: max relative diff=1.000000, 1101.50 sec so far
Iteration 12098: max relative diff=1.000000, 1106.51 sec so far
Iteration 12952: max relative diff=1.000000, 1111.51 sec so far
Iteration 13692: max relative diff=1.000000, 1116.51 sec so far
Iteration 14402: max relative diff=1.000000, 1121.52 sec so far
Iteration 15210: max relative diff=1.000000, 1126.52 sec so far
Iteration 16064: max relative diff=1.000000, 1131.52 sec so far
Iteration 16903: max relative diff=1.000000, 1136.53 sec so far
Iteration 17732: max relative diff=1.000000, 1141.53 sec so far
Iteration 18416: max relative diff=1.000000, 1146.54 sec so far
Iteration 19176: max relative diff=1.000000, 1151.54 sec so far
Iteration 20016: max relative diff=1.000000, 1156.55 sec so far
Iteration 20847: max relative diff=1.000000, 1161.55 sec so far
Iteration 21704: max relative diff=1.000000, 1166.55 sec so far
Iteration 22534: max relative diff=1.000000, 1171.56 sec so far
Iteration 23377: max relative diff=1.000000, 1176.56 sec so far
Iteration 24227: max relative diff=1.000000, 1181.57 sec so far
Iteration 25036: max relative diff=1.000000, 1186.57 sec so far
Iteration 25715: max relative diff=1.000000, 1191.58 sec so far
Iteration 26489: max relative diff=1.000000, 1196.58 sec so far
Iteration 27339: max relative diff=1.000000, 1201.59 sec so far
Iteration 28164: max relative diff=1.000000, 1206.59 sec so far
Iteration 29016: max relative diff=1.000000, 1211.59 sec so far
Iteration 29857: max relative diff=1.000000, 1216.60 sec so far
Iteration 30688: max relative diff=1.000000, 1221.60 sec so far
Iteration 31370: max relative diff=1.000000, 1226.61 sec so far
Iteration 32129: max relative diff=1.000000, 1231.61 sec so far
Iteration 32969: max relative diff=1.000000, 1236.61 sec so far
Iteration 33800: max relative diff=1.000000, 1241.62 sec so far
Iteration 34658: max relative diff=1.000000, 1246.62 sec so far
Iteration 35488: max relative diff=1.000000, 1251.63 sec so far
Iteration 36331: max relative diff=1.000000, 1256.63 sec so far
Iteration 37184: max relative diff=1.000000, 1261.63 sec so far
Iteration 37989: max relative diff=1.000000, 1266.64 sec so far
Iteration 38670: max relative diff=1.000000, 1271.64 sec so far
Iteration 39446: max relative diff=1.000000, 1276.65 sec so far
Iteration 40299: max relative diff=1.000000, 1281.65 sec so far
Iteration 41123: max relative diff=1.000000, 1286.65 sec so far
Iteration 41977: max relative diff=1.000000, 1291.66 sec so far
Iteration 42713: max relative diff=1.000000, 1296.67 sec so far
Iteration 43426: max relative diff=1.000000, 1301.67 sec so far
Iteration 44239: max relative diff=1.000000, 1306.67 sec so far
Iteration 45092: max relative diff=1.000000, 1311.68 sec so far
Iteration 45827: max relative diff=1.000000, 1316.68 sec so far
Iteration 46539: max relative diff=1.000000, 1321.68 sec so far
Iteration 47352: max relative diff=1.000000, 1326.68 sec so far
Iteration 48204: max relative diff=1.000000, 1331.69 sec so far
Iteration 49047: max relative diff=1.000000, 1336.69 sec so far
Iteration 49877: max relative diff=1.000000, 1341.69 sec so far
Iteration 50735: max relative diff=1.000000, 1346.70 sec so far
Iteration 51502: max relative diff=1.000000, 1351.70 sec so far
Iteration 52200: max relative diff=1.000000, 1356.71 sec so far
Iteration 52992: max relative diff=1.000000, 1361.71 sec so far
Iteration 53849: max relative diff=1.000000, 1366.71 sec so far
Iteration 54680: max relative diff=1.000000, 1371.72 sec so far
Iteration 55520: max relative diff=1.000000, 1376.72 sec so far
Iteration 56219: max relative diff=1.000000, 1381.72 sec so far
Iteration 56959: max relative diff=1.000000, 1386.73 sec so far
Iteration 57790: max relative diff=1.000000, 1391.73 sec so far
Iteration 58631: max relative diff=1.000000, 1396.73 sec so far
Iteration 59484: max relative diff=1.000000, 1401.74 sec so far
Iteration 60309: max relative diff=1.000000, 1406.74 sec so far
Iteration 61160: max relative diff=1.000000, 1411.74 sec so far
Iteration 61892: max relative diff=1.000000, 1416.74 sec so far
Iteration 62608: max relative diff=1.000000, 1421.75 sec so far
Iteration 63424: max relative diff=1.000000, 1426.75 sec so far
Iteration 64276: max relative diff=1.000000, 1431.75 sec so far
Iteration 65117: max relative diff=1.000000, 1436.76 sec so far
Iteration 65943: max relative diff=1.000000, 1441.76 sec so far
Iteration 66801: max relative diff=1.000000, 1446.77 sec so far
Iteration 67563: max relative diff=1.000000, 1451.77 sec so far
Iteration 68262: max relative diff=1.000000, 1456.77 sec so far
Iteration 69055: max relative diff=1.000000, 1461.78 sec so far
Iteration 69913: max relative diff=1.000000, 1466.78 sec so far
Iteration 70746: max relative diff=1.000000, 1471.78 sec so far
Iteration 71586: max relative diff=1.000000, 1476.79 sec so far
Iteration 72440: max relative diff=1.000000, 1481.79 sec so far
Iteration 73240: max relative diff=1.000000, 1486.80 sec so far
Iteration 73924: max relative diff=1.000000, 1491.80 sec so far
Iteration 74703: max relative diff=1.000000, 1496.81 sec so far
Iteration 75556: max relative diff=1.000000, 1501.81 sec so far
Iteration 76387: max relative diff=1.000000, 1506.81 sec so far
Iteration 77239: max relative diff=1.000000, 1511.81 sec so far
Iteration 78082: max relative diff=1.000000, 1516.82 sec so far
Iteration 78911: max relative diff=1.000000, 1521.82 sec so far
Iteration 79770: max relative diff=1.000000, 1526.83 sec so far
Iteration 80531: max relative diff=1.000000, 1531.83 sec so far
Iteration 81232: max relative diff=1.000000, 1536.84 sec so far
Iteration 82028: max relative diff=1.000000, 1541.84 sec so far
Iteration 82889: max relative diff=1.000000, 1546.85 sec so far
Iteration 83726: max relative diff=1.000000, 1551.85 sec so far
Iteration 84564: max relative diff=1.000000, 1556.86 sec so far
Iteration 85258: max relative diff=1.000000, 1561.87 sec so far
Iteration 86005: max relative diff=1.000000, 1566.87 sec so far
Iteration 86843: max relative diff=1.000000, 1571.87 sec so far
Iteration 87681: max relative diff=1.000000, 1576.88 sec so far
Iteration 88376: max relative diff=1.000000, 1581.88 sec so far
Iteration 89122: max relative diff=1.000000, 1586.89 sec so far
Iteration 89955: max relative diff=1.000000, 1591.89 sec so far
Iteration 90795: max relative diff=1.000000, 1596.90 sec so far
Iteration 91653: max relative diff=1.000000, 1601.90 sec so far
Iteration 92478: max relative diff=1.000000, 1606.91 sec so far
Iteration 93327: max relative diff=1.000000, 1611.91 sec so far
Iteration 94172: max relative diff=1.000000, 1616.91 sec so far
Iteration 94997: max relative diff=1.000000, 1621.91 sec so far
Iteration 95673: max relative diff=1.000000, 1626.92 sec so far
Iteration 96437: max relative diff=1.000000, 1631.92 sec so far
Iteration 97281: max relative diff=1.000000, 1636.92 sec so far
Iteration 98108: max relative diff=1.000000, 1641.93 sec so far
Iteration 98783: max relative diff=1.000000, 1646.93 sec so far
Iteration 99551: max relative diff=1.000000, 1651.93 sec so far
Iteration 100396: max relative diff=1.000000, 1656.94 sec so far
Iteration 101266: max relative diff=1.000000, 1661.94 sec so far
Iteration 102125: max relative diff=1.000000, 1666.94 sec so far
Iteration 102879: max relative diff=1.000000, 1671.95 sec so far
Iteration 103584: max relative diff=1.000000, 1676.95 sec so far
Iteration 104383: max relative diff=1.000000, 1681.95 sec so far
Iteration 105240: max relative diff=1.000000, 1686.96 sec so far
Iteration 106077: max relative diff=1.000000, 1691.96 sec so far
Iteration 106913: max relative diff=1.000000, 1696.96 sec so far
Iteration 107603: max relative diff=1.000000, 1701.97 sec so far
Iteration 108354: max relative diff=1.000000, 1706.97 sec so far
Iteration 109189: max relative diff=1.000000, 1711.97 sec so far
Iteration 110025: max relative diff=1.000000, 1716.98 sec so far
Iteration 110882: max relative diff=1.000000, 1721.98 sec so far
Iteration 111708: max relative diff=1.000000, 1726.99 sec so far
Iteration 112555: max relative diff=1.000000, 1731.99 sec so far
Iteration 113275: max relative diff=1.000000, 1737.00 sec so far
Iteration 113995: max relative diff=1.000000, 1742.00 sec so far
Iteration 114820: max relative diff=1.000000, 1747.01 sec so far
Iteration 115666: max relative diff=1.000000, 1752.01 sec so far
Iteration 116512: max relative diff=1.000000, 1757.01 sec so far
Iteration 117339: max relative diff=1.000000, 1762.02 sec so far
Iteration 118011: max relative diff=1.000000, 1767.02 sec so far
Iteration 118778: max relative diff=1.000000, 1772.03 sec so far
Iteration 119624: max relative diff=1.000000, 1777.03 sec so far
Iteration 120451: max relative diff=1.000000, 1782.04 sec so far
Iteration 121155: max relative diff=0.117025, 1787.04 sec so far
Iteration 121534: max relative diff=0.112978, 1792.05 sec so far
Iteration 121913: max relative diff=0.109071, 1797.06 sec so far
Iteration 122300: max relative diff=0.105220, 1802.07 sec so far
Iteration 122674: max relative diff=0.101628, 1807.07 sec so far
Iteration 123057: max relative diff=0.098077, 1812.08 sec so far
Iteration 123384: max relative diff=0.095144, 1817.09 sec so far
Iteration 123714: max relative diff=0.092272, 1822.10 sec so far
Iteration 124089: max relative diff=0.089114, 1827.12 sec so far
Iteration 124482: max relative diff=0.085920, 1832.13 sec so far
Iteration 124875: max relative diff=0.082841, 1837.13 sec so far
Iteration 125249: max relative diff=0.080013, 1842.14 sec so far
Iteration 125638: max relative diff=0.077174, 1847.16 sec so far
Iteration 126018: max relative diff=0.074499, 1852.17 sec so far
Iteration 126397: max relative diff=0.071922, 1857.18 sec so far
Iteration 126784: max relative diff=0.069383, 1862.18 sec so far
Iteration 127159: max relative diff=0.067008, 1867.19 sec so far
Iteration 127542: max relative diff=0.064667, 1872.19 sec so far
Iteration 127868: max relative diff=0.062739, 1877.20 sec so far
Iteration 128199: max relative diff=0.060839, 1882.20 sec so far
Iteration 128573: max relative diff=0.058763, 1887.21 sec so far
Iteration 128956: max relative diff=0.056709, 1892.22 sec so far
Iteration 129340: max relative diff=0.054723, 1897.22 sec so far
Iteration 129714: max relative diff=0.052855, 1902.23 sec so far
Iteration 130101: max relative diff=0.050989, 1907.24 sec so far
Iteration 130480: max relative diff=0.049225, 1912.25 sec so far
Iteration 130858: max relative diff=0.047527, 1917.25 sec so far
Iteration 131245: max relative diff=0.045850, 1922.26 sec so far
Iteration 131620: max relative diff=0.044280, 1927.27 sec so far
Iteration 132003: max relative diff=0.042733, 1932.28 sec so far
Iteration 132328: max relative diff=0.041463, 1937.28 sec so far
Iteration 132660: max relative diff=0.040204, 1942.29 sec so far
Iteration 133035: max relative diff=0.038828, 1947.31 sec so far
Iteration 133417: max relative diff=0.037475, 1952.31 sec so far
Iteration 133801: max relative diff=0.036162, 1957.32 sec so far
Iteration 134175: max relative diff=0.034927, 1962.32 sec so far
Iteration 134562: max relative diff=0.033694, 1967.33 sec so far
Iteration 134942: max relative diff=0.032526, 1972.35 sec so far
Iteration 135320: max relative diff=0.031404, 1977.36 sec so far
Iteration 135707: max relative diff=0.030296, 1982.37 sec so far
Iteration 136082: max relative diff=0.029259, 1987.37 sec so far
Iteration 136465: max relative diff=0.028236, 1992.38 sec so far
Iteration 136789: max relative diff=0.027399, 1997.38 sec so far
Iteration 137121: max relative diff=0.026567, 2002.39 sec so far
Iteration 137497: max relative diff=0.025656, 2007.40 sec so far
Iteration 137879: max relative diff=0.024762, 2012.41 sec so far
Iteration 138264: max relative diff=0.023892, 2017.41 sec so far
Iteration 138638: max relative diff=0.023076, 2022.41 sec so far
Iteration 139025: max relative diff=0.022262, 2027.42 sec so far
Iteration 139405: max relative diff=0.021490, 2032.43 sec so far
Iteration 139783: max relative diff=0.020749, 2037.44 sec so far
Iteration 140170: max relative diff=0.020016, 2042.44 sec so far
Iteration 140545: max relative diff=0.019331, 2047.45 sec so far
Iteration 140927: max relative diff=0.018657, 2052.45 sec so far
Iteration 141252: max relative diff=0.018103, 2057.46 sec so far
Iteration 141585: max relative diff=0.017551, 2062.47 sec so far
Iteration 141960: max relative diff=0.016951, 2067.47 sec so far
Iteration 142341: max relative diff=0.016361, 2072.47 sec so far
Iteration 142726: max relative diff=0.015787, 2077.47 sec so far
Iteration 143100: max relative diff=0.015248, 2082.48 sec so far
Iteration 143486: max relative diff=0.014711, 2087.48 sec so far
Iteration 143866: max relative diff=0.014201, 2092.49 sec so far
Iteration 144243: max relative diff=0.013712, 2097.49 sec so far
Iteration 144630: max relative diff=0.013228, 2102.50 sec so far
Iteration 145005: max relative diff=0.012776, 2107.51 sec so far
Iteration 145387: max relative diff=0.012330, 2112.52 sec so far
Iteration 145772: max relative diff=0.011897, 2117.52 sec so far
Iteration 146145: max relative diff=0.011492, 2122.52 sec so far
Iteration 146532: max relative diff=0.011086, 2127.53 sec so far
Iteration 146912: max relative diff=0.010702, 2132.54 sec so far
Iteration 147289: max relative diff=0.010334, 2137.56 sec so far
Iteration 147601: max relative diff=0.010039, 2142.57 sec so far
Iteration 147946: max relative diff=0.009722, 2147.57 sec so far
Iteration 148326: max relative diff=0.009385, 2152.58 sec so far
Iteration 148718: max relative diff=0.009050, 2157.58 sec so far
Iteration 149108: max relative diff=0.008728, 2162.59 sec so far
Iteration 149458: max relative diff=0.008449, 2167.60 sec so far
Iteration 149776: max relative diff=0.008203, 2172.61 sec so far
Iteration 150135: max relative diff=0.007934, 2177.62 sec so far
Iteration 150523: max relative diff=0.007653, 2182.63 sec so far
Iteration 150899: max relative diff=0.007390, 2187.63 sec so far
Iteration 151281: max relative diff=0.007133, 2192.64 sec so far
Iteration 151666: max relative diff=0.006882, 2197.64 sec so far
Iteration 152040: max relative diff=0.006647, 2202.65 sec so far
Iteration 152426: max relative diff=0.006413, 2207.65 sec so far
Iteration 152763: max relative diff=0.006216, 2212.66 sec so far
Iteration 153088: max relative diff=0.006031, 2217.67 sec so far
Iteration 153454: max relative diff=0.005829, 2222.67 sec so far
Iteration 153846: max relative diff=0.005621, 2227.68 sec so far
Iteration 154239: max relative diff=0.005420, 2232.68 sec so far
Iteration 154616: max relative diff=0.005233, 2237.69 sec so far
Iteration 155004: max relative diff=0.005048, 2242.70 sec so far
Iteration 155380: max relative diff=0.004875, 2247.71 sec so far
Iteration 155762: max relative diff=0.004705, 2252.72 sec so far
Iteration 156084: max relative diff=0.004566, 2257.74 sec so far
Iteration 156419: max relative diff=0.004426, 2262.75 sec so far
Iteration 156795: max relative diff=0.004274, 2267.76 sec so far
Iteration 157176: max relative diff=0.004126, 2272.77 sec so far
Iteration 157561: max relative diff=0.003981, 2277.78 sec so far
Iteration 157934: max relative diff=0.003845, 2282.78 sec so far
Iteration 158320: max relative diff=0.003710, 2287.79 sec so far
Iteration 158701: max relative diff=0.003581, 2292.79 sec so far
Iteration 159078: max relative diff=0.003458, 2297.80 sec so far
Iteration 159466: max relative diff=0.003335, 2302.81 sec so far
Iteration 159843: max relative diff=0.003221, 2307.82 sec so far
Iteration 160224: max relative diff=0.003109, 2312.83 sec so far
Iteration 160545: max relative diff=0.003017, 2317.84 sec so far
Iteration 160881: max relative diff=0.002925, 2322.84 sec so far
Iteration 161258: max relative diff=0.002824, 2327.85 sec so far
Iteration 161638: max relative diff=0.002726, 2332.86 sec so far
Iteration 162024: max relative diff=0.002630, 2337.87 sec so far
Iteration 162397: max relative diff=0.002541, 2342.88 sec so far
Iteration 162783: max relative diff=0.002451, 2347.89 sec so far
Iteration 163164: max relative diff=0.002366, 2352.89 sec so far
Iteration 163540: max relative diff=0.002285, 2357.90 sec so far
Iteration 163928: max relative diff=0.002204, 2362.91 sec so far
Iteration 164305: max relative diff=0.002128, 2367.91 sec so far
Iteration 164685: max relative diff=0.002054, 2372.91 sec so far
Iteration 165071: max relative diff=0.001982, 2377.92 sec so far
Iteration 165434: max relative diff=0.001916, 2382.92 sec so far
Iteration 165747: max relative diff=0.001861, 2387.94 sec so far
Iteration 166101: max relative diff=0.001801, 2392.95 sec so far
Iteration 166487: max relative diff=0.001738, 2397.95 sec so far
Iteration 166861: max relative diff=0.001678, 2402.96 sec so far
Iteration 167247: max relative diff=0.001619, 2407.98 sec so far
Iteration 167629: max relative diff=0.001563, 2412.99 sec so far
Iteration 168005: max relative diff=0.001509, 2418.00 sec so far
Iteration 168315: max relative diff=0.001466, 2423.00 sec so far
Iteration 168662: max relative diff=0.001420, 2428.01 sec so far
Iteration 169044: max relative diff=0.001370, 2433.03 sec so far
Iteration 169419: max relative diff=0.001324, 2438.03 sec so far
Iteration 169807: max relative diff=0.001277, 2443.03 sec so far
Iteration 170184: max relative diff=0.001233, 2448.03 sec so far
Iteration 170564: max relative diff=0.001190, 2453.03 sec so far
Iteration 170951: max relative diff=0.001148, 2458.04 sec so far
Iteration 171312: max relative diff=0.001110, 2463.05 sec so far
Iteration 171624: max relative diff=0.001079, 2468.05 sec so far
Iteration 171980: max relative diff=0.001043, 2473.07 sec so far
Iteration 172367: max relative diff=0.001007, 2478.08 sec so far
Iteration 172740: max relative diff=0.000972, 2483.08 sec so far
Iteration 173124: max relative diff=0.000938, 2488.08 sec so far
Iteration 173507: max relative diff=0.000906, 2493.09 sec so far
Iteration 173882: max relative diff=0.000875, 2498.10 sec so far
Iteration 174270: max relative diff=0.000844, 2503.10 sec so far
Iteration 174616: max relative diff=0.000817, 2508.11 sec so far
Iteration 174936: max relative diff=0.000793, 2513.13 sec so far
Iteration 175297: max relative diff=0.000767, 2518.13 sec so far
Iteration 175684: max relative diff=0.000740, 2523.14 sec so far
Iteration 176061: max relative diff=0.000714, 2528.14 sec so far
Iteration 176442: max relative diff=0.000690, 2533.15 sec so far
Iteration 176760: max relative diff=0.000669, 2538.15 sec so far
Iteration 177100: max relative diff=0.000649, 2543.16 sec so far
Iteration 177478: max relative diff=0.000626, 2548.17 sec so far
Iteration 177858: max relative diff=0.000605, 2553.18 sec so far
Iteration 178245: max relative diff=0.000583, 2558.18 sec so far
Iteration 178619: max relative diff=0.000563, 2563.19 sec so far
Iteration 179003: max relative diff=0.000544, 2568.19 sec so far
Iteration 179385: max relative diff=0.000525, 2573.19 sec so far
Iteration 179762: max relative diff=0.000507, 2578.20 sec so far
Iteration 180150: max relative diff=0.000489, 2583.21 sec so far
Iteration 180495: max relative diff=0.000473, 2588.22 sec so far
Iteration 180816: max relative diff=0.000459, 2593.22 sec so far
Iteration 181178: max relative diff=0.000444, 2598.24 sec so far
Iteration 181566: max relative diff=0.000428, 2603.24 sec so far
Iteration 181944: max relative diff=0.000414, 2608.25 sec so far
Iteration 182324: max relative diff=0.000399, 2613.26 sec so far
Iteration 182711: max relative diff=0.000385, 2618.26 sec so far
Iteration 183086: max relative diff=0.000372, 2623.28 sec so far
Iteration 183471: max relative diff=0.000359, 2628.28 sec so far
Iteration 183854: max relative diff=0.000346, 2633.29 sec so far
Iteration 184230: max relative diff=0.000335, 2638.30 sec so far
Iteration 184540: max relative diff=0.000325, 2643.31 sec so far
Iteration 184889: max relative diff=0.000315, 2648.32 sec so far
Iteration 185272: max relative diff=0.000304, 2653.33 sec so far
Iteration 185648: max relative diff=0.000293, 2658.34 sec so far
Iteration 186036: max relative diff=0.000283, 2663.35 sec so far
Iteration 186414: max relative diff=0.000273, 2668.35 sec so far
Iteration 186794: max relative diff=0.000264, 2673.36 sec so far
Iteration 187183: max relative diff=0.000254, 2678.37 sec so far
Iteration 187542: max relative diff=0.000246, 2683.37 sec so far
Iteration 187858: max relative diff=0.000239, 2688.39 sec so far
Iteration 188213: max relative diff=0.000231, 2693.40 sec so far
Iteration 188601: max relative diff=0.000223, 2698.40 sec so far
Iteration 188975: max relative diff=0.000215, 2703.40 sec so far
Iteration 189360: max relative diff=0.000208, 2708.41 sec so far
Iteration 189745: max relative diff=0.000201, 2713.42 sec so far
Iteration 190122: max relative diff=0.000194, 2718.43 sec so far
Iteration 190512: max relative diff=0.000187, 2723.44 sec so far
Iteration 190856: max relative diff=0.000181, 2728.44 sec so far
Iteration 191179: max relative diff=0.000176, 2733.45 sec so far
Iteration 191543: max relative diff=0.000170, 2738.46 sec so far
Iteration 191933: max relative diff=0.000164, 2743.46 sec so far
Iteration 192315: max relative diff=0.000158, 2748.47 sec so far
Iteration 192695: max relative diff=0.000153, 2753.48 sec so far
Iteration 193085: max relative diff=0.000147, 2758.49 sec so far
Iteration 193460: max relative diff=0.000142, 2763.50 sec so far
Iteration 193845: max relative diff=0.000137, 2768.51 sec so far
Iteration 194229: max relative diff=0.000132, 2773.52 sec so far
Iteration 194606: max relative diff=0.000128, 2778.53 sec so far
Iteration 194999: max relative diff=0.000123, 2783.54 sec so far
Iteration 195343: max relative diff=0.000119, 2788.55 sec so far
Iteration 195665: max relative diff=0.000116, 2793.55 sec so far
Iteration 196029: max relative diff=0.000112, 2798.56 sec so far
Iteration 196418: max relative diff=0.000108, 2803.57 sec so far
Iteration 196799: max relative diff=0.000104, 2808.58 sec so far
Iteration 197180: max relative diff=0.000101, 2813.58 sec so far
Iteration 197570: max relative diff=0.000097, 2818.59 sec so far
Iteration 197926: max relative diff=0.000094, 2823.59 sec so far
Iteration 198244: max relative diff=0.000091, 2828.61 sec so far
Iteration 198605: max relative diff=0.000088, 2833.61 sec so far
Iteration 198996: max relative diff=0.000085, 2838.61 sec so far
Iteration 199372: max relative diff=0.000082, 2843.62 sec so far
Iteration 199760: max relative diff=0.000079, 2848.63 sec so far
Iteration 200143: max relative diff=0.000076, 2853.63 sec so far
Iteration 200522: max relative diff=0.000074, 2858.65 sec so far
Iteration 200914: max relative diff=0.000071, 2863.65 sec so far
Iteration 201298: max relative diff=0.000069, 2868.66 sec so far
Iteration 201676: max relative diff=0.000066, 2873.66 sec so far
Iteration 202070: max relative diff=0.000064, 2878.66 sec so far
Iteration 202449: max relative diff=0.000062, 2883.67 sec so far
Iteration 202832: max relative diff=0.000060, 2888.69 sec so far
Iteration 203168: max relative diff=0.000058, 2893.70 sec so far
Iteration 203497: max relative diff=0.000056, 2898.71 sec so far
Iteration 203881: max relative diff=0.000054, 2903.72 sec so far
Iteration 204264: max relative diff=0.000052, 2908.73 sec so far
Iteration 204657: max relative diff=0.000050, 2913.74 sec so far
Iteration 205030: max relative diff=0.000049, 2918.74 sec so far
Iteration 205429: max relative diff=0.000047, 2923.74 sec so far
Iteration 205770: max relative diff=0.000045, 2928.76 sec so far
Iteration 206107: max relative diff=0.000044, 2933.76 sec so far
Iteration 206471: max relative diff=0.000043, 2938.78 sec so far
Iteration 206869: max relative diff=0.000041, 2943.78 sec so far
Iteration 207248: max relative diff=0.000040, 2948.79 sec so far
Iteration 207626: max relative diff=0.000038, 2953.79 sec so far
Iteration 208032: max relative diff=0.000037, 2958.80 sec so far
Iteration 208406: max relative diff=0.000036, 2963.80 sec so far
Iteration 208811: max relative diff=0.000034, 2968.81 sec so far
Iteration 209194: max relative diff=0.000033, 2973.81 sec so far
Iteration 209568: max relative diff=0.000032, 2978.82 sec so far
Iteration 209981: max relative diff=0.000031, 2983.82 sec so far
Iteration 210321: max relative diff=0.000030, 2988.83 sec so far
Iteration 210643: max relative diff=0.000029, 2993.84 sec so far
Iteration 211006: max relative diff=0.000028, 2998.84 sec so far
Iteration 211428: max relative diff=0.000027, 3003.85 sec so far
Iteration 211807: max relative diff=0.000026, 3008.86 sec so far
Iteration 212185: max relative diff=0.000025, 3013.86 sec so far
Iteration 212612: max relative diff=1.000000, 3018.87 sec so far
Iteration 212990: max relative diff=0.000023, 3023.87 sec so far
Iteration 213373: max relative diff=0.000022, 3028.88 sec so far
Iteration 213699: max relative diff=0.000022, 3033.89 sec so far
Iteration 214029: max relative diff=0.000021, 3038.90 sec so far
Iteration 214457: max relative diff=0.000020, 3043.90 sec so far
Iteration 214839: max relative diff=0.000020, 3048.91 sec so far
Iteration 215222: max relative diff=0.000019, 3053.91 sec so far
Iteration 215596: max relative diff=0.000018, 3058.92 sec so far
Iteration 215982: max relative diff=0.000018, 3063.92 sec so far
Iteration 216433: max relative diff=0.000017, 3068.93 sec so far
Iteration 216811: max relative diff=0.000016, 3073.93 sec so far
Iteration 217199: max relative diff=0.000016, 3078.94 sec so far
Iteration 217573: max relative diff=0.000015, 3083.95 sec so far
Iteration 217956: max relative diff=0.000015, 3088.96 sec so far
Iteration 218340: max relative diff=0.000014, 3093.97 sec so far
Iteration 218829: max relative diff=0.000014, 3098.99 sec so far
Iteration 219138: max relative diff=0.000013, 3104.00 sec so far
Iteration 219489: max relative diff=0.000013, 3109.01 sec so far
Iteration 219874: max relative diff=0.000012, 3114.01 sec so far
Iteration 220248: max relative diff=0.000012, 3119.01 sec so far
Iteration 220634: max relative diff=0.000012, 3124.02 sec so far
Iteration 221013: max relative diff=0.000011, 3129.02 sec so far
Iteration 221391: max relative diff=0.000011, 3134.03 sec so far
Iteration 221979: max relative diff=0.000010, 3139.05 sec so far
Iteration 222332: max relative diff=0.000010, 3144.05 sec so far
Iteration 222648: max relative diff=0.000010, 3149.06 sec so far
Iteration 223005: max relative diff=0.000009, 3154.06 sec so far
Iteration 223393: max relative diff=0.000009, 3159.07 sec so far
Iteration 223768: max relative diff=0.000009, 3164.09 sec so far
Iteration 224150: max relative diff=0.000008, 3169.09 sec so far
Iteration 224535: max relative diff=0.000008, 3174.10 sec so far
Iteration 224909: max relative diff=0.000008, 3179.11 sec so far
Iteration 225295: max relative diff=0.000007, 3184.12 sec so far
Iteration 225652: max relative diff=1.000000, 3189.12 sec so far
Iteration 226326: max relative diff=1.000000, 3194.13 sec so far
Iteration 226701: max relative diff=0.000007, 3199.14 sec so far
Iteration 227088: max relative diff=0.000006, 3204.15 sec so far
Iteration 227469: max relative diff=0.000006, 3209.16 sec so far
Iteration 227846: max relative diff=0.000006, 3214.17 sec so far
Iteration 228159: max relative diff=0.000006, 3219.18 sec so far
Iteration 228503: max relative diff=0.000006, 3224.18 sec so far
Iteration 228883: max relative diff=0.000005, 3229.19 sec so far
Iteration 229277: max relative diff=0.000005, 3234.20 sec so far
Iteration 229668: max relative diff=0.000005, 3239.20 sec so far
Iteration 230043: max relative diff=0.000005, 3244.21 sec so far
Iteration 230425: max relative diff=0.000005, 3249.22 sec so far
Iteration 230810: max relative diff=0.000005, 3254.23 sec so far
Iteration 231184: max relative diff=0.000004, 3259.23 sec so far
Iteration 231571: max relative diff=0.000004, 3264.23 sec so far
Iteration 231908: max relative diff=0.000004, 3269.24 sec so far
Iteration 232233: max relative diff=0.000004, 3274.25 sec so far
Iteration 232976: max relative diff=1.000000, 3279.25 sec so far
Iteration 233830: max relative diff=1.000000, 3284.26 sec so far
Iteration 234354: max relative diff=0.000003, 3289.27 sec so far
Iteration 234731: max relative diff=0.000003, 3294.28 sec so far
Iteration 235043: max relative diff=0.000003, 3299.28 sec so far
Iteration 235388: max relative diff=0.000003, 3304.29 sec so far
Iteration 235769: max relative diff=0.000003, 3309.30 sec so far
Iteration 236163: max relative diff=0.000003, 3314.30 sec so far
Iteration 236554: max relative diff=0.000003, 3319.32 sec so far
Iteration 236930: max relative diff=0.000003, 3324.32 sec so far
Iteration 237311: max relative diff=0.000003, 3329.33 sec so far
Iteration 237697: max relative diff=0.000002, 3334.34 sec so far
Iteration 238063: max relative diff=0.000002, 3339.34 sec so far
Iteration 238374: max relative diff=0.000002, 3344.35 sec so far
Iteration 238726: max relative diff=0.000002, 3349.35 sec so far
Iteration 239112: max relative diff=0.000002, 3354.36 sec so far
Iteration 239486: max relative diff=0.000002, 3359.37 sec so far
Iteration 239871: max relative diff=0.000002, 3364.37 sec so far
Iteration 240252: max relative diff=0.000002, 3369.39 sec so far
Iteration 240628: max relative diff=0.000002, 3374.39 sec so far
Iteration 241016: max relative diff=0.000002, 3379.40 sec so far
Iteration 241365: max relative diff=0.000002, 3384.41 sec so far
Iteration 241684: max relative diff=0.000002, 3389.42 sec so far
Iteration 242043: max relative diff=0.000002, 3394.43 sec so far
Iteration 242431: max relative diff=0.000002, 3399.43 sec so far
Iteration 242807: max relative diff=0.000002, 3404.43 sec so far
Iteration 243187: max relative diff=0.000001, 3409.43 sec so far
Iteration 243573: max relative diff=0.000001, 3414.44 sec so far
Iteration 243946: max relative diff=0.000001, 3419.44 sec so far
Iteration 244331: max relative diff=0.000001, 3424.45 sec so far
Iteration 244710: max relative diff=0.000001, 3429.46 sec so far
Iteration 245087: max relative diff=0.000001, 3434.47 sec so far
Iteration 245398: max relative diff=0.000001, 3439.47 sec so far
Iteration 245744: max relative diff=0.000001, 3444.48 sec so far
Iteration 246125: max relative diff=0.000001, 3449.48 sec so far
Iteration 246501: max relative diff=0.000001, 3454.49 sec so far
Iteration 246889: max relative diff=0.000001, 3459.49 sec so far
Iteration 247265: max relative diff=0.000001, 3464.50 sec so far
Max relative diff between upper and lower bound on convergence: 9.9992E-07
LowItr:247470 , UpItr:277361  

Iterative method: 247451 iterations in 3466.87 seconds (average 0.014010, setup 0.36)
Maximum finite value in solution vector at end of interval iteration: 79714.99999962946

Value in the initial state: 79706.99999962946

Time for model checking: 3469.173 seconds.

Result: 79706.99999962946 (value in the initial state)

---------------------------------------------------------------------

Note: There were 2 warnings during computation.

