PRISM
=====

Version: 4.4
Date: Mon Feb 15 12:00:12 IRST 2021
Hostname: sadegh-H81M-S2PH
Memory limits: cudd=1g, java(heap)=910.5m
Command line: prism ../../examples/mdps/consensus/coin4.nm ../../examples/mdps/consensus/steps_max.pctl -s '-ii:upper=1.2e+12' -const K=20 -maxiters 9000300 -backward

Parsing model file "../../examples/mdps/consensus/coin4.nm"...

Parsing properties file "../../examples/mdps/consensus/steps_max.pctl"...

1 property:
(1) "steps_max": R{"steps"}max=? [ F "finished" ]

Type:        MDP
Modules:     process1 process2 process3 process4 
Variables:   counter pc1 coin1 pc2 coin2 pc3 coin3 pc4 coin4 

---------------------------------------------------------------------

Model checking: "steps_max": R{"steps"}max=? [ F "finished" ]
Model constants: K=20

Warning: Not Switching to explicit engine, We implemented the emthods for sparse engine.

Building model...
Model constants: K=20

Computing reachable states...

Reachability (BFS): 963 iterations in 0.11 seconds (average 0.000112, setup 0.00)

Time for model construction: 0.195 seconds.

Type:        MDP
States:      206976 (1 initial)
Transitions: 697312
Choices:     558208

Transition matrix: 2432 nodes (3 terminal), 697312 minterms, vars: 20r/20c/4nd

Prob0E: 258 iterations in 0.17 seconds (average 0.000663, setup 0.00)

Prob1A: 1 iterations in 0.00 seconds (average 0.000000, setup 0.00)

goal = 64, inf = 0, maybe = 206912

Warning: Upper bound for interval iteration manually set to 1.2E12

Computing remaining rewards...
 6
Building sparse matrix (transitions)... [n=206976, nc=558144, nnz=697248, k=4] [10.9 MB]
Building sparse matrix (transition rewards)... [n=206976, nc=558144, nnz=0, k=4] [2.9 MB]
Creating vector for state rewards... [1.6 MB]
Creating vector for inf... [1.6 MB]
Creating vector for lower bounds... [1.6 MB]
Creating vector for upper bounds... [1.6 MB]
Allocating iteration vectors... [4 x 1.6 MB]
TOTAL: [26.4 MB]

Starting iterations (interval iteration)...

Time for state ordering: 0.011000


Iters: 500 , Maximum difference of values of bel_vec: 5.93586 & Maximum difference of values of abov_vec: 5.87145E+08 
Iters: 1000 , Maximum difference of values of bel_vec: 5.22649 & Maximum difference of values of abov_vec: 3.4753E+08 
Iters: 1500 , Maximum difference of values of bel_vec: 4.42436 & Maximum difference of values of abov_vec: 3.17011E+08 
Iters: 2000 , Maximum difference of values of bel_vec: 3.70997 & Maximum difference of values of abov_vec: 2.66912E+08 
Iters: 2500 , Maximum difference of values of bel_vec: 3.10392 & Maximum difference of values of abov_vec: 2.21451E+08 
Iters: 3000 , Maximum difference of values of bel_vec: 2.59548 & Maximum difference of values of abov_vec: 1.85499E+08 
Iters: 3500 , Maximum difference of values of bel_vec: 2.17005 & Maximum difference of values of abov_vec: 1.55175E+08 
Iters: 4000 , Maximum difference of values of bel_vec: 1.8143 & Maximum difference of values of abov_vec: 1.29767E+08 
Iters: 4500 , Maximum difference of values of bel_vec: 1.51685 & Maximum difference of values of abov_vec: 1.0851E+08 
Iters: 5000 , Maximum difference of values of bel_vec: 1.26817 & Maximum difference of values of abov_vec: 9.07337E+07 
Iters: 5500 , Maximum difference of values of bel_vec: 1.06026 & Maximum difference of values of abov_vec: 7.58691E+07 
Iters: 6000 , Maximum difference of values of bel_vec: 0.886434 & Maximum difference of values of abov_vec: 6.34397E+07 
Iters: 6500 , Maximum difference of values of bel_vec: 0.741106 & Maximum difference of values of abov_vec: 5.30466E+07 
Iters: 7000 , Maximum difference of values of bel_vec: 0.619605 & Maximum difference of values of abov_vec: 4.43561E+07 
Iters: 7500 , Maximum difference of values of bel_vec: 0.518023 & Maximum difference of values of abov_vec: 3.70894E+07 
Iters: 8000 , Maximum difference of values of bel_vec: 0.433095 & Maximum difference of values of abov_vec: 3.10131E+07 
Iters: 8500 , Maximum difference of values of bel_vec: 0.362091 & Maximum difference of values of abov_vec: 2.59323E+07 
Iters: 9000 , Maximum difference of values of bel_vec: 0.302727 & Maximum difference of values of abov_vec: 2.16839E+07 
Iters: 9500 , Maximum difference of values of bel_vec: 0.253096 & Maximum difference of values of abov_vec: 1.81315E+07 
Iters: 10000 , Maximum difference of values of bel_vec: 0.211602 & Maximum difference of values of abov_vec: 1.51611E+07 
Iters: 10500 , Maximum difference of values of bel_vec: 0.176911 & Maximum difference of values of abov_vec: 1.26773E+07 
Iters: 11000 , Maximum difference of values of bel_vec: 0.147907 & Maximum difference of values of abov_vec: 1.06004E+07 
Iters: 11500 , Maximum difference of values of bel_vec: 0.123658 & Maximum difference of values of abov_vec: 8.86376E+06 
Iters: 12000 , Maximum difference of values of bel_vec: 0.103385 & Maximum difference of values of abov_vec: 7.41164E+06 
Iters: 12500 , Maximum difference of values of bel_vec: 0.0864352 & Maximum difference of values of abov_vec: 6.19741E+06 
Iters: 13000 , Maximum difference of values of bel_vec: 0.0722645 & Maximum difference of values of abov_vec: 5.18211E+06 
Iters: 13500 , Maximum difference of values of bel_vec: 0.060417 & Maximum difference of values of abov_vec: 4.33314E+06 
Iters: 14000 , Maximum difference of values of bel_vec: 0.0505118 & Maximum difference of values of abov_vec: 3.62325E+06 
Iters: 14500 , Maximum difference of values of bel_vec: 0.0422306 & Maximum difference of values of abov_vec: 3.02966E+06 
Iters: 15000 , Maximum difference of values of bel_vec: 0.0353071 & Maximum difference of values of abov_vec: 2.53332E+06 
Iters: 15500 , Maximum difference of values of bel_vec: 0.0295186 & Maximum difference of values of abov_vec: 2.1183E+06 
Iters: 16000 , Maximum difference of values of bel_vec: 0.0246791 & Maximum difference of values of abov_vec: 1.77126E+06 
Iters: 16500 , Maximum difference of values of bel_vec: 0.0206331 & Maximum difference of values of abov_vec: 1.48108E+06 
Iters: 17000 , Maximum difference of values of bel_vec: 0.0172504 & Maximum difference of values of abov_vec: 1.23844E+06 
Iters: 17500 , Maximum difference of values of bel_vec: 0.0144222 & Maximum difference of values of abov_vec: 1.03555E+06 
Iters: 18000 , Maximum difference of values of bel_vec: 0.0120578 & Maximum difference of values of abov_vec: 865899 
Iters: 18500 , Maximum difference of values of bel_vec: 0.0100809 & Maximum difference of values of abov_vec: 724041 
Iters: 19000 , Maximum difference of values of bel_vec: 0.0084282 & Maximum difference of values of abov_vec: 605423 
Iters: 19500 , Maximum difference of values of bel_vec: 0.00704643 & Maximum difference of values of abov_vec: 506239 
Iters: 20000 , Maximum difference of values of bel_vec: 0.00589119 & Maximum difference of values of abov_vec: 423303 
Iters: 20500 , Maximum difference of values of bel_vec: 0.00492535 & Maximum difference of values of abov_vec: 353954 
Iters: 21000 , Maximum difference of values of bel_vec: 0.00411786 & Maximum difference of values of abov_vec: 295967 
Iters: 21500 , Maximum difference of values of bel_vec: 0.00344275 & Maximum difference of values of abov_vec: 247480 
Iters: 22000 , Maximum difference of values of bel_vec: 0.00287833 & Maximum difference of values of abov_vec: 206936 
Iters: 22500 , Maximum difference of values of bel_vec: 0.00240644 & Maximum difference of values of abov_vec: 173034 
Iters: 23000 , Maximum difference of values of bel_vec: 0.00201191 & Maximum difference of values of abov_vec: 144686 
Iters: 23500 , Maximum difference of values of bel_vec: 0.00168206 & Maximum difference of values of abov_vec: 120983 
Iters: 24000 , Maximum difference of values of bel_vec: 0.0014063 & Maximum difference of values of abov_vec: 101163 
Iters: 24500 , Maximum difference of values of bel_vec: 0.00117574 & Maximum difference of values of abov_vec: 84589.4 
Iters: 25000 , Maximum difference of values of bel_vec: 0.000982981 & Maximum difference of values of abov_vec: 70731.4 
Iters: 25500 , Maximum difference of values of bel_vec: 0.000821825 & Maximum difference of values of abov_vec: 59143.6 
Iters: 26000 , Maximum difference of values of bel_vec: 0.00068709 & Maximum difference of values of abov_vec: 49454.3 
Iters: 26500 , Maximum difference of values of bel_vec: 0.000574444 & Maximum difference of values of abov_vec: 41352.3 
Iters: 27000 , Maximum difference of values of bel_vec: 0.000480266 & Maximum difference of values of abov_vec: 34577.7 
Iters: 27500 , Maximum difference of values of bel_vec: 0.000401528 & Maximum difference of values of abov_vec: 28912.9 
Iters: 28000 , Maximum difference of values of bel_vec: 0.000335699 & Maximum difference of values of abov_vec: 24176.2 
Iters: 28500 , Maximum difference of values of bel_vec: 0.000280662 & Maximum difference of values of abov_vec: 20215.5 
Iters: 29000 , Maximum difference of values of bel_vec: 0.000234649 & Maximum difference of values of abov_vec: 16903.7 
Iters: 29500 , Maximum difference of values of bel_vec: 0.000196179 & Maximum difference of values of abov_vec: 14134.4 
Iters: 30000 , Maximum difference of values of bel_vec: 0.000164016 & Maximum difference of values of abov_vec: 11818.8 
Iters: 30500 , Maximum difference of values of bel_vec: 0.000137126 & Maximum difference of values of abov_vec: 9882.54 
Iters: 31000 , Maximum difference of values of bel_vec: 0.000114645 & Maximum difference of values of abov_vec: 8263.51 
Iters: 31500 , Maximum difference of values of bel_vec: 9.58494E-05 & Maximum difference of values of abov_vec: 6909.73 
Iters: 32000 , Maximum difference of values of bel_vec: 8.01352E-05 & Maximum difference of values of abov_vec: 5777.73 
Iters: 32500 , Maximum difference of values of bel_vec: 6.69974E-05 & Maximum difference of values of abov_vec: 4831.18 
Iters: 33000 , Maximum difference of values of bel_vec: 5.60134E-05 & Maximum difference of values of abov_vec: 4039.7 
Iters: 33500 , Maximum difference of values of bel_vec: 4.68302E-05 & Maximum difference of values of abov_vec: 3377.89 
Iters: 34000 , Maximum difference of values of bel_vec: 3.91526E-05 & Maximum difference of values of abov_vec: 2824.5 
Iters: 34500 , Maximum difference of values of bel_vec: 3.27336E-05 & Maximum difference of values of abov_vec: 2361.77 
Iters: 35000 , Maximum difference of values of bel_vec: 2.73671E-05 & Maximum difference of values of abov_vec: 1974.85 
Iters: 35500 , Maximum difference of values of bel_vec: 2.28804E-05 & Maximum difference of values of abov_vec: 1651.31 
Iters: 36000 , Maximum difference of values of bel_vec: 1.91292E-05 & Maximum difference of values of abov_vec: 1380.78 
Iters: 36500 , Maximum difference of values of bel_vec: 1.5993E-05 & Maximum difference of values of abov_vec: 1154.57 
Iters: 37000 , Maximum difference of values of bel_vec: 1.3371E-05 & Maximum difference of values of abov_vec: 965.423 
Iters: 37500 , Maximum difference of values of bel_vec: 1.11789E-05 & Maximum difference of values of abov_vec: 807.26 
Iters: 38000 , Maximum difference of values of bel_vec: 9.34617E-06 & Maximum difference of values of abov_vec: 675.009 
Iters: 38500 , Maximum difference of values of bel_vec: 7.8139E-06 & Maximum difference of values of abov_vec: 564.424 
Iters: 39000 , Maximum difference of values of bel_vec: 6.53284E-06 & Maximum difference of values of abov_vec: 471.956 
Iters: 39500 , Maximum difference of values of bel_vec: 5.4618E-06 & Maximum difference of values of abov_vec: 394.637 
Iters: 40000 , Maximum difference of values of bel_vec: 4.56636E-06 & Maximum difference of values of abov_vec: 329.985 
Iters: 40500 , Maximum difference of values of bel_vec: 3.81772E-06 & Maximum difference of values of abov_vec: 275.924 
Iters: 41000 , Maximum difference of values of bel_vec: 3.19182E-06 & Maximum difference of values of abov_vec: 230.72 
Iters: 41500 , Maximum difference of values of bel_vec: 2.66853E-06 & Maximum difference of values of abov_vec: 192.922 
Iters: 42000 , Maximum difference of values of bel_vec: 2.23104E-06 & Maximum difference of values of abov_vec: 161.316 
Iters: 42500 , Maximum difference of values of bel_vec: 1.86527E-06 & Maximum difference of values of abov_vec: 134.888 
Iters: 43000 , Maximum difference of values of bel_vec: 1.55946E-06 & Maximum difference of values of abov_vec: 112.79 
Iters: 43500 , Maximum difference of values of bel_vec: 1.3038E-06 & Maximum difference of values of abov_vec: 94.3119 
Iters: 44000 , Maximum difference of values of bel_vec: 1.09004E-06 & Maximum difference of values of abov_vec: 78.861 
Iters: 44500 , Maximum difference of values of bel_vec: 9.11336E-07 & Maximum difference of values of abov_vec: 65.9415 
Iters: 45000 , Maximum difference of values of bel_vec: 7.61924E-07 & Maximum difference of values of abov_vec: 55.1385 
Iters: 45500 , Maximum difference of values of bel_vec: 6.3701E-07 & Maximum difference of values of abov_vec: 46.1053 
Iters: 46000 , Maximum difference of values of bel_vec: 5.32575E-07 & Maximum difference of values of abov_vec: 38.552 
Iters: 46500 , Maximum difference of values of bel_vec: 4.4526E-07 & Maximum difference of values of abov_vec: 32.2361 
Iters: 47000 , Maximum difference of values of bel_vec: 3.72263E-07 & Maximum difference of values of abov_vec: 26.955 
Iters: 47500 , Maximum difference of values of bel_vec: 3.11233E-07 & Maximum difference of values of abov_vec: 22.539 
Iters: 48000 , Maximum difference of values of bel_vec: 2.60206E-07 & Maximum difference of values of abov_vec: 18.8465 
Iters: 48500 , Maximum difference of values of bel_vec: 2.17547E-07 & Maximum difference of values of abov_vec: 15.7589 
Iters: 49000 , Maximum difference of values of bel_vec: 1.81881E-07 & Maximum difference of values of abov_vec: 13.1772 
Iters: 49500 , Maximum difference of values of bel_vec: 1.52064E-07 & Maximum difference of values of abov_vec: 11.0184 
Iters: 50000 , Maximum difference of values of bel_vec: 1.27133E-07 & Maximum difference of values of abov_vec: 9.2133 
Iters: 50500 , Maximum difference of values of bel_vec: 1.06287E-07 & Maximum difference of values of abov_vec: 7.70391 
Iters: 51000 , Maximum difference of values of bel_vec: 8.88649E-08 & Maximum difference of values of abov_vec: 6.4418 
Iters: 51500 , Maximum difference of values of bel_vec: 7.42948E-08 & Maximum difference of values of abov_vec: 5.38646 
Iters: 52000 , Maximum difference of values of bel_vec: 6.21149E-08 & Maximum difference of values of abov_vec: 4.50401 
Iters: 52500 , Maximum difference of values of bel_vec: 5.19321E-08 & Maximum difference of values of abov_vec: 3.76613 
Iters: 53000 , Maximum difference of values of bel_vec: 4.34156E-08 & Maximum difference of values of abov_vec: 3.14914 
Iters: 53500 , Maximum difference of values of bel_vec: 3.62998E-08 & Maximum difference of values of abov_vec: 2.63322 
Iters: 54000 , Maximum difference of values of bel_vec: 3.0348E-08 & Maximum difference of values of abov_vec: 2.20183 
Iters: 54500 , Maximum difference of values of bel_vec: 2.53713E-08 & Maximum difference of values of abov_vec: 1.84111 
Iters: 55000 , Maximum difference of values of bel_vec: 2.12131E-08 & Maximum difference of values of abov_vec: 1.53949 
Iters: 55500 , Maximum difference of values of bel_vec: 1.77351E-08 & Maximum difference of values of abov_vec: 1.28728 
Iters: 56000 , Maximum difference of values of bel_vec: 1.48284E-08 & Maximum difference of values of abov_vec: 1.07639 
Iters: 56500 , Maximum difference of values of bel_vec: 1.23946E-08 & Maximum difference of values of abov_vec: 0.900045 
Iters: 57000 , Maximum difference of values of bel_vec: 1.03646E-08 & Maximum difference of values of abov_vec: 0.752593 
Iters: 57500 , Maximum difference of values of bel_vec: 8.66567E-09 & Maximum difference of values of abov_vec: 0.629298 
Iters: 58000 , Maximum difference of values of bel_vec: 7.24322E-09 & Maximum difference of values of abov_vec: 0.526202 
Iters: 58500 , Maximum difference of values of bel_vec: 6.05723E-09 & Maximum difference of values of abov_vec: 0.439996 
Iters: 59000 , Maximum difference of values of bel_vec: 5.06407E-09 & Maximum difference of values of abov_vec: 0.367912 
Iters: 59500 , Maximum difference of values of bel_vec: 4.23461E-09 & Maximum difference of values of abov_vec: 0.307638 
Iters: 60000 , Maximum difference of values of bel_vec: 3.53975E-09 & Maximum difference of values of abov_vec: 0.257239 
Iters: 60500 , Maximum difference of values of bel_vec: 2.96131E-09 & Maximum difference of values of abov_vec: 0.215096 
Iters: 61000 , Maximum difference of values of bel_vec: 2.47383E-09 & Maximum difference of values of abov_vec: 0.179858 
Iters: 61500 , Maximum difference of values of bel_vec: 2.07001E-09 & Maximum difference of values of abov_vec: 0.150392 
Iters: 62000 , Maximum difference of values of bel_vec: 1.72804E-09 & Maximum difference of values of abov_vec: 0.125754 
Iters: 62500 , Maximum difference of values of bel_vec: 1.44792E-09 & Maximum difference of values of abov_vec: 0.105152 
Iters: 63000 , Maximum difference of values of bel_vec: 1.20781E-09 & Maximum difference of values of abov_vec: 0.0879251 
Iters: 63500 , Maximum difference of values of bel_vec: 1.01136E-09 & Maximum difference of values of abov_vec: 0.0735206 
Iters: 64000 , Maximum difference of values of bel_vec: 8.44011E-10 & Maximum difference of values of abov_vec: 0.0614759 
Iters: 64500 , Maximum difference of values of bel_vec: 7.05768E-10 & Maximum difference of values of abov_vec: 0.0514045 
Iters: 65000 , Maximum difference of values of bel_vec: 5.89353E-10 & Maximum difference of values of abov_vec: 0.0429831 
Iters: 65500 , Maximum difference of values of bel_vec: 4.94765E-10 & Maximum difference of values of abov_vec: 0.0359413 
Iters: 66000 , Maximum difference of values of bel_vec: 4.1473E-10 & Maximum difference of values of abov_vec: 0.0300531 
Iters: 66500 , Maximum difference of values of bel_vec: 3.49246E-10 & Maximum difference of values of abov_vec: 0.0251296 
Iters: 67000 , Maximum difference of values of bel_vec: 2.91038E-10 & Maximum difference of values of abov_vec: 0.0210127 
Iters: 67500 , Maximum difference of values of bel_vec: 2.40107E-10 & Maximum difference of values of abov_vec: 0.0175702 
Iters: 68000 , Maximum difference of values of bel_vec: 2.03727E-10 & Maximum difference of values of abov_vec: 0.0146918 
Iters: 68500 , Maximum difference of values of bel_vec: 1.67347E-10 & Maximum difference of values of abov_vec: 0.0122848 
Iters: 69000 , Maximum difference of values of bel_vec: 1.41881E-10 & Maximum difference of values of abov_vec: 0.0102723 
Iters: 69500 , Maximum difference of values of bel_vec: 1.16415E-10 & Maximum difference of values of abov_vec: 0.00858938 
Iters: 70000 , Maximum difference of values of bel_vec: 1.01863E-10 & Maximum difference of values of abov_vec: 0.00718221 
Iters: 70500 , Maximum difference of values of bel_vec: 8.00355E-11 & Maximum difference of values of abov_vec: 0.00600557 
Iters: 71000 , Maximum difference of values of bel_vec: 7.27596E-11 & Maximum difference of values of abov_vec: 0.00502169 
Iters: 71500 , Maximum difference of values of bel_vec: 5.82077E-11 & Maximum difference of values of abov_vec: 0.004199 
Iters: 72000 , Maximum difference of values of bel_vec: 5.09317E-11 & Maximum difference of values of abov_vec: 0.00351109 
Iters: 72500 , Maximum difference of values of bel_vec: 4.36557E-11 & Maximum difference of values of abov_vec: 0.00293588 
Iters: 73000 , Maximum difference of values of bel_vec: 3.27418E-11 & Maximum difference of values of abov_vec: 0.0024549 
Iters: 73500 , Maximum difference of values of bel_vec: 2.91038E-11 & Maximum difference of values of abov_vec: 0.00205272 
Iters: 74000 , Maximum difference of values of bel_vec: 2.18279E-11 & Maximum difference of values of abov_vec: 0.00171643 
Iters: 74500 , Maximum difference of values of bel_vec: 2.18279E-11 & Maximum difference of values of abov_vec: 0.00143523 
Iters: 75000 , Maximum difference of values of bel_vec: 1.45519E-11 & Maximum difference of values of abov_vec: 0.0012001 
Iters: 75500 , Maximum difference of values of bel_vec: 1.45519E-11 & Maximum difference of values of abov_vec: 0.00100349 
Iters: 76000 , Maximum difference of values of bel_vec: 1.45519E-11 & Maximum difference of values of abov_vec: 0.000839094 
Iters: 76500 , Maximum difference of values of bel_vec: 7.27596E-12 & Maximum difference of values of abov_vec: 0.000701628 Iteration 76551: max relative diff=1.924928, 499.99 sec so far

Iters: 77000 , Maximum difference of values of bel_vec: 7.27596E-12 & Maximum difference of values of abov_vec: 0.000586682 
Iters: 77500 , Maximum difference of values of bel_vec: 7.27596E-12 & Maximum difference of values of abov_vec: 0.000490568 
Iters: 78000 , Maximum difference of values of bel_vec: 7.27596E-12 & Maximum difference of values of abov_vec: 0.000410199 
Iters: 78500 , Maximum difference of values of bel_vec: 7.27596E-12 & Maximum difference of values of abov_vec: 0.000342998 
Iters: 79000 , Maximum difference of values of bel_vec: 7.27596E-12 & Maximum difference of values of abov_vec: 0.000286805 
Iters: 79500 , Maximum difference of values of bel_vec: 7.27596E-12 & Maximum difference of values of abov_vec: 0.000239819 
Iters: 80000 , Maximum difference of values of bel_vec: 3.63798E-12 & Maximum difference of values of abov_vec: 0.00020053 
Iters: 80500 , Maximum difference of values of bel_vec: 3.63798E-12 & Maximum difference of values of abov_vec: 0.000167678 
Iters: 81000 , Maximum difference of values of bel_vec: 0 & Maximum difference of values of abov_vec: 0.000140208 
Iters: 81500 , Maximum difference of values of bel_vec: 0 & Maximum difference of values of abov_vec: 0.000117238 
Iters: 82000 , Maximum difference of values of bel_vec: 0 & Maximum difference of values of abov_vec: 9.8031E-05 
Iters: 82500 , Maximum difference of values of bel_vec: 0 & Maximum difference of values of abov_vec: 8.19709E-05 
Iters: 83000 , Maximum difference of values of bel_vec: 0 & Maximum difference of values of abov_vec: 6.85418E-05 
Iters: 83500 , Maximum difference of values of bel_vec: 0 & Maximum difference of values of abov_vec: 5.73128E-05 
Iters: 84000 , Maximum difference of values of bel_vec: 0 & Maximum difference of values of abov_vec: 4.79234E-05 
Iters: 84500 , Maximum difference of values of bel_vec: 0 & Maximum difference of values of abov_vec: 4.00723E-05 
Iters: 85000 , Maximum difference of values of bel_vec: 0 & Maximum difference of values of abov_vec: 3.35073E-05 
Iters: 85500 , Maximum difference of values of bel_vec: 0 & Maximum difference of values of abov_vec: 2.80179E-05 
Iters: 86000 , Maximum difference of values of bel_vec: 0 & Maximum difference of values of abov_vec: 2.34278E-05 
Iters: 86500 , Maximum difference of values of bel_vec: 0 & Maximum difference of values of abov_vec: 1.95897E-05 
Iters: 87000 , Maximum difference of values of bel_vec: 0 & Maximum difference of values of abov_vec: 1.63804E-05 
Iters: 87500 , Maximum difference of values of bel_vec: 0 & Maximum difference of values of abov_vec: 1.36968E-05 
Iters: 88000 , Maximum difference of values of bel_vec: 0 & Maximum difference of values of abov_vec: 1.14529E-05 
Iters: 88500 , Maximum difference of values of bel_vec: 0 & Maximum difference of values of abov_vec: 9.57662E-06 
Iters: 89000 , Maximum difference of values of bel_vec: 0 & Maximum difference of values of abov_vec: 8.00771E-06 
Iters: 89500 , Maximum difference of values of bel_vec: 0 & Maximum difference of values of abov_vec: 6.69583E-06 
Iters: 90000 , Maximum difference of values of bel_vec: 0 & Maximum difference of values of abov_vec: 5.59887E-06 
Iters: 90500 , Maximum difference of values of bel_vec: 0 & Maximum difference of values of abov_vec: 4.68162E-06 
Iters: 91000 , Maximum difference of values of bel_vec: 0 & Maximum difference of values of abov_vec: 3.91465E-06 
Iters: 91500 , Maximum difference of values of bel_vec: 0 & Maximum difference of values of abov_vec: 3.27332E-06 
Iters: 92000 , Maximum difference of values of bel_vec: 0 & Maximum difference of values of abov_vec: 2.73706E-06 
Iters: 92500 , Maximum difference of values of bel_vec: 0 & Maximum difference of values of abov_vec: 2.28866E-06 
Iters: 93000 , Maximum difference of values of bel_vec: 0 & Maximum difference of values of abov_vec: 1.91372E-06 
Iters: 93500 , Maximum difference of values of bel_vec: 0 & Maximum difference of values of abov_vec: 1.60019E-06 
Iters: 94000 , Maximum difference of values of bel_vec: 0 & Maximum difference of values of abov_vec: 1.33804E-06 
Iters: 94500 , Maximum difference of values of bel_vec: 0 & Maximum difference of values of abov_vec: 1.11883E-06 
Iters: 95000 , Maximum difference of values of bel_vec: 0 & Maximum difference of values of abov_vec: 9.35535E-07 
Iters: 95500 , Maximum difference of values of bel_vec: 0 & Maximum difference of values of abov_vec: 7.82271E-07 
Iters: 96000 , Maximum difference of values of bel_vec: 0 & Maximum difference of values of abov_vec: 6.54116E-07 
Iters: 96500 , Maximum difference of values of bel_vec: 0 & Maximum difference of values of abov_vec: 5.46952E-07 
Iters: 97000 , Maximum difference of values of bel_vec: 0 & Maximum difference of values of abov_vec: 4.57349E-07 
Iters: 97500 , Maximum difference of values of bel_vec: 0 & Maximum difference of values of abov_vec: 3.82421E-07 
Iters: 98000 , Maximum difference of values of bel_vec: 0 & Maximum difference of values of abov_vec: 3.19771E-07 
Iters: 98500 , Maximum difference of values of bel_vec: 0 & Maximum difference of values of abov_vec: 2.67384E-07 
Iters: 99000 , Maximum difference of values of bel_vec: 0 & Maximum difference of values of abov_vec: 2.23579E-07 
Iters: 99500 , Maximum difference of values of bel_vec: 0 & Maximum difference of values of abov_vec: 1.86948E-07 
Iters: 100000 , Maximum difference of values of bel_vec: 0 & Maximum difference of values of abov_vec: 1.5632E-07 
Iters: 100500 , Maximum difference of values of bel_vec: 0 & Maximum difference of values of abov_vec: 1.30716E-07 
Iters: 101000 , Maximum difference of values of bel_vec: 0 & Maximum difference of values of abov_vec: 1.09299E-07 
Iters: 101500 , Maximum difference of values of bel_vec: 0 & Maximum difference of values of abov_vec: 9.13933E-08 
Iters: 102000 , Maximum difference of values of bel_vec: 0 & Maximum difference of values of abov_vec: 7.64194E-08 
Iters: 102500 , Maximum difference of values of bel_vec: 0 & Maximum difference of values of abov_vec: 6.39011E-08 
Iters: 103000 , Maximum difference of values of bel_vec: 0 & Maximum difference of values of abov_vec: 5.34346E-08 
Iters: 103500 , Maximum difference of values of bel_vec: 0 & Maximum difference of values of abov_vec: 4.4678E-08 
Iters: 104000 , Maximum difference of values of bel_vec: 0 & Maximum difference of values of abov_vec: 3.73584E-08 
Iters: 104500 , Maximum difference of values of bel_vec: 0 & Maximum difference of values of abov_vec: 3.12357E-08 
Iters: 105000 , Maximum difference of values of bel_vec: 0 & Maximum difference of values of abov_vec: 2.61207E-08 
Iters: 105500 , Maximum difference of values of bel_vec: 0 & Maximum difference of values of abov_vec: 2.18424E-08 
Iters: 106000 , Maximum difference of values of bel_vec: 0 & Maximum difference of values of abov_vec: 1.82627E-08 
Iters: 106500 , Maximum difference of values of bel_vec: 0 & Maximum difference of values of abov_vec: 1.52722E-08 
Iters: 107000 , Maximum difference of values of bel_vec: 0 & Maximum difference of values of abov_vec: 1.27693E-08 
Iters: 107500 , Maximum difference of values of bel_vec: 0 & Maximum difference of values of abov_vec: 1.06775E-08 
Iters: 108000 , Maximum difference of values of bel_vec: 0 & Maximum difference of values of abov_vec: 8.93124E-09 
Iters: 108500 , Maximum difference of values of bel_vec: 0 & Maximum difference of values of abov_vec: 7.46513E-09 
Iters: 109000 , Maximum difference of values of bel_vec: 0 & Maximum difference of values of abov_vec: 6.24277E-09 
Iters: 109500 , Maximum difference of values of bel_vec: 0 & Maximum difference of values of abov_vec: 5.2205E-09 
Iters: 110000 , Maximum difference of values of bel_vec: 0 & Maximum difference of values of abov_vec: 4.36557E-09 
Iters: 110500 , Maximum difference of values of bel_vec: 0 & Maximum difference of values of abov_vec: 3.64889E-09 
Iters: 111000 , Maximum difference of values of bel_vec: 0 & Maximum difference of values of abov_vec: 3.05226E-09 
Iters: 111500 , Maximum difference of values of bel_vec: 0 & Maximum difference of values of abov_vec: 2.55386E-09 
Iters: 112000 , Maximum difference of values of bel_vec: 0 & Maximum difference of values of abov_vec: 2.13549E-09 
Iters: 112500 , Maximum difference of values of bel_vec: 0 & Maximum difference of values of abov_vec: 1.78261E-09 
Iters: 113000 , Maximum difference of values of bel_vec: 0 & Maximum difference of values of abov_vec: 1.49157E-09 
Iters: 113500 , Maximum difference of values of bel_vec: 0 & Maximum difference of values of abov_vec: 1.24783E-09 
Iters: 114000 , Maximum difference of values of bel_vec: 0 & Maximum difference of values of abov_vec: 1.0441E-09 
Iters: 114500 , Maximum difference of values of bel_vec: 0 & Maximum difference of values of abov_vec: 8.73115E-10 
Iters: 115000 , Maximum difference of values of bel_vec: 0 & Maximum difference of values of abov_vec: 7.27596E-10 
Iters: 115500 , Maximum difference of values of bel_vec: 0 & Maximum difference of values of abov_vec: 6.1118E-10 
Iters: 116000 , Maximum difference of values of bel_vec: 0 & Maximum difference of values of abov_vec: 5.09317E-10 
Iters: 116500 , Maximum difference of values of bel_vec: 0 & Maximum difference of values of abov_vec: 4.25644E-10 
Iters: 117000 , Maximum difference of values of bel_vec: 0 & Maximum difference of values of abov_vec: 3.56522E-10 Max relative diff between upper and lower bound on convergence: 9.99826E-07
Iterative method: 117010 iterations in 765.31 seconds (average 0.006541, setup 0.12)
Maximum finite value in solution vector at end of interval iteration: 20675.00000049297

Value in the initial state: 20667.00000049297

Time for model checking: 766.332 seconds.

Result: 20667.00000049297 (value in the initial state)

---------------------------------------------------------------------

Note: There were 2 warnings during computation.

