PRISM
=====

Version: 4.6
Date: Tue Feb 16 03:05:35 IRST 2021
Hostname: sadegh-H81M-S2PH
Memory limits: cudd=1g, java(heap)=3.9g
Command line: prism ../../examples/mdps/consensus/coin4.nm ../../examples/mdps/consensus/steps_max.pctl -s -improvedbk -maxiters 189332 -const K=34 -javamaxmem 4500m -epsilon 1e-10

Parsing model file "../../examples/mdps/consensus/coin4.nm"...

Parsing properties file "../../examples/mdps/consensus/steps_max.pctl"...

1 property:
(1) "steps_max": R{"steps"}max=? [ F "finished" ]

Type:        MDP
Modules:     process1 process2 process3 process4 
Variables:   counter pc1 coin1 pc2 coin2 pc3 coin3 pc4 coin4 

---------------------------------------------------------------------

Model checking: "steps_max": R{"steps"}max=? [ F "finished" ]
Model constants: K=34

Warning: Not Switching to explicit engine, We implemented the emthods for sparse engine.

Building model...
Model constants: K=34

Computing reachable states...

Reachability (BFS): 1635 iterations in 0.20 seconds (average 0.000124, setup 0.00)

Time for model construction: 0.396 seconds.

Type:        MDP
States:      350336 (1 initial)
Transitions: 1181152
Choices:     945280

Transition matrix: 2480 nodes (3 terminal), 1181152 minterms, vars: 21r/21c/4nd

Prob0E: 426 iterations in 0.27 seconds (average 0.000641, setup 0.00)

Prob1A: 1 iterations in 0.00 seconds (average 0.000000, setup 0.00)

goal = 64, inf = 0, maybe = 350272

Computing remaining rewards...

Building sparse matrix (transitions)... [n=350336, nc=945216, nnz=1181088, k=4] [18.5 MB]
Building sparse matrix (transition rewards)... [n=350336, nc=945216, nnz=0, k=4] [4.9 MB]
Creating vector for state rewards... [2.7 MB]
Creating vector for inf... [2.7 MB]
Creating vector for lower bounds... [2.7 MB]
Creating vector for upper bounds... [2.7 MB]
Allocating iteration vectors... [4 x 2.7 MB]
TOTAL: [44.8 MB]

Starting iterations (interval iteration)...

 Time for pre-computation: 0.638000 Iteration 928: max relative diff=6.033338, 4.36 sec so far
Iteration 1969: max relative diff=5.684614, 9.37 sec so far
Iteration 3043: max relative diff=5.093655, 14.37 sec so far
Iteration 4106: max relative diff=4.487465, 19.38 sec so far
Iteration 5148: max relative diff=3.940178, 24.38 sec so far
Iteration 5988: max relative diff=3.542613, 29.38 sec so far
Iteration 6941: max relative diff=3.137980, 34.38 sec so far
Iteration 8007: max relative diff=2.739060, 39.39 sec so far
Iteration 9052: max relative diff=2.397006, 44.39 sec so far
Iteration 10137: max relative diff=2.086904, 49.40 sec so far
Iteration 11189: max relative diff=1.824568, 54.40 sec so far
Iteration 12248: max relative diff=1.593778, 59.40 sec so far
Iteration 13113: max relative diff=1.427100, 64.40 sec so far
Iteration 14043: max relative diff=1.267289, 69.40 sec so far
Iteration 15097: max relative diff=1.107694, 74.41 sec so far
Iteration 16160: max relative diff=0.967086, 79.41 sec so far
Iteration 17240: max relative diff=0.842494, 84.41 sec so far
Iteration 18279: max relative diff=0.737807, 89.41 sec so far
Iteration 19351: max relative diff=0.643412, 94.42 sec so far
Iteration 20417: max relative diff=0.561523, 99.42 sec so far
Iteration 21461: max relative diff=0.491435, 104.42 sec so far
Iteration 22544: max relative diff=0.427959, 109.42 sec so far
Iteration 23598: max relative diff=0.374064, 114.42 sec so far
Iteration 24656: max relative diff=0.326790, 119.43 sec so far
Iteration 25739: max relative diff=0.284580, 124.43 sec so far
Iteration 26730: max relative diff=0.250751, 129.43 sec so far
Iteration 27582: max relative diff=0.224900, 134.43 sec so far
Iteration 28562: max relative diff=0.198444, 139.44 sec so far
Iteration 29642: max relative diff=0.172878, 144.44 sec so far
Iteration 30681: max relative diff=0.151396, 149.44 sec so far
Iteration 31750: max relative diff=0.132077, 154.45 sec so far
Iteration 32818: max relative diff=0.115238, 159.45 sec so far
Iteration 33859: max relative diff=0.100893, 164.46 sec so far
Iteration 34944: max relative diff=0.087839, 169.46 sec so far
Iteration 35997: max relative diff=0.076787, 174.47 sec so far
Iteration 37054: max relative diff=0.067091, 179.47 sec so far
Iteration 38134: max relative diff=0.058447, 184.47 sec so far
Iteration 39172: max relative diff=0.051191, 189.47 sec so far
Iteration 40241: max relative diff=0.044659, 194.48 sec so far
Iteration 41308: max relative diff=0.038970, 199.48 sec so far
Iteration 42349: max relative diff=0.034119, 204.48 sec so far
Iteration 43186: max relative diff=0.030660, 209.49 sec so far
Iteration 44147: max relative diff=0.027119, 214.49 sec so far
Iteration 45215: max relative diff=0.023662, 219.49 sec so far
Iteration 46256: max relative diff=0.020716, 224.50 sec so far
Iteration 47341: max relative diff=0.018036, 229.50 sec so far
Iteration 48396: max relative diff=0.015762, 234.50 sec so far
Iteration 49449: max relative diff=0.013779, 239.50 sec so far
Iteration 50532: max relative diff=0.011999, 244.51 sec so far
Iteration 51572: max relative diff=0.010507, 249.51 sec so far
Iteration 52644: max relative diff=0.009163, 254.51 sec so far
Iteration 53541: max relative diff=0.008171, 259.52 sec so far
Iteration 54438: max relative diff=0.007287, 264.52 sec so far
Iteration 55474: max relative diff=0.006384, 269.53 sec so far
Iteration 56542: max relative diff=0.005570, 274.53 sec so far
Iteration 57612: max relative diff=0.004858, 279.53 sec so far
Iteration 58653: max relative diff=0.004254, 284.54 sec so far
Iteration 59735: max relative diff=0.003705, 289.54 sec so far
Iteration 60790: max relative diff=0.003238, 294.54 sec so far
Iteration 61843: max relative diff=0.002830, 299.54 sec so far
Iteration 62928: max relative diff=0.002464, 304.55 sec so far
Iteration 63966: max relative diff=0.002158, 309.55 sec so far
Iteration 65036: max relative diff=0.001883, 314.55 sec so far
Iteration 66105: max relative diff=0.001642, 319.55 sec so far
Iteration 67142: max relative diff=0.001439, 324.55 sec so far
Iteration 68227: max relative diff=0.001252, 329.56 sec so far
Iteration 69164: max relative diff=0.001111, 334.56 sec so far
Iteration 70043: max relative diff=0.000993, 339.56 sec so far
Iteration 71048: max relative diff=0.000874, 344.56 sec so far
Iteration 72131: max relative diff=0.000761, 349.57 sec so far
Iteration 73185: max relative diff=0.000665, 354.57 sec so far
Iteration 74240: max relative diff=0.000581, 359.57 sec so far
Iteration 75325: max relative diff=0.000506, 364.58 sec so far
Iteration 76366: max relative diff=0.000443, 369.58 sec so far
Iteration 77432: max relative diff=0.000387, 374.58 sec so far
Iteration 78502: max relative diff=0.000337, 379.58 sec so far
Iteration 79541: max relative diff=0.000295, 384.59 sec so far
Iteration 80623: max relative diff=0.000257, 389.59 sec so far
Iteration 81559: max relative diff=0.000228, 394.59 sec so far
Iteration 82438: max relative diff=0.000204, 399.60 sec so far
Iteration 83445: max relative diff=0.000179, 404.60 sec so far
Iteration 84527: max relative diff=0.000156, 409.61 sec so far
Iteration 85582: max relative diff=0.000137, 414.61 sec so far
Iteration 86637: max relative diff=0.000119, 419.61 sec so far
Iteration 87721: max relative diff=0.000104, 424.62 sec so far
Iteration 88765: max relative diff=0.000091, 429.62 sec so far
Iteration 89831: max relative diff=0.000079, 434.62 sec so far
Iteration 90901: max relative diff=0.000069, 439.62 sec so far
Iteration 91944: max relative diff=0.000061, 444.63 sec so far
Iteration 93028: max relative diff=0.000053, 449.63 sec so far
Iteration 93962: max relative diff=0.000047, 454.63 sec so far
Iteration 94842: max relative diff=0.000042, 459.63 sec so far
Iteration 95853: max relative diff=0.000037, 464.64 sec so far
Iteration 96934: max relative diff=0.000032, 469.64 sec so far
Iteration 97990: max relative diff=0.000028, 474.64 sec so far
Iteration 99041: max relative diff=0.000024, 479.64 sec so far
Iteration 100126: max relative diff=0.000021, 484.65 sec so far
Iteration 101167: max relative diff=0.000019, 489.65 sec so far
Iteration 102233: max relative diff=0.000016, 494.66 sec so far
Iteration 103303: max relative diff=0.000014, 499.66 sec so far
Iteration 104334: max relative diff=0.000012, 504.66 sec so far
Iteration 105173: max relative diff=0.000011, 509.66 sec so far
Iteration 106139: max relative diff=0.000010, 514.67 sec so far
Iteration 107213: max relative diff=0.000009, 519.67 sec so far
Iteration 108253: max relative diff=0.000008, 524.67 sec so far
Iteration 109338: max relative diff=0.000007, 529.67 sec so far
Iteration 110395: max relative diff=0.000006, 534.67 sec so far
Iteration 111444: max relative diff=0.000005, 539.67 sec so far
Iteration 112528: max relative diff=0.000004, 544.68 sec so far
Iteration 113499: max relative diff=0.000004, 549.68 sec so far
Iteration 114358: max relative diff=0.000003, 554.68 sec so far
Iteration 115346: max relative diff=0.000003, 559.68 sec so far
Iteration 116430: max relative diff=0.000003, 564.69 sec so far
Iteration 117473: max relative diff=0.000002, 569.69 sec so far
Iteration 118538: max relative diff=0.000002, 574.70 sec so far
Iteration 119611: max relative diff=0.000002, 579.70 sec so far
Iteration 120651: max relative diff=0.000002, 584.70 sec so far
Iteration 121731: max relative diff=0.000001, 589.70 sec so far
Iteration 122790: max relative diff=0.000001, 594.70 sec so far
Iteration 123839: max relative diff=0.000001, 599.71 sec so far
Iteration 124924: max relative diff=0.000001, 604.71 sec so far
Iteration 125894: max relative diff=0.000001, 609.71 sec so far
Iteration 126754: max relative diff=0.000001, 614.71 sec so far
Iteration 127742: max relative diff=0.000001, 619.72 sec so far
Iteration 128828: max relative diff=0.000001, 624.72 sec so far
Iteration 129871: max relative diff=0.000000, 629.72 sec so far
Iteration 130933: max relative diff=0.000000, 634.72 sec so far
Iteration 132008: max relative diff=0.000000, 639.73 sec so far
Iteration 133030: max relative diff=0.000000, 644.73 sec so far
Iteration 133870: max relative diff=0.000000, 649.74 sec so far
Iteration 134841: max relative diff=0.000000, 654.74 sec so far
Iteration 135913: max relative diff=0.000000, 659.74 sec so far
Iteration 136952: max relative diff=0.000000, 664.75 sec so far
Iteration 138029: max relative diff=0.000000, 669.75 sec so far
Iteration 139089: max relative diff=0.000000, 674.75 sec so far
Iteration 140138: max relative diff=0.000000, 679.76 sec so far
Iteration 141221: max relative diff=0.000000, 684.76 sec so far
Iteration 142264: max relative diff=0.000000, 689.76 sec so far
Iteration 143328: max relative diff=0.000000, 694.77 sec so far
Iteration 144404: max relative diff=0.000000, 699.77 sec so far
Iteration 145442: max relative diff=0.000000, 704.77 sec so far
Iteration 146520: max relative diff=0.000000, 709.77 sec so far
Iteration 147580: max relative diff=0.000000, 714.78 sec so far
Iteration 148628: max relative diff=0.000000, 719.78 sec so far
Iteration 149475: max relative diff=0.000000, 724.79 sec so far
Iteration 150424: max relative diff=0.000000, 729.79 sec so far
Iteration 151482: max relative diff=0.000000, 734.79 sec so far
Iteration 152529: max relative diff=0.000000, 739.79 sec so far
Iteration 153612: max relative diff=0.000000, 744.79 sec so far
Iteration 154660: max relative diff=0.000000, 749.79 sec so far
Iteration 155722: max relative diff=0.000000, 754.80 sec so far
Iteration 156797: max relative diff=0.000000, 759.80 sec so far
Iteration 157838: max relative diff=0.000000, 764.81 sec so far
Iteration 158918: max relative diff=0.000000, 769.81 sec so far
Iteration 159837: max relative diff=0.000000, 774.82 sec so far
Iteration 160724: max relative diff=0.000000, 779.82 sec so far
Iteration 161746: max relative diff=0.000000, 784.82 sec so far
Iteration 162845: max relative diff=0.000000, 789.83 sec so far
Iteration 163942: max relative diff=0.000000, 794.83 sec so far
Iteration 164989: max relative diff=0.000000, 799.83 sec so far
Iteration 166074: max relative diff=0.000000, 804.84 sec so far
Iteration 167035: max relative diff=0.000000, 809.84 sec so far
Iteration 167900: max relative diff=0.000000, 814.84 sec so far
Iteration 168892: max relative diff=0.000000, 819.85 sec so far
Iteration 169974: max relative diff=0.000000, 824.85 sec so far
Iteration 171020: max relative diff=0.000000, 829.85 sec so far
Iteration 172085: max relative diff=0.000000, 834.86 sec so far
Iteration 173162: max relative diff=0.000000, 839.86 sec so far
Iteration 174201: max relative diff=0.000000, 844.86 sec so far
Iteration 175277: max relative diff=0.000000, 849.87 sec so far
Iteration 176338: max relative diff=0.000000, 854.87 sec so far
Iteration 177383: max relative diff=0.000000, 859.87 sec so far
Iteration 178225: max relative diff=0.000000, 864.87 sec so far
Iteration 179177: max relative diff=0.000000, 869.87 sec so far
Iteration 180238: max relative diff=0.000000, 874.88 sec so far
Iteration 181283: max relative diff=0.000000, 879.88 sec so far
Iteration 182367: max relative diff=0.000000, 884.88 sec so far
Iteration 183415: max relative diff=0.000000, 889.89 sec so far
Iteration 184474: max relative diff=0.000000, 894.89 sec so far
Iteration 185554: max relative diff=0.000000, 899.89 sec so far
Iteration 186560: max relative diff=0.000000, 904.90 sec so far
Iteration 187407: max relative diff=0.000000, 909.90 sec so far
Iteration 188381: max relative diff=0.000000, 914.90 sec so far

First round (updates from below) finished after 189331 iters.
Iterative method: 189331 iterations in 919.33 seconds (average 0.004856, setup 0.22)

Value in the initial state: 57962.99999811384

Time for model checking: 921.743 seconds.

Result: 57962.99999811384 (value in the initial state)

---------------------------------------------------------------------

Note: There was 1 warning during computation.

