PRISM
=====

Version: 4.6
Date: Mon Feb 15 16:45:27 IRST 2021
Hostname: sadegh-H81M-S2PH
Memory limits: cudd=1g, java(heap)=3.9g
Command line: prism ../../examples/mdps/consensus/coin4.nm ../../examples/mdps/consensus/steps_max.pctl -s -improvedbk -maxiters 128924 -const K=28 -javamaxmem 4500m -epsilon 1e-10

Parsing model file "../../examples/mdps/consensus/coin4.nm"...

Parsing properties file "../../examples/mdps/consensus/steps_max.pctl"...

1 property:
(1) "steps_max": R{"steps"}max=? [ F "finished" ]

Type:        MDP
Modules:     process1 process2 process3 process4 
Variables:   counter pc1 coin1 pc2 coin2 pc3 coin3 pc4 coin4 

---------------------------------------------------------------------

Model checking: "steps_max": R{"steps"}max=? [ F "finished" ]
Model constants: K=28

Warning: Not Switching to explicit engine, We implemented the emthods for sparse engine.

Building model...
Model constants: K=28

Computing reachable states...

Reachability (BFS): 1347 iterations in 0.15 seconds (average 0.000114, setup 0.00)

Time for model construction: 0.291 seconds.

Type:        MDP
States:      288896 (1 initial)
Transitions: 973792
Choices:     779392

Transition matrix: 2436 nodes (3 terminal), 973792 minterms, vars: 20r/20c/4nd

Prob0E: 354 iterations in 0.22 seconds (average 0.000624, setup 0.00)

Prob1A: 1 iterations in 0.00 seconds (average 0.000000, setup 0.00)

goal = 64, inf = 0, maybe = 288832

Computing remaining rewards...

Building sparse matrix (transitions)... [n=288896, nc=779328, nnz=973728, k=4] [15.2 MB]
Building sparse matrix (transition rewards)... [n=288896, nc=779328, nnz=0, k=4] [4.1 MB]
Creating vector for state rewards... [2.2 MB]
Creating vector for inf... [2.2 MB]
Creating vector for lower bounds... [2.2 MB]
Creating vector for upper bounds... [2.2 MB]
Allocating iteration vectors... [4 x 2.2 MB]
TOTAL: [36.9 MB]

Starting iterations (interval iteration)...

 Time for pre-computation: 0.383000 Iteration 1164: max relative diff=5.810120, 4.62 sec so far
Iteration 2242: max relative diff=4.956955, 9.63 sec so far
Iteration 3330: max relative diff=4.080694, 14.63 sec so far
Iteration 4584: max relative diff=3.235118, 19.63 sec so far
Iteration 5872: max relative diff=2.544774, 24.63 sec so far
Iteration 7165: max relative diff=1.999413, 29.64 sec so far
Iteration 8414: max relative diff=1.583821, 34.64 sec so far
Iteration 9718: max relative diff=1.241798, 39.64 sec so far
Iteration 10844: max relative diff=1.006510, 44.64 sec so far
Iteration 11906: max relative diff=0.825602, 49.64 sec so far
Iteration 13121: max relative diff=0.658152, 54.64 sec so far
Iteration 14424: max relative diff=0.516122, 59.64 sec so far
Iteration 15697: max relative diff=0.407013, 64.65 sec so far
Iteration 16968: max relative diff=0.321090, 69.65 sec so far
Iteration 18274: max relative diff=0.251657, 74.66 sec so far
Iteration 19527: max relative diff=0.199199, 79.66 sec so far
Iteration 20815: max relative diff=0.156649, 84.66 sec so far
Iteration 21889: max relative diff=0.128206, 89.67 sec so far
Iteration 22978: max relative diff=0.104634, 94.67 sec so far
Iteration 24237: max relative diff=0.082730, 99.67 sec so far
Iteration 25522: max relative diff=0.065095, 104.67 sec so far
Iteration 26817: max relative diff=0.051124, 109.68 sec so far
Iteration 28058: max relative diff=0.040557, 114.68 sec so far
Iteration 29072: max relative diff=0.033567, 119.68 sec so far
Iteration 30237: max relative diff=0.027010, 124.68 sec so far
Iteration 31530: max relative diff=0.021221, 129.68 sec so far
Iteration 32784: max relative diff=0.016794, 134.69 sec so far
Iteration 34085: max relative diff=0.013175, 139.69 sec so far
Iteration 35360: max relative diff=0.010386, 144.69 sec so far
Iteration 36628: max relative diff=0.008198, 149.69 sec so far
Iteration 37929: max relative diff=0.006431, 154.70 sec so far
Iteration 39187: max relative diff=0.005086, 159.70 sec so far
Iteration 40471: max relative diff=0.004002, 164.71 sec so far
Iteration 41543: max relative diff=0.003277, 169.71 sec so far
Iteration 42642: max relative diff=0.002669, 174.71 sec so far
Iteration 43902: max relative diff=0.002110, 179.72 sec so far
Iteration 45186: max relative diff=0.001661, 184.72 sec so far
Iteration 46479: max relative diff=0.001305, 189.72 sec so far
Iteration 47734: max relative diff=0.001032, 194.73 sec so far
Iteration 49038: max relative diff=0.000809, 199.73 sec so far
Iteration 50155: max relative diff=0.000657, 204.73 sec so far
Iteration 51222: max relative diff=0.000539, 209.74 sec so far
Iteration 52444: max relative diff=0.000429, 214.74 sec so far
Iteration 53745: max relative diff=0.000336, 219.74 sec so far
Iteration 55022: max relative diff=0.000265, 224.75 sec so far
Iteration 56288: max relative diff=0.000209, 229.75 sec so far
Iteration 57311: max relative diff=0.000173, 234.75 sec so far
Iteration 58456: max relative diff=0.000140, 239.75 sec so far
Iteration 59734: max relative diff=0.000110, 244.75 sec so far
Iteration 60998: max relative diff=0.000087, 249.76 sec so far
Iteration 62302: max relative diff=0.000068, 254.76 sec so far
Iteration 63468: max relative diff=0.000055, 259.76 sec so far
Iteration 64511: max relative diff=0.000045, 264.76 sec so far
Iteration 65704: max relative diff=0.000036, 269.77 sec so far
Iteration 67012: max relative diff=0.000028, 274.77 sec so far
Iteration 68271: max relative diff=0.000022, 279.77 sec so far
Iteration 69550: max relative diff=0.000018, 284.78 sec so far
Iteration 70845: max relative diff=0.000014, 289.78 sec so far
Iteration 72096: max relative diff=0.000011, 294.78 sec so far
Iteration 73392: max relative diff=0.000009, 299.79 sec so far
Iteration 74673: max relative diff=0.000007, 304.79 sec so far
Iteration 75933: max relative diff=0.000005, 309.80 sec so far
Iteration 77238: max relative diff=0.000004, 314.80 sec so far
Iteration 78398: max relative diff=0.000003, 319.80 sec so far
Iteration 79443: max relative diff=0.000003, 324.80 sec so far
Iteration 80639: max relative diff=0.000002, 329.81 sec so far
Iteration 81946: max relative diff=0.000002, 334.81 sec so far
Iteration 83209: max relative diff=0.000001, 339.81 sec so far
Iteration 84490: max relative diff=0.000001, 344.81 sec so far
Iteration 85790: max relative diff=0.000001, 349.82 sec so far
Iteration 87010: max relative diff=0.000001, 354.82 sec so far
Iteration 88031: max relative diff=0.000001, 359.82 sec so far
Iteration 89205: max relative diff=0.000000, 364.82 sec so far
Iteration 90505: max relative diff=0.000000, 369.82 sec so far
Iteration 91759: max relative diff=0.000000, 374.82 sec so far
Iteration 93056: max relative diff=0.000000, 379.82 sec so far
Iteration 94162: max relative diff=0.000000, 384.83 sec so far
Iteration 95236: max relative diff=0.000000, 389.83 sec so far
Iteration 96470: max relative diff=0.000000, 394.83 sec so far
Iteration 97765: max relative diff=0.000000, 399.83 sec so far
Iteration 99048: max relative diff=0.000000, 404.83 sec so far
Iteration 100309: max relative diff=0.000000, 409.84 sec so far
Iteration 101617: max relative diff=0.000000, 414.84 sec so far
Iteration 102771: max relative diff=0.000000, 419.84 sec so far
Iteration 103822: max relative diff=0.000000, 424.85 sec so far
Iteration 105022: max relative diff=0.000000, 429.85 sec so far
Iteration 106330: max relative diff=0.000000, 434.86 sec so far
Iteration 107594: max relative diff=0.000000, 439.86 sec so far
Iteration 108872: max relative diff=0.000000, 444.86 sec so far
Iteration 110169: max relative diff=0.000000, 449.86 sec so far
Iteration 111421: max relative diff=0.000000, 454.87 sec so far
Iteration 112715: max relative diff=0.000000, 459.87 sec so far
Iteration 113997: max relative diff=0.000000, 464.87 sec so far
Iteration 115254: max relative diff=0.000000, 469.87 sec so far
Iteration 116270: max relative diff=0.000000, 474.88 sec so far
Iteration 117421: max relative diff=0.000000, 479.88 sec so far
Iteration 118704: max relative diff=0.000000, 484.88 sec so far
Iteration 119963: max relative diff=0.000000, 489.88 sec so far
Iteration 121267: max relative diff=0.000000, 494.88 sec so far
Iteration 122528: max relative diff=0.000000, 499.89 sec so far
Iteration 123802: max relative diff=0.000000, 504.89 sec so far
Iteration 124850: max relative diff=0.000000, 509.89 sec so far
Iteration 125967: max relative diff=0.000000, 514.89 sec so far
Iteration 127232: max relative diff=0.000000, 519.89 sec so far
Iteration 128508: max relative diff=0.000000, 524.90 sec so far

First round (updates from below) finished after 128923 iters.
Iterative method: 128923 iterations in 526.55 seconds (average 0.004084, setup 0.16)

Value in the initial state: 39674.99999853749

Time for model checking: 528.222 seconds.

Result: 39674.99999853749 (value in the initial state)

---------------------------------------------------------------------

Note: There was 1 warning during computation.

