PRISM
=====

Version: 4.4
Date: Tue Feb 16 01:48:58 IRST 2021
Hostname: sadegh-H81M-S2PH
Memory limits: cudd=1g, java(heap)=910.5m
Command line: prism ../../examples/mdps/consensus/coin4.nm ../../examples/mdps/consensus/steps_max.pctl -s '-ii:upper=1.2e+12' -const K=32 -maxiters 9000300 -asynchii

Parsing model file "../../examples/mdps/consensus/coin4.nm"...

Parsing properties file "../../examples/mdps/consensus/steps_max.pctl"...

1 property:
(1) "steps_max": R{"steps"}max=? [ F "finished" ]

Type:        MDP
Modules:     process1 process2 process3 process4 
Variables:   counter pc1 coin1 pc2 coin2 pc3 coin3 pc4 coin4 

---------------------------------------------------------------------

Model checking: "steps_max": R{"steps"}max=? [ F "finished" ]
Model constants: K=32

Warning: Not Switching to explicit engine, We implemented the emthods for sparse engine.

Building model...
Model constants: K=32

Computing reachable states...

Reachability (BFS): 1539 iterations in 0.18 seconds (average 0.000118, setup 0.00)

Time for model construction: 0.36 seconds.

Type:        MDP
States:      329856 (1 initial)
Transitions: 1112032
Choices:     889984

Transition matrix: 2480 nodes (3 terminal), 1112032 minterms, vars: 21r/21c/4nd

Prob0E: 402 iterations in 0.27 seconds (average 0.000659, setup 0.00)

Prob1A: 1 iterations in 0.00 seconds (average 0.001000, setup 0.00)

goal = 64, inf = 0, maybe = 329792

Warning: Upper bound for interval iteration manually set to 1.2E12

Computing remaining rewards...
 8
Building sparse matrix (transitions)... [n=329856, nc=889920, nnz=1111968, k=4] [17.4 MB]
Building sparse matrix (transition rewards)... [n=329856, nc=889920, nnz=0, k=4] [4.7 MB]
Creating vector for state rewards... [2.5 MB]
Creating vector for inf... [2.5 MB]
Creating vector for lower bounds... [2.5 MB]
Creating vector for upper bounds... [2.5 MB]
Allocating iteration vectors... [4 x 2.5 MB]
TOTAL: [42.2 MB]

Starting iterations (interval iteration)...

 Time for pre-computation	: 0.013000 
		 >> 329792 after 0 iters << 
Iteration 873: max relative diff=1194620742115.357422, 4.99 sec so far
Iteration 1776: max relative diff=1128352586145.612305, 9.99 sec so far
Iteration 2663: max relative diff=1020266072244.886719, 15.00 sec so far
Iteration 3545: max relative diff=907444048709.868042, 20.00 sec so far
Iteration 4412: max relative diff=803871517168.058594, 25.01 sec so far
Iteration 5314: max relative diff=707032242535.450195, 30.01 sec so far
Iteration 6219: max relative diff=621071281969.947021, 35.01 sec so far
Iteration 7123: max relative diff=545477248893.545532, 40.02 sec so far
Iteration 8026: max relative diff=479102589554.267456, 45.02 sec so far
Iteration 8923: max relative diff=421151889264.797180, 50.02 sec so far
Iteration 9793: max relative diff=371645445215.922974, 55.02 sec so far
Iteration 10697: max relative diff=326358072373.057007, 60.02 sec so far
Iteration 11601: max relative diff=286588756987.525574, 65.02 sec so far
Iteration 12505: max relative diff=251665493045.177917, 70.03 sec so far
Iteration 13393: max relative diff=221506747917.760925, 75.03 sec so far
Iteration 14275: max relative diff=195130335674.952209, 80.03 sec so far
Iteration 15143: max relative diff=172241030526.947510, 85.04 sec so far
Iteration 16039: max relative diff=151425993195.650116, 90.04 sec so far
Iteration 16912: max relative diff=133567288361.696411, 95.05 sec so far
Iteration 17787: max relative diff=117780917200.059601, 100.05 sec so far
Iteration 18679: max relative diff=103606849685.768311, 105.05 sec so far
Iteration 19583: max relative diff=90981451966.393372, 110.05 sec so far
Iteration 20470: max relative diff=80090047517.199615, 115.06 sec so far
Iteration 21356: max relative diff=70512590887.948120, 120.06 sec so far
Iteration 22222: max relative diff=62259176763.688171, 125.07 sec so far
Iteration 23123: max relative diff=54695938018.921860, 130.07 sec so far
Iteration 24031: max relative diff=48003154907.265747, 135.08 sec so far
Iteration 24908: max relative diff=42317478911.950714, 140.08 sec so far
Iteration 25803: max relative diff=37208835898.108261, 145.09 sec so far
Iteration 26668: max relative diff=32858312122.170326, 150.09 sec so far
Iteration 27556: max relative diff=28920684584.558292, 155.09 sec so far
Iteration 28440: max relative diff=25469570099.801975, 160.10 sec so far
Iteration 29345: max relative diff=22362670901.966007, 165.10 sec so far
Iteration 30243: max relative diff=19654533848.032532, 170.10 sec so far
Iteration 31116: max relative diff=17336545260.175331, 175.10 sec so far
Iteration 31992: max relative diff=15285339951.456463, 180.11 sec so far
Iteration 32885: max relative diff=13443934380.207439, 185.11 sec so far
Iteration 33746: max relative diff=11878877571.661406, 190.11 sec so far
Iteration 34650: max relative diff=10431338349.517225, 195.12 sec so far
Iteration 35555: max relative diff=9158877832.607431, 200.12 sec so far
Iteration 36420: max relative diff=8088009959.131878, 205.12 sec so far
Iteration 37313: max relative diff=7113660548.501730, 210.13 sec so far
Iteration 38186: max relative diff=6274703594.687840, 215.13 sec so far
Iteration 39091: max relative diff=5509290163.057684, 220.13 sec so far
Iteration 39995: max relative diff=4837941073.066010, 225.14 sec so far
Iteration 40901: max relative diff=4247180557.210343, 230.14 sec so far
Iteration 41789: max relative diff=3738218362.535193, 235.14 sec so far
Iteration 42674: max relative diff=3291667728.899886, 240.15 sec so far
Iteration 43539: max relative diff=2906805524.405467, 245.15 sec so far
Iteration 44433: max relative diff=2556263884.743679, 250.15 sec so far
Iteration 45307: max relative diff=2254468043.880419, 255.16 sec so far
Iteration 46182: max relative diff=1988017544.202327, 260.16 sec so far
Iteration 47078: max relative diff=1747775123.111020, 265.16 sec so far
Iteration 47942: max relative diff=1543649731.257434, 270.17 sec so far
Iteration 48827: max relative diff=1359255935.621246, 275.17 sec so far
Iteration 49711: max relative diff=1197061345.848479, 280.17 sec so far
Iteration 50620: max relative diff=1050439960.412966, 285.17 sec so far
Iteration 51527: max relative diff=922043215.210767, 290.18 sec so far
Iteration 52432: max relative diff=809574053.161249, 295.18 sec so far
Iteration 53310: max relative diff=713588444.040594, 300.19 sec so far
Iteration 54205: max relative diff=627448857.930666, 305.19 sec so far
Iteration 55067: max relative diff=554331307.014384, 310.19 sec so far
Iteration 55955: max relative diff=487908206.331063, 315.19 sec so far
Iteration 56841: max relative diff=429568501.264010, 320.20 sec so far
Iteration 57747: max relative diff=377119660.016170, 325.20 sec so far
Iteration 58647: max relative diff=331361036.415655, 330.21 sec so far
Iteration 59522: max relative diff=292203410.942482, 335.21 sec so far
Iteration 60398: max relative diff=257636812.731124, 340.21 sec so far
Iteration 61294: max relative diff=226508048.768761, 345.21 sec so far
Iteration 62159: max relative diff=200030302.941271, 350.22 sec so far
Iteration 63067: max relative diff=175560181.872673, 355.23 sec so far
Iteration 63973: max relative diff=154128601.881400, 360.23 sec so far
Iteration 64879: max relative diff=135314057.888488, 365.23 sec so far
Iteration 65773: max relative diff=119001989.871309, 370.23 sec so far
Iteration 66650: max relative diff=104913023.209917, 375.24 sec so far
Iteration 67527: max relative diff=92492809.062574, 380.24 sec so far
Iteration 68422: max relative diff=81333108.740843, 385.24 sec so far
Iteration 69287: max relative diff=71829500.551651, 390.24 sec so far
Iteration 70192: max relative diff=63073657.403150, 395.24 sec so far
Iteration 71100: max relative diff=55362038.337178, 400.25 sec so far
Iteration 71964: max relative diff=48902040.092105, 405.25 sec so far
Iteration 72869: max relative diff=42943003.178592, 410.25 sec so far
Iteration 73775: max relative diff=37705466.313623, 415.25 sec so far
Iteration 74649: max relative diff=33259896.821896, 420.25 sec so far
Iteration 75544: max relative diff=29250910.085305, 425.26 sec so far
Iteration 76406: max relative diff=25847976.485633, 430.26 sec so far
Iteration 77290: max relative diff=22769665.509241, 435.27 sec so far
Iteration 78173: max relative diff=20061567.211340, 440.27 sec so far
Iteration 79036: max relative diff=17727028.282295, 445.27 sec so far
Iteration 79939: max relative diff=15575337.541831, 450.27 sec so far
Iteration 80844: max relative diff=13681658.396513, 455.28 sec so far
Iteration 81747: max relative diff=12022420.796555, 460.28 sec so far
Iteration 82651: max relative diff=10563655.189147, 465.29 sec so far
Iteration 83516: max relative diff=9334549.782203, 470.29 sec so far
Iteration 84400: max relative diff=8226794.770491, 475.29 sec so far
Iteration 85285: max relative diff=7250193.877661, 480.30 sec so far
Iteration 86190: max relative diff=6372057.371626, 485.30 sec so far
Iteration 87083: max relative diff=5610621.460569, 490.31 sec so far
Iteration 87959: max relative diff=4952878.078215, 495.31 sec so far
Iteration 88831: max relative diff=4375442.576946, 500.31 sec so far
Iteration 89725: max relative diff=3853990.492031, 505.32 sec so far
Iteration 90593: max relative diff=3407944.422696, 510.32 sec so far
Iteration 91476: max relative diff=3007839.311824, 515.32 sec so far
Iteration 92363: max relative diff=2653931.479613, 520.32 sec so far
Iteration 93226: max relative diff=2350307.233429, 525.32 sec so far
Iteration 94118: max relative diff=2073658.770405, 530.33 sec so far
Iteration 94995: max relative diff=1834142.617182, 535.33 sec so far
Iteration 95869: max relative diff=1623673.553359, 540.33 sec so far
Iteration 96766: max relative diff=1433476.491374, 545.33 sec so far
Iteration 97628: max relative diff=1272415.828104, 550.34 sec so far
Iteration 98510: max relative diff=1127028.710044, 555.34 sec so far
Iteration 99395: max relative diff=998545.390031, 560.34 sec so far
Iteration 100298: max relative diff=883255.317191, 565.34 sec so far
Iteration 101190: max relative diff=783155.844709, 570.35 sec so far
Iteration 102067: max relative diff=696491.923548, 575.35 sec so far
Iteration 102938: max relative diff=620583.459310, 580.35 sec so far
Iteration 103830: max relative diff=552087.502759, 585.35 sec so far
Iteration 104679: max relative diff=494447.119854, 590.35 sec so far
Iteration 105236: max relative diff=457824.937339, 595.36 sec so far
Iteration 105728: max relative diff=426918.599960, 600.37 sec so far
Iteration 106197: max relative diff=399284.206688, 605.38 sec so far
Iteration 106680: max relative diff=372616.018601, 610.39 sec so far
Iteration 107156: max relative diff=348033.536034, 615.40 sec so far
Iteration 107627: max relative diff=325282.298452, 620.40 sec so far
Iteration 108112: max relative diff=303394.679172, 625.41 sec so far
Iteration 108581: max relative diff=283623.897366, 630.41 sec so far
Iteration 109058: max relative diff=264833.096896, 635.41 sec so far
Iteration 109539: max relative diff=247143.028956, 640.42 sec so far
Iteration 109995: max relative diff=231463.747154, 645.43 sec so far
Iteration 110478: max relative diff=215938.918182, 650.43 sec so far
Iteration 110954: max relative diff=201657.850322, 655.44 sec so far
Iteration 111425: max relative diff=188456.482899, 660.45 sec so far
Iteration 111911: max relative diff=175739.890742, 665.45 sec so far
Iteration 112380: max relative diff=164282.305086, 670.46 sec so far
Iteration 112858: max relative diff=153373.128601, 675.46 sec so far
Iteration 113339: max relative diff=143126.624484, 680.46 sec so far
Iteration 113807: max relative diff=133814.490764, 685.47 sec so far
Iteration 114290: max relative diff=124838.745430, 690.47 sec so far
Iteration 114765: max relative diff=116599.067592, 695.48 sec so far
Iteration 115237: max relative diff=108950.203269, 700.49 sec so far
Iteration 115722: max relative diff=101613.033595, 705.49 sec so far
Iteration 116191: max relative diff=94988.202701, 710.50 sec so far
Iteration 116668: max relative diff=88693.232056, 715.50 sec so far
Iteration 117149: max relative diff=82767.830352, 720.51 sec so far
Iteration 117616: max relative diff=77393.891195, 725.52 sec so far
Iteration 118099: max relative diff=72202.612418, 730.53 sec so far
Iteration 118575: max relative diff=67427.359272, 735.54 sec so far
Iteration 119046: max relative diff=63013.201016, 740.54 sec so far
Iteration 119532: max relative diff=58761.176168, 745.55 sec so far
Iteration 120001: max relative diff=54930.143179, 750.56 sec so far
Iteration 120478: max relative diff=51289.863192, 755.56 sec so far
Iteration 120959: max relative diff=47863.299037, 760.57 sec so far
Iteration 121426: max relative diff=44755.636809, 765.57 sec so far
Iteration 121909: max relative diff=41753.604150, 770.58 sec so far
Iteration 122384: max relative diff=38997.757959, 775.59 sec so far
Iteration 122855: max relative diff=36444.754589, 780.60 sec so far
Iteration 123340: max relative diff=33990.409629, 785.60 sec so far
Iteration 123808: max relative diff=31778.916041, 790.61 sec so far
Iteration 124284: max relative diff=29677.158722, 795.61 sec so far
Iteration 124765: max relative diff=27694.492328, 800.61 sec so far
Iteration 125232: max relative diff=25896.347835, 805.62 sec so far
Iteration 125722: max relative diff=24135.024126, 810.62 sec so far
Iteration 126213: max relative diff=22490.262511, 815.62 sec so far
Iteration 126684: max relative diff=21017.928744, 820.63 sec so far
Iteration 127169: max relative diff=19602.491929, 825.64 sec so far
Iteration 127639: max relative diff=18321.840775, 830.64 sec so far
Iteration 128117: max relative diff=17105.173520, 835.65 sec so far
Iteration 128598: max relative diff=15962.414102, 840.65 sec so far
Iteration 129066: max relative diff=14923.863031, 845.66 sec so far
Iteration 129548: max relative diff=13924.830371, 850.66 sec so far
Iteration 130024: max relative diff=13003.885993, 855.67 sec so far
Iteration 130495: max relative diff=12152.581550, 860.67 sec so far
Iteration 130981: max relative diff=11332.545786, 865.68 sec so far
Iteration 131451: max relative diff=10592.178803, 870.68 sec so far
Iteration 131929: max relative diff=9888.802039, 875.69 sec so far
Iteration 132411: max relative diff=9226.826237, 880.70 sec so far
Iteration 132879: max relative diff=8626.507877, 885.71 sec so far
Iteration 133362: max relative diff=8047.875551, 890.71 sec so far
Iteration 133838: max relative diff=7515.614437, 895.71 sec so far
Iteration 134309: max relative diff=7023.601823, 900.72 sec so far
Iteration 134794: max relative diff=6550.602572, 905.73 sec so far
Iteration 135263: max relative diff=6123.525103, 910.73 sec so far
Iteration 135740: max relative diff=5717.712476, 915.74 sec so far
Iteration 136222: max relative diff=5334.957591, 920.75 sec so far
Iteration 136690: max relative diff=4987.853082, 925.76 sec so far
Iteration 137172: max relative diff=4653.956416, 930.76 sec so far
Iteration 137648: max relative diff=4346.158414, 935.77 sec so far
Iteration 138119: max relative diff=4061.635468, 940.78 sec so far
Iteration 138604: max relative diff=3788.107643, 945.79 sec so far
Iteration 139074: max relative diff=3540.626638, 950.79 sec so far
Iteration 139550: max relative diff=3306.460757, 955.80 sec so far
Iteration 140031: max relative diff=3085.563310, 960.80 sec so far
Iteration 140499: max relative diff=2884.809525, 965.80 sec so far
Iteration 140980: max relative diff=2692.081680, 970.81 sec so far
Iteration 141456: max relative diff=2514.035886, 975.82 sec so far
Iteration 141927: max relative diff=2349.453552, 980.83 sec so far
Iteration 142412: max relative diff=2191.231347, 985.83 sec so far
Iteration 142882: max relative diff=2048.075929, 990.84 sec so far
Iteration 143359: max relative diff=1912.347724, 995.85 sec so far
Iteration 143842: max relative diff=1784.074938, 1000.86 sec so far
Iteration 144309: max relative diff=1668.238747, 1005.86 sec so far
Iteration 144790: max relative diff=1556.787348, 1010.87 sec so far
Iteration 145266: max relative diff=1453.826342, 1015.87 sec so far
Iteration 145736: max relative diff=1358.846358, 1020.88 sec so far
Iteration 146222: max relative diff=1267.153692, 1025.88 sec so far
Iteration 146693: max relative diff=1184.198985, 1030.89 sec so far
Iteration 147170: max relative diff=1105.720838, 1035.89 sec so far
Iteration 147652: max relative diff=1031.701718, 1040.89 sec so far
Iteration 148120: max relative diff=964.576851, 1045.90 sec so far
Iteration 148603: max relative diff=899.876819, 1050.91 sec so far
Iteration 149080: max relative diff=840.241010, 1055.92 sec so far
Iteration 149550: max relative diff=785.347193, 1060.92 sec so far
Iteration 150039: max relative diff=732.037524, 1065.93 sec so far
Iteration 150532: max relative diff=681.954298, 1070.94 sec so far
Iteration 151009: max relative diff=636.760450, 1075.94 sec so far
Iteration 151492: max relative diff=594.049056, 1080.95 sec so far
Iteration 151958: max relative diff=555.558571, 1085.95 sec so far
Iteration 152440: max relative diff=518.368391, 1090.96 sec so far
Iteration 152917: max relative diff=484.015558, 1095.96 sec so far
Iteration 153388: max relative diff=452.329292, 1100.97 sec so far
Iteration 153873: max relative diff=421.867512, 1105.98 sec so far
Iteration 154344: max relative diff=394.249792, 1110.99 sec so far
Iteration 154819: max relative diff=368.228283, 1115.99 sec so far
Iteration 155301: max relative diff=343.578360, 1120.99 sec so far
Iteration 155768: max relative diff=321.270548, 1126.00 sec so far
Iteration 156250: max relative diff=299.764068, 1131.01 sec so far
Iteration 156727: max relative diff=279.898380, 1136.01 sec so far
Iteration 157196: max relative diff=261.649938, 1141.02 sec so far
Iteration 157681: max relative diff=244.029317, 1146.02 sec so far
Iteration 158152: max relative diff=228.053843, 1151.03 sec so far
Iteration 158627: max relative diff=213.001698, 1156.04 sec so far
Iteration 159110: max relative diff=198.714380, 1161.04 sec so far
Iteration 159577: max relative diff=185.812278, 1166.05 sec so far
Iteration 160058: max relative diff=173.398564, 1171.06 sec so far
Iteration 160535: max relative diff=161.907254, 1176.07 sec so far
Iteration 161004: max relative diff=151.351441, 1181.07 sec so far
Iteration 161489: max relative diff=141.158790, 1186.07 sec so far
Iteration 161960: max relative diff=131.917776, 1191.08 sec so far
Iteration 162436: max relative diff=123.193150, 1196.09 sec so far
Iteration 162919: max relative diff=114.929837, 1201.09 sec so far
Iteration 163386: max relative diff=107.467687, 1206.10 sec so far
Iteration 163867: max relative diff=100.288005, 1211.11 sec so far
Iteration 164344: max relative diff=93.641810, 1216.11 sec so far
Iteration 164813: max relative diff=87.536676, 1221.11 sec so far
Iteration 165299: max relative diff=81.629849, 1226.12 sec so far
Iteration 165771: max relative diff=76.274954, 1231.13 sec so far
Iteration 166247: max relative diff=71.230369, 1236.14 sec so far
Iteration 166730: max relative diff=66.452515, 1241.14 sec so far
Iteration 167198: max relative diff=62.128963, 1246.15 sec so far
Iteration 167679: max relative diff=57.978262, 1251.16 sec so far
Iteration 168157: max relative diff=54.128199, 1256.17 sec so far
Iteration 168625: max relative diff=50.606495, 1261.17 sec so far
Iteration 169109: max relative diff=47.205223, 1266.18 sec so far
Iteration 169581: max relative diff=44.108574, 1271.19 sec so far
Iteration 170057: max relative diff=41.191372, 1276.20 sec so far
Iteration 170541: max relative diff=38.422893, 1281.20 sec so far
Iteration 171033: max relative diff=35.799290, 1286.21 sec so far
Iteration 171514: max relative diff=33.407618, 1291.22 sec so far
Iteration 171991: max relative diff=31.193659, 1296.22 sec so far
Iteration 172460: max relative diff=29.159936, 1301.22 sec so far
Iteration 172945: max relative diff=27.196182, 1306.23 sec so far
Iteration 173417: max relative diff=25.412120, 1311.24 sec so far
Iteration 173891: max relative diff=23.738266, 1316.24 sec so far
Iteration 174375: max relative diff=22.142813, 1321.25 sec so far
Iteration 174841: max relative diff=20.708104, 1326.26 sec so far
Iteration 175321: max relative diff=19.327419, 1331.27 sec so far
Iteration 175799: max relative diff=18.043976, 1336.27 sec so far
Iteration 176267: max relative diff=16.869994, 1341.28 sec so far
Iteration 176751: max relative diff=15.736159, 1346.28 sec so far
Iteration 177223: max relative diff=14.703871, 1351.28 sec so far
Iteration 177697: max relative diff=13.735352, 1356.28 sec so far
Iteration 178181: max relative diff=12.812196, 1361.29 sec so far
Iteration 178648: max relative diff=11.980328, 1366.30 sec so far
Iteration 179128: max relative diff=11.181555, 1371.31 sec so far
Iteration 179606: max relative diff=10.439041, 1376.32 sec so far
Iteration 180074: max relative diff=9.759853, 1381.32 sec so far
Iteration 180558: max relative diff=9.103892, 1386.32 sec so far
Iteration 181031: max relative diff=8.505456, 1391.33 sec so far
Iteration 181506: max relative diff=7.944074, 1396.34 sec so far
Iteration 181990: max relative diff=7.410151, 1401.34 sec so far
Iteration 182458: max relative diff=6.928030, 1406.35 sec so far
Iteration 182938: max relative diff=6.466113, 1411.35 sec so far
Iteration 183417: max relative diff=6.035861, 1416.37 sec so far
Iteration 183886: max relative diff=5.642343, 1421.37 sec so far
Iteration 184372: max relative diff=5.261607, 1426.38 sec so far
Iteration 184845: max relative diff=4.915741, 1431.39 sec so far
Iteration 185319: max relative diff=4.591949, 1436.39 sec so far
Iteration 185803: max relative diff=4.283323, 1441.40 sec so far
Iteration 186269: max relative diff=4.005792, 1446.41 sec so far
Iteration 186750: max relative diff=3.738174, 1451.41 sec so far
Iteration 187228: max relative diff=3.489939, 1456.41 sec so far
Iteration 187696: max relative diff=3.262876, 1461.42 sec so far
Iteration 188182: max relative diff=3.042702, 1466.43 sec so far
Iteration 188654: max relative diff=2.843102, 1471.43 sec so far
Iteration 189128: max relative diff=2.655832, 1476.43 sec so far
Iteration 189612: max relative diff=2.477333, 1481.44 sec so far
Iteration 190079: max relative diff=2.316485, 1486.44 sec so far
Iteration 190559: max relative diff=2.162036, 1491.45 sec so far
Iteration 191037: max relative diff=2.018466, 1496.45 sec so far
Iteration 191504: max relative diff=1.887411, 1501.45 sec so far
Iteration 191988: max relative diff=1.760558, 1506.46 sec so far
Iteration 192461: max relative diff=1.644829, 1511.47 sec so far
Iteration 192935: max relative diff=1.536487, 1516.47 sec so far
Iteration 193419: max relative diff=1.433220, 1521.47 sec so far
Iteration 193887: max relative diff=1.339971, 1526.48 sec so far
Iteration 194367: max relative diff=1.250630, 1531.49 sec so far
Iteration 194846: max relative diff=1.167414, 1536.50 sec so far
Iteration 195313: max relative diff=1.091616, 1541.50 sec so far
Iteration 195798: max relative diff=1.018102, 1546.50 sec so far
Iteration 196270: max relative diff=0.951315, 1551.51 sec so far
Iteration 196744: max relative diff=0.888653, 1556.52 sec so far
Iteration 197228: max relative diff=0.828927, 1561.52 sec so far
Iteration 197696: max relative diff=0.774995, 1566.53 sec so far
Iteration 198176: max relative diff=0.723323, 1571.53 sec so far
Iteration 198655: max relative diff=0.675194, 1576.53 sec so far
Iteration 199123: max relative diff=0.631264, 1581.54 sec so far
Iteration 199608: max relative diff=0.588752, 1586.54 sec so far
Iteration 200082: max relative diff=0.549972, 1591.55 sec so far
Iteration 200557: max relative diff=0.513672, 1596.55 sec so far
Iteration 201042: max relative diff=0.479079, 1601.56 sec so far
Iteration 201510: max relative diff=0.447909, 1606.56 sec so far
Iteration 201991: max relative diff=0.417986, 1611.57 sec so far
Iteration 202470: max relative diff=0.390173, 1616.58 sec so far
Iteration 202937: max relative diff=0.364840, 1621.58 sec so far
Iteration 203422: max relative diff=0.340270, 1626.59 sec so far
Iteration 203896: max relative diff=0.317857, 1631.60 sec so far
Iteration 204370: max relative diff=0.296920, 1636.61 sec so far
Iteration 204855: max relative diff=0.276924, 1641.61 sec so far
Iteration 205323: max relative diff=0.258907, 1646.62 sec so far
Iteration 205802: max relative diff=0.241680, 1651.62 sec so far
Iteration 206282: max relative diff=0.225566, 1656.63 sec so far
Iteration 206750: max relative diff=0.210890, 1661.63 sec so far
Iteration 207236: max relative diff=0.196660, 1666.63 sec so far
Iteration 207710: max relative diff=0.183706, 1671.63 sec so far
Iteration 208184: max relative diff=0.171606, 1676.64 sec so far
Iteration 208669: max relative diff=0.160049, 1681.64 sec so far
Iteration 209136: max relative diff=0.149657, 1686.64 sec so far
Iteration 209616: max relative diff=0.139679, 1691.65 sec so far
Iteration 210096: max relative diff=0.130366, 1696.66 sec so far
Iteration 210564: max relative diff=0.121884, 1701.66 sec so far
Iteration 211049: max relative diff=0.113676, 1706.67 sec so far
Iteration 211523: max relative diff=0.106188, 1711.67 sec so far
Iteration 211997: max relative diff=0.099194, 1716.68 sec so far
Iteration 212483: max relative diff=0.092500, 1721.69 sec so far
Iteration 212951: max relative diff=0.086482, 1726.69 sec so far
Iteration 213430: max relative diff=0.080728, 1731.69 sec so far
Iteration 213910: max relative diff=0.075345, 1736.70 sec so far
Iteration 214377: max relative diff=0.070453, 1741.70 sec so far
Iteration 214862: max relative diff=0.065709, 1746.71 sec so far
Iteration 215336: max relative diff=0.061381, 1751.72 sec so far
Iteration 215810: max relative diff=0.057338, 1756.72 sec so far
Iteration 216296: max relative diff=0.053468, 1761.73 sec so far
Iteration 216765: max relative diff=0.049983, 1766.74 sec so far
Iteration 217244: max relative diff=0.046657, 1771.74 sec so far
Iteration 217724: max relative diff=0.043546, 1776.75 sec so far
Iteration 218191: max relative diff=0.040719, 1781.75 sec so far
Iteration 218676: max relative diff=0.037976, 1786.76 sec so far
Iteration 219150: max relative diff=0.035475, 1791.77 sec so far
Iteration 219623: max relative diff=0.033143, 1796.78 sec so far
Iteration 220108: max relative diff=0.030911, 1801.78 sec so far
Iteration 220576: max relative diff=0.028900, 1806.79 sec so far
Iteration 221054: max relative diff=0.026981, 1811.79 sec so far
Iteration 221534: max relative diff=0.025182, 1816.79 sec so far
Iteration 222002: max relative diff=0.023544, 1821.80 sec so far
Iteration 222489: max relative diff=0.021952, 1826.81 sec so far
Iteration 222963: max relative diff=0.020506, 1831.82 sec so far
Iteration 223436: max relative diff=0.019158, 1836.82 sec so far
Iteration 223922: max relative diff=0.017865, 1841.82 sec so far
Iteration 224390: max relative diff=0.016703, 1846.82 sec so far
Iteration 224868: max relative diff=0.015594, 1851.83 sec so far
Iteration 225348: max relative diff=0.014554, 1856.83 sec so far
Iteration 225816: max relative diff=0.013607, 1861.84 sec so far
Iteration 226299: max relative diff=0.012694, 1866.84 sec so far
Iteration 226774: max relative diff=0.011856, 1871.85 sec so far
Iteration 227246: max relative diff=0.011079, 1876.86 sec so far
Iteration 227731: max relative diff=0.010333, 1881.86 sec so far
Iteration 228200: max relative diff=0.009659, 1886.87 sec so far
Iteration 228678: max relative diff=0.009018, 1891.87 sec so far
Iteration 229158: max relative diff=0.008416, 1896.87 sec so far
Iteration 229626: max relative diff=0.007869, 1901.88 sec so far
Iteration 230111: max relative diff=0.007339, 1906.89 sec so far
Iteration 230585: max relative diff=0.006855, 1911.90 sec so far
Iteration 231057: max relative diff=0.006406, 1916.90 sec so far
Iteration 231542: max relative diff=0.005974, 1921.90 sec so far
Iteration 232010: max relative diff=0.005586, 1926.91 sec so far
Iteration 232488: max relative diff=0.005215, 1931.91 sec so far
Iteration 232968: max relative diff=0.004867, 1936.92 sec so far
Iteration 233436: max relative diff=0.004550, 1941.93 sec so far
Iteration 233929: max relative diff=0.004239, 1946.94 sec so far
Iteration 234421: max relative diff=0.003950, 1951.94 sec so far
Iteration 234893: max relative diff=0.003690, 1956.95 sec so far
Iteration 235378: max relative diff=0.003442, 1961.95 sec so far
Iteration 235847: max relative diff=0.003218, 1966.96 sec so far
Iteration 236325: max relative diff=0.003004, 1971.96 sec so far
Iteration 236806: max relative diff=0.002803, 1976.97 sec so far
Iteration 237273: max relative diff=0.002621, 1981.97 sec so far
Iteration 237756: max relative diff=0.002445, 1986.97 sec so far
Iteration 238231: max relative diff=0.002284, 1991.98 sec so far
Iteration 238703: max relative diff=0.002134, 1996.99 sec so far
Iteration 239188: max relative diff=0.001990, 2002.00 sec so far
Iteration 239657: max relative diff=0.001861, 2007.00 sec so far
Iteration 240135: max relative diff=0.001737, 2012.00 sec so far
Iteration 240617: max relative diff=0.001621, 2017.02 sec so far
Iteration 241085: max relative diff=0.001515, 2022.02 sec so far
Iteration 241569: max relative diff=0.001414, 2027.03 sec so far
Iteration 242044: max relative diff=0.001320, 2032.04 sec so far
Iteration 242518: max relative diff=0.001233, 2037.05 sec so far
Iteration 243003: max relative diff=0.001150, 2042.05 sec so far
Iteration 243472: max relative diff=0.001075, 2047.06 sec so far
Iteration 243950: max relative diff=0.001004, 2052.07 sec so far
Iteration 244432: max relative diff=0.000937, 2057.08 sec so far
Iteration 244899: max relative diff=0.000876, 2062.09 sec so far
Iteration 245382: max relative diff=0.000817, 2067.09 sec so far
Iteration 245857: max relative diff=0.000763, 2072.09 sec so far
Iteration 246329: max relative diff=0.000713, 2077.10 sec so far
Iteration 246814: max relative diff=0.000665, 2082.10 sec so far
Iteration 247284: max relative diff=0.000622, 2087.11 sec so far
Iteration 247761: max relative diff=0.000580, 2092.12 sec so far
Iteration 248242: max relative diff=0.000542, 2097.12 sec so far
Iteration 248710: max relative diff=0.000506, 2102.12 sec so far
Iteration 249192: max relative diff=0.000472, 2107.13 sec so far
Iteration 249667: max relative diff=0.000441, 2112.13 sec so far
Iteration 250139: max relative diff=0.000412, 2117.14 sec so far
Iteration 250625: max relative diff=0.000385, 2122.14 sec so far
Iteration 251095: max relative diff=0.000359, 2127.15 sec so far
Iteration 251572: max relative diff=0.000336, 2132.15 sec so far
Iteration 252054: max relative diff=0.000313, 2137.16 sec so far
Iteration 252522: max relative diff=0.000293, 2142.17 sec so far
Iteration 253006: max relative diff=0.000273, 2147.18 sec so far
Iteration 253482: max relative diff=0.000255, 2152.18 sec so far
Iteration 253953: max relative diff=0.000238, 2157.18 sec so far
Iteration 254438: max relative diff=0.000222, 2162.18 sec so far
Iteration 254908: max relative diff=0.000208, 2167.19 sec so far
Iteration 255385: max relative diff=0.000194, 2172.20 sec so far
Iteration 255867: max relative diff=0.000181, 2177.21 sec so far
Iteration 256335: max relative diff=0.000169, 2182.21 sec so far
Iteration 256818: max relative diff=0.000158, 2187.22 sec so far
Iteration 257293: max relative diff=0.000147, 2192.22 sec so far
Iteration 257764: max relative diff=0.000138, 2197.22 sec so far
Iteration 258249: max relative diff=0.000129, 2202.23 sec so far
Iteration 258718: max relative diff=0.000120, 2207.23 sec so far
Iteration 259195: max relative diff=0.000112, 2212.24 sec so far
Iteration 259677: max relative diff=0.000105, 2217.24 sec so far
Iteration 260145: max relative diff=0.000098, 2222.24 sec so far
Iteration 260627: max relative diff=0.000091, 2227.25 sec so far
Iteration 261103: max relative diff=0.000085, 2232.26 sec so far
Iteration 261574: max relative diff=0.000080, 2237.26 sec so far
Iteration 262060: max relative diff=0.000074, 2242.27 sec so far
Iteration 262530: max relative diff=0.000069, 2247.27 sec so far
Iteration 263007: max relative diff=0.000065, 2252.28 sec so far
Iteration 263489: max relative diff=0.000061, 2257.28 sec so far
Iteration 263957: max relative diff=0.000057, 2262.29 sec so far
Iteration 264440: max relative diff=0.000053, 2267.30 sec so far
Iteration 264916: max relative diff=0.000049, 2272.30 sec so far
Iteration 265386: max relative diff=0.000046, 2277.31 sec so far
Iteration 265871: max relative diff=0.000043, 2282.31 sec so far
Iteration 266340: max relative diff=0.000040, 2287.31 sec so far
Iteration 266817: max relative diff=0.000038, 2292.32 sec so far
Iteration 267299: max relative diff=0.000035, 2297.32 sec so far
Iteration 267767: max relative diff=0.000033, 2302.33 sec so far
Iteration 268249: max relative diff=0.000031, 2307.33 sec so far
Iteration 268726: max relative diff=0.000029, 2312.34 sec so far
Iteration 269196: max relative diff=0.000027, 2317.34 sec so far
Iteration 269681: max relative diff=0.000025, 2322.35 sec so far
Iteration 270151: max relative diff=0.000023, 2327.35 sec so far
Iteration 270628: max relative diff=0.000022, 2332.36 sec so far
Iteration 271111: max relative diff=0.000020, 2337.37 sec so far
Iteration 271578: max relative diff=0.000019, 2342.37 sec so far
Iteration 272060: max relative diff=0.000018, 2347.38 sec so far
Iteration 272537: max relative diff=0.000016, 2352.39 sec so far
Iteration 273008: max relative diff=0.000015, 2357.39 sec so far
Iteration 273493: max relative diff=0.000014, 2362.40 sec so far
Iteration 273964: max relative diff=0.000013, 2367.41 sec so far
Iteration 274440: max relative diff=0.000013, 2372.41 sec so far
Iteration 274922: max relative diff=0.000012, 2377.42 sec so far
Iteration 275389: max relative diff=0.000011, 2382.43 sec so far
Iteration 275875: max relative diff=0.000010, 2387.43 sec so far
Iteration 276352: max relative diff=0.000010, 2392.44 sec so far
Iteration 276821: max relative diff=0.000009, 2397.44 sec so far
Iteration 277305: max relative diff=0.000008, 2402.44 sec so far
Iteration 277774: max relative diff=0.000008, 2407.44 sec so far
Iteration 278249: max relative diff=0.000007, 2412.45 sec so far
Iteration 278731: max relative diff=0.000007, 2417.45 sec so far
Iteration 279198: max relative diff=0.000006, 2422.45 sec so far
Iteration 279680: max relative diff=0.000006, 2427.45 sec so far
Iteration 280156: max relative diff=0.000006, 2432.46 sec so far
Iteration 280626: max relative diff=0.000005, 2437.46 sec so far
Iteration 281111: max relative diff=0.000005, 2442.47 sec so far
Iteration 281581: max relative diff=0.000004, 2447.47 sec so far
Iteration 282057: max relative diff=0.000004, 2452.48 sec so far
Iteration 282539: max relative diff=0.000004, 2457.48 sec so far
Iteration 283006: max relative diff=0.000004, 2462.49 sec so far
Iteration 283487: max relative diff=0.000003, 2467.49 sec so far
Iteration 283964: max relative diff=0.000003, 2472.50 sec so far
Iteration 284434: max relative diff=0.000003, 2477.50 sec so far
Iteration 284919: max relative diff=0.000003, 2482.51 sec so far
Iteration 285390: max relative diff=0.000003, 2487.51 sec so far
Iteration 285867: max relative diff=0.000002, 2492.52 sec so far
Iteration 286350: max relative diff=0.000002, 2497.53 sec so far
Iteration 286824: max relative diff=0.000002, 2502.54 sec so far
Iteration 287306: max relative diff=0.000002, 2507.55 sec so far
Iteration 287782: max relative diff=0.000002, 2512.55 sec so far
Iteration 288252: max relative diff=0.000002, 2517.56 sec so far
Iteration 288737: max relative diff=0.000002, 2522.57 sec so far
Iteration 289207: max relative diff=0.000002, 2527.58 sec so far
Iteration 289683: max relative diff=0.000001, 2532.59 sec so far
Iteration 290165: max relative diff=0.000001, 2537.59 sec so far
Iteration 290920: max relative diff=0.000001, 2542.59 sec so far
Iteration 291685: max relative diff=0.000001, 2547.60 sec so far
Iteration 292161: max relative diff=0.000001, 2552.60 sec so far
Max relative diff between upper and lower bound on convergence: 9.99862E-07
LowItr:186183 , UpItr:292248 

Iterative method: 292249 iterations in 2553.50 seconds (average 0.008737, setup 0.21)
Maximum finite value in solution vector at end of interval iteration: 51491.00000036723

Value in the initial state: 51483.00000036723

Time for model checking: 2555.925 seconds.

Result: 51483.00000036723 (value in the initial state)

---------------------------------------------------------------------

Note: There were 2 warnings during computation.

