PRISM
=====

Version: 4.4
Date: Mon Feb 15 10:22:48 IRST 2021
Hostname: sadegh-H81M-S2PH
Memory limits: cudd=1g, java(heap)=3.9g
Command line: prism ../../examples/mdps/consensus/coin4.nm ../../examples/mdps/consensus/steps_max.pctl -s -improvedbk -maxiters 17252 -const K=10 -javamaxmem 4500m -epsilon 1e-10

Parsing model file "../../examples/mdps/consensus/coin4.nm"...

Parsing properties file "../../examples/mdps/consensus/steps_max.pctl"...

1 property:
(1) "steps_max": R{"steps"}max=? [ F "finished" ]

Type:        MDP
Modules:     process1 process2 process3 process4 
Variables:   counter pc1 coin1 pc2 coin2 pc3 coin3 pc4 coin4 

---------------------------------------------------------------------

Model checking: "steps_max": R{"steps"}max=? [ F "finished" ]
Model constants: K=10

Warning: Not Switching to explicit engine, We implemented the emthods for sparse engine.

Building model...
Model constants: K=10

Computing reachable states...

Reachability (BFS): 483 iterations in 0.06 seconds (average 0.000133, setup 0.00)

Time for model construction: 0.111 seconds.

Type:        MDP
States:      104576 (1 initial)
Transitions: 351712
Choices:     281728

Transition matrix: 2384 nodes (3 terminal), 351712 minterms, vars: 19r/19c/4nd

Prob0E: 138 iterations in 0.13 seconds (average 0.000957, setup 0.00)

Prob1A: 1 iterations in 0.00 seconds (average 0.000000, setup 0.00)

goal = 64, inf = 0, maybe = 104512

Computing remaining rewards...

Building sparse matrix (transitions)... [n=104576, nc=281664, nnz=351648, k=4] [5.5 MB]
Building sparse matrix (transition rewards)... [n=104576, nc=281664, nnz=0, k=4] [1.5 MB]
Creating vector for state rewards... [817.0 KB]
Creating vector for inf... [817.0 KB]
Creating vector for lower bounds... [817.0 KB]
Creating vector for upper bounds... [817.0 KB]
Allocating iteration vectors... [4 x 817.0 KB]
TOTAL: [13.4 MB]

Starting iterations (interval iteration)...

 Time for pre-computation: 0.054000 Iteration 3406: max relative diff=0.080685, 4.95 sec so far
Iteration 6949: max relative diff=0.000717, 9.95 sec so far
Iteration 10492: max relative diff=0.000006, 14.95 sec so far
Iteration 14038: max relative diff=0.000000, 19.95 sec so far

First round (updates from below) finished after 17251 iters.
Iterative method: 17251 iterations in 24.48 seconds (average 0.001419, setup 0.06)

Value in the initial state: 5546.999999417266

Time for model checking: 24.843 seconds.

Result: 5546.999999417266 (value in the initial state)

---------------------------------------------------------------------

Note: There was 1 warning during computation.

