PRISM
=====

Version: 4.4
Date: Mon Feb 15 12:18:38 IRST 2021
Hostname: sadegh-H81M-S2PH
Memory limits: cudd=1g, java(heap)=910.5m
Command line: prism ../../examples/mdps/consensus/coin4.nm ../../examples/mdps/consensus/steps_max.pctl -s '-ii:upper=1.2e+12' -const K=20 -maxiters 9000300 -improvedmpi

Parsing model file "../../examples/mdps/consensus/coin4.nm"...

Parsing properties file "../../examples/mdps/consensus/steps_max.pctl"...

1 property:
(1) "steps_max": R{"steps"}max=? [ F "finished" ]

Type:        MDP
Modules:     process1 process2 process3 process4 
Variables:   counter pc1 coin1 pc2 coin2 pc3 coin3 pc4 coin4 

---------------------------------------------------------------------

Model checking: "steps_max": R{"steps"}max=? [ F "finished" ]
Model constants: K=20

Warning: Not Switching to explicit engine, We implemented the emthods for sparse engine.

Building model...
Model constants: K=20

Computing reachable states...

Reachability (BFS): 963 iterations in 0.12 seconds (average 0.000127, setup 0.00)

Time for model construction: 0.216 seconds.

Type:        MDP
States:      206976 (1 initial)
Transitions: 697312
Choices:     558208

Transition matrix: 2432 nodes (3 terminal), 697312 minterms, vars: 20r/20c/4nd

Prob0E: 258 iterations in 0.19 seconds (average 0.000733, setup 0.00)

Prob1A: 1 iterations in 0.00 seconds (average 0.001000, setup 0.00)

goal = 64, inf = 0, maybe = 206912

Warning: Upper bound for interval iteration manually set to 1.2E12

Computing remaining rewards...
 9
Building sparse matrix (transitions)... [n=206976, nc=558144, nnz=697248, k=4] [10.9 MB]
Building sparse matrix (transition rewards)... [n=206976, nc=558144, nnz=0, k=4] [2.9 MB]
Creating vector for state rewards... [1.6 MB]
Creating vector for inf... [1.6 MB]
Creating vector for lower bounds... [1.6 MB]
Creating vector for upper bounds... [1.6 MB]
Allocating iteration vectors... [4 x 1.6 MB]
Allocating adversary vector... [808.5 KB]
TOTAL: [27.2 MB]

Starting iterations (interval iteration)...

 Time for pre-computation: 0.209000 Iteration 2808: max relative diff=2.805351, 4.81 sec so far
Iteration 5850: max relative diff=0.943850, 9.82 sec so far
Iteration 8840: max relative diff=0.323492, 14.83 sec so far
Iteration 11804: max relative diff=0.111910, 19.83 sec so far
Iteration 14742: max relative diff=0.039077, 24.87 sec so far
Iteration 17758: max relative diff=0.013269, 29.88 sec so far
Iteration 20696: max relative diff=0.004633, 34.90 sec so far
Iteration 23660: max relative diff=0.001603, 39.92 sec so far
Iteration 26676: max relative diff=0.000544, 44.95 sec so far
Iteration 29588: max relative diff=0.000192, 49.96 sec so far
Iteration 32578: max relative diff=0.000066, 54.97 sec so far
Iteration 35568: max relative diff=0.000023, 60.01 sec so far
Iteration 38506: max relative diff=0.000008, 65.06 sec so far
Iteration 41522: max relative diff=0.000003, 70.06 sec so far

First round (updates from below) finished after 44243 iters.
Correctness of the approximated above vector satisfied after 1 iterations.
Iteration 44350: max relative diff=0.616417, 75.07 sec so far
Iteration 46016: max relative diff=0.402060, 80.07 sec so far
Iteration 47723: max relative diff=0.218677, 85.07 sec so far
Iteration 49281: max relative diff=0.125223, 90.07 sec so far
Iteration 50622: max relative diff=0.077496, 95.08 sec so far
Iteration 52172: max relative diff=0.044504, 100.08 sec so far
Iteration 53880: max relative diff=0.024153, 105.08 sec so far
Iteration 55522: max relative diff=0.013421, 110.08 sec so far
Iteration 57206: max relative diff=0.007346, 115.09 sec so far
Iteration 58758: max relative diff=0.004216, 120.09 sec so far
Iteration 60193: max relative diff=0.002523, 125.09 sec so far
Iteration 61684: max relative diff=0.001480, 130.10 sec so far
Iteration 63134: max relative diff=0.000881, 135.10 sec so far
Iteration 64589: max relative diff=0.000523, 140.10 sec so far
Iteration 66076: max relative diff=0.000307, 145.10 sec so far
Iteration 67517: max relative diff=0.000184, 150.10 sec so far
Iteration 68990: max relative diff=0.000108, 155.10 sec so far
Iteration 70461: max relative diff=0.000064, 160.11 sec so far
Iteration 71895: max relative diff=0.000038, 165.11 sec so far
Iteration 73379: max relative diff=0.000023, 170.11 sec so far
Iteration 74833: max relative diff=0.000013, 175.11 sec so far
Iteration 76284: max relative diff=0.000008, 180.12 sec so far
Iteration 77774: max relative diff=0.000005, 185.12 sec so far
Iteration 79209: max relative diff=0.000003, 190.12 sec so far
Iteration 80674: max relative diff=0.000002, 195.12 sec so far
Iteration 81930: max relative diff=0.000001, 200.12 sec so far

Second round (updates from above) finished after 82083 iters.
Update from both sides... 
Iteration 83150: max relative diff=0.003811, 205.12 sec so far
Iteration 84546: max relative diff=0.002312, 210.13 sec so far
Iteration 85979: max relative diff=0.001384, 215.13 sec so far
Iteration 87413: max relative diff=0.000828, 220.13 sec so far
Iteration 88803: max relative diff=0.000504, 225.14 sec so far
Iteration 90252: max relative diff=0.000300, 230.14 sec so far
Iteration 91665: max relative diff=0.000181, 235.14 sec so far
Iteration 93076: max relative diff=0.000109, 240.15 sec so far
Iteration 94223: max relative diff=0.000072, 245.15 sec so far
Iteration 95489: max relative diff=0.000046, 250.15 sec so far
Iteration 96903: max relative diff=0.000028, 255.16 sec so far
Iteration 98314: max relative diff=0.000017, 260.16 sec so far
Iteration 99766: max relative diff=0.000010, 265.16 sec so far
Iteration 101160: max relative diff=0.000006, 270.16 sec so far
Iteration 102589: max relative diff=0.000004, 275.17 sec so far
Iteration 104023: max relative diff=0.000002, 280.17 sec so far
Iteration 105413: max relative diff=0.000001, 285.17 sec so far
Max relative diff between upper and lower bound on convergence: 0
Iterative method: 106186 iterations in 287.80 seconds (average 0.002710, setup 0.13)
Maximum finite value in solution vector at end of interval iteration: 20675.000000002095

Value in the initial state: 20667.000000002095

Time for model checking: 288.727 seconds.

Result: 20667.000000002095 (value in the initial state)

---------------------------------------------------------------------

Note: There were 2 warnings during computation.

