PRISM
=====

Version: 4.4
Date: Mon Feb 15 17:28:48 IRST 2021
Hostname: sadegh-H81M-S2PH
Memory limits: cudd=1g, java(heap)=910.5m
Command line: prism ../../examples/mdps/consensus/coin4.nm ../../examples/mdps/consensus/steps_max.pctl -s '-ii:upper=1.2e+12' -const K=28 -maxiters 9000300 -improvedbk

Parsing model file "../../examples/mdps/consensus/coin4.nm"...

Parsing properties file "../../examples/mdps/consensus/steps_max.pctl"...

1 property:
(1) "steps_max": R{"steps"}max=? [ F "finished" ]

Type:        MDP
Modules:     process1 process2 process3 process4 
Variables:   counter pc1 coin1 pc2 coin2 pc3 coin3 pc4 coin4 

---------------------------------------------------------------------

Model checking: "steps_max": R{"steps"}max=? [ F "finished" ]
Model constants: K=28

Warning: Not Switching to explicit engine, We implemented the emthods for sparse engine.

Building model...
Model constants: K=28

Computing reachable states...

Reachability (BFS): 1347 iterations in 0.16 seconds (average 0.000117, setup 0.00)

Time for model construction: 0.308 seconds.

Type:        MDP
States:      288896 (1 initial)
Transitions: 973792
Choices:     779392

Transition matrix: 2436 nodes (3 terminal), 973792 minterms, vars: 20r/20c/4nd

Prob0E: 354 iterations in 0.22 seconds (average 0.000627, setup 0.00)

Prob1A: 1 iterations in 0.00 seconds (average 0.001000, setup 0.00)

goal = 64, inf = 0, maybe = 288832

Warning: Upper bound for interval iteration manually set to 1.2E12

Computing remaining rewards...
 7
Building sparse matrix (transitions)... [n=288896, nc=779328, nnz=973728, k=4] [15.2 MB]
Building sparse matrix (transition rewards)... [n=288896, nc=779328, nnz=0, k=4] [4.1 MB]
Creating vector for state rewards... [2.2 MB]
Creating vector for inf... [2.2 MB]
Creating vector for lower bounds... [2.2 MB]
Creating vector for upper bounds... [2.2 MB]
Allocating iteration vectors... [4 x 2.2 MB]
TOTAL: [36.9 MB]

Starting iterations (interval iteration)...

 Time for pre-computation: 0.392000 Iteration 1116: max relative diff=5.839662, 4.61 sec so far
Iteration 2431: max relative diff=4.797646, 9.61 sec so far
Iteration 3571: max relative diff=3.903721, 14.62 sec so far
Iteration 4632: max relative diff=3.206347, 19.62 sec so far
Iteration 5850: max relative diff=2.555236, 24.62 sec so far
Iteration 7163: max relative diff=2.000159, 29.62 sec so far
Iteration 8442: max relative diff=1.575569, 34.63 sec so far
Iteration 9719: max relative diff=1.241567, 39.63 sec so far
Iteration 11030: max relative diff=0.972182, 44.63 sec so far
Iteration 12290: max relative diff=0.768524, 49.64 sec so far
Iteration 13586: max relative diff=0.603463, 54.64 sec so far
Iteration 14884: max relative diff=0.473676, 59.64 sec so far
Iteration 16144: max relative diff=0.374447, 64.65 sec so far
Iteration 17155: max relative diff=0.310081, 69.65 sec so far
Iteration 18321: max relative diff=0.249460, 74.65 sec so far
Iteration 19617: max relative diff=0.195882, 79.65 sec so far
Iteration 20875: max relative diff=0.154905, 84.66 sec so far
Iteration 22188: max relative diff=0.121250, 89.66 sec so far
Iteration 23472: max relative diff=0.095422, 94.66 sec so far
Iteration 24753: max relative diff=0.075137, 99.67 sec so far
Iteration 25787: max relative diff=0.061955, 104.67 sec so far
Iteration 26931: max relative diff=0.050048, 109.67 sec so far
Iteration 28212: max relative diff=0.039409, 114.67 sec so far
Iteration 29488: max relative diff=0.031060, 119.68 sec so far
Iteration 30800: max relative diff=0.024317, 124.68 sec so far
Iteration 32060: max relative diff=0.019223, 129.68 sec so far
Iteration 33353: max relative diff=0.015103, 134.69 sec so far
Iteration 34650: max relative diff=0.011857, 139.69 sec so far
Iteration 35899: max relative diff=0.009392, 144.69 sec so far
Iteration 36913: max relative diff=0.007773, 149.70 sec so far
Iteration 38085: max relative diff=0.006247, 154.70 sec so far
Iteration 39382: max relative diff=0.004904, 159.70 sec so far
Iteration 40644: max relative diff=0.003875, 164.71 sec so far
Iteration 41954: max relative diff=0.003035, 169.71 sec so far
Iteration 43237: max relative diff=0.002389, 174.72 sec so far
Iteration 44513: max relative diff=0.001883, 179.72 sec so far
Iteration 45823: max relative diff=0.001475, 184.72 sec so far
Iteration 47089: max relative diff=0.001164, 189.72 sec so far
Iteration 48376: max relative diff=0.000916, 194.72 sec so far
Iteration 49450: max relative diff=0.000750, 199.73 sec so far
Iteration 50555: max relative diff=0.000610, 204.73 sec so far
Iteration 51818: max relative diff=0.000482, 209.73 sec so far
Iteration 53108: max relative diff=0.000379, 214.74 sec so far
Iteration 54408: max relative diff=0.000297, 219.74 sec so far
Iteration 55668: max relative diff=0.000235, 224.74 sec so far
Iteration 56976: max relative diff=0.000184, 229.74 sec so far
Iteration 58100: max relative diff=0.000149, 234.75 sec so far
Iteration 59170: max relative diff=0.000122, 239.75 sec so far
Iteration 60399: max relative diff=0.000097, 244.75 sec so far
Iteration 61710: max relative diff=0.000076, 249.75 sec so far
Iteration 62991: max relative diff=0.000060, 254.76 sec so far
Iteration 64261: max relative diff=0.000047, 259.76 sec so far
Iteration 65575: max relative diff=0.000037, 264.76 sec so far
Iteration 66838: max relative diff=0.000029, 269.76 sec so far
Iteration 68129: max relative diff=0.000023, 274.76 sec so far
Iteration 69430: max relative diff=0.000018, 279.77 sec so far
Iteration 70663: max relative diff=0.000014, 284.77 sec so far
Iteration 71681: max relative diff=0.000012, 289.77 sec so far
Iteration 72857: max relative diff=0.000010, 294.77 sec so far
Iteration 74163: max relative diff=0.000007, 299.78 sec so far
Iteration 75426: max relative diff=0.000006, 304.78 sec so far
Iteration 76734: max relative diff=0.000005, 309.78 sec so far
Iteration 77848: max relative diff=0.000004, 314.79 sec so far
Iteration 78925: max relative diff=0.000003, 319.79 sec so far
Iteration 80162: max relative diff=0.000002, 324.80 sec so far
Iteration 81466: max relative diff=0.000002, 329.80 sec so far
Iteration 82754: max relative diff=0.000002, 334.80 sec so far
Iteration 84024: max relative diff=0.000001, 339.80 sec so far

First round (updates from below) finished after 84931 iters.
Correctness of the approximated above vector satisfied after 1 iterations.
Iteration 85304: max relative diff=0.608654, 344.81 sec so far
Iteration 86466: max relative diff=0.554359, 349.81 sec so far
Iteration 87646: max relative diff=0.456244, 354.81 sec so far
Iteration 88841: max relative diff=0.366687, 359.82 sec so far
Iteration 89962: max relative diff=0.297719, 364.82 sec so far
Iteration 90899: max relative diff=0.250014, 369.82 sec so far
Iteration 91977: max relative diff=0.204484, 374.83 sec so far
Iteration 93172: max relative diff=0.163632, 379.83 sec so far
Iteration 94327: max relative diff=0.131921, 384.83 sec so far
Iteration 95522: max relative diff=0.105565, 389.84 sec so far
Iteration 96701: max relative diff=0.084727, 394.84 sec so far
Iteration 97863: max relative diff=0.068218, 399.84 sec so far
Iteration 99071: max relative diff=0.054457, 404.85 sec so far
Iteration 100135: max relative diff=0.044655, 409.85 sec so far
Iteration 101098: max relative diff=0.037313, 414.85 sec so far
Iteration 102202: max relative diff=0.030370, 419.86 sec so far
Iteration 103405: max relative diff=0.024266, 424.86 sec so far
Iteration 104569: max relative diff=0.019531, 429.86 sec so far
Iteration 105745: max relative diff=0.015684, 434.86 sec so far
Iteration 106944: max relative diff=0.012541, 439.87 sec so far
Iteration 108098: max relative diff=0.010113, 444.87 sec so far
Iteration 109291: max relative diff=0.008095, 449.87 sec so far
Iteration 110471: max relative diff=0.006496, 454.87 sec so far
Iteration 111632: max relative diff=0.005231, 459.88 sec so far
Iteration 112567: max relative diff=0.004394, 464.88 sec so far
Iteration 113626: max relative diff=0.003607, 469.88 sec so far
Iteration 114808: max relative diff=0.002893, 474.88 sec so far
Iteration 115969: max relative diff=0.002330, 479.89 sec so far
Iteration 117173: max relative diff=0.001861, 484.89 sec so far
Iteration 118337: max relative diff=0.001498, 489.89 sec so far
Iteration 119511: max relative diff=0.001203, 494.90 sec so far
Iteration 120477: max relative diff=0.001005, 499.90 sec so far
Iteration 121508: max relative diff=0.000829, 504.91 sec so far
Iteration 122671: max relative diff=0.000668, 509.91 sec so far
Iteration 123847: max relative diff=0.000536, 514.91 sec so far
Iteration 125046: max relative diff=0.000429, 519.92 sec so far
Iteration 126201: max relative diff=0.000346, 524.92 sec so far
Iteration 127392: max relative diff=0.000277, 529.92 sec so far
Iteration 128572: max relative diff=0.000222, 534.93 sec so far
Iteration 129734: max relative diff=0.000179, 539.93 sec so far
Iteration 130668: max relative diff=0.000150, 544.93 sec so far
Iteration 131730: max relative diff=0.000123, 549.93 sec so far
Iteration 132913: max relative diff=0.000099, 554.94 sec so far
Iteration 134073: max relative diff=0.000080, 559.94 sec so far
Iteration 135277: max relative diff=0.000064, 564.94 sec so far
Iteration 136443: max relative diff=0.000051, 569.94 sec so far
Iteration 137617: max relative diff=0.000041, 574.95 sec so far
Iteration 138819: max relative diff=0.000033, 579.95 sec so far
Iteration 139927: max relative diff=0.000027, 584.95 sec so far
Iteration 140871: max relative diff=0.000022, 589.95 sec so far
Iteration 141956: max relative diff=0.000018, 594.95 sec so far
Iteration 143158: max relative diff=0.000015, 599.95 sec so far
Iteration 144311: max relative diff=0.000012, 604.96 sec so far
Iteration 145503: max relative diff=0.000009, 609.96 sec so far
Iteration 146687: max relative diff=0.000008, 614.96 sec so far
Iteration 147849: max relative diff=0.000006, 619.97 sec so far
Iteration 148780: max relative diff=0.000005, 624.97 sec so far
Iteration 149845: max relative diff=0.000004, 629.97 sec so far
Iteration 151029: max relative diff=0.000003, 634.97 sec so far
Iteration 152187: max relative diff=0.000003, 639.97 sec so far
Iteration 153393: max relative diff=0.000002, 644.98 sec so far
Iteration 154561: max relative diff=0.000002, 649.98 sec so far
Iteration 155737: max relative diff=0.000001, 654.99 sec so far
Iteration 156694: max relative diff=0.000001, 659.99 sec so far

Second round (updates from above) finished after 157541 iters.
Update from both sides... 
Iteration 157717: max relative diff=0.010374, 664.99 sec so far
Iteration 158766: max relative diff=0.008531, 670.00 sec so far
Iteration 159815: max relative diff=0.007015, 675.00 sec so far
Iteration 160892: max relative diff=0.005738, 680.00 sec so far
Iteration 161929: max relative diff=0.004729, 685.00 sec so far
Iteration 162999: max relative diff=0.003873, 690.01 sec so far
Iteration 164063: max relative diff=0.003176, 695.01 sec so far
Iteration 165099: max relative diff=0.002618, 700.01 sec so far
Iteration 166179: max relative diff=0.002140, 705.01 sec so far
Iteration 167229: max relative diff=0.001759, 710.02 sec so far
Iteration 168280: max relative diff=0.001446, 715.02 sec so far
Iteration 169138: max relative diff=0.001232, 720.02 sec so far
Iteration 170078: max relative diff=0.001034, 725.02 sec so far
Iteration 171126: max relative diff=0.000850, 730.03 sec so far
Iteration 172173: max relative diff=0.000700, 735.03 sec so far
Iteration 173251: max relative diff=0.000572, 740.03 sec so far
Iteration 174286: max relative diff=0.000472, 745.03 sec so far
Iteration 175353: max relative diff=0.000387, 750.04 sec so far
Iteration 176418: max relative diff=0.000317, 755.04 sec so far
Iteration 177454: max relative diff=0.000261, 760.04 sec so far
Iteration 178531: max relative diff=0.000214, 765.04 sec so far
Iteration 179471: max relative diff=0.000179, 770.05 sec so far
Iteration 180348: max relative diff=0.000152, 775.05 sec so far
Iteration 181351: max relative diff=0.000126, 780.05 sec so far
Iteration 182432: max relative diff=0.000103, 785.05 sec so far
Iteration 183482: max relative diff=0.000085, 790.06 sec so far
Iteration 184529: max relative diff=0.000070, 795.06 sec so far
Iteration 185607: max relative diff=0.000057, 800.06 sec so far
Iteration 186641: max relative diff=0.000047, 805.07 sec so far
Iteration 187705: max relative diff=0.000039, 810.07 sec so far
Iteration 188770: max relative diff=0.000032, 815.08 sec so far
Iteration 189806: max relative diff=0.000026, 820.08 sec so far
Iteration 190885: max relative diff=0.000021, 825.08 sec so far
Iteration 191939: max relative diff=0.000018, 830.09 sec so far
Iteration 192988: max relative diff=0.000014, 835.09 sec so far
Iteration 193844: max relative diff=0.000012, 840.09 sec so far
Iteration 194787: max relative diff=0.000010, 845.10 sec so far
Iteration 195838: max relative diff=0.000008, 850.10 sec so far
Iteration 196885: max relative diff=0.000007, 855.10 sec so far
Iteration 197964: max relative diff=0.000006, 860.11 sec so far
Iteration 199001: max relative diff=0.000005, 865.11 sec so far
Iteration 200064: max relative diff=0.000004, 870.11 sec so far
Iteration 201130: max relative diff=0.000003, 875.12 sec so far
Iteration 202166: max relative diff=0.000003, 880.12 sec so far
Iteration 203244: max relative diff=0.000002, 885.12 sec so far
Iteration 204180: max relative diff=0.000002, 890.12 sec so far
Iteration 205059: max relative diff=0.000002, 895.12 sec so far
Iteration 206065: max relative diff=0.000001, 900.13 sec so far
Iteration 207143: max relative diff=0.000001, 905.13 sec so far
Max relative diff between upper and lower bound on convergence: 9.88131E-324

Number of iterations for the lower bound = 134703

Iterative method: 207313 iterations in 905.96 seconds (average 0.004370, setup 0.17)
Maximum finite value in solution vector at end of interval iteration: 39683.00000000085

Value in the initial state: 39675.00000000085

Time for model checking: 908.391 seconds.

Result: 39675.00000000085 (value in the initial state)

---------------------------------------------------------------------

Note: There were 2 warnings during computation.

