PRISM
=====

Version: 4.4
Date: Tue Feb 16 10:59:08 IRST 2021
Hostname: sadegh-H81M-S2PH
Memory limits: cudd=1g, java(heap)=3.9g
Command line: prism ../../examples/mdps/consensus/coin4.nm ../../examples/mdps/consensus/steps_max.pctl -s -improvedbk -maxiters 236044 -const K=38 -javamaxmem 4500m -epsilon 1e-10

Parsing model file "../../examples/mdps/consensus/coin4.nm"...

Parsing properties file "../../examples/mdps/consensus/steps_max.pctl"...

1 property:
(1) "steps_max": R{"steps"}max=? [ F "finished" ]

Type:        MDP
Modules:     process1 process2 process3 process4 
Variables:   counter pc1 coin1 pc2 coin2 pc3 coin3 pc4 coin4 

---------------------------------------------------------------------

Model checking: "steps_max": R{"steps"}max=? [ F "finished" ]
Model constants: K=38

Warning: Not Switching to explicit engine, We implemented the emthods for sparse engine.

Building model...
Model constants: K=38

Computing reachable states...

Reachability (BFS): 1827 iterations in 0.19 seconds (average 0.000106, setup 0.00)

Time for model construction: 0.426 seconds.

Type:        MDP
States:      391296 (1 initial)
Transitions: 1319392
Choices:     1055872

Transition matrix: 2480 nodes (3 terminal), 1319392 minterms, vars: 21r/21c/4nd

Prob0E: 474 iterations in 0.28 seconds (average 0.000589, setup 0.00)

Prob1A: 1 iterations in 0.00 seconds (average 0.000000, setup 0.00)

goal = 64, inf = 0, maybe = 391232

Computing remaining rewards...

Building sparse matrix (transitions)... [n=391296, nc=1055808, nnz=1319328, k=4] [20.6 MB]
Building sparse matrix (transition rewards)... [n=391296, nc=1055808, nnz=0, k=4] [5.5 MB]
Creating vector for state rewards... [3.0 MB]
Creating vector for inf... [3.0 MB]
Creating vector for lower bounds... [3.0 MB]
Creating vector for upper bounds... [3.0 MB]
Allocating iteration vectors... [4 x 3.0 MB]
TOTAL: [50.0 MB]

Starting iterations (interval iteration)...

 Time for pre-computation: 0.766000 Iteration 751: max relative diff=6.060118, 4.24 sec so far
Iteration 1714: max relative diff=5.925685, 9.24 sec so far
Iteration 2661: max relative diff=5.598400, 14.24 sec so far
Iteration 3598: max relative diff=5.180897, 19.25 sec so far
Iteration 4357: max relative diff=4.828296, 24.25 sec so far
Iteration 5206: max relative diff=4.444267, 29.25 sec so far
Iteration 6152: max relative diff=4.042103, 34.25 sec so far
Iteration 7092: max relative diff=3.673996, 39.25 sec so far
Iteration 8061: max relative diff=3.327626, 44.26 sec so far
Iteration 8995: max relative diff=3.023924, 49.26 sec so far
Iteration 9948: max relative diff=2.742266, 54.27 sec so far
Iteration 10909: max relative diff=2.484662, 59.27 sec so far
Iteration 11820: max relative diff=2.262787, 64.27 sec so far
Iteration 12576: max relative diff=2.093766, 69.28 sec so far
Iteration 13445: max relative diff=1.915010, 74.28 sec so far
Iteration 14404: max relative diff=1.735396, 79.29 sec so far
Iteration 15335: max relative diff=1.577155, 84.29 sec so far
Iteration 16300: max relative diff=1.428346, 89.29 sec so far
Iteration 17247: max relative diff=1.295971, 94.29 sec so far
Iteration 18183: max relative diff=1.177193, 99.29 sec so far
Iteration 19152: max relative diff=1.065683, 104.30 sec so far
Iteration 20088: max relative diff=0.968011, 109.30 sec so far
Iteration 21039: max relative diff=0.877938, 114.30 sec so far
Iteration 22003: max relative diff=0.795183, 119.31 sec so far
Iteration 22911: max relative diff=0.724383, 124.31 sec so far
Iteration 23668: max relative diff=0.670200, 129.32 sec so far
Iteration 24538: max relative diff=0.612915, 134.32 sec so far
Iteration 25498: max relative diff=0.555370, 139.32 sec so far
Iteration 26427: max relative diff=0.504832, 144.32 sec so far
Iteration 27388: max relative diff=0.457387, 149.33 sec so far
Iteration 28337: max relative diff=0.414913, 154.33 sec so far
Iteration 29273: max relative diff=0.376885, 159.33 sec so far
Iteration 30243: max relative diff=0.341150, 164.34 sec so far
Iteration 31104: max relative diff=0.312279, 169.34 sec so far
Iteration 31881: max relative diff=0.288328, 174.34 sec so far
Iteration 32770: max relative diff=0.263169, 179.34 sec so far
Iteration 33740: max relative diff=0.238216, 184.35 sec so far
Iteration 34677: max relative diff=0.216361, 189.35 sec so far
Iteration 35625: max relative diff=0.196289, 194.36 sec so far
Iteration 36587: max relative diff=0.177823, 199.36 sec so far
Iteration 37517: max relative diff=0.161625, 204.36 sec so far
Iteration 38479: max relative diff=0.146420, 209.37 sec so far
Iteration 39428: max relative diff=0.132823, 214.37 sec so far
Iteration 40364: max relative diff=0.120650, 219.37 sec so far
Iteration 41333: max relative diff=0.109221, 224.38 sec so far
Iteration 42193: max relative diff=0.099988, 229.38 sec so far
Iteration 42972: max relative diff=0.092300, 234.38 sec so far
Iteration 43862: max relative diff=0.084238, 239.39 sec so far
Iteration 44832: max relative diff=0.076251, 244.39 sec so far
Iteration 45769: max relative diff=0.069255, 249.39 sec so far
Iteration 46718: max relative diff=0.062824, 254.40 sec so far
Iteration 47681: max relative diff=0.056908, 259.40 sec so far
Iteration 48610: max relative diff=0.051729, 264.40 sec so far
Iteration 49574: max relative diff=0.046853, 269.41 sec so far
Iteration 50526: max relative diff=0.042489, 274.41 sec so far
Iteration 51461: max relative diff=0.038599, 279.41 sec so far
Iteration 52432: max relative diff=0.034935, 284.42 sec so far
Iteration 53369: max relative diff=0.031730, 289.42 sec so far
Iteration 54316: max relative diff=0.028790, 294.42 sec so far
Iteration 55097: max relative diff=0.026571, 299.43 sec so far
Iteration 55926: max relative diff=0.024402, 304.44 sec so far
Iteration 56863: max relative diff=0.022163, 309.44 sec so far
Iteration 57811: max relative diff=0.020107, 314.44 sec so far
Iteration 58774: max relative diff=0.018214, 319.44 sec so far
Iteration 59704: max relative diff=0.016555, 324.44 sec so far
Iteration 60666: max relative diff=0.014997, 329.45 sec so far
Iteration 61618: max relative diff=0.013600, 334.45 sec so far
Iteration 62554: max relative diff=0.012354, 339.46 sec so far
Iteration 63308: max relative diff=0.011433, 344.46 sec so far
Iteration 64163: max relative diff=0.010472, 349.46 sec so far
Iteration 65115: max relative diff=0.009497, 354.47 sec so far
Iteration 66050: max relative diff=0.008627, 359.47 sec so far
Iteration 67020: max relative diff=0.007809, 364.48 sec so far
Iteration 67958: max relative diff=0.007092, 369.48 sec so far
Iteration 68905: max relative diff=0.006435, 374.48 sec so far
Iteration 69868: max relative diff=0.005829, 379.48 sec so far
Iteration 70762: max relative diff=0.005317, 384.49 sec so far
Iteration 71526: max relative diff=0.004916, 389.50 sec so far
Iteration 72400: max relative diff=0.004494, 394.50 sec so far
Iteration 73365: max relative diff=0.004070, 399.50 sec so far
Iteration 74294: max relative diff=0.003700, 404.50 sec so far
Iteration 75251: max relative diff=0.003353, 409.51 sec so far
Iteration 76203: max relative diff=0.003041, 414.51 sec so far
Iteration 77135: max relative diff=0.002763, 419.52 sec so far
Iteration 78102: max relative diff=0.002502, 424.52 sec so far
Iteration 79041: max relative diff=0.002272, 429.53 sec so far
Iteration 79987: max relative diff=0.002062, 434.53 sec so far
Iteration 80759: max relative diff=0.001905, 439.53 sec so far
Iteration 81591: max relative diff=0.001749, 444.54 sec so far
Iteration 82531: max relative diff=0.001588, 449.54 sec so far
Iteration 83474: max relative diff=0.001441, 454.54 sec so far
Iteration 84440: max relative diff=0.001305, 459.54 sec so far
Iteration 85368: max relative diff=0.001186, 464.54 sec so far
Iteration 86326: max relative diff=0.001075, 469.54 sec so far
Iteration 87278: max relative diff=0.000975, 474.55 sec so far
Iteration 88208: max relative diff=0.000886, 479.55 sec so far
Iteration 88959: max relative diff=0.000821, 484.55 sec so far
Iteration 89815: max relative diff=0.000751, 489.56 sec so far
Iteration 90770: max relative diff=0.000681, 494.56 sec so far
Iteration 91698: max relative diff=0.000619, 499.56 sec so far
Iteration 92667: max relative diff=0.000561, 504.57 sec so far
Iteration 93606: max relative diff=0.000509, 509.57 sec so far
Iteration 94547: max relative diff=0.000462, 514.57 sec so far
Iteration 95512: max relative diff=0.000419, 519.57 sec so far
Iteration 96440: max relative diff=0.000381, 524.57 sec so far
Iteration 97397: max relative diff=0.000345, 529.58 sec so far
Iteration 98205: max relative diff=0.000317, 534.58 sec so far
Iteration 99007: max relative diff=0.000292, 539.59 sec so far
Iteration 99933: max relative diff=0.000266, 544.59 sec so far
Iteration 100891: max relative diff=0.000241, 549.59 sec so far
Iteration 101844: max relative diff=0.000218, 554.59 sec so far
Iteration 102772: max relative diff=0.000199, 559.60 sec so far
Iteration 103519: max relative diff=0.000184, 564.60 sec so far
Iteration 104377: max relative diff=0.000168, 569.60 sec so far
Iteration 105329: max relative diff=0.000153, 574.60 sec so far
Iteration 106259: max relative diff=0.000139, 579.61 sec so far
Iteration 107226: max relative diff=0.000126, 584.61 sec so far
Iteration 108167: max relative diff=0.000114, 589.61 sec so far
Iteration 109111: max relative diff=0.000104, 594.62 sec so far
Iteration 110079: max relative diff=0.000094, 599.62 sec so far
Iteration 110960: max relative diff=0.000086, 604.62 sec so far
Iteration 111723: max relative diff=0.000079, 609.62 sec so far
Iteration 112600: max relative diff=0.000072, 614.63 sec so far
Iteration 113566: max relative diff=0.000066, 619.63 sec so far
Iteration 114494: max relative diff=0.000060, 624.64 sec so far
Iteration 115449: max relative diff=0.000054, 629.64 sec so far
Iteration 116403: max relative diff=0.000049, 634.64 sec so far
Iteration 117330: max relative diff=0.000045, 639.64 sec so far
Iteration 118296: max relative diff=0.000040, 644.64 sec so far
Iteration 119138: max relative diff=0.000037, 649.64 sec so far
Iteration 119922: max relative diff=0.000034, 654.65 sec so far
Iteration 120818: max relative diff=0.000031, 659.65 sec so far
Iteration 121784: max relative diff=0.000028, 664.65 sec so far
Iteration 122726: max relative diff=0.000026, 669.65 sec so far
Iteration 123668: max relative diff=0.000023, 674.66 sec so far
Iteration 124634: max relative diff=0.000021, 679.66 sec so far
Iteration 125513: max relative diff=0.000019, 684.66 sec so far
Iteration 126278: max relative diff=0.000018, 689.67 sec so far
Iteration 127155: max relative diff=0.000016, 694.67 sec so far
Iteration 128123: max relative diff=0.000015, 699.67 sec so far
Iteration 129053: max relative diff=0.000013, 704.68 sec so far
Iteration 130007: max relative diff=0.000012, 709.68 sec so far
Iteration 130961: max relative diff=0.000011, 714.68 sec so far
Iteration 131889: max relative diff=0.000010, 719.68 sec so far
Iteration 132636: max relative diff=0.000009, 724.69 sec so far
Iteration 133495: max relative diff=0.000008, 729.70 sec so far
Iteration 134448: max relative diff=0.000008, 734.70 sec so far
Iteration 135373: max relative diff=0.000007, 739.70 sec so far
Iteration 136340: max relative diff=0.000006, 744.70 sec so far
Iteration 137282: max relative diff=0.000006, 749.71 sec so far
Iteration 138223: max relative diff=0.000005, 754.71 sec so far
Iteration 139190: max relative diff=0.000005, 759.71 sec so far
Iteration 140066: max relative diff=0.000004, 764.72 sec so far
Iteration 140832: max relative diff=0.000004, 769.72 sec so far
Iteration 141711: max relative diff=0.000004, 774.73 sec so far
Iteration 142681: max relative diff=0.000003, 779.73 sec so far
Iteration 143610: max relative diff=0.000003, 784.73 sec so far
Iteration 144565: max relative diff=0.000003, 789.73 sec so far
Iteration 145522: max relative diff=0.000002, 794.74 sec so far
Iteration 146446: max relative diff=0.000002, 799.74 sec so far
Iteration 147193: max relative diff=0.000002, 804.74 sec so far
Iteration 148054: max relative diff=0.000002, 809.74 sec so far
Iteration 149010: max relative diff=0.000002, 814.75 sec so far
Iteration 149938: max relative diff=0.000002, 819.75 sec so far
Iteration 150905: max relative diff=0.000001, 824.75 sec so far
Iteration 151848: max relative diff=0.000001, 829.76 sec so far
Iteration 152789: max relative diff=0.000001, 834.76 sec so far
Iteration 153758: max relative diff=0.000001, 839.77 sec so far
Iteration 154632: max relative diff=0.000001, 844.77 sec so far
Iteration 155399: max relative diff=0.000001, 849.77 sec so far
Iteration 156280: max relative diff=0.000001, 854.78 sec so far
Iteration 157247: max relative diff=0.000001, 859.78 sec so far
Iteration 158177: max relative diff=0.000001, 864.78 sec so far
Iteration 159129: max relative diff=0.000001, 869.79 sec so far
Iteration 160086: max relative diff=0.000001, 874.79 sec so far
Iteration 161014: max relative diff=0.000001, 879.79 sec so far
Iteration 161980: max relative diff=0.000000, 884.80 sec so far
Iteration 162815: max relative diff=0.000000, 889.81 sec so far
Iteration 163602: max relative diff=0.000000, 894.81 sec so far
Iteration 164502: max relative diff=0.000000, 899.81 sec so far
Iteration 165469: max relative diff=0.000000, 904.82 sec so far
Iteration 166412: max relative diff=0.000000, 909.82 sec so far
Iteration 167351: max relative diff=0.000000, 914.82 sec so far
Iteration 168317: max relative diff=0.000000, 919.83 sec so far
Iteration 169189: max relative diff=0.000000, 924.83 sec so far
Iteration 169958: max relative diff=0.000000, 929.84 sec so far
Iteration 170838: max relative diff=0.000000, 934.84 sec so far
Iteration 171806: max relative diff=0.000000, 939.85 sec so far
Iteration 172738: max relative diff=0.000000, 944.85 sec so far
Iteration 173690: max relative diff=0.000000, 949.85 sec so far
Iteration 174647: max relative diff=0.000000, 954.85 sec so far
Iteration 175576: max relative diff=0.000000, 959.86 sec so far
Iteration 176542: max relative diff=0.000000, 964.86 sec so far
Iteration 177485: max relative diff=0.000000, 969.86 sec so far
Iteration 178424: max relative diff=0.000000, 974.86 sec so far
Iteration 179186: max relative diff=0.000000, 979.87 sec so far
Iteration 180031: max relative diff=0.000000, 984.87 sec so far
Iteration 180978: max relative diff=0.000000, 989.87 sec so far
Iteration 181918: max relative diff=0.000000, 994.88 sec so far
Iteration 182886: max relative diff=0.000000, 999.88 sec so far
Iteration 183818: max relative diff=0.000000, 1004.88 sec so far
Iteration 184771: max relative diff=0.000000, 1009.89 sec so far
Iteration 185564: max relative diff=0.000000, 1014.89 sec so far
Iteration 186378: max relative diff=0.000000, 1019.89 sec so far
Iteration 187309: max relative diff=0.000000, 1024.90 sec so far
Iteration 188260: max relative diff=0.000000, 1029.90 sec so far
Iteration 189217: max relative diff=0.000000, 1034.91 sec so far
Iteration 190130: max relative diff=0.000000, 1039.91 sec so far
Iteration 190881: max relative diff=0.000000, 1044.92 sec so far
Iteration 191747: max relative diff=0.000000, 1049.92 sec so far
Iteration 192704: max relative diff=0.000000, 1054.93 sec so far
Iteration 193631: max relative diff=0.000000, 1059.93 sec so far
Iteration 194594: max relative diff=0.000000, 1064.93 sec so far
Iteration 195538: max relative diff=0.000000, 1069.94 sec so far
Iteration 196478: max relative diff=0.000000, 1074.94 sec so far
Iteration 197239: max relative diff=0.000000, 1079.95 sec so far
Iteration 198085: max relative diff=0.000000, 1084.95 sec so far
Iteration 199031: max relative diff=0.000000, 1089.95 sec so far
Iteration 199969: max relative diff=0.000000, 1094.95 sec so far
Iteration 200935: max relative diff=0.000000, 1099.96 sec so far
Iteration 201867: max relative diff=0.000000, 1104.96 sec so far
Iteration 202819: max relative diff=0.000000, 1109.96 sec so far
Iteration 203776: max relative diff=0.000000, 1114.97 sec so far
Iteration 204688: max relative diff=0.000000, 1119.97 sec so far
Iteration 205441: max relative diff=0.000000, 1124.97 sec so far
Iteration 206309: max relative diff=0.000000, 1129.97 sec so far
Iteration 207268: max relative diff=0.000000, 1134.97 sec so far
Iteration 208197: max relative diff=0.000000, 1139.98 sec so far
Iteration 209161: max relative diff=0.000000, 1144.98 sec so far
Iteration 209988: max relative diff=0.000000, 1149.99 sec so far
Iteration 210779: max relative diff=0.000000, 1154.99 sec so far
Iteration 211682: max relative diff=0.000000, 1160.00 sec so far
Iteration 212646: max relative diff=0.000000, 1165.00 sec so far
Iteration 213593: max relative diff=0.000000, 1170.01 sec so far
Iteration 214530: max relative diff=0.000000, 1175.01 sec so far
Iteration 215498: max relative diff=0.000000, 1180.01 sec so far
Iteration 216430: max relative diff=0.000000, 1185.02 sec so far
Iteration 217379: max relative diff=0.000000, 1190.02 sec so far
Iteration 218340: max relative diff=0.000000, 1195.02 sec so far
Iteration 219250: max relative diff=0.000000, 1200.02 sec so far
Iteration 220004: max relative diff=0.000000, 1205.03 sec so far
Iteration 220872: max relative diff=0.000000, 1210.03 sec so far
Iteration 221830: max relative diff=0.000000, 1215.03 sec so far
Iteration 222757: max relative diff=0.000000, 1220.03 sec so far
Iteration 223719: max relative diff=0.000000, 1225.04 sec so far
Iteration 224544: max relative diff=0.000000, 1230.04 sec so far
Iteration 225336: max relative diff=0.000000, 1235.05 sec so far
Iteration 226246: max relative diff=0.000000, 1240.05 sec so far
Iteration 227208: max relative diff=0.000000, 1245.06 sec so far
Iteration 228154: max relative diff=0.000000, 1250.06 sec so far
Iteration 229091: max relative diff=0.000000, 1255.06 sec so far
Iteration 230058: max relative diff=0.000000, 1260.07 sec so far
Iteration 230996: max relative diff=0.000000, 1265.07 sec so far
Iteration 231945: max relative diff=0.000000, 1270.08 sec so far
Iteration 232905: max relative diff=0.000000, 1275.08 sec so far
Iteration 233810: max relative diff=0.000000, 1280.08 sec so far
Iteration 234565: max relative diff=0.000000, 1285.09 sec so far
Iteration 235433: max relative diff=0.000000, 1290.09 sec so far

First round (updates from below) finished after 236043 iters.
Iterative method: 236043 iterations in 1293.31 seconds (average 0.005479, setup 0.23)

Value in the initial state: 72074.99999779285

Time for model checking: 1296.195 seconds.

Result: 72074.99999779285 (value in the initial state)

---------------------------------------------------------------------

Note: There was 1 warning during computation.

