PRISM
=====

Version: 4.4
Date: Tue Feb 16 08:43:47 IRST 2021
Hostname: sadegh-H81M-S2PH
Memory limits: cudd=1g, java(heap)=910.5m
Command line: prism ../../examples/mdps/consensus/coin4.nm ../../examples/mdps/consensus/steps_max.pctl -s '-ii:upper=1.2e+12' -const K=36 -maxiters 9000300 -improvedmpi

Parsing model file "../../examples/mdps/consensus/coin4.nm"...

Parsing properties file "../../examples/mdps/consensus/steps_max.pctl"...

1 property:
(1) "steps_max": R{"steps"}max=? [ F "finished" ]

Type:        MDP
Modules:     process1 process2 process3 process4 
Variables:   counter pc1 coin1 pc2 coin2 pc3 coin3 pc4 coin4 

---------------------------------------------------------------------

Model checking: "steps_max": R{"steps"}max=? [ F "finished" ]
Model constants: K=36

Warning: Not Switching to explicit engine, We implemented the emthods for sparse engine.

Building model...
Model constants: K=36

Computing reachable states...

Reachability (BFS): 1731 iterations in 0.21 seconds (average 0.000124, setup 0.00)

Time for model construction: 0.424 seconds.

Type:        MDP
States:      370816 (1 initial)
Transitions: 1250272
Choices:     1000576

Transition matrix: 2480 nodes (3 terminal), 1250272 minterms, vars: 21r/21c/4nd

Prob0E: 450 iterations in 0.28 seconds (average 0.000631, setup 0.00)

Prob1A: 1 iterations in 0.00 seconds (average 0.001000, setup 0.00)

goal = 64, inf = 0, maybe = 370752

Warning: Upper bound for interval iteration manually set to 1.2E12

Computing remaining rewards...
 9
Building sparse matrix (transitions)... [n=370816, nc=1000512, nnz=1250208, k=4] [19.5 MB]
Building sparse matrix (transition rewards)... [n=370816, nc=1000512, nnz=0, k=4] [5.2 MB]
Creating vector for state rewards... [2.8 MB]
Creating vector for inf... [2.8 MB]
Creating vector for lower bounds... [2.8 MB]
Creating vector for upper bounds... [2.8 MB]
Allocating iteration vectors... [4 x 2.8 MB]
Allocating adversary vector... [1.4 MB]
TOTAL: [48.8 MB]

Starting iterations (interval iteration)...

 Time for pre-computation: 0.686000 Iteration 1456: max relative diff=5.956262, 4.38 sec so far
Iteration 3094: max relative diff=5.266367, 9.41 sec so far
Iteration 4784: max relative diff=4.406336, 14.46 sec so far
Iteration 6448: max relative diff=3.655150, 19.49 sec so far
Iteration 8112: max relative diff=3.024703, 24.57 sec so far
Iteration 9802: max relative diff=2.494263, 29.59 sec so far
Iteration 11440: max relative diff=2.068851, 34.59 sec so far
Iteration 13104: max relative diff=1.710868, 39.62 sec so far
Iteration 14794: max relative diff=1.410626, 44.66 sec so far
Iteration 16432: max relative diff=1.169999, 49.69 sec so far
Iteration 18122: max relative diff=0.964673, 54.76 sec so far
Iteration 19786: max relative diff=0.797746, 59.77 sec so far
Iteration 21502: max relative diff=0.655798, 64.80 sec so far
Iteration 23192: max relative diff=0.540711, 69.81 sec so far
Iteration 24856: max relative diff=0.447146, 74.88 sec so far
Iteration 26520: max relative diff=0.369771, 79.92 sec so far
Iteration 28210: max relative diff=0.304879, 84.95 sec so far
Iteration 29848: max relative diff=0.252872, 89.96 sec so far
Iteration 31538: max relative diff=0.208495, 95.04 sec so far
Iteration 33228: max relative diff=0.171906, 100.11 sec so far
Iteration 34866: max relative diff=0.142582, 105.14 sec so far
Iteration 36582: max relative diff=0.117211, 110.18 sec so far
Iteration 38298: max relative diff=0.096355, 115.22 sec so far
Iteration 39962: max relative diff=0.079682, 120.28 sec so far
Iteration 41652: max relative diff=0.065698, 125.30 sec so far
Iteration 43290: max relative diff=0.054491, 130.32 sec so far
Iteration 44954: max relative diff=0.045062, 135.33 sec so far
Iteration 46644: max relative diff=0.037154, 140.39 sec so far
Iteration 48282: max relative diff=0.030816, 145.43 sec so far
Iteration 49972: max relative diff=0.025408, 150.46 sec so far
Iteration 51636: max relative diff=0.021012, 155.51 sec so far
Iteration 53300: max relative diff=0.017376, 160.58 sec so far
Iteration 54990: max relative diff=0.014326, 165.61 sec so far
Iteration 56654: max relative diff=0.011847, 170.65 sec so far
Iteration 58344: max relative diff=0.009768, 175.72 sec so far
Iteration 60034: max relative diff=0.008054, 180.72 sec so far
Iteration 61698: max relative diff=0.006660, 185.79 sec so far
Iteration 63388: max relative diff=0.005491, 190.81 sec so far
Iteration 65078: max relative diff=0.004528, 195.87 sec so far
Iteration 66794: max relative diff=0.003722, 200.87 sec so far
Iteration 68510: max relative diff=0.003060, 205.92 sec so far
Iteration 70174: max relative diff=0.002530, 210.95 sec so far
Iteration 71838: max relative diff=0.002092, 215.96 sec so far
Iteration 73528: max relative diff=0.001725, 220.96 sec so far
Iteration 75192: max relative diff=0.001427, 226.03 sec so far
Iteration 76882: max relative diff=0.001176, 231.06 sec so far
Iteration 78572: max relative diff=0.000970, 236.12 sec so far
Iteration 80236: max relative diff=0.000802, 241.18 sec so far
Iteration 81952: max relative diff=0.000659, 246.25 sec so far
Iteration 83616: max relative diff=0.000545, 251.27 sec so far
Iteration 85280: max relative diff=0.000451, 256.29 sec so far
Iteration 86996: max relative diff=0.000371, 261.35 sec so far
Iteration 88660: max relative diff=0.000307, 266.42 sec so far
Iteration 90350: max relative diff=0.000253, 271.46 sec so far
Iteration 92040: max relative diff=0.000208, 276.50 sec so far
Iteration 93704: max relative diff=0.000172, 281.56 sec so far
Iteration 95420: max relative diff=0.000142, 286.56 sec so far
Iteration 97136: max relative diff=0.000116, 291.57 sec so far
Iteration 98800: max relative diff=0.000096, 296.59 sec so far
Iteration 100516: max relative diff=0.000079, 301.65 sec so far
Iteration 102180: max relative diff=0.000065, 306.70 sec so far
Iteration 103870: max relative diff=0.000054, 311.77 sec so far
Iteration 105560: max relative diff=0.000045, 316.78 sec so far
Iteration 107224: max relative diff=0.000037, 321.85 sec so far
Iteration 108914: max relative diff=0.000030, 326.86 sec so far
Iteration 110604: max relative diff=0.000025, 331.92 sec so far
Iteration 112268: max relative diff=0.000021, 336.98 sec so far
Iteration 113984: max relative diff=0.000017, 342.05 sec so far
Iteration 115648: max relative diff=0.000014, 347.09 sec so far
Iteration 117312: max relative diff=0.000012, 352.09 sec so far
Iteration 119028: max relative diff=0.000010, 357.16 sec so far
Iteration 120744: max relative diff=0.000008, 362.17 sec so far
Iteration 122434: max relative diff=0.000006, 367.20 sec so far
Iteration 124124: max relative diff=0.000005, 372.24 sec so far
Iteration 125788: max relative diff=0.000004, 377.31 sec so far
Iteration 127504: max relative diff=0.000004, 382.37 sec so far
Iteration 129168: max relative diff=0.000003, 387.39 sec so far
Iteration 130832: max relative diff=0.000002, 392.42 sec so far
Iteration 132548: max relative diff=0.000002, 397.49 sec so far
Iteration 134212: max relative diff=0.000002, 402.56 sec so far
Iteration 135902: max relative diff=0.000001, 407.61 sec so far
Iteration 137592: max relative diff=0.000001, 412.63 sec so far

First round (updates from below) finished after 138778 iters.
Correctness of the approximated above vector satisfied after 1 iterations.
Iteration 139029: max relative diff=0.610699, 417.63 sec so far
Iteration 139979: max relative diff=0.600532, 422.64 sec so far
Iteration 140908: max relative diff=0.571474, 427.64 sec so far
Iteration 141830: max relative diff=0.527481, 432.64 sec so far
Iteration 142575: max relative diff=0.489041, 437.65 sec so far
Iteration 143405: max relative diff=0.447103, 442.65 sec so far
Iteration 144336: max relative diff=0.403054, 447.65 sec so far
Iteration 145258: max relative diff=0.363180, 452.66 sec so far
Iteration 146207: max relative diff=0.326045, 457.66 sec so far
Iteration 147060: max relative diff=0.295846, 462.67 sec so far
Iteration 147816: max relative diff=0.271404, 467.67 sec so far
Iteration 148682: max relative diff=0.245865, 472.68 sec so far
Iteration 149636: max relative diff=0.220499, 477.68 sec so far
Iteration 150551: max relative diff=0.198629, 482.68 sec so far
Iteration 151486: max relative diff=0.178519, 487.69 sec so far
Iteration 152428: max relative diff=0.160317, 492.69 sec so far
Iteration 153340: max relative diff=0.144465, 497.70 sec so far
Iteration 154286: max relative diff=0.129675, 502.70 sec so far
Iteration 155216: max relative diff=0.116613, 507.70 sec so far
Iteration 156137: max relative diff=0.104974, 512.70 sec so far
Iteration 156878: max relative diff=0.096459, 517.71 sec so far
Iteration 157709: max relative diff=0.087728, 522.72 sec so far
Iteration 158639: max relative diff=0.078891, 527.72 sec so far
Iteration 159560: max relative diff=0.071017, 532.73 sec so far
Iteration 160514: max relative diff=0.063689, 537.73 sec so far
Iteration 161363: max relative diff=0.057805, 542.73 sec so far
Iteration 162120: max relative diff=0.053019, 547.73 sec so far
Iteration 162989: max relative diff=0.048012, 552.74 sec so far
Iteration 163941: max relative diff=0.043067, 557.74 sec so far
Iteration 164856: max relative diff=0.038795, 562.74 sec so far
Iteration 165790: max relative diff=0.034871, 567.75 sec so far
Iteration 166734: max relative diff=0.031309, 572.75 sec so far
Iteration 167625: max relative diff=0.028280, 577.76 sec so far
Iteration 168363: max relative diff=0.025995, 582.76 sec so far
Iteration 169213: max relative diff=0.023591, 587.76 sec so far
Iteration 170158: max relative diff=0.021179, 592.77 sec so far
Iteration 171123: max relative diff=0.018969, 597.77 sec so far
Iteration 172069: max relative diff=0.017027, 602.78 sec so far
Iteration 172878: max relative diff=0.015525, 607.78 sec so far
Iteration 173655: max relative diff=0.014207, 612.78 sec so far
Iteration 174547: max relative diff=0.012832, 617.78 sec so far
Iteration 175495: max relative diff=0.011515, 622.79 sec so far
Iteration 176428: max relative diff=0.010352, 627.79 sec so far
Iteration 177347: max relative diff=0.009321, 632.79 sec so far
Iteration 178087: max relative diff=0.008566, 637.80 sec so far
Iteration 178920: max relative diff=0.007789, 642.80 sec so far
Iteration 179850: max relative diff=0.007004, 647.80 sec so far
Iteration 180771: max relative diff=0.006305, 652.80 sec so far
Iteration 181724: max relative diff=0.005655, 657.81 sec so far
Iteration 182643: max relative diff=0.005092, 662.81 sec so far
Iteration 183575: max relative diff=0.004578, 667.82 sec so far
Iteration 184520: max relative diff=0.004110, 672.82 sec so far
Iteration 185431: max relative diff=0.003704, 677.82 sec so far
Iteration 186376: max relative diff=0.003325, 682.83 sec so far
Iteration 187185: max relative diff=0.003032, 687.83 sec so far
Iteration 187961: max relative diff=0.002775, 692.83 sec so far
Iteration 188855: max relative diff=0.002505, 697.84 sec so far
Iteration 189800: max relative diff=0.002249, 702.84 sec so far
Iteration 190733: max relative diff=0.002022, 707.85 sec so far
Iteration 191653: max relative diff=0.001820, 712.85 sec so far
Iteration 192392: max relative diff=0.001673, 717.85 sec so far
Iteration 193227: max relative diff=0.001521, 722.85 sec so far
Iteration 194159: max relative diff=0.001367, 727.86 sec so far
Iteration 195078: max relative diff=0.001231, 732.86 sec so far
Iteration 196029: max relative diff=0.001104, 737.87 sec so far
Iteration 196947: max relative diff=0.000995, 742.87 sec so far
Iteration 197879: max relative diff=0.000894, 747.87 sec so far
Iteration 198645: max relative diff=0.000819, 752.88 sec so far
Iteration 199452: max relative diff=0.000747, 757.88 sec so far
Iteration 200372: max relative diff=0.000673, 762.88 sec so far
Iteration 201306: max relative diff=0.000605, 767.89 sec so far
Iteration 202252: max relative diff=0.000543, 772.89 sec so far
Iteration 203163: max relative diff=0.000489, 777.89 sec so far
Iteration 204107: max relative diff=0.000439, 782.90 sec so far
Iteration 205039: max relative diff=0.000395, 787.90 sec so far
Iteration 205957: max relative diff=0.000356, 792.90 sec so far
Iteration 206695: max relative diff=0.000327, 797.91 sec so far
Iteration 207530: max relative diff=0.000297, 802.91 sec so far
Iteration 208463: max relative diff=0.000267, 807.91 sec so far
Iteration 209380: max relative diff=0.000241, 812.91 sec so far
Iteration 210332: max relative diff=0.000216, 817.92 sec so far
Iteration 211250: max relative diff=0.000194, 822.92 sec so far
Iteration 212182: max relative diff=0.000175, 827.92 sec so far
Iteration 212949: max relative diff=0.000160, 832.92 sec so far
Iteration 213758: max relative diff=0.000146, 837.92 sec so far
Iteration 214677: max relative diff=0.000131, 842.93 sec so far
Iteration 215608: max relative diff=0.000118, 847.93 sec so far
Iteration 216556: max relative diff=0.000106, 852.93 sec so far
Iteration 217468: max relative diff=0.000096, 857.93 sec so far
Iteration 218412: max relative diff=0.000086, 862.94 sec so far
Iteration 219347: max relative diff=0.000077, 867.94 sec so far
Iteration 220262: max relative diff=0.000069, 872.95 sec so far
Iteration 221000: max relative diff=0.000064, 877.95 sec so far
Iteration 221837: max relative diff=0.000058, 882.95 sec so far
Iteration 222770: max relative diff=0.000052, 887.95 sec so far
Iteration 223691: max relative diff=0.000047, 892.96 sec so far
Iteration 224643: max relative diff=0.000042, 897.96 sec so far
Iteration 225565: max relative diff=0.000038, 902.96 sec so far
Iteration 226497: max relative diff=0.000034, 907.97 sec so far
Iteration 227444: max relative diff=0.000031, 912.97 sec so far
Iteration 228357: max relative diff=0.000028, 917.97 sec so far
Iteration 229303: max relative diff=0.000025, 922.98 sec so far
Iteration 230102: max relative diff=0.000023, 927.98 sec so far
Iteration 230882: max relative diff=0.000021, 932.99 sec so far
Iteration 231786: max relative diff=0.000019, 937.99 sec so far
Iteration 232728: max relative diff=0.000017, 943.00 sec so far
Iteration 233662: max relative diff=0.000015, 948.00 sec so far
Iteration 234579: max relative diff=0.000014, 953.00 sec so far
Iteration 235533: max relative diff=0.000012, 958.00 sec so far
Iteration 236455: max relative diff=0.000011, 963.01 sec so far
Iteration 237383: max relative diff=0.000010, 968.01 sec so far
Iteration 238332: max relative diff=0.000009, 973.01 sec so far
Iteration 239206: max relative diff=0.000008, 978.02 sec so far
Iteration 239951: max relative diff=0.000007, 983.02 sec so far
Iteration 240809: max relative diff=0.000007, 988.02 sec so far
Iteration 241755: max relative diff=0.000006, 993.03 sec so far
Iteration 242629: max relative diff=0.000005, 998.03 sec so far
Iteration 243374: max relative diff=0.000005, 1003.04 sec so far
Iteration 244232: max relative diff=0.000004, 1008.04 sec so far
Iteration 245180: max relative diff=0.000004, 1013.04 sec so far
Iteration 246092: max relative diff=0.000004, 1018.05 sec so far
Iteration 247033: max relative diff=0.000003, 1023.05 sec so far
Iteration 247968: max relative diff=0.000003, 1028.05 sec so far
Iteration 248884: max relative diff=0.000003, 1033.05 sec so far
Iteration 249838: max relative diff=0.000002, 1038.06 sec so far
Iteration 250762: max relative diff=0.000002, 1043.06 sec so far
Iteration 251690: max relative diff=0.000002, 1048.07 sec so far
Iteration 252638: max relative diff=0.000002, 1053.07 sec so far
Iteration 253550: max relative diff=0.000002, 1058.07 sec so far
Iteration 254493: max relative diff=0.000001, 1063.08 sec so far
Iteration 255431: max relative diff=0.000001, 1068.08 sec so far
Iteration 256348: max relative diff=0.000001, 1073.08 sec so far
Iteration 257301: max relative diff=0.000001, 1078.09 sec so far

Second round (updates from above) finished after 257406 iters.
Update from both sides... 
Iteration 258106: max relative diff=0.016169, 1083.09 sec so far
Iteration 258899: max relative diff=0.014770, 1088.09 sec so far
Iteration 259710: max relative diff=0.013463, 1093.10 sec so far
Iteration 260490: max relative diff=0.012316, 1098.10 sec so far
Iteration 261295: max relative diff=0.011235, 1103.11 sec so far
Iteration 262095: max relative diff=0.010254, 1108.11 sec so far
Iteration 262877: max relative diff=0.009378, 1113.11 sec so far
Iteration 263690: max relative diff=0.008547, 1118.11 sec so far
Iteration 264479: max relative diff=0.007811, 1123.11 sec so far
Iteration 265273: max relative diff=0.007134, 1128.12 sec so far
Iteration 266086: max relative diff=0.006501, 1133.12 sec so far
Iteration 266866: max relative diff=0.005947, 1138.12 sec so far
Iteration 267670: max relative diff=0.005426, 1143.12 sec so far
Iteration 268469: max relative diff=0.004953, 1148.13 sec so far
Iteration 269251: max relative diff=0.004530, 1153.13 sec so far
Iteration 270065: max relative diff=0.004128, 1158.13 sec so far
Iteration 270854: max relative diff=0.003772, 1163.13 sec so far
Iteration 271648: max relative diff=0.003445, 1168.14 sec so far
Iteration 272459: max relative diff=0.003140, 1173.14 sec so far
Iteration 273239: max relative diff=0.002873, 1178.15 sec so far
Iteration 274043: max relative diff=0.002621, 1183.15 sec so far
Iteration 274844: max relative diff=0.002392, 1188.15 sec so far
Iteration 275627: max relative diff=0.002187, 1193.15 sec so far
Iteration 276440: max relative diff=0.001993, 1198.16 sec so far
Iteration 277229: max relative diff=0.001822, 1203.16 sec so far
Iteration 278022: max relative diff=0.001664, 1208.17 sec so far
Iteration 278833: max relative diff=0.001517, 1213.17 sec so far
Iteration 279613: max relative diff=0.001388, 1218.17 sec so far
Iteration 280416: max relative diff=0.001266, 1223.18 sec so far
Iteration 281218: max relative diff=0.001155, 1228.18 sec so far
Iteration 281998: max relative diff=0.001057, 1233.19 sec so far
Iteration 282812: max relative diff=0.000963, 1238.19 sec so far
Iteration 283602: max relative diff=0.000880, 1243.20 sec so far
Iteration 284396: max relative diff=0.000804, 1248.20 sec so far
Iteration 285210: max relative diff=0.000732, 1253.21 sec so far
Iteration 285989: max relative diff=0.000670, 1258.21 sec so far
Iteration 286791: max relative diff=0.000611, 1263.21 sec so far
Iteration 287594: max relative diff=0.000558, 1268.21 sec so far
Iteration 288374: max relative diff=0.000510, 1273.22 sec so far
Iteration 289187: max relative diff=0.000465, 1278.22 sec so far
Iteration 289978: max relative diff=0.000425, 1283.22 sec so far
Iteration 290770: max relative diff=0.000388, 1288.23 sec so far
Iteration 291582: max relative diff=0.000354, 1293.23 sec so far
Iteration 292363: max relative diff=0.000324, 1298.23 sec so far
Iteration 293165: max relative diff=0.000295, 1303.23 sec so far
Iteration 293967: max relative diff=0.000269, 1308.24 sec so far
Iteration 294749: max relative diff=0.000246, 1313.24 sec so far
Iteration 295562: max relative diff=0.000225, 1318.25 sec so far
Iteration 296355: max relative diff=0.000205, 1323.25 sec so far
Iteration 297145: max relative diff=0.000187, 1328.25 sec so far
Iteration 297959: max relative diff=0.000171, 1333.26 sec so far
Iteration 298740: max relative diff=0.000156, 1338.26 sec so far
Iteration 299542: max relative diff=0.000143, 1343.26 sec so far
Iteration 300345: max relative diff=0.000130, 1348.27 sec so far
Iteration 301124: max relative diff=0.000119, 1353.27 sec so far
Iteration 301937: max relative diff=0.000108, 1358.27 sec so far
Iteration 302731: max relative diff=0.000099, 1363.28 sec so far
Iteration 303522: max relative diff=0.000091, 1368.28 sec so far
Iteration 304336: max relative diff=0.000082, 1373.28 sec so far
Iteration 305117: max relative diff=0.000075, 1378.29 sec so far
Iteration 305919: max relative diff=0.000069, 1383.29 sec so far
Iteration 306724: max relative diff=0.000063, 1388.30 sec so far
Iteration 307504: max relative diff=0.000057, 1393.30 sec so far
Iteration 308317: max relative diff=0.000052, 1398.30 sec so far
Iteration 309019: max relative diff=0.000048, 1403.31 sec so far
Iteration 309680: max relative diff=0.000045, 1408.31 sec so far
Iteration 310436: max relative diff=0.000041, 1413.32 sec so far
Iteration 311248: max relative diff=0.000037, 1418.32 sec so far
Iteration 312042: max relative diff=0.000034, 1423.33 sec so far
Iteration 312834: max relative diff=0.000031, 1428.33 sec so far
Iteration 313647: max relative diff=0.000028, 1433.33 sec so far
Iteration 314431: max relative diff=0.000026, 1438.34 sec so far
Iteration 315231: max relative diff=0.000024, 1443.34 sec so far
Iteration 316037: max relative diff=0.000022, 1448.35 sec so far
Iteration 316817: max relative diff=0.000020, 1453.35 sec so far
Iteration 317629: max relative diff=0.000018, 1458.35 sec so far
Iteration 318422: max relative diff=0.000017, 1463.35 sec so far
Iteration 319210: max relative diff=0.000015, 1468.36 sec so far
Iteration 320021: max relative diff=0.000014, 1473.36 sec so far
Iteration 320804: max relative diff=0.000013, 1478.36 sec so far
Iteration 321605: max relative diff=0.000011, 1483.36 sec so far
Iteration 322410: max relative diff=0.000010, 1488.37 sec so far
Iteration 323190: max relative diff=0.000010, 1493.37 sec so far
Iteration 324003: max relative diff=0.000009, 1498.37 sec so far
Iteration 324797: max relative diff=0.000008, 1503.38 sec so far
Iteration 325588: max relative diff=0.000007, 1508.38 sec so far
Iteration 326401: max relative diff=0.000007, 1513.38 sec so far
Iteration 327186: max relative diff=0.000006, 1518.38 sec so far
Iteration 327986: max relative diff=0.000006, 1523.39 sec so far
Iteration 328791: max relative diff=0.000005, 1528.39 sec so far
Iteration 329570: max relative diff=0.000005, 1533.40 sec so far
Iteration 330381: max relative diff=0.000004, 1538.40 sec so far
Iteration 331175: max relative diff=0.000004, 1543.41 sec so far
Iteration 331963: max relative diff=0.000004, 1548.41 sec so far
Iteration 332776: max relative diff=0.000003, 1553.41 sec so far
Iteration 333560: max relative diff=0.000003, 1558.41 sec so far
Iteration 334359: max relative diff=0.000003, 1563.42 sec so far
Iteration 335164: max relative diff=0.000002, 1568.42 sec so far
Iteration 335942: max relative diff=0.000002, 1573.42 sec so far
Iteration 336751: max relative diff=0.000002, 1578.43 sec so far
Iteration 337545: max relative diff=0.000002, 1583.43 sec so far
Iteration 338332: max relative diff=0.000002, 1588.43 sec so far
Iteration 339144: max relative diff=0.000002, 1593.44 sec so far
Iteration 339928: max relative diff=0.000001, 1598.44 sec so far
Iteration 340728: max relative diff=0.000001, 1603.45 sec so far
Iteration 341536: max relative diff=0.000001, 1608.45 sec so far
Iteration 342316: max relative diff=0.000001, 1613.46 sec so far
Max relative diff between upper and lower bound on convergence: 9.88131E-324
Iterative method: 343085 iterations in 1618.19 seconds (average 0.004717, setup 0.22)
Maximum finite value in solution vector at end of interval iteration: 64835.00000000042

Value in the initial state: 64827.00000000042

Time for model checking: 1620.898 seconds.

Result: 64827.00000000042 (value in the initial state)

---------------------------------------------------------------------

Note: There were 2 warnings during computation.

