PRISM
=====

Version: 4.4
Date: Fri Feb 19 21:01:27 IRST 2021
Hostname: sadegh-H81M-S2PH
Memory limits: cudd=1g, java(heap)=910.5m
Command line: prism ../../examples/mdps/wlan/wlan3.nm ../../examples/mdps/wlan/cost_max.pctl -s '-ii:upper=99988038' -asynchii -maxiters 900500 -const COL=5 -const TRANS_TIME_MAX=900

Parsing model file "../../examples/mdps/wlan/wlan3.nm"...

Parsing properties file "../../examples/mdps/wlan/cost_max.pctl"...

1 property:
(1) "cost_max": R{"cost"}max=? [ F s1=12&s2=12 ]

Type:        MDP
Modules:     medium station1 station2 
Variables:   col c1 c2 x1 s1 slot1 backoff1 bc1 x2 s2 slot2 backoff2 bc2 

---------------------------------------------------------------------

Model checking: "cost_max": R{"cost"}max=? [ F s1=12&s2=12 ]
Model constants: COL=5,TRANS_TIME_MAX=900

Warning: Not Switching to explicit engine, We implemented the emthods for sparse engine.

Building model...
Model constants: COL=5,TRANS_TIME_MAX=900

Computing reachable states...

Reachability (BFS): 1042 iterations in 24.82 seconds (average 0.023820, setup 0.00)

Time for model construction: 29.338 seconds.

Type:        MDP
States:      908913 (1 initial)
Transitions: 1856996
Choices:     1687016

Transition matrix: 384237 nodes (6 terminal), 1856996 minterms, vars: 53r/53c/7nd

Prob0E: 3140 iterations in 89.14 seconds (average 0.028390, setup 0.00)

Prob1A: 1 iterations in 0.05 seconds (average 0.051000, setup 0.00)

goal = 6, inf = 0, maybe = 908907

Warning: Upper bound for interval iteration manually set to 9.9988038E7

Computing remaining rewards...
 8
Building sparse matrix (transitions)... [n=908913, nc=1687010, nnz=1856990, k=3] [31.2 MB]
Building sparse matrix (transition rewards)... [n=908913, nc=1687010, nnz=757434, k=3] [18.6 MB]
Creating vector for state rewards... [6.9 MB]
Creating vector for inf... [6.9 MB]
Creating vector for lower bounds... [6.9 MB]
Creating vector for upper bounds... [6.9 MB]
Allocating iteration vectors... [4 x 6.9 MB]
TOTAL: [105.2 MB]

Starting iterations (interval iteration)...

 Time for pre-computation	: 0.031000 
		 >> 908907 after 0 iters << 
Iteration 413: max relative diff=1.000000, 4.97 sec so far
Iteration 832: max relative diff=1.000000, 9.98 sec so far
Iteration 1252: max relative diff=1.000000, 14.99 sec so far
Iteration 1672: max relative diff=1.000000, 20.00 sec so far
Iteration 2093: max relative diff=1.000000, 25.01 sec so far
Iteration 2513: max relative diff=1.000000, 30.02 sec so far
Iteration 2933: max relative diff=1.000000, 35.02 sec so far
Iteration 3353: max relative diff=1.000000, 40.03 sec so far
Iteration 3774: max relative diff=1.000000, 45.04 sec so far
Iteration 4194: max relative diff=1.000000, 50.04 sec so far
Iteration 4592: max relative diff=99988038.000000, 55.04 sec so far
Iteration 4938: max relative diff=99988038.000000, 60.05 sec so far
Iteration 5283: max relative diff=99988038.000000, 65.05 sec so far
Iteration 5628: max relative diff=99988038.000000, 70.06 sec so far
Iteration 5973: max relative diff=99988038.000000, 75.07 sec so far
Iteration 6318: max relative diff=99976143.922293, 80.09 sec so far
Iteration 6663: max relative diff=99976146.276176, 85.09 sec so far
Iteration 7008: max relative diff=99976148.630060, 90.10 sec so far
Iteration 7353: max relative diff=18347253.057960, 95.10 sec so far
Iteration 7698: max relative diff=18347404.964292, 100.12 sec so far
Iteration 8043: max relative diff=18347556.870623, 105.13 sec so far
Iteration 8388: max relative diff=1702777.424883, 110.14 sec so far
Iteration 8733: max relative diff=1702929.331214, 115.16 sec so far
Iteration 9078: max relative diff=79482.997989, 120.16 sec so far
Iteration 9423: max relative diff=79634.904321, 125.17 sec so far
Iteration 9768: max relative diff=79786.810652, 130.19 sec so far
Iteration 10113: max relative diff=2289.502974, 135.20 sec so far
Iteration 10458: max relative diff=2293.054007, 140.20 sec so far
Iteration 10803: max relative diff=2296.599296, 145.21 sec so far
Iteration 11140: max relative diff=447.303879, 150.23 sec so far
Iteration 11485: max relative diff=447.386890, 155.24 sec so far
Iteration 11780: max relative diff=377.463715, 160.26 sec so far
Iteration 11970: max relative diff=293.806224, 165.28 sec so far
Iteration 12160: max relative diff=210.148734, 170.30 sec so far
Iteration 12350: max relative diff=126.491243, 175.31 sec so far
Iteration 12540: max relative diff=42.833752, 180.33 sec so far
Iteration 12730: max relative diff=8.335987, 185.35 sec so far
Iteration 12919: max relative diff=6.390663, 190.35 sec so far
Iteration 13109: max relative diff=4.435047, 195.37 sec so far
Iteration 13299: max relative diff=2.479430, 200.39 sec so far
Iteration 13489: max relative diff=0.523814, 205.41 sec so far
Iteration 13679: max relative diff=0.183704, 210.43 sec so far
Iteration 13868: max relative diff=0.138229, 215.43 sec so far
Iteration 14057: max relative diff=0.092754, 220.44 sec so far
Iteration 14247: max relative diff=0.047039, 225.46 sec so far
Iteration 14437: max relative diff=0.005107, 230.49 sec so far
Iteration 14626: max relative diff=0.004045, 235.49 sec so far
Iteration 14816: max relative diff=0.002976, 240.52 sec so far
Iteration 15006: max relative diff=0.001907, 245.54 sec so far
Iteration 15196: max relative diff=0.000839, 250.55 sec so far
Iteration 15386: max relative diff=0.000113, 255.56 sec so far
Iteration 15576: max relative diff=0.000088, 260.57 sec so far
Iteration 15766: max relative diff=0.000063, 265.59 sec so far
Iteration 15956: max relative diff=0.000038, 270.60 sec so far
Iteration 16146: max relative diff=0.000013, 275.61 sec so far
Iteration 16336: max relative diff=0.000002, 280.61 sec so far
Iteration 16527: max relative diff=0.000002, 285.64 sec so far
Iteration 16717: max relative diff=0.000001, 290.64 sec so far
Max relative diff between upper and lower bound on convergence: 9.94653E-07
LowItr:9616 , UpItr:12327 

Iterative method: 16825 iterations in 293.49 seconds (average 0.017444, setup 2.13)
Maximum finite value in solution vector at end of interval iteration: 9.96552544892677E7

Value in the initial state: 1.993542426170101E7

Time for model checking: 385.235 seconds.

Result: 1.993542426170101E7 (value in the initial state)

---------------------------------------------------------------------

Note: There were 2 warnings during computation.

