PRISM
=====

Version: 4.4
Date: Fri Feb 19 17:44:51 IRST 2021
Hostname: sadegh-H81M-S2PH
Memory limits: cudd=1g, java(heap)=910.5m
Command line: prism ../../examples/mdps/wlan/wlan3.nm ../../examples/mdps/wlan/time_max.pctl -s -improvedbk -maxiters 4523 -epsilon 1e-10 -const COL=5 -const TRANS_TIME_MAX=500

Parsing model file "../../examples/mdps/wlan/wlan3.nm"...

Parsing properties file "../../examples/mdps/wlan/time_max.pctl"...

1 property:
(1) "time_max": R{"time"}max=? [ F s1=12&s2=12 ]

Type:        MDP
Modules:     medium station1 station2 
Variables:   col c1 c2 x1 s1 slot1 backoff1 bc1 x2 s2 slot2 backoff2 bc2 

---------------------------------------------------------------------

Model checking: "time_max": R{"time"}max=? [ F s1=12&s2=12 ]
Model constants: COL=5,TRANS_TIME_MAX=500

Warning: Not Switching to explicit engine, We implemented the emthods for sparse engine.

Building model...
Model constants: COL=5,TRANS_TIME_MAX=500

Computing reachable states...

Reachability (BFS): 642 iterations in 9.80 seconds (average 0.015269, setup 0.00)

Time for model construction: 11.382 seconds.

Type:        MDP
States:      590913 (1 initial)
Transitions: 1214996
Choices:     1045016

Transition matrix: 221175 nodes (6 terminal), 1214996 minterms, vars: 51r/51c/7nd

Prob0E: 1940 iterations in 39.02 seconds (average 0.020113, setup 0.00)

Prob1A: 1 iterations in 0.03 seconds (average 0.029000, setup 0.00)

goal = 6, inf = 0, maybe = 590907

Computing remaining rewards...

Building sparse matrix (transitions)... [n=590913, nc=1045010, nnz=1214990, k=3] [20.1 MB]
Building sparse matrix (transition rewards)... [n=590913, nc=1045010, nnz=443434, k=3] [11.3 MB]
Creating vector for state rewards... [4.5 MB]
Creating vector for inf... [4.5 MB]
Creating vector for lower bounds... [4.5 MB]
Creating vector for upper bounds... [4.5 MB]
Allocating iteration vectors... [4 x 4.5 MB]
TOTAL: [67.5 MB]

Starting iterations (interval iteration)...

 Time for pre-computation: 0.570000 Iteration 564: max relative diff=50.000000, 4.44 sec so far
Iteration 1204: max relative diff=50.000000, 9.44 sec so far
Iteration 1845: max relative diff=9.179688, 14.44 sec so far
Iteration 2485: max relative diff=0.851631, 19.45 sec so far
Iteration 3126: max relative diff=0.000921, 24.45 sec so far
Iteration 3767: max relative diff=0.000021, 29.46 sec so far
Iteration 4408: max relative diff=0.000001, 34.46 sec so far

First round (updates from below) finished after 4522 iters.
Iterative method: 4522 iterations in 35.36 seconds (average 0.007820, setup 1.21)

Value in the initial state: 82293.87046828515

Time for model checking: 76.334 seconds.

Result: 82293.87046828515 (value in the initial state)

---------------------------------------------------------------------

Note: There was 1 warning during computation.

