PRISM
=====

Version: 4.4
Date: Sat Feb 20 04:05:13 IRST 2021
Hostname: sadegh-H81M-S2PH
Memory limits: cudd=1g, java(heap)=910.5m
Command line: prism ../../examples/mdps/wlan/wlan3.nm ../../examples/mdps/wlan/cost_max.pctl -s '-ii:upper=1.2e+12' -asynchii -maxiters 900500 -const COL=5 -const TRANS_TIME_MAX=1300

Parsing model file "../../examples/mdps/wlan/wlan3.nm"...

Parsing properties file "../../examples/mdps/wlan/cost_max.pctl"...

1 property:
(1) "cost_max": R{"cost"}max=? [ F s1=12&s2=12 ]

Type:        MDP
Modules:     medium station1 station2 
Variables:   col c1 c2 x1 s1 slot1 backoff1 bc1 x2 s2 slot2 backoff2 bc2 

---------------------------------------------------------------------

Model checking: "cost_max": R{"cost"}max=? [ F s1=12&s2=12 ]
Model constants: COL=5,TRANS_TIME_MAX=1300

Warning: Not Switching to explicit engine, We implemented the emthods for sparse engine.

Building model...
Model constants: COL=5,TRANS_TIME_MAX=1300

Computing reachable states...

Reachability (BFS): 1442 iterations in 46.95 seconds (average 0.032558, setup 0.00)

Time for model construction: 59.691 seconds.

Type:        MDP
States:      1226913 (1 initial)
Transitions: 2498996
Choices:     2329016

Transition matrix: 559502 nodes (6 terminal), 2498996 minterms, vars: 55r/55c/7nd

Prob0E: 4340 iterations in 169.08 seconds (average 0.038959, setup 0.00)

Prob1A: 1 iterations in 0.09 seconds (average 0.085000, setup 0.00)

goal = 6, inf = 0, maybe = 1226907

Warning: Upper bound for interval iteration manually set to 1.2E12

Computing remaining rewards...
 8
Building sparse matrix (transitions)... [n=1226913, nc=2329010, nnz=2498990, k=3] [42.2 MB]
Building sparse matrix (transition rewards)... [n=1226913, nc=2329010, nnz=1071434, k=3] [25.8 MB]
Creating vector for state rewards... [9.4 MB]
Creating vector for inf... [9.4 MB]
Creating vector for lower bounds... [9.4 MB]
Creating vector for upper bounds... [9.4 MB]
Allocating iteration vectors... [4 x 9.4 MB]
TOTAL: [142.9 MB]

Starting iterations (interval iteration)...

 Time for pre-computation	: 0.035000 
		 >> 1226907 after 0 iters << 
Iteration 235: max relative diff=1.000000, 4.97 sec so far
Iteration 443: max relative diff=1.000000, 9.98 sec so far
Iteration 651: max relative diff=1.000000, 14.99 sec so far
Iteration 859: max relative diff=1.000000, 20.00 sec so far
Iteration 1067: max relative diff=1.000000, 25.00 sec so far
Iteration 1275: max relative diff=1.000000, 30.01 sec so far
Iteration 1484: max relative diff=1.000000, 35.03 sec so far
Iteration 1692: max relative diff=1.000000, 40.03 sec so far
Iteration 1900: max relative diff=1.000000, 45.04 sec so far
Iteration 2108: max relative diff=1.000000, 50.05 sec so far
Iteration 2317: max relative diff=1.000000, 55.08 sec so far
Iteration 2526: max relative diff=1.000000, 60.10 sec so far
Iteration 2734: max relative diff=1.000000, 65.10 sec so far
Iteration 2942: max relative diff=1.000000, 70.11 sec so far
Iteration 3150: max relative diff=1.000000, 75.11 sec so far
Iteration 3358: max relative diff=1.000000, 80.12 sec so far
Iteration 3566: max relative diff=1.000000, 85.12 sec so far
Iteration 3774: max relative diff=1.000000, 90.13 sec so far
Iteration 3983: max relative diff=1.000000, 95.15 sec so far
Iteration 4191: max relative diff=1.000000, 100.16 sec so far
Iteration 4399: max relative diff=1.000000, 105.16 sec so far
Iteration 4607: max relative diff=1.000000, 110.17 sec so far
Iteration 4815: max relative diff=1.000000, 115.18 sec so far
Iteration 5023: max relative diff=1.000000, 120.19 sec so far
Iteration 5231: max relative diff=1.000000, 125.19 sec so far
Iteration 5439: max relative diff=1.000000, 130.20 sec so far
Iteration 5647: max relative diff=1.000000, 135.21 sec so far
Iteration 5855: max relative diff=1.000000, 140.21 sec so far
Iteration 6063: max relative diff=1.000000, 145.22 sec so far
Iteration 6271: max relative diff=1.000000, 150.22 sec so far
Iteration 6479: max relative diff=1.000000, 155.23 sec so far
Iteration 6727: max relative diff=1200000000000.000000, 160.23 sec so far
Iteration 6980: max relative diff=1200000000000.000000, 165.23 sec so far
Iteration 7233: max relative diff=1200000000000.000000, 170.25 sec so far
Iteration 7486: max relative diff=1200000000000.000000, 175.26 sec so far
Iteration 7739: max relative diff=1200000000000.000000, 180.26 sec so far
Iteration 7992: max relative diff=1200000000000.000000, 185.27 sec so far
Iteration 8245: max relative diff=1200000000000.000000, 190.28 sec so far
Iteration 8498: max relative diff=1200000000000.000000, 195.28 sec so far
Iteration 8752: max relative diff=1200000000000.000000, 200.30 sec so far
Iteration 9005: max relative diff=1200000000000.000000, 205.30 sec so far
Iteration 9258: max relative diff=1199999982993.174805, 210.30 sec so far
Iteration 9511: max relative diff=1199999982994.900879, 215.30 sec so far
Iteration 9764: max relative diff=1199999982996.627197, 220.31 sec so far
Iteration 10017: max relative diff=1199999982998.353271, 225.31 sec so far
Iteration 10270: max relative diff=1199999983000.079590, 230.32 sec so far
Iteration 10523: max relative diff=220312485739.396088, 235.33 sec so far
Iteration 10776: max relative diff=220312485850.794067, 240.34 sec so far
Iteration 11029: max relative diff=220312485962.192047, 245.35 sec so far
Iteration 11282: max relative diff=220312486073.590027, 250.35 sec so far
Iteration 11535: max relative diff=220312486184.988007, 255.36 sec so far
Iteration 11788: max relative diff=20439147403.570385, 260.36 sec so far
Iteration 12041: max relative diff=20439147514.968361, 265.37 sec so far
Iteration 12294: max relative diff=20439147626.366337, 270.37 sec so far
Iteration 12547: max relative diff=20439147737.764313, 275.37 sec so far
Iteration 12800: max relative diff=20439147849.162292, 280.38 sec so far
Iteration 13053: max relative diff=953095090.669746, 285.38 sec so far
Iteration 13306: max relative diff=953095202.067721, 290.39 sec so far
Iteration 13559: max relative diff=953095313.465698, 295.40 sec so far
Iteration 13813: max relative diff=953095425.303983, 300.42 sec so far
Iteration 14066: max relative diff=953095536.701960, 305.42 sec so far
Iteration 14319: max relative diff=22280599.735826, 310.43 sec so far
Iteration 14573: max relative diff=22280602.349433, 315.44 sec so far
Iteration 14826: max relative diff=22280604.953524, 320.45 sec so far
Iteration 15079: max relative diff=22280607.557615, 325.46 sec so far
Iteration 15332: max relative diff=22280610.161706, 330.47 sec so far
Iteration 15585: max relative diff=22280612.765797, 335.47 sec so far
Iteration 15839: max relative diff=521447.940781, 340.49 sec so far
Iteration 16092: max relative diff=521448.001655, 345.50 sec so far
Iteration 16345: max relative diff=521448.062530, 350.51 sec so far
Iteration 16598: max relative diff=521448.123404, 355.51 sec so far
Iteration 16851: max relative diff=521448.184279, 360.52 sec so far
Iteration 17105: max relative diff=12795.841320, 365.53 sec so far
Iteration 17359: max relative diff=12795.842748, 370.55 sec so far
Iteration 17612: max relative diff=12795.844171, 375.56 sec so far
Iteration 17865: max relative diff=12795.845594, 380.57 sec so far
Iteration 18119: max relative diff=12795.847023, 385.58 sec so far
Iteration 18370: max relative diff=883.669457, 390.59 sec so far
Iteration 18623: max relative diff=883.669490, 395.60 sec so far
Iteration 18877: max relative diff=883.669524, 400.61 sec so far
Iteration 19130: max relative diff=883.669557, 405.62 sec so far
Iteration 19383: max relative diff=883.669590, 410.62 sec so far
Iteration 19587: max relative diff=566.968665, 415.65 sec so far
Iteration 19726: max relative diff=505.765825, 420.68 sec so far
Iteration 19865: max relative diff=444.562984, 425.71 sec so far
Iteration 20004: max relative diff=383.360144, 430.74 sec so far
Iteration 20143: max relative diff=322.157303, 435.77 sec so far
Iteration 20282: max relative diff=260.954463, 440.80 sec so far
Iteration 20421: max relative diff=199.751622, 445.83 sec so far
Iteration 20560: max relative diff=138.548782, 450.86 sec so far
Iteration 20699: max relative diff=77.345941, 455.89 sec so far
Iteration 20838: max relative diff=13.787712, 460.92 sec so far
Iteration 20976: max relative diff=12.364515, 465.93 sec so far
Iteration 21115: max relative diff=10.933809, 470.96 sec so far
Iteration 21254: max relative diff=9.503103, 476.00 sec so far
Iteration 21393: max relative diff=8.072397, 481.02 sec so far
Iteration 21532: max relative diff=6.641691, 486.05 sec so far
Iteration 21671: max relative diff=5.210985, 491.08 sec so far
Iteration 21810: max relative diff=3.780279, 496.11 sec so far
Iteration 21949: max relative diff=2.349573, 501.14 sec so far
Iteration 22088: max relative diff=0.918867, 506.17 sec so far
Iteration 22227: max relative diff=0.301456, 511.19 sec so far
Iteration 22366: max relative diff=0.268011, 516.22 sec so far
Iteration 22505: max relative diff=0.234566, 521.25 sec so far
Iteration 22643: max relative diff=0.201362, 526.25 sec so far
Iteration 22782: max relative diff=0.167917, 531.28 sec so far
Iteration 22921: max relative diff=0.134473, 536.31 sec so far
Iteration 23060: max relative diff=0.101028, 541.34 sec so far
Iteration 23199: max relative diff=0.067583, 546.36 sec so far
Iteration 23338: max relative diff=0.034138, 551.39 sec so far
Iteration 23477: max relative diff=0.007343, 556.41 sec so far
Iteration 23616: max relative diff=0.006561, 561.45 sec so far
Iteration 23755: max relative diff=0.005779, 566.48 sec so far
Iteration 23894: max relative diff=0.004997, 571.50 sec so far
Iteration 24033: max relative diff=0.004216, 576.53 sec so far
Iteration 24172: max relative diff=0.003434, 581.56 sec so far
Iteration 24311: max relative diff=0.002652, 586.59 sec so far
Iteration 24450: max relative diff=0.001870, 591.61 sec so far
Iteration 24589: max relative diff=0.001088, 596.64 sec so far
Iteration 24728: max relative diff=0.000303, 601.67 sec so far
Iteration 24867: max relative diff=0.000160, 606.70 sec so far
Iteration 25006: max relative diff=0.000142, 611.72 sec so far
Iteration 25145: max relative diff=0.000124, 616.75 sec so far
Iteration 25284: max relative diff=0.000105, 621.78 sec so far
Iteration 25423: max relative diff=0.000087, 626.80 sec so far
Iteration 25562: max relative diff=0.000069, 631.83 sec so far
Iteration 25701: max relative diff=0.000051, 636.85 sec so far
Iteration 25840: max relative diff=0.000032, 641.87 sec so far
Iteration 25979: max relative diff=0.000014, 646.90 sec so far
Iteration 26118: max relative diff=0.000004, 651.93 sec so far
Iteration 26257: max relative diff=0.000003, 656.97 sec so far
Iteration 26396: max relative diff=0.000003, 661.99 sec so far
Iteration 26535: max relative diff=0.000003, 667.02 sec so far
Iteration 26674: max relative diff=0.000002, 672.04 sec so far
Iteration 26813: max relative diff=0.000002, 677.07 sec so far
Iteration 26952: max relative diff=0.000001, 682.10 sec so far
Max relative diff between upper and lower bound on convergence: 9.90927E-07
LowItr:14040 , UpItr:20566 

Iterative method: 27064 iterations in 686.15 seconds (average 0.025353, setup 3.20)
Maximum finite value in solution vector at end of interval iteration: 1.4394337818075573E8

Value in the initial state: 2.879300947068518E7

Time for model checking: 858.971 seconds.

Result: 2.879300947068518E7 (value in the initial state)

---------------------------------------------------------------------

Note: There were 2 warnings during computation.

