PRISM
=====

Version: 4.4
Date: Sun Feb 21 01:18:17 IRST 2021
Hostname: sadegh-H81M-S2PH
Memory limits: cudd=1g, java(heap)=910.5m
Command line: prism ../../examples/mdps/wlan/wlan3.nm ../../examples/mdps/wlan/cost_max.pctl -s -improvedbk -maxiters 19045 -epsilon 1e-10 -const COL=5 -const TRANS_TIME_MAX=1900

Parsing model file "../../examples/mdps/wlan/wlan3.nm"...

Parsing properties file "../../examples/mdps/wlan/cost_max.pctl"...

1 property:
(1) "cost_max": R{"cost"}max=? [ F s1=12&s2=12 ]

Type:        MDP
Modules:     medium station1 station2 
Variables:   col c1 c2 x1 s1 slot1 backoff1 bc1 x2 s2 slot2 backoff2 bc2 

---------------------------------------------------------------------

Model checking: "cost_max": R{"cost"}max=? [ F s1=12&s2=12 ]
Model constants: COL=5,TRANS_TIME_MAX=1900

Warning: Not Switching to explicit engine, We implemented the emthods for sparse engine.

Building model...
Model constants: COL=5,TRANS_TIME_MAX=1900

Computing reachable states...

Reachability (BFS): 2042 iterations in 97.11 seconds (average 0.047558, setup 0.00)

Time for model construction: 131.028 seconds.

Type:        MDP
States:      1703913 (1 initial)
Transitions: 3461996
Choices:     3292016

Transition matrix: 783827 nodes (6 terminal), 3461996 minterms, vars: 55r/55c/7nd

Prob0E: 6140 iterations in 309.75 seconds (average 0.050448, setup 0.00)

Prob1A: 1 iterations in 0.11 seconds (average 0.112000, setup 0.00)

goal = 6, inf = 0, maybe = 1703907

Computing remaining rewards...

Building sparse matrix (transitions)... [n=1703913, nc=3292010, nnz=3461990, k=3] [58.7 MB]
Building sparse matrix (transition rewards)... [n=1703913, nc=3292010, nnz=1542434, k=3] [36.7 MB]
Creating vector for state rewards... [13.0 MB]
Creating vector for inf... [13.0 MB]
Creating vector for lower bounds... [13.0 MB]
Creating vector for upper bounds... [13.0 MB]
Allocating iteration vectors... [4 x 13.0 MB]
TOTAL: [199.4 MB]

Starting iterations (interval iteration)...

 Time for pre-computation: 1.512000 Iteration 139: max relative diff=100000.000000, 3.50 sec so far
Iteration 346: max relative diff=100000.000000, 8.52 sec so far
Iteration 553: max relative diff=100000.000000, 13.54 sec so far
Iteration 760: max relative diff=100000.000000, 18.56 sec so far
Iteration 967: max relative diff=100000.000000, 23.59 sec so far
Iteration 1174: max relative diff=100000.000000, 28.60 sec so far
Iteration 1381: max relative diff=100000.000000, 33.62 sec so far
Iteration 1588: max relative diff=100000.000000, 38.64 sec so far
Iteration 1795: max relative diff=100000.000000, 43.65 sec so far
Iteration 2002: max relative diff=9730.957031, 48.67 sec so far
Iteration 2209: max relative diff=9730.957031, 53.69 sec so far
Iteration 2415: max relative diff=9730.957031, 58.70 sec so far
Iteration 2622: max relative diff=9730.957031, 63.72 sec so far
Iteration 2829: max relative diff=9730.957031, 68.73 sec so far
Iteration 3036: max relative diff=9730.957031, 73.75 sec so far
Iteration 3243: max relative diff=9730.957031, 78.77 sec so far
Iteration 3450: max relative diff=9730.957031, 83.79 sec so far
Iteration 3657: max relative diff=9730.957031, 88.80 sec so far
Iteration 3864: max relative diff=1000.000000, 93.82 sec so far
Iteration 4071: max relative diff=1000.000000, 98.85 sec so far
Iteration 4277: max relative diff=1000.000000, 103.85 sec so far
Iteration 4484: max relative diff=1000.000000, 108.87 sec so far
Iteration 4691: max relative diff=1000.000000, 113.89 sec so far
Iteration 4897: max relative diff=1000.000000, 118.89 sec so far
Iteration 5104: max relative diff=1000.000000, 123.91 sec so far
Iteration 5311: max relative diff=1000.000000, 128.93 sec so far
Iteration 5518: max relative diff=1000.000000, 133.95 sec so far
Iteration 5725: max relative diff=170.824338, 138.97 sec so far
Iteration 5932: max relative diff=170.824338, 143.98 sec so far
Iteration 6139: max relative diff=170.824338, 149.00 sec so far
Iteration 6346: max relative diff=170.824338, 154.02 sec so far
Iteration 6553: max relative diff=170.824338, 159.03 sec so far
Iteration 6760: max relative diff=170.824338, 164.04 sec so far
Iteration 6967: max relative diff=170.824338, 169.06 sec so far
Iteration 7174: max relative diff=170.824338, 174.08 sec so far
Iteration 7381: max relative diff=170.824338, 179.10 sec so far
Iteration 7588: max relative diff=170.824338, 184.12 sec so far
Iteration 7795: max relative diff=10.363694, 189.13 sec so far
Iteration 8001: max relative diff=10.363694, 194.13 sec so far
Iteration 8208: max relative diff=10.363694, 199.15 sec so far
Iteration 8415: max relative diff=10.363694, 204.17 sec so far
Iteration 8622: max relative diff=10.363694, 209.19 sec so far
Iteration 8829: max relative diff=10.363694, 214.21 sec so far
Iteration 9036: max relative diff=10.363694, 219.23 sec so far
Iteration 9243: max relative diff=10.363694, 224.24 sec so far
Iteration 9450: max relative diff=10.363694, 229.26 sec so far
Iteration 9657: max relative diff=0.440308, 234.28 sec so far
Iteration 9863: max relative diff=0.440308, 239.28 sec so far
Iteration 10070: max relative diff=0.440308, 244.30 sec so far
Iteration 10277: max relative diff=0.440308, 249.32 sec so far
Iteration 10484: max relative diff=0.440308, 254.34 sec so far
Iteration 10689: max relative diff=0.440308, 259.36 sec so far
Iteration 10876: max relative diff=0.440308, 264.38 sec so far
Iteration 11059: max relative diff=0.440308, 269.39 sec so far
Iteration 11246: max relative diff=0.440308, 274.40 sec so far
Iteration 11437: max relative diff=0.010293, 279.42 sec so far
Iteration 11627: max relative diff=0.010293, 284.43 sec so far
Iteration 11817: max relative diff=0.010293, 289.44 sec so far
Iteration 11997: max relative diff=0.010293, 294.46 sec so far
Iteration 12148: max relative diff=0.010293, 299.48 sec so far
Iteration 12319: max relative diff=0.010293, 304.49 sec so far
Iteration 12488: max relative diff=0.010293, 309.49 sec so far
Iteration 12671: max relative diff=0.010293, 314.49 sec so far
Iteration 12861: max relative diff=0.010293, 319.51 sec so far
Iteration 13049: max relative diff=0.010293, 324.52 sec so far
Iteration 13234: max relative diff=0.010293, 329.54 sec so far
Iteration 13386: max relative diff=0.000241, 334.56 sec so far
Iteration 13552: max relative diff=0.000241, 339.57 sec so far
Iteration 13729: max relative diff=0.000241, 344.58 sec so far
Iteration 13912: max relative diff=0.000241, 349.58 sec so far
Iteration 14105: max relative diff=0.000241, 354.58 sec so far
Iteration 14277: max relative diff=0.000241, 359.59 sec so far
Iteration 14439: max relative diff=0.000241, 364.61 sec so far
Iteration 14616: max relative diff=0.000241, 369.63 sec so far
Iteration 14805: max relative diff=0.000241, 374.64 sec so far
Iteration 14974: max relative diff=0.000241, 379.66 sec so far
Iteration 15134: max relative diff=0.000241, 384.69 sec so far
Iteration 15310: max relative diff=0.000006, 389.69 sec so far
Iteration 15491: max relative diff=0.000006, 394.69 sec so far
Iteration 15669: max relative diff=0.000006, 399.72 sec so far
Iteration 15855: max relative diff=0.000006, 404.74 sec so far
Iteration 16058: max relative diff=0.000006, 409.75 sec so far
Iteration 16239: max relative diff=0.000006, 414.76 sec so far
Iteration 16422: max relative diff=0.000006, 419.78 sec so far
Iteration 16587: max relative diff=0.000006, 424.80 sec so far
Iteration 16753: max relative diff=0.000006, 429.82 sec so far
Iteration 16929: max relative diff=0.000006, 434.83 sec so far
Iteration 17115: max relative diff=0.000001, 439.84 sec so far
Iteration 17283: max relative diff=0.000000, 444.87 sec so far
Iteration 17452: max relative diff=0.000000, 449.89 sec so far
Iteration 17633: max relative diff=0.000000, 454.89 sec so far
Iteration 17826: max relative diff=0.000000, 459.91 sec so far
Iteration 17987: max relative diff=0.000000, 464.94 sec so far
Iteration 18152: max relative diff=0.000000, 469.95 sec so far
Iteration 18333: max relative diff=0.000000, 474.96 sec so far
Iteration 18517: max relative diff=0.000000, 479.96 sec so far
Iteration 18706: max relative diff=0.000000, 484.97 sec so far
Iteration 18892: max relative diff=0.000000, 489.98 sec so far
Iteration 19045: max relative diff=0.000000, 495.01 sec so far

First round (updates from below) finished after 19044 iters.
Iterative method: 19044 iterations in 495.01 seconds (average 0.025993, setup 4.37)

Value in the initial state: 4.207938728415596E7

Time for model checking: 811.132 seconds.

Result: 4.207938728415596E7 (value in the initial state)

---------------------------------------------------------------------

Note: There was 1 warning during computation.

