PRISM
=====

Version: 4.4
Date: Fri Feb 19 17:34:35 IRST 2021
Hostname: sadegh-H81M-S2PH
Memory limits: cudd=1g, java(heap)=910.5m
Command line: prism ../../examples/mdps/wlan/wlan3.nm ../../examples/mdps/wlan/cost_max.pctl -s '-ii:upper=1.2e+12' -improvedbk -maxiters 900500 -const COL=5 -const TRANS_TIME_MAX=500

Parsing model file "../../examples/mdps/wlan/wlan3.nm"...

Parsing properties file "../../examples/mdps/wlan/cost_max.pctl"...

1 property:
(1) "cost_max": R{"cost"}max=? [ F s1=12&s2=12 ]

Type:        MDP
Modules:     medium station1 station2 
Variables:   col c1 c2 x1 s1 slot1 backoff1 bc1 x2 s2 slot2 backoff2 bc2 

---------------------------------------------------------------------

Model checking: "cost_max": R{"cost"}max=? [ F s1=12&s2=12 ]
Model constants: COL=5,TRANS_TIME_MAX=500

Warning: Not Switching to explicit engine, We implemented the emthods for sparse engine.

Building model...
Model constants: COL=5,TRANS_TIME_MAX=500

Computing reachable states...

Reachability (BFS): 642 iterations in 9.80 seconds (average 0.015266, setup 0.00)

Time for model construction: 11.392 seconds.

Type:        MDP
States:      590913 (1 initial)
Transitions: 1214996
Choices:     1045016

Transition matrix: 221175 nodes (6 terminal), 1214996 minterms, vars: 51r/51c/7nd

Prob0E: 1940 iterations in 38.92 seconds (average 0.020061, setup 0.00)

Prob1A: 1 iterations in 0.03 seconds (average 0.030000, setup 0.00)

goal = 6, inf = 0, maybe = 590907

Warning: Upper bound for interval iteration manually set to 1.2E12

Computing remaining rewards...
 7
Building sparse matrix (transitions)... [n=590913, nc=1045010, nnz=1214990, k=3] [20.1 MB]
Building sparse matrix (transition rewards)... [n=590913, nc=1045010, nnz=443434, k=3] [11.3 MB]
Creating vector for state rewards... [4.5 MB]
Creating vector for inf... [4.5 MB]
Creating vector for lower bounds... [4.5 MB]
Creating vector for upper bounds... [4.5 MB]
Allocating iteration vectors... [4 x 4.5 MB]
TOTAL: [67.5 MB]

Starting iterations (interval iteration)...

 Time for pre-computation: 0.576000 Iteration 550: max relative diff=9730.957031, 4.43 sec so far
Iteration 1178: max relative diff=1000.000000, 9.44 sec so far
Iteration 1806: max relative diff=170.824338, 14.44 sec so far
Iteration 2434: max relative diff=10.363694, 19.45 sec so far
Iteration 3061: max relative diff=0.010293, 24.45 sec so far
Iteration 3689: max relative diff=0.000241, 29.46 sec so far
Iteration 4316: max relative diff=0.000006, 34.46 sec so far

First round (updates from below) finished after 4515 iters.Iteration 4897: max relative diff=10000.000000, 39.47 sec so far
Iteration 5462: max relative diff=1876.757812, 44.48 sec so far
Iteration 6046: max relative diff=23.433786, 49.48 sec so far
Iteration 6632: max relative diff=1.297296, 54.49 sec so far
Iteration 7217: max relative diff=0.059156, 59.49 sec so far
Iteration 7801: max relative diff=0.001224, 64.50 sec so far
Iteration 8386: max relative diff=0.000027, 69.50 sec so far

Second round (updates from above) finished after 8536 iters.
Update from both sides... 
Iteration 8867: max relative diff=0.000124, 74.51 sec so far
Iteration 9311: max relative diff=0.000004, 79.51 sec so far
Max relative diff between upper and lower bound on convergence: 0

Number of iterations for the lower bound = 5466

Iterative method: 9487 iterations in 81.50 seconds (average 0.008590, setup 1.26)
Maximum finite value in solution vector at end of interval iteration: 5.5367130797779776E7

Value in the initial state: 1.1077839052717676E7

Time for model checking: 122.458 seconds.

Result: 1.1077839052717676E7 (value in the initial state)

---------------------------------------------------------------------

Note: There were 2 warnings during computation.

