PRISM
=====

Version: 4.4
Date: Sun Feb 21 06:13:13 IRST 2021
Hostname: sadegh-H81M-S2PH
Memory limits: cudd=1g, java(heap)=910.5m
Command line: prism ../../examples/mdps/wlan/wlan3.nm ../../examples/mdps/wlan/cost_max.pctl -s '-ii:upper=221781138' -asynchupper -maxiters 900500 -const COL=5 -const TRANS_TIME_MAX=2000

Parsing model file "../../examples/mdps/wlan/wlan3.nm"...

Parsing properties file "../../examples/mdps/wlan/cost_max.pctl"...

1 property:
(1) "cost_max": R{"cost"}max=? [ F s1=12&s2=12 ]

Type:        MDP
Modules:     medium station1 station2 
Variables:   col c1 c2 x1 s1 slot1 backoff1 bc1 x2 s2 slot2 backoff2 bc2 

---------------------------------------------------------------------

Model checking: "cost_max": R{"cost"}max=? [ F s1=12&s2=12 ]
Model constants: COL=5,TRANS_TIME_MAX=2000

Warning: Not Switching to explicit engine, We implemented the emthods for sparse engine.

Building model...
Model constants: COL=5,TRANS_TIME_MAX=2000

Computing reachable states...

Reachability (BFS): 2142 iterations in 99.14 seconds (average 0.046283, setup 0.00)

Time for model construction: 135.81 seconds.

Type:        MDP
States:      1783413 (1 initial)
Transitions: 3622496
Choices:     3452516

Transition matrix: 821111 nodes (6 terminal), 3622496 minterms, vars: 55r/55c/7nd

Prob0E: 6440 iterations in 336.26 seconds (average 0.052214, setup 0.00)

Prob1A: 1 iterations in 0.11 seconds (average 0.112000, setup 0.00)

goal = 6, inf = 0, maybe = 1783407

Warning: Upper bound for interval iteration manually set to 2.21781138E8

Computing remaining rewards...
 10
Building sparse matrix (transitions)... [n=1783413, nc=3452510, nnz=3622490, k=3] [61.4 MB]
Building sparse matrix (transition rewards)... [n=1783413, nc=3452510, nnz=1620934, k=3] [38.5 MB]
Creating vector for state rewards... [13.6 MB]
Creating vector for inf... [13.6 MB]
Creating vector for lower bounds... [13.6 MB]
Creating vector for upper bounds... [13.6 MB]
Allocating iteration vectors... [4 x 13.6 MB]
TOTAL: [208.8 MB]

Starting iterations (interval iteration)...

Soln above finished after 24033 iterations, while flag is True.

Checking for lower bound passed after 19 iterations.Iteration 1: max relative diff=1.000000, 834.90 sec so far
Iteration 187: max relative diff=1.000000, 839.92 sec so far
Iteration 373: max relative diff=1.000000, 844.95 sec so far
Iteration 558: max relative diff=1.000000, 849.95 sec so far
Iteration 744: max relative diff=1.000000, 854.97 sec so far
Iteration 930: max relative diff=1.000000, 859.99 sec so far
Iteration 1116: max relative diff=1.000000, 865.02 sec so far
Iteration 1302: max relative diff=1.000000, 870.04 sec so far
Iteration 1488: max relative diff=1.000000, 875.06 sec so far
Iteration 1673: max relative diff=1.000000, 880.07 sec so far
Iteration 1858: max relative diff=1.000000, 885.07 sec so far
Iteration 2044: max relative diff=1.000000, 890.09 sec so far
Iteration 2230: max relative diff=1.000000, 895.12 sec so far
Iteration 2415: max relative diff=1.000000, 900.12 sec so far
Iteration 2601: max relative diff=1.000000, 905.14 sec so far
Iteration 2786: max relative diff=1.000000, 910.15 sec so far
Iteration 2972: max relative diff=1.000000, 915.17 sec so far
Iteration 3158: max relative diff=1.000000, 920.19 sec so far
Iteration 3343: max relative diff=1.000000, 925.20 sec so far
Iteration 3529: max relative diff=1.000000, 930.21 sec so far
Iteration 3714: max relative diff=1.000000, 935.22 sec so far
Iteration 3899: max relative diff=1.000000, 940.22 sec so far
Iteration 4084: max relative diff=1.000000, 945.22 sec so far
Iteration 4269: max relative diff=1.000000, 950.22 sec so far
Iteration 4454: max relative diff=1.000000, 955.23 sec so far
Iteration 4640: max relative diff=1.000000, 960.25 sec so far
Iteration 4826: max relative diff=1.000000, 965.28 sec so far
Iteration 5012: max relative diff=1.000000, 970.30 sec so far
Iteration 5198: max relative diff=1.000000, 975.32 sec so far
Iteration 5383: max relative diff=1.000000, 980.33 sec so far
Iteration 5569: max relative diff=1.000000, 985.35 sec so far
Iteration 5755: max relative diff=1.000000, 990.38 sec so far
Iteration 5941: max relative diff=1.000000, 995.40 sec so far
Iteration 6127: max relative diff=1.000000, 1000.42 sec so far
Iteration 6313: max relative diff=1.000000, 1005.45 sec so far
Iteration 6499: max relative diff=1.000000, 1010.47 sec so far
Iteration 6685: max relative diff=1.000000, 1015.50 sec so far
Iteration 6871: max relative diff=1.000000, 1020.52 sec so far
Iteration 7057: max relative diff=1.000000, 1025.55 sec so far
Iteration 7243: max relative diff=1.000000, 1030.57 sec so far
Iteration 7429: max relative diff=1.000000, 1035.59 sec so far
Iteration 7615: max relative diff=1.000000, 1040.62 sec so far
Iteration 7801: max relative diff=1.000000, 1045.64 sec so far
Iteration 7987: max relative diff=1.000000, 1050.66 sec so far
Iteration 8173: max relative diff=1.000000, 1055.68 sec so far
Iteration 8359: max relative diff=1.000000, 1060.71 sec so far
Iteration 8544: max relative diff=1.000000, 1065.71 sec so far
Iteration 8729: max relative diff=1.000000, 1070.71 sec so far
Iteration 8915: max relative diff=1.000000, 1075.74 sec so far
Iteration 9101: max relative diff=1.000000, 1080.77 sec so far
Iteration 9287: max relative diff=1.000000, 1085.79 sec so far
Iteration 9473: max relative diff=1.000000, 1090.81 sec so far
Iteration 9659: max relative diff=1.000000, 1095.83 sec so far
Iteration 9844: max relative diff=1.000000, 1100.83 sec so far
Iteration 10030: max relative diff=1.000000, 1105.86 sec so far
Iteration 10216: max relative diff=1.000000, 1110.88 sec so far
Iteration 10402: max relative diff=1.000000, 1115.90 sec so far
Iteration 10588: max relative diff=1.000000, 1120.92 sec so far
Iteration 10773: max relative diff=1.000000, 1125.93 sec so far
Iteration 10958: max relative diff=1.000000, 1130.93 sec so far
Iteration 11144: max relative diff=1.000000, 1135.95 sec so far
Iteration 11330: max relative diff=1.000000, 1140.97 sec so far
Iteration 11516: max relative diff=1.000000, 1146.00 sec so far
Iteration 11702: max relative diff=1.000000, 1151.03 sec so far
Iteration 11888: max relative diff=1.000000, 1156.05 sec so far
Iteration 12062: max relative diff=1.000000, 1161.07 sec so far
Iteration 12237: max relative diff=1.000000, 1166.09 sec so far
Iteration 12423: max relative diff=1.000000, 1171.11 sec so far
Iteration 12608: max relative diff=1.000000, 1176.12 sec so far
Iteration 12793: max relative diff=1.000000, 1181.13 sec so far
Iteration 12978: max relative diff=1.000000, 1186.13 sec so far
Iteration 13164: max relative diff=1.000000, 1191.15 sec so far
Iteration 13349: max relative diff=1.000000, 1196.15 sec so far
Iteration 13535: max relative diff=1.000000, 1201.18 sec so far
Iteration 13721: max relative diff=1.000000, 1206.21 sec so far
Iteration 13906: max relative diff=1.000000, 1211.21 sec so far
Iteration 14092: max relative diff=1.000000, 1216.23 sec so far
Iteration 14278: max relative diff=1.000000, 1221.26 sec so far
Iteration 14464: max relative diff=1.000000, 1226.28 sec so far
Iteration 14650: max relative diff=1.000000, 1231.30 sec so far
Iteration 14836: max relative diff=1.000000, 1236.33 sec so far
Iteration 15021: max relative diff=1.000000, 1241.34 sec so far
Iteration 15207: max relative diff=1.000000, 1246.36 sec so far
Iteration 15393: max relative diff=1.000000, 1251.38 sec so far
Iteration 15579: max relative diff=1.000000, 1256.40 sec so far
Iteration 15765: max relative diff=1.000000, 1261.42 sec so far
Iteration 15951: max relative diff=1.000000, 1266.44 sec so far
Iteration 16062: max relative diff=0.001117, 1271.46 sec so far
Iteration 16148: max relative diff=0.001069, 1276.46 sec so far
Iteration 16234: max relative diff=0.001020, 1281.47 sec so far
Iteration 16320: max relative diff=0.000972, 1286.47 sec so far
Iteration 16407: max relative diff=0.000923, 1291.53 sec so far
Iteration 16493: max relative diff=0.000875, 1296.54 sec so far
Iteration 16579: max relative diff=0.000826, 1301.55 sec so far
Iteration 16665: max relative diff=0.000778, 1306.56 sec so far
Iteration 16751: max relative diff=0.000729, 1311.57 sec so far
Iteration 16837: max relative diff=0.000681, 1316.58 sec so far
Iteration 16923: max relative diff=0.000633, 1321.58 sec so far
Iteration 17009: max relative diff=0.000584, 1326.59 sec so far
Iteration 17095: max relative diff=0.000536, 1331.59 sec so far
Iteration 17181: max relative diff=0.000488, 1336.59 sec so far
Iteration 17267: max relative diff=0.000439, 1341.60 sec so far
Iteration 17353: max relative diff=0.000391, 1346.61 sec so far
Iteration 17439: max relative diff=0.000342, 1351.61 sec so far
Iteration 17525: max relative diff=0.000294, 1356.62 sec so far
Iteration 17611: max relative diff=0.000246, 1361.63 sec so far
Iteration 17697: max relative diff=0.000197, 1366.64 sec so far
Iteration 17783: max relative diff=0.000149, 1371.65 sec so far
Iteration 17869: max relative diff=0.000101, 1376.65 sec so far
Iteration 17955: max relative diff=0.000052, 1381.66 sec so far
Iteration 18041: max relative diff=0.000026, 1386.66 sec so far
Iteration 18128: max relative diff=0.000025, 1391.72 sec so far
Iteration 18214: max relative diff=0.000024, 1396.73 sec so far
Iteration 18300: max relative diff=0.000023, 1401.73 sec so far
Iteration 18387: max relative diff=0.000022, 1406.79 sec so far
Iteration 18473: max relative diff=0.000021, 1411.80 sec so far
Iteration 18559: max relative diff=0.000020, 1416.80 sec so far
Iteration 18645: max relative diff=0.000019, 1421.82 sec so far
Iteration 18731: max relative diff=0.000017, 1426.82 sec so far
Iteration 18817: max relative diff=0.000016, 1431.82 sec so far
Iteration 18903: max relative diff=0.000015, 1436.83 sec so far
Iteration 18989: max relative diff=0.000014, 1441.83 sec so far
Iteration 19075: max relative diff=0.000013, 1446.84 sec so far
Iteration 19162: max relative diff=0.000012, 1451.89 sec so far
Iteration 19248: max relative diff=0.000011, 1456.90 sec so far
Iteration 19334: max relative diff=0.000009, 1461.90 sec so far
Iteration 19420: max relative diff=0.000008, 1466.91 sec so far
Iteration 19506: max relative diff=0.000007, 1471.91 sec so far
Iteration 19592: max relative diff=0.000006, 1476.92 sec so far
Iteration 19678: max relative diff=0.000005, 1481.93 sec so far
Iteration 19764: max relative diff=0.000004, 1486.93 sec so far
Iteration 19850: max relative diff=0.000003, 1491.94 sec so far
Iteration 19936: max relative diff=0.000002, 1496.95 sec so far
Max relative diff between upper and lower bound on convergence: 9.98378E-07
LowItr:19995 , UpItr:28012  

Iterative method: 19976 iterations in 1499.28 seconds (average 0.075054, setup 4.63)
Maximum finite value in solution vector at end of interval iteration: 2.2144759464085978E8

Value in the initial state: 4.429378358640739E7

Time for model checking: 1840.464 seconds.

Result: 4.429378358640739E7 (value in the initial state)

---------------------------------------------------------------------

Note: There were 2 warnings during computation.

