PRISM
=====

Version: 4.4
Date: Sat Feb 20 06:44:03 IRST 2021
Hostname: sadegh-H81M-S2PH
Memory limits: cudd=1g, java(heap)=910.5m
Command line: prism ../../examples/mdps/wlan/wlan3.nm ../../examples/mdps/wlan/cost_max.pctl -s '-ii:upper=1.2e+12' -asynchii -maxiters 900500 -const COL=5 -const TRANS_TIME_MAX=1400

Parsing model file "../../examples/mdps/wlan/wlan3.nm"...

Parsing properties file "../../examples/mdps/wlan/cost_max.pctl"...

1 property:
(1) "cost_max": R{"cost"}max=? [ F s1=12&s2=12 ]

Type:        MDP
Modules:     medium station1 station2 
Variables:   col c1 c2 x1 s1 slot1 backoff1 bc1 x2 s2 slot2 backoff2 bc2 

---------------------------------------------------------------------

Model checking: "cost_max": R{"cost"}max=? [ F s1=12&s2=12 ]
Model constants: COL=5,TRANS_TIME_MAX=1400

Warning: Not Switching to explicit engine, We implemented the emthods for sparse engine.

Building model...
Model constants: COL=5,TRANS_TIME_MAX=1400

Computing reachable states...

Reachability (BFS): 1542 iterations in 53.64 seconds (average 0.034788, setup 0.00)

Time for model construction: 69.367 seconds.

Type:        MDP
States:      1306413 (1 initial)
Transitions: 2659496
Choices:     2489516

Transition matrix: 596764 nodes (6 terminal), 2659496 minterms, vars: 55r/55c/7nd

Prob0E: 4640 iterations in 189.83 seconds (average 0.040912, setup 0.00)

Prob1A: 1 iterations in 0.09 seconds (average 0.086000, setup 0.00)

goal = 6, inf = 0, maybe = 1306407

Warning: Upper bound for interval iteration manually set to 1.2E12

Computing remaining rewards...
 8
Building sparse matrix (transitions)... [n=1306413, nc=2489510, nnz=2659490, k=3] [44.9 MB]
Building sparse matrix (transition rewards)... [n=1306413, nc=2489510, nnz=1149934, k=3] [27.6 MB]
Creating vector for state rewards... [10.0 MB]
Creating vector for inf... [10.0 MB]
Creating vector for lower bounds... [10.0 MB]
Creating vector for upper bounds... [10.0 MB]
Allocating iteration vectors... [4 x 10.0 MB]
TOTAL: [152.3 MB]

Starting iterations (interval iteration)...

 Time for pre-computation	: 0.046000 
		 >> 1306407 after 0 iters << 
Iteration 262: max relative diff=1.000000, 4.96 sec so far
Iteration 531: max relative diff=1.000000, 9.96 sec so far
Iteration 800: max relative diff=1.000000, 14.96 sec so far
Iteration 1070: max relative diff=1.000000, 19.98 sec so far
Iteration 1340: max relative diff=1.000000, 25.00 sec so far
Iteration 1609: max relative diff=1.000000, 30.00 sec so far
Iteration 1878: max relative diff=1.000000, 35.01 sec so far
Iteration 2147: max relative diff=1.000000, 40.02 sec so far
Iteration 2416: max relative diff=1.000000, 45.03 sec so far
Iteration 2685: max relative diff=1.000000, 50.03 sec so far
Iteration 2955: max relative diff=1.000000, 55.05 sec so far
Iteration 3224: max relative diff=1.000000, 60.05 sec so far
Iteration 3493: max relative diff=1.000000, 65.06 sec so far
Iteration 3763: max relative diff=1.000000, 70.08 sec so far
Iteration 4032: max relative diff=1.000000, 75.08 sec so far
Iteration 4301: max relative diff=1.000000, 80.09 sec so far
Iteration 4571: max relative diff=1.000000, 85.10 sec so far
Iteration 4840: max relative diff=1.000000, 90.11 sec so far
Iteration 5109: max relative diff=1.000000, 95.12 sec so far
Iteration 5379: max relative diff=1.000000, 100.14 sec so far
Iteration 5648: max relative diff=1.000000, 105.15 sec so far
Iteration 5918: max relative diff=1.000000, 110.16 sec so far
Iteration 6187: max relative diff=1.000000, 115.16 sec so far
Iteration 6457: max relative diff=1.000000, 120.17 sec so far
Iteration 6726: max relative diff=1.000000, 125.17 sec so far
Iteration 6995: max relative diff=1.000000, 130.17 sec so far
Iteration 7226: max relative diff=1200000000000.000000, 135.19 sec so far
Iteration 7457: max relative diff=1200000000000.000000, 140.19 sec so far
Iteration 7688: max relative diff=1200000000000.000000, 145.19 sec so far
Iteration 7919: max relative diff=1200000000000.000000, 150.19 sec so far
Iteration 8150: max relative diff=1200000000000.000000, 155.21 sec so far
Iteration 8381: max relative diff=1200000000000.000000, 160.21 sec so far
Iteration 8612: max relative diff=1200000000000.000000, 165.21 sec so far
Iteration 8843: max relative diff=1200000000000.000000, 170.22 sec so far
Iteration 9074: max relative diff=1200000000000.000000, 175.22 sec so far
Iteration 9305: max relative diff=1200000000000.000000, 180.23 sec so far
Iteration 9536: max relative diff=1200000000000.000000, 185.23 sec so far
Iteration 9768: max relative diff=1200000000000.000000, 190.25 sec so far
Iteration 9999: max relative diff=1199999981715.028564, 195.26 sec so far
Iteration 10230: max relative diff=1199999981716.604492, 200.26 sec so far
Iteration 10461: max relative diff=1199999981718.180664, 205.26 sec so far
Iteration 10693: max relative diff=1199999981719.763672, 210.28 sec so far
Iteration 10924: max relative diff=1199999981721.339600, 215.29 sec so far
Iteration 11156: max relative diff=1199999981722.922607, 220.31 sec so far
Iteration 11387: max relative diff=220312484687.175659, 225.31 sec so far
Iteration 11619: max relative diff=220312484789.327148, 230.33 sec so far
Iteration 11850: max relative diff=220312484891.038361, 235.34 sec so far
Iteration 12081: max relative diff=220312484992.749542, 240.34 sec so far
Iteration 12312: max relative diff=220312485094.460724, 245.34 sec so far
Iteration 12543: max relative diff=220312485196.171936, 250.35 sec so far
Iteration 12774: max relative diff=20439147397.330196, 255.36 sec so far
Iteration 13005: max relative diff=20439147499.041389, 260.36 sec so far
Iteration 13236: max relative diff=20439147600.752586, 265.37 sec so far
Iteration 13467: max relative diff=20439147702.463783, 270.37 sec so far
Iteration 13698: max relative diff=20439147804.174980, 275.39 sec so far
Iteration 13930: max relative diff=20439147906.326485, 280.41 sec so far
Iteration 14161: max relative diff=953095138.223031, 285.42 sec so far
Iteration 14393: max relative diff=953095240.374535, 290.44 sec so far
Iteration 14624: max relative diff=953095342.085732, 295.44 sec so far
Iteration 14856: max relative diff=953095444.237236, 300.46 sec so far
Iteration 15087: max relative diff=953095545.948432, 305.46 sec so far
Iteration 15318: max relative diff=953095647.659628, 310.46 sec so far
Iteration 15549: max relative diff=22280645.103941, 315.46 sec so far
Iteration 15781: max relative diff=22280647.491882, 320.48 sec so far
Iteration 16013: max relative diff=22280649.879823, 325.50 sec so far
Iteration 16245: max relative diff=22280652.267764, 330.52 sec so far
Iteration 16476: max relative diff=22280654.645412, 335.52 sec so far
Iteration 16708: max relative diff=22280657.033353, 340.54 sec so far
Iteration 16940: max relative diff=521492.977066, 345.56 sec so far
Iteration 17171: max relative diff=521493.032647, 350.56 sec so far
Iteration 17403: max relative diff=521493.088469, 355.58 sec so far
Iteration 17635: max relative diff=521493.144290, 360.59 sec so far
Iteration 17866: max relative diff=521493.199871, 365.60 sec so far
Iteration 18098: max relative diff=521493.255693, 370.61 sec so far
Iteration 18329: max relative diff=12840.925059, 375.62 sec so far
Iteration 18561: max relative diff=12840.926364, 380.64 sec so far
Iteration 18792: max relative diff=12840.927663, 385.65 sec so far
Iteration 19024: max relative diff=12840.928968, 390.67 sec so far
Iteration 19255: max relative diff=12840.930267, 395.68 sec so far
Iteration 19486: max relative diff=12840.931567, 400.69 sec so far
Iteration 19715: max relative diff=928.754179, 405.71 sec so far
Iteration 19946: max relative diff=928.754209, 410.71 sec so far
Iteration 20177: max relative diff=928.754240, 415.71 sec so far
Iteration 20409: max relative diff=928.754270, 420.73 sec so far
Iteration 20640: max relative diff=928.754301, 425.73 sec so far
Iteration 20872: max relative diff=928.754331, 430.75 sec so far
Iteration 21068: max relative diff=620.419263, 435.78 sec so far
Iteration 21193: max relative diff=565.380738, 440.81 sec so far
Iteration 21318: max relative diff=510.342212, 445.83 sec so far
Iteration 21443: max relative diff=455.303687, 450.86 sec so far
Iteration 21567: max relative diff=400.705469, 455.87 sec so far
Iteration 21692: max relative diff=345.666944, 460.89 sec so far
Iteration 21817: max relative diff=290.628418, 465.93 sec so far
Iteration 21942: max relative diff=235.589892, 470.95 sec so far
Iteration 22067: max relative diff=180.551367, 475.98 sec so far
Iteration 22192: max relative diff=125.512841, 481.00 sec so far
Iteration 22317: max relative diff=70.474316, 486.03 sec so far
Iteration 22442: max relative diff=14.797153, 491.06 sec so far
Iteration 22567: max relative diff=13.511073, 496.09 sec so far
Iteration 22692: max relative diff=12.224466, 501.12 sec so far
Iteration 22817: max relative diff=10.937860, 506.15 sec so far
Iteration 22942: max relative diff=9.651254, 511.19 sec so far
Iteration 23066: max relative diff=8.374941, 516.19 sec so far
Iteration 23191: max relative diff=7.088335, 521.22 sec so far
Iteration 23316: max relative diff=5.801729, 526.25 sec so far
Iteration 23441: max relative diff=4.515122, 531.29 sec so far
Iteration 23566: max relative diff=3.228516, 536.32 sec so far
Iteration 23691: max relative diff=1.941910, 541.35 sec so far
Iteration 23816: max relative diff=0.655291, 546.39 sec so far
Iteration 23941: max relative diff=0.322725, 551.41 sec so far
Iteration 24066: max relative diff=0.292648, 556.45 sec so far
Iteration 24191: max relative diff=0.262572, 561.48 sec so far
Iteration 24316: max relative diff=0.232496, 566.52 sec so far
Iteration 24441: max relative diff=0.202419, 571.55 sec so far
Iteration 24565: max relative diff=0.172584, 576.56 sec so far
Iteration 24690: max relative diff=0.142507, 581.59 sec so far
Iteration 24815: max relative diff=0.112431, 586.62 sec so far
Iteration 24940: max relative diff=0.082355, 591.65 sec so far
Iteration 25065: max relative diff=0.052278, 596.69 sec so far
Iteration 25190: max relative diff=0.022202, 601.72 sec so far
Iteration 25315: max relative diff=0.007705, 606.75 sec so far
Iteration 25440: max relative diff=0.007002, 611.78 sec so far
Iteration 25565: max relative diff=0.006299, 616.80 sec so far
Iteration 25690: max relative diff=0.005596, 621.84 sec so far
Iteration 25815: max relative diff=0.004893, 626.86 sec so far
Iteration 25940: max relative diff=0.004190, 631.90 sec so far
Iteration 26065: max relative diff=0.003487, 636.93 sec so far
Iteration 26190: max relative diff=0.002784, 641.96 sec so far
Iteration 26315: max relative diff=0.002080, 646.99 sec so far
Iteration 26440: max relative diff=0.001377, 652.02 sec so far
Iteration 26565: max relative diff=0.000674, 657.05 sec so far
Iteration 26690: max relative diff=0.000184, 662.08 sec so far
Iteration 26815: max relative diff=0.000167, 667.11 sec so far
Iteration 26940: max relative diff=0.000151, 672.14 sec so far
Iteration 27065: max relative diff=0.000134, 677.17 sec so far
Iteration 27179: max relative diff=0.000119, 682.19 sec so far
Iteration 27301: max relative diff=0.000103, 687.21 sec so far
Iteration 27425: max relative diff=0.000087, 692.21 sec so far
Iteration 27550: max relative diff=0.000071, 697.24 sec so far
Iteration 27672: max relative diff=0.000055, 702.27 sec so far
Iteration 27795: max relative diff=0.000038, 707.29 sec so far
Iteration 27920: max relative diff=0.000022, 712.32 sec so far
Iteration 28045: max relative diff=0.000004, 717.36 sec so far
Iteration 28170: max relative diff=0.000004, 722.38 sec so far
Iteration 28295: max relative diff=0.000004, 727.41 sec so far
Iteration 28420: max relative diff=0.000003, 732.44 sec so far
Iteration 28545: max relative diff=0.000003, 737.47 sec so far
Iteration 28670: max relative diff=0.000003, 742.50 sec so far
Iteration 28795: max relative diff=0.000002, 747.52 sec so far
Iteration 28920: max relative diff=0.000002, 752.56 sec so far
Iteration 29045: max relative diff=0.000001, 757.60 sec so far
Max relative diff between upper and lower bound on convergence: 9.94653E-07
LowItr:15143 , UpItr:22169 

Iterative method: 29167 iterations in 762.51 seconds (average 0.026143, setup 3.40)
Maximum finite value in solution vector at end of interval iteration: 1.5501540910362774E8

Value in the initial state: 3.1007405772931233E7

Time for model checking: 956.327 seconds.

Result: 3.1007405772931233E7 (value in the initial state)

---------------------------------------------------------------------

Note: There were 2 warnings during computation.

