PRISM
=====

Version: 4.4
Date: Fri Feb 19 18:13:31 IRST 2021
Hostname: sadegh-H81M-S2PH
Memory limits: cudd=1g, java(heap)=910.5m
Command line: prism ../../examples/mdps/wlan/wlan3.nm ../../examples/mdps/wlan/cost_max.pctl -s '-ii:upper=66771738' -asynchii -maxiters 900500 -const COL=5 -const TRANS_TIME_MAX=600

Parsing model file "../../examples/mdps/wlan/wlan3.nm"...

Parsing properties file "../../examples/mdps/wlan/cost_max.pctl"...

1 property:
(1) "cost_max": R{"cost"}max=? [ F s1=12&s2=12 ]

Type:        MDP
Modules:     medium station1 station2 
Variables:   col c1 c2 x1 s1 slot1 backoff1 bc1 x2 s2 slot2 backoff2 bc2 

---------------------------------------------------------------------

Model checking: "cost_max": R{"cost"}max=? [ F s1=12&s2=12 ]
Model constants: COL=5,TRANS_TIME_MAX=600

Warning: Not Switching to explicit engine, We implemented the emthods for sparse engine.

Building model...
Model constants: COL=5,TRANS_TIME_MAX=600

Computing reachable states...

Reachability (BFS): 742 iterations in 13.91 seconds (average 0.018745, setup 0.00)

Time for model construction: 16.07 seconds.

Type:        MDP
States:      670413 (1 initial)
Transitions: 1375496
Choices:     1205516

Transition matrix: 271942 nodes (6 terminal), 1375496 minterms, vars: 53r/53c/7nd

Prob0E: 2240 iterations in 50.37 seconds (average 0.022486, setup 0.00)

Prob1A: 1 iterations in 0.04 seconds (average 0.036000, setup 0.00)

goal = 6, inf = 0, maybe = 670407

Warning: Upper bound for interval iteration manually set to 6.6771738E7

Computing remaining rewards...
 8
Building sparse matrix (transitions)... [n=670413, nc=1205510, nnz=1375490, k=3] [22.9 MB]
Building sparse matrix (transition rewards)... [n=670413, nc=1205510, nnz=521934, k=3] [13.1 MB]
Creating vector for state rewards... [5.1 MB]
Creating vector for inf... [5.1 MB]
Creating vector for lower bounds... [5.1 MB]
Creating vector for upper bounds... [5.1 MB]
Allocating iteration vectors... [4 x 5.1 MB]
TOTAL: [76.9 MB]

Starting iterations (interval iteration)...

 Time for pre-computation	: 0.017000 
		 >> 670407 after 0 iters << 
Iteration 582: max relative diff=1.000000, 4.98 sec so far
Iteration 1170: max relative diff=1.000000, 9.99 sec so far
Iteration 1758: max relative diff=1.000000, 14.99 sec so far
Iteration 2346: max relative diff=1.000000, 19.99 sec so far
Iteration 2934: max relative diff=1.000000, 25.00 sec so far
Iteration 3408: max relative diff=66771738.000000, 30.01 sec so far
Iteration 3868: max relative diff=66771738.000000, 35.01 sec so far
Iteration 4329: max relative diff=66763679.956917, 40.02 sec so far
Iteration 4790: max relative diff=66763683.206900, 45.03 sec so far
Iteration 5250: max relative diff=12252319.952143, 50.03 sec so far
Iteration 5710: max relative diff=1137158.789987, 55.04 sec so far
Iteration 6171: max relative diff=53142.037844, 60.05 sec so far
Iteration 6632: max relative diff=1538.832039, 65.06 sec so far
Iteration 7093: max relative diff=1543.576746, 70.06 sec so far
Iteration 7544: max relative diff=296.666591, 75.07 sec so far
Iteration 7923: max relative diff=222.060578, 80.08 sec so far
Iteration 8182: max relative diff=108.022209, 85.09 sec so far
Iteration 8441: max relative diff=6.061553, 90.11 sec so far
Iteration 8700: max relative diff=3.396035, 95.13 sec so far
Iteration 8959: max relative diff=0.730222, 100.15 sec so far
Iteration 9218: max relative diff=0.099745, 105.17 sec so far
Iteration 9477: max relative diff=0.037427, 110.18 sec so far
Iteration 9735: max relative diff=0.002813, 115.19 sec so far
Iteration 9994: max relative diff=0.001356, 120.21 sec so far
Iteration 10253: max relative diff=0.000077, 125.23 sec so far
Iteration 10512: max relative diff=0.000043, 130.25 sec so far
Iteration 10770: max relative diff=0.000009, 135.25 sec so far
Iteration 11028: max relative diff=0.000001, 140.25 sec so far
Max relative diff between upper and lower bound on convergence: 9.9279E-07
LowItr:6309 , UpItr:8118 

Iterative method: 11116 iterations in 141.96 seconds (average 0.012771, setup 1.49)
Maximum finite value in solution vector at end of interval iteration: 6.6439161720651686E7

Value in the initial state: 1.3292235354962915E7

Time for model checking: 194.078 seconds.

Result: 1.3292235354962915E7 (value in the initial state)

---------------------------------------------------------------------

Note: There were 2 warnings during computation.

