PRISM
=====

Version: 4.4
Date: Sat Feb 20 23:07:40 IRST 2021
Hostname: sadegh-H81M-S2PH
Memory limits: cudd=1g, java(heap)=910.5m
Command line: prism ../../examples/mdps/wlan/wlan3.nm ../../examples/mdps/wlan/time_max.pctl -s '-ii:upper=1.2e+12' -backward -maxiters 900500 -const COL=5 -const TRANS_TIME_MAX=1800

Parsing model file "../../examples/mdps/wlan/wlan3.nm"...

Parsing properties file "../../examples/mdps/wlan/time_max.pctl"...

1 property:
(1) "time_max": R{"time"}max=? [ F s1=12&s2=12 ]

Type:        MDP
Modules:     medium station1 station2 
Variables:   col c1 c2 x1 s1 slot1 backoff1 bc1 x2 s2 slot2 backoff2 bc2 

---------------------------------------------------------------------

Model checking: "time_max": R{"time"}max=? [ F s1=12&s2=12 ]
Model constants: COL=5,TRANS_TIME_MAX=1800

Warning: Not Switching to explicit engine, We implemented the emthods for sparse engine.

Building model...
Model constants: COL=5,TRANS_TIME_MAX=1800

Computing reachable states...

Reachability (BFS): 1942 iterations in 84.41 seconds (average 0.043466, setup 0.00)

Time for model construction: 112.733 seconds.

Type:        MDP
States:      1624413 (1 initial)
Transitions: 3301496
Choices:     3131516

Transition matrix: 746449 nodes (6 terminal), 3301496 minterms, vars: 55r/55c/7nd

Prob0E: 5840 iterations in 272.89 seconds (average 0.046728, setup 0.00)

Prob1A: 1 iterations in 0.10 seconds (average 0.105000, setup 0.00)

goal = 6, inf = 0, maybe = 1624407

Warning: Upper bound for interval iteration manually set to 1.2E12

Computing remaining rewards...
 6
Building sparse matrix (transitions)... [n=1624413, nc=3131510, nnz=3301490, k=3] [55.9 MB]
Building sparse matrix (transition rewards)... [n=1624413, nc=3131510, nnz=1463934, k=3] [34.9 MB]
Creating vector for state rewards... [12.4 MB]
Creating vector for inf... [12.4 MB]
Creating vector for lower bounds... [12.4 MB]
Creating vector for upper bounds... [12.4 MB]
Allocating iteration vectors... [4 x 12.4 MB]
TOTAL: [190.0 MB]

Starting iterations (interval iteration)...

Time for state ordering: 0.061000


Iters: 500 , Maximum difference of values of bel_vec: 50 & Maximum difference of values of abov_vec: 1.2E+12 
Iters: 1000 , Maximum difference of values of bel_vec: 50 & Maximum difference of values of abov_vec: 1.2E+12 
Iters: 1500 , Maximum difference of values of bel_vec: 50 & Maximum difference of values of abov_vec: 1.2E+12 
Iters: 2000 , Maximum difference of values of bel_vec: 50 & Maximum difference of values of abov_vec: 1.2E+12 
Iters: 2500 , Maximum difference of values of bel_vec: 50 & Maximum difference of values of abov_vec: 1.2E+12 
Iters: 3000 , Maximum difference of values of bel_vec: 50 & Maximum difference of values of abov_vec: 1.2E+12 
Iters: 3500 , Maximum difference of values of bel_vec: 50 & Maximum difference of values of abov_vec: 1.2E+12 
Iters: 4000 , Maximum difference of values of bel_vec: 50 & Maximum difference of values of abov_vec: 8.48438E+11 
Iters: 4500 , Maximum difference of values of bel_vec: 50 & Maximum difference of values of abov_vec: 8.48438E+11 
Iters: 5000 , Maximum difference of values of bel_vec: 50 & Maximum difference of values of abov_vec: 8.48438E+11 
Iters: 5500 , Maximum difference of values of bel_vec: 9.17969 & Maximum difference of values of abov_vec: 9.49173E+10 
Iters: 6000 , Maximum difference of values of bel_vec: 9.17969 & Maximum difference of values of abov_vec: 9.49173E+10 
Iters: 6500 , Maximum difference of values of bel_vec: 9.17969 & Maximum difference of values of abov_vec: 9.49173E+10 
Iters: 7000 , Maximum difference of values of bel_vec: 9.17969 & Maximum difference of values of abov_vec: 9.49173E+10 
Iters: 7500 , Maximum difference of values of bel_vec: 0.851631 & Maximum difference of values of abov_vec: 5.36343E+09 
Iters: 8000 , Maximum difference of values of bel_vec: 0.851631 & Maximum difference of values of abov_vec: 5.36343E+09 
Iters: 8500 , Maximum difference of values of bel_vec: 0.851631 & Maximum difference of values of abov_vec: 5.36343E+09 
Iters: 9000 , Maximum difference of values of bel_vec: 0.841618 & Maximum difference of values of abov_vec: 5.36343E+09 
Iters: 9500 , Maximum difference of values of bel_vec: 0.0395044 & Maximum difference of values of abov_vec: 2.82189E+08 Iteration 9885: max relative diff=953095033.750421, 499.95 sec so far

Iters: 10000 , Maximum difference of values of bel_vec: 0.0395044 & Maximum difference of values of abov_vec: 2.82189E+08 
Iters: 10500 , Maximum difference of values of bel_vec: 0.0395044 & Maximum difference of values of abov_vec: 2.82189E+08 
Iters: 11000 , Maximum difference of values of bel_vec: 0.000921062 & Maximum difference of values of abov_vec: 5.89648E+06 
Iters: 11500 , Maximum difference of values of bel_vec: 0.000921062 & Maximum difference of values of abov_vec: 5.89648E+06 
Iters: 12000 , Maximum difference of values of bel_vec: 0.000921062 & Maximum difference of values of abov_vec: 5.89648E+06 
Iters: 12500 , Maximum difference of values of bel_vec: 0.000921062 & Maximum difference of values of abov_vec: 5.89648E+06 
Iters: 13000 , Maximum difference of values of bel_vec: 2.14751E-05 & Maximum difference of values of abov_vec: 121845 
Iters: 13500 , Maximum difference of values of bel_vec: 2.14751E-05 & Maximum difference of values of abov_vec: 121845 
Iters: 14000 , Maximum difference of values of bel_vec: 2.14751E-05 & Maximum difference of values of abov_vec: 121845 
Iters: 14500 , Maximum difference of values of bel_vec: 5.00877E-07 & Maximum difference of values of abov_vec: 2494.29 
Iters: 15000 , Maximum difference of values of bel_vec: 5.00877E-07 & Maximum difference of values of abov_vec: 2494.29 
Iters: 15500 , Maximum difference of values of bel_vec: 5.00877E-07 & Maximum difference of values of abov_vec: 2494.29 
Iters: 16000 , Maximum difference of values of bel_vec: 5.00819E-07 & Maximum difference of values of abov_vec: 2494.29 
Iters: 16500 , Maximum difference of values of bel_vec: 1.18162E-08 & Maximum difference of values of abov_vec: 51.0334 
Iters: 17000 , Maximum difference of values of bel_vec: 1.18744E-08 & Maximum difference of values of abov_vec: 51.0334 
Iters: 17500 , Maximum difference of values of bel_vec: 1.18744E-08 & Maximum difference of values of abov_vec: 51.0334 
Iters: 18000 , Maximum difference of values of bel_vec: 1.17579E-08 & Maximum difference of values of abov_vec: 51.0334 
Iters: 18500 , Maximum difference of values of bel_vec: 4.65661E-10 & Maximum difference of values of abov_vec: 1.16555 
Iters: 19000 , Maximum difference of values of bel_vec: 4.65661E-10 & Maximum difference of values of abov_vec: 1.16555 
Iters: 19500 , Maximum difference of values of bel_vec: 4.65661E-10 & Maximum difference of values of abov_vec: 1.16555 Iteration 19771: max relative diff=6.602457, 999.96 sec so far

Iters: 20000 , Maximum difference of values of bel_vec: 1.74623E-10 & Maximum difference of values of abov_vec: 0.0262346 
Iters: 20500 , Maximum difference of values of bel_vec: 1.45519E-10 & Maximum difference of values of abov_vec: 0.0262346 
Iters: 21000 , Maximum difference of values of bel_vec: 1.16415E-10 & Maximum difference of values of abov_vec: 0.0262346 
Iters: 21500 , Maximum difference of values of bel_vec: 1.16415E-10 & Maximum difference of values of abov_vec: 0.0262346 
Iters: 22000 , Maximum difference of values of bel_vec: 5.82077E-11 & Maximum difference of values of abov_vec: 0.000580754 
Iters: 22500 , Maximum difference of values of bel_vec: 2.91038E-11 & Maximum difference of values of abov_vec: 0.000580754 
Iters: 23000 , Maximum difference of values of bel_vec: 5.82077E-11 & Maximum difference of values of abov_vec: 0.000580754 
Iters: 23500 , Maximum difference of values of bel_vec: 0 & Maximum difference of values of abov_vec: 1.26818E-05 
Iters: 24000 , Maximum difference of values of bel_vec: 0 & Maximum difference of values of abov_vec: 1.26818E-05 
Iters: 24500 , Maximum difference of values of bel_vec: 0 & Maximum difference of values of abov_vec: 1.26818E-05 
Iters: 25000 , Maximum difference of values of bel_vec: 0 & Maximum difference of values of abov_vec: 1.26817E-05 
Iters: 25500 , Maximum difference of values of bel_vec: 0 & Maximum difference of values of abov_vec: 2.73838E-07 
Iters: 26000 , Maximum difference of values of bel_vec: 0 & Maximum difference of values of abov_vec: 2.73838E-07 
Iters: 26500 , Maximum difference of values of bel_vec: 0 & Maximum difference of values of abov_vec: 2.73809E-07 
Iters: 27000 , Maximum difference of values of bel_vec: 0 & Maximum difference of values of abov_vec: 2.73809E-07 Max relative diff between upper and lower bound on convergence: 7.6968E-07
Iterative method: 27045 iterations in 1367.75 seconds (average 0.050573, setup 4.25)
Maximum finite value in solution vector at end of interval iteration: 290387.1663902977

Value in the initial state: 290387.1663902977

Time for model checking: 1645.423 seconds.

Result: 290387.1663902977 (value in the initial state)

---------------------------------------------------------------------

Note: There were 2 warnings during computation.

