PRISM
=====

Version: 4.4
Date: Sun Feb 21 09:46:14 IRST 2021
Hostname: sadegh-H81M-S2PH
Memory limits: cudd=1g, java(heap)=910.5m
Command line: prism ../../examples/mdps/wlan/wlan3.nm ../../examples/mdps/wlan/time_max.pctl -s -improvedbk -maxiters 18023 -epsilon 1e-10 -const COL=5 -const TRANS_TIME_MAX=2000

Parsing model file "../../examples/mdps/wlan/wlan3.nm"...

Parsing properties file "../../examples/mdps/wlan/time_max.pctl"...

1 property:
(1) "time_max": R{"time"}max=? [ F s1=12&s2=12 ]

Type:        MDP
Modules:     medium station1 station2 
Variables:   col c1 c2 x1 s1 slot1 backoff1 bc1 x2 s2 slot2 backoff2 bc2 

---------------------------------------------------------------------

Model checking: "time_max": R{"time"}max=? [ F s1=12&s2=12 ]
Model constants: COL=5,TRANS_TIME_MAX=2000

Warning: Not Switching to explicit engine, We implemented the emthods for sparse engine.

Building model...
Model constants: COL=5,TRANS_TIME_MAX=2000

Computing reachable states...

Reachability (BFS): 2142 iterations in 100.00 seconds (average 0.046687, setup 0.00)

Time for model construction: 137.396 seconds.

Type:        MDP
States:      1783413 (1 initial)
Transitions: 3622496
Choices:     3452516

Transition matrix: 821111 nodes (6 terminal), 3622496 minterms, vars: 55r/55c/7nd

Prob0E: 6440 iterations in 338.90 seconds (average 0.052625, setup 0.00)

Prob1A: 1 iterations in 0.11 seconds (average 0.113000, setup 0.00)

goal = 6, inf = 0, maybe = 1783407

Computing remaining rewards...

Building sparse matrix (transitions)... [n=1783413, nc=3452510, nnz=3622490, k=3] [61.4 MB]
Building sparse matrix (transition rewards)... [n=1783413, nc=3452510, nnz=1620934, k=3] [38.5 MB]
Creating vector for state rewards... [13.6 MB]
Creating vector for inf... [13.6 MB]
Creating vector for lower bounds... [13.6 MB]
Creating vector for upper bounds... [13.6 MB]
Allocating iteration vectors... [4 x 13.6 MB]
TOTAL: [208.8 MB]

Starting iterations (interval iteration)...

 Time for pre-computation: 1.572000 Iteration 129: max relative diff=50.000000, 3.44 sec so far
Iteration 324: max relative diff=50.000000, 8.46 sec so far
Iteration 519: max relative diff=50.000000, 13.47 sec so far
Iteration 714: max relative diff=50.000000, 18.49 sec so far
Iteration 909: max relative diff=50.000000, 23.50 sec so far
Iteration 1104: max relative diff=50.000000, 28.51 sec so far
Iteration 1299: max relative diff=50.000000, 33.51 sec so far
Iteration 1494: max relative diff=50.000000, 38.52 sec so far
Iteration 1689: max relative diff=50.000000, 43.55 sec so far
Iteration 1884: max relative diff=50.000000, 48.56 sec so far
Iteration 2079: max relative diff=50.000000, 53.57 sec so far
Iteration 2274: max relative diff=50.000000, 58.58 sec so far
Iteration 2469: max relative diff=50.000000, 63.60 sec so far
Iteration 2664: max relative diff=50.000000, 68.61 sec so far
Iteration 2859: max relative diff=50.000000, 73.62 sec so far
Iteration 3054: max relative diff=50.000000, 78.63 sec so far
Iteration 3249: max relative diff=50.000000, 83.64 sec so far
Iteration 3444: max relative diff=50.000000, 88.65 sec so far
Iteration 3639: max relative diff=50.000000, 93.66 sec so far
Iteration 3834: max relative diff=50.000000, 98.67 sec so far
Iteration 4028: max relative diff=50.000000, 103.67 sec so far
Iteration 4223: max relative diff=50.000000, 108.68 sec so far
Iteration 4418: max relative diff=50.000000, 113.69 sec so far
Iteration 4613: max relative diff=50.000000, 118.71 sec so far
Iteration 4808: max relative diff=50.000000, 123.72 sec so far
Iteration 5003: max relative diff=50.000000, 128.73 sec so far
Iteration 5198: max relative diff=50.000000, 133.74 sec so far
Iteration 5393: max relative diff=50.000000, 138.75 sec so far
Iteration 5588: max relative diff=50.000000, 143.75 sec so far
Iteration 5783: max relative diff=50.000000, 148.76 sec so far
Iteration 5978: max relative diff=50.000000, 153.77 sec so far
Iteration 6173: max relative diff=9.179688, 158.78 sec so far
Iteration 6368: max relative diff=9.179688, 163.80 sec so far
Iteration 6563: max relative diff=9.179688, 168.81 sec so far
Iteration 6758: max relative diff=9.179688, 173.82 sec so far
Iteration 6953: max relative diff=9.179688, 178.82 sec so far
Iteration 7148: max relative diff=9.179688, 183.83 sec so far
Iteration 7343: max relative diff=9.179688, 188.84 sec so far
Iteration 7538: max relative diff=9.179688, 193.84 sec so far
Iteration 7733: max relative diff=9.179688, 198.86 sec so far
Iteration 7928: max relative diff=9.179688, 203.87 sec so far
Iteration 8123: max relative diff=0.851631, 208.88 sec so far
Iteration 8318: max relative diff=0.851631, 213.89 sec so far
Iteration 8513: max relative diff=0.851631, 218.90 sec so far
Iteration 8707: max relative diff=0.851631, 223.90 sec so far
Iteration 8902: max relative diff=0.851631, 228.91 sec so far
Iteration 9097: max relative diff=0.851631, 233.92 sec so far
Iteration 9292: max relative diff=0.851631, 238.92 sec so far
Iteration 9487: max relative diff=0.851631, 243.94 sec so far
Iteration 9682: max relative diff=0.851631, 248.95 sec so far
Iteration 9877: max relative diff=0.851631, 253.96 sec so far
Iteration 10072: max relative diff=0.039712, 258.97 sec so far
Iteration 10267: max relative diff=0.039712, 263.98 sec so far
Iteration 10462: max relative diff=0.039712, 269.00 sec so far
Iteration 10657: max relative diff=0.039712, 274.01 sec so far
Iteration 10852: max relative diff=0.039712, 279.01 sec so far
Iteration 11046: max relative diff=0.039712, 284.02 sec so far
Iteration 11241: max relative diff=0.039712, 289.02 sec so far
Iteration 11436: max relative diff=0.039712, 294.04 sec so far
Iteration 11631: max relative diff=0.039712, 299.05 sec so far
Iteration 11826: max relative diff=0.039712, 304.06 sec so far
Iteration 12021: max relative diff=0.000926, 309.07 sec so far
Iteration 12216: max relative diff=0.000926, 314.08 sec so far
Iteration 12411: max relative diff=0.000926, 319.09 sec so far
Iteration 12606: max relative diff=0.000926, 324.11 sec so far
Iteration 12801: max relative diff=0.000926, 329.12 sec so far
Iteration 12996: max relative diff=0.000926, 334.13 sec so far
Iteration 13191: max relative diff=0.000926, 339.13 sec so far
Iteration 13386: max relative diff=0.000926, 344.15 sec so far
Iteration 13581: max relative diff=0.000926, 349.15 sec so far
Iteration 13776: max relative diff=0.000926, 354.16 sec so far
Iteration 13971: max relative diff=0.000926, 359.17 sec so far
Iteration 14166: max relative diff=0.000022, 364.18 sec so far
Iteration 14361: max relative diff=0.000022, 369.19 sec so far
Iteration 14556: max relative diff=0.000022, 374.20 sec so far
Iteration 14751: max relative diff=0.000022, 379.21 sec so far
Iteration 14946: max relative diff=0.000022, 384.22 sec so far
Iteration 15141: max relative diff=0.000022, 389.23 sec so far
Iteration 15336: max relative diff=0.000022, 394.25 sec so far
Iteration 15531: max relative diff=0.000022, 399.26 sec so far
Iteration 15726: max relative diff=0.000022, 404.28 sec so far
Iteration 15921: max relative diff=0.000022, 409.29 sec so far
Iteration 16116: max relative diff=0.000001, 414.31 sec so far
Iteration 16311: max relative diff=0.000001, 419.32 sec so far
Iteration 16506: max relative diff=0.000001, 424.33 sec so far
Iteration 16701: max relative diff=0.000001, 429.34 sec so far
Iteration 16896: max relative diff=0.000001, 434.35 sec so far
Iteration 17091: max relative diff=0.000001, 439.36 sec so far
Iteration 17286: max relative diff=0.000001, 444.37 sec so far
Iteration 17481: max relative diff=0.000001, 449.39 sec so far
Iteration 17676: max relative diff=0.000001, 454.40 sec so far
Iteration 17871: max relative diff=0.000001, 459.41 sec so far

First round (updates from below) finished after 18022 iters.
Iterative method: 18022 iterations in 463.33 seconds (average 0.025709, setup 4.52)

Value in the initial state: 322401.5199678929

Time for model checking: 808.73 seconds.

Result: 322401.5199678929 (value in the initial state)

---------------------------------------------------------------------

Note: There was 1 warning during computation.

