PRISM
=====

Version: 4.4
Date: Sat Feb 20 02:24:43 IRST 2021
Hostname: sadegh-H81M-S2PH
Memory limits: cudd=1g, java(heap)=910.5m
Command line: prism ../../examples/mdps/wlan/wlan3.nm ../../examples/mdps/wlan/time_max.pctl -s -improvedbk -maxiters 10823 -epsilon 1e-10 -const COL=5 -const TRANS_TIME_MAX=1200

Parsing model file "../../examples/mdps/wlan/wlan3.nm"...

Parsing properties file "../../examples/mdps/wlan/time_max.pctl"...

1 property:
(1) "time_max": R{"time"}max=? [ F s1=12&s2=12 ]

Type:        MDP
Modules:     medium station1 station2 
Variables:   col c1 c2 x1 s1 slot1 backoff1 bc1 x2 s2 slot2 backoff2 bc2 

---------------------------------------------------------------------

Model checking: "time_max": R{"time"}max=? [ F s1=12&s2=12 ]
Model constants: COL=5,TRANS_TIME_MAX=1200

Warning: Not Switching to explicit engine, We implemented the emthods for sparse engine.

Building model...
Model constants: COL=5,TRANS_TIME_MAX=1200

Computing reachable states...

Reachability (BFS): 1342 iterations in 42.04 seconds (average 0.031329, setup 0.00)

Time for model construction: 52.471 seconds.

Type:        MDP
States:      1147413 (1 initial)
Transitions: 2338496
Choices:     2168516

Transition matrix: 521954 nodes (6 terminal), 2338496 minterms, vars: 55r/55c/7nd

Prob0E: 4040 iterations in 145.19 seconds (average 0.035937, setup 0.00)

Prob1A: 1 iterations in 0.07 seconds (average 0.071000, setup 0.00)

goal = 6, inf = 0, maybe = 1147407

Computing remaining rewards...

Building sparse matrix (transitions)... [n=1147413, nc=2168510, nnz=2338490, k=3] [39.4 MB]
Building sparse matrix (transition rewards)... [n=1147413, nc=2168510, nnz=992934, k=3] [24.0 MB]
Creating vector for state rewards... [8.8 MB]
Creating vector for inf... [8.8 MB]
Creating vector for lower bounds... [8.8 MB]
Creating vector for upper bounds... [8.8 MB]
Allocating iteration vectors... [4 x 8.8 MB]
TOTAL: [133.5 MB]

Starting iterations (interval iteration)...

 Time for pre-computation: 1.048000 Iteration 249: max relative diff=50.000000, 3.95 sec so far
Iteration 571: max relative diff=50.000000, 8.96 sec so far
Iteration 893: max relative diff=50.000000, 13.97 sec so far
Iteration 1215: max relative diff=50.000000, 18.98 sec so far
Iteration 1537: max relative diff=50.000000, 23.99 sec so far
Iteration 1859: max relative diff=50.000000, 29.00 sec so far
Iteration 2181: max relative diff=50.000000, 34.01 sec so far
Iteration 2503: max relative diff=50.000000, 39.02 sec so far
Iteration 2824: max relative diff=50.000000, 44.03 sec so far
Iteration 3146: max relative diff=50.000000, 49.03 sec so far
Iteration 3468: max relative diff=50.000000, 54.05 sec so far
Iteration 3790: max relative diff=9.179688, 59.06 sec so far
Iteration 4112: max relative diff=9.179688, 64.06 sec so far
Iteration 4434: max relative diff=9.179688, 69.06 sec so far
Iteration 4756: max relative diff=9.179688, 74.07 sec so far
Iteration 5078: max relative diff=0.851631, 79.08 sec so far
Iteration 5400: max relative diff=0.851631, 84.09 sec so far
Iteration 5722: max relative diff=0.851631, 89.10 sec so far
Iteration 6038: max relative diff=0.039504, 94.12 sec so far
Iteration 6360: max relative diff=0.039504, 99.13 sec so far
Iteration 6682: max relative diff=0.039504, 104.14 sec so far
Iteration 7003: max relative diff=0.039504, 109.15 sec so far
Iteration 7325: max relative diff=0.000921, 114.16 sec so far
Iteration 7646: max relative diff=0.000921, 119.17 sec so far
Iteration 7968: max relative diff=0.000921, 124.17 sec so far
Iteration 8290: max relative diff=0.000921, 129.18 sec so far
Iteration 8612: max relative diff=0.000021, 134.19 sec so far
Iteration 8934: max relative diff=0.000021, 139.19 sec so far
Iteration 9256: max relative diff=0.000021, 144.21 sec so far
Iteration 9578: max relative diff=0.000021, 149.22 sec so far
Iteration 9900: max relative diff=0.000001, 154.23 sec so far
Iteration 10222: max relative diff=0.000001, 159.24 sec so far
Iteration 10543: max relative diff=0.000001, 164.24 sec so far

First round (updates from below) finished after 10822 iters.
Iterative method: 10822 iterations in 168.60 seconds (average 0.015579, setup 2.84)

Value in the initial state: 194344.10672217558

Time for model checking: 318.013 seconds.

Result: 194344.10672217558 (value in the initial state)

---------------------------------------------------------------------

Note: There was 1 warning during computation.

