PRISM
=====

Version: 4.4
Date: Sat Feb 20 10:24:36 IRST 2021
Hostname: sadegh-H81M-S2PH
Memory limits: cudd=1g, java(heap)=910.5m
Command line: prism ../../examples/mdps/wlan/wlan3.nm ../../examples/mdps/wlan/time_max.pctl -s '-ii:upper=240070' -asynchupper -maxiters 900500 -const COL=5 -const TRANS_TIME_MAX=1500

Parsing model file "../../examples/mdps/wlan/wlan3.nm"...

Parsing properties file "../../examples/mdps/wlan/time_max.pctl"...

1 property:
(1) "time_max": R{"time"}max=? [ F s1=12&s2=12 ]

Type:        MDP
Modules:     medium station1 station2 
Variables:   col c1 c2 x1 s1 slot1 backoff1 bc1 x2 s2 slot2 backoff2 bc2 

---------------------------------------------------------------------

Model checking: "time_max": R{"time"}max=? [ F s1=12&s2=12 ]
Model constants: COL=5,TRANS_TIME_MAX=1500

Warning: Not Switching to explicit engine, We implemented the emthods for sparse engine.

Building model...
Model constants: COL=5,TRANS_TIME_MAX=1500

Computing reachable states...

Reachability (BFS): 1642 iterations in 61.35 seconds (average 0.037362, setup 0.00)

Time for model construction: 79.31 seconds.

Type:        MDP
States:      1385913 (1 initial)
Transitions: 2819996
Choices:     2650016

Transition matrix: 634206 nodes (6 terminal), 2819996 minterms, vars: 55r/55c/7nd

Prob0E: 4940 iterations in 218.02 seconds (average 0.044134, setup 0.00)

Prob1A: 1 iterations in 0.09 seconds (average 0.088000, setup 0.00)

goal = 6, inf = 0, maybe = 1385907

Warning: Upper bound for interval iteration manually set to 240070.0

Computing remaining rewards...
 10
Building sparse matrix (transitions)... [n=1385913, nc=2650010, nnz=2819990, k=3] [47.7 MB]
Building sparse matrix (transition rewards)... [n=1385913, nc=2650010, nnz=1228434, k=3] [29.5 MB]
Creating vector for state rewards... [10.6 MB]
Creating vector for inf... [10.6 MB]
Creating vector for lower bounds... [10.6 MB]
Creating vector for upper bounds... [10.6 MB]
Allocating iteration vectors... [4 x 10.6 MB]
TOTAL: [161.7 MB]

Starting iterations (interval iteration)...

Soln above finished after 15031 iterations, while flag is False.

Checking for lower bound passed after 19 iterations.Iteration 1: max relative diff=1.000000, 359.45 sec so far
Iteration 263: max relative diff=1.000000, 364.45 sec so far
Iteration 525: max relative diff=1.000000, 369.46 sec so far
Iteration 787: max relative diff=1.000000, 374.46 sec so far
Iteration 1049: max relative diff=1.000000, 379.46 sec so far
Iteration 1311: max relative diff=1.000000, 384.47 sec so far
Iteration 1573: max relative diff=1.000000, 389.48 sec so far
Iteration 1835: max relative diff=1.000000, 394.49 sec so far
Iteration 2097: max relative diff=1.000000, 399.50 sec so far
Iteration 2360: max relative diff=1.000000, 404.51 sec so far
Iteration 2622: max relative diff=1.000000, 409.52 sec so far
Iteration 2884: max relative diff=1.000000, 414.53 sec so far
Iteration 3146: max relative diff=1.000000, 419.54 sec so far
Iteration 3408: max relative diff=1.000000, 424.55 sec so far
Iteration 3670: max relative diff=1.000000, 429.55 sec so far
Iteration 3932: max relative diff=1.000000, 434.56 sec so far
Iteration 4195: max relative diff=1.000000, 439.58 sec so far
Iteration 4458: max relative diff=1.000000, 444.59 sec so far
Iteration 4720: max relative diff=1.000000, 449.60 sec so far
Iteration 4983: max relative diff=1.000000, 454.60 sec so far
Iteration 5246: max relative diff=1.000000, 459.61 sec so far
Iteration 5510: max relative diff=1.000000, 464.63 sec so far
Iteration 5773: max relative diff=1.000000, 469.63 sec so far
Iteration 6036: max relative diff=1.000000, 474.64 sec so far
Iteration 6299: max relative diff=1.000000, 479.64 sec so far
Iteration 6562: max relative diff=1.000000, 484.65 sec so far
Iteration 6825: max relative diff=1.000000, 489.65 sec so far
Iteration 7089: max relative diff=1.000000, 494.67 sec so far
Iteration 7353: max relative diff=1.000000, 499.69 sec so far
Iteration 7616: max relative diff=1.000000, 504.70 sec so far
Iteration 7879: max relative diff=1.000000, 509.71 sec so far
Iteration 8142: max relative diff=1.000000, 514.72 sec so far
Iteration 8405: max relative diff=1.000000, 519.73 sec so far
Iteration 8668: max relative diff=1.000000, 524.73 sec so far
Iteration 8931: max relative diff=1.000000, 529.74 sec so far
Iteration 9194: max relative diff=1.000000, 534.74 sec so far
Iteration 9458: max relative diff=1.000000, 539.75 sec so far
Iteration 9721: max relative diff=1.000000, 544.76 sec so far
Iteration 9985: max relative diff=1.000000, 549.77 sec so far
Iteration 10248: max relative diff=1.000000, 554.78 sec so far
Iteration 10510: max relative diff=1.000000, 559.79 sec so far
Iteration 10773: max relative diff=1.000000, 564.80 sec so far
Iteration 11036: max relative diff=1.000000, 569.81 sec so far
Iteration 11299: max relative diff=1.000000, 574.82 sec so far
Iteration 11562: max relative diff=1.000000, 579.83 sec so far
Iteration 11825: max relative diff=1.000000, 584.84 sec so far
Iteration 12040: max relative diff=0.000076, 589.87 sec so far
Iteration 12161: max relative diff=0.000070, 594.88 sec so far
Iteration 12282: max relative diff=0.000064, 599.90 sec so far
Iteration 12403: max relative diff=0.000058, 604.91 sec so far
Iteration 12524: max relative diff=0.000052, 609.92 sec so far
Iteration 12645: max relative diff=0.000046, 614.94 sec so far
Iteration 12766: max relative diff=0.000040, 619.95 sec so far
Iteration 12887: max relative diff=0.000034, 624.97 sec so far
Iteration 13008: max relative diff=0.000028, 629.99 sec so far
Iteration 13129: max relative diff=0.000022, 635.00 sec so far
Iteration 13250: max relative diff=0.000016, 640.01 sec so far
Iteration 13371: max relative diff=0.000010, 645.02 sec so far
Iteration 13492: max relative diff=0.000004, 650.03 sec so far
Iteration 13613: max relative diff=0.000002, 655.05 sec so far
Iteration 13734: max relative diff=0.000002, 660.07 sec so far
Iteration 13855: max relative diff=0.000001, 665.08 sec so far
Iteration 13976: max relative diff=0.000001, 670.09 sec so far
Iteration 14097: max relative diff=0.000001, 675.11 sec so far
Max relative diff between upper and lower bound on convergence: 9.99746E-07
LowItr:14228 , UpItr:17243  

Iterative method: 14209 iterations in 679.75 seconds (average 0.047839, setup 3.68)
Maximum finite value in solution vector at end of interval iteration: 242365.63656275667

Value in the initial state: 242365.63656275667

Time for model checking: 901.877 seconds.

Result: 242365.63656275667 (value in the initial state)

---------------------------------------------------------------------

Note: There were 2 warnings during computation.

