PRISM
=====

Version: 4.4
Date: Sat Feb 20 12:32:57 IRST 2021
Hostname: sadegh-H81M-S2PH
Memory limits: cudd=1g, java(heap)=910.5m
Command line: prism ../../examples/mdps/wlan/wlan3.nm ../../examples/mdps/wlan/cost_max.pctl -s '-ii:upper=1.2e+12' -backward -maxiters 900500 -const COL=5 -const TRANS_TIME_MAX=1600

Parsing model file "../../examples/mdps/wlan/wlan3.nm"...

Parsing properties file "../../examples/mdps/wlan/cost_max.pctl"...

1 property:
(1) "cost_max": R{"cost"}max=? [ F s1=12&s2=12 ]

Type:        MDP
Modules:     medium station1 station2 
Variables:   col c1 c2 x1 s1 slot1 backoff1 bc1 x2 s2 slot2 backoff2 bc2 

---------------------------------------------------------------------

Model checking: "cost_max": R{"cost"}max=? [ F s1=12&s2=12 ]
Model constants: COL=5,TRANS_TIME_MAX=1600

Warning: Not Switching to explicit engine, We implemented the emthods for sparse engine.

Building model...
Model constants: COL=5,TRANS_TIME_MAX=1600

Computing reachable states...

Reachability (BFS): 1742 iterations in 69.45 seconds (average 0.039869, setup 0.00)

Time for model construction: 90.658 seconds.

Type:        MDP
States:      1465413 (1 initial)
Transitions: 2980496
Choices:     2810516

Transition matrix: 671459 nodes (6 terminal), 2980496 minterms, vars: 55r/55c/7nd

Prob0E: 5240 iterations in 229.04 seconds (average 0.043711, setup 0.00)

Prob1A: 1 iterations in 0.09 seconds (average 0.094000, setup 0.00)

goal = 6, inf = 0, maybe = 1465407

Warning: Upper bound for interval iteration manually set to 1.2E12

Computing remaining rewards...
 6
Building sparse matrix (transitions)... [n=1465413, nc=2810510, nnz=2980490, k=3] [50.4 MB]
Building sparse matrix (transition rewards)... [n=1465413, nc=2810510, nnz=1306934, k=3] [31.3 MB]
Creating vector for state rewards... [11.2 MB]
Creating vector for inf... [11.2 MB]
Creating vector for lower bounds... [11.2 MB]
Creating vector for upper bounds... [11.2 MB]
Allocating iteration vectors... [4 x 11.2 MB]
TOTAL: [171.1 MB]

Starting iterations (interval iteration)...

Time for state ordering: 0.049000


Iters: 500 , Maximum difference of values of bel_vec: 100000 & Maximum difference of values of abov_vec: 1.2E+12 
Iters: 1000 , Maximum difference of values of bel_vec: 100000 & Maximum difference of values of abov_vec: 1.2E+12 
Iters: 1500 , Maximum difference of values of bel_vec: 100000 & Maximum difference of values of abov_vec: 1.2E+12 
Iters: 2000 , Maximum difference of values of bel_vec: 9730.96 & Maximum difference of values of abov_vec: 1.2E+12 
Iters: 2500 , Maximum difference of values of bel_vec: 9730.96 & Maximum difference of values of abov_vec: 1.2E+12 
Iters: 3000 , Maximum difference of values of bel_vec: 9730.96 & Maximum difference of values of abov_vec: 1.2E+12 
Iters: 3500 , Maximum difference of values of bel_vec: 1000 & Maximum difference of values of abov_vec: 8.48437E+11 
Iters: 4000 , Maximum difference of values of bel_vec: 1000 & Maximum difference of values of abov_vec: 8.48437E+11 
Iters: 4500 , Maximum difference of values of bel_vec: 1000 & Maximum difference of values of abov_vec: 8.48437E+11 
Iters: 5000 , Maximum difference of values of bel_vec: 170.824 & Maximum difference of values of abov_vec: 9.49173E+10 
Iters: 5500 , Maximum difference of values of bel_vec: 170.824 & Maximum difference of values of abov_vec: 9.49173E+10 
Iters: 6000 , Maximum difference of values of bel_vec: 170.824 & Maximum difference of values of abov_vec: 9.49173E+10 
Iters: 6500 , Maximum difference of values of bel_vec: 10.3637 & Maximum difference of values of abov_vec: 5.36342E+09 
Iters: 7000 , Maximum difference of values of bel_vec: 10.3637 & Maximum difference of values of abov_vec: 5.36342E+09 
Iters: 7500 , Maximum difference of values of bel_vec: 10.3637 & Maximum difference of values of abov_vec: 5.36342E+09 
Iters: 8000 , Maximum difference of values of bel_vec: 9.05528 & Maximum difference of values of abov_vec: 5.36342E+09 
Iters: 8500 , Maximum difference of values of bel_vec: 0.440308 & Maximum difference of values of abov_vec: 2.82187E+08 
Iters: 9000 , Maximum difference of values of bel_vec: 0.440308 & Maximum difference of values of abov_vec: 2.82187E+08 
Iters: 9500 , Maximum difference of values of bel_vec: 0.440308 & Maximum difference of values of abov_vec: 2.82187E+08 
Iters: 10000 , Maximum difference of values of bel_vec: 0.0102929 & Maximum difference of values of abov_vec: 5.89488E+06 
Iters: 10500 , Maximum difference of values of bel_vec: 0.0102929 & Maximum difference of values of abov_vec: 5.89488E+06 Iteration 10939: max relative diff=22279992.549557, 499.95 sec so far

Iters: 11000 , Maximum difference of values of bel_vec: 0.0102929 & Maximum difference of values of abov_vec: 5.89488E+06 
Iters: 11500 , Maximum difference of values of bel_vec: 0.000240631 & Maximum difference of values of abov_vec: 123535 
Iters: 12000 , Maximum difference of values of bel_vec: 0.000240631 & Maximum difference of values of abov_vec: 123535 
Iters: 12500 , Maximum difference of values of bel_vec: 0.000240631 & Maximum difference of values of abov_vec: 123535 
Iters: 13000 , Maximum difference of values of bel_vec: 5.64754E-06 & Maximum difference of values of abov_vec: 2363.49 
Iters: 13500 , Maximum difference of values of bel_vec: 5.64754E-06 & Maximum difference of values of abov_vec: 2363.49 
Iters: 14000 , Maximum difference of values of bel_vec: 5.64754E-06 & Maximum difference of values of abov_vec: 2363.49 
Iters: 14500 , Maximum difference of values of bel_vec: 1.56462E-07 & Maximum difference of values of abov_vec: 55.4076 
Iters: 15000 , Maximum difference of values of bel_vec: 1.56462E-07 & Maximum difference of values of abov_vec: 55.4076 
Iters: 15500 , Maximum difference of values of bel_vec: 1.56462E-07 & Maximum difference of values of abov_vec: 55.4076 
Iters: 16000 , Maximum difference of values of bel_vec: 1.49012E-07 & Maximum difference of values of abov_vec: 55.4076 
Iters: 16500 , Maximum difference of values of bel_vec: 2.98023E-08 & Maximum difference of values of abov_vec: 1.11727 
Iters: 17000 , Maximum difference of values of bel_vec: 2.98023E-08 & Maximum difference of values of abov_vec: 1.11727 
Iters: 17500 , Maximum difference of values of bel_vec: 2.98023E-08 & Maximum difference of values of abov_vec: 1.11727 
Iters: 18000 , Maximum difference of values of bel_vec: 2.98023E-08 & Maximum difference of values of abov_vec: 0.0255915 
Iters: 18500 , Maximum difference of values of bel_vec: 2.98023E-08 & Maximum difference of values of abov_vec: 0.0255915 
Iters: 19000 , Maximum difference of values of bel_vec: 2.23517E-08 & Maximum difference of values of abov_vec: 0.0255915 
Iters: 19500 , Maximum difference of values of bel_vec: 0 & Maximum difference of values of abov_vec: 0.000567749 
Iters: 20000 , Maximum difference of values of bel_vec: 0 & Maximum difference of values of abov_vec: 0.000567749 
Iters: 20500 , Maximum difference of values of bel_vec: 0 & Maximum difference of values of abov_vec: 0.000567749 
Iters: 21000 , Maximum difference of values of bel_vec: 0 & Maximum difference of values of abov_vec: 1.24052E-05 
Iters: 21500 , Maximum difference of values of bel_vec: 0 & Maximum difference of values of abov_vec: 1.24052E-05 Iteration 21882: max relative diff=0.000085, 999.98 sec so far

Iters: 22000 , Maximum difference of values of bel_vec: 0 & Maximum difference of values of abov_vec: 1.24052E-05 
Iters: 22500 , Maximum difference of values of bel_vec: 0 & Maximum difference of values of abov_vec: 2.75671E-07 
Iters: 23000 , Maximum difference of values of bel_vec: 0 & Maximum difference of values of abov_vec: 2.75671E-07 
Iters: 23500 , Maximum difference of values of bel_vec: 0 & Maximum difference of values of abov_vec: 2.75671E-07 
Iters: 24000 , Maximum difference of values of bel_vec: 0 & Maximum difference of values of abov_vec: 2.75671E-07 Max relative diff between upper and lower bound on convergence: 7.52509E-07
Iterative method: 24039 iterations in 1098.56 seconds (average 0.045699, setup 3.78)
Maximum finite value in solution vector at end of interval iteration: 1.7715947094937187E8

Value in the initial state: 3.543619837742412E7

Time for model checking: 1331.734 seconds.

Result: 3.543619837742412E7 (value in the initial state)

---------------------------------------------------------------------

Note: There were 2 warnings during computation.

