PRISM
=====

Version: 4.4
Date: Fri Feb 19 18:00:34 IRST 2021
Hostname: sadegh-H81M-S2PH
Memory limits: cudd=1g, java(heap)=910.5m
Command line: prism ../../examples/mdps/wlan/wlan3.nm ../../examples/mdps/wlan/cost_max.pctl -s -improvedbk -maxiters 6045 -epsilon 1e-10 -const COL=5 -const TRANS_TIME_MAX=600

Parsing model file "../../examples/mdps/wlan/wlan3.nm"...

Parsing properties file "../../examples/mdps/wlan/cost_max.pctl"...

1 property:
(1) "cost_max": R{"cost"}max=? [ F s1=12&s2=12 ]

Type:        MDP
Modules:     medium station1 station2 
Variables:   col c1 c2 x1 s1 slot1 backoff1 bc1 x2 s2 slot2 backoff2 bc2 

---------------------------------------------------------------------

Model checking: "cost_max": R{"cost"}max=? [ F s1=12&s2=12 ]
Model constants: COL=5,TRANS_TIME_MAX=600

Warning: Not Switching to explicit engine, We implemented the emthods for sparse engine.

Building model...
Model constants: COL=5,TRANS_TIME_MAX=600

Computing reachable states...

Reachability (BFS): 742 iterations in 14.04 seconds (average 0.018915, setup 0.00)

Time for model construction: 16.189 seconds.

Type:        MDP
States:      670413 (1 initial)
Transitions: 1375496
Choices:     1205516

Transition matrix: 271942 nodes (6 terminal), 1375496 minterms, vars: 53r/53c/7nd

Prob0E: 2240 iterations in 50.57 seconds (average 0.022576, setup 0.00)

Prob1A: 1 iterations in 0.04 seconds (average 0.036000, setup 0.00)

goal = 6, inf = 0, maybe = 670407

Computing remaining rewards...

Building sparse matrix (transitions)... [n=670413, nc=1205510, nnz=1375490, k=3] [22.9 MB]
Building sparse matrix (transition rewards)... [n=670413, nc=1205510, nnz=521934, k=3] [13.1 MB]
Creating vector for state rewards... [5.1 MB]
Creating vector for inf... [5.1 MB]
Creating vector for lower bounds... [5.1 MB]
Creating vector for upper bounds... [5.1 MB]
Allocating iteration vectors... [4 x 5.1 MB]
TOTAL: [76.9 MB]

Starting iterations (interval iteration)...

 Time for pre-computation: 0.640000 Iteration 487: max relative diff=100000.000000, 4.36 sec so far
Iteration 1051: max relative diff=9730.957031, 9.36 sec so far
Iteration 1616: max relative diff=1000.000000, 14.37 sec so far
Iteration 2180: max relative diff=170.824338, 19.37 sec so far
Iteration 2744: max relative diff=10.363694, 24.37 sec so far
Iteration 3309: max relative diff=0.440308, 29.38 sec so far
Iteration 3874: max relative diff=0.010293, 34.38 sec so far
Iteration 4440: max relative diff=0.000241, 39.39 sec so far
Iteration 5005: max relative diff=0.000006, 44.39 sec so far
Iteration 5570: max relative diff=0.000000, 49.39 sec so far

First round (updates from below) finished after 6044 iters.
Iterative method: 6044 iterations in 53.60 seconds (average 0.008868, setup 1.45)

Value in the initial state: 1.3292235354961606E7

Time for model checking: 106.401 seconds.

Result: 1.3292235354961606E7 (value in the initial state)

---------------------------------------------------------------------

Note: There was 1 warning during computation.

