PRISM
=====

Version: 4.4
Date: Sat Feb 20 07:01:10 IRST 2021
Hostname: sadegh-H81M-S2PH
Memory limits: cudd=1g, java(heap)=910.5m
Command line: prism ../../examples/mdps/wlan/wlan3.nm ../../examples/mdps/wlan/cost_max.pctl -s '-ii:upper=155348538' -asynchii -maxiters 900500 -const COL=5 -const TRANS_TIME_MAX=1400

Parsing model file "../../examples/mdps/wlan/wlan3.nm"...

Parsing properties file "../../examples/mdps/wlan/cost_max.pctl"...

1 property:
(1) "cost_max": R{"cost"}max=? [ F s1=12&s2=12 ]

Type:        MDP
Modules:     medium station1 station2 
Variables:   col c1 c2 x1 s1 slot1 backoff1 bc1 x2 s2 slot2 backoff2 bc2 

---------------------------------------------------------------------

Model checking: "cost_max": R{"cost"}max=? [ F s1=12&s2=12 ]
Model constants: COL=5,TRANS_TIME_MAX=1400

Warning: Not Switching to explicit engine, We implemented the emthods for sparse engine.

Building model...
Model constants: COL=5,TRANS_TIME_MAX=1400

Computing reachable states...

Reachability (BFS): 1542 iterations in 53.36 seconds (average 0.034606, setup 0.00)

Time for model construction: 68.557 seconds.

Type:        MDP
States:      1306413 (1 initial)
Transitions: 2659496
Choices:     2489516

Transition matrix: 596764 nodes (6 terminal), 2659496 minterms, vars: 55r/55c/7nd

Prob0E: 4640 iterations in 188.86 seconds (average 0.040703, setup 0.00)

Prob1A: 1 iterations in 0.09 seconds (average 0.086000, setup 0.00)

goal = 6, inf = 0, maybe = 1306407

Warning: Upper bound for interval iteration manually set to 1.55348538E8

Computing remaining rewards...
 8
Building sparse matrix (transitions)... [n=1306413, nc=2489510, nnz=2659490, k=3] [44.9 MB]
Building sparse matrix (transition rewards)... [n=1306413, nc=2489510, nnz=1149934, k=3] [27.6 MB]
Creating vector for state rewards... [10.0 MB]
Creating vector for inf... [10.0 MB]
Creating vector for lower bounds... [10.0 MB]
Creating vector for upper bounds... [10.0 MB]
Allocating iteration vectors... [4 x 10.0 MB]
TOTAL: [152.3 MB]

Starting iterations (interval iteration)...

 Time for pre-computation	: 0.035000 
		 >> 1306407 after 0 iters << 
Iteration 268: max relative diff=1.000000, 4.97 sec so far
Iteration 544: max relative diff=1.000000, 9.98 sec so far
Iteration 820: max relative diff=1.000000, 14.99 sec so far
Iteration 1096: max relative diff=1.000000, 20.00 sec so far
Iteration 1372: max relative diff=1.000000, 25.01 sec so far
Iteration 1648: max relative diff=1.000000, 30.03 sec so far
Iteration 1924: max relative diff=1.000000, 35.04 sec so far
Iteration 2196: max relative diff=1.000000, 40.05 sec so far
Iteration 2472: max relative diff=1.000000, 45.06 sec so far
Iteration 2748: max relative diff=1.000000, 50.07 sec so far
Iteration 3024: max relative diff=1.000000, 55.09 sec so far
Iteration 3300: max relative diff=1.000000, 60.10 sec so far
Iteration 3576: max relative diff=1.000000, 65.11 sec so far
Iteration 3852: max relative diff=1.000000, 70.12 sec so far
Iteration 4128: max relative diff=1.000000, 75.14 sec so far
Iteration 4404: max relative diff=1.000000, 80.15 sec so far
Iteration 4680: max relative diff=1.000000, 85.16 sec so far
Iteration 4952: max relative diff=1.000000, 90.17 sec so far
Iteration 5228: max relative diff=1.000000, 95.18 sec so far
Iteration 5504: max relative diff=1.000000, 100.20 sec so far
Iteration 5780: max relative diff=1.000000, 105.21 sec so far
Iteration 6056: max relative diff=1.000000, 110.22 sec so far
Iteration 6332: max relative diff=1.000000, 115.24 sec so far
Iteration 6608: max relative diff=1.000000, 120.25 sec so far
Iteration 6884: max relative diff=1.000000, 125.25 sec so far
Iteration 7133: max relative diff=155348538.000000, 130.26 sec so far
Iteration 7365: max relative diff=155348538.000000, 135.28 sec so far
Iteration 7597: max relative diff=155348538.000000, 140.30 sec so far
Iteration 7829: max relative diff=155348538.000000, 145.31 sec so far
Iteration 8061: max relative diff=155348538.000000, 150.33 sec so far
Iteration 8293: max relative diff=155348538.000000, 155.35 sec so far
Iteration 8525: max relative diff=155348538.000000, 160.36 sec so far
Iteration 8757: max relative diff=155348538.000000, 165.38 sec so far
Iteration 8989: max relative diff=155348538.000000, 170.40 sec so far
Iteration 9221: max relative diff=155348538.000000, 175.41 sec so far
Iteration 9453: max relative diff=155348538.000000, 180.42 sec so far
Iteration 9685: max relative diff=155348538.000000, 185.43 sec so far
Iteration 9917: max relative diff=155330252.468943, 190.45 sec so far
Iteration 10149: max relative diff=155330254.051844, 195.46 sec so far
Iteration 10381: max relative diff=155330255.634746, 200.48 sec so far
Iteration 10613: max relative diff=155330257.217647, 205.49 sec so far
Iteration 10845: max relative diff=155330258.800549, 210.51 sec so far
Iteration 11077: max relative diff=155330260.383450, 215.52 sec so far
Iteration 11309: max relative diff=28505673.479989, 220.53 sec so far
Iteration 11541: max relative diff=28505775.631493, 225.54 sec so far
Iteration 11773: max relative diff=28505877.782998, 230.56 sec so far
Iteration 12005: max relative diff=28505979.934502, 235.58 sec so far
Iteration 12237: max relative diff=28506082.086006, 240.60 sec so far
Iteration 12469: max relative diff=28506184.237510, 245.61 sec so far
Iteration 12701: max relative diff=2645409.095515, 250.62 sec so far
Iteration 12933: max relative diff=2645511.247019, 255.64 sec so far
Iteration 13165: max relative diff=2645613.398523, 260.65 sec so far
Iteration 13397: max relative diff=2645715.550027, 265.66 sec so far
Iteration 13628: max relative diff=2645817.261223, 270.67 sec so far
Iteration 13860: max relative diff=2645919.412728, 275.69 sec so far
Iteration 14092: max relative diff=123459.010318, 280.70 sec so far
Iteration 14324: max relative diff=123561.161822, 285.72 sec so far
Iteration 14556: max relative diff=123663.313326, 290.74 sec so far
Iteration 14788: max relative diff=123765.464831, 295.75 sec so far
Iteration 15020: max relative diff=123867.616335, 300.77 sec so far
Iteration 15252: max relative diff=123969.767839, 305.78 sec so far
Iteration 15484: max relative diff=3536.188907, 310.80 sec so far
Iteration 15716: max relative diff=3538.576848, 315.81 sec so far
Iteration 15948: max relative diff=3540.964789, 320.83 sec so far
Iteration 16180: max relative diff=3543.352730, 325.84 sec so far
Iteration 16411: max relative diff=3545.730378, 330.85 sec so far
Iteration 16643: max relative diff=3548.118319, 335.86 sec so far
Iteration 16867: max relative diff=697.299015, 340.87 sec so far
Iteration 17099: max relative diff=697.354837, 345.88 sec so far
Iteration 17331: max relative diff=697.410659, 350.90 sec so far
Iteration 17563: max relative diff=697.466480, 355.91 sec so far
Iteration 17795: max relative diff=697.522302, 360.92 sec so far
Iteration 18027: max relative diff=697.578124, 365.93 sec so far
Iteration 18240: max relative diff=621.483750, 370.94 sec so far
Iteration 18366: max relative diff=566.020518, 375.96 sec so far
Iteration 18492: max relative diff=510.542393, 380.97 sec so far
Iteration 18618: max relative diff=455.064267, 385.98 sec so far
Iteration 18744: max relative diff=399.586142, 391.00 sec so far
Iteration 18870: max relative diff=344.108016, 396.01 sec so far
Iteration 18996: max relative diff=288.629891, 401.03 sec so far
Iteration 19122: max relative diff=233.151765, 406.04 sec so far
Iteration 19248: max relative diff=177.673640, 411.05 sec so far
Iteration 19374: max relative diff=122.195514, 416.06 sec so far
Iteration 19500: max relative diff=66.717389, 421.07 sec so far
Iteration 19626: max relative diff=14.700288, 426.08 sec so far
Iteration 19752: max relative diff=13.402512, 431.09 sec so far
Iteration 19878: max relative diff=12.105630, 436.10 sec so far
Iteration 20004: max relative diff=10.808747, 441.11 sec so far
Iteration 20130: max relative diff=9.511865, 446.12 sec so far
Iteration 20256: max relative diff=8.214982, 451.15 sec so far
Iteration 20382: max relative diff=6.918100, 456.16 sec so far
Iteration 20508: max relative diff=5.621217, 461.17 sec so far
Iteration 20634: max relative diff=4.324335, 466.18 sec so far
Iteration 20760: max relative diff=3.027452, 471.19 sec so far
Iteration 20886: max relative diff=1.730570, 476.20 sec so far
Iteration 21012: max relative diff=0.433757, 481.21 sec so far
Iteration 21138: max relative diff=0.317299, 486.22 sec so far
Iteration 21264: max relative diff=0.286983, 491.24 sec so far
Iteration 21390: max relative diff=0.256666, 496.24 sec so far
Iteration 21516: max relative diff=0.226350, 501.25 sec so far
Iteration 21642: max relative diff=0.196033, 506.26 sec so far
Iteration 21768: max relative diff=0.165717, 511.28 sec so far
Iteration 21894: max relative diff=0.135400, 516.29 sec so far
Iteration 22020: max relative diff=0.105084, 521.30 sec so far
Iteration 22146: max relative diff=0.074767, 526.31 sec so far
Iteration 22272: max relative diff=0.044451, 531.32 sec so far
Iteration 22398: max relative diff=0.014134, 536.33 sec so far
Iteration 22524: max relative diff=0.007511, 541.34 sec so far
Iteration 22650: max relative diff=0.006802, 546.35 sec so far
Iteration 22776: max relative diff=0.006093, 551.36 sec so far
Iteration 22902: max relative diff=0.005385, 556.38 sec so far
Iteration 23028: max relative diff=0.004676, 561.39 sec so far
Iteration 23154: max relative diff=0.003967, 566.40 sec so far
Iteration 23280: max relative diff=0.003259, 571.42 sec so far
Iteration 23406: max relative diff=0.002550, 576.43 sec so far
Iteration 23532: max relative diff=0.001841, 581.45 sec so far
Iteration 23658: max relative diff=0.001133, 586.46 sec so far
Iteration 23784: max relative diff=0.000424, 591.48 sec so far
Iteration 23910: max relative diff=0.000178, 596.49 sec so far
Iteration 24036: max relative diff=0.000161, 601.50 sec so far
Iteration 24162: max relative diff=0.000145, 606.51 sec so far
Iteration 24288: max relative diff=0.000128, 611.52 sec so far
Iteration 24414: max relative diff=0.000111, 616.52 sec so far
Iteration 24540: max relative diff=0.000095, 621.54 sec so far
Iteration 24666: max relative diff=0.000078, 626.55 sec so far
Iteration 24792: max relative diff=0.000062, 631.58 sec so far
Iteration 24918: max relative diff=0.000045, 636.59 sec so far
Iteration 25044: max relative diff=0.000029, 641.60 sec so far
Iteration 25170: max relative diff=0.000012, 646.61 sec so far
Iteration 25296: max relative diff=0.000004, 651.62 sec so far
Iteration 25422: max relative diff=0.000004, 656.63 sec so far
Iteration 25548: max relative diff=0.000003, 661.64 sec so far
Iteration 25674: max relative diff=0.000003, 666.65 sec so far
Iteration 25800: max relative diff=0.000003, 671.67 sec so far
Iteration 25926: max relative diff=0.000002, 676.67 sec so far
Iteration 26052: max relative diff=0.000002, 681.68 sec so far
Iteration 26178: max relative diff=0.000001, 686.68 sec so far
Iteration 26304: max relative diff=0.000001, 691.71 sec so far
Max relative diff between upper and lower bound on convergence: 9.98378E-07
LowItr:15125 , UpItr:19337 

Iterative method: 26335 iterations in 692.94 seconds (average 0.026313, setup 3.35)
Maximum finite value in solution vector at end of interval iteration: 1.5501540910362774E8

Value in the initial state: 3.1007405772931177E7

Time for model checking: 885.631 seconds.

Result: 3.1007405772931177E7 (value in the initial state)

---------------------------------------------------------------------

Note: There were 2 warnings during computation.

