PRISM
=====

Version: 4.4
Date: Sat Feb 20 16:49:37 IRST 2021
Hostname: sadegh-H81M-S2PH
Memory limits: cudd=1g, java(heap)=910.5m
Command line: prism ../../examples/mdps/wlan/wlan3.nm ../../examples/mdps/wlan/cost_max.pctl -s '-ii:upper=1.2e+12' -improvedbk -maxiters 900500 -const COL=5 -const TRANS_TIME_MAX=1700

Parsing model file "../../examples/mdps/wlan/wlan3.nm"...

Parsing properties file "../../examples/mdps/wlan/cost_max.pctl"...

1 property:
(1) "cost_max": R{"cost"}max=? [ F s1=12&s2=12 ]

Type:        MDP
Modules:     medium station1 station2 
Variables:   col c1 c2 x1 s1 slot1 backoff1 bc1 x2 s2 slot2 backoff2 bc2 

---------------------------------------------------------------------

Model checking: "cost_max": R{"cost"}max=? [ F s1=12&s2=12 ]
Model constants: COL=5,TRANS_TIME_MAX=1700

Warning: Not Switching to explicit engine, We implemented the emthods for sparse engine.

Building model...
Model constants: COL=5,TRANS_TIME_MAX=1700

Computing reachable states...

Reachability (BFS): 1842 iterations in 76.54 seconds (average 0.041552, setup 0.00)

Time for model construction: 101.073 seconds.

Type:        MDP
States:      1544913 (1 initial)
Transitions: 3140996
Choices:     2971016

Transition matrix: 709091 nodes (6 terminal), 3140996 minterms, vars: 55r/55c/7nd

Prob0E: 5540 iterations in 264.13 seconds (average 0.047678, setup 0.00)

Prob1A: 1 iterations in 0.10 seconds (average 0.102000, setup 0.00)

goal = 6, inf = 0, maybe = 1544907

Warning: Upper bound for interval iteration manually set to 1.2E12

Computing remaining rewards...
 7
Building sparse matrix (transitions)... [n=1544913, nc=2971010, nnz=3140990, k=3] [53.2 MB]
Building sparse matrix (transition rewards)... [n=1544913, nc=2971010, nnz=1385434, k=3] [33.1 MB]
Creating vector for state rewards... [11.8 MB]
Creating vector for inf... [11.8 MB]
Creating vector for lower bounds... [11.8 MB]
Creating vector for upper bounds... [11.8 MB]
Allocating iteration vectors... [4 x 11.8 MB]
TOTAL: [180.5 MB]

Starting iterations (interval iteration)...

 Time for pre-computation: 1.374000 Iteration 151: max relative diff=100000.000000, 3.63 sec so far
Iteration 366: max relative diff=100000.000000, 8.65 sec so far
Iteration 581: max relative diff=100000.000000, 13.66 sec so far
Iteration 796: max relative diff=100000.000000, 18.68 sec so far
Iteration 1011: max relative diff=100000.000000, 23.70 sec so far
Iteration 1226: max relative diff=100000.000000, 28.73 sec so far
Iteration 1440: max relative diff=100000.000000, 33.74 sec so far
Iteration 1655: max relative diff=100000.000000, 38.76 sec so far
Iteration 1869: max relative diff=9730.957031, 43.76 sec so far
Iteration 2084: max relative diff=9730.957031, 48.78 sec so far
Iteration 2298: max relative diff=9730.957031, 53.79 sec so far
Iteration 2512: max relative diff=9730.957031, 58.79 sec so far
Iteration 2726: max relative diff=9730.957031, 63.79 sec so far
Iteration 2941: max relative diff=9730.957031, 68.81 sec so far
Iteration 3155: max relative diff=9730.957031, 73.83 sec so far
Iteration 3369: max relative diff=9730.957031, 78.83 sec so far
Iteration 3584: max relative diff=1000.000000, 83.85 sec so far
Iteration 3798: max relative diff=1000.000000, 88.85 sec so far
Iteration 4012: max relative diff=1000.000000, 93.86 sec so far
Iteration 4226: max relative diff=1000.000000, 98.86 sec so far
Iteration 4440: max relative diff=1000.000000, 103.86 sec so far
Iteration 4655: max relative diff=1000.000000, 108.88 sec so far
Iteration 4870: max relative diff=1000.000000, 113.90 sec so far
Iteration 5084: max relative diff=1000.000000, 118.90 sec so far
Iteration 5298: max relative diff=170.824338, 123.91 sec so far
Iteration 5512: max relative diff=170.824338, 128.91 sec so far
Iteration 5726: max relative diff=170.824338, 133.91 sec so far
Iteration 5941: max relative diff=170.824338, 138.94 sec so far
Iteration 6155: max relative diff=170.824338, 143.94 sec so far
Iteration 6369: max relative diff=170.824338, 148.94 sec so far
Iteration 6583: max relative diff=170.824338, 153.95 sec so far
Iteration 6797: max relative diff=104.017992, 158.95 sec so far
Iteration 7011: max relative diff=10.363694, 163.96 sec so far
Iteration 7225: max relative diff=10.363694, 168.96 sec so far
Iteration 7439: max relative diff=10.363694, 173.96 sec so far
Iteration 7654: max relative diff=10.363694, 178.99 sec so far
Iteration 7869: max relative diff=10.363694, 184.00 sec so far
Iteration 8084: max relative diff=10.363694, 189.03 sec so far
Iteration 8298: max relative diff=10.363694, 194.03 sec so far
Iteration 8513: max relative diff=0.480524, 199.05 sec so far
Iteration 8727: max relative diff=0.440308, 204.06 sec so far
Iteration 8942: max relative diff=0.440308, 209.08 sec so far
Iteration 9156: max relative diff=0.440308, 214.08 sec so far
Iteration 9370: max relative diff=0.440308, 219.08 sec so far
Iteration 9585: max relative diff=0.440308, 224.11 sec so far
Iteration 9800: max relative diff=0.440308, 229.13 sec so far
Iteration 10015: max relative diff=0.440308, 234.15 sec so far
Iteration 10230: max relative diff=0.010293, 239.17 sec so far
Iteration 10445: max relative diff=0.010293, 244.19 sec so far
Iteration 10660: max relative diff=0.010293, 249.21 sec so far
Iteration 10874: max relative diff=0.010293, 254.22 sec so far
Iteration 11088: max relative diff=0.010293, 259.22 sec so far
Iteration 11302: max relative diff=0.010293, 264.22 sec so far
Iteration 11516: max relative diff=0.010293, 269.22 sec so far
Iteration 11730: max relative diff=0.010293, 274.24 sec so far
Iteration 11945: max relative diff=0.000241, 279.26 sec so far
Iteration 12159: max relative diff=0.000241, 284.26 sec so far
Iteration 12374: max relative diff=0.000241, 289.27 sec so far
Iteration 12589: max relative diff=0.000241, 294.29 sec so far
Iteration 12804: max relative diff=0.000241, 299.31 sec so far
Iteration 13018: max relative diff=0.000241, 304.32 sec so far
Iteration 13233: max relative diff=0.000241, 309.34 sec so far
Iteration 13447: max relative diff=0.000241, 314.35 sec so far
Iteration 13661: max relative diff=0.000006, 319.35 sec so far
Iteration 13875: max relative diff=0.000006, 324.35 sec so far
Iteration 14089: max relative diff=0.000006, 329.36 sec so far
Iteration 14303: max relative diff=0.000006, 334.36 sec so far
Iteration 14517: max relative diff=0.000006, 339.36 sec so far
Iteration 14731: max relative diff=0.000006, 344.37 sec so far
Iteration 14946: max relative diff=0.000006, 349.37 sec so far
Iteration 15160: max relative diff=0.000006, 354.38 sec so far

First round (updates from below) finished after 15315 iters.Iteration 15362: max relative diff=10000.000000, 359.38 sec so far
Iteration 15533: max relative diff=10000.000000, 364.38 sec so far
Iteration 15704: max relative diff=10000.000000, 369.39 sec so far
Iteration 15875: max relative diff=10000.000000, 374.40 sec so far
Iteration 16046: max relative diff=10000.000000, 379.40 sec so far
Iteration 16217: max relative diff=10000.000000, 384.41 sec so far
Iteration 16388: max relative diff=10000.000000, 389.42 sec so far
Iteration 16559: max relative diff=10000.000000, 394.43 sec so far
Iteration 16730: max relative diff=10000.000000, 399.43 sec so far
Iteration 16901: max relative diff=10000.000000, 404.44 sec so far
Iteration 17072: max relative diff=1876.757812, 409.44 sec so far
Iteration 17245: max relative diff=1876.757812, 414.46 sec so far
Iteration 17418: max relative diff=1876.757812, 419.47 sec so far
Iteration 17593: max relative diff=1876.757812, 424.48 sec so far
Iteration 17770: max relative diff=1876.757812, 429.50 sec so far
Iteration 17948: max relative diff=1876.757812, 434.51 sec so far
Iteration 18128: max relative diff=1876.757812, 439.52 sec so far
Iteration 18316: max relative diff=1876.757812, 444.53 sec so far
Iteration 18509: max relative diff=1876.757812, 449.54 sec so far
Iteration 18706: max relative diff=1876.757812, 454.56 sec so far
Iteration 18907: max relative diff=303.421820, 459.58 sec so far
Iteration 19108: max relative diff=303.421820, 464.59 sec so far
Iteration 19309: max relative diff=303.421820, 469.61 sec so far
Iteration 19510: max relative diff=303.421820, 474.62 sec so far
Iteration 19711: max relative diff=303.421820, 479.64 sec so far
Iteration 19912: max relative diff=303.421820, 484.66 sec so far
Iteration 20113: max relative diff=303.421820, 489.67 sec so far
Iteration 20314: max relative diff=303.421820, 494.70 sec so far
Iteration 20515: max relative diff=23.433786, 499.72 sec so far
Iteration 20716: max relative diff=23.433786, 504.74 sec so far
Iteration 20917: max relative diff=23.433786, 509.76 sec so far
Iteration 21118: max relative diff=23.433786, 514.78 sec so far
Iteration 21319: max relative diff=23.433786, 519.80 sec so far
Iteration 21520: max relative diff=23.433786, 524.82 sec so far
Iteration 21721: max relative diff=23.433786, 529.83 sec so far
Iteration 21922: max relative diff=23.433786, 534.84 sec so far
Iteration 22123: max relative diff=2.019385, 539.85 sec so far
Iteration 22324: max relative diff=1.297296, 544.87 sec so far
Iteration 22525: max relative diff=1.297296, 549.89 sec so far
Iteration 22726: max relative diff=1.297296, 554.90 sec so far
Iteration 22927: max relative diff=1.297296, 559.92 sec so far
Iteration 23128: max relative diff=1.297296, 564.94 sec so far
Iteration 23329: max relative diff=1.297296, 569.96 sec so far
Iteration 23529: max relative diff=1.297296, 574.97 sec so far
Iteration 23730: max relative diff=1.297296, 579.98 sec so far
Iteration 23931: max relative diff=0.059156, 585.00 sec so far
Iteration 24132: max relative diff=0.059156, 590.02 sec so far
Iteration 24333: max relative diff=0.059156, 595.03 sec so far
Iteration 24534: max relative diff=0.059156, 600.05 sec so far
Iteration 24735: max relative diff=0.059156, 605.06 sec so far
Iteration 24936: max relative diff=0.059156, 610.08 sec so far
Iteration 25137: max relative diff=0.059156, 615.10 sec so far
Iteration 25338: max relative diff=0.059156, 620.12 sec so far
Iteration 25539: max relative diff=0.001224, 625.14 sec so far
Iteration 25740: max relative diff=0.001224, 630.16 sec so far
Iteration 25940: max relative diff=0.001224, 635.16 sec so far
Iteration 26141: max relative diff=0.001224, 640.17 sec so far
Iteration 26342: max relative diff=0.001224, 645.19 sec so far
Iteration 26543: max relative diff=0.001224, 650.20 sec so far
Iteration 26744: max relative diff=0.001224, 655.21 sec so far
Iteration 26945: max relative diff=0.001224, 660.23 sec so far
Iteration 27146: max relative diff=0.001224, 665.25 sec so far
Iteration 27347: max relative diff=0.000027, 670.26 sec so far
Iteration 27548: max relative diff=0.000027, 675.28 sec so far
Iteration 27749: max relative diff=0.000027, 680.29 sec so far
Iteration 27950: max relative diff=0.000027, 685.30 sec so far
Iteration 28151: max relative diff=0.000027, 690.33 sec so far
Iteration 28351: max relative diff=0.000027, 695.33 sec so far
Iteration 28552: max relative diff=0.000027, 700.35 sec so far
Iteration 28753: max relative diff=0.000027, 705.37 sec so far

Second round (updates from above) finished after 28936 iters.
Update from both sides... 
Iteration 28950: max relative diff=0.001196, 710.40 sec so far
Iteration 29104: max relative diff=0.001089, 715.42 sec so far
Iteration 29258: max relative diff=0.000983, 720.45 sec so far
Iteration 29412: max relative diff=0.000876, 725.47 sec so far
Iteration 29566: max relative diff=0.000769, 730.49 sec so far
Iteration 29720: max relative diff=0.000662, 735.52 sec so far
Iteration 29874: max relative diff=0.000555, 740.54 sec so far
Iteration 30028: max relative diff=0.000448, 745.56 sec so far
Iteration 30182: max relative diff=0.000341, 750.58 sec so far
Iteration 30336: max relative diff=0.000235, 755.61 sec so far
Iteration 30490: max relative diff=0.000128, 760.62 sec so far
Iteration 30644: max relative diff=0.000028, 765.64 sec so far
Iteration 30798: max relative diff=0.000026, 770.67 sec so far
Iteration 30952: max relative diff=0.000023, 775.69 sec so far
Iteration 31106: max relative diff=0.000021, 780.71 sec so far
Iteration 31260: max relative diff=0.000018, 785.73 sec so far
Iteration 31414: max relative diff=0.000016, 790.75 sec so far
Iteration 31568: max relative diff=0.000013, 795.78 sec so far
Iteration 31722: max relative diff=0.000011, 800.80 sec so far
Iteration 31876: max relative diff=0.000008, 805.83 sec so far
Iteration 32030: max relative diff=0.000006, 810.85 sec so far
Iteration 32183: max relative diff=0.000003, 815.85 sec so far
Max relative diff between upper and lower bound on convergence: 0

Number of iterations for the lower bound = 18695

Iterative method: 32316 iterations in 820.19 seconds (average 0.025380, setup 4.09)
Maximum finite value in solution vector at end of interval iteration: 1.8823150187224388E8

Value in the initial state: 3.7650594679670066E7

Time for model checking: 1090.321 seconds.

Result: 3.7650594679670066E7 (value in the initial state)

---------------------------------------------------------------------

Note: There were 2 warnings during computation.

