PRISM
=====

Version: 4.4
Date: Fri Feb 19 16:56:42 IRST 2021
Hostname: sadegh-H81M-S2PH
Memory limits: cudd=1g, java(heap)=910.5m
Command line: prism ../../examples/mdps/wlan/wlan3.nm ../../examples/mdps/wlan/cost_max.pctl -s '-ii:upper=1.2e+12' -asynchii -maxiters 900500 -const COL=5 -const TRANS_TIME_MAX=300

Parsing model file "../../examples/mdps/wlan/wlan3.nm"...

Parsing properties file "../../examples/mdps/wlan/cost_max.pctl"...

1 property:
(1) "cost_max": R{"cost"}max=? [ F s1=12&s2=12 ]

Type:        MDP
Modules:     medium station1 station2 
Variables:   col c1 c2 x1 s1 slot1 backoff1 bc1 x2 s2 slot2 backoff2 bc2 

---------------------------------------------------------------------

Model checking: "cost_max": R{"cost"}max=? [ F s1=12&s2=12 ]
Model constants: COL=5,TRANS_TIME_MAX=300

Warning: Not Switching to explicit engine, We implemented the emthods for sparse engine.

Building model...
Model constants: COL=5,TRANS_TIME_MAX=300

Computing reachable states...

Reachability (BFS): 442 iterations in 4.90 seconds (average 0.011093, setup 0.00)

Time for model construction: 5.6 seconds.

Type:        MDP
States:      431913 (1 initial)
Transitions: 893996
Choices:     724016

Transition matrix: 146418 nodes (6 terminal), 893996 minterms, vars: 51r/51c/7nd

Prob0E: 1340 iterations in 21.77 seconds (average 0.016249, setup 0.00)

Prob1A: 1 iterations in 0.02 seconds (average 0.019000, setup 0.00)

goal = 6, inf = 0, maybe = 431907

Warning: Upper bound for interval iteration manually set to 1.2E12

Computing remaining rewards...
 8
Building sparse matrix (transitions)... [n=431913, nc=724010, nnz=893990, k=3] [14.6 MB]
Building sparse matrix (transition rewards)... [n=431913, nc=724010, nnz=286434, k=3] [7.7 MB]
Creating vector for state rewards... [3.3 MB]
Creating vector for inf... [3.3 MB]
Creating vector for lower bounds... [3.3 MB]
Creating vector for upper bounds... [3.3 MB]
Allocating iteration vectors... [4 x 3.3 MB]
TOTAL: [48.7 MB]

Starting iterations (interval iteration)...

 Time for pre-computation	: 0.012000 
		 >> 431907 after 0 iters << 
Iteration 885: max relative diff=1.000000, 4.99 sec so far
Iteration 1713: max relative diff=1200000000000.000000, 9.99 sec so far
Iteration 2404: max relative diff=220312496491.002045, 15.00 sec so far
Iteration 3091: max relative diff=953095107.401457, 20.00 sec so far
Iteration 3780: max relative diff=520997.325528, 25.00 sec so far
Iteration 4467: max relative diff=432.822178, 30.01 sec so far
Iteration 4882: max relative diff=2.792824, 35.02 sec so far
Iteration 5271: max relative diff=0.044500, 40.03 sec so far
Iteration 5660: max relative diff=0.000554, 45.03 sec so far
Max relative diff between upper and lower bound on convergence: 9.89996E-07
LowItr:3021 , UpItr:4547 

Iterative method: 6045 iterations in 49.99 seconds (average 0.008270, setup 0.82)
Maximum finite value in solution vector at end of interval iteration: 3.3223068952035666E7

Value in the initial state: 6649046.448224861

Time for model checking: 72.777 seconds.

Result: 6649046.448224861 (value in the initial state)

---------------------------------------------------------------------

Note: There were 2 warnings during computation.

