PRISM
=====

Version: 4.4
Date: Sat Feb 20 08:28:45 IRST 2021
Hostname: sadegh-H81M-S2PH
Memory limits: cudd=1g, java(heap)=910.5m
Command line: prism ../../examples/mdps/wlan/wlan3.nm ../../examples/mdps/wlan/time_max.pctl -s '-ii:upper=224870' -asynchii -maxiters 900500 -const COL=5 -const TRANS_TIME_MAX=1400

Parsing model file "../../examples/mdps/wlan/wlan3.nm"...

Parsing properties file "../../examples/mdps/wlan/time_max.pctl"...

1 property:
(1) "time_max": R{"time"}max=? [ F s1=12&s2=12 ]

Type:        MDP
Modules:     medium station1 station2 
Variables:   col c1 c2 x1 s1 slot1 backoff1 bc1 x2 s2 slot2 backoff2 bc2 

---------------------------------------------------------------------

Model checking: "time_max": R{"time"}max=? [ F s1=12&s2=12 ]
Model constants: COL=5,TRANS_TIME_MAX=1400

Warning: Not Switching to explicit engine, We implemented the emthods for sparse engine.

Building model...
Model constants: COL=5,TRANS_TIME_MAX=1400

Computing reachable states...

Reachability (BFS): 1542 iterations in 53.57 seconds (average 0.034741, setup 0.00)

Time for model construction: 68.813 seconds.

Type:        MDP
States:      1306413 (1 initial)
Transitions: 2659496
Choices:     2489516

Transition matrix: 596764 nodes (6 terminal), 2659496 minterms, vars: 55r/55c/7nd

Prob0E: 4640 iterations in 189.54 seconds (average 0.040849, setup 0.00)

Prob1A: 1 iterations in 0.09 seconds (average 0.087000, setup 0.00)

goal = 6, inf = 0, maybe = 1306407

Warning: Upper bound for interval iteration manually set to 224870.0

Computing remaining rewards...
 8
Building sparse matrix (transitions)... [n=1306413, nc=2489510, nnz=2659490, k=3] [44.9 MB]
Building sparse matrix (transition rewards)... [n=1306413, nc=2489510, nnz=1149934, k=3] [27.6 MB]
Creating vector for state rewards... [10.0 MB]
Creating vector for inf... [10.0 MB]
Creating vector for lower bounds... [10.0 MB]
Creating vector for upper bounds... [10.0 MB]
Allocating iteration vectors... [4 x 10.0 MB]
TOTAL: [152.3 MB]

Starting iterations (interval iteration)...

 Time for pre-computation	: 0.046000 
		 >> 1306407 after 0 iters << 
Iteration 262: max relative diff=1.000000, 4.96 sec so far
Iteration 532: max relative diff=1.000000, 9.98 sec so far
Iteration 802: max relative diff=1.000000, 14.99 sec so far
Iteration 1072: max relative diff=1.000000, 20.00 sec so far
Iteration 1342: max relative diff=1.000000, 25.02 sec so far
Iteration 1612: max relative diff=1.000000, 30.03 sec so far
Iteration 1882: max relative diff=1.000000, 35.04 sec so far
Iteration 2152: max relative diff=1.000000, 40.05 sec so far
Iteration 2422: max relative diff=1.000000, 45.07 sec so far
Iteration 2692: max relative diff=1.000000, 50.08 sec so far
Iteration 2961: max relative diff=1.000000, 55.08 sec so far
Iteration 3231: max relative diff=1.000000, 60.10 sec so far
Iteration 3501: max relative diff=1.000000, 65.11 sec so far
Iteration 3771: max relative diff=1.000000, 70.11 sec so far
Iteration 4041: max relative diff=1.000000, 75.13 sec so far
Iteration 4295: max relative diff=224870.000000, 80.14 sec so far
Iteration 4527: max relative diff=224870.000000, 85.15 sec so far
Iteration 4759: max relative diff=224870.000000, 90.16 sec so far
Iteration 4991: max relative diff=224870.000000, 95.17 sec so far
Iteration 5223: max relative diff=224870.000000, 100.17 sec so far
Iteration 5455: max relative diff=224870.000000, 105.19 sec so far
Iteration 5687: max relative diff=224870.000000, 110.20 sec so far
Iteration 5919: max relative diff=224870.000000, 115.21 sec so far
Iteration 6152: max relative diff=224870.000000, 120.23 sec so far
Iteration 6385: max relative diff=224870.000000, 125.24 sec so far
Iteration 6618: max relative diff=224870.000000, 130.25 sec so far
Iteration 6851: max relative diff=224870.000000, 135.25 sec so far
Iteration 7084: max relative diff=223283.698622, 140.26 sec so far
Iteration 7317: max relative diff=223546.079603, 145.28 sec so far
Iteration 7550: max relative diff=223808.460585, 150.29 sec so far
Iteration 7783: max relative diff=224070.841566, 155.31 sec so far
Iteration 8016: max relative diff=224333.222548, 160.31 sec so far
Iteration 8249: max relative diff=224604.713745, 165.32 sec so far
Iteration 8482: max relative diff=41973.203125, 170.33 sec so far
Iteration 8715: max relative diff=44112.070312, 175.35 sec so far
Iteration 8948: max relative diff=46250.937500, 180.35 sec so far
Iteration 9182: max relative diff=48398.984375, 185.37 sec so far
Iteration 9415: max relative diff=50537.851562, 190.37 sec so far
Iteration 9648: max relative diff=52676.718750, 195.38 sec so far
Iteration 9881: max relative diff=16714.917133, 200.39 sec so far
Iteration 10114: max relative diff=16913.347194, 205.40 sec so far
Iteration 10347: max relative diff=17111.777255, 210.41 sec so far
Iteration 10580: max relative diff=17310.207317, 215.43 sec so far
Iteration 10813: max relative diff=17508.637378, 220.44 sec so far
Iteration 11046: max relative diff=17707.067439, 225.44 sec so far
Iteration 11250: max relative diff=13888.995189, 230.46 sec so far
Iteration 11375: max relative diff=12753.630869, 235.47 sec so far
Iteration 11500: max relative diff=11611.133968, 240.47 sec so far
Iteration 11625: max relative diff=10468.637067, 245.48 sec so far
Iteration 11751: max relative diff=9317.000191, 250.52 sec so far
Iteration 11877: max relative diff=8165.363315, 255.55 sec so far
Iteration 12002: max relative diff=7022.866414, 260.56 sec so far
Iteration 12127: max relative diff=5880.369513, 265.56 sec so far
Iteration 12252: max relative diff=4737.872612, 270.56 sec so far
Iteration 12377: max relative diff=3595.375712, 275.56 sec so far
Iteration 12503: max relative diff=2443.738835, 280.60 sec so far
Iteration 12629: max relative diff=1239.427941, 285.60 sec so far
Iteration 12755: max relative diff=1133.368000, 290.63 sec so far
Iteration 12880: max relative diff=1028.149804, 295.64 sec so far
Iteration 13005: max relative diff=922.931609, 300.64 sec so far
Iteration 13130: max relative diff=816.815906, 305.65 sec so far
Iteration 13255: max relative diff=710.477143, 310.65 sec so far
Iteration 13381: max relative diff=603.287670, 315.68 sec so far
Iteration 13507: max relative diff=496.098197, 320.71 sec so far
Iteration 13633: max relative diff=388.908724, 325.74 sec so far
Iteration 13759: max relative diff=281.719251, 330.77 sec so far
Iteration 13884: max relative diff=175.380488, 335.77 sec so far
Iteration 14010: max relative diff=68.190381, 340.81 sec so far
Iteration 14136: max relative diff=52.189059, 345.85 sec so far
Iteration 14261: max relative diff=47.253696, 350.85 sec so far
Iteration 14386: max relative diff=42.318334, 355.86 sec so far
Iteration 14512: max relative diff=37.343488, 360.90 sec so far
Iteration 14637: max relative diff=32.408126, 365.90 sec so far
Iteration 14763: max relative diff=27.433280, 370.94 sec so far
Iteration 14889: max relative diff=22.458435, 375.97 sec so far
Iteration 15015: max relative diff=17.483590, 381.01 sec so far
Iteration 15141: max relative diff=12.508744, 386.05 sec so far
Iteration 15267: max relative diff=7.533899, 391.09 sec so far
Iteration 15393: max relative diff=2.559053, 396.13 sec so far
Iteration 15518: max relative diff=1.236363, 401.13 sec so far
Iteration 15644: max relative diff=1.120372, 406.16 sec so far
Iteration 15770: max relative diff=1.004382, 411.19 sec so far
Iteration 15895: max relative diff=0.889312, 416.19 sec so far
Iteration 16020: max relative diff=0.774242, 421.20 sec so far
Iteration 16145: max relative diff=0.659171, 426.20 sec so far
Iteration 16270: max relative diff=0.544101, 431.21 sec so far
Iteration 16396: max relative diff=0.428111, 436.24 sec so far
Iteration 16522: max relative diff=0.312120, 441.28 sec so far
Iteration 16647: max relative diff=0.197050, 446.28 sec so far
Iteration 16772: max relative diff=0.081980, 451.29 sec so far
Iteration 16897: max relative diff=0.029347, 456.29 sec so far
Iteration 17023: max relative diff=0.026642, 461.33 sec so far
Iteration 17148: max relative diff=0.023959, 466.33 sec so far
Iteration 17273: max relative diff=0.021276, 471.33 sec so far
Iteration 17398: max relative diff=0.018593, 476.34 sec so far
Iteration 17523: max relative diff=0.015911, 481.35 sec so far
Iteration 17648: max relative diff=0.013228, 486.35 sec so far
Iteration 17774: max relative diff=0.010523, 491.38 sec so far
Iteration 17900: max relative diff=0.007819, 496.42 sec so far
Iteration 18025: max relative diff=0.005136, 501.42 sec so far
Iteration 18150: max relative diff=0.002453, 506.43 sec so far
Iteration 18275: max relative diff=0.000697, 511.43 sec so far
Iteration 18400: max relative diff=0.000634, 516.43 sec so far
Iteration 18526: max relative diff=0.000571, 521.47 sec so far
Iteration 18651: max relative diff=0.000509, 526.47 sec so far
Iteration 18777: max relative diff=0.000446, 531.51 sec so far
Iteration 18902: max relative diff=0.000383, 536.52 sec so far
Iteration 19027: max relative diff=0.000321, 541.53 sec so far
Iteration 19152: max relative diff=0.000258, 546.53 sec so far
Iteration 19277: max relative diff=0.000195, 551.53 sec so far
Iteration 19402: max relative diff=0.000133, 556.53 sec so far
Iteration 19528: max relative diff=0.000070, 561.58 sec so far
Iteration 19654: max relative diff=0.000017, 566.61 sec so far
Iteration 19779: max relative diff=0.000015, 571.61 sec so far
Iteration 19905: max relative diff=0.000014, 576.65 sec so far
Iteration 20030: max relative diff=0.000012, 581.65 sec so far
Iteration 20156: max relative diff=0.000011, 586.70 sec so far
Iteration 20282: max relative diff=0.000009, 591.73 sec so far
Iteration 20407: max relative diff=0.000008, 596.74 sec so far
Iteration 20532: max relative diff=0.000006, 601.74 sec so far
Iteration 20657: max relative diff=0.000005, 606.74 sec so far
Iteration 20782: max relative diff=0.000003, 611.75 sec so far
Iteration 20908: max relative diff=0.000002, 616.77 sec so far
Max relative diff between upper and lower bound on convergence: 9.89035E-07
LowItr:13972 , UpItr:16783 

Iterative method: 20986 iterations in 619.89 seconds (average 0.029538, setup 3.37)
Maximum finite value in solution vector at end of interval iteration: 226358.45995387086

Value in the initial state: 226358.45995387086

Time for model checking: 813.415 seconds.

Result: 226358.45995387086 (value in the initial state)

---------------------------------------------------------------------

Note: There were 2 warnings during computation.

