PRISM
=====

Version: 4.4
Date: Sat Feb 20 10:40:58 IRST 2021
Hostname: sadegh-H81M-S2PH
Memory limits: cudd=1g, java(heap)=910.5m
Command line: prism ../../examples/mdps/wlan/wlan3.nm ../../examples/mdps/wlan/time_max.pctl -s -improvedbk -maxiters 13523 -epsilon 1e-10 -const COL=5 -const TRANS_TIME_MAX=1500

Parsing model file "../../examples/mdps/wlan/wlan3.nm"...

Parsing properties file "../../examples/mdps/wlan/time_max.pctl"...

1 property:
(1) "time_max": R{"time"}max=? [ F s1=12&s2=12 ]

Type:        MDP
Modules:     medium station1 station2 
Variables:   col c1 c2 x1 s1 slot1 backoff1 bc1 x2 s2 slot2 backoff2 bc2 

---------------------------------------------------------------------

Model checking: "time_max": R{"time"}max=? [ F s1=12&s2=12 ]
Model constants: COL=5,TRANS_TIME_MAX=1500

Warning: Not Switching to explicit engine, We implemented the emthods for sparse engine.

Building model...
Model constants: COL=5,TRANS_TIME_MAX=1500

Computing reachable states...

Reachability (BFS): 1642 iterations in 61.17 seconds (average 0.037256, setup 0.00)

Time for model construction: 79.136 seconds.

Type:        MDP
States:      1385913 (1 initial)
Transitions: 2819996
Choices:     2650016

Transition matrix: 634206 nodes (6 terminal), 2819996 minterms, vars: 55r/55c/7nd

Prob0E: 4940 iterations in 217.09 seconds (average 0.043945, setup 0.00)

Prob1A: 1 iterations in 0.09 seconds (average 0.092000, setup 0.00)

goal = 6, inf = 0, maybe = 1385907

Computing remaining rewards...

Building sparse matrix (transitions)... [n=1385913, nc=2650010, nnz=2819990, k=3] [47.7 MB]
Building sparse matrix (transition rewards)... [n=1385913, nc=2650010, nnz=1228434, k=3] [29.5 MB]
Creating vector for state rewards... [10.6 MB]
Creating vector for inf... [10.6 MB]
Creating vector for lower bounds... [10.6 MB]
Creating vector for upper bounds... [10.6 MB]
Allocating iteration vectors... [4 x 10.6 MB]
TOTAL: [161.7 MB]

Starting iterations (interval iteration)...

 Time for pre-computation: 1.237000 Iteration 192: max relative diff=50.000000, 3.78 sec so far
Iteration 454: max relative diff=50.000000, 8.79 sec so far
Iteration 716: max relative diff=50.000000, 13.80 sec so far
Iteration 978: max relative diff=50.000000, 18.81 sec so far
Iteration 1240: max relative diff=50.000000, 23.82 sec so far
Iteration 1502: max relative diff=50.000000, 28.82 sec so far
Iteration 1764: max relative diff=50.000000, 33.83 sec so far
Iteration 2026: max relative diff=50.000000, 38.84 sec so far
Iteration 2288: max relative diff=50.000000, 43.84 sec so far
Iteration 2550: max relative diff=50.000000, 48.85 sec so far
Iteration 2812: max relative diff=50.000000, 53.86 sec so far
Iteration 3074: max relative diff=50.000000, 58.86 sec so far
Iteration 3336: max relative diff=50.000000, 63.87 sec so far
Iteration 3598: max relative diff=50.000000, 68.89 sec so far
Iteration 3860: max relative diff=50.000000, 73.90 sec so far
Iteration 4122: max relative diff=50.000000, 78.91 sec so far
Iteration 4384: max relative diff=50.000000, 83.91 sec so far
Iteration 4647: max relative diff=9.179688, 88.93 sec so far
Iteration 4909: max relative diff=9.179688, 93.94 sec so far
Iteration 5171: max relative diff=9.179688, 98.94 sec so far
Iteration 5433: max relative diff=9.179688, 103.95 sec so far
Iteration 5695: max relative diff=9.179688, 108.95 sec so far
Iteration 5957: max relative diff=9.179688, 113.96 sec so far
Iteration 6219: max relative diff=0.851631, 118.97 sec so far
Iteration 6481: max relative diff=0.851631, 123.98 sec so far
Iteration 6743: max relative diff=0.851631, 129.00 sec so far
Iteration 7005: max relative diff=0.851631, 134.00 sec so far
Iteration 7267: max relative diff=0.851631, 139.01 sec so far
Iteration 7529: max relative diff=0.039504, 144.02 sec so far
Iteration 7791: max relative diff=0.039504, 149.03 sec so far
Iteration 8053: max relative diff=0.039504, 154.03 sec so far
Iteration 8315: max relative diff=0.039504, 159.04 sec so far
Iteration 8577: max relative diff=0.039504, 164.04 sec so far
Iteration 8839: max relative diff=0.039504, 169.05 sec so far
Iteration 9101: max relative diff=0.000921, 174.06 sec so far
Iteration 9363: max relative diff=0.000921, 179.07 sec so far
Iteration 9625: max relative diff=0.000921, 184.08 sec so far
Iteration 9887: max relative diff=0.000921, 189.10 sec so far
Iteration 10149: max relative diff=0.000921, 194.11 sec so far
Iteration 10411: max relative diff=0.000921, 199.12 sec so far
Iteration 10673: max relative diff=0.000021, 204.13 sec so far
Iteration 10935: max relative diff=0.000021, 209.14 sec so far
Iteration 11197: max relative diff=0.000021, 214.15 sec so far
Iteration 11459: max relative diff=0.000021, 219.16 sec so far
Iteration 11721: max relative diff=0.000021, 224.17 sec so far
Iteration 11984: max relative diff=0.000021, 229.19 sec so far
Iteration 12246: max relative diff=0.000001, 234.20 sec so far
Iteration 12508: max relative diff=0.000001, 239.20 sec so far
Iteration 12770: max relative diff=0.000001, 244.21 sec so far
Iteration 13032: max relative diff=0.000001, 249.23 sec so far
Iteration 13294: max relative diff=0.000001, 254.23 sec so far

First round (updates from below) finished after 13522 iters.
Iterative method: 13522 iterations in 258.61 seconds (average 0.019125, setup 3.56)

Value in the initial state: 242365.63654527144

Time for model checking: 480.9 seconds.

Result: 242365.63654527144 (value in the initial state)

---------------------------------------------------------------------

Note: There was 1 warning during computation.

