PRISM
=====

Version: 4.4
Date: Fri Feb 19 17:13:15 IRST 2021
Hostname: sadegh-H81M-S2PH
Memory limits: cudd=1g, java(heap)=910.5m
Command line: prism ../../examples/mdps/wlan/wlan3.nm ../../examples/mdps/wlan/cost_max.pctl -s '-ii:upper=1.2e+12' -asynchii -maxiters 900500 -const COL=5 -const TRANS_TIME_MAX=400

Parsing model file "../../examples/mdps/wlan/wlan3.nm"...

Parsing properties file "../../examples/mdps/wlan/cost_max.pctl"...

1 property:
(1) "cost_max": R{"cost"}max=? [ F s1=12&s2=12 ]

Type:        MDP
Modules:     medium station1 station2 
Variables:   col c1 c2 x1 s1 slot1 backoff1 bc1 x2 s2 slot2 backoff2 bc2 

---------------------------------------------------------------------

Model checking: "cost_max": R{"cost"}max=? [ F s1=12&s2=12 ]
Model constants: COL=5,TRANS_TIME_MAX=400

Warning: Not Switching to explicit engine, We implemented the emthods for sparse engine.

Building model...
Model constants: COL=5,TRANS_TIME_MAX=400

Computing reachable states...

Reachability (BFS): 542 iterations in 7.62 seconds (average 0.014052, setup 0.00)

Time for model construction: 8.889 seconds.

Type:        MDP
States:      511413 (1 initial)
Transitions: 1054496
Choices:     884516

Transition matrix: 183723 nodes (6 terminal), 1054496 minterms, vars: 51r/51c/7nd

Prob0E: 1640 iterations in 31.20 seconds (average 0.019023, setup 0.00)

Prob1A: 1 iterations in 0.02 seconds (average 0.024000, setup 0.00)

goal = 6, inf = 0, maybe = 511407

Warning: Upper bound for interval iteration manually set to 1.2E12

Computing remaining rewards...
 8
Building sparse matrix (transitions)... [n=511413, nc=884510, nnz=1054490, k=3] [17.4 MB]
Building sparse matrix (transition rewards)... [n=511413, nc=884510, nnz=364934, k=3] [9.5 MB]
Creating vector for state rewards... [3.9 MB]
Creating vector for inf... [3.9 MB]
Creating vector for lower bounds... [3.9 MB]
Creating vector for upper bounds... [3.9 MB]
Allocating iteration vectors... [4 x 3.9 MB]
TOTAL: [58.1 MB]

Starting iterations (interval iteration)...

 Time for pre-computation	: 0.011000 
		 >> 511407 after 0 iters << 
Iteration 736: max relative diff=1.000000, 4.99 sec so far
Iteration 1504: max relative diff=1.000000, 10.00 sec so far
Iteration 2209: max relative diff=1200000000000.000000, 15.00 sec so far
Iteration 2802: max relative diff=1199999994497.941895, 20.01 sec so far
Iteration 3395: max relative diff=220312495494.700623, 25.02 sec so far
Iteration 3988: max relative diff=20439147932.916893, 30.02 sec so far
Iteration 4581: max relative diff=22280205.125104, 35.03 sec so far
Iteration 5174: max relative diff=521042.432312, 40.03 sec so far
Iteration 5764: max relative diff=477.906893, 45.03 sec so far
Iteration 6213: max relative diff=105.727150, 50.04 sec so far
Iteration 6549: max relative diff=3.157125, 55.05 sec so far
Iteration 6884: max relative diff=0.090070, 60.05 sec so far
Iteration 7219: max relative diff=0.009464, 65.06 sec so far
Iteration 7554: max relative diff=0.000602, 70.06 sec so far
Iteration 7890: max relative diff=0.000023, 75.07 sec so far
Max relative diff between upper and lower bound on convergence: 9.98378E-07
LowItr:4117 , UpItr:6143 

Iterative method: 8141 iterations in 78.82 seconds (average 0.009682, setup 1.04)
Maximum finite value in solution vector at end of interval iteration: 4.429509987490767E7

Value in the initial state: 8863442.750470888

Time for model checking: 111.227 seconds.

Result: 8863442.750470888 (value in the initial state)

---------------------------------------------------------------------

Note: There were 2 warnings during computation.

