PRISM
=====

Version: 4.4
Date: Sat Feb 20 21:15:19 IRST 2021
Hostname: sadegh-H81M-S2PH
Memory limits: cudd=1g, java(heap)=910.5m
Command line: prism ../../examples/mdps/wlan/wlan3.nm ../../examples/mdps/wlan/cost_max.pctl -s '-ii:upper=1.2e+12' -improvedbk -maxiters 900500 -const COL=5 -const TRANS_TIME_MAX=1800

Parsing model file "../../examples/mdps/wlan/wlan3.nm"...

Parsing properties file "../../examples/mdps/wlan/cost_max.pctl"...

1 property:
(1) "cost_max": R{"cost"}max=? [ F s1=12&s2=12 ]

Type:        MDP
Modules:     medium station1 station2 
Variables:   col c1 c2 x1 s1 slot1 backoff1 bc1 x2 s2 slot2 backoff2 bc2 

---------------------------------------------------------------------

Model checking: "cost_max": R{"cost"}max=? [ F s1=12&s2=12 ]
Model constants: COL=5,TRANS_TIME_MAX=1800

Warning: Not Switching to explicit engine, We implemented the emthods for sparse engine.

Building model...
Model constants: COL=5,TRANS_TIME_MAX=1800

Computing reachable states...

Reachability (BFS): 1942 iterations in 84.98 seconds (average 0.043760, setup 0.00)

Time for model construction: 113.615 seconds.

Type:        MDP
States:      1624413 (1 initial)
Transitions: 3301496
Choices:     3131516

Transition matrix: 746449 nodes (6 terminal), 3301496 minterms, vars: 55r/55c/7nd

Prob0E: 5840 iterations in 275.43 seconds (average 0.047162, setup 0.00)

Prob1A: 1 iterations in 0.11 seconds (average 0.106000, setup 0.00)

goal = 6, inf = 0, maybe = 1624407

Warning: Upper bound for interval iteration manually set to 1.2E12

Computing remaining rewards...
 7
Building sparse matrix (transitions)... [n=1624413, nc=3131510, nnz=3301490, k=3] [55.9 MB]
Building sparse matrix (transition rewards)... [n=1624413, nc=3131510, nnz=1463934, k=3] [34.9 MB]
Creating vector for state rewards... [12.4 MB]
Creating vector for inf... [12.4 MB]
Creating vector for lower bounds... [12.4 MB]
Creating vector for upper bounds... [12.4 MB]
Allocating iteration vectors... [4 x 12.4 MB]
TOTAL: [190.0 MB]

Starting iterations (interval iteration)...

 Time for pre-computation: 1.451000 Iteration 142: max relative diff=100000.000000, 3.57 sec so far
Iteration 347: max relative diff=100000.000000, 8.59 sec so far
Iteration 553: max relative diff=100000.000000, 13.61 sec so far
Iteration 758: max relative diff=100000.000000, 18.61 sec so far
Iteration 964: max relative diff=100000.000000, 23.63 sec so far
Iteration 1170: max relative diff=100000.000000, 28.66 sec so far
Iteration 1376: max relative diff=100000.000000, 33.68 sec so far
Iteration 1580: max relative diff=100000.000000, 38.70 sec so far
Iteration 1786: max relative diff=100000.000000, 43.72 sec so far
Iteration 1992: max relative diff=9730.957031, 48.74 sec so far
Iteration 2198: max relative diff=9730.957031, 53.76 sec so far
Iteration 2403: max relative diff=9730.957031, 58.76 sec so far
Iteration 2609: max relative diff=9730.957031, 63.79 sec so far
Iteration 2814: max relative diff=9730.957031, 68.80 sec so far
Iteration 3019: max relative diff=9730.957031, 73.80 sec so far
Iteration 3224: max relative diff=9730.957031, 78.80 sec so far
Iteration 3430: max relative diff=9730.957031, 83.82 sec so far
Iteration 3635: max relative diff=1000.000000, 88.82 sec so far
Iteration 3841: max relative diff=1000.000000, 93.84 sec so far
Iteration 4045: max relative diff=1000.000000, 98.86 sec so far
Iteration 4251: max relative diff=1000.000000, 103.88 sec so far
Iteration 4456: max relative diff=1000.000000, 108.89 sec so far
Iteration 4662: max relative diff=1000.000000, 113.91 sec so far
Iteration 4868: max relative diff=1000.000000, 118.93 sec so far
Iteration 5074: max relative diff=1000.000000, 123.95 sec so far
Iteration 5279: max relative diff=1000.000000, 128.96 sec so far
Iteration 5484: max relative diff=170.824338, 133.96 sec so far
Iteration 5689: max relative diff=170.824338, 138.96 sec so far
Iteration 5895: max relative diff=170.824338, 143.98 sec so far
Iteration 6100: max relative diff=170.824338, 148.98 sec so far
Iteration 6306: max relative diff=170.824338, 154.01 sec so far
Iteration 6510: max relative diff=170.824338, 159.02 sec so far
Iteration 6716: max relative diff=170.824338, 164.04 sec so far
Iteration 6922: max relative diff=170.824338, 169.06 sec so far
Iteration 7128: max relative diff=170.824338, 174.08 sec so far
Iteration 7334: max relative diff=10.363694, 179.10 sec so far
Iteration 7540: max relative diff=10.363694, 184.13 sec so far
Iteration 7746: max relative diff=10.363694, 189.15 sec so far
Iteration 7952: max relative diff=10.363694, 194.17 sec so far
Iteration 8157: max relative diff=10.363694, 199.17 sec so far
Iteration 8363: max relative diff=10.363694, 204.20 sec so far
Iteration 8569: max relative diff=10.363694, 209.22 sec so far
Iteration 8775: max relative diff=10.363694, 214.23 sec so far
Iteration 8979: max relative diff=10.363694, 219.24 sec so far
Iteration 9185: max relative diff=0.440308, 224.26 sec so far
Iteration 9391: max relative diff=0.440308, 229.27 sec so far
Iteration 9597: max relative diff=0.440308, 234.30 sec so far
Iteration 9803: max relative diff=0.440308, 239.32 sec so far
Iteration 10009: max relative diff=0.440308, 244.34 sec so far
Iteration 10215: max relative diff=0.440308, 249.36 sec so far
Iteration 10421: max relative diff=0.440308, 254.39 sec so far
Iteration 10626: max relative diff=0.440308, 259.39 sec so far
Iteration 10832: max relative diff=0.010293, 264.40 sec so far
Iteration 11038: max relative diff=0.010293, 269.43 sec so far
Iteration 11244: max relative diff=0.010293, 274.44 sec so far
Iteration 11448: max relative diff=0.010293, 279.46 sec so far
Iteration 11654: max relative diff=0.010293, 284.48 sec so far
Iteration 11860: max relative diff=0.010293, 289.50 sec so far
Iteration 12066: max relative diff=0.010293, 294.52 sec so far
Iteration 12271: max relative diff=0.010293, 299.52 sec so far
Iteration 12477: max relative diff=0.010293, 304.54 sec so far
Iteration 12683: max relative diff=0.000241, 309.56 sec so far
Iteration 12886: max relative diff=0.000241, 314.58 sec so far
Iteration 13092: max relative diff=0.000241, 319.61 sec so far
Iteration 13298: max relative diff=0.000241, 324.63 sec so far
Iteration 13504: max relative diff=0.000241, 329.63 sec so far
Iteration 13710: max relative diff=0.000241, 334.65 sec so far
Iteration 13915: max relative diff=0.000241, 339.66 sec so far
Iteration 14121: max relative diff=0.000241, 344.69 sec so far
Iteration 14327: max relative diff=0.000241, 349.71 sec so far
Iteration 14533: max relative diff=0.000006, 354.73 sec so far
Iteration 14738: max relative diff=0.000006, 359.73 sec so far
Iteration 14944: max relative diff=0.000006, 364.75 sec so far
Iteration 15150: max relative diff=0.000006, 369.77 sec so far
Iteration 15356: max relative diff=0.000006, 374.79 sec so far
Iteration 15562: max relative diff=0.000006, 379.82 sec so far
Iteration 15768: max relative diff=0.000006, 384.83 sec so far
Iteration 15973: max relative diff=0.000006, 389.84 sec so far
Iteration 16179: max relative diff=0.000006, 394.86 sec so far

First round (updates from below) finished after 16215 iters.Iteration 16355: max relative diff=10000.000000, 399.88 sec so far
Iteration 16525: max relative diff=10000.000000, 404.89 sec so far
Iteration 16695: max relative diff=10000.000000, 409.89 sec so far
Iteration 16866: max relative diff=10000.000000, 414.92 sec so far
Iteration 17037: max relative diff=10000.000000, 419.94 sec so far
Iteration 17208: max relative diff=10000.000000, 424.94 sec so far
Iteration 17379: max relative diff=10000.000000, 429.95 sec so far
Iteration 17550: max relative diff=10000.000000, 434.96 sec so far
Iteration 17721: max relative diff=10000.000000, 439.96 sec so far
Iteration 17893: max relative diff=10000.000000, 444.99 sec so far
Iteration 18065: max relative diff=1876.757812, 450.00 sec so far
Iteration 18236: max relative diff=1876.757812, 455.01 sec so far
Iteration 18412: max relative diff=1876.757812, 460.04 sec so far
Iteration 18590: max relative diff=1876.757812, 465.06 sec so far
Iteration 18770: max relative diff=1876.757812, 470.07 sec so far
Iteration 18952: max relative diff=1876.757812, 475.09 sec so far
Iteration 19136: max relative diff=1876.757812, 480.10 sec so far
Iteration 19322: max relative diff=1876.757812, 485.11 sec so far
Iteration 19510: max relative diff=1876.757812, 490.13 sec so far
Iteration 19700: max relative diff=1876.757812, 495.15 sec so far
Iteration 19892: max relative diff=303.421820, 500.15 sec so far
Iteration 20086: max relative diff=303.421820, 505.17 sec so far
Iteration 20280: max relative diff=303.421820, 510.19 sec so far
Iteration 20474: max relative diff=303.421820, 515.21 sec so far
Iteration 20667: max relative diff=303.421820, 520.21 sec so far
Iteration 20861: max relative diff=303.421820, 525.22 sec so far
Iteration 21055: max relative diff=303.421820, 530.24 sec so far
Iteration 21249: max relative diff=303.421820, 535.26 sec so far
Iteration 21443: max relative diff=303.421820, 540.27 sec so far
Iteration 21637: max relative diff=23.433786, 545.29 sec so far
Iteration 21831: max relative diff=23.433786, 550.31 sec so far
Iteration 22025: max relative diff=23.433786, 555.33 sec so far
Iteration 22219: max relative diff=23.433786, 560.35 sec so far
Iteration 22413: max relative diff=23.433786, 565.37 sec so far
Iteration 22607: max relative diff=23.433786, 570.38 sec so far
Iteration 22801: max relative diff=23.433786, 575.41 sec so far
Iteration 22994: max relative diff=23.433786, 580.41 sec so far
Iteration 23188: max relative diff=23.433786, 585.42 sec so far
Iteration 23382: max relative diff=23.433786, 590.44 sec so far
Iteration 23576: max relative diff=1.297296, 595.46 sec so far
Iteration 23770: max relative diff=1.297296, 600.48 sec so far
Iteration 23964: max relative diff=1.297296, 605.50 sec so far
Iteration 24158: max relative diff=1.297296, 610.51 sec so far
Iteration 24352: max relative diff=1.297296, 615.53 sec so far
Iteration 24546: max relative diff=1.297296, 620.54 sec so far
Iteration 24740: max relative diff=1.297296, 625.55 sec so far
Iteration 24934: max relative diff=1.297296, 630.57 sec so far
Iteration 25128: max relative diff=1.297296, 635.59 sec so far
Iteration 25322: max relative diff=0.059156, 640.61 sec so far
Iteration 25516: max relative diff=0.059156, 645.63 sec so far
Iteration 25710: max relative diff=0.059156, 650.63 sec so far
Iteration 25904: max relative diff=0.059156, 655.65 sec so far
Iteration 26098: max relative diff=0.059156, 660.67 sec so far
Iteration 26292: max relative diff=0.059156, 665.68 sec so far
Iteration 26486: max relative diff=0.059156, 670.70 sec so far
Iteration 26680: max relative diff=0.059156, 675.72 sec so far
Iteration 26874: max relative diff=0.059156, 680.73 sec so far
Iteration 27068: max relative diff=0.001224, 685.75 sec so far
Iteration 27262: max relative diff=0.001224, 690.77 sec so far
Iteration 27456: max relative diff=0.001224, 695.79 sec so far
Iteration 27650: max relative diff=0.001224, 700.80 sec so far
Iteration 27844: max relative diff=0.001224, 705.82 sec so far
Iteration 28037: max relative diff=0.001224, 710.82 sec so far
Iteration 28231: max relative diff=0.001224, 715.84 sec so far
Iteration 28425: max relative diff=0.001224, 720.86 sec so far
Iteration 28619: max relative diff=0.001224, 725.88 sec so far
Iteration 28813: max relative diff=0.001224, 730.89 sec so far
Iteration 29007: max relative diff=0.000027, 735.91 sec so far
Iteration 29201: max relative diff=0.000027, 740.93 sec so far
Iteration 29395: max relative diff=0.000027, 745.94 sec so far
Iteration 29589: max relative diff=0.000027, 750.95 sec so far
Iteration 29783: max relative diff=0.000027, 755.97 sec so far
Iteration 29977: max relative diff=0.000027, 761.00 sec so far
Iteration 30171: max relative diff=0.000027, 766.02 sec so far
Iteration 30365: max relative diff=0.000027, 771.04 sec so far
Iteration 30559: max relative diff=0.000027, 776.07 sec so far

Second round (updates from above) finished after 30636 iters.
Update from both sides... 
Iteration 30725: max relative diff=0.001215, 781.07 sec so far
Iteration 30873: max relative diff=0.001113, 786.09 sec so far
Iteration 31021: max relative diff=0.001010, 791.11 sec so far
Iteration 31169: max relative diff=0.000907, 796.12 sec so far
Iteration 31317: max relative diff=0.000805, 801.14 sec so far
Iteration 31465: max relative diff=0.000702, 806.16 sec so far
Iteration 31613: max relative diff=0.000599, 811.17 sec so far
Iteration 31761: max relative diff=0.000496, 816.19 sec so far
Iteration 31909: max relative diff=0.000394, 821.22 sec so far
Iteration 32057: max relative diff=0.000291, 826.23 sec so far
Iteration 32205: max relative diff=0.000188, 831.25 sec so far
Iteration 32353: max relative diff=0.000086, 836.26 sec so far
Iteration 32501: max relative diff=0.000029, 841.27 sec so far
Iteration 32649: max relative diff=0.000026, 846.30 sec so far
Iteration 32797: max relative diff=0.000024, 851.32 sec so far
Iteration 32945: max relative diff=0.000022, 856.33 sec so far
Iteration 33093: max relative diff=0.000019, 861.34 sec so far
Iteration 33241: max relative diff=0.000017, 866.36 sec so far
Iteration 33389: max relative diff=0.000014, 871.38 sec so far
Iteration 33537: max relative diff=0.000012, 876.39 sec so far
Iteration 33685: max relative diff=0.000010, 881.41 sec so far
Iteration 33833: max relative diff=0.000007, 886.43 sec so far
Iteration 33981: max relative diff=0.000005, 891.45 sec so far
Iteration 34129: max relative diff=0.000002, 896.46 sec so far
Max relative diff between upper and lower bound on convergence: 4.94066E-324

Number of iterations for the lower bound = 19796

Iterative method: 34217 iterations in 899.45 seconds (average 0.026287, setup 4.25)
Maximum finite value in solution vector at end of interval iteration: 1.993035327951159E8

Value in the initial state: 3.986499098191611E7

Time for model checking: 1181.162 seconds.

Result: 3.986499098191611E7 (value in the initial state)

---------------------------------------------------------------------

Note: There were 2 warnings during computation.

