PRISM
=====

Version: 4.4
Date: Sun Feb 21 06:46:11 IRST 2021
Hostname: sadegh-H81M-S2PH
Memory limits: cudd=1g, java(heap)=910.5m
Command line: prism ../../examples/mdps/wlan/wlan3.nm ../../examples/mdps/wlan/cost_max.pctl -s -improvedbk -maxiters 20045 -epsilon 1e-10 -const COL=5 -const TRANS_TIME_MAX=2000

Parsing model file "../../examples/mdps/wlan/wlan3.nm"...

Parsing properties file "../../examples/mdps/wlan/cost_max.pctl"...

1 property:
(1) "cost_max": R{"cost"}max=? [ F s1=12&s2=12 ]

Type:        MDP
Modules:     medium station1 station2 
Variables:   col c1 c2 x1 s1 slot1 backoff1 bc1 x2 s2 slot2 backoff2 bc2 

---------------------------------------------------------------------

Model checking: "cost_max": R{"cost"}max=? [ F s1=12&s2=12 ]
Model constants: COL=5,TRANS_TIME_MAX=2000

Warning: Not Switching to explicit engine, We implemented the emthods for sparse engine.

Building model...
Model constants: COL=5,TRANS_TIME_MAX=2000

Computing reachable states...

Reachability (BFS): 2142 iterations in 99.26 seconds (average 0.046340, setup 0.00)

Time for model construction: 136.094 seconds.

Type:        MDP
States:      1783413 (1 initial)
Transitions: 3622496
Choices:     3452516

Transition matrix: 821111 nodes (6 terminal), 3622496 minterms, vars: 55r/55c/7nd

Prob0E: 6440 iterations in 340.11 seconds (average 0.052813, setup 0.00)

Prob1A: 1 iterations in 0.12 seconds (average 0.115000, setup 0.00)

goal = 6, inf = 0, maybe = 1783407

Computing remaining rewards...

Building sparse matrix (transitions)... [n=1783413, nc=3452510, nnz=3622490, k=3] [61.4 MB]
Building sparse matrix (transition rewards)... [n=1783413, nc=3452510, nnz=1620934, k=3] [38.5 MB]
Creating vector for state rewards... [13.6 MB]
Creating vector for inf... [13.6 MB]
Creating vector for lower bounds... [13.6 MB]
Creating vector for upper bounds... [13.6 MB]
Allocating iteration vectors... [4 x 13.6 MB]
TOTAL: [208.8 MB]

Starting iterations (interval iteration)...

 Time for pre-computation: 1.584000 Iteration 128: max relative diff=100000.000000, 3.42 sec so far
Iteration 323: max relative diff=100000.000000, 8.45 sec so far
Iteration 518: max relative diff=100000.000000, 13.47 sec so far
Iteration 713: max relative diff=100000.000000, 18.49 sec so far
Iteration 908: max relative diff=100000.000000, 23.51 sec so far
Iteration 1103: max relative diff=100000.000000, 28.53 sec so far
Iteration 1298: max relative diff=100000.000000, 33.55 sec so far
Iteration 1492: max relative diff=100000.000000, 38.55 sec so far
Iteration 1687: max relative diff=100000.000000, 43.58 sec so far
Iteration 1882: max relative diff=100000.000000, 48.60 sec so far
Iteration 2077: max relative diff=9730.957031, 53.62 sec so far
Iteration 2272: max relative diff=9730.957031, 58.65 sec so far
Iteration 2467: max relative diff=9730.957031, 63.67 sec so far
Iteration 2662: max relative diff=9730.957031, 68.68 sec so far
Iteration 2857: max relative diff=9730.957031, 73.70 sec so far
Iteration 3052: max relative diff=9730.957031, 78.71 sec so far
Iteration 3247: max relative diff=9730.957031, 83.74 sec so far
Iteration 3442: max relative diff=9730.957031, 88.76 sec so far
Iteration 3637: max relative diff=9730.957031, 93.78 sec so far
Iteration 3831: max relative diff=9730.957031, 98.78 sec so far
Iteration 4026: max relative diff=1000.000000, 103.80 sec so far
Iteration 4221: max relative diff=1000.000000, 108.82 sec so far
Iteration 4416: max relative diff=1000.000000, 113.84 sec so far
Iteration 4611: max relative diff=1000.000000, 118.86 sec so far
Iteration 4806: max relative diff=1000.000000, 123.88 sec so far
Iteration 5001: max relative diff=1000.000000, 128.91 sec so far
Iteration 5196: max relative diff=1000.000000, 133.92 sec so far
Iteration 5391: max relative diff=1000.000000, 138.94 sec so far
Iteration 5586: max relative diff=1000.000000, 143.96 sec so far
Iteration 5781: max relative diff=1000.000000, 148.98 sec so far
Iteration 5976: max relative diff=1000.000000, 154.00 sec so far
Iteration 6170: max relative diff=170.824338, 159.00 sec so far
Iteration 6365: max relative diff=170.824338, 164.02 sec so far
Iteration 6560: max relative diff=170.824338, 169.04 sec so far
Iteration 6754: max relative diff=170.824338, 174.04 sec so far
Iteration 6949: max relative diff=170.824338, 179.07 sec so far
Iteration 7144: max relative diff=170.824338, 184.09 sec so far
Iteration 7339: max relative diff=170.824338, 189.10 sec so far
Iteration 7534: max relative diff=170.824338, 194.12 sec so far
Iteration 7729: max relative diff=170.824338, 199.15 sec so far
Iteration 7924: max relative diff=170.824338, 204.17 sec so far
Iteration 8119: max relative diff=10.363694, 209.19 sec so far
Iteration 8314: max relative diff=10.363694, 214.21 sec so far
Iteration 8509: max relative diff=10.363694, 219.23 sec so far
Iteration 8704: max relative diff=10.363694, 224.25 sec so far
Iteration 8899: max relative diff=10.363694, 229.28 sec so far
Iteration 9094: max relative diff=10.363694, 234.29 sec so far
Iteration 9288: max relative diff=10.363694, 239.29 sec so far
Iteration 9483: max relative diff=10.363694, 244.32 sec so far
Iteration 9678: max relative diff=10.363694, 249.34 sec so far
Iteration 9872: max relative diff=10.363694, 254.34 sec so far
Iteration 10067: max relative diff=0.440308, 259.36 sec so far
Iteration 10262: max relative diff=0.440308, 264.39 sec so far
Iteration 10457: max relative diff=0.440308, 269.41 sec so far
Iteration 10652: max relative diff=0.440308, 274.43 sec so far
Iteration 10846: max relative diff=0.440308, 279.44 sec so far
Iteration 11041: max relative diff=0.440308, 284.46 sec so far
Iteration 11236: max relative diff=0.440308, 289.49 sec so far
Iteration 11431: max relative diff=0.440308, 294.51 sec so far
Iteration 11626: max relative diff=0.440308, 299.54 sec so far
Iteration 11821: max relative diff=0.440308, 304.56 sec so far
Iteration 12016: max relative diff=0.011114, 309.58 sec so far
Iteration 12211: max relative diff=0.010293, 314.60 sec so far
Iteration 12406: max relative diff=0.010293, 319.62 sec so far
Iteration 12601: max relative diff=0.010293, 324.64 sec so far
Iteration 12796: max relative diff=0.010293, 329.67 sec so far
Iteration 12991: max relative diff=0.010293, 334.69 sec so far
Iteration 13185: max relative diff=0.010293, 339.70 sec so far
Iteration 13380: max relative diff=0.010293, 344.72 sec so far
Iteration 13575: max relative diff=0.010293, 349.74 sec so far
Iteration 13770: max relative diff=0.010293, 354.76 sec so far
Iteration 13965: max relative diff=0.010293, 359.77 sec so far
Iteration 14160: max relative diff=0.000241, 364.80 sec so far
Iteration 14355: max relative diff=0.000241, 369.82 sec so far
Iteration 14550: max relative diff=0.000241, 374.83 sec so far
Iteration 14745: max relative diff=0.000241, 379.85 sec so far
Iteration 14940: max relative diff=0.000241, 384.88 sec so far
Iteration 15135: max relative diff=0.000241, 389.89 sec so far
Iteration 15330: max relative diff=0.000241, 394.89 sec so far
Iteration 15524: max relative diff=0.000241, 399.89 sec so far
Iteration 15719: max relative diff=0.000241, 404.92 sec so far
Iteration 15914: max relative diff=0.000241, 409.94 sec so far
Iteration 16109: max relative diff=0.000006, 414.97 sec so far
Iteration 16304: max relative diff=0.000006, 419.99 sec so far
Iteration 16499: max relative diff=0.000006, 425.01 sec so far
Iteration 16694: max relative diff=0.000006, 430.03 sec so far
Iteration 16888: max relative diff=0.000006, 435.03 sec so far
Iteration 17083: max relative diff=0.000006, 440.06 sec so far
Iteration 17278: max relative diff=0.000006, 445.08 sec so far
Iteration 17473: max relative diff=0.000006, 450.09 sec so far
Iteration 17668: max relative diff=0.000006, 455.11 sec so far
Iteration 17863: max relative diff=0.000006, 460.14 sec so far
Iteration 18058: max relative diff=0.000000, 465.16 sec so far
Iteration 18253: max relative diff=0.000000, 470.18 sec so far
Iteration 18448: max relative diff=0.000000, 475.19 sec so far
Iteration 18643: max relative diff=0.000000, 480.21 sec so far
Iteration 18838: max relative diff=0.000000, 485.23 sec so far
Iteration 19033: max relative diff=0.000000, 490.25 sec so far
Iteration 19228: max relative diff=0.000000, 495.28 sec so far
Iteration 19423: max relative diff=0.000000, 500.29 sec so far
Iteration 19618: max relative diff=0.000000, 505.31 sec so far
Iteration 19813: max relative diff=0.000000, 510.34 sec so far
Iteration 20008: max relative diff=0.000000, 515.36 sec so far

First round (updates from below) finished after 20044 iters.
Iterative method: 20044 iterations in 516.31 seconds (average 0.025759, setup 4.53)

Value in the initial state: 4.429378358640164E7

Time for model checking: 862.988 seconds.

Result: 4.429378358640164E7 (value in the initial state)

---------------------------------------------------------------------

Note: There was 1 warning during computation.

