PRISM
=====

Version: 4.4
Date: Fri Feb 19 22:14:49 IRST 2021
Hostname: sadegh-H81M-S2PH
Memory limits: cudd=1g, java(heap)=910.5m
Command line: prism ../../examples/mdps/wlan/wlan3.nm ../../examples/mdps/wlan/cost_max.pctl -s '-ii:upper=1.2e+12' -asynchii -maxiters 900500 -const COL=5 -const TRANS_TIME_MAX=1000

Parsing model file "../../examples/mdps/wlan/wlan3.nm"...

Parsing properties file "../../examples/mdps/wlan/cost_max.pctl"...

1 property:
(1) "cost_max": R{"cost"}max=? [ F s1=12&s2=12 ]

Type:        MDP
Modules:     medium station1 station2 
Variables:   col c1 c2 x1 s1 slot1 backoff1 bc1 x2 s2 slot2 backoff2 bc2 

---------------------------------------------------------------------

Model checking: "cost_max": R{"cost"}max=? [ F s1=12&s2=12 ]
Model constants: COL=5,TRANS_TIME_MAX=1000

Warning: Not Switching to explicit engine, We implemented the emthods for sparse engine.

Building model...
Model constants: COL=5,TRANS_TIME_MAX=1000

Computing reachable states...

Reachability (BFS): 1142 iterations in 30.16 seconds (average 0.026414, setup 0.00)

Time for model construction: 35.884 seconds.

Type:        MDP
States:      988413 (1 initial)
Transitions: 2017496
Choices:     1847516

Transition matrix: 421499 nodes (6 terminal), 2017496 minterms, vars: 53r/53c/7nd

Prob0E: 3440 iterations in 102.36 seconds (average 0.029755, setup 0.00)

Prob1A: 1 iterations in 0.06 seconds (average 0.058000, setup 0.00)

goal = 6, inf = 0, maybe = 988407

Warning: Upper bound for interval iteration manually set to 1.2E12

Computing remaining rewards...
 8
Building sparse matrix (transitions)... [n=988413, nc=1847510, nnz=2017490, k=3] [33.9 MB]
Building sparse matrix (transition rewards)... [n=988413, nc=1847510, nnz=835934, k=3] [20.4 MB]
Creating vector for state rewards... [7.5 MB]
Creating vector for inf... [7.5 MB]
Creating vector for lower bounds... [7.5 MB]
Creating vector for upper bounds... [7.5 MB]
Allocating iteration vectors... [4 x 7.5 MB]
TOTAL: [114.6 MB]

Starting iterations (interval iteration)...

 Time for pre-computation	: 0.029000 
		 >> 988407 after 0 iters << 
Iteration 279: max relative diff=1.000000, 4.98 sec so far
Iteration 542: max relative diff=1.000000, 10.00 sec so far
Iteration 804: max relative diff=1.000000, 15.00 sec so far
Iteration 1066: max relative diff=1.000000, 20.01 sec so far
Iteration 1328: max relative diff=1.000000, 25.01 sec so far
Iteration 1605: max relative diff=1.000000, 30.02 sec so far
Iteration 1867: max relative diff=1.000000, 35.03 sec so far
Iteration 2129: max relative diff=1.000000, 40.03 sec so far
Iteration 2391: max relative diff=1.000000, 45.03 sec so far
Iteration 2653: max relative diff=1.000000, 50.05 sec so far
Iteration 2915: max relative diff=1.000000, 55.05 sec so far
Iteration 3178: max relative diff=1.000000, 60.07 sec so far
Iteration 3440: max relative diff=1.000000, 65.08 sec so far
Iteration 3702: max relative diff=1.000000, 70.08 sec so far
Iteration 3964: max relative diff=1.000000, 75.08 sec so far
Iteration 4226: max relative diff=1.000000, 80.10 sec so far
Iteration 4488: max relative diff=1.000000, 85.10 sec so far
Iteration 4759: max relative diff=1.000000, 90.11 sec so far
Iteration 5025: max relative diff=1200000000000.000000, 95.12 sec so far
Iteration 5342: max relative diff=1200000000000.000000, 100.12 sec so far
Iteration 5659: max relative diff=1200000000000.000000, 105.13 sec so far
Iteration 5976: max relative diff=1200000000000.000000, 110.14 sec so far
Iteration 6293: max relative diff=1200000000000.000000, 115.14 sec so far
Iteration 6611: max relative diff=1200000000000.000000, 120.16 sec so far
Iteration 6929: max relative diff=1200000000000.000000, 125.17 sec so far
Iteration 7247: max relative diff=1199999986829.059082, 130.18 sec so far
Iteration 7565: max relative diff=1199999986831.228760, 135.19 sec so far
Iteration 7882: max relative diff=1199999986833.391602, 140.19 sec so far
Iteration 8200: max relative diff=220312489014.500610, 145.20 sec so far
Iteration 8517: max relative diff=220312489154.078308, 150.21 sec so far
Iteration 8834: max relative diff=220312489293.656006, 155.22 sec so far
Iteration 9151: max relative diff=20439147563.629864, 160.23 sec so far
Iteration 9468: max relative diff=20439147703.207565, 165.24 sec so far
Iteration 9785: max relative diff=20439147842.785267, 170.25 sec so far
Iteration 10102: max relative diff=953095112.244847, 175.26 sec so far
Iteration 10419: max relative diff=953095251.822549, 180.26 sec so far
Iteration 10737: max relative diff=953095391.840559, 185.26 sec so far
Iteration 11054: max relative diff=22280468.002837, 190.27 sec so far
Iteration 11371: max relative diff=22280471.265670, 195.27 sec so far
Iteration 11688: max relative diff=22280474.528504, 200.28 sec so far
Iteration 12006: max relative diff=22277865.084435, 205.29 sec so far
Iteration 12323: max relative diff=521312.780675, 210.30 sec so far
Iteration 12640: max relative diff=521312.856949, 215.31 sec so far
Iteration 12957: max relative diff=521312.933222, 220.31 sec so far
Iteration 13275: max relative diff=12660.589213, 225.31 sec so far
Iteration 13592: max relative diff=12660.590996, 230.31 sec so far
Iteration 13909: max relative diff=12660.592779, 235.32 sec so far
Iteration 14224: max relative diff=748.415277, 240.34 sec so far
Iteration 14541: max relative diff=748.415318, 245.34 sec so far
Iteration 14859: max relative diff=748.415360, 250.35 sec so far
Iteration 15109: max relative diff=422.027658, 255.36 sec so far
Iteration 15285: max relative diff=344.533413, 260.36 sec so far
Iteration 15461: max relative diff=267.039169, 265.37 sec so far
Iteration 15637: max relative diff=189.544925, 270.38 sec so far
Iteration 15813: max relative diff=112.050681, 275.40 sec so far
Iteration 15989: max relative diff=34.556437, 280.41 sec so far
Iteration 16165: max relative diff=9.315971, 285.41 sec so far
Iteration 16341: max relative diff=7.504429, 290.42 sec so far
Iteration 16517: max relative diff=5.692888, 295.44 sec so far
Iteration 16693: max relative diff=3.881346, 300.44 sec so far
Iteration 16869: max relative diff=2.069805, 305.46 sec so far
Iteration 17045: max relative diff=0.247262, 310.46 sec so far
Iteration 17221: max relative diff=0.204928, 315.47 sec so far
Iteration 17397: max relative diff=0.162580, 320.48 sec so far
Iteration 17573: max relative diff=0.120233, 325.49 sec so far
Iteration 17749: max relative diff=0.077886, 330.50 sec so far
Iteration 17925: max relative diff=0.035538, 335.51 sec so far
Iteration 18101: max relative diff=0.005480, 340.51 sec so far
Iteration 18277: max relative diff=0.004490, 345.52 sec so far
Iteration 18453: max relative diff=0.003500, 350.52 sec so far
Iteration 18629: max relative diff=0.002510, 355.53 sec so far
Iteration 18805: max relative diff=0.001520, 360.54 sec so far
Iteration 18981: max relative diff=0.000530, 365.55 sec so far
Iteration 19157: max relative diff=0.000121, 370.57 sec so far
Iteration 19333: max relative diff=0.000098, 375.58 sec so far
Iteration 19509: max relative diff=0.000075, 380.60 sec so far
Iteration 19685: max relative diff=0.000052, 385.61 sec so far
Iteration 19861: max relative diff=0.000029, 390.63 sec so far
Iteration 20037: max relative diff=0.000004, 395.64 sec so far
Iteration 20213: max relative diff=0.000003, 400.65 sec so far
Iteration 20389: max relative diff=0.000002, 405.66 sec so far
Iteration 20565: max relative diff=0.000002, 410.67 sec so far
Iteration 20741: max relative diff=0.000001, 415.67 sec so far
Max relative diff between upper and lower bound on convergence: 9.98378E-07
LowItr:10731 , UpItr:15757 

Iterative method: 20755 iterations in 416.07 seconds (average 0.020047, setup 2.45)
Maximum finite value in solution vector at end of interval iteration: 1.1072728541213971E8

Value in the initial state: 2.214982056394708E7

Time for model checking: 521.46 seconds.

Result: 2.214982056394708E7 (value in the initial state)

---------------------------------------------------------------------

Note: There were 2 warnings during computation.

