PRISM
=====

Version: 4.4
Date: Fri Feb 19 16:46:15 IRST 2021
Hostname: sadegh-H81M-S2PH
Memory limits: cudd=1g, java(heap)=910.5m
Command line: prism ../../examples/mdps/wlan/wlan3.nm ../../examples/mdps/wlan/cost_max.pctl -s '-ii:upper=1.2e+12' -asynchii -maxiters 900500 -const COL=5 -const TRANS_TIME_MAX=200

Parsing model file "../../examples/mdps/wlan/wlan3.nm"...

Parsing properties file "../../examples/mdps/wlan/cost_max.pctl"...

1 property:
(1) "cost_max": R{"cost"}max=? [ F s1=12&s2=12 ]

Type:        MDP
Modules:     medium station1 station2 
Variables:   col c1 c2 x1 s1 slot1 backoff1 bc1 x2 s2 slot2 backoff2 bc2 

---------------------------------------------------------------------

Model checking: "cost_max": R{"cost"}max=? [ F s1=12&s2=12 ]
Model constants: COL=5,TRANS_TIME_MAX=200

Warning: Not Switching to explicit engine, We implemented the emthods for sparse engine.

Building model...
Model constants: COL=5,TRANS_TIME_MAX=200

Computing reachable states...

Reachability (BFS): 342 iterations in 2.91 seconds (average 0.008506, setup 0.00)

Time for model construction: 3.345 seconds.

Type:        MDP
States:      352413 (1 initial)
Transitions: 733496
Choices:     563516

Transition matrix: 101743 nodes (6 terminal), 733496 minterms, vars: 49r/49c/7nd

Prob0E: 1040 iterations in 14.65 seconds (average 0.014087, setup 0.00)

Prob1A: 1 iterations in 0.01 seconds (average 0.013000, setup 0.00)

goal = 6, inf = 0, maybe = 352407

Warning: Upper bound for interval iteration manually set to 1.2E12

Computing remaining rewards...
 8
Building sparse matrix (transitions)... [n=352413, nc=563510, nnz=733490, k=3] [11.9 MB]
Building sparse matrix (transition rewards)... [n=352413, nc=563510, nnz=207934, k=3] [5.9 MB]
Creating vector for state rewards... [2.7 MB]
Creating vector for inf... [2.7 MB]
Creating vector for lower bounds... [2.7 MB]
Creating vector for upper bounds... [2.7 MB]
Allocating iteration vectors... [4 x 2.7 MB]
TOTAL: [39.3 MB]

Starting iterations (interval iteration)...

 Time for pre-computation	: 0.009000 
		 >> 352407 after 0 iters << 
Iteration 795: max relative diff=1.000000, 4.99 sec so far
Iteration 1602: max relative diff=220312497570.521729, 10.00 sec so far
Iteration 2418: max relative diff=520952.226446, 15.01 sec so far
Iteration 3143: max relative diff=46.379240, 20.01 sec so far
Iteration 3610: max relative diff=0.010479, 25.02 sec so far
Max relative diff between upper and lower bound on convergence: 9.13627E-07
LowItr:2016 , UpItr:3042 

Iterative method: 4040 iterations in 29.63 seconds (average 0.007335, setup 0.60)
Maximum finite value in solution vector at end of interval iteration: 2.215103802916368E7

Value in the initial state: 4434650.145979006

Time for model checking: 45.012 seconds.

Result: 4434650.145979006 (value in the initial state)

---------------------------------------------------------------------

Note: There were 2 warnings during computation.

