PRISM
=====

Version: 4.4
Date: Fri Feb 19 18:09:46 IRST 2021
Hostname: sadegh-H81M-S2PH
Memory limits: cudd=1g, java(heap)=910.5m
Command line: prism ../../examples/mdps/wlan/wlan3.nm ../../examples/mdps/wlan/cost_max.pctl -s '-ii:upper=1.2e+12' -asynchii -maxiters 900500 -const COL=5 -const TRANS_TIME_MAX=600

Parsing model file "../../examples/mdps/wlan/wlan3.nm"...

Parsing properties file "../../examples/mdps/wlan/cost_max.pctl"...

1 property:
(1) "cost_max": R{"cost"}max=? [ F s1=12&s2=12 ]

Type:        MDP
Modules:     medium station1 station2 
Variables:   col c1 c2 x1 s1 slot1 backoff1 bc1 x2 s2 slot2 backoff2 bc2 

---------------------------------------------------------------------

Model checking: "cost_max": R{"cost"}max=? [ F s1=12&s2=12 ]
Model constants: COL=5,TRANS_TIME_MAX=600

Warning: Not Switching to explicit engine, We implemented the emthods for sparse engine.

Building model...
Model constants: COL=5,TRANS_TIME_MAX=600

Computing reachable states...

Reachability (BFS): 742 iterations in 13.91 seconds (average 0.018743, setup 0.00)

Time for model construction: 16.064 seconds.

Type:        MDP
States:      670413 (1 initial)
Transitions: 1375496
Choices:     1205516

Transition matrix: 271942 nodes (6 terminal), 1375496 minterms, vars: 53r/53c/7nd

Prob0E: 2240 iterations in 50.14 seconds (average 0.022385, setup 0.00)

Prob1A: 1 iterations in 0.04 seconds (average 0.036000, setup 0.00)

goal = 6, inf = 0, maybe = 670407

Warning: Upper bound for interval iteration manually set to 1.2E12

Computing remaining rewards...
 8
Building sparse matrix (transitions)... [n=670413, nc=1205510, nnz=1375490, k=3] [22.9 MB]
Building sparse matrix (transition rewards)... [n=670413, nc=1205510, nnz=521934, k=3] [13.1 MB]
Creating vector for state rewards... [5.1 MB]
Creating vector for inf... [5.1 MB]
Creating vector for lower bounds... [5.1 MB]
Creating vector for upper bounds... [5.1 MB]
Allocating iteration vectors... [4 x 5.1 MB]
TOTAL: [76.9 MB]

Starting iterations (interval iteration)...

 Time for pre-computation	: 0.021000 
		 >> 670407 after 0 iters << 
Iteration 581: max relative diff=1.000000, 4.98 sec so far
Iteration 1169: max relative diff=1.000000, 9.98 sec so far
Iteration 1757: max relative diff=1.000000, 14.98 sec so far
Iteration 2347: max relative diff=1.000000, 19.99 sec so far
Iteration 2936: max relative diff=1.000000, 24.99 sec so far
Iteration 3410: max relative diff=1200000000000.000000, 30.00 sec so far
Iteration 3870: max relative diff=1200000000000.000000, 35.01 sec so far
Iteration 4330: max relative diff=1199999991941.963379, 40.01 sec so far
Iteration 4791: max relative diff=1199999991945.257812, 45.02 sec so far
Iteration 5251: max relative diff=220312493446.618988, 50.02 sec so far
Iteration 5712: max relative diff=20439147811.029522, 55.03 sec so far
Iteration 6172: max relative diff=953095143.066422, 60.03 sec so far
Iteration 6633: max relative diff=22280291.663664, 65.05 sec so far
Iteration 7094: max relative diff=22280296.408408, 70.05 sec so far
Iteration 7555: max relative diff=521132.547952, 75.06 sec so far
Iteration 8017: max relative diff=12480.252220, 80.07 sec so far
Iteration 8476: max relative diff=568.076340, 85.08 sec so far
Iteration 8937: max relative diff=568.076401, 90.08 sec so far
Iteration 9235: max relative diff=186.209854, 95.09 sec so far
Iteration 9493: max relative diff=72.610337, 100.10 sec so far
Iteration 9752: max relative diff=5.234090, 105.11 sec so far
Iteration 10011: max relative diff=2.568242, 110.13 sec so far
Iteration 10269: max relative diff=0.142952, 115.14 sec so far
Iteration 10528: max relative diff=0.080635, 120.15 sec so far
Iteration 10787: max relative diff=0.018317, 125.17 sec so far
Iteration 11045: max relative diff=0.002366, 130.17 sec so far
Iteration 11304: max relative diff=0.000910, 135.18 sec so far
Iteration 11563: max relative diff=0.000066, 140.20 sec so far
Iteration 11822: max relative diff=0.000032, 145.22 sec so far
Iteration 12081: max relative diff=0.000002, 150.24 sec so far
Iteration 12340: max relative diff=0.000001, 155.26 sec so far
Max relative diff between upper and lower bound on convergence: 9.98378E-07
LowItr:6323 , UpItr:9349 

Iterative method: 12347 iterations in 155.40 seconds (average 0.012586, setup 1.48)
Maximum finite value in solution vector at end of interval iteration: 6.6439161720651686E7

Value in the initial state: 1.3292235354962952E7

Time for model checking: 207.291 seconds.

Result: 1.3292235354962952E7 (value in the initial state)

---------------------------------------------------------------------

Note: There were 2 warnings during computation.

