PRISM
=====

Version: 4.4
Date: Sat Feb 20 08:12:01 IRST 2021
Hostname: sadegh-H81M-S2PH
Memory limits: cudd=1g, java(heap)=910.5m
Command line: prism ../../examples/mdps/wlan/wlan3.nm ../../examples/mdps/wlan/time_max.pctl -s '-ii:upper=1.2e+12' -asynchii -maxiters 900500 -const COL=5 -const TRANS_TIME_MAX=1400

Parsing model file "../../examples/mdps/wlan/wlan3.nm"...

Parsing properties file "../../examples/mdps/wlan/time_max.pctl"...

1 property:
(1) "time_max": R{"time"}max=? [ F s1=12&s2=12 ]

Type:        MDP
Modules:     medium station1 station2 
Variables:   col c1 c2 x1 s1 slot1 backoff1 bc1 x2 s2 slot2 backoff2 bc2 

---------------------------------------------------------------------

Model checking: "time_max": R{"time"}max=? [ F s1=12&s2=12 ]
Model constants: COL=5,TRANS_TIME_MAX=1400

Warning: Not Switching to explicit engine, We implemented the emthods for sparse engine.

Building model...
Model constants: COL=5,TRANS_TIME_MAX=1400

Computing reachable states...

Reachability (BFS): 1542 iterations in 53.47 seconds (average 0.034678, setup 0.00)

Time for model construction: 68.863 seconds.

Type:        MDP
States:      1306413 (1 initial)
Transitions: 2659496
Choices:     2489516

Transition matrix: 596764 nodes (6 terminal), 2659496 minterms, vars: 55r/55c/7nd

Prob0E: 4640 iterations in 188.61 seconds (average 0.040648, setup 0.00)

Prob1A: 1 iterations in 0.09 seconds (average 0.087000, setup 0.00)

goal = 6, inf = 0, maybe = 1306407

Warning: Upper bound for interval iteration manually set to 1.2E12

Computing remaining rewards...
 8
Building sparse matrix (transitions)... [n=1306413, nc=2489510, nnz=2659490, k=3] [44.9 MB]
Building sparse matrix (transition rewards)... [n=1306413, nc=2489510, nnz=1149934, k=3] [27.6 MB]
Creating vector for state rewards... [10.0 MB]
Creating vector for inf... [10.0 MB]
Creating vector for lower bounds... [10.0 MB]
Creating vector for upper bounds... [10.0 MB]
Allocating iteration vectors... [4 x 10.0 MB]
TOTAL: [152.3 MB]

Starting iterations (interval iteration)...

 Time for pre-computation	: 0.042000 
		 >> 1306407 after 0 iters << 
Iteration 268: max relative diff=1.000000, 4.97 sec so far
Iteration 544: max relative diff=1.000000, 9.98 sec so far
Iteration 819: max relative diff=1.000000, 14.98 sec so far
Iteration 1094: max relative diff=1.000000, 19.99 sec so far
Iteration 1369: max relative diff=1.000000, 24.99 sec so far
Iteration 1644: max relative diff=1.000000, 29.99 sec so far
Iteration 1919: max relative diff=1.000000, 35.00 sec so far
Iteration 2194: max relative diff=1.000000, 40.01 sec so far
Iteration 2469: max relative diff=1.000000, 45.01 sec so far
Iteration 2744: max relative diff=1.000000, 50.02 sec so far
Iteration 3019: max relative diff=1.000000, 55.02 sec so far
Iteration 3294: max relative diff=1.000000, 60.02 sec so far
Iteration 3569: max relative diff=1.000000, 65.03 sec so far
Iteration 3844: max relative diff=1.000000, 70.03 sec so far
Iteration 4120: max relative diff=1.000000, 75.04 sec so far
Iteration 4364: max relative diff=1200000000000.000000, 80.06 sec so far
Iteration 4596: max relative diff=1200000000000.000000, 85.08 sec so far
Iteration 4828: max relative diff=1200000000000.000000, 90.10 sec so far
Iteration 5060: max relative diff=1200000000000.000000, 95.11 sec so far
Iteration 5291: max relative diff=1200000000000.000000, 100.12 sec so far
Iteration 5523: max relative diff=1200000000000.000000, 105.14 sec so far
Iteration 5755: max relative diff=1200000000000.000000, 110.15 sec so far
Iteration 5987: max relative diff=1200000000000.000000, 115.17 sec so far
Iteration 6219: max relative diff=1200000000000.000000, 120.19 sec so far
Iteration 6451: max relative diff=1200000000000.000000, 125.21 sec so far
Iteration 6682: max relative diff=1200000000000.000000, 130.21 sec so far
Iteration 6914: max relative diff=1200000000000.000000, 135.22 sec so far
Iteration 7146: max relative diff=1199999998450.223633, 140.25 sec so far
Iteration 7378: max relative diff=1199999998719.326660, 145.26 sec so far
Iteration 7609: max relative diff=1199999998988.619873, 150.26 sec so far
Iteration 7840: max relative diff=1199999999257.913086, 155.27 sec so far
Iteration 8071: max relative diff=1199999999527.206299, 160.27 sec so far
Iteration 8303: max relative diff=1199999999797.665283, 165.29 sec so far
Iteration 8535: max relative diff=220312501175.000092, 170.31 sec so far
Iteration 8766: max relative diff=220312503295.507904, 175.31 sec so far
Iteration 8998: max relative diff=220312505425.195404, 180.33 sec so far
Iteration 9229: max relative diff=220312507545.703217, 185.34 sec so far
Iteration 9461: max relative diff=220312509675.390717, 190.36 sec so far
Iteration 9692: max relative diff=220312511795.898529, 195.36 sec so far
Iteration 9924: max relative diff=20439160870.630016, 200.38 sec so far
Iteration 10156: max relative diff=20439161068.208447, 205.39 sec so far
Iteration 10388: max relative diff=20439161265.786877, 210.41 sec so far
Iteration 10619: max relative diff=20439161462.513676, 215.41 sec so far
Iteration 10850: max relative diff=20439161659.240475, 220.43 sec so far
Iteration 11081: max relative diff=20439161855.967274, 225.43 sec so far
Iteration 11312: max relative diff=953109052.088873, 230.43 sec so far
Iteration 11544: max relative diff=953109061.302126, 235.45 sec so far
Iteration 11776: max relative diff=953109070.515378, 240.47 sec so far
Iteration 12007: max relative diff=953109079.688917, 245.47 sec so far
Iteration 12239: max relative diff=953109088.902169, 250.49 sec so far
Iteration 12471: max relative diff=953109098.115421, 255.51 sec so far
Iteration 12702: max relative diff=22294062.482504, 260.51 sec so far
Iteration 12933: max relative diff=22294062.696949, 265.51 sec so far
Iteration 13165: max relative diff=22294062.912323, 270.54 sec so far
Iteration 13397: max relative diff=22294063.127696, 275.56 sec so far
Iteration 13628: max relative diff=22294063.342141, 280.57 sec so far
Iteration 13858: max relative diff=22294063.555657, 285.57 sec so far
Iteration 14089: max relative diff=534898.612999, 290.59 sec so far
Iteration 14320: max relative diff=534898.618012, 295.60 sec so far
Iteration 14551: max relative diff=534898.623025, 300.62 sec so far
Iteration 14782: max relative diff=534898.628038, 305.64 sec so far
Iteration 15013: max relative diff=534898.633051, 310.65 sec so far
Iteration 15244: max relative diff=534898.638064, 315.67 sec so far
Iteration 15475: max relative diff=26246.284098, 320.69 sec so far
Iteration 15706: max relative diff=26246.284215, 325.70 sec so far
Iteration 15937: max relative diff=26246.284332, 330.72 sec so far
Iteration 16167: max relative diff=26246.284449, 335.72 sec so far
Iteration 16397: max relative diff=26246.284565, 340.73 sec so far
Iteration 16628: max relative diff=26246.284683, 345.75 sec so far
Iteration 16847: max relative diff=14221.025196, 350.78 sec so far
Iteration 16973: max relative diff=13075.228091, 355.82 sec so far
Iteration 17098: max relative diff=11927.767155, 360.82 sec so far
Iteration 17224: max relative diff=10771.126531, 365.85 sec so far
Iteration 17350: max relative diff=9614.485908, 370.89 sec so far
Iteration 17476: max relative diff=8457.845284, 375.93 sec so far
Iteration 17602: max relative diff=7301.204661, 380.97 sec so far
Iteration 17728: max relative diff=6144.564037, 386.00 sec so far
Iteration 17854: max relative diff=4987.923414, 391.04 sec so far
Iteration 17980: max relative diff=3831.282790, 396.08 sec so far
Iteration 18105: max relative diff=2683.821854, 401.11 sec so far
Iteration 18231: max relative diff=1342.750649, 406.14 sec so far
Iteration 18357: max relative diff=1148.814965, 411.15 sec so far
Iteration 18482: max relative diff=1043.481637, 416.15 sec so far
Iteration 18608: max relative diff=937.305642, 421.19 sec so far
Iteration 18733: max relative diff=831.191346, 426.19 sec so far
Iteration 18859: max relative diff=723.885819, 431.22 sec so far
Iteration 18985: max relative diff=616.580292, 436.26 sec so far
Iteration 19111: max relative diff=509.274766, 441.29 sec so far
Iteration 19237: max relative diff=401.969239, 446.33 sec so far
Iteration 19363: max relative diff=294.663712, 451.37 sec so far
Iteration 19489: max relative diff=187.358185, 456.41 sec so far
Iteration 19614: max relative diff=80.904290, 461.42 sec so far
Iteration 19740: max relative diff=52.748682, 466.46 sec so far
Iteration 19866: max relative diff=47.771130, 471.49 sec so far
Iteration 19991: max relative diff=42.833084, 476.49 sec so far
Iteration 20116: max relative diff=37.895037, 481.50 sec so far
Iteration 20241: max relative diff=32.956990, 486.50 sec so far
Iteration 20366: max relative diff=28.018943, 491.50 sec so far
Iteration 20491: max relative diff=23.080896, 496.50 sec so far
Iteration 20617: max relative diff=18.103345, 501.54 sec so far
Iteration 20743: max relative diff=13.125793, 506.57 sec so far
Iteration 20868: max relative diff=8.187746, 511.58 sec so far
Iteration 20993: max relative diff=3.249700, 516.58 sec so far
Iteration 21118: max relative diff=1.253106, 521.59 sec so far
Iteration 21244: max relative diff=1.137052, 526.63 sec so far
Iteration 21370: max relative diff=1.020998, 531.66 sec so far
Iteration 21496: max relative diff=0.904945, 536.69 sec so far
Iteration 21622: max relative diff=0.788891, 541.73 sec so far
Iteration 21748: max relative diff=0.672837, 546.77 sec so far
Iteration 21874: max relative diff=0.556783, 551.81 sec so far
Iteration 22000: max relative diff=0.440730, 556.84 sec so far
Iteration 22126: max relative diff=0.324676, 561.88 sec so far
Iteration 22252: max relative diff=0.208622, 566.92 sec so far
Iteration 22378: max relative diff=0.092568, 571.95 sec so far
Iteration 22504: max relative diff=0.029587, 576.98 sec so far
Iteration 22629: max relative diff=0.026903, 581.99 sec so far
Iteration 22755: max relative diff=0.024197, 587.03 sec so far
Iteration 22881: max relative diff=0.021491, 592.07 sec so far
Iteration 23007: max relative diff=0.018785, 597.11 sec so far
Iteration 23133: max relative diff=0.016079, 602.15 sec so far
Iteration 23258: max relative diff=0.013395, 607.15 sec so far
Iteration 23384: max relative diff=0.010689, 612.19 sec so far
Iteration 23510: max relative diff=0.007983, 617.23 sec so far
Iteration 23635: max relative diff=0.005299, 622.23 sec so far
Iteration 23761: max relative diff=0.002593, 627.27 sec so far
Iteration 23887: max relative diff=0.000700, 632.30 sec so far
Iteration 24012: max relative diff=0.000637, 637.31 sec so far
Iteration 24137: max relative diff=0.000575, 642.32 sec so far
Iteration 24263: max relative diff=0.000512, 647.36 sec so far
Iteration 24389: max relative diff=0.000449, 652.39 sec so far
Iteration 24515: max relative diff=0.000386, 657.43 sec so far
Iteration 24641: max relative diff=0.000322, 662.47 sec so far
Iteration 24767: max relative diff=0.000259, 667.51 sec so far
Iteration 24892: max relative diff=0.000197, 672.51 sec so far
Iteration 25018: max relative diff=0.000134, 677.55 sec so far
Iteration 25144: max relative diff=0.000071, 682.58 sec so far
Iteration 25270: max relative diff=0.000017, 687.62 sec so far
Iteration 25396: max relative diff=0.000015, 692.66 sec so far
Iteration 25521: max relative diff=0.000014, 697.66 sec so far
Iteration 25646: max relative diff=0.000012, 702.67 sec so far
Iteration 25772: max relative diff=0.000011, 707.71 sec so far
Iteration 25897: max relative diff=0.000009, 712.71 sec so far
Iteration 26023: max relative diff=0.000008, 717.75 sec so far
Iteration 26148: max relative diff=0.000006, 722.75 sec so far
Iteration 26273: max relative diff=0.000005, 727.75 sec so far
Iteration 26399: max relative diff=0.000003, 732.79 sec so far
Iteration 26525: max relative diff=0.000002, 737.83 sec so far
Max relative diff between upper and lower bound on convergence: 9.94856E-07
LowItr:13973 , UpItr:22400 

Iterative method: 26603 iterations in 740.95 seconds (average 0.027852, setup 3.37)
Maximum finite value in solution vector at end of interval iteration: 226358.4599538854

Value in the initial state: 226358.4599538854

Time for model checking: 933.409 seconds.

Result: 226358.4599538854 (value in the initial state)

---------------------------------------------------------------------

Note: There were 2 warnings during computation.

