PRISM
=====

Version: 4.4
Date: Sun Feb 21 10:39:39 IRST 2021
Hostname: sadegh-H81M-S2PH
Memory limits: cudd=1g, java(heap)=910.5m
Command line: prism ../../examples/mdps/wlan/wlan3.nm ../../examples/mdps/wlan/time_max.pctl -s '-ii:upper=1.2e+12' -improvedbk -maxiters 900500 -const COL=5 -const TRANS_TIME_MAX=2000

Parsing model file "../../examples/mdps/wlan/wlan3.nm"...

Parsing properties file "../../examples/mdps/wlan/time_max.pctl"...

1 property:
(1) "time_max": R{"time"}max=? [ F s1=12&s2=12 ]

Type:        MDP
Modules:     medium station1 station2 
Variables:   col c1 c2 x1 s1 slot1 backoff1 bc1 x2 s2 slot2 backoff2 bc2 

---------------------------------------------------------------------

Model checking: "time_max": R{"time"}max=? [ F s1=12&s2=12 ]
Model constants: COL=5,TRANS_TIME_MAX=2000

Warning: Not Switching to explicit engine, We implemented the emthods for sparse engine.

Building model...
Model constants: COL=5,TRANS_TIME_MAX=2000

Computing reachable states...

Reachability (BFS): 2142 iterations in 98.92 seconds (average 0.046182, setup 0.00)

Time for model construction: 135.426 seconds.

Type:        MDP
States:      1783413 (1 initial)
Transitions: 3622496
Choices:     3452516

Transition matrix: 821111 nodes (6 terminal), 3622496 minterms, vars: 55r/55c/7nd

Prob0E: 6440 iterations in 333.45 seconds (average 0.051777, setup 0.00)

Prob1A: 1 iterations in 0.11 seconds (average 0.112000, setup 0.00)

goal = 6, inf = 0, maybe = 1783407

Warning: Upper bound for interval iteration manually set to 1.2E12

Computing remaining rewards...
 7
Building sparse matrix (transitions)... [n=1783413, nc=3452510, nnz=3622490, k=3] [61.4 MB]
Building sparse matrix (transition rewards)... [n=1783413, nc=3452510, nnz=1620934, k=3] [38.5 MB]
Creating vector for state rewards... [13.6 MB]
Creating vector for inf... [13.6 MB]
Creating vector for lower bounds... [13.6 MB]
Creating vector for upper bounds... [13.6 MB]
Allocating iteration vectors... [4 x 13.6 MB]
TOTAL: [208.8 MB]

Starting iterations (interval iteration)...

 Time for pre-computation: 1.581000 Iteration 114: max relative diff=50.000000, 3.42 sec so far
Iteration 289: max relative diff=50.000000, 8.45 sec so far
Iteration 463: max relative diff=50.000000, 13.45 sec so far
Iteration 637: max relative diff=50.000000, 18.46 sec so far
Iteration 812: max relative diff=50.000000, 23.48 sec so far
Iteration 986: max relative diff=50.000000, 28.50 sec so far
Iteration 1160: max relative diff=50.000000, 33.51 sec so far
Iteration 1335: max relative diff=50.000000, 38.54 sec so far
Iteration 1510: max relative diff=50.000000, 43.56 sec so far
Iteration 1685: max relative diff=50.000000, 48.59 sec so far
Iteration 1860: max relative diff=50.000000, 53.62 sec so far
Iteration 2035: max relative diff=50.000000, 58.64 sec so far
Iteration 2210: max relative diff=50.000000, 63.67 sec so far
Iteration 2385: max relative diff=50.000000, 68.70 sec so far
Iteration 2560: max relative diff=50.000000, 73.72 sec so far
Iteration 2735: max relative diff=50.000000, 78.75 sec so far
Iteration 2909: max relative diff=50.000000, 83.75 sec so far
Iteration 3083: max relative diff=50.000000, 88.77 sec so far
Iteration 3257: max relative diff=50.000000, 93.77 sec so far
Iteration 3432: max relative diff=50.000000, 98.80 sec so far
Iteration 3607: max relative diff=50.000000, 103.82 sec so far
Iteration 3781: max relative diff=50.000000, 108.82 sec so far
Iteration 3955: max relative diff=50.000000, 113.83 sec so far
Iteration 4129: max relative diff=50.000000, 118.83 sec so far
Iteration 4304: max relative diff=50.000000, 123.86 sec so far
Iteration 4479: max relative diff=50.000000, 128.88 sec so far
Iteration 4654: max relative diff=50.000000, 133.91 sec so far
Iteration 4829: max relative diff=50.000000, 138.93 sec so far
Iteration 5004: max relative diff=50.000000, 143.95 sec so far
Iteration 5178: max relative diff=50.000000, 148.97 sec so far
Iteration 5353: max relative diff=50.000000, 154.00 sec so far
Iteration 5528: max relative diff=50.000000, 159.02 sec so far
Iteration 5703: max relative diff=50.000000, 164.04 sec so far
Iteration 5878: max relative diff=50.000000, 169.07 sec so far
Iteration 6053: max relative diff=9.179688, 174.09 sec so far
Iteration 6227: max relative diff=9.179688, 179.10 sec so far
Iteration 6402: max relative diff=9.179688, 184.12 sec so far
Iteration 6576: max relative diff=9.179688, 189.13 sec so far
Iteration 6750: max relative diff=9.179688, 194.13 sec so far
Iteration 6925: max relative diff=9.179688, 199.16 sec so far
Iteration 7099: max relative diff=9.179688, 204.16 sec so far
Iteration 7273: max relative diff=9.179688, 209.17 sec so far
Iteration 7447: max relative diff=9.179688, 214.18 sec so far
Iteration 7621: max relative diff=9.179688, 219.18 sec so far
Iteration 7796: max relative diff=9.179688, 224.21 sec so far
Iteration 7970: max relative diff=9.179688, 229.21 sec so far
Iteration 8145: max relative diff=0.851631, 234.23 sec so far
Iteration 8319: max relative diff=0.851631, 239.23 sec so far
Iteration 8493: max relative diff=0.851631, 244.23 sec so far
Iteration 8668: max relative diff=0.851631, 249.25 sec so far
Iteration 8842: max relative diff=0.851631, 254.26 sec so far
Iteration 9016: max relative diff=0.851631, 259.26 sec so far
Iteration 9191: max relative diff=0.851631, 264.29 sec so far
Iteration 9365: max relative diff=0.851631, 269.30 sec so far
Iteration 9540: max relative diff=0.851631, 274.33 sec so far
Iteration 9715: max relative diff=0.851631, 279.35 sec so far
Iteration 9889: max relative diff=0.851631, 284.35 sec so far
Iteration 10063: max relative diff=0.039712, 289.36 sec so far
Iteration 10237: max relative diff=0.039712, 294.36 sec so far
Iteration 10411: max relative diff=0.039712, 299.36 sec so far
Iteration 10586: max relative diff=0.039712, 304.39 sec so far
Iteration 10760: max relative diff=0.039712, 309.39 sec so far
Iteration 10934: max relative diff=0.039712, 314.39 sec so far
Iteration 11109: max relative diff=0.039712, 319.41 sec so far
Iteration 11284: max relative diff=0.039712, 324.44 sec so far
Iteration 11458: max relative diff=0.039712, 329.46 sec so far
Iteration 11632: max relative diff=0.039712, 334.46 sec so far
Iteration 11807: max relative diff=0.039712, 339.49 sec so far
Iteration 11981: max relative diff=0.039712, 344.49 sec so far
Iteration 12155: max relative diff=0.000926, 349.49 sec so far
Iteration 12329: max relative diff=0.000926, 354.50 sec so far
Iteration 12504: max relative diff=0.000926, 359.52 sec so far
Iteration 12679: max relative diff=0.000926, 364.55 sec so far
Iteration 12854: max relative diff=0.000926, 369.57 sec so far
Iteration 13029: max relative diff=0.000926, 374.60 sec so far
Iteration 13204: max relative diff=0.000926, 379.63 sec so far
Iteration 13379: max relative diff=0.000926, 384.65 sec so far
Iteration 13553: max relative diff=0.000926, 389.67 sec so far
Iteration 13728: max relative diff=0.000926, 394.69 sec so far
Iteration 13903: max relative diff=0.000926, 399.72 sec so far
Iteration 14078: max relative diff=0.000022, 404.75 sec so far
Iteration 14253: max relative diff=0.000022, 409.77 sec so far
Iteration 14428: max relative diff=0.000022, 414.80 sec so far
Iteration 14603: max relative diff=0.000022, 419.82 sec so far
Iteration 14777: max relative diff=0.000022, 424.82 sec so far
Iteration 14951: max relative diff=0.000022, 429.82 sec so far
Iteration 15126: max relative diff=0.000022, 434.85 sec so far
Iteration 15301: max relative diff=0.000022, 439.88 sec so far
Iteration 15475: max relative diff=0.000022, 444.88 sec so far
Iteration 15649: max relative diff=0.000022, 449.89 sec so far
Iteration 15824: max relative diff=0.000022, 454.92 sec so far
Iteration 15999: max relative diff=0.000022, 459.94 sec so far

First round (updates from below) finished after 16020 iters.Iteration 16149: max relative diff=645.000000, 464.97 sec so far
Iteration 16296: max relative diff=645.000000, 470.00 sec so far
Iteration 16443: max relative diff=645.000000, 475.02 sec so far
Iteration 16590: max relative diff=645.000000, 480.05 sec so far
Iteration 16737: max relative diff=645.000000, 485.08 sec so far
Iteration 16884: max relative diff=645.000000, 490.11 sec so far
Iteration 17031: max relative diff=645.000000, 495.14 sec so far
Iteration 17178: max relative diff=645.000000, 500.17 sec so far
Iteration 17325: max relative diff=645.000000, 505.20 sec so far
Iteration 17472: max relative diff=645.000000, 510.24 sec so far
Iteration 17619: max relative diff=645.000000, 515.27 sec so far
Iteration 17766: max relative diff=645.000000, 520.29 sec so far
Iteration 17913: max relative diff=645.000000, 525.31 sec so far
Iteration 18060: max relative diff=147.076545, 530.33 sec so far
Iteration 18208: max relative diff=147.076545, 535.35 sec so far
Iteration 18357: max relative diff=147.076545, 540.36 sec so far
Iteration 18508: max relative diff=147.076545, 545.38 sec so far
Iteration 18661: max relative diff=147.076545, 550.40 sec so far
Iteration 18815: max relative diff=147.076545, 555.40 sec so far
Iteration 18971: max relative diff=147.076545, 560.40 sec so far
Iteration 19129: max relative diff=147.076545, 565.41 sec so far
Iteration 19289: max relative diff=147.076545, 570.44 sec so far
Iteration 19451: max relative diff=147.076545, 575.47 sec so far
Iteration 19615: max relative diff=147.076545, 580.49 sec so far
Iteration 19781: max relative diff=147.076545, 585.52 sec so far
Iteration 19948: max relative diff=147.076545, 590.53 sec so far
Iteration 20118: max relative diff=14.900707, 595.55 sec so far
Iteration 20289: max relative diff=14.900707, 600.58 sec so far
Iteration 20460: max relative diff=14.900707, 605.60 sec so far
Iteration 20631: max relative diff=14.900707, 610.62 sec so far
Iteration 20802: max relative diff=14.900707, 615.64 sec so far
Iteration 20973: max relative diff=14.900707, 620.67 sec so far
Iteration 21143: max relative diff=14.900707, 625.67 sec so far
Iteration 21313: max relative diff=14.900707, 630.68 sec so far
Iteration 21483: max relative diff=14.900707, 635.68 sec so far
Iteration 21654: max relative diff=14.900707, 640.70 sec so far
Iteration 21825: max relative diff=14.900707, 645.73 sec so far
Iteration 21996: max relative diff=14.900707, 650.75 sec so far
Iteration 22167: max relative diff=1.829809, 655.78 sec so far
Iteration 22338: max relative diff=1.829809, 660.79 sec so far
Iteration 22508: max relative diff=1.829809, 665.80 sec so far
Iteration 22679: max relative diff=1.829809, 670.82 sec so far
Iteration 22850: max relative diff=1.829809, 675.85 sec so far
Iteration 23021: max relative diff=1.829809, 680.87 sec so far
Iteration 23192: max relative diff=1.829809, 685.90 sec so far
Iteration 23362: max relative diff=1.829809, 690.91 sec so far
Iteration 23532: max relative diff=1.829809, 695.91 sec so far
Iteration 23703: max relative diff=1.829809, 700.94 sec so far
Iteration 23874: max relative diff=1.829809, 705.97 sec so far
Iteration 24045: max relative diff=0.129450, 710.99 sec so far
Iteration 24216: max relative diff=0.129450, 716.02 sec so far
Iteration 24387: max relative diff=0.129450, 721.04 sec so far
Iteration 24557: max relative diff=0.129450, 726.04 sec so far
Iteration 24727: max relative diff=0.129450, 731.05 sec so far
Iteration 24898: max relative diff=0.129450, 736.08 sec so far
Iteration 25069: max relative diff=0.129450, 741.11 sec so far
Iteration 25240: max relative diff=0.129450, 746.13 sec so far
Iteration 25411: max relative diff=0.129450, 751.16 sec so far
Iteration 25582: max relative diff=0.129450, 756.19 sec so far
Iteration 25753: max relative diff=0.129450, 761.21 sec so far
Iteration 25924: max relative diff=0.129450, 766.24 sec so far
Iteration 26095: max relative diff=0.005466, 771.26 sec so far
Iteration 26266: max relative diff=0.005466, 776.29 sec so far
Iteration 26437: max relative diff=0.005466, 781.32 sec so far
Iteration 26608: max relative diff=0.005466, 786.34 sec so far
Iteration 26779: max relative diff=0.005466, 791.36 sec so far
Iteration 26950: max relative diff=0.005466, 796.39 sec so far
Iteration 27121: max relative diff=0.005466, 801.42 sec so far
Iteration 27291: max relative diff=0.005466, 806.42 sec so far
Iteration 27461: max relative diff=0.005466, 811.43 sec so far
Iteration 27631: max relative diff=0.005466, 816.43 sec so far
Iteration 27802: max relative diff=0.005466, 821.46 sec so far
Iteration 27973: max relative diff=0.005466, 826.48 sec so far
Iteration 28144: max relative diff=0.000124, 831.51 sec so far
Iteration 28315: max relative diff=0.000124, 836.53 sec so far
Iteration 28486: max relative diff=0.000124, 841.56 sec so far
Iteration 28657: max relative diff=0.000124, 846.59 sec so far
Iteration 28828: max relative diff=0.000124, 851.61 sec so far
Iteration 28999: max relative diff=0.000124, 856.63 sec so far
Iteration 29170: max relative diff=0.000124, 861.66 sec so far
Iteration 29340: max relative diff=0.000124, 866.67 sec so far
Iteration 29510: max relative diff=0.000124, 871.67 sec so far
Iteration 29681: max relative diff=0.000124, 876.70 sec so far
Iteration 29851: max relative diff=0.000124, 881.70 sec so far
Iteration 30022: max relative diff=0.000124, 886.73 sec so far
Iteration 30193: max relative diff=0.000003, 891.75 sec so far
Iteration 30363: max relative diff=0.000003, 896.75 sec so far
Iteration 30533: max relative diff=0.000003, 901.75 sec so far
Iteration 30703: max relative diff=0.000003, 906.75 sec so far
Iteration 30874: max relative diff=0.000003, 911.78 sec so far
Iteration 31044: max relative diff=0.000003, 916.78 sec so far
Iteration 31215: max relative diff=0.000003, 921.80 sec so far
Iteration 31385: max relative diff=0.000003, 926.82 sec so far
Iteration 31555: max relative diff=0.000003, 931.82 sec so far
Iteration 31726: max relative diff=0.000003, 936.85 sec so far
Iteration 31897: max relative diff=0.000003, 941.87 sec so far

Second round (updates from above) finished after 32040 iters.
Update from both sides... 
Iteration 32061: max relative diff=0.001121, 946.88 sec so far
Iteration 32192: max relative diff=0.001049, 951.91 sec so far
Iteration 32323: max relative diff=0.000976, 956.95 sec so far
Iteration 32453: max relative diff=0.000904, 961.95 sec so far
Iteration 32583: max relative diff=0.000832, 966.96 sec so far
Iteration 32713: max relative diff=0.000760, 971.96 sec so far
Iteration 32843: max relative diff=0.000688, 976.97 sec so far
Iteration 32973: max relative diff=0.000617, 981.97 sec so far
Iteration 33103: max relative diff=0.000545, 986.98 sec so far
Iteration 33233: max relative diff=0.000473, 991.99 sec so far
Iteration 33363: max relative diff=0.000401, 997.00 sec so far
Iteration 33493: max relative diff=0.000329, 1002.00 sec so far
Iteration 33623: max relative diff=0.000257, 1007.01 sec so far
Iteration 33754: max relative diff=0.000184, 1012.04 sec so far
Iteration 33884: max relative diff=0.000112, 1017.05 sec so far
Iteration 34014: max relative diff=0.000040, 1022.05 sec so far
Iteration 34144: max relative diff=0.000025, 1027.06 sec so far
Iteration 34274: max relative diff=0.000023, 1032.07 sec so far
Iteration 34404: max relative diff=0.000022, 1037.07 sec so far
Iteration 34534: max relative diff=0.000020, 1042.08 sec so far
Iteration 34664: max relative diff=0.000018, 1047.08 sec so far
Iteration 34794: max relative diff=0.000017, 1052.09 sec so far
Iteration 34924: max relative diff=0.000015, 1057.10 sec so far
Iteration 35054: max relative diff=0.000013, 1062.10 sec so far
Iteration 35185: max relative diff=0.000012, 1067.14 sec so far
Iteration 35315: max relative diff=0.000010, 1072.14 sec so far
Iteration 35445: max relative diff=0.000008, 1077.15 sec so far
Iteration 35575: max relative diff=0.000007, 1082.15 sec so far
Iteration 35705: max relative diff=0.000005, 1087.16 sec so far
Iteration 35836: max relative diff=0.000003, 1092.20 sec so far
Iteration 35967: max relative diff=0.000002, 1097.24 sec so far
Max relative diff between upper and lower bound on convergence: 4.94066E-324

Number of iterations for the lower bound = 19993

Iterative method: 36013 iterations in 1099.01 seconds (average 0.030517, setup 4.62)
Maximum finite value in solution vector at end of interval iteration: 322401.51999150944

Value in the initial state: 322401.51999150944

Time for model checking: 1439.216 seconds.

Result: 322401.51999150944 (value in the initial state)

---------------------------------------------------------------------

Note: There were 2 warnings during computation.

