PRISM
=====

Version: 4.4
Date: Sun Feb 21 03:07:14 IRST 2021
Hostname: sadegh-H81M-S2PH
Memory limits: cudd=1g, java(heap)=910.5m
Command line: prism ../../examples/mdps/wlan/wlan3.nm ../../examples/mdps/wlan/cost_max.pctl -s '-ii:upper=210709038' -asynchii -maxiters 900500 -const COL=5 -const TRANS_TIME_MAX=1900

Parsing model file "../../examples/mdps/wlan/wlan3.nm"...

Parsing properties file "../../examples/mdps/wlan/cost_max.pctl"...

1 property:
(1) "cost_max": R{"cost"}max=? [ F s1=12&s2=12 ]

Type:        MDP
Modules:     medium station1 station2 
Variables:   col c1 c2 x1 s1 slot1 backoff1 bc1 x2 s2 slot2 backoff2 bc2 

---------------------------------------------------------------------

Model checking: "cost_max": R{"cost"}max=? [ F s1=12&s2=12 ]
Model constants: COL=5,TRANS_TIME_MAX=1900

Warning: Not Switching to explicit engine, We implemented the emthods for sparse engine.

Building model...
Model constants: COL=5,TRANS_TIME_MAX=1900

Computing reachable states...

Reachability (BFS): 2042 iterations in 91.32 seconds (average 0.044720, setup 0.00)

Time for model construction: 123.412 seconds.

Type:        MDP
States:      1703913 (1 initial)
Transitions: 3461996
Choices:     3292016

Transition matrix: 783827 nodes (6 terminal), 3461996 minterms, vars: 55r/55c/7nd

Prob0E: 6140 iterations in 307.89 seconds (average 0.050145, setup 0.00)

Prob1A: 1 iterations in 0.11 seconds (average 0.113000, setup 0.00)

goal = 6, inf = 0, maybe = 1703907

Warning: Upper bound for interval iteration manually set to 2.10709038E8

Computing remaining rewards...
 8
Building sparse matrix (transitions)... [n=1703913, nc=3292010, nnz=3461990, k=3] [58.7 MB]
Building sparse matrix (transition rewards)... [n=1703913, nc=3292010, nnz=1542434, k=3] [36.7 MB]
Creating vector for state rewards... [13.0 MB]
Creating vector for inf... [13.0 MB]
Creating vector for lower bounds... [13.0 MB]
Creating vector for upper bounds... [13.0 MB]
Allocating iteration vectors... [4 x 13.0 MB]
TOTAL: [199.4 MB]

Starting iterations (interval iteration)...

 Time for pre-computation	: 0.056000 
		 >> 1703907 after 0 iters << 
Iteration 190: max relative diff=1.000000, 4.96 sec so far
Iteration 388: max relative diff=1.000000, 9.98 sec so far
Iteration 585: max relative diff=1.000000, 14.99 sec so far
Iteration 782: max relative diff=1.000000, 20.00 sec so far
Iteration 979: max relative diff=1.000000, 25.00 sec so far
Iteration 1176: max relative diff=1.000000, 30.00 sec so far
Iteration 1373: max relative diff=1.000000, 35.01 sec so far
Iteration 1570: max relative diff=1.000000, 40.01 sec so far
Iteration 1768: max relative diff=1.000000, 45.04 sec so far
Iteration 1965: max relative diff=1.000000, 50.04 sec so far
Iteration 2162: max relative diff=1.000000, 55.05 sec so far
Iteration 2359: max relative diff=1.000000, 60.05 sec so far
Iteration 2556: max relative diff=1.000000, 65.05 sec so far
Iteration 2754: max relative diff=1.000000, 70.08 sec so far
Iteration 2951: max relative diff=1.000000, 75.08 sec so far
Iteration 3149: max relative diff=1.000000, 80.10 sec so far
Iteration 3346: max relative diff=1.000000, 85.11 sec so far
Iteration 3544: max relative diff=1.000000, 90.13 sec so far
Iteration 3742: max relative diff=1.000000, 95.15 sec so far
Iteration 3939: max relative diff=1.000000, 100.16 sec so far
Iteration 4137: max relative diff=1.000000, 105.18 sec so far
Iteration 4334: max relative diff=1.000000, 110.19 sec so far
Iteration 4531: max relative diff=1.000000, 115.19 sec so far
Iteration 4728: max relative diff=1.000000, 120.19 sec so far
Iteration 4926: max relative diff=1.000000, 125.21 sec so far
Iteration 5124: max relative diff=1.000000, 130.22 sec so far
Iteration 5322: max relative diff=1.000000, 135.24 sec so far
Iteration 5520: max relative diff=1.000000, 140.25 sec so far
Iteration 5718: max relative diff=1.000000, 145.27 sec so far
Iteration 5916: max relative diff=1.000000, 150.29 sec so far
Iteration 6115: max relative diff=1.000000, 155.31 sec so far
Iteration 6313: max relative diff=1.000000, 160.32 sec so far
Iteration 6511: max relative diff=1.000000, 165.33 sec so far
Iteration 6709: max relative diff=1.000000, 170.34 sec so far
Iteration 6907: max relative diff=1.000000, 175.36 sec so far
Iteration 7105: max relative diff=1.000000, 180.37 sec so far
Iteration 7303: max relative diff=1.000000, 185.38 sec so far
Iteration 7501: max relative diff=1.000000, 190.40 sec so far
Iteration 7699: max relative diff=1.000000, 195.42 sec so far
Iteration 7897: max relative diff=1.000000, 200.43 sec so far
Iteration 8095: max relative diff=1.000000, 205.45 sec so far
Iteration 8293: max relative diff=1.000000, 210.46 sec so far
Iteration 8491: max relative diff=1.000000, 215.48 sec so far
Iteration 8689: max relative diff=1.000000, 220.49 sec so far
Iteration 8887: max relative diff=1.000000, 225.50 sec so far
Iteration 9085: max relative diff=1.000000, 230.52 sec so far
Iteration 9283: max relative diff=1.000000, 235.53 sec so far
Iteration 9481: max relative diff=1.000000, 240.54 sec so far
Iteration 9655: max relative diff=210709038.000000, 245.55 sec so far
Iteration 9828: max relative diff=210709038.000000, 250.58 sec so far
Iteration 10000: max relative diff=210709038.000000, 255.58 sec so far
Iteration 10173: max relative diff=210709038.000000, 260.60 sec so far
Iteration 10346: max relative diff=210709038.000000, 265.63 sec so far
Iteration 10519: max relative diff=210709038.000000, 270.65 sec so far
Iteration 10692: max relative diff=210709038.000000, 275.67 sec so far
Iteration 10865: max relative diff=210709038.000000, 280.70 sec so far
Iteration 11038: max relative diff=210709038.000000, 285.72 sec so far
Iteration 11211: max relative diff=210709038.000000, 290.75 sec so far
Iteration 11384: max relative diff=210709038.000000, 295.77 sec so far
Iteration 11557: max relative diff=210709038.000000, 300.80 sec so far
Iteration 11730: max relative diff=210709038.000000, 305.82 sec so far
Iteration 11903: max relative diff=210709038.000000, 310.84 sec so far
Iteration 12075: max relative diff=210709038.000000, 315.85 sec so far
Iteration 12248: max relative diff=210709038.000000, 320.87 sec so far
Iteration 12421: max relative diff=210709038.000000, 325.88 sec so far
Iteration 12594: max relative diff=210709038.000000, 330.91 sec so far
Iteration 12767: max relative diff=210709038.000000, 335.93 sec so far
Iteration 12940: max relative diff=210709038.000000, 340.95 sec so far
Iteration 13113: max relative diff=210709038.000000, 345.98 sec so far
Iteration 13286: max relative diff=210709038.000000, 351.00 sec so far
Iteration 13459: max relative diff=210684360.626690, 356.02 sec so far
Iteration 13632: max relative diff=210684361.807044, 361.05 sec so far
Iteration 13805: max relative diff=210684362.987397, 366.07 sec so far
Iteration 13978: max relative diff=210684364.167750, 371.10 sec so far
Iteration 14150: max relative diff=210684365.341281, 376.10 sec so far
Iteration 14323: max relative diff=210684366.521634, 381.12 sec so far
Iteration 14496: max relative diff=210684367.701987, 386.14 sec so far
Iteration 14669: max relative diff=210684368.882340, 391.17 sec so far
Iteration 14841: max relative diff=210684370.055871, 396.18 sec so far
Iteration 15013: max relative diff=210684371.229401, 401.20 sec so far
Iteration 15185: max relative diff=210684372.405233, 406.23 sec so far
Iteration 15357: max relative diff=38664134.410374, 411.25 sec so far
Iteration 15529: max relative diff=38664210.143385, 416.27 sec so far
Iteration 15701: max relative diff=38664285.876397, 421.28 sec so far
Iteration 15873: max relative diff=38664361.609409, 426.31 sec so far
Iteration 16045: max relative diff=38664437.342421, 431.33 sec so far
Iteration 16217: max relative diff=38664513.075432, 436.36 sec so far
Iteration 16389: max relative diff=38664588.808444, 441.38 sec so far
Iteration 16561: max relative diff=38664664.541456, 446.41 sec so far
Iteration 16733: max relative diff=38664740.274468, 451.44 sec so far
Iteration 16905: max relative diff=38664816.007479, 456.45 sec so far
Iteration 17077: max relative diff=38664891.711390, 461.46 sec so far
Iteration 17249: max relative diff=3588144.238576, 466.48 sec so far
Iteration 17421: max relative diff=3588219.971588, 471.51 sec so far
Iteration 17593: max relative diff=3588295.704599, 476.53 sec so far
Iteration 17765: max relative diff=3588371.437611, 481.54 sec so far
Iteration 17937: max relative diff=3588447.170623, 486.57 sec so far
Iteration 18109: max relative diff=3588522.903635, 491.59 sec so far
Iteration 18281: max relative diff=3588598.636646, 496.61 sec so far
Iteration 18453: max relative diff=3588674.369658, 501.63 sec so far
Iteration 18625: max relative diff=3588750.102670, 506.65 sec so far
Iteration 18796: max relative diff=3588825.395373, 511.65 sec so far
Iteration 18968: max relative diff=3588901.115069, 516.67 sec so far
Iteration 19140: max relative diff=167449.993126, 521.69 sec so far
Iteration 19312: max relative diff=167525.726138, 526.72 sec so far
Iteration 19484: max relative diff=167601.459149, 531.74 sec so far
Iteration 19656: max relative diff=167677.192161, 536.76 sec so far
Iteration 19828: max relative diff=167752.925173, 541.77 sec so far
Iteration 20000: max relative diff=167828.658185, 546.79 sec so far
Iteration 20172: max relative diff=167904.391196, 551.81 sec so far
Iteration 20344: max relative diff=167980.124208, 556.84 sec so far
Iteration 20516: max relative diff=168055.857220, 561.86 sec so far
Iteration 20688: max relative diff=168131.590232, 566.88 sec so far
Iteration 20860: max relative diff=168207.323243, 571.90 sec so far
Iteration 21032: max relative diff=4784.696674, 576.92 sec so far
Iteration 21204: max relative diff=4786.467044, 581.94 sec so far
Iteration 21376: max relative diff=4788.237414, 586.96 sec so far
Iteration 21548: max relative diff=4790.007784, 591.98 sec so far
Iteration 21720: max relative diff=4791.778154, 596.99 sec so far
Iteration 21892: max relative diff=4793.548524, 602.01 sec so far
Iteration 22064: max relative diff=4795.318894, 607.03 sec so far
Iteration 22236: max relative diff=4797.089264, 612.05 sec so far
Iteration 22407: max relative diff=4798.849342, 617.06 sec so far
Iteration 22579: max relative diff=4800.619712, 622.08 sec so far
Iteration 22751: max relative diff=4802.390082, 627.10 sec so far
Iteration 22916: max relative diff=947.837851, 632.12 sec so far
Iteration 23088: max relative diff=947.879236, 637.14 sec so far
Iteration 23260: max relative diff=947.920621, 642.16 sec so far
Iteration 23432: max relative diff=947.962006, 647.18 sec so far
Iteration 23604: max relative diff=948.003391, 652.21 sec so far
Iteration 23776: max relative diff=948.044776, 657.23 sec so far
Iteration 23948: max relative diff=948.086161, 662.25 sec so far
Iteration 24120: max relative diff=948.127546, 667.27 sec so far
Iteration 24292: max relative diff=948.168931, 672.29 sec so far
Iteration 24464: max relative diff=948.210316, 677.32 sec so far
Iteration 24636: max relative diff=948.251701, 682.34 sec so far
Iteration 24766: max relative diff=836.473602, 687.36 sec so far
Iteration 24858: max relative diff=795.965764, 692.39 sec so far
Iteration 24950: max relative diff=755.457927, 697.43 sec so far
Iteration 25042: max relative diff=714.950089, 702.46 sec so far
Iteration 25134: max relative diff=674.442251, 707.49 sec so far
Iteration 25226: max relative diff=633.934414, 712.52 sec so far
Iteration 25318: max relative diff=593.426576, 717.55 sec so far
Iteration 25410: max relative diff=552.918738, 722.58 sec so far
Iteration 25502: max relative diff=512.410901, 727.61 sec so far
Iteration 25594: max relative diff=471.903063, 732.64 sec so far
Iteration 25686: max relative diff=431.395225, 737.67 sec so far
Iteration 25778: max relative diff=390.887388, 742.71 sec so far
Iteration 25870: max relative diff=350.379550, 747.74 sec so far
Iteration 25962: max relative diff=309.871712, 752.77 sec so far
Iteration 26054: max relative diff=269.363875, 757.80 sec so far
Iteration 26146: max relative diff=228.856037, 762.84 sec so far
Iteration 26238: max relative diff=188.348199, 767.87 sec so far
Iteration 26330: max relative diff=147.840362, 772.90 sec so far
Iteration 26422: max relative diff=107.332524, 777.93 sec so far
Iteration 26514: max relative diff=66.824687, 782.96 sec so far
Iteration 26606: max relative diff=26.316847, 787.99 sec so far
Iteration 26698: max relative diff=19.251284, 793.02 sec so far
Iteration 26790: max relative diff=18.304354, 798.06 sec so far
Iteration 26882: max relative diff=17.357424, 803.09 sec so far
Iteration 26974: max relative diff=16.410494, 808.12 sec so far
Iteration 27066: max relative diff=15.463564, 813.16 sec so far
Iteration 27158: max relative diff=14.516634, 818.18 sec so far
Iteration 27250: max relative diff=13.569704, 823.21 sec so far
Iteration 27342: max relative diff=12.622774, 828.24 sec so far
Iteration 27434: max relative diff=11.675844, 833.27 sec so far
Iteration 27526: max relative diff=10.728914, 838.30 sec so far
Iteration 27618: max relative diff=9.781984, 843.33 sec so far
Iteration 27710: max relative diff=8.835054, 848.37 sec so far
Iteration 27802: max relative diff=7.888124, 853.40 sec so far
Iteration 27894: max relative diff=6.941193, 858.44 sec so far
Iteration 27986: max relative diff=5.994263, 863.46 sec so far
Iteration 28078: max relative diff=5.047333, 868.50 sec so far
Iteration 28170: max relative diff=4.100403, 873.52 sec so far
Iteration 28262: max relative diff=3.153473, 878.55 sec so far
Iteration 28354: max relative diff=2.206543, 883.58 sec so far
Iteration 28446: max relative diff=1.259613, 888.61 sec so far
Iteration 28538: max relative diff=0.465076, 893.63 sec so far
Iteration 28630: max relative diff=0.442955, 898.66 sec so far
Iteration 28722: max relative diff=0.420819, 903.69 sec so far
Iteration 28814: max relative diff=0.398683, 908.72 sec so far
Iteration 28906: max relative diff=0.376548, 913.74 sec so far
Iteration 28998: max relative diff=0.354412, 918.78 sec so far
Iteration 29090: max relative diff=0.332276, 923.81 sec so far
Iteration 29182: max relative diff=0.310140, 928.84 sec so far
Iteration 29274: max relative diff=0.288004, 933.88 sec so far
Iteration 29366: max relative diff=0.265868, 938.91 sec so far
Iteration 29458: max relative diff=0.243732, 943.94 sec so far
Iteration 29550: max relative diff=0.221596, 948.97 sec so far
Iteration 29642: max relative diff=0.199460, 953.99 sec so far
Iteration 29734: max relative diff=0.177325, 959.03 sec so far
Iteration 29826: max relative diff=0.155189, 964.06 sec so far
Iteration 29918: max relative diff=0.133053, 969.09 sec so far
Iteration 30010: max relative diff=0.110917, 974.12 sec so far
Iteration 30102: max relative diff=0.088781, 979.17 sec so far
Iteration 30194: max relative diff=0.066645, 984.20 sec so far
Iteration 30286: max relative diff=0.044509, 989.23 sec so far
Iteration 30378: max relative diff=0.022373, 994.27 sec so far
Iteration 30470: max relative diff=0.010707, 999.30 sec so far
Iteration 30562: max relative diff=0.010189, 1004.34 sec so far
Iteration 30654: max relative diff=0.009672, 1009.37 sec so far
Iteration 30746: max relative diff=0.009154, 1014.39 sec so far
Iteration 30838: max relative diff=0.008637, 1019.42 sec so far
Iteration 30930: max relative diff=0.008120, 1024.45 sec so far
Iteration 31022: max relative diff=0.007602, 1029.48 sec so far
Iteration 31114: max relative diff=0.007085, 1034.53 sec so far
Iteration 31206: max relative diff=0.006567, 1039.56 sec so far
Iteration 31298: max relative diff=0.006050, 1044.58 sec so far
Iteration 31390: max relative diff=0.005532, 1049.62 sec so far
Iteration 31482: max relative diff=0.005015, 1054.65 sec so far
Iteration 31574: max relative diff=0.004497, 1059.67 sec so far
Iteration 31666: max relative diff=0.003980, 1064.70 sec so far
Iteration 31758: max relative diff=0.003462, 1069.73 sec so far
Iteration 31850: max relative diff=0.002945, 1074.76 sec so far
Iteration 31942: max relative diff=0.002428, 1079.79 sec so far
Iteration 32034: max relative diff=0.001910, 1084.82 sec so far
Iteration 32126: max relative diff=0.001393, 1089.86 sec so far
Iteration 32218: max relative diff=0.000875, 1094.90 sec so far
Iteration 32310: max relative diff=0.000358, 1099.93 sec so far
Iteration 32402: max relative diff=0.000246, 1104.96 sec so far
Iteration 32494: max relative diff=0.000234, 1110.00 sec so far
Iteration 32586: max relative diff=0.000222, 1115.03 sec so far
Iteration 32678: max relative diff=0.000210, 1120.07 sec so far
Iteration 32770: max relative diff=0.000198, 1125.10 sec so far
Iteration 32862: max relative diff=0.000186, 1130.12 sec so far
Iteration 32954: max relative diff=0.000174, 1135.16 sec so far
Iteration 33046: max relative diff=0.000162, 1140.19 sec so far
Iteration 33138: max relative diff=0.000150, 1145.22 sec so far
Iteration 33230: max relative diff=0.000138, 1150.25 sec so far
Iteration 33322: max relative diff=0.000125, 1155.30 sec so far
Iteration 33414: max relative diff=0.000113, 1160.32 sec so far
Iteration 33506: max relative diff=0.000101, 1165.35 sec so far
Iteration 33598: max relative diff=0.000089, 1170.39 sec so far
Iteration 33690: max relative diff=0.000077, 1175.42 sec so far
Iteration 33782: max relative diff=0.000065, 1180.45 sec so far
Iteration 33874: max relative diff=0.000053, 1185.48 sec so far
Iteration 33966: max relative diff=0.000041, 1190.51 sec so far
Iteration 34058: max relative diff=0.000029, 1195.54 sec so far
Iteration 34150: max relative diff=0.000017, 1200.58 sec so far
Iteration 34242: max relative diff=0.000006, 1205.61 sec so far
Iteration 34334: max relative diff=0.000006, 1210.64 sec so far
Iteration 34426: max relative diff=0.000005, 1215.68 sec so far
Iteration 34518: max relative diff=0.000005, 1220.71 sec so far
Iteration 34610: max relative diff=0.000005, 1225.74 sec so far
Iteration 34702: max relative diff=0.000005, 1230.78 sec so far
Iteration 34794: max relative diff=0.000004, 1235.81 sec so far
Iteration 34886: max relative diff=0.000004, 1240.84 sec so far
Iteration 34978: max relative diff=0.000004, 1245.87 sec so far
Iteration 35070: max relative diff=0.000003, 1250.90 sec so far
Iteration 35162: max relative diff=0.000003, 1255.93 sec so far
Iteration 35254: max relative diff=0.000003, 1260.97 sec so far
Iteration 35346: max relative diff=0.000003, 1266.00 sec so far
Iteration 35438: max relative diff=0.000002, 1271.04 sec so far
Iteration 35530: max relative diff=0.000002, 1276.08 sec so far
Iteration 35622: max relative diff=0.000002, 1281.11 sec so far
Iteration 35714: max relative diff=0.000001, 1286.15 sec so far
Iteration 35806: max relative diff=0.000001, 1291.18 sec so far
Max relative diff between upper and lower bound on convergence: 9.90927E-07
LowItr:20640 , UpItr:26353 

Iterative method: 35851 iterations in 1293.64 seconds (average 0.036084, setup 4.47)
Maximum finite value in solution vector at end of interval iteration: 2.1037556371798778E8

Value in the initial state: 4.207938728416136E7

Time for model checking: 1606.575 seconds.

Result: 4.207938728416136E7 (value in the initial state)

---------------------------------------------------------------------

Note: There were 2 warnings during computation.

