PRISM
=====

Version: 4.4
Date: Fri Feb 19 17:02:34 IRST 2021
Hostname: sadegh-H81M-S2PH
Memory limits: cudd=1g, java(heap)=910.5m
Command line: prism ../../examples/mdps/wlan/wlan3.nm ../../examples/mdps/wlan/time_max.pctl -s '-ii:upper=1.2e+12' -improvedbk -maxiters 900500 -const COL=5 -const TRANS_TIME_MAX=300

Parsing model file "../../examples/mdps/wlan/wlan3.nm"...

Parsing properties file "../../examples/mdps/wlan/time_max.pctl"...

1 property:
(1) "time_max": R{"time"}max=? [ F s1=12&s2=12 ]

Type:        MDP
Modules:     medium station1 station2 
Variables:   col c1 c2 x1 s1 slot1 backoff1 bc1 x2 s2 slot2 backoff2 bc2 

---------------------------------------------------------------------

Model checking: "time_max": R{"time"}max=? [ F s1=12&s2=12 ]
Model constants: COL=5,TRANS_TIME_MAX=300

Warning: Not Switching to explicit engine, We implemented the emthods for sparse engine.

Building model...
Model constants: COL=5,TRANS_TIME_MAX=300

Computing reachable states...

Reachability (BFS): 442 iterations in 4.94 seconds (average 0.011179, setup 0.00)

Time for model construction: 5.655 seconds.

Type:        MDP
States:      431913 (1 initial)
Transitions: 893996
Choices:     724016

Transition matrix: 146418 nodes (6 terminal), 893996 minterms, vars: 51r/51c/7nd

Prob0E: 1340 iterations in 21.69 seconds (average 0.016190, setup 0.00)

Prob1A: 1 iterations in 0.02 seconds (average 0.020000, setup 0.00)

goal = 6, inf = 0, maybe = 431907

Warning: Upper bound for interval iteration manually set to 1.2E12

Computing remaining rewards...
 7
Building sparse matrix (transitions)... [n=431913, nc=724010, nnz=893990, k=3] [14.6 MB]
Building sparse matrix (transition rewards)... [n=431913, nc=724010, nnz=286434, k=3] [7.7 MB]
Creating vector for state rewards... [3.3 MB]
Creating vector for inf... [3.3 MB]
Creating vector for lower bounds... [3.3 MB]
Creating vector for upper bounds... [3.3 MB]
Allocating iteration vectors... [4 x 3.3 MB]
TOTAL: [48.7 MB]

Starting iterations (interval iteration)...

 Time for pre-computation: 0.435000 Iteration 575: max relative diff=50.000000, 4.57 sec so far
Iteration 1199: max relative diff=9.117317, 9.57 sec so far
Iteration 1823: max relative diff=0.000911, 14.58 sec so far

First round (updates from below) finished after 2422 iters.Iteration 2452: max relative diff=645.000000, 19.58 sec so far
Iteration 3239: max relative diff=14.928122, 24.59 sec so far
Iteration 4050: max relative diff=0.005997, 29.59 sec so far

Second round (updates from above) finished after 4844 iters.
Update from both sides... 
Iteration 4858: max relative diff=0.000159, 34.60 sec so far
Max relative diff between upper and lower bound on convergence: 0

Number of iterations for the lower bound = 2953

Iterative method: 5375 iterations in 38.70 seconds (average 0.007201, setup 0.82)
Maximum finite value in solution vector at end of interval iteration: 57413.273340825646

Value in the initial state: 50281.203196826915

Time for model checking: 61.802 seconds.

Result: 50281.203196826915 (value in the initial state)

---------------------------------------------------------------------

Note: There were 2 warnings during computation.

