PRISM
=====

Version: 4.4
Date: Fri Feb 19 17:39:47 IRST 2021
Hostname: sadegh-H81M-S2PH
Memory limits: cudd=1g, java(heap)=910.5m
Command line: prism ../../examples/mdps/wlan/wlan3.nm ../../examples/mdps/wlan/cost_max.pctl -s '-ii:upper=55699638' -asynchii -maxiters 900500 -const COL=5 -const TRANS_TIME_MAX=500

Parsing model file "../../examples/mdps/wlan/wlan3.nm"...

Parsing properties file "../../examples/mdps/wlan/cost_max.pctl"...

1 property:
(1) "cost_max": R{"cost"}max=? [ F s1=12&s2=12 ]

Type:        MDP
Modules:     medium station1 station2 
Variables:   col c1 c2 x1 s1 slot1 backoff1 bc1 x2 s2 slot2 backoff2 bc2 

---------------------------------------------------------------------

Model checking: "cost_max": R{"cost"}max=? [ F s1=12&s2=12 ]
Model constants: COL=5,TRANS_TIME_MAX=500

Warning: Not Switching to explicit engine, We implemented the emthods for sparse engine.

Building model...
Model constants: COL=5,TRANS_TIME_MAX=500

Computing reachable states...

Reachability (BFS): 642 iterations in 9.80 seconds (average 0.015273, setup 0.00)

Time for model construction: 11.385 seconds.

Type:        MDP
States:      590913 (1 initial)
Transitions: 1214996
Choices:     1045016

Transition matrix: 221175 nodes (6 terminal), 1214996 minterms, vars: 51r/51c/7nd

Prob0E: 1940 iterations in 38.96 seconds (average 0.020085, setup 0.00)

Prob1A: 1 iterations in 0.03 seconds (average 0.031000, setup 0.00)

goal = 6, inf = 0, maybe = 590907

Warning: Upper bound for interval iteration manually set to 5.5699638E7

Computing remaining rewards...
 8
Building sparse matrix (transitions)... [n=590913, nc=1045010, nnz=1214990, k=3] [20.1 MB]
Building sparse matrix (transition rewards)... [n=590913, nc=1045010, nnz=443434, k=3] [11.3 MB]
Creating vector for state rewards... [4.5 MB]
Creating vector for inf... [4.5 MB]
Creating vector for lower bounds... [4.5 MB]
Creating vector for upper bounds... [4.5 MB]
Allocating iteration vectors... [4 x 4.5 MB]
TOTAL: [67.5 MB]

Starting iterations (interval iteration)...

 Time for pre-computation	: 0.022000 
		 >> 590907 after 0 iters << 
Iteration 508: max relative diff=1.000000, 4.98 sec so far
Iteration 957: max relative diff=1.000000, 9.98 sec so far
Iteration 1407: max relative diff=1.000000, 14.99 sec so far
Iteration 1857: max relative diff=1.000000, 19.99 sec so far
Iteration 2307: max relative diff=1.000000, 25.00 sec so far
Iteration 2796: max relative diff=55699638.000000, 30.01 sec so far
Iteration 3310: max relative diff=55699638.000000, 35.02 sec so far
Iteration 3824: max relative diff=55692859.713135, 40.02 sec so far
Iteration 4339: max relative diff=10220583.118814, 45.03 sec so far
Iteration 4853: max relative diff=948634.959520, 50.03 sec so far
Iteration 5368: max relative diff=44434.808958, 55.04 sec so far
Iteration 5882: max relative diff=1292.831498, 60.05 sec so far
Iteration 6385: max relative diff=245.366499, 65.06 sec so far
Iteration 6732: max relative diff=127.109860, 70.06 sec so far
Iteration 7021: max relative diff=5.206118, 75.07 sec so far
Iteration 7310: max relative diff=2.195402, 80.08 sec so far
Iteration 7599: max relative diff=0.102716, 85.09 sec so far
Iteration 7888: max relative diff=0.033181, 90.10 sec so far
Iteration 8177: max relative diff=0.001977, 95.11 sec so far
Iteration 8466: max relative diff=0.000352, 100.11 sec so far
Iteration 8755: max relative diff=0.000036, 105.12 sec so far
Iteration 9044: max relative diff=0.000002, 110.14 sec so far
Max relative diff between upper and lower bound on convergence: 9.98378E-07
LowItr:5203 , UpItr:6708 

Iterative method: 9206 iterations in 112.94 seconds (average 0.012269, setup 1.26)
Maximum finite value in solution vector at end of interval iteration: 5.536713079777967E7

Value in the initial state: 1.1077839052716874E7

Time for model checking: 153.392 seconds.

Result: 1.1077839052716874E7 (value in the initial state)

---------------------------------------------------------------------

Note: There were 2 warnings during computation.

