PRISM
=====

Version: 4.4
Date: Fri Feb 19 18:26:12 IRST 2021
Hostname: sadegh-H81M-S2PH
Memory limits: cudd=1g, java(heap)=910.5m
Command line: prism ../../examples/mdps/wlan/wlan3.nm ../../examples/mdps/wlan/time_max.pctl -s '-ii:upper=1.2e+12' -improvedbk -maxiters 900500 -const COL=5 -const TRANS_TIME_MAX=600

Parsing model file "../../examples/mdps/wlan/wlan3.nm"...

Parsing properties file "../../examples/mdps/wlan/time_max.pctl"...

1 property:
(1) "time_max": R{"time"}max=? [ F s1=12&s2=12 ]

Type:        MDP
Modules:     medium station1 station2 
Variables:   col c1 c2 x1 s1 slot1 backoff1 bc1 x2 s2 slot2 backoff2 bc2 

---------------------------------------------------------------------

Model checking: "time_max": R{"time"}max=? [ F s1=12&s2=12 ]
Model constants: COL=5,TRANS_TIME_MAX=600

Warning: Not Switching to explicit engine, We implemented the emthods for sparse engine.

Building model...
Model constants: COL=5,TRANS_TIME_MAX=600

Computing reachable states...

Reachability (BFS): 742 iterations in 13.96 seconds (average 0.018807, setup 0.00)

Time for model construction: 16.14 seconds.

Type:        MDP
States:      670413 (1 initial)
Transitions: 1375496
Choices:     1205516

Transition matrix: 271942 nodes (6 terminal), 1375496 minterms, vars: 53r/53c/7nd

Prob0E: 2240 iterations in 50.38 seconds (average 0.022491, setup 0.00)

Prob1A: 1 iterations in 0.04 seconds (average 0.037000, setup 0.00)

goal = 6, inf = 0, maybe = 670407

Warning: Upper bound for interval iteration manually set to 1.2E12

Computing remaining rewards...
 7
Building sparse matrix (transitions)... [n=670413, nc=1205510, nnz=1375490, k=3] [22.9 MB]
Building sparse matrix (transition rewards)... [n=670413, nc=1205510, nnz=521934, k=3] [13.1 MB]
Creating vector for state rewards... [5.1 MB]
Creating vector for inf... [5.1 MB]
Creating vector for lower bounds... [5.1 MB]
Creating vector for upper bounds... [5.1 MB]
Allocating iteration vectors... [4 x 5.1 MB]
TOTAL: [76.9 MB]

Starting iterations (interval iteration)...

 Time for pre-computation: 0.641000 Iteration 471: max relative diff=50.000000, 4.36 sec so far
Iteration 1014: max relative diff=50.000000, 9.36 sec so far
Iteration 1559: max relative diff=50.000000, 14.37 sec so far
Iteration 2103: max relative diff=9.179688, 19.37 sec so far
Iteration 2648: max relative diff=0.851631, 24.38 sec so far
Iteration 3192: max relative diff=0.039504, 29.38 sec so far
Iteration 3737: max relative diff=0.000921, 34.39 sec so far
Iteration 4281: max relative diff=0.000021, 39.39 sec so far

First round (updates from below) finished after 4821 iters.Iteration 4825: max relative diff=645.000000, 44.39 sec so far
Iteration 5332: max relative diff=645.000000, 49.39 sec so far
Iteration 5844: max relative diff=147.492428, 54.40 sec so far
Iteration 6370: max relative diff=14.870940, 59.40 sec so far
Iteration 6899: max relative diff=1.647832, 64.41 sec so far
Iteration 7427: max relative diff=0.131710, 69.42 sec so far
Iteration 7956: max relative diff=0.005993, 74.43 sec so far
Iteration 8485: max relative diff=0.000124, 79.43 sec so far
Iteration 9014: max relative diff=0.000124, 84.44 sec so far
Iteration 9543: max relative diff=0.000003, 89.45 sec so far

Second round (updates from above) finished after 9642 iters.
Update from both sides... 
Iteration 9963: max relative diff=0.000161, 94.45 sec so far
Iteration 10358: max relative diff=0.000006, 99.46 sec so far
Iteration 10753: max relative diff=0.000001, 104.47 sec so far
Max relative diff between upper and lower bound on convergence: 0

Number of iterations for the lower bound = 5960

Iterative method: 10781 iterations in 104.83 seconds (average 0.009723, setup 1.49)
Maximum finite value in solution vector at end of interval iteration: 102771.35358079564

Value in the initial state: 98301.04708278403

Time for model checking: 157.572 seconds.

Result: 98301.04708278403 (value in the initial state)

---------------------------------------------------------------------

Note: There were 2 warnings during computation.

