PRISM
=====

Version: 4.4
Date: Sat Feb 20 13:13:55 IRST 2021
Hostname: sadegh-H81M-S2PH
Memory limits: cudd=1g, java(heap)=910.5m
Command line: prism ../../examples/mdps/wlan/wlan3.nm ../../examples/mdps/wlan/cost_max.pctl -s '-ii:upper=1.2e+12' -asynchii -maxiters 900500 -const COL=5 -const TRANS_TIME_MAX=1600

Parsing model file "../../examples/mdps/wlan/wlan3.nm"...

Parsing properties file "../../examples/mdps/wlan/cost_max.pctl"...

1 property:
(1) "cost_max": R{"cost"}max=? [ F s1=12&s2=12 ]

Type:        MDP
Modules:     medium station1 station2 
Variables:   col c1 c2 x1 s1 slot1 backoff1 bc1 x2 s2 slot2 backoff2 bc2 

---------------------------------------------------------------------

Model checking: "cost_max": R{"cost"}max=? [ F s1=12&s2=12 ]
Model constants: COL=5,TRANS_TIME_MAX=1600

Warning: Not Switching to explicit engine, We implemented the emthods for sparse engine.

Building model...
Model constants: COL=5,TRANS_TIME_MAX=1600

Computing reachable states...

Reachability (BFS): 1742 iterations in 69.63 seconds (average 0.039970, setup 0.00)

Time for model construction: 90.822 seconds.

Type:        MDP
States:      1465413 (1 initial)
Transitions: 2980496
Choices:     2810516

Transition matrix: 671459 nodes (6 terminal), 2980496 minterms, vars: 55r/55c/7nd

Prob0E: 5240 iterations in 229.16 seconds (average 0.043733, setup 0.00)

Prob1A: 1 iterations in 0.09 seconds (average 0.094000, setup 0.00)

goal = 6, inf = 0, maybe = 1465407

Warning: Upper bound for interval iteration manually set to 1.2E12

Computing remaining rewards...
 8
Building sparse matrix (transitions)... [n=1465413, nc=2810510, nnz=2980490, k=3] [50.4 MB]
Building sparse matrix (transition rewards)... [n=1465413, nc=2810510, nnz=1306934, k=3] [31.3 MB]
Creating vector for state rewards... [11.2 MB]
Creating vector for inf... [11.2 MB]
Creating vector for lower bounds... [11.2 MB]
Creating vector for upper bounds... [11.2 MB]
Allocating iteration vectors... [4 x 11.2 MB]
TOTAL: [171.1 MB]

Starting iterations (interval iteration)...

 Time for pre-computation	: 0.045000 
		 >> 1465407 after 0 iters << 
Iteration 237: max relative diff=1.000000, 4.96 sec so far
Iteration 481: max relative diff=1.000000, 9.96 sec so far
Iteration 725: max relative diff=1.000000, 14.97 sec so far
Iteration 969: max relative diff=1.000000, 19.98 sec so far
Iteration 1213: max relative diff=1.000000, 24.98 sec so far
Iteration 1457: max relative diff=1.000000, 29.99 sec so far
Iteration 1701: max relative diff=1.000000, 34.99 sec so far
Iteration 1945: max relative diff=1.000000, 40.00 sec so far
Iteration 2189: max relative diff=1.000000, 45.00 sec so far
Iteration 2434: max relative diff=1.000000, 50.02 sec so far
Iteration 2677: max relative diff=1.000000, 55.03 sec so far
Iteration 2921: max relative diff=1.000000, 60.03 sec so far
Iteration 3165: max relative diff=1.000000, 65.04 sec so far
Iteration 3409: max relative diff=1.000000, 70.05 sec so far
Iteration 3653: max relative diff=1.000000, 75.05 sec so far
Iteration 3898: max relative diff=1.000000, 80.07 sec so far
Iteration 4142: max relative diff=1.000000, 85.08 sec so far
Iteration 4386: max relative diff=1.000000, 90.09 sec so far
Iteration 4630: max relative diff=1.000000, 95.09 sec so far
Iteration 4874: max relative diff=1.000000, 100.10 sec so far
Iteration 5119: max relative diff=1.000000, 105.12 sec so far
Iteration 5364: max relative diff=1.000000, 110.14 sec so far
Iteration 5608: max relative diff=1.000000, 115.16 sec so far
Iteration 5852: max relative diff=1.000000, 120.16 sec so far
Iteration 6096: max relative diff=1.000000, 125.16 sec so far
Iteration 6341: max relative diff=1.000000, 130.18 sec so far
Iteration 6585: max relative diff=1.000000, 135.19 sec so far
Iteration 6829: max relative diff=1.000000, 140.19 sec so far
Iteration 7073: max relative diff=1.000000, 145.19 sec so far
Iteration 7317: max relative diff=1.000000, 150.20 sec so far
Iteration 7561: max relative diff=1.000000, 155.21 sec so far
Iteration 7806: max relative diff=1.000000, 160.23 sec so far
Iteration 8041: max relative diff=1200000000000.000000, 165.24 sec so far
Iteration 8246: max relative diff=1200000000000.000000, 170.27 sec so far
Iteration 8450: max relative diff=1200000000000.000000, 175.28 sec so far
Iteration 8654: max relative diff=1200000000000.000000, 180.28 sec so far
Iteration 8858: max relative diff=1200000000000.000000, 185.29 sec so far
Iteration 9063: max relative diff=1200000000000.000000, 190.31 sec so far
Iteration 9268: max relative diff=1200000000000.000000, 195.33 sec so far
Iteration 9473: max relative diff=1200000000000.000000, 200.35 sec so far
Iteration 9678: max relative diff=1200000000000.000000, 205.37 sec so far
Iteration 9882: max relative diff=1200000000000.000000, 210.37 sec so far
Iteration 10086: max relative diff=1200000000000.000000, 215.37 sec so far
Iteration 10290: max relative diff=1200000000000.000000, 220.38 sec so far
Iteration 10494: max relative diff=1200000000000.000000, 225.39 sec so far
Iteration 10698: max relative diff=1200000000000.000000, 230.39 sec so far
Iteration 10902: max relative diff=1200000000000.000000, 235.40 sec so far
Iteration 11106: max relative diff=1200000000000.000000, 240.40 sec so far
Iteration 11310: max relative diff=1199999979157.569336, 245.40 sec so far
Iteration 11514: max relative diff=1199999979158.961182, 250.41 sec so far
Iteration 11719: max relative diff=1199999979160.359863, 255.43 sec so far
Iteration 11923: max relative diff=1199999979161.751709, 260.43 sec so far
Iteration 12127: max relative diff=1199999979163.143555, 265.44 sec so far
Iteration 12332: max relative diff=1199999979164.542236, 270.46 sec so far
Iteration 12537: max relative diff=1199999979165.940918, 275.49 sec so far
Iteration 12741: max relative diff=1199999979167.332764, 280.49 sec so far
Iteration 12946: max relative diff=220312482508.322479, 285.52 sec so far
Iteration 13150: max relative diff=220312482598.145355, 290.52 sec so far
Iteration 13354: max relative diff=220312482687.968231, 295.53 sec so far
Iteration 13559: max relative diff=220312482778.231384, 300.55 sec so far
Iteration 13764: max relative diff=220312482868.494568, 305.57 sec so far
Iteration 13968: max relative diff=220312482958.317444, 310.58 sec so far
Iteration 14172: max relative diff=220312483048.140320, 315.58 sec so far
Iteration 14376: max relative diff=220312483137.935669, 320.58 sec so far
Iteration 14580: max relative diff=20439147311.758686, 325.58 sec so far
Iteration 14785: max relative diff=20439147402.021870, 330.61 sec so far
Iteration 14990: max relative diff=20439147492.285053, 335.63 sec so far
Iteration 15194: max relative diff=20439147582.107925, 340.63 sec so far
Iteration 15398: max relative diff=20439147671.930801, 345.63 sec so far
Iteration 15602: max relative diff=20439147761.753674, 350.63 sec so far
Iteration 15806: max relative diff=20439147851.576550, 355.64 sec so far
Iteration 16011: max relative diff=953095072.124334, 360.65 sec so far
Iteration 16215: max relative diff=953095161.999674, 365.65 sec so far
Iteration 16420: max relative diff=953095252.262857, 370.68 sec so far
Iteration 16624: max relative diff=953095342.085731, 375.68 sec so far
Iteration 16829: max relative diff=953095432.348914, 380.70 sec so far
Iteration 17034: max relative diff=953095522.612098, 385.73 sec so far
Iteration 17239: max relative diff=953095612.875279, 390.75 sec so far
Iteration 17444: max relative diff=953095703.138462, 395.77 sec so far
Iteration 17648: max relative diff=22280732.126005, 400.77 sec so far
Iteration 17853: max relative diff=22280734.236039, 405.79 sec so far
Iteration 18058: max relative diff=22280736.346073, 410.80 sec so far
Iteration 18262: max relative diff=22280738.445814, 415.81 sec so far
Iteration 18466: max relative diff=22280740.545555, 420.82 sec so far
Iteration 18670: max relative diff=22280742.645297, 425.82 sec so far
Iteration 18874: max relative diff=22280744.745038, 430.83 sec so far
Iteration 19079: max relative diff=22280746.855072, 435.85 sec so far
Iteration 19284: max relative diff=521583.083803, 440.87 sec so far
Iteration 19488: max relative diff=521583.132888, 445.87 sec so far
Iteration 19692: max relative diff=521583.181973, 450.88 sec so far
Iteration 19897: max relative diff=521583.231298, 455.90 sec so far
Iteration 20101: max relative diff=521583.280382, 460.90 sec so far
Iteration 20306: max relative diff=521583.329707, 465.93 sec so far
Iteration 20510: max relative diff=521583.378792, 470.93 sec so far
Iteration 20714: max relative diff=521583.427876, 475.93 sec so far
Iteration 20918: max relative diff=12931.093331, 480.94 sec so far
Iteration 21123: max relative diff=12931.094484, 485.96 sec so far
Iteration 21327: max relative diff=12931.095631, 490.96 sec so far
Iteration 21532: max relative diff=12931.096784, 495.99 sec so far
Iteration 21736: max relative diff=12931.097932, 500.99 sec so far
Iteration 21940: max relative diff=12931.099079, 505.99 sec so far
Iteration 22145: max relative diff=12931.100232, 511.02 sec so far
Iteration 22349: max relative diff=12931.101380, 516.02 sec so far
Iteration 22551: max relative diff=1018.923642, 521.04 sec so far
Iteration 22756: max relative diff=1018.923669, 526.06 sec so far
Iteration 22961: max relative diff=1018.923696, 531.08 sec so far
Iteration 23165: max relative diff=1018.923723, 536.09 sec so far
Iteration 23370: max relative diff=1018.923750, 541.11 sec so far
Iteration 23575: max relative diff=1018.923777, 546.13 sec so far
Iteration 23779: max relative diff=1018.923804, 551.13 sec so far
Iteration 23984: max relative diff=1018.923831, 556.15 sec so far
Iteration 24115: max relative diff=689.894263, 561.18 sec so far
Iteration 24227: max relative diff=640.579744, 566.22 sec so far
Iteration 24339: max relative diff=591.265225, 571.26 sec so far
Iteration 24451: max relative diff=541.950706, 576.30 sec so far
Iteration 24562: max relative diff=493.076495, 581.31 sec so far
Iteration 24674: max relative diff=443.761976, 586.34 sec so far
Iteration 24786: max relative diff=394.447457, 591.38 sec so far
Iteration 24898: max relative diff=345.132938, 596.42 sec so far
Iteration 25010: max relative diff=295.818419, 601.46 sec so far
Iteration 25122: max relative diff=246.503900, 606.51 sec so far
Iteration 25234: max relative diff=197.189381, 611.55 sec so far
Iteration 25346: max relative diff=147.874862, 616.59 sec so far
Iteration 25458: max relative diff=98.560343, 621.63 sec so far
Iteration 25570: max relative diff=49.245825, 626.67 sec so far
Iteration 25682: max relative diff=16.493809, 631.72 sec so far
Iteration 25794: max relative diff=15.341009, 636.76 sec so far
Iteration 25906: max relative diff=14.188210, 641.81 sec so far
Iteration 26018: max relative diff=13.035411, 646.85 sec so far
Iteration 26130: max relative diff=11.882612, 651.89 sec so far
Iteration 26241: max relative diff=10.740106, 656.89 sec so far
Iteration 26353: max relative diff=9.587307, 661.94 sec so far
Iteration 26465: max relative diff=8.434508, 666.98 sec so far
Iteration 26577: max relative diff=7.281709, 672.02 sec so far
Iteration 26689: max relative diff=6.128909, 677.07 sec so far
Iteration 26801: max relative diff=4.976110, 682.11 sec so far
Iteration 26913: max relative diff=3.823311, 687.15 sec so far
Iteration 27025: max relative diff=2.670512, 692.19 sec so far
Iteration 27137: max relative diff=1.517713, 697.23 sec so far
Iteration 27248: max relative diff=0.394357, 702.23 sec so far
Iteration 27360: max relative diff=0.367427, 707.28 sec so far
Iteration 27472: max relative diff=0.340479, 712.31 sec so far
Iteration 27583: max relative diff=0.313771, 717.32 sec so far
Iteration 27695: max relative diff=0.286822, 722.36 sec so far
Iteration 27807: max relative diff=0.259874, 727.39 sec so far
Iteration 27919: max relative diff=0.232926, 732.44 sec so far
Iteration 28031: max relative diff=0.205977, 737.48 sec so far
Iteration 28143: max relative diff=0.179029, 742.52 sec so far
Iteration 28255: max relative diff=0.152081, 747.56 sec so far
Iteration 28367: max relative diff=0.125132, 752.60 sec so far
Iteration 28479: max relative diff=0.098184, 757.64 sec so far
Iteration 28590: max relative diff=0.071476, 762.65 sec so far
Iteration 28701: max relative diff=0.044768, 767.65 sec so far
Iteration 28813: max relative diff=0.017820, 772.70 sec so far
Iteration 28924: max relative diff=0.008806, 777.71 sec so far
Iteration 29036: max relative diff=0.008176, 782.75 sec so far
Iteration 29148: max relative diff=0.007546, 787.79 sec so far
Iteration 29260: max relative diff=0.006916, 792.84 sec so far
Iteration 29372: max relative diff=0.006286, 797.88 sec so far
Iteration 29484: max relative diff=0.005657, 802.92 sec so far
Iteration 29595: max relative diff=0.005032, 807.92 sec so far
Iteration 29707: max relative diff=0.004402, 812.96 sec so far
Iteration 29819: max relative diff=0.003772, 818.01 sec so far
Iteration 29930: max relative diff=0.003148, 823.01 sec so far
Iteration 30042: max relative diff=0.002518, 828.06 sec so far
Iteration 30154: max relative diff=0.001888, 833.10 sec so far
Iteration 30265: max relative diff=0.001264, 838.12 sec so far
Iteration 30377: max relative diff=0.000634, 843.16 sec so far
Iteration 30489: max relative diff=0.000211, 848.21 sec so far
Iteration 30601: max relative diff=0.000196, 853.25 sec so far
Iteration 30713: max relative diff=0.000181, 858.29 sec so far
Iteration 30825: max relative diff=0.000167, 863.34 sec so far
Iteration 30937: max relative diff=0.000152, 868.38 sec so far
Iteration 31049: max relative diff=0.000137, 873.42 sec so far
Iteration 31161: max relative diff=0.000122, 878.46 sec so far
Iteration 31272: max relative diff=0.000108, 883.46 sec so far
Iteration 31384: max relative diff=0.000093, 888.51 sec so far
Iteration 31495: max relative diff=0.000079, 893.52 sec so far
Iteration 31607: max relative diff=0.000064, 898.57 sec so far
Iteration 31719: max relative diff=0.000049, 903.61 sec so far
Iteration 31831: max relative diff=0.000034, 908.65 sec so far
Iteration 31942: max relative diff=0.000020, 913.65 sec so far
Iteration 32053: max relative diff=0.000005, 918.65 sec so far
Iteration 32165: max relative diff=0.000005, 923.69 sec so far
Iteration 32276: max relative diff=0.000004, 928.69 sec so far
Iteration 32388: max relative diff=0.000004, 933.74 sec so far
Iteration 32500: max relative diff=0.000004, 938.78 sec so far
Iteration 32612: max relative diff=0.000003, 943.82 sec so far
Iteration 32723: max relative diff=0.000003, 948.83 sec so far
Iteration 32834: max relative diff=0.000003, 953.83 sec so far
Iteration 32945: max relative diff=0.000002, 958.84 sec so far
Iteration 33057: max relative diff=0.000002, 963.88 sec so far
Iteration 33169: max relative diff=0.000002, 968.92 sec so far
Iteration 33281: max relative diff=0.000001, 973.96 sec so far
Max relative diff between upper and lower bound on convergence: 9.98378E-07
LowItr:17348 , UpItr:25374 

Iterative method: 33372 iterations in 978.06 seconds (average 0.029308, setup 3.78)
Maximum finite value in solution vector at end of interval iteration: 1.7715947094937176E8

Value in the initial state: 3.543619837742328E7

Time for model checking: 1211.555 seconds.

Result: 3.543619837742328E7 (value in the initial state)

---------------------------------------------------------------------

Note: There were 2 warnings during computation.

