PRISM
=====

Version: 4.4
Date: Sat Feb 20 10:06:42 IRST 2021
Hostname: sadegh-H81M-S2PH
Memory limits: cudd=1g, java(heap)=910.5m
Command line: prism ../../examples/mdps/wlan/wlan3.nm ../../examples/mdps/wlan/cost_max.pctl -s '-ii:upper=166420638' -asynchii -maxiters 900500 -const COL=5 -const TRANS_TIME_MAX=1500

Parsing model file "../../examples/mdps/wlan/wlan3.nm"...

Parsing properties file "../../examples/mdps/wlan/cost_max.pctl"...

1 property:
(1) "cost_max": R{"cost"}max=? [ F s1=12&s2=12 ]

Type:        MDP
Modules:     medium station1 station2 
Variables:   col c1 c2 x1 s1 slot1 backoff1 bc1 x2 s2 slot2 backoff2 bc2 

---------------------------------------------------------------------

Model checking: "cost_max": R{"cost"}max=? [ F s1=12&s2=12 ]
Model constants: COL=5,TRANS_TIME_MAX=1500

Warning: Not Switching to explicit engine, We implemented the emthods for sparse engine.

Building model...
Model constants: COL=5,TRANS_TIME_MAX=1500

Computing reachable states...

Reachability (BFS): 1642 iterations in 60.77 seconds (average 0.037013, setup 0.00)

Time for model construction: 78.73 seconds.

Type:        MDP
States:      1385913 (1 initial)
Transitions: 2819996
Choices:     2650016

Transition matrix: 634206 nodes (6 terminal), 2819996 minterms, vars: 55r/55c/7nd

Prob0E: 4940 iterations in 215.94 seconds (average 0.043714, setup 0.00)

Prob1A: 1 iterations in 0.09 seconds (average 0.090000, setup 0.00)

goal = 6, inf = 0, maybe = 1385907

Warning: Upper bound for interval iteration manually set to 1.66420638E8

Computing remaining rewards...
 8
Building sparse matrix (transitions)... [n=1385913, nc=2650010, nnz=2819990, k=3] [47.7 MB]
Building sparse matrix (transition rewards)... [n=1385913, nc=2650010, nnz=1228434, k=3] [29.5 MB]
Creating vector for state rewards... [10.6 MB]
Creating vector for inf... [10.6 MB]
Creating vector for lower bounds... [10.6 MB]
Creating vector for upper bounds... [10.6 MB]
Allocating iteration vectors... [4 x 10.6 MB]
TOTAL: [161.7 MB]

Starting iterations (interval iteration)...

 Time for pre-computation	: 0.042000 
		 >> 1385907 after 0 iters << 
Iteration 256: max relative diff=1.000000, 4.98 sec so far
Iteration 518: max relative diff=1.000000, 9.99 sec so far
Iteration 780: max relative diff=1.000000, 14.99 sec so far
Iteration 1042: max relative diff=1.000000, 20.01 sec so far
Iteration 1304: max relative diff=1.000000, 25.03 sec so far
Iteration 1566: max relative diff=1.000000, 30.03 sec so far
Iteration 1828: max relative diff=1.000000, 35.04 sec so far
Iteration 2090: max relative diff=1.000000, 40.05 sec so far
Iteration 2352: max relative diff=1.000000, 45.06 sec so far
Iteration 2614: max relative diff=1.000000, 50.07 sec so far
Iteration 2876: max relative diff=1.000000, 55.08 sec so far
Iteration 3138: max relative diff=1.000000, 60.10 sec so far
Iteration 3401: max relative diff=1.000000, 65.12 sec so far
Iteration 3663: max relative diff=1.000000, 70.12 sec so far
Iteration 3925: max relative diff=1.000000, 75.13 sec so far
Iteration 4187: max relative diff=1.000000, 80.15 sec so far
Iteration 4448: max relative diff=1.000000, 85.15 sec so far
Iteration 4710: max relative diff=1.000000, 90.16 sec so far
Iteration 4972: max relative diff=1.000000, 95.16 sec so far
Iteration 5234: max relative diff=1.000000, 100.17 sec so far
Iteration 5496: max relative diff=1.000000, 105.19 sec so far
Iteration 5758: max relative diff=1.000000, 110.20 sec so far
Iteration 6020: max relative diff=1.000000, 115.21 sec so far
Iteration 6282: max relative diff=1.000000, 120.21 sec so far
Iteration 6544: max relative diff=1.000000, 125.22 sec so far
Iteration 6806: max relative diff=1.000000, 130.23 sec so far
Iteration 7068: max relative diff=1.000000, 135.24 sec so far
Iteration 7330: max relative diff=1.000000, 140.26 sec so far
Iteration 7578: max relative diff=166420638.000000, 145.27 sec so far
Iteration 7803: max relative diff=166420638.000000, 150.29 sec so far
Iteration 8028: max relative diff=166420638.000000, 155.30 sec so far
Iteration 8253: max relative diff=166420638.000000, 160.32 sec so far
Iteration 8478: max relative diff=166420638.000000, 165.33 sec so far
Iteration 8703: max relative diff=166420638.000000, 170.33 sec so far
Iteration 8928: max relative diff=166420638.000000, 175.35 sec so far
Iteration 9153: max relative diff=166420638.000000, 180.37 sec so far
Iteration 9378: max relative diff=166420638.000000, 185.39 sec so far
Iteration 9603: max relative diff=166420638.000000, 190.42 sec so far
Iteration 9828: max relative diff=166420638.000000, 195.44 sec so far
Iteration 10052: max relative diff=166420638.000000, 200.44 sec so far
Iteration 10276: max relative diff=166420638.000000, 205.44 sec so far
Iteration 10501: max relative diff=166401073.251729, 210.46 sec so far
Iteration 10726: max relative diff=166401074.786871, 215.48 sec so far
Iteration 10951: max relative diff=166401076.322013, 220.50 sec so far
Iteration 11176: max relative diff=166401077.857154, 225.52 sec so far
Iteration 11401: max relative diff=166401079.392296, 230.54 sec so far
Iteration 11626: max relative diff=166401080.927437, 235.56 sec so far
Iteration 11851: max relative diff=166401082.462579, 240.57 sec so far
Iteration 12076: max relative diff=30537346.908936, 245.58 sec so far
Iteration 12301: max relative diff=30537445.978283, 250.60 sec so far
Iteration 12526: max relative diff=30537545.047630, 255.62 sec so far
Iteration 12751: max relative diff=30537644.116977, 260.63 sec so far
Iteration 12976: max relative diff=30537743.186324, 265.65 sec so far
Iteration 13201: max relative diff=30537842.255670, 270.67 sec so far
Iteration 13426: max relative diff=30537941.325017, 275.69 sec so far
Iteration 13651: max relative diff=2833973.912579, 280.71 sec so far
Iteration 13876: max relative diff=2834072.981925, 285.73 sec so far
Iteration 14101: max relative diff=2834172.051272, 290.74 sec so far
Iteration 14326: max relative diff=2834271.120619, 295.76 sec so far
Iteration 14551: max relative diff=2834370.189966, 300.78 sec so far
Iteration 14776: max relative diff=2834469.259312, 305.80 sec so far
Iteration 15001: max relative diff=2834551.233347, 310.82 sec so far
Iteration 15226: max relative diff=132311.981220, 315.83 sec so far
Iteration 15451: max relative diff=132411.050567, 320.85 sec so far
Iteration 15675: max relative diff=132509.679606, 325.85 sec so far
Iteration 15900: max relative diff=132608.748953, 330.87 sec so far
Iteration 16125: max relative diff=132707.818299, 335.88 sec so far
Iteration 16350: max relative diff=132806.887646, 340.90 sec so far
Iteration 16574: max relative diff=3785.688720, 345.90 sec so far
Iteration 16799: max relative diff=3788.004612, 350.92 sec so far
Iteration 17024: max relative diff=3790.320503, 355.94 sec so far
Iteration 17249: max relative diff=3792.636394, 360.96 sec so far
Iteration 17474: max relative diff=3794.952285, 365.97 sec so far
Iteration 17699: max relative diff=3797.268176, 370.99 sec so far
Iteration 17923: max relative diff=3799.573774, 376.00 sec so far
Iteration 18140: max relative diff=747.182231, 381.01 sec so far
Iteration 18364: max relative diff=747.236127, 386.02 sec so far
Iteration 18588: max relative diff=747.290024, 391.02 sec so far
Iteration 18813: max relative diff=747.344161, 396.04 sec so far
Iteration 19038: max relative diff=747.398299, 401.06 sec so far
Iteration 19262: max relative diff=747.452195, 406.06 sec so far
Iteration 19486: max relative diff=747.506092, 411.06 sec so far
Iteration 19622: max relative diff=630.590335, 416.08 sec so far
Iteration 19743: max relative diff=577.313723, 421.09 sec so far
Iteration 19864: max relative diff=524.037110, 426.10 sec so far
Iteration 19985: max relative diff=470.760498, 431.10 sec so far
Iteration 20106: max relative diff=417.483885, 436.12 sec so far
Iteration 20227: max relative diff=364.207273, 441.13 sec so far
Iteration 20348: max relative diff=310.930660, 446.16 sec so far
Iteration 20469: max relative diff=257.654047, 451.17 sec so far
Iteration 20590: max relative diff=204.377435, 456.18 sec so far
Iteration 20711: max relative diff=151.100822, 461.19 sec so far
Iteration 20832: max relative diff=97.824210, 466.20 sec so far
Iteration 20953: max relative diff=44.547597, 471.21 sec so far
Iteration 21074: max relative diff=15.261879, 476.22 sec so far
Iteration 21195: max relative diff=14.016460, 481.23 sec so far
Iteration 21316: max relative diff=12.771041, 486.24 sec so far
Iteration 21437: max relative diff=11.525622, 491.25 sec so far
Iteration 21558: max relative diff=10.280203, 496.26 sec so far
Iteration 21679: max relative diff=9.034784, 501.27 sec so far
Iteration 21800: max relative diff=7.789365, 506.30 sec so far
Iteration 21921: max relative diff=6.543947, 511.31 sec so far
Iteration 22042: max relative diff=5.298528, 516.32 sec so far
Iteration 22163: max relative diff=4.053109, 521.33 sec so far
Iteration 22284: max relative diff=2.807690, 526.34 sec so far
Iteration 22405: max relative diff=1.562271, 531.35 sec so far
Iteration 22527: max relative diff=0.368762, 536.39 sec so far
Iteration 22648: max relative diff=0.339591, 541.41 sec so far
Iteration 22769: max relative diff=0.310478, 546.42 sec so far
Iteration 22890: max relative diff=0.281364, 551.43 sec so far
Iteration 23011: max relative diff=0.252251, 556.44 sec so far
Iteration 23132: max relative diff=0.223137, 561.46 sec so far
Iteration 23253: max relative diff=0.194024, 566.48 sec so far
Iteration 23374: max relative diff=0.164910, 571.49 sec so far
Iteration 23495: max relative diff=0.135797, 576.50 sec so far
Iteration 23616: max relative diff=0.106684, 581.51 sec so far
Iteration 23737: max relative diff=0.077570, 586.53 sec so far
Iteration 23858: max relative diff=0.048457, 591.54 sec so far
Iteration 23979: max relative diff=0.019343, 596.55 sec so far
Iteration 24100: max relative diff=0.008223, 601.56 sec so far
Iteration 24221: max relative diff=0.007543, 606.57 sec so far
Iteration 24342: max relative diff=0.006862, 611.58 sec so far
Iteration 24463: max relative diff=0.006181, 616.59 sec so far
Iteration 24584: max relative diff=0.005501, 621.61 sec so far
Iteration 24705: max relative diff=0.004820, 626.63 sec so far
Iteration 24826: max relative diff=0.004140, 631.65 sec so far
Iteration 24947: max relative diff=0.003459, 636.66 sec so far
Iteration 25068: max relative diff=0.002779, 641.68 sec so far
Iteration 25189: max relative diff=0.002098, 646.69 sec so far
Iteration 25310: max relative diff=0.001417, 651.71 sec so far
Iteration 25431: max relative diff=0.000737, 656.72 sec so far
Iteration 25552: max relative diff=0.000199, 661.73 sec so far
Iteration 25673: max relative diff=0.000183, 666.75 sec so far
Iteration 25794: max relative diff=0.000167, 671.76 sec so far
Iteration 25915: max relative diff=0.000151, 676.77 sec so far
Iteration 26036: max relative diff=0.000135, 681.78 sec so far
Iteration 26157: max relative diff=0.000119, 686.80 sec so far
Iteration 26278: max relative diff=0.000103, 691.82 sec so far
Iteration 26399: max relative diff=0.000088, 696.82 sec so far
Iteration 26520: max relative diff=0.000072, 701.84 sec so far
Iteration 26641: max relative diff=0.000056, 706.85 sec so far
Iteration 26762: max relative diff=0.000040, 711.86 sec so far
Iteration 26883: max relative diff=0.000024, 716.87 sec so far
Iteration 27004: max relative diff=0.000008, 721.88 sec so far
Iteration 27125: max relative diff=0.000004, 726.89 sec so far
Iteration 27246: max relative diff=0.000004, 731.90 sec so far
Iteration 27367: max relative diff=0.000004, 736.91 sec so far
Iteration 27488: max relative diff=0.000003, 741.92 sec so far
Iteration 27609: max relative diff=0.000003, 746.94 sec so far
Iteration 27730: max relative diff=0.000003, 751.95 sec so far
Iteration 27851: max relative diff=0.000002, 756.96 sec so far
Iteration 27972: max relative diff=0.000002, 761.98 sec so far
Iteration 28093: max relative diff=0.000001, 766.99 sec so far
Iteration 28214: max relative diff=0.000001, 772.00 sec so far
Max relative diff between upper and lower bound on convergence: 9.94653E-07
LowItr:16232 , UpItr:20744 

Iterative method: 28242 iterations in 773.15 seconds (average 0.027376, setup 3.65)
Maximum finite value in solution vector at end of interval iteration: 1.6608744002649975E8

Value in the initial state: 3.3221802075177208E7

Time for model checking: 993.403 seconds.

Result: 3.3221802075177208E7 (value in the initial state)

---------------------------------------------------------------------

Note: There were 2 warnings during computation.

