PRISM
=====

Version: 4.4
Date: Sat Feb 20 13:35:39 IRST 2021
Hostname: sadegh-H81M-S2PH
Memory limits: cudd=1g, java(heap)=910.5m
Command line: prism ../../examples/mdps/wlan/wlan3.nm ../../examples/mdps/wlan/cost_max.pctl -s '-ii:upper=177492738' -asynchii -maxiters 900500 -const COL=5 -const TRANS_TIME_MAX=1600

Parsing model file "../../examples/mdps/wlan/wlan3.nm"...

Parsing properties file "../../examples/mdps/wlan/cost_max.pctl"...

1 property:
(1) "cost_max": R{"cost"}max=? [ F s1=12&s2=12 ]

Type:        MDP
Modules:     medium station1 station2 
Variables:   col c1 c2 x1 s1 slot1 backoff1 bc1 x2 s2 slot2 backoff2 bc2 

---------------------------------------------------------------------

Model checking: "cost_max": R{"cost"}max=? [ F s1=12&s2=12 ]
Model constants: COL=5,TRANS_TIME_MAX=1600

Warning: Not Switching to explicit engine, We implemented the emthods for sparse engine.

Building model...
Model constants: COL=5,TRANS_TIME_MAX=1600

Computing reachable states...

Reachability (BFS): 1742 iterations in 69.17 seconds (average 0.039706, setup 0.00)

Time for model construction: 90.465 seconds.

Type:        MDP
States:      1465413 (1 initial)
Transitions: 2980496
Choices:     2810516

Transition matrix: 671459 nodes (6 terminal), 2980496 minterms, vars: 55r/55c/7nd

Prob0E: 5240 iterations in 227.55 seconds (average 0.043425, setup 0.00)

Prob1A: 1 iterations in 0.10 seconds (average 0.095000, setup 0.00)

goal = 6, inf = 0, maybe = 1465407

Warning: Upper bound for interval iteration manually set to 1.77492738E8

Computing remaining rewards...
 8
Building sparse matrix (transitions)... [n=1465413, nc=2810510, nnz=2980490, k=3] [50.4 MB]
Building sparse matrix (transition rewards)... [n=1465413, nc=2810510, nnz=1306934, k=3] [31.3 MB]
Creating vector for state rewards... [11.2 MB]
Creating vector for inf... [11.2 MB]
Creating vector for lower bounds... [11.2 MB]
Creating vector for upper bounds... [11.2 MB]
Allocating iteration vectors... [4 x 11.2 MB]
TOTAL: [171.1 MB]

Starting iterations (interval iteration)...

 Time for pre-computation	: 0.053000 
		 >> 1465407 after 0 iters << 
Iteration 231: max relative diff=1.000000, 4.97 sec so far
Iteration 469: max relative diff=1.000000, 9.97 sec so far
Iteration 707: max relative diff=1.000000, 14.98 sec so far
Iteration 946: max relative diff=1.000000, 20.00 sec so far
Iteration 1185: max relative diff=1.000000, 25.01 sec so far
Iteration 1424: max relative diff=1.000000, 30.03 sec so far
Iteration 1663: max relative diff=1.000000, 35.05 sec so far
Iteration 1901: max relative diff=1.000000, 40.05 sec so far
Iteration 2140: max relative diff=1.000000, 45.08 sec so far
Iteration 2379: max relative diff=1.000000, 50.09 sec so far
Iteration 2618: max relative diff=1.000000, 55.11 sec so far
Iteration 2856: max relative diff=1.000000, 60.11 sec so far
Iteration 3095: max relative diff=1.000000, 65.13 sec so far
Iteration 3333: max relative diff=1.000000, 70.14 sec so far
Iteration 3571: max relative diff=1.000000, 75.15 sec so far
Iteration 3810: max relative diff=1.000000, 80.17 sec so far
Iteration 4049: max relative diff=1.000000, 85.19 sec so far
Iteration 4287: max relative diff=1.000000, 90.19 sec so far
Iteration 4525: max relative diff=1.000000, 95.19 sec so far
Iteration 4763: max relative diff=1.000000, 100.20 sec so far
Iteration 5002: max relative diff=1.000000, 105.22 sec so far
Iteration 5240: max relative diff=1.000000, 110.22 sec so far
Iteration 5479: max relative diff=1.000000, 115.24 sec so far
Iteration 5717: max relative diff=1.000000, 120.25 sec so far
Iteration 5955: max relative diff=1.000000, 125.25 sec so far
Iteration 6193: max relative diff=1.000000, 130.26 sec so far
Iteration 6431: max relative diff=1.000000, 135.27 sec so far
Iteration 6670: max relative diff=1.000000, 140.29 sec so far
Iteration 6909: max relative diff=1.000000, 145.31 sec so far
Iteration 7147: max relative diff=1.000000, 150.31 sec so far
Iteration 7385: max relative diff=1.000000, 155.31 sec so far
Iteration 7623: max relative diff=1.000000, 160.31 sec so far
Iteration 7862: max relative diff=1.000000, 165.34 sec so far
Iteration 8086: max relative diff=177492738.000000, 170.35 sec so far
Iteration 8292: max relative diff=177492738.000000, 175.35 sec so far
Iteration 8498: max relative diff=177492738.000000, 180.35 sec so far
Iteration 8704: max relative diff=177492738.000000, 185.36 sec so far
Iteration 8910: max relative diff=177492738.000000, 190.37 sec so far
Iteration 9116: max relative diff=177492738.000000, 195.38 sec so far
Iteration 9322: max relative diff=177492738.000000, 200.38 sec so far
Iteration 9528: max relative diff=177492738.000000, 205.38 sec so far
Iteration 9735: max relative diff=177492738.000000, 210.41 sec so far
Iteration 9941: max relative diff=177492738.000000, 215.41 sec so far
Iteration 10147: max relative diff=177492738.000000, 220.41 sec so far
Iteration 10353: max relative diff=177492738.000000, 225.42 sec so far
Iteration 10559: max relative diff=177492738.000000, 230.43 sec so far
Iteration 10765: max relative diff=177492738.000000, 235.44 sec so far
Iteration 10971: max relative diff=177492738.000000, 240.45 sec so far
Iteration 11177: max relative diff=177492738.000000, 245.45 sec so far
Iteration 11383: max relative diff=177471896.067726, 250.46 sec so far
Iteration 11589: max relative diff=177471897.473233, 255.48 sec so far
Iteration 11795: max relative diff=177471898.878741, 260.49 sec so far
Iteration 12001: max relative diff=177471900.284248, 265.49 sec so far
Iteration 12207: max relative diff=177471901.689756, 270.49 sec so far
Iteration 12413: max relative diff=177471903.095263, 275.50 sec so far
Iteration 12619: max relative diff=177471904.500770, 280.50 sec so far
Iteration 12825: max relative diff=32569012.412336, 285.51 sec so far
Iteration 13031: max relative diff=32569103.115827, 290.51 sec so far
Iteration 13237: max relative diff=32569193.819318, 295.52 sec so far
Iteration 13443: max relative diff=32569284.522808, 300.52 sec so far
Iteration 13649: max relative diff=32569375.226299, 305.53 sec so far
Iteration 13855: max relative diff=32569465.929790, 310.54 sec so far
Iteration 14061: max relative diff=32569556.633281, 315.56 sec so far
Iteration 14267: max relative diff=32569647.336772, 320.56 sec so far
Iteration 14473: max relative diff=3022482.370192, 325.57 sec so far
Iteration 14679: max relative diff=3022573.073683, 330.57 sec so far
Iteration 14885: max relative diff=3022663.777173, 335.58 sec so far
Iteration 15092: max relative diff=3022754.920972, 340.60 sec so far
Iteration 15298: max relative diff=3022845.624463, 345.60 sec so far
Iteration 15504: max relative diff=3022936.327954, 350.61 sec so far
Iteration 15710: max relative diff=3023027.031445, 355.61 sec so far
Iteration 15916: max relative diff=3023117.734936, 360.62 sec so far
Iteration 16122: max relative diff=141060.158770, 365.62 sec so far
Iteration 16328: max relative diff=141150.862260, 370.63 sec so far
Iteration 16534: max relative diff=141241.565751, 375.64 sec so far
Iteration 16740: max relative diff=141332.269242, 380.65 sec so far
Iteration 16946: max relative diff=141422.972733, 385.65 sec so far
Iteration 17152: max relative diff=141513.676224, 390.65 sec so far
Iteration 17358: max relative diff=141604.379715, 395.66 sec so far
Iteration 17564: max relative diff=141695.083205, 400.66 sec so far
Iteration 17771: max relative diff=4036.289869, 405.68 sec so far
Iteration 17977: max relative diff=4038.410196, 410.69 sec so far
Iteration 18183: max relative diff=4040.530523, 415.69 sec so far
Iteration 18389: max relative diff=4042.650850, 420.70 sec so far
Iteration 18596: max relative diff=4044.781470, 425.72 sec so far
Iteration 18803: max relative diff=4046.912089, 430.75 sec so far
Iteration 19009: max relative diff=4049.032416, 435.76 sec so far
Iteration 19215: max relative diff=1028.245315, 440.76 sec so far
Iteration 19414: max relative diff=798.264479, 445.77 sec so far
Iteration 19620: max relative diff=798.314045, 450.78 sec so far
Iteration 19827: max relative diff=798.363851, 455.80 sec so far
Iteration 20034: max relative diff=798.413657, 460.82 sec so far
Iteration 20240: max relative diff=798.463223, 465.83 sec so far
Iteration 20446: max relative diff=798.512789, 470.84 sec so far
Iteration 20652: max relative diff=798.562355, 475.84 sec so far
Iteration 20840: max relative diff=712.315486, 480.87 sec so far
Iteration 20951: max relative diff=663.458372, 485.90 sec so far
Iteration 21062: max relative diff=614.584785, 490.92 sec so far
Iteration 21173: max relative diff=565.711199, 495.96 sec so far
Iteration 21284: max relative diff=516.837612, 500.99 sec so far
Iteration 21395: max relative diff=467.964025, 506.02 sec so far
Iteration 21506: max relative diff=419.090438, 511.04 sec so far
Iteration 21617: max relative diff=370.216852, 516.07 sec so far
Iteration 21728: max relative diff=321.343265, 521.10 sec so far
Iteration 21839: max relative diff=272.469678, 526.12 sec so far
Iteration 21950: max relative diff=223.596092, 531.15 sec so far
Iteration 22061: max relative diff=174.722505, 536.19 sec so far
Iteration 22172: max relative diff=125.848918, 541.21 sec so far
Iteration 22283: max relative diff=76.975331, 546.24 sec so far
Iteration 22394: max relative diff=28.101745, 551.27 sec so far
Iteration 22505: max relative diff=16.009632, 556.31 sec so far
Iteration 22616: max relative diff=14.867140, 561.34 sec so far
Iteration 22727: max relative diff=13.724648, 566.37 sec so far
Iteration 22838: max relative diff=12.582157, 571.40 sec so far
Iteration 22949: max relative diff=11.439665, 576.43 sec so far
Iteration 23060: max relative diff=10.297173, 581.46 sec so far
Iteration 23171: max relative diff=9.154682, 586.49 sec so far
Iteration 23282: max relative diff=8.012190, 591.51 sec so far
Iteration 23393: max relative diff=6.869698, 596.54 sec so far
Iteration 23504: max relative diff=5.727206, 601.57 sec so far
Iteration 23615: max relative diff=4.584715, 606.61 sec so far
Iteration 23726: max relative diff=3.442223, 611.64 sec so far
Iteration 23837: max relative diff=2.299731, 616.67 sec so far
Iteration 23948: max relative diff=1.157240, 621.70 sec so far
Iteration 24059: max relative diff=0.385944, 626.73 sec so far
Iteration 24170: max relative diff=0.359237, 631.75 sec so far
Iteration 24281: max relative diff=0.332529, 636.77 sec so far
Iteration 24392: max relative diff=0.305822, 641.80 sec so far
Iteration 24503: max relative diff=0.279114, 646.83 sec so far
Iteration 24614: max relative diff=0.252407, 651.86 sec so far
Iteration 24725: max relative diff=0.225700, 656.89 sec so far
Iteration 24836: max relative diff=0.198992, 661.92 sec so far
Iteration 24947: max relative diff=0.172285, 666.95 sec so far
Iteration 25058: max relative diff=0.145577, 671.98 sec so far
Iteration 25169: max relative diff=0.118870, 677.01 sec so far
Iteration 25280: max relative diff=0.092163, 682.04 sec so far
Iteration 25391: max relative diff=0.065455, 687.07 sec so far
Iteration 25502: max relative diff=0.038748, 692.10 sec so far
Iteration 25613: max relative diff=0.012040, 697.13 sec so far
Iteration 25724: max relative diff=0.008671, 702.16 sec so far
Iteration 25835: max relative diff=0.008047, 707.19 sec so far
Iteration 25946: max relative diff=0.007422, 712.23 sec so far
Iteration 26057: max relative diff=0.006798, 717.25 sec so far
Iteration 26168: max relative diff=0.006174, 722.29 sec so far
Iteration 26279: max relative diff=0.005549, 727.32 sec so far
Iteration 26390: max relative diff=0.004925, 732.35 sec so far
Iteration 26501: max relative diff=0.004301, 737.39 sec so far
Iteration 26612: max relative diff=0.003676, 742.43 sec so far
Iteration 26723: max relative diff=0.003052, 747.46 sec so far
Iteration 26834: max relative diff=0.002428, 752.48 sec so far
Iteration 26945: max relative diff=0.001803, 757.51 sec so far
Iteration 27056: max relative diff=0.001179, 762.54 sec so far
Iteration 27167: max relative diff=0.000555, 767.58 sec so far
Iteration 27278: max relative diff=0.000209, 772.61 sec so far
Iteration 27389: max relative diff=0.000194, 777.64 sec so far
Iteration 27500: max relative diff=0.000180, 782.67 sec so far
Iteration 27611: max relative diff=0.000165, 787.70 sec so far
Iteration 27722: max relative diff=0.000151, 792.74 sec so far
Iteration 27833: max relative diff=0.000136, 797.76 sec so far
Iteration 27944: max relative diff=0.000122, 802.80 sec so far
Iteration 28055: max relative diff=0.000107, 807.83 sec so far
Iteration 28166: max relative diff=0.000092, 812.86 sec so far
Iteration 28277: max relative diff=0.000078, 817.89 sec so far
Iteration 28388: max relative diff=0.000063, 822.93 sec so far
Iteration 28499: max relative diff=0.000049, 827.96 sec so far
Iteration 28610: max relative diff=0.000034, 832.98 sec so far
Iteration 28721: max relative diff=0.000019, 838.01 sec so far
Iteration 28832: max relative diff=0.000005, 843.03 sec so far
Iteration 28943: max relative diff=0.000005, 848.06 sec so far
Iteration 29054: max relative diff=0.000004, 853.10 sec so far
Iteration 29165: max relative diff=0.000004, 858.13 sec so far
Iteration 29276: max relative diff=0.000004, 863.17 sec so far
Iteration 29387: max relative diff=0.000003, 868.20 sec so far
Iteration 29498: max relative diff=0.000003, 873.24 sec so far
Iteration 29609: max relative diff=0.000003, 878.26 sec so far
Iteration 29720: max relative diff=0.000002, 883.29 sec so far
Iteration 29831: max relative diff=0.000002, 888.32 sec so far
Iteration 29942: max relative diff=0.000002, 893.35 sec so far
Iteration 30053: max relative diff=0.000001, 898.38 sec so far
Max relative diff between upper and lower bound on convergence: 9.90927E-07
LowItr:17336 , UpItr:22149 

Iterative method: 30147 iterations in 902.64 seconds (average 0.029941, setup 3.77)
Maximum finite value in solution vector at end of interval iteration: 1.7715947094937176E8

Value in the initial state: 3.543619837742326E7

Time for model checking: 1134.481 seconds.

Result: 3.543619837742326E7 (value in the initial state)

---------------------------------------------------------------------

Note: There were 2 warnings during computation.

