PRISM
=====

Version: 4.4
Date: Sat Feb 20 17:34:34 IRST 2021
Hostname: sadegh-H81M-S2PH
Memory limits: cudd=1g, java(heap)=910.5m
Command line: prism ../../examples/mdps/wlan/wlan3.nm ../../examples/mdps/wlan/cost_max.pctl -s '-ii:upper=188564838' -asynchii -maxiters 900500 -const COL=5 -const TRANS_TIME_MAX=1700

Parsing model file "../../examples/mdps/wlan/wlan3.nm"...

Parsing properties file "../../examples/mdps/wlan/cost_max.pctl"...

1 property:
(1) "cost_max": R{"cost"}max=? [ F s1=12&s2=12 ]

Type:        MDP
Modules:     medium station1 station2 
Variables:   col c1 c2 x1 s1 slot1 backoff1 bc1 x2 s2 slot2 backoff2 bc2 

---------------------------------------------------------------------

Model checking: "cost_max": R{"cost"}max=? [ F s1=12&s2=12 ]
Model constants: COL=5,TRANS_TIME_MAX=1700

Warning: Not Switching to explicit engine, We implemented the emthods for sparse engine.

Building model...
Model constants: COL=5,TRANS_TIME_MAX=1700

Computing reachable states...

Reachability (BFS): 1842 iterations in 76.63 seconds (average 0.041600, setup 0.00)

Time for model construction: 101.336 seconds.

Type:        MDP
States:      1544913 (1 initial)
Transitions: 3140996
Choices:     2971016

Transition matrix: 709091 nodes (6 terminal), 3140996 minterms, vars: 55r/55c/7nd

Prob0E: 5540 iterations in 264.77 seconds (average 0.047792, setup 0.00)

Prob1A: 1 iterations in 0.10 seconds (average 0.103000, setup 0.00)

goal = 6, inf = 0, maybe = 1544907

Warning: Upper bound for interval iteration manually set to 1.88564838E8

Computing remaining rewards...
 8
Building sparse matrix (transitions)... [n=1544913, nc=2971010, nnz=3140990, k=3] [53.2 MB]
Building sparse matrix (transition rewards)... [n=1544913, nc=2971010, nnz=1385434, k=3] [33.1 MB]
Creating vector for state rewards... [11.8 MB]
Creating vector for inf... [11.8 MB]
Creating vector for lower bounds... [11.8 MB]
Creating vector for upper bounds... [11.8 MB]
Allocating iteration vectors... [4 x 11.8 MB]
TOTAL: [180.5 MB]

Starting iterations (interval iteration)...

 Time for pre-computation	: 0.046000 
		 >> 1544907 after 0 iters << 
Iteration 214: max relative diff=1.000000, 4.97 sec so far
Iteration 435: max relative diff=1.000000, 9.97 sec so far
Iteration 656: max relative diff=1.000000, 14.98 sec so far
Iteration 878: max relative diff=1.000000, 20.00 sec so far
Iteration 1100: max relative diff=1.000000, 25.02 sec so far
Iteration 1321: max relative diff=1.000000, 30.02 sec so far
Iteration 1542: max relative diff=1.000000, 35.02 sec so far
Iteration 1763: max relative diff=1.000000, 40.03 sec so far
Iteration 1985: max relative diff=1.000000, 45.04 sec so far
Iteration 2206: max relative diff=1.000000, 50.05 sec so far
Iteration 2428: max relative diff=1.000000, 55.06 sec so far
Iteration 2649: max relative diff=1.000000, 60.06 sec so far
Iteration 2871: max relative diff=1.000000, 65.08 sec so far
Iteration 3093: max relative diff=1.000000, 70.10 sec so far
Iteration 3315: max relative diff=1.000000, 75.11 sec so far
Iteration 3536: max relative diff=1.000000, 80.11 sec so far
Iteration 3757: max relative diff=1.000000, 85.12 sec so far
Iteration 3979: max relative diff=1.000000, 90.13 sec so far
Iteration 4201: max relative diff=1.000000, 95.15 sec so far
Iteration 4422: max relative diff=1.000000, 100.15 sec so far
Iteration 4644: max relative diff=1.000000, 105.17 sec so far
Iteration 4866: max relative diff=1.000000, 110.19 sec so far
Iteration 5087: max relative diff=1.000000, 115.19 sec so far
Iteration 5308: max relative diff=1.000000, 120.20 sec so far
Iteration 5530: max relative diff=1.000000, 125.22 sec so far
Iteration 5751: max relative diff=1.000000, 130.22 sec so far
Iteration 5971: max relative diff=1.000000, 135.22 sec so far
Iteration 6192: max relative diff=1.000000, 140.23 sec so far
Iteration 6413: max relative diff=1.000000, 145.23 sec so far
Iteration 6634: max relative diff=1.000000, 150.24 sec so far
Iteration 6856: max relative diff=1.000000, 155.25 sec so far
Iteration 7076: max relative diff=1.000000, 160.27 sec so far
Iteration 7297: max relative diff=1.000000, 165.27 sec so far
Iteration 7519: max relative diff=1.000000, 170.29 sec so far
Iteration 7741: max relative diff=1.000000, 175.31 sec so far
Iteration 7962: max relative diff=1.000000, 180.31 sec so far
Iteration 8183: max relative diff=1.000000, 185.32 sec so far
Iteration 8405: max relative diff=1.000000, 190.34 sec so far
Iteration 8606: max relative diff=188564838.000000, 195.35 sec so far
Iteration 8794: max relative diff=188564838.000000, 200.37 sec so far
Iteration 8982: max relative diff=188564838.000000, 205.39 sec so far
Iteration 9170: max relative diff=188564838.000000, 210.42 sec so far
Iteration 9358: max relative diff=188564838.000000, 215.44 sec so far
Iteration 9545: max relative diff=188564838.000000, 220.44 sec so far
Iteration 9733: max relative diff=188564838.000000, 225.46 sec so far
Iteration 9921: max relative diff=188564838.000000, 230.48 sec so far
Iteration 10109: max relative diff=188564838.000000, 235.50 sec so far
Iteration 10297: max relative diff=188564838.000000, 240.53 sec so far
Iteration 10485: max relative diff=188564838.000000, 245.55 sec so far
Iteration 10673: max relative diff=188564838.000000, 250.57 sec so far
Iteration 10860: max relative diff=188564838.000000, 255.57 sec so far
Iteration 11048: max relative diff=188564838.000000, 260.59 sec so far
Iteration 11236: max relative diff=188564838.000000, 265.62 sec so far
Iteration 11424: max relative diff=188564838.000000, 270.64 sec so far
Iteration 11612: max relative diff=188564838.000000, 275.66 sec so far
Iteration 11799: max relative diff=188564838.000000, 280.67 sec so far
Iteration 11987: max relative diff=188542716.986970, 285.70 sec so far
Iteration 12175: max relative diff=188542718.269666, 290.72 sec so far
Iteration 12363: max relative diff=188542719.552362, 295.74 sec so far
Iteration 12551: max relative diff=188542720.835058, 300.76 sec so far
Iteration 12739: max relative diff=188542722.117754, 305.79 sec so far
Iteration 12927: max relative diff=188542723.400450, 310.81 sec so far
Iteration 13115: max relative diff=188542724.683146, 315.84 sec so far
Iteration 13303: max relative diff=188542725.965842, 320.86 sec so far
Iteration 13491: max relative diff=188542727.248538, 325.87 sec so far
Iteration 13679: max relative diff=34600724.148097, 330.89 sec so far
Iteration 13866: max relative diff=34600806.485732, 335.89 sec so far
Iteration 14053: max relative diff=34600888.823367, 340.90 sec so far
Iteration 14241: max relative diff=34600971.601310, 345.92 sec so far
Iteration 14429: max relative diff=34601054.379253, 350.93 sec so far
Iteration 14616: max relative diff=34601136.716888, 355.93 sec so far
Iteration 14804: max relative diff=34601219.494831, 360.95 sec so far
Iteration 14992: max relative diff=34601302.272774, 365.98 sec so far
Iteration 15180: max relative diff=34601385.050717, 370.99 sec so far
Iteration 15367: max relative diff=3211022.529996, 376.00 sec so far
Iteration 15555: max relative diff=3211105.307939, 381.03 sec so far
Iteration 15743: max relative diff=3211188.085882, 386.05 sec so far
Iteration 15931: max relative diff=3211270.863825, 391.07 sec so far
Iteration 16119: max relative diff=3211353.641768, 396.10 sec so far
Iteration 16307: max relative diff=3211436.419711, 401.13 sec so far
Iteration 16495: max relative diff=3211519.197654, 406.15 sec so far
Iteration 16683: max relative diff=3211601.975597, 411.17 sec so far
Iteration 16871: max relative diff=3211684.753541, 416.19 sec so far
Iteration 17059: max relative diff=149826.388955, 421.21 sec so far
Iteration 17247: max relative diff=149909.166898, 426.24 sec so far
Iteration 17435: max relative diff=149991.944841, 431.26 sec so far
Iteration 17623: max relative diff=150074.722785, 436.28 sec so far
Iteration 17811: max relative diff=150157.500728, 441.31 sec so far
Iteration 17999: max relative diff=150240.278671, 446.33 sec so far
Iteration 18187: max relative diff=150323.056614, 451.36 sec so far
Iteration 18375: max relative diff=150405.834557, 456.38 sec so far
Iteration 18563: max relative diff=150488.612500, 461.40 sec so far
Iteration 18751: max relative diff=4284.657469, 466.42 sec so far
Iteration 18939: max relative diff=4286.592525, 471.44 sec so far
Iteration 19127: max relative diff=4288.527580, 476.47 sec so far
Iteration 19315: max relative diff=4290.462636, 481.49 sec so far
Iteration 19503: max relative diff=4292.397692, 486.52 sec so far
Iteration 19691: max relative diff=4294.332747, 491.54 sec so far
Iteration 19878: max relative diff=4296.257510, 496.54 sec so far
Iteration 20066: max relative diff=4298.192566, 501.57 sec so far
Iteration 20254: max relative diff=4300.127622, 506.59 sec so far
Iteration 20435: max relative diff=848.087067, 511.61 sec so far
Iteration 20623: max relative diff=848.132295, 516.63 sec so far
Iteration 20810: max relative diff=848.177289, 521.63 sec so far
Iteration 20998: max relative diff=848.222524, 526.65 sec so far
Iteration 21186: max relative diff=848.267759, 531.67 sec so far
Iteration 21374: max relative diff=848.312993, 536.70 sec so far
Iteration 21562: max relative diff=848.358228, 541.72 sec so far
Iteration 21750: max relative diff=848.403463, 546.75 sec so far
Iteration 21938: max relative diff=848.448698, 551.77 sec so far
Iteration 22122: max relative diff=765.588631, 556.77 sec so far
Iteration 22224: max relative diff=720.543045, 561.81 sec so far
Iteration 22326: max relative diff=675.632182, 566.85 sec so far
Iteration 22428: max relative diff=630.721318, 571.88 sec so far
Iteration 22530: max relative diff=585.810455, 576.92 sec so far
Iteration 22631: max relative diff=541.339894, 581.92 sec so far
Iteration 22733: max relative diff=496.429030, 586.95 sec so far
Iteration 22835: max relative diff=451.518167, 591.98 sec so far
Iteration 22937: max relative diff=406.607303, 597.02 sec so far
Iteration 23039: max relative diff=361.696440, 602.05 sec so far
Iteration 23141: max relative diff=316.785576, 607.08 sec so far
Iteration 23243: max relative diff=271.874713, 612.11 sec so far
Iteration 23345: max relative diff=226.963850, 617.15 sec so far
Iteration 23447: max relative diff=182.052986, 622.18 sec so far
Iteration 23549: max relative diff=137.142123, 627.22 sec so far
Iteration 23651: max relative diff=92.231259, 632.25 sec so far
Iteration 23753: max relative diff=47.320396, 637.28 sec so far
Iteration 23855: max relative diff=17.580797, 642.33 sec so far
Iteration 23957: max relative diff=16.530945, 647.36 sec so far
Iteration 24059: max relative diff=15.481087, 652.38 sec so far
Iteration 24161: max relative diff=14.431230, 657.42 sec so far
Iteration 24263: max relative diff=13.381373, 662.45 sec so far
Iteration 24365: max relative diff=12.331516, 667.49 sec so far
Iteration 24467: max relative diff=11.281659, 672.52 sec so far
Iteration 24569: max relative diff=10.231801, 677.56 sec so far
Iteration 24671: max relative diff=9.181944, 682.59 sec so far
Iteration 24773: max relative diff=8.132087, 687.63 sec so far
Iteration 24875: max relative diff=7.082230, 692.66 sec so far
Iteration 24977: max relative diff=6.032373, 697.69 sec so far
Iteration 25079: max relative diff=4.982515, 702.73 sec so far
Iteration 25181: max relative diff=3.932658, 707.76 sec so far
Iteration 25283: max relative diff=2.882801, 712.78 sec so far
Iteration 25385: max relative diff=1.832944, 717.82 sec so far
Iteration 25487: max relative diff=0.783086, 722.85 sec so far
Iteration 25589: max relative diff=0.403424, 727.88 sec so far
Iteration 25691: max relative diff=0.378882, 732.90 sec so far
Iteration 25793: max relative diff=0.354340, 737.95 sec so far
Iteration 25895: max relative diff=0.329798, 742.98 sec so far
Iteration 25997: max relative diff=0.305256, 748.02 sec so far
Iteration 26099: max relative diff=0.280714, 753.05 sec so far
Iteration 26201: max relative diff=0.256172, 758.08 sec so far
Iteration 26303: max relative diff=0.231630, 763.12 sec so far
Iteration 26405: max relative diff=0.207088, 768.16 sec so far
Iteration 26507: max relative diff=0.182546, 773.18 sec so far
Iteration 26609: max relative diff=0.158004, 778.22 sec so far
Iteration 26711: max relative diff=0.133462, 783.25 sec so far
Iteration 26813: max relative diff=0.108921, 788.29 sec so far
Iteration 26915: max relative diff=0.084379, 793.32 sec so far
Iteration 27017: max relative diff=0.059837, 798.36 sec so far
Iteration 27119: max relative diff=0.035295, 803.39 sec so far
Iteration 27221: max relative diff=0.010876, 808.42 sec so far
Iteration 27323: max relative diff=0.009254, 813.45 sec so far
Iteration 27425: max relative diff=0.008680, 818.48 sec so far
Iteration 27527: max relative diff=0.008107, 823.53 sec so far
Iteration 27629: max relative diff=0.007533, 828.56 sec so far
Iteration 27731: max relative diff=0.006959, 833.60 sec so far
Iteration 27833: max relative diff=0.006386, 838.63 sec so far
Iteration 27935: max relative diff=0.005812, 843.66 sec so far
Iteration 28037: max relative diff=0.005238, 848.69 sec so far
Iteration 28139: max relative diff=0.004664, 853.73 sec so far
Iteration 28241: max relative diff=0.004091, 858.76 sec so far
Iteration 28343: max relative diff=0.003517, 863.79 sec so far
Iteration 28445: max relative diff=0.002943, 868.83 sec so far
Iteration 28547: max relative diff=0.002370, 873.87 sec so far
Iteration 28649: max relative diff=0.001796, 878.90 sec so far
Iteration 28751: max relative diff=0.001222, 883.95 sec so far
Iteration 28853: max relative diff=0.000648, 888.99 sec so far
Iteration 28955: max relative diff=0.000226, 894.01 sec so far
Iteration 29057: max relative diff=0.000212, 899.05 sec so far
Iteration 29159: max relative diff=0.000199, 904.09 sec so far
Iteration 29261: max relative diff=0.000185, 909.12 sec so far
Iteration 29363: max relative diff=0.000172, 914.15 sec so far
Iteration 29465: max relative diff=0.000159, 919.19 sec so far
Iteration 29567: max relative diff=0.000145, 924.22 sec so far
Iteration 29669: max relative diff=0.000132, 929.25 sec so far
Iteration 29771: max relative diff=0.000118, 934.28 sec so far
Iteration 29873: max relative diff=0.000105, 939.32 sec so far
Iteration 29975: max relative diff=0.000091, 944.35 sec so far
Iteration 30077: max relative diff=0.000078, 949.39 sec so far
Iteration 30179: max relative diff=0.000065, 954.42 sec so far
Iteration 30281: max relative diff=0.000051, 959.46 sec so far
Iteration 30383: max relative diff=0.000038, 964.50 sec so far
Iteration 30485: max relative diff=0.000024, 969.53 sec so far
Iteration 30587: max relative diff=0.000011, 974.56 sec so far
Iteration 30689: max relative diff=0.000005, 979.60 sec so far
Iteration 30791: max relative diff=0.000005, 984.64 sec so far
Iteration 30893: max relative diff=0.000005, 989.67 sec so far
Iteration 30995: max relative diff=0.000004, 994.70 sec so far
Iteration 31097: max relative diff=0.000004, 999.74 sec so far
Iteration 31199: max relative diff=0.000004, 1004.77 sec so far
Iteration 31301: max relative diff=0.000003, 1009.81 sec so far
Iteration 31403: max relative diff=0.000003, 1014.84 sec so far
Iteration 31505: max relative diff=0.000003, 1019.88 sec so far
Iteration 31607: max relative diff=0.000002, 1024.91 sec so far
Iteration 31709: max relative diff=0.000002, 1029.95 sec so far
Iteration 31811: max relative diff=0.000002, 1034.99 sec so far
Iteration 31913: max relative diff=0.000001, 1040.02 sec so far
Iteration 32015: max relative diff=0.000001, 1045.05 sec so far
Max relative diff between upper and lower bound on convergence: 9.98378E-07
LowItr:18437 , UpItr:23550 

Iterative method: 32048 iterations in 1046.68 seconds (average 0.032660, setup 4.11)
Maximum finite value in solution vector at end of interval iteration: 1.8823150187224376E8

Value in the initial state: 3.765059467966928E7

Time for model checking: 1316.126 seconds.

Result: 3.765059467966928E7 (value in the initial state)

---------------------------------------------------------------------

Note: There were 2 warnings during computation.

