PRISM
=====

Version: 4.4
Date: Sat Feb 20 15:45:51 IRST 2021
Hostname: sadegh-H81M-S2PH
Memory limits: cudd=1g, java(heap)=910.5m
Command line: prism ../../examples/mdps/wlan/wlan3.nm ../../examples/mdps/wlan/cost_max.pctl -s '-ii:upper=188564838' -asynchupper -maxiters 900500 -const COL=5 -const TRANS_TIME_MAX=1700

Parsing model file "../../examples/mdps/wlan/wlan3.nm"...

Parsing properties file "../../examples/mdps/wlan/cost_max.pctl"...

1 property:
(1) "cost_max": R{"cost"}max=? [ F s1=12&s2=12 ]

Type:        MDP
Modules:     medium station1 station2 
Variables:   col c1 c2 x1 s1 slot1 backoff1 bc1 x2 s2 slot2 backoff2 bc2 

---------------------------------------------------------------------

Model checking: "cost_max": R{"cost"}max=? [ F s1=12&s2=12 ]
Model constants: COL=5,TRANS_TIME_MAX=1700

Warning: Not Switching to explicit engine, We implemented the emthods for sparse engine.

Building model...
Model constants: COL=5,TRANS_TIME_MAX=1700

Computing reachable states...

Reachability (BFS): 1842 iterations in 76.54 seconds (average 0.041552, setup 0.00)

Time for model construction: 101.145 seconds.

Type:        MDP
States:      1544913 (1 initial)
Transitions: 3140996
Choices:     2971016

Transition matrix: 709091 nodes (6 terminal), 3140996 minterms, vars: 55r/55c/7nd

Prob0E: 5540 iterations in 261.42 seconds (average 0.047187, setup 0.00)

Prob1A: 1 iterations in 0.10 seconds (average 0.103000, setup 0.00)

goal = 6, inf = 0, maybe = 1544907

Warning: Upper bound for interval iteration manually set to 1.88564838E8

Computing remaining rewards...
 10
Building sparse matrix (transitions)... [n=1544913, nc=2971010, nnz=3140990, k=3] [53.2 MB]
Building sparse matrix (transition rewards)... [n=1544913, nc=2971010, nnz=1385434, k=3] [33.1 MB]
Creating vector for state rewards... [11.8 MB]
Creating vector for inf... [11.8 MB]
Creating vector for lower bounds... [11.8 MB]
Creating vector for upper bounds... [11.8 MB]
Allocating iteration vectors... [4 x 11.8 MB]
TOTAL: [180.5 MB]

Starting iterations (interval iteration)...

Soln above finished after 20433 iterations, while flag is True.

Checking for lower bound passed after 19 iterations.Iteration 1: max relative diff=1.000000, 605.73 sec so far
Iteration 225: max relative diff=1.000000, 610.73 sec so far
Iteration 449: max relative diff=1.000000, 615.74 sec so far
Iteration 671: max relative diff=1.000000, 620.74 sec so far
Iteration 895: max relative diff=1.000000, 625.74 sec so far
Iteration 1119: max relative diff=1.000000, 630.75 sec so far
Iteration 1343: max relative diff=1.000000, 635.75 sec so far
Iteration 1567: max relative diff=1.000000, 640.76 sec so far
Iteration 1791: max relative diff=1.000000, 645.76 sec so far
Iteration 2015: max relative diff=1.000000, 650.78 sec so far
Iteration 2239: max relative diff=1.000000, 655.78 sec so far
Iteration 2463: max relative diff=1.000000, 660.79 sec so far
Iteration 2687: max relative diff=1.000000, 665.81 sec so far
Iteration 2912: max relative diff=1.000000, 670.83 sec so far
Iteration 3136: max relative diff=1.000000, 675.83 sec so far
Iteration 3359: max relative diff=1.000000, 680.86 sec so far
Iteration 3583: max relative diff=1.000000, 685.87 sec so far
Iteration 3808: max relative diff=1.000000, 690.89 sec so far
Iteration 4032: max relative diff=1.000000, 695.90 sec so far
Iteration 4256: max relative diff=1.000000, 700.91 sec so far
Iteration 4480: max relative diff=1.000000, 705.91 sec so far
Iteration 4704: max relative diff=1.000000, 710.92 sec so far
Iteration 4928: max relative diff=1.000000, 715.93 sec so far
Iteration 5153: max relative diff=1.000000, 720.95 sec so far
Iteration 5377: max relative diff=1.000000, 725.96 sec so far
Iteration 5601: max relative diff=1.000000, 730.96 sec so far
Iteration 5825: max relative diff=1.000000, 735.97 sec so far
Iteration 6048: max relative diff=1.000000, 740.98 sec so far
Iteration 6272: max relative diff=1.000000, 745.99 sec so far
Iteration 6497: max relative diff=1.000000, 751.01 sec so far
Iteration 6721: max relative diff=1.000000, 756.02 sec so far
Iteration 6945: max relative diff=1.000000, 761.02 sec so far
Iteration 7170: max relative diff=1.000000, 766.04 sec so far
Iteration 7395: max relative diff=1.000000, 771.07 sec so far
Iteration 7619: max relative diff=1.000000, 776.07 sec so far
Iteration 7843: max relative diff=1.000000, 781.09 sec so far
Iteration 8067: max relative diff=1.000000, 786.10 sec so far
Iteration 8292: max relative diff=1.000000, 791.12 sec so far
Iteration 8516: max relative diff=1.000000, 796.13 sec so far
Iteration 8738: max relative diff=1.000000, 801.14 sec so far
Iteration 8962: max relative diff=1.000000, 806.15 sec so far
Iteration 9186: max relative diff=1.000000, 811.16 sec so far
Iteration 9410: max relative diff=1.000000, 816.16 sec so far
Iteration 9634: max relative diff=1.000000, 821.17 sec so far
Iteration 9858: max relative diff=1.000000, 826.18 sec so far
Iteration 10082: max relative diff=1.000000, 831.18 sec so far
Iteration 10306: max relative diff=1.000000, 836.19 sec so far
Iteration 10530: max relative diff=1.000000, 841.21 sec so far
Iteration 10754: max relative diff=1.000000, 846.22 sec so far
Iteration 10978: max relative diff=1.000000, 851.22 sec so far
Iteration 11202: max relative diff=1.000000, 856.23 sec so far
Iteration 11425: max relative diff=1.000000, 861.24 sec so far
Iteration 11649: max relative diff=1.000000, 866.25 sec so far
Iteration 11873: max relative diff=1.000000, 871.25 sec so far
Iteration 12097: max relative diff=1.000000, 876.26 sec so far
Iteration 12322: max relative diff=1.000000, 881.28 sec so far
Iteration 12546: max relative diff=1.000000, 886.29 sec so far
Iteration 12770: max relative diff=1.000000, 891.30 sec so far
Iteration 12994: max relative diff=1.000000, 896.30 sec so far
Iteration 13218: max relative diff=1.000000, 901.33 sec so far
Iteration 13442: max relative diff=1.000000, 906.33 sec so far
Iteration 13629: max relative diff=0.000963, 911.34 sec so far
Iteration 13732: max relative diff=0.000905, 916.39 sec so far
Iteration 13834: max relative diff=0.000847, 921.41 sec so far
Iteration 13936: max relative diff=0.000790, 926.41 sec so far
Iteration 14039: max relative diff=0.000732, 931.45 sec so far
Iteration 14141: max relative diff=0.000675, 936.46 sec so far
Iteration 14243: max relative diff=0.000617, 941.46 sec so far
Iteration 14345: max relative diff=0.000560, 946.47 sec so far
Iteration 14447: max relative diff=0.000503, 951.48 sec so far
Iteration 14549: max relative diff=0.000445, 956.49 sec so far
Iteration 14651: max relative diff=0.000388, 961.49 sec so far
Iteration 14753: max relative diff=0.000330, 966.50 sec so far
Iteration 14855: max relative diff=0.000273, 971.51 sec so far
Iteration 14957: max relative diff=0.000216, 976.52 sec so far
Iteration 15059: max relative diff=0.000158, 981.53 sec so far
Iteration 15161: max relative diff=0.000101, 986.54 sec so far
Iteration 15263: max relative diff=0.000044, 991.54 sec so far
Iteration 15365: max relative diff=0.000022, 996.55 sec so far
Iteration 15468: max relative diff=0.000021, 1001.59 sec so far
Iteration 15571: max relative diff=0.000019, 1006.64 sec so far
Iteration 15673: max relative diff=0.000018, 1011.65 sec so far
Iteration 15776: max relative diff=0.000017, 1016.70 sec so far
Iteration 15878: max relative diff=0.000015, 1021.71 sec so far
Iteration 15980: max relative diff=0.000014, 1026.72 sec so far
Iteration 16082: max relative diff=0.000013, 1031.72 sec so far
Iteration 16184: max relative diff=0.000011, 1036.73 sec so far
Iteration 16286: max relative diff=0.000010, 1041.75 sec so far
Iteration 16388: max relative diff=0.000009, 1046.76 sec so far
Iteration 16490: max relative diff=0.000007, 1051.77 sec so far
Iteration 16592: max relative diff=0.000006, 1056.78 sec so far
Iteration 16694: max relative diff=0.000005, 1061.78 sec so far
Iteration 16796: max relative diff=0.000003, 1066.79 sec so far
Iteration 16898: max relative diff=0.000002, 1071.79 sec so far
Max relative diff between upper and lower bound on convergence: 9.98378E-07
LowItr:16986 , UpItr:23802  

Iterative method: 16967 iterations in 1075.18 seconds (average 0.063369, setup 4.12)
Maximum finite value in solution vector at end of interval iteration: 1.8823150187224376E8

Value in the initial state: 3.765059467966928E7

Time for model checking: 1341.19 seconds.

Result: 3.765059467966928E7 (value in the initial state)

---------------------------------------------------------------------

Note: There were 2 warnings during computation.

