PRISM
=====

Version: 4.4
Date: Fri Feb 19 17:08:04 IRST 2021
Hostname: sadegh-H81M-S2PH
Memory limits: cudd=1g, java(heap)=910.5m
Command line: prism ../../examples/mdps/wlan/wlan3.nm ../../examples/mdps/wlan/cost_max.pctl -s -improvedbk -maxiters 4045 -epsilon 1e-10 -const COL=5 -const TRANS_TIME_MAX=400

Parsing model file "../../examples/mdps/wlan/wlan3.nm"...

Parsing properties file "../../examples/mdps/wlan/cost_max.pctl"...

1 property:
(1) "cost_max": R{"cost"}max=? [ F s1=12&s2=12 ]

Type:        MDP
Modules:     medium station1 station2 
Variables:   col c1 c2 x1 s1 slot1 backoff1 bc1 x2 s2 slot2 backoff2 bc2 

---------------------------------------------------------------------

Model checking: "cost_max": R{"cost"}max=? [ F s1=12&s2=12 ]
Model constants: COL=5,TRANS_TIME_MAX=400

Warning: Not Switching to explicit engine, We implemented the emthods for sparse engine.

Building model...
Model constants: COL=5,TRANS_TIME_MAX=400

Computing reachable states...

Reachability (BFS): 542 iterations in 7.36 seconds (average 0.013576, setup 0.00)

Time for model construction: 8.433 seconds.

Type:        MDP
States:      511413 (1 initial)
Transitions: 1054496
Choices:     884516

Transition matrix: 183723 nodes (6 terminal), 1054496 minterms, vars: 51r/51c/7nd

Prob0E: 1640 iterations in 30.18 seconds (average 0.018402, setup 0.00)

Prob1A: 1 iterations in 0.02 seconds (average 0.023000, setup 0.00)

goal = 6, inf = 0, maybe = 511407

Computing remaining rewards...

Building sparse matrix (transitions)... [n=511413, nc=884510, nnz=1054490, k=3] [17.4 MB]
Building sparse matrix (transition rewards)... [n=511413, nc=884510, nnz=364934, k=3] [9.5 MB]
Creating vector for state rewards... [3.9 MB]
Creating vector for inf... [3.9 MB]
Creating vector for lower bounds... [3.9 MB]
Creating vector for upper bounds... [3.9 MB]
Allocating iteration vectors... [4 x 3.9 MB]
TOTAL: [58.1 MB]

Starting iterations (interval iteration)...

 Time for pre-computation: 0.505000 Iteration 669: max relative diff=9730.957031, 4.50 sec so far
Iteration 1417: max relative diff=170.824338, 9.50 sec so far
Iteration 2166: max relative diff=0.440308, 14.51 sec so far
Iteration 2914: max relative diff=0.000241, 19.52 sec so far
Iteration 3662: max relative diff=0.000000, 24.52 sec so far

First round (updates from below) finished after 4044 iters.
Iterative method: 4044 iterations in 27.08 seconds (average 0.006697, setup 1.02)

Value in the initial state: 8863442.75047017

Time for model checking: 58.93 seconds.

Result: 8863442.75047017 (value in the initial state)

---------------------------------------------------------------------

Note: There was 1 warning during computation.

