PRISM
=====

Version: 4.4
Date: Sat Feb 20 06:12:03 IRST 2021
Hostname: sadegh-H81M-S2PH
Memory limits: cudd=1g, java(heap)=910.5m
Command line: prism ../../examples/mdps/wlan/wlan3.nm ../../examples/mdps/wlan/cost_max.pctl -s '-ii:upper=1.2e+12' -backward -maxiters 900500 -const COL=5 -const TRANS_TIME_MAX=1400

Parsing model file "../../examples/mdps/wlan/wlan3.nm"...

Parsing properties file "../../examples/mdps/wlan/cost_max.pctl"...

1 property:
(1) "cost_max": R{"cost"}max=? [ F s1=12&s2=12 ]

Type:        MDP
Modules:     medium station1 station2 
Variables:   col c1 c2 x1 s1 slot1 backoff1 bc1 x2 s2 slot2 backoff2 bc2 

---------------------------------------------------------------------

Model checking: "cost_max": R{"cost"}max=? [ F s1=12&s2=12 ]
Model constants: COL=5,TRANS_TIME_MAX=1400

Warning: Not Switching to explicit engine, We implemented the emthods for sparse engine.

Building model...
Model constants: COL=5,TRANS_TIME_MAX=1400

Computing reachable states...

Reachability (BFS): 1542 iterations in 53.45 seconds (average 0.034664, setup 0.00)

Time for model construction: 68.693 seconds.

Type:        MDP
States:      1306413 (1 initial)
Transitions: 2659496
Choices:     2489516

Transition matrix: 596764 nodes (6 terminal), 2659496 minterms, vars: 55r/55c/7nd

Prob0E: 4640 iterations in 188.92 seconds (average 0.040716, setup 0.00)

Prob1A: 1 iterations in 0.09 seconds (average 0.086000, setup 0.00)

goal = 6, inf = 0, maybe = 1306407

Warning: Upper bound for interval iteration manually set to 1.2E12

Computing remaining rewards...
 6
Building sparse matrix (transitions)... [n=1306413, nc=2489510, nnz=2659490, k=3] [44.9 MB]
Building sparse matrix (transition rewards)... [n=1306413, nc=2489510, nnz=1149934, k=3] [27.6 MB]
Creating vector for state rewards... [10.0 MB]
Creating vector for inf... [10.0 MB]
Creating vector for lower bounds... [10.0 MB]
Creating vector for upper bounds... [10.0 MB]
Allocating iteration vectors... [4 x 10.0 MB]
TOTAL: [152.3 MB]

Starting iterations (interval iteration)...

Time for state ordering: 0.046000


Iters: 500 , Maximum difference of values of bel_vec: 100000 & Maximum difference of values of abov_vec: 1.2E+12 
Iters: 1000 , Maximum difference of values of bel_vec: 100000 & Maximum difference of values of abov_vec: 1.2E+12 
Iters: 1500 , Maximum difference of values of bel_vec: 9730.96 & Maximum difference of values of abov_vec: 1.2E+12 
Iters: 2000 , Maximum difference of values of bel_vec: 9730.96 & Maximum difference of values of abov_vec: 1.2E+12 
Iters: 2500 , Maximum difference of values of bel_vec: 9730.96 & Maximum difference of values of abov_vec: 1.2E+12 
Iters: 3000 , Maximum difference of values of bel_vec: 1000 & Maximum difference of values of abov_vec: 8.48437E+11 
Iters: 3500 , Maximum difference of values of bel_vec: 1000 & Maximum difference of values of abov_vec: 8.48437E+11 
Iters: 4000 , Maximum difference of values of bel_vec: 1000 & Maximum difference of values of abov_vec: 8.48437E+11 
Iters: 4500 , Maximum difference of values of bel_vec: 170.824 & Maximum difference of values of abov_vec: 9.49173E+10 
Iters: 5000 , Maximum difference of values of bel_vec: 170.824 & Maximum difference of values of abov_vec: 9.49173E+10 
Iters: 5500 , Maximum difference of values of bel_vec: 170.824 & Maximum difference of values of abov_vec: 9.49173E+10 
Iters: 6000 , Maximum difference of values of bel_vec: 10.3637 & Maximum difference of values of abov_vec: 5.36342E+09 
Iters: 6500 , Maximum difference of values of bel_vec: 10.3637 & Maximum difference of values of abov_vec: 5.36342E+09 
Iters: 7000 , Maximum difference of values of bel_vec: 9.05528 & Maximum difference of values of abov_vec: 5.36342E+09 
Iters: 7500 , Maximum difference of values of bel_vec: 0.440308 & Maximum difference of values of abov_vec: 2.82188E+08 
Iters: 8000 , Maximum difference of values of bel_vec: 0.440308 & Maximum difference of values of abov_vec: 2.82188E+08 
Iters: 8500 , Maximum difference of values of bel_vec: 0.0102929 & Maximum difference of values of abov_vec: 5.89508E+06 
Iters: 9000 , Maximum difference of values of bel_vec: 0.0102929 & Maximum difference of values of abov_vec: 5.89508E+06 
Iters: 9500 , Maximum difference of values of bel_vec: 0.0102929 & Maximum difference of values of abov_vec: 5.89508E+06 
Iters: 10000 , Maximum difference of values of bel_vec: 0.000240628 & Maximum difference of values of abov_vec: 123574 
Iters: 10500 , Maximum difference of values of bel_vec: 0.000240628 & Maximum difference of values of abov_vec: 123574 
Iters: 11000 , Maximum difference of values of bel_vec: 0.000240628 & Maximum difference of values of abov_vec: 123574 
Iters: 11500 , Maximum difference of values of bel_vec: 5.64381E-06 & Maximum difference of values of abov_vec: 2370.39 
Iters: 12000 , Maximum difference of values of bel_vec: 5.64381E-06 & Maximum difference of values of abov_vec: 2370.39 Iteration 12395: max relative diff=12175.104868, 499.98 sec so far

Iters: 12500 , Maximum difference of values of bel_vec: 5.64381E-06 & Maximum difference of values of abov_vec: 2370.39 
Iters: 13000 , Maximum difference of values of bel_vec: 1.56462E-07 & Maximum difference of values of abov_vec: 55.6088 
Iters: 13500 , Maximum difference of values of bel_vec: 1.56462E-07 & Maximum difference of values of abov_vec: 55.6088 
Iters: 14000 , Maximum difference of values of bel_vec: 1.52737E-07 & Maximum difference of values of abov_vec: 55.6088 
Iters: 14500 , Maximum difference of values of bel_vec: 2.98023E-08 & Maximum difference of values of abov_vec: 1.11914 
Iters: 15000 , Maximum difference of values of bel_vec: 2.98023E-08 & Maximum difference of values of abov_vec: 1.11914 
Iters: 15500 , Maximum difference of values of bel_vec: 2.6077E-08 & Maximum difference of values of abov_vec: 0.0256806 
Iters: 16000 , Maximum difference of values of bel_vec: 2.23517E-08 & Maximum difference of values of abov_vec: 0.0256806 
Iters: 16500 , Maximum difference of values of bel_vec: 2.23517E-08 & Maximum difference of values of abov_vec: 0.0256806 
Iters: 17000 , Maximum difference of values of bel_vec: 7.45058E-09 & Maximum difference of values of abov_vec: 0.000570059 
Iters: 17500 , Maximum difference of values of bel_vec: 0 & Maximum difference of values of abov_vec: 0.000570059 
Iters: 18000 , Maximum difference of values of bel_vec: 0 & Maximum difference of values of abov_vec: 0.000570059 
Iters: 18500 , Maximum difference of values of bel_vec: 0 & Maximum difference of values of abov_vec: 1.24574E-05 
Iters: 19000 , Maximum difference of values of bel_vec: 0 & Maximum difference of values of abov_vec: 1.24574E-05 
Iters: 19500 , Maximum difference of values of bel_vec: 0 & Maximum difference of values of abov_vec: 1.24574E-05 
Iters: 20000 , Maximum difference of values of bel_vec: 0 & Maximum difference of values of abov_vec: 2.75671E-07 
Iters: 20500 , Maximum difference of values of bel_vec: 0 & Maximum difference of values of abov_vec: 2.75671E-07 
Iters: 21000 , Maximum difference of values of bel_vec: 0 & Maximum difference of values of abov_vec: 2.75671E-07 Max relative diff between upper and lower bound on convergence: 7.52509E-07
Iterative method: 21039 iterations in 848.77 seconds (average 0.040343, setup 3.36)
Maximum finite value in solution vector at end of interval iteration: 1.5501540910362786E8

Value in the initial state: 3.100740577293205E7

Time for model checking: 1041.401 seconds.

Result: 3.100740577293205E7 (value in the initial state)

---------------------------------------------------------------------

Note: There were 2 warnings during computation.

