PRISM
=====

Version: 4.4
Date: Fri Feb 19 23:43:57 IRST 2021
Hostname: sadegh-H81M-S2PH
Memory limits: cudd=1g, java(heap)=910.5m
Command line: prism ../../examples/mdps/wlan/wlan3.nm ../../examples/mdps/wlan/cost_max.pctl -s '-ii:upper=1.2e+12' -improvedbk -maxiters 900500 -const COL=5 -const TRANS_TIME_MAX=1100

Parsing model file "../../examples/mdps/wlan/wlan3.nm"...

Parsing properties file "../../examples/mdps/wlan/cost_max.pctl"...

1 property:
(1) "cost_max": R{"cost"}max=? [ F s1=12&s2=12 ]

Type:        MDP
Modules:     medium station1 station2 
Variables:   col c1 c2 x1 s1 slot1 backoff1 bc1 x2 s2 slot2 backoff2 bc2 

---------------------------------------------------------------------

Model checking: "cost_max": R{"cost"}max=? [ F s1=12&s2=12 ]
Model constants: COL=5,TRANS_TIME_MAX=1100

Warning: Not Switching to explicit engine, We implemented the emthods for sparse engine.

Building model...
Model constants: COL=5,TRANS_TIME_MAX=1100

Computing reachable states...

Reachability (BFS): 1242 iterations in 36.13 seconds (average 0.029088, setup 0.00)

Time for model construction: 44.516 seconds.

Type:        MDP
States:      1067913 (1 initial)
Transitions: 2177996
Choices:     2008016

Transition matrix: 484702 nodes (6 terminal), 2177996 minterms, vars: 55r/55c/7nd

Prob0E: 3740 iterations in 125.38 seconds (average 0.033524, setup 0.00)

Prob1A: 1 iterations in 0.07 seconds (average 0.065000, setup 0.00)

goal = 6, inf = 0, maybe = 1067907

Warning: Upper bound for interval iteration manually set to 1.2E12

Computing remaining rewards...
 7
Building sparse matrix (transitions)... [n=1067913, nc=2008010, nnz=2177990, k=3] [36.7 MB]
Building sparse matrix (transition rewards)... [n=1067913, nc=2008010, nnz=914434, k=3] [22.2 MB]
Creating vector for state rewards... [8.1 MB]
Creating vector for inf... [8.1 MB]
Creating vector for lower bounds... [8.1 MB]
Creating vector for upper bounds... [8.1 MB]
Allocating iteration vectors... [4 x 8.1 MB]
TOTAL: [124.0 MB]

Starting iterations (interval iteration)...

 Time for pre-computation: 0.983000 Iteration 263: max relative diff=100000.000000, 4.03 sec so far
Iteration 594: max relative diff=100000.000000, 9.04 sec so far
Iteration 925: max relative diff=100000.000000, 14.04 sec so far
Iteration 1256: max relative diff=9730.957031, 19.05 sec so far
Iteration 1587: max relative diff=9730.957031, 24.05 sec so far
Iteration 1918: max relative diff=9730.957031, 29.06 sec so far
Iteration 2249: max relative diff=1000.000000, 34.06 sec so far
Iteration 2580: max relative diff=1000.000000, 39.06 sec so far
Iteration 2911: max relative diff=1000.000000, 44.07 sec so far
Iteration 3242: max relative diff=1000.000000, 49.07 sec so far
Iteration 3572: max relative diff=170.824338, 54.08 sec so far
Iteration 3903: max relative diff=170.824338, 59.09 sec so far
Iteration 4234: max relative diff=170.824338, 64.09 sec so far
Iteration 4565: max relative diff=10.363694, 69.11 sec so far
Iteration 4896: max relative diff=10.363694, 74.11 sec so far
Iteration 5227: max relative diff=10.363694, 79.12 sec so far
Iteration 5558: max relative diff=0.440308, 84.13 sec so far
Iteration 5889: max relative diff=0.440308, 89.14 sec so far
Iteration 6220: max relative diff=0.440308, 94.14 sec so far
Iteration 6551: max relative diff=0.440308, 99.14 sec so far
Iteration 6882: max relative diff=0.010293, 104.15 sec so far
Iteration 7213: max relative diff=0.010293, 109.16 sec so far
Iteration 7543: max relative diff=0.010293, 114.17 sec so far
Iteration 7874: max relative diff=0.000241, 119.17 sec so far
Iteration 8205: max relative diff=0.000241, 124.19 sec so far
Iteration 8535: max relative diff=0.000241, 129.19 sec so far
Iteration 8866: max relative diff=0.000006, 134.21 sec so far
Iteration 9197: max relative diff=0.000006, 139.22 sec so far
Iteration 9527: max relative diff=0.000006, 144.22 sec so far
Iteration 9858: max relative diff=0.000006, 149.23 sec so far

First round (updates from below) finished after 9915 iters.Iteration 10163: max relative diff=10000.000000, 154.24 sec so far
Iteration 10463: max relative diff=10000.000000, 159.25 sec so far
Iteration 10763: max relative diff=10000.000000, 164.25 sec so far
Iteration 11064: max relative diff=1876.757812, 169.25 sec so far
Iteration 11368: max relative diff=1876.757812, 174.27 sec so far
Iteration 11677: max relative diff=1876.757812, 179.27 sec so far
Iteration 11991: max relative diff=1876.757812, 184.27 sec so far
Iteration 12312: max relative diff=303.421820, 189.28 sec so far
Iteration 12636: max relative diff=303.421820, 194.28 sec so far
Iteration 12960: max relative diff=303.421820, 199.29 sec so far
Iteration 13284: max relative diff=23.433786, 204.31 sec so far
Iteration 13608: max relative diff=23.433786, 209.32 sec so far
Iteration 13932: max relative diff=23.433786, 214.34 sec so far
Iteration 14256: max relative diff=23.433786, 219.35 sec so far
Iteration 14580: max relative diff=1.297296, 224.35 sec so far
Iteration 14904: max relative diff=1.297296, 229.37 sec so far
Iteration 15225: max relative diff=1.297296, 234.38 sec so far
Iteration 15549: max relative diff=0.059156, 239.39 sec so far
Iteration 15873: max relative diff=0.059156, 244.40 sec so far
Iteration 16197: max relative diff=0.059156, 249.41 sec so far
Iteration 16521: max relative diff=0.059156, 254.42 sec so far
Iteration 16845: max relative diff=0.001224, 259.43 sec so far
Iteration 17169: max relative diff=0.001224, 264.43 sec so far
Iteration 17493: max relative diff=0.001224, 269.44 sec so far
Iteration 17817: max relative diff=0.000027, 274.45 sec so far
Iteration 18141: max relative diff=0.000027, 279.46 sec so far
Iteration 18465: max relative diff=0.000027, 284.47 sec so far

Second round (updates from above) finished after 18736 iters.
Update from both sides... 
Iteration 18775: max relative diff=0.000753, 289.49 sec so far
Iteration 19012: max relative diff=0.000588, 294.49 sec so far
Iteration 19250: max relative diff=0.000423, 299.51 sec so far
Iteration 19488: max relative diff=0.000258, 304.51 sec so far
Iteration 19726: max relative diff=0.000093, 309.53 sec so far
Iteration 19964: max relative diff=0.000016, 314.54 sec so far
Iteration 20202: max relative diff=0.000012, 319.55 sec so far
Iteration 20440: max relative diff=0.000008, 324.56 sec so far
Iteration 20678: max relative diff=0.000005, 329.57 sec so far
Max relative diff between upper and lower bound on convergence: 0

Number of iterations for the lower bound = 12081

Iterative method: 20902 iterations in 334.29 seconds (average 0.015993, setup 2.66)
Maximum finite value in solution vector at end of interval iteration: 1.2179931633501182E8

Value in the initial state: 2.4364216866193864E7

Time for model checking: 463.733 seconds.

Result: 2.4364216866193864E7 (value in the initial state)

---------------------------------------------------------------------

Note: There were 2 warnings during computation.

