PRISM
=====

Version: 4.4
Date: Sat Feb 20 00:39:12 IRST 2021
Hostname: sadegh-H81M-S2PH
Memory limits: cudd=1g, java(heap)=910.5m
Command line: prism ../../examples/mdps/wlan/wlan3.nm ../../examples/mdps/wlan/time_max.pctl -s '-ii:upper=1.2e+12' -improvedbk -maxiters 900500 -const COL=5 -const TRANS_TIME_MAX=1100

Parsing model file "../../examples/mdps/wlan/wlan3.nm"...

Parsing properties file "../../examples/mdps/wlan/time_max.pctl"...

1 property:
(1) "time_max": R{"time"}max=? [ F s1=12&s2=12 ]

Type:        MDP
Modules:     medium station1 station2 
Variables:   col c1 c2 x1 s1 slot1 backoff1 bc1 x2 s2 slot2 backoff2 bc2 

---------------------------------------------------------------------

Model checking: "time_max": R{"time"}max=? [ F s1=12&s2=12 ]
Model constants: COL=5,TRANS_TIME_MAX=1100

Warning: Not Switching to explicit engine, We implemented the emthods for sparse engine.

Building model...
Model constants: COL=5,TRANS_TIME_MAX=1100

Computing reachable states...

Reachability (BFS): 1242 iterations in 36.02 seconds (average 0.028998, setup 0.00)

Time for model construction: 44.528 seconds.

Type:        MDP
States:      1067913 (1 initial)
Transitions: 2177996
Choices:     2008016

Transition matrix: 484702 nodes (6 terminal), 2177996 minterms, vars: 55r/55c/7nd

Prob0E: 3740 iterations in 125.02 seconds (average 0.033428, setup 0.00)

Prob1A: 1 iterations in 0.07 seconds (average 0.065000, setup 0.00)

goal = 6, inf = 0, maybe = 1067907

Warning: Upper bound for interval iteration manually set to 1.2E12

Computing remaining rewards...
 7
Building sparse matrix (transitions)... [n=1067913, nc=2008010, nnz=2177990, k=3] [36.7 MB]
Building sparse matrix (transition rewards)... [n=1067913, nc=2008010, nnz=914434, k=3] [22.2 MB]
Creating vector for state rewards... [8.1 MB]
Creating vector for inf... [8.1 MB]
Creating vector for lower bounds... [8.1 MB]
Creating vector for upper bounds... [8.1 MB]
Allocating iteration vectors... [4 x 8.1 MB]
TOTAL: [124.0 MB]

Starting iterations (interval iteration)...

 Time for pre-computation: 0.983000 Iteration 260: max relative diff=50.000000, 4.02 sec so far
Iteration 591: max relative diff=50.000000, 9.03 sec so far
Iteration 922: max relative diff=50.000000, 14.04 sec so far
Iteration 1253: max relative diff=50.000000, 19.04 sec so far
Iteration 1584: max relative diff=50.000000, 24.05 sec so far
Iteration 1915: max relative diff=50.000000, 29.05 sec so far
Iteration 2247: max relative diff=50.000000, 34.06 sec so far
Iteration 2577: max relative diff=50.000000, 39.06 sec so far
Iteration 2908: max relative diff=50.000000, 44.07 sec so far
Iteration 3240: max relative diff=50.000000, 49.08 sec so far
Iteration 3571: max relative diff=9.179688, 54.10 sec so far
Iteration 3902: max relative diff=9.179688, 59.10 sec so far
Iteration 4233: max relative diff=9.179688, 64.11 sec so far
Iteration 4564: max relative diff=0.851631, 69.12 sec so far
Iteration 4895: max relative diff=0.851631, 74.13 sec so far
Iteration 5226: max relative diff=0.851631, 79.14 sec so far
Iteration 5557: max relative diff=0.039504, 84.14 sec so far
Iteration 5888: max relative diff=0.039504, 89.15 sec so far
Iteration 6219: max relative diff=0.039504, 94.15 sec so far
Iteration 6549: max relative diff=0.039504, 99.16 sec so far
Iteration 6880: max relative diff=0.000921, 104.16 sec so far
Iteration 7211: max relative diff=0.000921, 109.16 sec so far
Iteration 7542: max relative diff=0.000921, 114.17 sec so far
Iteration 7873: max relative diff=0.000021, 119.18 sec so far
Iteration 8204: max relative diff=0.000021, 124.19 sec so far
Iteration 8535: max relative diff=0.000021, 129.20 sec so far

First round (updates from below) finished after 8821 iters.Iteration 8862: max relative diff=645.000000, 134.21 sec so far
Iteration 9163: max relative diff=645.000000, 139.21 sec so far
Iteration 9464: max relative diff=645.000000, 144.21 sec so far
Iteration 9766: max relative diff=645.000000, 149.22 sec so far
Iteration 10069: max relative diff=147.076545, 154.24 sec so far
Iteration 10376: max relative diff=147.076545, 159.25 sec so far
Iteration 10689: max relative diff=147.076545, 164.26 sec so far
Iteration 11007: max relative diff=147.076545, 169.27 sec so far
Iteration 11331: max relative diff=14.902527, 174.27 sec so far
Iteration 11656: max relative diff=14.902527, 179.28 sec so far
Iteration 11981: max relative diff=14.902527, 184.29 sec so far
Iteration 12305: max relative diff=1.829809, 189.29 sec so far
Iteration 12629: max relative diff=1.829809, 194.29 sec so far
Iteration 12953: max relative diff=1.829809, 199.29 sec so far
Iteration 13277: max relative diff=0.131710, 204.30 sec so far
Iteration 13601: max relative diff=0.131710, 209.30 sec so far
Iteration 13925: max relative diff=0.131710, 214.31 sec so far
Iteration 14249: max relative diff=0.131710, 219.31 sec so far
Iteration 14574: max relative diff=0.005993, 224.32 sec so far
Iteration 14898: max relative diff=0.005993, 229.33 sec so far
Iteration 15223: max relative diff=0.005993, 234.34 sec so far
Iteration 15547: max relative diff=0.000124, 239.34 sec so far
Iteration 15871: max relative diff=0.000124, 244.35 sec so far
Iteration 16196: max relative diff=0.000124, 249.36 sec so far
Iteration 16521: max relative diff=0.000124, 254.38 sec so far
Iteration 16845: max relative diff=0.000003, 259.38 sec so far
Iteration 17169: max relative diff=0.000003, 264.39 sec so far
Iteration 17493: max relative diff=0.000003, 269.39 sec so far

Second round (updates from above) finished after 17642 iters.
Update from both sides... 
Iteration 17771: max relative diff=0.000549, 274.41 sec so far
Iteration 18009: max relative diff=0.000418, 279.42 sec so far
Iteration 18247: max relative diff=0.000286, 284.43 sec so far
Iteration 18485: max relative diff=0.000155, 289.43 sec so far
Iteration 18723: max relative diff=0.000024, 294.44 sec so far
Iteration 18961: max relative diff=0.000012, 299.44 sec so far
Iteration 19199: max relative diff=0.000009, 304.45 sec so far
Iteration 19437: max relative diff=0.000006, 309.45 sec so far
Iteration 19675: max relative diff=0.000003, 314.46 sec so far
Max relative diff between upper and lower bound on convergence: 0

Number of iterations for the lower bound = 10972

Iterative method: 19793 iterations in 316.94 seconds (average 0.016013, setup 2.65)
Maximum finite value in solution vector at end of interval iteration: 178368.15398074564

Value in the initial state: 178336.9301272538

Time for model checking: 445.931 seconds.

Result: 178336.9301272538 (value in the initial state)

---------------------------------------------------------------------

Note: There were 2 warnings during computation.

