PRISM
=====

Version: 4.4
Date: Sat Feb 20 03:06:21 IRST 2021
Hostname: sadegh-H81M-S2PH
Memory limits: cudd=1g, java(heap)=910.5m
Command line: prism ../../examples/mdps/wlan/wlan3.nm ../../examples/mdps/wlan/time_max.pctl -s '-ii:upper=194470' -asynchii -maxiters 900500 -const COL=5 -const TRANS_TIME_MAX=1200

Parsing model file "../../examples/mdps/wlan/wlan3.nm"...

Parsing properties file "../../examples/mdps/wlan/time_max.pctl"...

1 property:
(1) "time_max": R{"time"}max=? [ F s1=12&s2=12 ]

Type:        MDP
Modules:     medium station1 station2 
Variables:   col c1 c2 x1 s1 slot1 backoff1 bc1 x2 s2 slot2 backoff2 bc2 

---------------------------------------------------------------------

Model checking: "time_max": R{"time"}max=? [ F s1=12&s2=12 ]
Model constants: COL=5,TRANS_TIME_MAX=1200

Warning: Not Switching to explicit engine, We implemented the emthods for sparse engine.

Building model...
Model constants: COL=5,TRANS_TIME_MAX=1200

Computing reachable states...

Reachability (BFS): 1342 iterations in 42.04 seconds (average 0.031329, setup 0.00)

Time for model construction: 52.548 seconds.

Type:        MDP
States:      1147413 (1 initial)
Transitions: 2338496
Choices:     2168516

Transition matrix: 521954 nodes (6 terminal), 2338496 minterms, vars: 55r/55c/7nd

Prob0E: 4040 iterations in 145.09 seconds (average 0.035914, setup 0.00)

Prob1A: 1 iterations in 0.07 seconds (average 0.071000, setup 0.00)

goal = 6, inf = 0, maybe = 1147407

Warning: Upper bound for interval iteration manually set to 194470.0

Computing remaining rewards...
 8
Building sparse matrix (transitions)... [n=1147413, nc=2168510, nnz=2338490, k=3] [39.4 MB]
Building sparse matrix (transition rewards)... [n=1147413, nc=2168510, nnz=992934, k=3] [24.0 MB]
Creating vector for state rewards... [8.8 MB]
Creating vector for inf... [8.8 MB]
Creating vector for lower bounds... [8.8 MB]
Creating vector for upper bounds... [8.8 MB]
Allocating iteration vectors... [4 x 8.8 MB]
TOTAL: [133.5 MB]

Starting iterations (interval iteration)...

 Time for pre-computation	: 0.040000 
		 >> 1147407 after 0 iters << 
Iteration 320: max relative diff=1.000000, 4.98 sec so far
Iteration 646: max relative diff=1.000000, 9.98 sec so far
Iteration 973: max relative diff=1.000000, 14.99 sec so far
Iteration 1299: max relative diff=1.000000, 19.99 sec so far
Iteration 1626: max relative diff=1.000000, 25.00 sec so far
Iteration 1953: max relative diff=1.000000, 30.01 sec so far
Iteration 2280: max relative diff=1.000000, 35.02 sec so far
Iteration 2607: max relative diff=1.000000, 40.02 sec so far
Iteration 2934: max relative diff=1.000000, 45.03 sec so far
Iteration 3261: max relative diff=1.000000, 50.04 sec so far
Iteration 3588: max relative diff=1.000000, 55.05 sec so far
Iteration 3863: max relative diff=194470.000000, 60.07 sec so far
Iteration 4136: max relative diff=194470.000000, 65.08 sec so far
Iteration 4408: max relative diff=194470.000000, 70.09 sec so far
Iteration 4681: max relative diff=194470.000000, 75.11 sec so far
Iteration 4954: max relative diff=194470.000000, 80.12 sec so far
Iteration 5226: max relative diff=194470.000000, 85.12 sec so far
Iteration 5499: max relative diff=194470.000000, 90.14 sec so far
Iteration 5772: max relative diff=194470.000000, 95.15 sec so far
Iteration 6045: max relative diff=193066.855971, 100.16 sec so far
Iteration 6318: max relative diff=193374.280897, 105.17 sec so far
Iteration 6591: max relative diff=193681.705824, 110.19 sec so far
Iteration 6863: max relative diff=193988.004652, 115.19 sec so far
Iteration 7136: max relative diff=194306.135864, 120.20 sec so far
Iteration 7409: max relative diff=37557.773438, 125.21 sec so far
Iteration 7681: max relative diff=40054.648438, 130.22 sec so far
Iteration 7954: max relative diff=42560.703125, 135.23 sec so far
Iteration 8226: max relative diff=45057.578125, 140.23 sec so far
Iteration 8499: max relative diff=14376.517246, 145.25 sec so far
Iteration 8771: max relative diff=14608.160922, 150.25 sec so far
Iteration 9044: max relative diff=14840.656230, 155.27 sec so far
Iteration 9317: max relative diff=15073.151538, 160.28 sec so far
Iteration 9590: max relative diff=15305.646846, 165.29 sec so far
Iteration 9751: max relative diff=10942.581467, 170.32 sec so far
Iteration 9900: max relative diff=9580.725161, 175.33 sec so far
Iteration 10049: max relative diff=8218.868855, 180.36 sec so far
Iteration 10198: max relative diff=6857.012549, 185.38 sec so far
Iteration 10347: max relative diff=5495.156243, 190.41 sec so far
Iteration 10496: max relative diff=4133.299938, 195.43 sec so far
Iteration 10645: max relative diff=2771.443632, 200.45 sec so far
Iteration 10794: max relative diff=1409.587326, 205.48 sec so far
Iteration 10943: max relative diff=963.839167, 210.49 sec so far
Iteration 11092: max relative diff=838.419078, 215.51 sec so far
Iteration 11241: max relative diff=712.890361, 220.54 sec so far
Iteration 11390: max relative diff=586.134555, 225.55 sec so far
Iteration 11539: max relative diff=459.378750, 230.57 sec so far
Iteration 11688: max relative diff=332.622945, 235.59 sec so far
Iteration 11837: max relative diff=205.867139, 240.61 sec so far
Iteration 11986: max relative diff=79.111334, 245.64 sec so far
Iteration 12135: max relative diff=44.090893, 250.67 sec so far
Iteration 12284: max relative diff=38.207941, 255.69 sec so far
Iteration 12433: max relative diff=32.324989, 260.71 sec so far
Iteration 12582: max relative diff=26.442037, 265.73 sec so far
Iteration 12731: max relative diff=20.559085, 270.75 sec so far
Iteration 12880: max relative diff=14.676133, 275.77 sec so far
Iteration 13029: max relative diff=8.793180, 280.79 sec so far
Iteration 13178: max relative diff=2.910228, 285.81 sec so far
Iteration 13327: max relative diff=1.038345, 290.83 sec so far
Iteration 13476: max relative diff=0.901182, 295.85 sec so far
Iteration 13625: max relative diff=0.764018, 300.86 sec so far
Iteration 13774: max relative diff=0.626855, 305.88 sec so far
Iteration 13923: max relative diff=0.489691, 310.92 sec so far
Iteration 14072: max relative diff=0.352527, 315.94 sec so far
Iteration 14221: max relative diff=0.215364, 320.96 sec so far
Iteration 14370: max relative diff=0.078200, 325.97 sec so far
Iteration 14519: max relative diff=0.024451, 331.00 sec so far
Iteration 14668: max relative diff=0.021253, 336.02 sec so far
Iteration 14817: max relative diff=0.018055, 341.04 sec so far
Iteration 14966: max relative diff=0.014857, 346.07 sec so far
Iteration 15115: max relative diff=0.011659, 351.09 sec so far
Iteration 15264: max relative diff=0.008461, 356.11 sec so far
Iteration 15413: max relative diff=0.005263, 361.13 sec so far
Iteration 15562: max relative diff=0.002064, 366.15 sec so far
Iteration 15711: max relative diff=0.000576, 371.17 sec so far
Iteration 15860: max relative diff=0.000501, 376.19 sec so far
Iteration 16009: max relative diff=0.000427, 381.22 sec so far
Iteration 16158: max relative diff=0.000352, 386.24 sec so far
Iteration 16307: max relative diff=0.000277, 391.27 sec so far
Iteration 16456: max relative diff=0.000203, 396.29 sec so far
Iteration 16605: max relative diff=0.000128, 401.32 sec so far
Iteration 16754: max relative diff=0.000054, 406.33 sec so far
Iteration 16903: max relative diff=0.000014, 411.36 sec so far
Iteration 17052: max relative diff=0.000012, 416.38 sec so far
Iteration 17201: max relative diff=0.000010, 421.41 sec so far
Iteration 17350: max relative diff=0.000008, 426.43 sec so far
Iteration 17499: max relative diff=0.000007, 431.46 sec so far
Iteration 17648: max relative diff=0.000005, 436.48 sec so far
Iteration 17797: max relative diff=0.000003, 441.51 sec so far
Iteration 17946: max relative diff=0.000001, 446.53 sec so far
Max relative diff between upper and lower bound on convergence: 9.99513E-07
LowItr:11966 , UpItr:14376 

Iterative method: 17979 iterations in 447.64 seconds (average 0.024898, setup 2.92)
Maximum finite value in solution vector at end of interval iteration: 194344.10673607403

Value in the initial state: 194344.10673607403

Time for model checking: 596.149 seconds.

Result: 194344.10673607403 (value in the initial state)

---------------------------------------------------------------------

Note: There were 2 warnings during computation.

