PRISM
=====

Version: 4.4
Date: Fri Feb 19 17:36:50 IRST 2021
Hostname: sadegh-H81M-S2PH
Memory limits: cudd=1g, java(heap)=910.5m
Command line: prism ../../examples/mdps/wlan/wlan3.nm ../../examples/mdps/wlan/cost_max.pctl -s '-ii:upper=1.2e+12' -asynchii -maxiters 900500 -const COL=5 -const TRANS_TIME_MAX=500

Parsing model file "../../examples/mdps/wlan/wlan3.nm"...

Parsing properties file "../../examples/mdps/wlan/cost_max.pctl"...

1 property:
(1) "cost_max": R{"cost"}max=? [ F s1=12&s2=12 ]

Type:        MDP
Modules:     medium station1 station2 
Variables:   col c1 c2 x1 s1 slot1 backoff1 bc1 x2 s2 slot2 backoff2 bc2 

---------------------------------------------------------------------

Model checking: "cost_max": R{"cost"}max=? [ F s1=12&s2=12 ]
Model constants: COL=5,TRANS_TIME_MAX=500

Warning: Not Switching to explicit engine, We implemented the emthods for sparse engine.

Building model...
Model constants: COL=5,TRANS_TIME_MAX=500

Computing reachable states...

Reachability (BFS): 642 iterations in 9.79 seconds (average 0.015249, setup 0.00)

Time for model construction: 11.349 seconds.

Type:        MDP
States:      590913 (1 initial)
Transitions: 1214996
Choices:     1045016

Transition matrix: 221175 nodes (6 terminal), 1214996 minterms, vars: 51r/51c/7nd

Prob0E: 1940 iterations in 39.24 seconds (average 0.020227, setup 0.00)

Prob1A: 1 iterations in 0.03 seconds (average 0.029000, setup 0.00)

goal = 6, inf = 0, maybe = 590907

Warning: Upper bound for interval iteration manually set to 1.2E12

Computing remaining rewards...
 8
Building sparse matrix (transitions)... [n=590913, nc=1045010, nnz=1214990, k=3] [20.1 MB]
Building sparse matrix (transition rewards)... [n=590913, nc=1045010, nnz=443434, k=3] [11.3 MB]
Creating vector for state rewards... [4.5 MB]
Creating vector for inf... [4.5 MB]
Creating vector for lower bounds... [4.5 MB]
Creating vector for upper bounds... [4.5 MB]
Allocating iteration vectors... [4 x 4.5 MB]
TOTAL: [67.5 MB]

Starting iterations (interval iteration)...

 Time for pre-computation	: 0.018000 
		 >> 590907 after 0 iters << 
Iteration 456: max relative diff=1.000000, 4.99 sec so far
Iteration 907: max relative diff=1.000000, 9.99 sec so far
Iteration 1358: max relative diff=1.000000, 15.00 sec so far
Iteration 1809: max relative diff=1.000000, 20.02 sec so far
Iteration 2261: max relative diff=1.000000, 25.02 sec so far
Iteration 2740: max relative diff=1200000000000.000000, 30.03 sec so far
Iteration 3253: max relative diff=1200000000000.000000, 35.03 sec so far
Iteration 3767: max relative diff=1199999993221.323486, 40.04 sec so far
Iteration 4280: max relative diff=220312494451.726593, 45.04 sec so far
Iteration 4792: max relative diff=20439147846.367962, 50.05 sec so far
Iteration 5305: max relative diff=953095201.627413, 55.05 sec so far
Iteration 5817: max relative diff=22280250.555753, 60.05 sec so far
Iteration 6330: max relative diff=521087.481831, 65.06 sec so far
Iteration 6843: max relative diff=12435.168762, 70.06 sec so far
Iteration 7354: max relative diff=522.991648, 75.07 sec so far
Iteration 7718: max relative diff=148.610351, 80.07 sec so far
Iteration 8007: max relative diff=21.361280, 85.08 sec so far
Iteration 8296: max relative diff=2.697998, 90.10 sec so far
Iteration 8585: max relative diff=0.114466, 95.10 sec so far
Iteration 8874: max relative diff=0.044930, 100.12 sec so far
Iteration 9163: max relative diff=0.002252, 105.12 sec so far
Iteration 9452: max relative diff=0.000626, 110.14 sec so far
Iteration 9741: max relative diff=0.000043, 115.15 sec so far
Iteration 10030: max relative diff=0.000005, 120.16 sec so far
Max relative diff between upper and lower bound on convergence: 9.98378E-07
LowItr:5221 , UpItr:7747 

Iterative method: 10245 iterations in 123.89 seconds (average 0.012093, setup 1.26)
Maximum finite value in solution vector at end of interval iteration: 5.536713079777968E7

Value in the initial state: 1.1077839052716926E7

Time for model checking: 164.623 seconds.

Result: 1.1077839052716926E7 (value in the initial state)

---------------------------------------------------------------------

Note: There were 2 warnings during computation.

