PRISM
=====

Version: 4.4
Date: Fri Feb 19 23:52:27 IRST 2021
Hostname: sadegh-H81M-S2PH
Memory limits: cudd=1g, java(heap)=910.5m
Command line: prism ../../examples/mdps/wlan/wlan3.nm ../../examples/mdps/wlan/cost_max.pctl -s '-ii:upper=1.2e+12' -asynchii -maxiters 900500 -const COL=5 -const TRANS_TIME_MAX=1100

Parsing model file "../../examples/mdps/wlan/wlan3.nm"...

Parsing properties file "../../examples/mdps/wlan/cost_max.pctl"...

1 property:
(1) "cost_max": R{"cost"}max=? [ F s1=12&s2=12 ]

Type:        MDP
Modules:     medium station1 station2 
Variables:   col c1 c2 x1 s1 slot1 backoff1 bc1 x2 s2 slot2 backoff2 bc2 

---------------------------------------------------------------------

Model checking: "cost_max": R{"cost"}max=? [ F s1=12&s2=12 ]
Model constants: COL=5,TRANS_TIME_MAX=1100

Warning: Not Switching to explicit engine, We implemented the emthods for sparse engine.

Building model...
Model constants: COL=5,TRANS_TIME_MAX=1100

Computing reachable states...

Reachability (BFS): 1242 iterations in 35.99 seconds (average 0.028980, setup 0.00)

Time for model construction: 44.406 seconds.

Type:        MDP
States:      1067913 (1 initial)
Transitions: 2177996
Choices:     2008016

Transition matrix: 484702 nodes (6 terminal), 2177996 minterms, vars: 55r/55c/7nd

Prob0E: 3740 iterations in 125.60 seconds (average 0.033583, setup 0.00)

Prob1A: 1 iterations in 0.07 seconds (average 0.065000, setup 0.00)

goal = 6, inf = 0, maybe = 1067907

Warning: Upper bound for interval iteration manually set to 1.2E12

Computing remaining rewards...
 8
Building sparse matrix (transitions)... [n=1067913, nc=2008010, nnz=2177990, k=3] [36.7 MB]
Building sparse matrix (transition rewards)... [n=1067913, nc=2008010, nnz=914434, k=3] [22.2 MB]
Creating vector for state rewards... [8.1 MB]
Creating vector for inf... [8.1 MB]
Creating vector for lower bounds... [8.1 MB]
Creating vector for upper bounds... [8.1 MB]
Allocating iteration vectors... [4 x 8.1 MB]
TOTAL: [124.0 MB]

Starting iterations (interval iteration)...

 Time for pre-computation	: 0.033000 
		 >> 1067907 after 0 iters << 
Iteration 345: max relative diff=1.000000, 4.98 sec so far
Iteration 697: max relative diff=1.000000, 9.98 sec so far
Iteration 1049: max relative diff=1.000000, 14.98 sec so far
Iteration 1401: max relative diff=1.000000, 19.98 sec so far
Iteration 1747: max relative diff=1.000000, 24.99 sec so far
Iteration 2099: max relative diff=1.000000, 29.99 sec so far
Iteration 2452: max relative diff=1.000000, 35.00 sec so far
Iteration 2804: max relative diff=1.000000, 40.00 sec so far
Iteration 3157: max relative diff=1.000000, 45.00 sec so far
Iteration 3510: max relative diff=1.000000, 50.01 sec so far
Iteration 3862: max relative diff=1.000000, 55.02 sec so far
Iteration 4214: max relative diff=1.000000, 60.02 sec so far
Iteration 4567: max relative diff=1.000000, 65.03 sec so far
Iteration 4920: max relative diff=1.000000, 70.04 sec so far
Iteration 5273: max relative diff=1.000000, 75.05 sec so far
Iteration 5601: max relative diff=1200000000000.000000, 80.06 sec so far
Iteration 5889: max relative diff=1200000000000.000000, 85.07 sec so far
Iteration 6177: max relative diff=1200000000000.000000, 90.07 sec so far
Iteration 6466: max relative diff=1200000000000.000000, 95.08 sec so far
Iteration 6754: max relative diff=1200000000000.000000, 100.09 sec so far
Iteration 7042: max relative diff=1200000000000.000000, 105.09 sec so far
Iteration 7330: max relative diff=1200000000000.000000, 110.09 sec so far
Iteration 7618: max relative diff=1200000000000.000000, 115.10 sec so far
Iteration 7906: max relative diff=1199999985550.353760, 120.10 sec so far
Iteration 8195: max relative diff=1199999985552.325439, 125.11 sec so far
Iteration 8483: max relative diff=1199999985554.290527, 130.12 sec so far
Iteration 8771: max relative diff=1199999985556.255127, 135.12 sec so far
Iteration 9060: max relative diff=220312487960.518951, 140.13 sec so far
Iteration 9348: max relative diff=220312488087.327728, 145.15 sec so far
Iteration 9636: max relative diff=220312488214.136475, 150.15 sec so far
Iteration 9925: max relative diff=20439147464.044331, 155.17 sec so far
Iteration 10213: max relative diff=20439147590.853092, 160.17 sec so far
Iteration 10501: max relative diff=20439147717.661858, 165.18 sec so far
Iteration 10789: max relative diff=20439147844.470619, 170.18 sec so far
Iteration 11077: max relative diff=953095101.237142, 175.19 sec so far
Iteration 11366: max relative diff=953095228.486214, 180.20 sec so far
Iteration 11654: max relative diff=953095355.294978, 185.21 sec so far
Iteration 11942: max relative diff=953095482.103741, 190.21 sec so far
Iteration 12230: max relative diff=22280512.815914, 195.21 sec so far
Iteration 12518: max relative diff=22280515.780255, 200.21 sec so far
Iteration 12806: max relative diff=22280518.744596, 205.23 sec so far
Iteration 13094: max relative diff=22280521.708936, 210.23 sec so far
Iteration 13382: max relative diff=521357.806855, 215.24 sec so far
Iteration 13670: max relative diff=521357.876151, 220.24 sec so far
Iteration 13959: max relative diff=521357.945687, 225.26 sec so far
Iteration 14247: max relative diff=521358.014983, 230.26 sec so far
Iteration 14535: max relative diff=12705.673155, 235.26 sec so far
Iteration 14823: max relative diff=12705.674775, 240.26 sec so far
Iteration 15111: max relative diff=12705.676395, 245.27 sec so far
Iteration 15399: max relative diff=12705.678015, 250.28 sec so far
Iteration 15685: max relative diff=793.500014, 255.28 sec so far
Iteration 15973: max relative diff=793.500052, 260.29 sec so far
Iteration 16261: max relative diff=793.500090, 265.30 sec so far
Iteration 16539: max relative diff=497.914843, 270.31 sec so far
Iteration 16698: max relative diff=427.924970, 275.34 sec so far
Iteration 16857: max relative diff=357.915965, 280.36 sec so far
Iteration 17016: max relative diff=287.906961, 285.37 sec so far
Iteration 17175: max relative diff=217.897956, 290.39 sec so far
Iteration 17334: max relative diff=147.888951, 295.41 sec so far
Iteration 17493: max relative diff=77.879947, 300.43 sec so far
Iteration 17652: max relative diff=11.532466, 305.45 sec so far
Iteration 17811: max relative diff=9.896422, 310.47 sec so far
Iteration 17970: max relative diff=8.259859, 315.50 sec so far
Iteration 18129: max relative diff=6.623295, 320.52 sec so far
Iteration 18287: max relative diff=4.997025, 325.52 sec so far
Iteration 18446: max relative diff=3.360462, 330.53 sec so far
Iteration 18605: max relative diff=1.723899, 335.56 sec so far
Iteration 18764: max relative diff=0.267337, 340.57 sec so far
Iteration 18923: max relative diff=0.229084, 345.59 sec so far
Iteration 19082: max relative diff=0.190827, 350.61 sec so far
Iteration 19241: max relative diff=0.152570, 355.63 sec so far
Iteration 19400: max relative diff=0.114312, 360.65 sec so far
Iteration 19559: max relative diff=0.076055, 365.68 sec so far
Iteration 19718: max relative diff=0.037798, 370.69 sec so far
Iteration 19877: max relative diff=0.006191, 375.72 sec so far
Iteration 20036: max relative diff=0.005297, 380.74 sec so far
Iteration 20194: max relative diff=0.004408, 385.74 sec so far
Iteration 20353: max relative diff=0.003514, 390.75 sec so far
Iteration 20512: max relative diff=0.002619, 395.77 sec so far
Iteration 20671: max relative diff=0.001725, 400.79 sec so far
Iteration 20830: max relative diff=0.000831, 405.82 sec so far
Iteration 20989: max relative diff=0.000143, 410.83 sec so far
Iteration 21148: max relative diff=0.000123, 415.85 sec so far
Iteration 21307: max relative diff=0.000102, 420.87 sec so far
Iteration 21466: max relative diff=0.000081, 425.89 sec so far
Iteration 21625: max relative diff=0.000060, 430.91 sec so far
Iteration 21784: max relative diff=0.000039, 435.92 sec so far
Iteration 21943: max relative diff=0.000018, 440.94 sec so far
Iteration 22102: max relative diff=0.000003, 445.97 sec so far
Iteration 22261: max relative diff=0.000003, 451.00 sec so far
Iteration 22420: max relative diff=0.000002, 456.02 sec so far
Iteration 22579: max relative diff=0.000002, 461.04 sec so far
Iteration 22738: max relative diff=0.000001, 466.06 sec so far
Max relative diff between upper and lower bound on convergence: 9.94653E-07
LowItr:11835 , UpItr:17361 

Iterative method: 22859 iterations in 469.88 seconds (average 0.020556, setup 2.65)
Maximum finite value in solution vector at end of interval iteration: 1.2179931633501172E8

Value in the initial state: 2.436421686619313E7

Time for model checking: 598.45 seconds.

Result: 2.436421686619313E7 (value in the initial state)

---------------------------------------------------------------------

Note: There were 2 warnings during computation.

