PRISM
=====

Version: 4.4
Date: Fri Feb 19 18:52:40 IRST 2021
Hostname: sadegh-H81M-S2PH
Memory limits: cudd=1g, java(heap)=910.5m
Command line: prism ../../examples/mdps/wlan/wlan3.nm ../../examples/mdps/wlan/cost_max.pctl -s '-ii:upper=1.2e+12' -asynchii -maxiters 900500 -const COL=5 -const TRANS_TIME_MAX=700

Parsing model file "../../examples/mdps/wlan/wlan3.nm"...

Parsing properties file "../../examples/mdps/wlan/cost_max.pctl"...

1 property:
(1) "cost_max": R{"cost"}max=? [ F s1=12&s2=12 ]

Type:        MDP
Modules:     medium station1 station2 
Variables:   col c1 c2 x1 s1 slot1 backoff1 bc1 x2 s2 slot2 backoff2 bc2 

---------------------------------------------------------------------

Model checking: "cost_max": R{"cost"}max=? [ F s1=12&s2=12 ]
Model constants: COL=5,TRANS_TIME_MAX=700

Warning: Not Switching to explicit engine, We implemented the emthods for sparse engine.

Building model...
Model constants: COL=5,TRANS_TIME_MAX=700

Computing reachable states...

Reachability (BFS): 842 iterations in 17.16 seconds (average 0.020386, setup 0.00)

Time for model construction: 19.823 seconds.

Type:        MDP
States:      749913 (1 initial)
Transitions: 1535996
Choices:     1366016

Transition matrix: 309352 nodes (6 terminal), 1535996 minterms, vars: 53r/53c/7nd

Prob0E: 2540 iterations in 60.59 seconds (average 0.023854, setup 0.00)

Prob1A: 1 iterations in 0.04 seconds (average 0.041000, setup 0.00)

goal = 6, inf = 0, maybe = 749907

Warning: Upper bound for interval iteration manually set to 1.2E12

Computing remaining rewards...
 8
Building sparse matrix (transitions)... [n=749913, nc=1366010, nnz=1535990, k=3] [25.6 MB]
Building sparse matrix (transition rewards)... [n=749913, nc=1366010, nnz=600434, k=3] [14.9 MB]
Creating vector for state rewards... [5.7 MB]
Creating vector for inf... [5.7 MB]
Creating vector for lower bounds... [5.7 MB]
Creating vector for upper bounds... [5.7 MB]
Allocating iteration vectors... [4 x 5.7 MB]
TOTAL: [86.4 MB]

Starting iterations (interval iteration)...

 Time for pre-computation	: 0.024000 
		 >> 749907 after 0 iters << 
Iteration 508: max relative diff=1.000000, 4.98 sec so far
Iteration 1023: max relative diff=1.000000, 9.98 sec so far
Iteration 1538: max relative diff=1.000000, 14.98 sec so far
Iteration 2053: max relative diff=1.000000, 19.99 sec so far
Iteration 2567: max relative diff=1.000000, 24.99 sec so far
Iteration 3081: max relative diff=1.000000, 30.00 sec so far
Iteration 3579: max relative diff=1200000000000.000000, 35.00 sec so far
Iteration 3997: max relative diff=1200000000000.000000, 40.01 sec so far
Iteration 4414: max relative diff=1200000000000.000000, 45.01 sec so far
Iteration 4831: max relative diff=1200000000000.000000, 50.01 sec so far
Iteration 5249: max relative diff=1199999990665.031738, 55.02 sec so far
Iteration 5666: max relative diff=220312492196.700104, 60.03 sec so far
Iteration 6084: max relative diff=220312492380.748932, 65.03 sec so far
Iteration 6502: max relative diff=20439147718.450985, 70.04 sec so far
Iteration 6920: max relative diff=20439147902.499813, 75.05 sec so far
Iteration 7337: max relative diff=953095215.717276, 80.05 sec so far
Iteration 7755: max relative diff=22280335.920668, 85.06 sec so far
Iteration 8172: max relative diff=22280340.212786, 90.07 sec so far
Iteration 8590: max relative diff=521177.568357, 95.08 sec so far
Iteration 9008: max relative diff=521177.668932, 100.09 sec so far
Iteration 9425: max relative diff=12525.336994, 105.09 sec so far
Iteration 9840: max relative diff=613.161065, 110.09 sec so far
Iteration 10257: max relative diff=613.161120, 115.09 sec so far
Iteration 10608: max relative diff=287.213739, 120.10 sec so far
Iteration 10839: max relative diff=185.502543, 125.11 sec so far
Iteration 11070: max relative diff=83.791348, 130.13 sec so far
Iteration 11301: max relative diff=6.812947, 135.14 sec so far
Iteration 11532: max relative diff=4.435299, 140.15 sec so far
Iteration 11763: max relative diff=2.057651, 145.17 sec so far
Iteration 11994: max relative diff=0.161575, 150.19 sec so far
Iteration 12225: max relative diff=0.105993, 155.21 sec so far
Iteration 12456: max relative diff=0.050412, 160.22 sec so far
Iteration 12687: max relative diff=0.003831, 165.24 sec so far
Iteration 12918: max relative diff=0.002532, 170.26 sec so far
Iteration 13149: max relative diff=0.001233, 175.27 sec so far
Iteration 13380: max relative diff=0.000091, 180.29 sec so far
Iteration 13611: max relative diff=0.000060, 185.30 sec so far
Iteration 13842: max relative diff=0.000030, 190.31 sec so far
Iteration 14073: max relative diff=0.000002, 195.33 sec so far
Iteration 14304: max relative diff=0.000001, 200.34 sec so far
Max relative diff between upper and lower bound on convergence: 9.98378E-07
LowItr:7423 , UpItr:10949 

Iterative method: 14447 iterations in 203.45 seconds (average 0.014083, setup 1.74)
Maximum finite value in solution vector at end of interval iteration: 7.75111926435237E7

Value in the initial state: 1.5506631657208987E7

Time for model checking: 266.082 seconds.

Result: 1.5506631657208987E7 (value in the initial state)

---------------------------------------------------------------------

Note: There were 2 warnings during computation.

