PRISM
=====

Version: 4.4
Date: Fri Feb 19 18:43:37 IRST 2021
Hostname: sadegh-H81M-S2PH
Memory limits: cudd=1g, java(heap)=910.5m
Command line: prism ../../examples/mdps/wlan/wlan3.nm ../../examples/mdps/wlan/cost_max.pctl -s '-ii:upper=1.2e+12' -backward -maxiters 900500 -const COL=5 -const TRANS_TIME_MAX=700

Parsing model file "../../examples/mdps/wlan/wlan3.nm"...

Parsing properties file "../../examples/mdps/wlan/cost_max.pctl"...

1 property:
(1) "cost_max": R{"cost"}max=? [ F s1=12&s2=12 ]

Type:        MDP
Modules:     medium station1 station2 
Variables:   col c1 c2 x1 s1 slot1 backoff1 bc1 x2 s2 slot2 backoff2 bc2 

---------------------------------------------------------------------

Model checking: "cost_max": R{"cost"}max=? [ F s1=12&s2=12 ]
Model constants: COL=5,TRANS_TIME_MAX=700

Warning: Not Switching to explicit engine, We implemented the emthods for sparse engine.

Building model...
Model constants: COL=5,TRANS_TIME_MAX=700

Computing reachable states...

Reachability (BFS): 842 iterations in 17.18 seconds (average 0.020399, setup 0.00)

Time for model construction: 19.799 seconds.

Type:        MDP
States:      749913 (1 initial)
Transitions: 1535996
Choices:     1366016

Transition matrix: 309352 nodes (6 terminal), 1535996 minterms, vars: 53r/53c/7nd

Prob0E: 2540 iterations in 60.99 seconds (average 0.024013, setup 0.00)

Prob1A: 1 iterations in 0.04 seconds (average 0.042000, setup 0.00)

goal = 6, inf = 0, maybe = 749907

Warning: Upper bound for interval iteration manually set to 1.2E12

Computing remaining rewards...
 6
Building sparse matrix (transitions)... [n=749913, nc=1366010, nnz=1535990, k=3] [25.6 MB]
Building sparse matrix (transition rewards)... [n=749913, nc=1366010, nnz=600434, k=3] [14.9 MB]
Creating vector for state rewards... [5.7 MB]
Creating vector for inf... [5.7 MB]
Creating vector for lower bounds... [5.7 MB]
Creating vector for upper bounds... [5.7 MB]
Allocating iteration vectors... [4 x 5.7 MB]
TOTAL: [86.4 MB]

Starting iterations (interval iteration)...

Time for state ordering: 0.021000


Iters: 500 , Maximum difference of values of bel_vec: 100000 & Maximum difference of values of abov_vec: 1.2E+12 
Iters: 1000 , Maximum difference of values of bel_vec: 9730.96 & Maximum difference of values of abov_vec: 1.2E+12 
Iters: 1500 , Maximum difference of values of bel_vec: 1000 & Maximum difference of values of abov_vec: 8.48437E+11 
Iters: 2000 , Maximum difference of values of bel_vec: 1000 & Maximum difference of values of abov_vec: 8.48437E+11 
Iters: 2500 , Maximum difference of values of bel_vec: 170.824 & Maximum difference of values of abov_vec: 9.49173E+10 
Iters: 3000 , Maximum difference of values of bel_vec: 10.3637 & Maximum difference of values of abov_vec: 5.36342E+09 
Iters: 3500 , Maximum difference of values of bel_vec: 9.05528 & Maximum difference of values of abov_vec: 5.36342E+09 
Iters: 4000 , Maximum difference of values of bel_vec: 0.440308 & Maximum difference of values of abov_vec: 2.82188E+08 
Iters: 4500 , Maximum difference of values of bel_vec: 0.0102929 & Maximum difference of values of abov_vec: 5.89578E+06 
Iters: 5000 , Maximum difference of values of bel_vec: 0.000240622 & Maximum difference of values of abov_vec: 123711 
Iters: 5500 , Maximum difference of values of bel_vec: 0.00024062 & Maximum difference of values of abov_vec: 123711 
Iters: 6000 , Maximum difference of values of bel_vec: 5.63078E-06 & Maximum difference of values of abov_vec: 2394.55 
Iters: 6500 , Maximum difference of values of bel_vec: 1.41561E-07 & Maximum difference of values of abov_vec: 56.313 
Iters: 7000 , Maximum difference of values of bel_vec: 1.37836E-07 & Maximum difference of values of abov_vec: 56.313 
Iters: 7500 , Maximum difference of values of bel_vec: 1.49012E-08 & Maximum difference of values of abov_vec: 1.12567 
Iters: 8000 , Maximum difference of values of bel_vec: 1.30385E-08 & Maximum difference of values of abov_vec: 0.0259925 
Iters: 8500 , Maximum difference of values of bel_vec: 0 & Maximum difference of values of abov_vec: 0.0005782 
Iters: 9000 , Maximum difference of values of bel_vec: 0 & Maximum difference of values of abov_vec: 0.0005782 
Iters: 9500 , Maximum difference of values of bel_vec: 0 & Maximum difference of values of abov_vec: 1.26753E-05 
Iters: 10000 , Maximum difference of values of bel_vec: 0 & Maximum difference of values of abov_vec: 2.77534E-07 
Iters: 10500 , Maximum difference of values of bel_vec: 0 & Maximum difference of values of abov_vec: 2.77534E-07 Max relative diff between upper and lower bound on convergence: 7.86036E-07
Iterative method: 10539 iterations in 231.13 seconds (average 0.021931, setup 1.74)
Maximum finite value in solution vector at end of interval iteration: 7.75111926435238E7

Value in the initial state: 1.5506631657209828E7

Time for model checking: 294.081 seconds.

Result: 1.5506631657209828E7 (value in the initial state)

---------------------------------------------------------------------

Note: There were 2 warnings during computation.

