PRISM
=====

Version: 4.4
Date: Sat Feb 20 21:36:56 IRST 2021
Hostname: sadegh-H81M-S2PH
Memory limits: cudd=1g, java(heap)=910.5m
Command line: prism ../../examples/mdps/wlan/wlan3.nm ../../examples/mdps/wlan/cost_max.pctl -s '-ii:upper=1.2e+12' -asynchii -maxiters 900500 -const COL=5 -const TRANS_TIME_MAX=1800

Parsing model file "../../examples/mdps/wlan/wlan3.nm"...

Parsing properties file "../../examples/mdps/wlan/cost_max.pctl"...

1 property:
(1) "cost_max": R{"cost"}max=? [ F s1=12&s2=12 ]

Type:        MDP
Modules:     medium station1 station2 
Variables:   col c1 c2 x1 s1 slot1 backoff1 bc1 x2 s2 slot2 backoff2 bc2 

---------------------------------------------------------------------

Model checking: "cost_max": R{"cost"}max=? [ F s1=12&s2=12 ]
Model constants: COL=5,TRANS_TIME_MAX=1800

Warning: Not Switching to explicit engine, We implemented the emthods for sparse engine.

Building model...
Model constants: COL=5,TRANS_TIME_MAX=1800

Computing reachable states...

Reachability (BFS): 1942 iterations in 84.80 seconds (average 0.043667, setup 0.00)

Time for model construction: 113.621 seconds.

Type:        MDP
States:      1624413 (1 initial)
Transitions: 3301496
Choices:     3131516

Transition matrix: 746449 nodes (6 terminal), 3301496 minterms, vars: 55r/55c/7nd

Prob0E: 5840 iterations in 273.50 seconds (average 0.046833, setup 0.00)

Prob1A: 1 iterations in 0.11 seconds (average 0.107000, setup 0.00)

goal = 6, inf = 0, maybe = 1624407

Warning: Upper bound for interval iteration manually set to 1.2E12

Computing remaining rewards...
 8
Building sparse matrix (transitions)... [n=1624413, nc=3131510, nnz=3301490, k=3] [55.9 MB]
Building sparse matrix (transition rewards)... [n=1624413, nc=3131510, nnz=1463934, k=3] [34.9 MB]
Creating vector for state rewards... [12.4 MB]
Creating vector for inf... [12.4 MB]
Creating vector for lower bounds... [12.4 MB]
Creating vector for upper bounds... [12.4 MB]
Allocating iteration vectors... [4 x 12.4 MB]
TOTAL: [190.0 MB]

Starting iterations (interval iteration)...

 Time for pre-computation	: 0.057000 
		 >> 1624407 after 0 iters << 
Iteration 206: max relative diff=1.000000, 4.96 sec so far
Iteration 420: max relative diff=1.000000, 9.97 sec so far
Iteration 634: max relative diff=1.000000, 14.99 sec so far
Iteration 848: max relative diff=1.000000, 20.02 sec so far
Iteration 1062: max relative diff=1.000000, 25.04 sec so far
Iteration 1276: max relative diff=1.000000, 30.06 sec so far
Iteration 1490: max relative diff=1.000000, 35.08 sec so far
Iteration 1704: max relative diff=1.000000, 40.10 sec so far
Iteration 1918: max relative diff=1.000000, 45.12 sec so far
Iteration 2132: max relative diff=1.000000, 50.14 sec so far
Iteration 2345: max relative diff=1.000000, 55.14 sec so far
Iteration 2559: max relative diff=1.000000, 60.17 sec so far
Iteration 2772: max relative diff=1.000000, 65.18 sec so far
Iteration 2986: max relative diff=1.000000, 70.20 sec so far
Iteration 3200: max relative diff=1.000000, 75.22 sec so far
Iteration 3414: max relative diff=1.000000, 80.23 sec so far
Iteration 3628: max relative diff=1.000000, 85.25 sec so far
Iteration 3842: max relative diff=1.000000, 90.28 sec so far
Iteration 4056: max relative diff=1.000000, 95.30 sec so far
Iteration 4270: max relative diff=1.000000, 100.32 sec so far
Iteration 4483: max relative diff=1.000000, 105.32 sec so far
Iteration 4697: max relative diff=1.000000, 110.35 sec so far
Iteration 4910: max relative diff=1.000000, 115.35 sec so far
Iteration 5123: max relative diff=1.000000, 120.35 sec so far
Iteration 5336: max relative diff=1.000000, 125.36 sec so far
Iteration 5549: max relative diff=1.000000, 130.36 sec so far
Iteration 5763: max relative diff=1.000000, 135.38 sec so far
Iteration 5977: max relative diff=1.000000, 140.40 sec so far
Iteration 6191: max relative diff=1.000000, 145.42 sec so far
Iteration 6405: max relative diff=1.000000, 150.44 sec so far
Iteration 6619: max relative diff=1.000000, 155.47 sec so far
Iteration 6832: max relative diff=1.000000, 160.47 sec so far
Iteration 7046: max relative diff=1.000000, 165.49 sec so far
Iteration 7260: max relative diff=1.000000, 170.50 sec so far
Iteration 7474: max relative diff=1.000000, 175.53 sec so far
Iteration 7688: max relative diff=1.000000, 180.55 sec so far
Iteration 7901: max relative diff=1.000000, 185.56 sec so far
Iteration 8115: max relative diff=1.000000, 190.57 sec so far
Iteration 8329: max relative diff=1.000000, 195.59 sec so far
Iteration 8543: max relative diff=1.000000, 200.61 sec so far
Iteration 8757: max relative diff=1.000000, 205.64 sec so far
Iteration 8971: max relative diff=1.000000, 210.65 sec so far
Iteration 9160: max relative diff=1200000000000.000000, 215.66 sec so far
Iteration 9347: max relative diff=1200000000000.000000, 220.69 sec so far
Iteration 9534: max relative diff=1200000000000.000000, 225.71 sec so far
Iteration 9721: max relative diff=1200000000000.000000, 230.73 sec so far
Iteration 9908: max relative diff=1200000000000.000000, 235.75 sec so far
Iteration 10095: max relative diff=1200000000000.000000, 240.78 sec so far
Iteration 10281: max relative diff=1200000000000.000000, 245.78 sec so far
Iteration 10468: max relative diff=1200000000000.000000, 250.81 sec so far
Iteration 10655: max relative diff=1200000000000.000000, 255.83 sec so far
Iteration 10842: max relative diff=1200000000000.000000, 260.85 sec so far
Iteration 11029: max relative diff=1200000000000.000000, 265.88 sec so far
Iteration 11216: max relative diff=1200000000000.000000, 270.90 sec so far
Iteration 11403: max relative diff=1200000000000.000000, 275.92 sec so far
Iteration 11589: max relative diff=1200000000000.000000, 280.93 sec so far
Iteration 11776: max relative diff=1200000000000.000000, 285.95 sec so far
Iteration 11963: max relative diff=1200000000000.000000, 290.97 sec so far
Iteration 12150: max relative diff=1200000000000.000000, 296.00 sec so far
Iteration 12337: max relative diff=1200000000000.000000, 301.01 sec so far
Iteration 12523: max relative diff=1200000000000.000000, 306.02 sec so far
Iteration 12710: max relative diff=1199999976600.718018, 311.05 sec so far
Iteration 12897: max relative diff=1199999976601.993896, 316.07 sec so far
Iteration 13084: max relative diff=1199999976603.269775, 321.10 sec so far
Iteration 13271: max relative diff=1199999976604.545654, 326.13 sec so far
Iteration 13458: max relative diff=1199999976605.821533, 331.15 sec so far
Iteration 13644: max relative diff=1199999976607.090576, 336.15 sec so far
Iteration 13831: max relative diff=1199999976608.366455, 341.18 sec so far
Iteration 14018: max relative diff=1199999976609.642334, 346.20 sec so far
Iteration 14205: max relative diff=1199999976610.918213, 351.22 sec so far
Iteration 14392: max relative diff=1199999976612.392578, 356.25 sec so far
Iteration 14579: max relative diff=220312480362.052185, 361.27 sec so far
Iteration 14765: max relative diff=220312480443.949524, 366.28 sec so far
Iteration 14952: max relative diff=220312480526.287140, 371.30 sec so far
Iteration 15139: max relative diff=220312480608.624786, 376.32 sec so far
Iteration 15326: max relative diff=220312480690.962433, 381.35 sec so far
Iteration 15513: max relative diff=220312480773.300049, 386.37 sec so far
Iteration 15700: max relative diff=220312480855.637695, 391.39 sec so far
Iteration 15886: max relative diff=220312480937.535004, 396.40 sec so far
Iteration 16073: max relative diff=220312481019.872650, 401.42 sec so far
Iteration 16260: max relative diff=20439147170.708321, 406.44 sec so far
Iteration 16447: max relative diff=20439147253.045956, 411.47 sec so far
Iteration 16634: max relative diff=20439147335.383591, 416.49 sec so far
Iteration 16821: max relative diff=20439147417.721226, 421.50 sec so far
Iteration 17007: max relative diff=20439147499.618553, 426.51 sec so far
Iteration 17194: max relative diff=20439147581.956188, 431.52 sec so far
Iteration 17381: max relative diff=20439147664.293823, 436.55 sec so far
Iteration 17568: max relative diff=20439147746.631458, 441.57 sec so far
Iteration 17755: max relative diff=20439147828.969093, 446.60 sec so far
Iteration 17942: max relative diff=20439147911.306728, 451.62 sec so far
Iteration 18129: max relative diff=953095124.133169, 456.65 sec so far
Iteration 18316: max relative diff=953095206.470803, 461.67 sec so far
Iteration 18503: max relative diff=953095288.808439, 466.69 sec so far
Iteration 18690: max relative diff=953095371.146073, 471.70 sec so far
Iteration 18877: max relative diff=953095453.483708, 476.73 sec so far
Iteration 19064: max relative diff=953095535.821343, 481.74 sec so far
Iteration 19250: max relative diff=953095617.718670, 486.75 sec so far
Iteration 19437: max relative diff=953095700.056304, 491.78 sec so far
Iteration 19624: max relative diff=953095782.393940, 496.80 sec so far
Iteration 19811: max relative diff=577823363.644593, 501.83 sec so far
Iteration 19998: max relative diff=22280821.731574, 506.84 sec so far
Iteration 20185: max relative diff=22280823.656336, 511.86 sec so far
Iteration 20372: max relative diff=22280825.581099, 516.88 sec so far
Iteration 20559: max relative diff=22280827.505862, 521.90 sec so far
Iteration 20746: max relative diff=22280829.430625, 526.93 sec so far
Iteration 20933: max relative diff=22280831.355388, 531.95 sec so far
Iteration 21120: max relative diff=22280833.280151, 536.98 sec so far
Iteration 21307: max relative diff=22280835.204913, 541.99 sec so far
Iteration 21494: max relative diff=22280837.129676, 547.02 sec so far
Iteration 21681: max relative diff=521673.203293, 552.04 sec so far
Iteration 21868: max relative diff=521673.248287, 557.06 sec so far
Iteration 22055: max relative diff=521673.293281, 562.08 sec so far
Iteration 22242: max relative diff=521673.338275, 567.11 sec so far
Iteration 22429: max relative diff=521673.383270, 572.13 sec so far
Iteration 22615: max relative diff=521673.428023, 577.14 sec so far
Iteration 22802: max relative diff=521673.473017, 582.16 sec so far
Iteration 22989: max relative diff=521673.518012, 587.19 sec so far
Iteration 23176: max relative diff=521673.563006, 592.20 sec so far
Iteration 23363: max relative diff=521673.608000, 597.22 sec so far
Iteration 23550: max relative diff=13021.261844, 602.25 sec so far
Iteration 23736: max relative diff=13021.262890, 607.25 sec so far
Iteration 23923: max relative diff=13021.263942, 612.28 sec so far
Iteration 24110: max relative diff=13021.264994, 617.30 sec so far
Iteration 24297: max relative diff=13021.266046, 622.32 sec so far
Iteration 24484: max relative diff=13021.267098, 627.35 sec so far
Iteration 24671: max relative diff=13021.268149, 632.37 sec so far
Iteration 24858: max relative diff=13021.269201, 637.40 sec so far
Iteration 25045: max relative diff=13021.270253, 642.42 sec so far
Iteration 25229: max relative diff=1109.093085, 647.43 sec so far
Iteration 25416: max relative diff=1109.093109, 652.45 sec so far
Iteration 25603: max relative diff=1109.093134, 657.46 sec so far
Iteration 25790: max relative diff=1109.093158, 662.49 sec so far
Iteration 25976: max relative diff=1109.093183, 667.49 sec so far
Iteration 26163: max relative diff=1109.093208, 672.51 sec so far
Iteration 26350: max relative diff=1109.093232, 677.53 sec so far
Iteration 26537: max relative diff=1109.093257, 682.56 sec so far
Iteration 26724: max relative diff=1109.093281, 687.58 sec so far
Iteration 26911: max relative diff=1109.093306, 692.61 sec so far
Iteration 27064: max relative diff=802.518733, 697.61 sec so far
Iteration 27164: max relative diff=758.488645, 702.64 sec so far
Iteration 27264: max relative diff=714.457825, 707.68 sec so far
Iteration 27364: max relative diff=670.427004, 712.71 sec so far
Iteration 27464: max relative diff=626.396184, 717.75 sec so far
Iteration 27564: max relative diff=582.365363, 722.78 sec so far
Iteration 27664: max relative diff=538.334543, 727.82 sec so far
Iteration 27764: max relative diff=494.303722, 732.85 sec so far
Iteration 27864: max relative diff=450.272902, 737.88 sec so far
Iteration 27964: max relative diff=406.242081, 742.92 sec so far
Iteration 28064: max relative diff=362.211261, 747.95 sec so far
Iteration 28164: max relative diff=318.180440, 752.99 sec so far
Iteration 28264: max relative diff=274.149620, 758.02 sec so far
Iteration 28364: max relative diff=230.118800, 763.06 sec so far
Iteration 28464: max relative diff=186.087979, 768.09 sec so far
Iteration 28564: max relative diff=142.057159, 773.12 sec so far
Iteration 28664: max relative diff=98.026338, 778.15 sec so far
Iteration 28764: max relative diff=53.995518, 783.18 sec so far
Iteration 28864: max relative diff=18.786842, 788.22 sec so far
Iteration 28964: max relative diff=17.757639, 793.26 sec so far
Iteration 29064: max relative diff=16.728354, 798.28 sec so far
Iteration 29164: max relative diff=15.699069, 803.32 sec so far
Iteration 29264: max relative diff=14.669784, 808.35 sec so far
Iteration 29364: max relative diff=13.640499, 813.39 sec so far
Iteration 29464: max relative diff=12.611214, 818.42 sec so far
Iteration 29564: max relative diff=11.581929, 823.46 sec so far
Iteration 29664: max relative diff=10.552644, 828.49 sec so far
Iteration 29764: max relative diff=9.523359, 833.52 sec so far
Iteration 29864: max relative diff=8.494074, 838.55 sec so far
Iteration 29964: max relative diff=7.464789, 843.59 sec so far
Iteration 30064: max relative diff=6.435505, 848.63 sec so far
Iteration 30164: max relative diff=5.406220, 853.66 sec so far
Iteration 30264: max relative diff=4.376935, 858.70 sec so far
Iteration 30364: max relative diff=3.347650, 863.73 sec so far
Iteration 30464: max relative diff=2.318365, 868.76 sec so far
Iteration 30564: max relative diff=1.289080, 873.80 sec so far
Iteration 30664: max relative diff=0.439795, 878.83 sec so far
Iteration 30764: max relative diff=0.415738, 883.86 sec so far
Iteration 30864: max relative diff=0.391677, 888.89 sec so far
Iteration 30964: max relative diff=0.367616, 893.92 sec so far
Iteration 31064: max relative diff=0.343555, 898.93 sec so far
Iteration 31164: max relative diff=0.319494, 903.97 sec so far
Iteration 31264: max relative diff=0.295433, 909.01 sec so far
Iteration 31364: max relative diff=0.271372, 914.05 sec so far
Iteration 31464: max relative diff=0.247311, 919.08 sec so far
Iteration 31564: max relative diff=0.223250, 924.12 sec so far
Iteration 31664: max relative diff=0.199189, 929.15 sec so far
Iteration 31764: max relative diff=0.175128, 934.18 sec so far
Iteration 31864: max relative diff=0.151067, 939.22 sec so far
Iteration 31964: max relative diff=0.127006, 944.25 sec so far
Iteration 32064: max relative diff=0.102945, 949.28 sec so far
Iteration 32164: max relative diff=0.078884, 954.31 sec so far
Iteration 32264: max relative diff=0.054823, 959.34 sec so far
Iteration 32364: max relative diff=0.030762, 964.38 sec so far
Iteration 32464: max relative diff=0.010295, 969.42 sec so far
Iteration 32564: max relative diff=0.009733, 974.45 sec so far
Iteration 32664: max relative diff=0.009171, 979.49 sec so far
Iteration 32764: max relative diff=0.008608, 984.52 sec so far
Iteration 32864: max relative diff=0.008046, 989.55 sec so far
Iteration 32964: max relative diff=0.007483, 994.59 sec so far
Iteration 33064: max relative diff=0.006921, 999.62 sec so far
Iteration 33164: max relative diff=0.006358, 1004.66 sec so far
Iteration 33264: max relative diff=0.005796, 1009.70 sec so far
Iteration 33364: max relative diff=0.005233, 1014.73 sec so far
Iteration 33464: max relative diff=0.004671, 1019.75 sec so far
Iteration 33564: max relative diff=0.004109, 1024.79 sec so far
Iteration 33664: max relative diff=0.003546, 1029.83 sec so far
Iteration 33764: max relative diff=0.002984, 1034.86 sec so far
Iteration 33864: max relative diff=0.002421, 1039.90 sec so far
Iteration 33964: max relative diff=0.001859, 1044.93 sec so far
Iteration 34064: max relative diff=0.001296, 1049.97 sec so far
Iteration 34164: max relative diff=0.000734, 1055.01 sec so far
Iteration 34264: max relative diff=0.000241, 1060.04 sec so far
Iteration 34364: max relative diff=0.000228, 1065.07 sec so far
Iteration 34464: max relative diff=0.000215, 1070.11 sec so far
Iteration 34564: max relative diff=0.000202, 1075.13 sec so far
Iteration 34664: max relative diff=0.000188, 1080.17 sec so far
Iteration 34764: max relative diff=0.000175, 1085.21 sec so far
Iteration 34864: max relative diff=0.000162, 1090.25 sec so far
Iteration 34964: max relative diff=0.000149, 1095.28 sec so far
Iteration 35064: max relative diff=0.000136, 1100.31 sec so far
Iteration 35164: max relative diff=0.000123, 1105.35 sec so far
Iteration 35264: max relative diff=0.000110, 1110.39 sec so far
Iteration 35364: max relative diff=0.000096, 1115.42 sec so far
Iteration 35464: max relative diff=0.000083, 1120.44 sec so far
Iteration 35564: max relative diff=0.000070, 1125.48 sec so far
Iteration 35664: max relative diff=0.000057, 1130.51 sec so far
Iteration 35764: max relative diff=0.000044, 1135.54 sec so far
Iteration 35864: max relative diff=0.000031, 1140.57 sec so far
Iteration 35964: max relative diff=0.000017, 1145.61 sec so far
Iteration 36064: max relative diff=0.000006, 1150.64 sec so far
Iteration 36164: max relative diff=0.000005, 1155.68 sec so far
Iteration 36264: max relative diff=0.000005, 1160.71 sec so far
Iteration 36364: max relative diff=0.000005, 1165.74 sec so far
Iteration 36464: max relative diff=0.000004, 1170.76 sec so far
Iteration 36564: max relative diff=0.000004, 1175.80 sec so far
Iteration 36664: max relative diff=0.000004, 1180.82 sec so far
Iteration 36764: max relative diff=0.000003, 1185.86 sec so far
Iteration 36864: max relative diff=0.000003, 1190.89 sec so far
Iteration 36964: max relative diff=0.000003, 1195.92 sec so far
Iteration 37064: max relative diff=0.000003, 1200.96 sec so far
Iteration 37164: max relative diff=0.000002, 1206.00 sec so far
Iteration 37264: max relative diff=0.000002, 1211.04 sec so far
Iteration 37364: max relative diff=0.000002, 1216.07 sec so far
Iteration 37464: max relative diff=0.000001, 1221.10 sec so far
Iteration 37564: max relative diff=0.000001, 1226.14 sec so far
Max relative diff between upper and lower bound on convergence: 9.98378E-07
LowItr:19548 , UpItr:28574 

Iterative method: 37572 iterations in 1226.54 seconds (average 0.032645, setup 4.22)
Maximum finite value in solution vector at end of interval iteration: 1.9930353279511577E8

Value in the initial state: 3.986499098191535E7

Time for model checking: 1504.76 seconds.

Result: 3.986499098191535E7 (value in the initial state)

---------------------------------------------------------------------

Note: There were 2 warnings during computation.

