PRISM
=====

Version: 4.4
Date: Sat Feb 20 02:44:28 IRST 2021
Hostname: sadegh-H81M-S2PH
Memory limits: cudd=1g, java(heap)=910.5m
Command line: prism ../../examples/mdps/wlan/wlan3.nm ../../examples/mdps/wlan/time_max.pctl -s '-ii:upper=1.2e+12' -improvedbk -maxiters 900500 -const COL=5 -const TRANS_TIME_MAX=1200

Parsing model file "../../examples/mdps/wlan/wlan3.nm"...

Parsing properties file "../../examples/mdps/wlan/time_max.pctl"...

1 property:
(1) "time_max": R{"time"}max=? [ F s1=12&s2=12 ]

Type:        MDP
Modules:     medium station1 station2 
Variables:   col c1 c2 x1 s1 slot1 backoff1 bc1 x2 s2 slot2 backoff2 bc2 

---------------------------------------------------------------------

Model checking: "time_max": R{"time"}max=? [ F s1=12&s2=12 ]
Model constants: COL=5,TRANS_TIME_MAX=1200

Warning: Not Switching to explicit engine, We implemented the emthods for sparse engine.

Building model...
Model constants: COL=5,TRANS_TIME_MAX=1200

Computing reachable states...

Reachability (BFS): 1342 iterations in 41.95 seconds (average 0.031259, setup 0.00)

Time for model construction: 52.223 seconds.

Type:        MDP
States:      1147413 (1 initial)
Transitions: 2338496
Choices:     2168516

Transition matrix: 521954 nodes (6 terminal), 2338496 minterms, vars: 55r/55c/7nd

Prob0E: 4040 iterations in 144.52 seconds (average 0.035772, setup 0.00)

Prob1A: 1 iterations in 0.07 seconds (average 0.071000, setup 0.00)

goal = 6, inf = 0, maybe = 1147407

Warning: Upper bound for interval iteration manually set to 1.2E12

Computing remaining rewards...
 7
Building sparse matrix (transitions)... [n=1147413, nc=2168510, nnz=2338490, k=3] [39.4 MB]
Building sparse matrix (transition rewards)... [n=1147413, nc=2168510, nnz=992934, k=3] [24.0 MB]
Creating vector for state rewards... [8.8 MB]
Creating vector for inf... [8.8 MB]
Creating vector for lower bounds... [8.8 MB]
Creating vector for upper bounds... [8.8 MB]
Allocating iteration vectors... [4 x 8.8 MB]
TOTAL: [133.5 MB]

Starting iterations (interval iteration)...

 Time for pre-computation: 1.048000 Iteration 243: max relative diff=50.000000, 3.95 sec so far
Iteration 558: max relative diff=50.000000, 8.96 sec so far
Iteration 874: max relative diff=50.000000, 13.98 sec so far
Iteration 1189: max relative diff=50.000000, 18.99 sec so far
Iteration 1504: max relative diff=50.000000, 24.00 sec so far
Iteration 1819: max relative diff=50.000000, 29.01 sec so far
Iteration 2134: max relative diff=50.000000, 34.02 sec so far
Iteration 2449: max relative diff=50.000000, 39.02 sec so far
Iteration 2764: max relative diff=50.000000, 44.03 sec so far
Iteration 3079: max relative diff=50.000000, 49.04 sec so far
Iteration 3394: max relative diff=50.000000, 54.05 sec so far
Iteration 3708: max relative diff=9.179688, 59.05 sec so far
Iteration 4023: max relative diff=9.179688, 64.06 sec so far
Iteration 4338: max relative diff=9.179688, 69.07 sec so far
Iteration 4653: max relative diff=9.179688, 74.09 sec so far
Iteration 4968: max relative diff=0.851631, 79.10 sec so far
Iteration 5283: max relative diff=0.851631, 84.11 sec so far
Iteration 5598: max relative diff=0.851631, 89.12 sec so far
Iteration 5913: max relative diff=0.851631, 94.13 sec so far
Iteration 6228: max relative diff=0.039504, 99.14 sec so far
Iteration 6543: max relative diff=0.039504, 104.15 sec so far
Iteration 6858: max relative diff=0.039504, 109.16 sec so far
Iteration 7173: max relative diff=0.039504, 114.17 sec so far
Iteration 7488: max relative diff=0.000921, 119.19 sec so far
Iteration 7803: max relative diff=0.000921, 124.19 sec so far
Iteration 8118: max relative diff=0.000921, 129.20 sec so far
Iteration 8433: max relative diff=0.000021, 134.22 sec so far
Iteration 8749: max relative diff=0.000021, 139.23 sec so far
Iteration 9064: max relative diff=0.000021, 144.24 sec so far
Iteration 9379: max relative diff=0.000021, 149.25 sec so far

First round (updates from below) finished after 9621 iters.Iteration 9685: max relative diff=645.000000, 154.26 sec so far
Iteration 9959: max relative diff=645.000000, 159.27 sec so far
Iteration 10233: max relative diff=645.000000, 164.27 sec so far
Iteration 10507: max relative diff=645.000000, 169.28 sec so far
Iteration 10781: max relative diff=645.000000, 174.28 sec so far
Iteration 11056: max relative diff=147.076545, 179.28 sec so far
Iteration 11336: max relative diff=147.076545, 184.29 sec so far
Iteration 11619: max relative diff=147.076545, 189.29 sec so far
Iteration 11906: max relative diff=147.076545, 194.30 sec so far
Iteration 12199: max relative diff=14.902527, 199.31 sec so far
Iteration 12493: max relative diff=14.902527, 204.32 sec so far
Iteration 12787: max relative diff=14.902527, 209.32 sec so far
Iteration 13082: max relative diff=14.902527, 214.33 sec so far
Iteration 13377: max relative diff=1.829809, 219.35 sec so far
Iteration 13672: max relative diff=1.829809, 224.37 sec so far
Iteration 13967: max relative diff=1.829809, 229.37 sec so far
Iteration 14261: max relative diff=1.829809, 234.38 sec so far
Iteration 14555: max relative diff=0.131710, 239.38 sec so far
Iteration 14849: max relative diff=0.131710, 244.39 sec so far
Iteration 15144: max relative diff=0.131710, 249.40 sec so far
Iteration 15438: max relative diff=0.131710, 254.41 sec so far
Iteration 15732: max relative diff=0.005993, 259.41 sec so far
Iteration 16026: max relative diff=0.005993, 264.41 sec so far
Iteration 16320: max relative diff=0.005993, 269.41 sec so far
Iteration 16614: max relative diff=0.005993, 274.41 sec so far
Iteration 16908: max relative diff=0.000124, 279.42 sec so far
Iteration 17202: max relative diff=0.000124, 284.42 sec so far
Iteration 17496: max relative diff=0.000124, 289.42 sec so far
Iteration 17790: max relative diff=0.000124, 294.42 sec so far
Iteration 18084: max relative diff=0.000003, 299.43 sec so far
Iteration 18379: max relative diff=0.000003, 304.45 sec so far
Iteration 18674: max relative diff=0.000003, 309.46 sec so far
Iteration 18970: max relative diff=0.000003, 314.48 sec so far

Second round (updates from above) finished after 19242 iters.
Update from both sides... 
Iteration 19259: max relative diff=0.000667, 319.49 sec so far
Iteration 19480: max relative diff=0.000545, 324.50 sec so far
Iteration 19701: max relative diff=0.000423, 329.50 sec so far
Iteration 19922: max relative diff=0.000302, 334.50 sec so far
Iteration 20143: max relative diff=0.000180, 339.50 sec so far
Iteration 20365: max relative diff=0.000058, 344.53 sec so far
Iteration 20586: max relative diff=0.000014, 349.53 sec so far
Iteration 20807: max relative diff=0.000011, 354.54 sec so far
Iteration 21028: max relative diff=0.000008, 359.55 sec so far
Iteration 21249: max relative diff=0.000005, 364.55 sec so far
Iteration 21470: max relative diff=0.000003, 369.55 sec so far
Max relative diff between upper and lower bound on convergence: 0

Number of iterations for the lower bound = 11975

Iterative method: 21596 iterations in 372.41 seconds (average 0.017244, setup 2.92)
Maximum finite value in solution vector at end of interval iteration: 194344.10673615092

Value in the initial state: 194344.10673615092

Time for model checking: 521.297 seconds.

Result: 194344.10673615092 (value in the initial state)

---------------------------------------------------------------------

Note: There were 2 warnings during computation.

