PRISM
=====

Version: 4.4
Date: Sat Feb 20 17:09:30 IRST 2021
Hostname: sadegh-H81M-S2PH
Memory limits: cudd=1g, java(heap)=910.5m
Command line: prism ../../examples/mdps/wlan/wlan3.nm ../../examples/mdps/wlan/cost_max.pctl -s '-ii:upper=1.2e+12' -asynchii -maxiters 900500 -const COL=5 -const TRANS_TIME_MAX=1700

Parsing model file "../../examples/mdps/wlan/wlan3.nm"...

Parsing properties file "../../examples/mdps/wlan/cost_max.pctl"...

1 property:
(1) "cost_max": R{"cost"}max=? [ F s1=12&s2=12 ]

Type:        MDP
Modules:     medium station1 station2 
Variables:   col c1 c2 x1 s1 slot1 backoff1 bc1 x2 s2 slot2 backoff2 bc2 

---------------------------------------------------------------------

Model checking: "cost_max": R{"cost"}max=? [ F s1=12&s2=12 ]
Model constants: COL=5,TRANS_TIME_MAX=1700

Warning: Not Switching to explicit engine, We implemented the emthods for sparse engine.

Building model...
Model constants: COL=5,TRANS_TIME_MAX=1700

Computing reachable states...

Reachability (BFS): 1842 iterations in 76.45 seconds (average 0.041504, setup 0.00)

Time for model construction: 101.62 seconds.

Type:        MDP
States:      1544913 (1 initial)
Transitions: 3140996
Choices:     2971016

Transition matrix: 709091 nodes (6 terminal), 3140996 minterms, vars: 55r/55c/7nd

Prob0E: 5540 iterations in 260.49 seconds (average 0.047020, setup 0.00)

Prob1A: 1 iterations in 0.10 seconds (average 0.102000, setup 0.00)

goal = 6, inf = 0, maybe = 1544907

Warning: Upper bound for interval iteration manually set to 1.2E12

Computing remaining rewards...
 8
Building sparse matrix (transitions)... [n=1544913, nc=2971010, nnz=3140990, k=3] [53.2 MB]
Building sparse matrix (transition rewards)... [n=1544913, nc=2971010, nnz=1385434, k=3] [33.1 MB]
Creating vector for state rewards... [11.8 MB]
Creating vector for inf... [11.8 MB]
Creating vector for lower bounds... [11.8 MB]
Creating vector for upper bounds... [11.8 MB]
Allocating iteration vectors... [4 x 11.8 MB]
TOTAL: [180.5 MB]

Starting iterations (interval iteration)...

 Time for pre-computation	: 0.045000 
		 >> 1544907 after 0 iters << 
Iteration 215: max relative diff=1.000000, 4.97 sec so far
Iteration 437: max relative diff=1.000000, 9.97 sec so far
Iteration 659: max relative diff=1.000000, 14.98 sec so far
Iteration 881: max relative diff=1.000000, 19.99 sec so far
Iteration 1103: max relative diff=1.000000, 25.00 sec so far
Iteration 1325: max relative diff=1.000000, 30.01 sec so far
Iteration 1547: max relative diff=1.000000, 35.01 sec so far
Iteration 1769: max relative diff=1.000000, 40.01 sec so far
Iteration 1991: max relative diff=1.000000, 45.02 sec so far
Iteration 2211: max relative diff=1.000000, 50.02 sec so far
Iteration 2433: max relative diff=1.000000, 55.03 sec so far
Iteration 2655: max relative diff=1.000000, 60.04 sec so far
Iteration 2877: max relative diff=1.000000, 65.05 sec so far
Iteration 3099: max relative diff=1.000000, 70.06 sec so far
Iteration 3321: max relative diff=1.000000, 75.06 sec so far
Iteration 3544: max relative diff=1.000000, 80.08 sec so far
Iteration 3766: max relative diff=1.000000, 85.10 sec so far
Iteration 3988: max relative diff=1.000000, 90.11 sec so far
Iteration 4210: max relative diff=1.000000, 95.12 sec so far
Iteration 4432: max relative diff=1.000000, 100.12 sec so far
Iteration 4654: max relative diff=1.000000, 105.13 sec so far
Iteration 4875: max relative diff=1.000000, 110.15 sec so far
Iteration 5097: max relative diff=1.000000, 115.16 sec so far
Iteration 5319: max relative diff=1.000000, 120.16 sec so far
Iteration 5541: max relative diff=1.000000, 125.17 sec so far
Iteration 5763: max relative diff=1.000000, 130.18 sec so far
Iteration 5985: max relative diff=1.000000, 135.18 sec so far
Iteration 6207: max relative diff=1.000000, 140.19 sec so far
Iteration 6429: max relative diff=1.000000, 145.20 sec so far
Iteration 6651: max relative diff=1.000000, 150.20 sec so far
Iteration 6874: max relative diff=1.000000, 155.22 sec so far
Iteration 7097: max relative diff=1.000000, 160.24 sec so far
Iteration 7320: max relative diff=1.000000, 165.26 sec so far
Iteration 7541: max relative diff=1.000000, 170.27 sec so far
Iteration 7763: max relative diff=1.000000, 175.27 sec so far
Iteration 7986: max relative diff=1.000000, 180.29 sec so far
Iteration 8208: max relative diff=1.000000, 185.29 sec so far
Iteration 8430: max relative diff=1.000000, 190.30 sec so far
Iteration 8628: max relative diff=1200000000000.000000, 195.31 sec so far
Iteration 8817: max relative diff=1200000000000.000000, 200.32 sec so far
Iteration 9006: max relative diff=1200000000000.000000, 205.34 sec so far
Iteration 9195: max relative diff=1200000000000.000000, 210.36 sec so far
Iteration 9384: max relative diff=1200000000000.000000, 215.38 sec so far
Iteration 9573: max relative diff=1200000000000.000000, 220.40 sec so far
Iteration 9762: max relative diff=1200000000000.000000, 225.43 sec so far
Iteration 9951: max relative diff=1200000000000.000000, 230.46 sec so far
Iteration 10140: max relative diff=1200000000000.000000, 235.47 sec so far
Iteration 10329: max relative diff=1200000000000.000000, 240.48 sec so far
Iteration 10518: max relative diff=1200000000000.000000, 245.50 sec so far
Iteration 10707: max relative diff=1200000000000.000000, 250.52 sec so far
Iteration 10896: max relative diff=1200000000000.000000, 255.55 sec so far
Iteration 11085: max relative diff=1200000000000.000000, 260.57 sec so far
Iteration 11274: max relative diff=1200000000000.000000, 265.60 sec so far
Iteration 11463: max relative diff=1200000000000.000000, 270.61 sec so far
Iteration 11652: max relative diff=1200000000000.000000, 275.63 sec so far
Iteration 11841: max relative diff=1200000000000.000000, 280.64 sec so far
Iteration 12029: max relative diff=1199999977879.273193, 285.65 sec so far
Iteration 12218: max relative diff=1199999977880.562744, 290.68 sec so far
Iteration 12407: max relative diff=1199999977881.852295, 295.70 sec so far
Iteration 12596: max relative diff=1199999977883.141846, 300.71 sec so far
Iteration 12785: max relative diff=1199999977884.431396, 305.73 sec so far
Iteration 12974: max relative diff=1199999977885.720947, 310.75 sec so far
Iteration 13163: max relative diff=1199999977887.010254, 315.77 sec so far
Iteration 13352: max relative diff=1199999977888.299805, 320.79 sec so far
Iteration 13541: max relative diff=1199999977889.589355, 325.81 sec so far
Iteration 13730: max relative diff=220312481420.877228, 330.83 sec so far
Iteration 13919: max relative diff=220312481504.095490, 335.85 sec so far
Iteration 14108: max relative diff=220312481587.313751, 340.87 sec so far
Iteration 14296: max relative diff=220312481670.091675, 345.88 sec so far
Iteration 14485: max relative diff=220312481753.309937, 350.90 sec so far
Iteration 14674: max relative diff=220312481836.528198, 355.92 sec so far
Iteration 14863: max relative diff=220312481919.746429, 360.94 sec so far
Iteration 15052: max relative diff=220312482002.964691, 365.95 sec so far
Iteration 15241: max relative diff=220312482086.182922, 370.97 sec so far
Iteration 15430: max relative diff=20439147245.636578, 376.00 sec so far
Iteration 15619: max relative diff=20439147328.854828, 381.02 sec so far
Iteration 15808: max relative diff=20439147412.073078, 386.05 sec so far
Iteration 15997: max relative diff=20439147495.291332, 391.07 sec so far
Iteration 16185: max relative diff=20439147578.069275, 396.09 sec so far
Iteration 16373: max relative diff=20439147660.847218, 401.09 sec so far
Iteration 16561: max relative diff=20439147743.625160, 406.12 sec so far
Iteration 16749: max relative diff=20439147826.403103, 411.13 sec so far
Iteration 16937: max relative diff=20439147909.181046, 416.15 sec so far
Iteration 17125: max relative diff=953095122.371935, 421.16 sec so far
Iteration 17313: max relative diff=953095205.149879, 426.17 sec so far
Iteration 17501: max relative diff=953095287.927822, 431.19 sec so far
Iteration 17689: max relative diff=953095370.705765, 436.20 sec so far
Iteration 17877: max relative diff=953095453.483708, 441.21 sec so far
Iteration 18065: max relative diff=953095536.261651, 446.23 sec so far
Iteration 18253: max relative diff=953095619.039595, 451.25 sec so far
Iteration 18441: max relative diff=953095701.817537, 456.26 sec so far
Iteration 18629: max relative diff=953095784.595480, 461.28 sec so far
Iteration 18817: max relative diff=22280776.867032, 466.30 sec so far
Iteration 19005: max relative diff=22280778.802088, 471.32 sec so far
Iteration 19193: max relative diff=22280780.737143, 476.33 sec so far
Iteration 19381: max relative diff=22280782.672199, 481.34 sec so far
Iteration 19569: max relative diff=22280784.607255, 486.36 sec so far
Iteration 19757: max relative diff=22280786.542310, 491.38 sec so far
Iteration 19945: max relative diff=22280788.477366, 496.39 sec so far
Iteration 20133: max relative diff=22280790.412422, 501.41 sec so far
Iteration 20321: max relative diff=22280792.347477, 506.43 sec so far
Iteration 20509: max relative diff=521628.149924, 511.45 sec so far
Iteration 20697: max relative diff=521628.195159, 516.46 sec so far
Iteration 20885: max relative diff=521628.240394, 521.48 sec so far
Iteration 21073: max relative diff=521628.285629, 526.50 sec so far
Iteration 21261: max relative diff=521628.330863, 531.51 sec so far
Iteration 21449: max relative diff=521628.376098, 536.53 sec so far
Iteration 21637: max relative diff=521628.421333, 541.54 sec so far
Iteration 21825: max relative diff=521628.466568, 546.55 sec so far
Iteration 22013: max relative diff=521628.511803, 551.57 sec so far
Iteration 22201: max relative diff=12976.177402, 556.59 sec so far
Iteration 22389: max relative diff=12976.178459, 561.60 sec so far
Iteration 22577: max relative diff=12976.179517, 566.62 sec so far
Iteration 22765: max relative diff=12976.180574, 571.63 sec so far
Iteration 22953: max relative diff=12976.181632, 576.64 sec so far
Iteration 23141: max relative diff=12976.182689, 581.66 sec so far
Iteration 23329: max relative diff=12976.183746, 586.68 sec so far
Iteration 23517: max relative diff=12976.184804, 591.68 sec so far
Iteration 23705: max relative diff=12976.185861, 596.70 sec so far
Iteration 23890: max relative diff=1064.008364, 601.70 sec so far
Iteration 24078: max relative diff=1064.008388, 606.71 sec so far
Iteration 24266: max relative diff=1064.008413, 611.73 sec so far
Iteration 24454: max relative diff=1064.008438, 616.74 sec so far
Iteration 24642: max relative diff=1064.008462, 621.76 sec so far
Iteration 24830: max relative diff=1064.008487, 626.78 sec so far
Iteration 25018: max relative diff=1064.008512, 631.79 sec so far
Iteration 25206: max relative diff=1064.008537, 636.80 sec so far
Iteration 25394: max relative diff=1064.008561, 641.81 sec so far
Iteration 25556: max relative diff=760.945452, 646.82 sec so far
Iteration 25658: max relative diff=716.045752, 651.85 sec so far
Iteration 25760: max relative diff=671.134315, 656.88 sec so far
Iteration 25862: max relative diff=626.222878, 661.90 sec so far
Iteration 25964: max relative diff=581.311441, 666.93 sec so far
Iteration 26066: max relative diff=536.400005, 671.96 sec so far
Iteration 26168: max relative diff=491.488568, 676.99 sec so far
Iteration 26270: max relative diff=446.577131, 682.02 sec so far
Iteration 26372: max relative diff=401.665694, 687.05 sec so far
Iteration 26474: max relative diff=356.754257, 692.08 sec so far
Iteration 26576: max relative diff=311.842820, 697.11 sec so far
Iteration 26678: max relative diff=266.931383, 702.13 sec so far
Iteration 26780: max relative diff=222.019946, 707.17 sec so far
Iteration 26882: max relative diff=177.108509, 712.20 sec so far
Iteration 26984: max relative diff=132.197073, 717.23 sec so far
Iteration 27086: max relative diff=87.285636, 722.25 sec so far
Iteration 27188: max relative diff=42.374199, 727.28 sec so far
Iteration 27290: max relative diff=17.465388, 732.31 sec so far
Iteration 27392: max relative diff=16.415517, 737.34 sec so far
Iteration 27494: max relative diff=15.365646, 742.38 sec so far
Iteration 27596: max relative diff=14.315776, 747.41 sec so far
Iteration 27698: max relative diff=13.265905, 752.43 sec so far
Iteration 27800: max relative diff=12.216035, 757.47 sec so far
Iteration 27902: max relative diff=11.166164, 762.49 sec so far
Iteration 28004: max relative diff=10.116293, 767.53 sec so far
Iteration 28106: max relative diff=9.066423, 772.56 sec so far
Iteration 28208: max relative diff=8.016552, 777.59 sec so far
Iteration 28310: max relative diff=6.966681, 782.62 sec so far
Iteration 28412: max relative diff=5.916811, 787.65 sec so far
Iteration 28514: max relative diff=4.866940, 792.68 sec so far
Iteration 28616: max relative diff=3.817070, 797.70 sec so far
Iteration 28718: max relative diff=2.767199, 802.73 sec so far
Iteration 28820: max relative diff=1.717328, 807.76 sec so far
Iteration 28922: max relative diff=0.664499, 812.79 sec so far
Iteration 29024: max relative diff=0.400726, 817.82 sec so far
Iteration 29126: max relative diff=0.376184, 822.85 sec so far
Iteration 29228: max relative diff=0.351641, 827.89 sec so far
Iteration 29330: max relative diff=0.327099, 832.92 sec so far
Iteration 29432: max relative diff=0.302557, 837.95 sec so far
Iteration 29534: max relative diff=0.278015, 842.98 sec so far
Iteration 29636: max relative diff=0.253472, 848.01 sec so far
Iteration 29738: max relative diff=0.228930, 853.04 sec so far
Iteration 29840: max relative diff=0.204388, 858.07 sec so far
Iteration 29942: max relative diff=0.179845, 863.10 sec so far
Iteration 30044: max relative diff=0.155303, 868.13 sec so far
Iteration 30146: max relative diff=0.130761, 873.16 sec so far
Iteration 30248: max relative diff=0.106219, 878.18 sec so far
Iteration 30350: max relative diff=0.081676, 883.21 sec so far
Iteration 30452: max relative diff=0.057134, 888.25 sec so far
Iteration 30554: max relative diff=0.032592, 893.28 sec so far
Iteration 30656: max relative diff=0.009764, 898.31 sec so far
Iteration 30758: max relative diff=0.009191, 903.33 sec so far
Iteration 30860: max relative diff=0.008617, 908.36 sec so far
Iteration 30962: max relative diff=0.008044, 913.39 sec so far
Iteration 31064: max relative diff=0.007470, 918.41 sec so far
Iteration 31166: max relative diff=0.006896, 923.45 sec so far
Iteration 31268: max relative diff=0.006322, 928.48 sec so far
Iteration 31370: max relative diff=0.005749, 933.51 sec so far
Iteration 31472: max relative diff=0.005175, 938.53 sec so far
Iteration 31574: max relative diff=0.004601, 943.56 sec so far
Iteration 31676: max relative diff=0.004028, 948.60 sec so far
Iteration 31778: max relative diff=0.003454, 953.63 sec so far
Iteration 31880: max relative diff=0.002880, 958.66 sec so far
Iteration 31982: max relative diff=0.002306, 963.68 sec so far
Iteration 32084: max relative diff=0.001733, 968.71 sec so far
Iteration 32186: max relative diff=0.001159, 973.72 sec so far
Iteration 32288: max relative diff=0.000585, 978.75 sec so far
Iteration 32390: max relative diff=0.000224, 983.79 sec so far
Iteration 32492: max relative diff=0.000211, 988.81 sec so far
Iteration 32594: max relative diff=0.000197, 993.83 sec so far
Iteration 32696: max relative diff=0.000184, 998.86 sec so far
Iteration 32798: max relative diff=0.000171, 1003.89 sec so far
Iteration 32900: max relative diff=0.000157, 1008.92 sec so far
Iteration 33002: max relative diff=0.000144, 1013.94 sec so far
Iteration 33104: max relative diff=0.000130, 1018.97 sec so far
Iteration 33206: max relative diff=0.000117, 1024.00 sec so far
Iteration 33308: max relative diff=0.000103, 1029.03 sec so far
Iteration 33410: max relative diff=0.000090, 1034.06 sec so far
Iteration 33512: max relative diff=0.000077, 1039.08 sec so far
Iteration 33614: max relative diff=0.000063, 1044.12 sec so far
Iteration 33716: max relative diff=0.000050, 1049.15 sec so far
Iteration 33818: max relative diff=0.000036, 1054.18 sec so far
Iteration 33920: max relative diff=0.000023, 1059.21 sec so far
Iteration 34022: max relative diff=0.000010, 1064.24 sec so far
Iteration 34124: max relative diff=0.000005, 1069.28 sec so far
Iteration 34226: max relative diff=0.000005, 1074.31 sec so far
Iteration 34328: max relative diff=0.000005, 1079.33 sec so far
Iteration 34430: max relative diff=0.000004, 1084.36 sec so far
Iteration 34532: max relative diff=0.000004, 1089.38 sec so far
Iteration 34634: max relative diff=0.000004, 1094.40 sec so far
Iteration 34736: max relative diff=0.000003, 1099.43 sec so far
Iteration 34838: max relative diff=0.000003, 1104.46 sec so far
Iteration 34940: max relative diff=0.000003, 1109.49 sec so far
Iteration 35042: max relative diff=0.000002, 1114.52 sec so far
Iteration 35144: max relative diff=0.000002, 1119.55 sec so far
Iteration 35246: max relative diff=0.000002, 1124.58 sec so far
Iteration 35348: max relative diff=0.000001, 1129.61 sec so far
Iteration 35450: max relative diff=0.000001, 1134.64 sec so far
Max relative diff between upper and lower bound on convergence: 9.83477E-07
LowItr:18447 , UpItr:26973 

Iterative method: 35471 iterations in 1135.67 seconds (average 0.032017, setup 4.12)
Maximum finite value in solution vector at end of interval iteration: 1.8823150187224376E8

Value in the initial state: 3.765059467966932E7

Time for model checking: 1400.733 seconds.

Result: 3.765059467966932E7 (value in the initial state)

---------------------------------------------------------------------

Note: There were 2 warnings during computation.

