PRISM
=====

Version: 4.4
Date: Sun Feb 21 02:36:26 IRST 2021
Hostname: sadegh-H81M-S2PH
Memory limits: cudd=1g, java(heap)=910.5m
Command line: prism ../../examples/mdps/wlan/wlan3.nm ../../examples/mdps/wlan/cost_max.pctl -s '-ii:upper=1.2e+12' -asynchii -maxiters 900500 -const COL=5 -const TRANS_TIME_MAX=1900

Parsing model file "../../examples/mdps/wlan/wlan3.nm"...

Parsing properties file "../../examples/mdps/wlan/cost_max.pctl"...

1 property:
(1) "cost_max": R{"cost"}max=? [ F s1=12&s2=12 ]

Type:        MDP
Modules:     medium station1 station2 
Variables:   col c1 c2 x1 s1 slot1 backoff1 bc1 x2 s2 slot2 backoff2 bc2 

---------------------------------------------------------------------

Model checking: "cost_max": R{"cost"}max=? [ F s1=12&s2=12 ]
Model constants: COL=5,TRANS_TIME_MAX=1900

Warning: Not Switching to explicit engine, We implemented the emthods for sparse engine.

Building model...
Model constants: COL=5,TRANS_TIME_MAX=1900

Computing reachable states...

Reachability (BFS): 2042 iterations in 91.34 seconds (average 0.044732, setup 0.00)

Time for model construction: 124.323 seconds.

Type:        MDP
States:      1703913 (1 initial)
Transitions: 3461996
Choices:     3292016

Transition matrix: 783827 nodes (6 terminal), 3461996 minterms, vars: 55r/55c/7nd

Prob0E: 6140 iterations in 308.65 seconds (average 0.050269, setup 0.00)

Prob1A: 1 iterations in 0.11 seconds (average 0.113000, setup 0.00)

goal = 6, inf = 0, maybe = 1703907

Warning: Upper bound for interval iteration manually set to 1.2E12

Computing remaining rewards...
 8
Building sparse matrix (transitions)... [n=1703913, nc=3292010, nnz=3461990, k=3] [58.7 MB]
Building sparse matrix (transition rewards)... [n=1703913, nc=3292010, nnz=1542434, k=3] [36.7 MB]
Creating vector for state rewards... [13.0 MB]
Creating vector for inf... [13.0 MB]
Creating vector for lower bounds... [13.0 MB]
Creating vector for upper bounds... [13.0 MB]
Allocating iteration vectors... [4 x 13.0 MB]
TOTAL: [199.4 MB]

Starting iterations (interval iteration)...

 Time for pre-computation	: 0.052000 
		 >> 1703907 after 0 iters << 
Iteration 192: max relative diff=1.000000, 4.96 sec so far
Iteration 392: max relative diff=1.000000, 9.98 sec so far
Iteration 592: max relative diff=1.000000, 14.99 sec so far
Iteration 791: max relative diff=1.000000, 20.00 sec so far
Iteration 991: max relative diff=1.000000, 25.02 sec so far
Iteration 1191: max relative diff=1.000000, 30.04 sec so far
Iteration 1391: max relative diff=1.000000, 35.06 sec so far
Iteration 1591: max relative diff=1.000000, 40.08 sec so far
Iteration 1791: max relative diff=1.000000, 45.10 sec so far
Iteration 1991: max relative diff=1.000000, 50.12 sec so far
Iteration 2190: max relative diff=1.000000, 55.12 sec so far
Iteration 2389: max relative diff=1.000000, 60.12 sec so far
Iteration 2589: max relative diff=1.000000, 65.14 sec so far
Iteration 2789: max relative diff=1.000000, 70.16 sec so far
Iteration 2989: max relative diff=1.000000, 75.19 sec so far
Iteration 3189: max relative diff=1.000000, 80.21 sec so far
Iteration 3389: max relative diff=1.000000, 85.23 sec so far
Iteration 3589: max relative diff=1.000000, 90.26 sec so far
Iteration 3789: max relative diff=1.000000, 95.28 sec so far
Iteration 3989: max relative diff=1.000000, 100.30 sec so far
Iteration 4189: max relative diff=1.000000, 105.32 sec so far
Iteration 4389: max relative diff=1.000000, 110.35 sec so far
Iteration 4589: max relative diff=1.000000, 115.37 sec so far
Iteration 4788: max relative diff=1.000000, 120.37 sec so far
Iteration 4988: max relative diff=1.000000, 125.39 sec so far
Iteration 5188: max relative diff=1.000000, 130.41 sec so far
Iteration 5388: max relative diff=1.000000, 135.44 sec so far
Iteration 5588: max relative diff=1.000000, 140.46 sec so far
Iteration 5788: max relative diff=1.000000, 145.48 sec so far
Iteration 5988: max relative diff=1.000000, 150.49 sec so far
Iteration 6188: max relative diff=1.000000, 155.51 sec so far
Iteration 6388: max relative diff=1.000000, 160.52 sec so far
Iteration 6588: max relative diff=1.000000, 165.54 sec so far
Iteration 6788: max relative diff=1.000000, 170.57 sec so far
Iteration 6988: max relative diff=1.000000, 175.59 sec so far
Iteration 7188: max relative diff=1.000000, 180.61 sec so far
Iteration 7388: max relative diff=1.000000, 185.63 sec so far
Iteration 7588: max relative diff=1.000000, 190.65 sec so far
Iteration 7788: max relative diff=1.000000, 195.67 sec so far
Iteration 7988: max relative diff=1.000000, 200.69 sec so far
Iteration 8188: max relative diff=1.000000, 205.70 sec so far
Iteration 8388: max relative diff=1.000000, 210.73 sec so far
Iteration 8588: max relative diff=1.000000, 215.75 sec so far
Iteration 8788: max relative diff=1.000000, 220.77 sec so far
Iteration 8988: max relative diff=1.000000, 225.79 sec so far
Iteration 9188: max relative diff=1.000000, 230.81 sec so far
Iteration 9388: max relative diff=1.000000, 235.83 sec so far
Iteration 9573: max relative diff=1200000000000.000000, 240.84 sec so far
Iteration 9743: max relative diff=1200000000000.000000, 245.85 sec so far
Iteration 9913: max relative diff=1200000000000.000000, 250.87 sec so far
Iteration 10083: max relative diff=1200000000000.000000, 255.88 sec so far
Iteration 10253: max relative diff=1200000000000.000000, 260.89 sec so far
Iteration 10423: max relative diff=1200000000000.000000, 265.91 sec so far
Iteration 10593: max relative diff=1200000000000.000000, 270.91 sec so far
Iteration 10763: max relative diff=1200000000000.000000, 275.92 sec so far
Iteration 10933: max relative diff=1200000000000.000000, 280.93 sec so far
Iteration 11103: max relative diff=1200000000000.000000, 285.95 sec so far
Iteration 11273: max relative diff=1200000000000.000000, 290.96 sec so far
Iteration 11443: max relative diff=1200000000000.000000, 295.97 sec so far
Iteration 11613: max relative diff=1200000000000.000000, 301.00 sec so far
Iteration 11783: max relative diff=1200000000000.000000, 306.01 sec so far
Iteration 11953: max relative diff=1200000000000.000000, 311.02 sec so far
Iteration 12123: max relative diff=1200000000000.000000, 316.03 sec so far
Iteration 12293: max relative diff=1200000000000.000000, 321.05 sec so far
Iteration 12463: max relative diff=1200000000000.000000, 326.06 sec so far
Iteration 12633: max relative diff=1200000000000.000000, 331.08 sec so far
Iteration 12803: max relative diff=1200000000000.000000, 336.09 sec so far
Iteration 12973: max relative diff=1200000000000.000000, 341.10 sec so far
Iteration 13143: max relative diff=1200000000000.000000, 346.11 sec so far
Iteration 13313: max relative diff=1199999975321.630615, 351.12 sec so far
Iteration 13483: max relative diff=1199999975322.790527, 356.13 sec so far
Iteration 13653: max relative diff=1199999975323.950439, 361.15 sec so far
Iteration 13823: max relative diff=1199999975325.110107, 366.17 sec so far
Iteration 13993: max relative diff=1199999975326.270020, 371.18 sec so far
Iteration 14163: max relative diff=1199999975327.429932, 376.19 sec so far
Iteration 14333: max relative diff=1199999975328.589844, 381.20 sec so far
Iteration 14503: max relative diff=1199999975329.749756, 386.21 sec so far
Iteration 14673: max relative diff=1199999975330.909668, 391.21 sec so far
Iteration 14843: max relative diff=1199999975332.069580, 396.22 sec so far
Iteration 15013: max relative diff=1199999975333.229492, 401.24 sec so far
Iteration 15183: max relative diff=1199999975334.391357, 406.24 sec so far
Iteration 15353: max relative diff=220312479270.203857, 411.25 sec so far
Iteration 15523: max relative diff=220312479345.056244, 416.27 sec so far
Iteration 15693: max relative diff=220312479419.908630, 421.29 sec so far
Iteration 15863: max relative diff=220312479494.761017, 426.30 sec so far
Iteration 16033: max relative diff=220312479569.613434, 431.31 sec so far
Iteration 16203: max relative diff=220312479644.465820, 436.32 sec so far
Iteration 16373: max relative diff=220312479719.318207, 441.34 sec so far
Iteration 16543: max relative diff=220312479794.170624, 446.35 sec so far
Iteration 16713: max relative diff=220312479869.023010, 451.37 sec so far
Iteration 16883: max relative diff=220312479943.875397, 456.38 sec so far
Iteration 17053: max relative diff=220312480018.727783, 461.39 sec so far
Iteration 17223: max relative diff=20439147154.341045, 466.40 sec so far
Iteration 17393: max relative diff=20439147229.193443, 471.42 sec so far
Iteration 17563: max relative diff=20439147304.045837, 476.43 sec so far
Iteration 17733: max relative diff=20439147378.898232, 481.45 sec so far
Iteration 17903: max relative diff=20439147453.750629, 486.46 sec so far
Iteration 18073: max relative diff=20439147528.603024, 491.48 sec so far
Iteration 18243: max relative diff=20439147603.455418, 496.49 sec so far
Iteration 18414: max relative diff=20439147678.748123, 501.52 sec so far
Iteration 18584: max relative diff=20439147753.600517, 506.53 sec so far
Iteration 18754: max relative diff=20439147828.452911, 511.54 sec so far
Iteration 18924: max relative diff=20439147903.305309, 516.55 sec so far
Iteration 19094: max relative diff=953095108.722381, 521.56 sec so far
Iteration 19264: max relative diff=953095183.574777, 526.57 sec so far
Iteration 19434: max relative diff=953095258.427172, 531.58 sec so far
Iteration 19604: max relative diff=953095333.279568, 536.59 sec so far
Iteration 19774: max relative diff=953095408.131963, 541.61 sec so far
Iteration 19944: max relative diff=953095482.984358, 546.62 sec so far
Iteration 20114: max relative diff=953095557.836753, 551.63 sec so far
Iteration 20284: max relative diff=953095632.689149, 556.65 sec so far
Iteration 20454: max relative diff=953095707.541544, 561.66 sec so far
Iteration 20624: max relative diff=953095782.393939, 566.67 sec so far
Iteration 20794: max relative diff=953095857.246335, 571.68 sec so far
Iteration 20964: max relative diff=22280864.383153, 576.70 sec so far
Iteration 21134: max relative diff=22280866.132937, 581.71 sec so far
Iteration 21304: max relative diff=22280867.882721, 586.72 sec so far
Iteration 21474: max relative diff=22280869.632506, 591.73 sec so far
Iteration 21644: max relative diff=22280871.382290, 596.74 sec so far
Iteration 21814: max relative diff=22280873.132075, 601.75 sec so far
Iteration 21984: max relative diff=22280874.881859, 606.76 sec so far
Iteration 22154: max relative diff=22280876.631643, 611.78 sec so far
Iteration 22324: max relative diff=22280878.381428, 616.79 sec so far
Iteration 22494: max relative diff=22280880.131212, 621.81 sec so far
Iteration 22664: max relative diff=22280881.880997, 626.82 sec so far
Iteration 22834: max relative diff=521718.252098, 631.84 sec so far
Iteration 23004: max relative diff=521718.292994, 636.84 sec so far
Iteration 23174: max relative diff=521718.333898, 641.86 sec so far
Iteration 23344: max relative diff=521718.374801, 646.87 sec so far
Iteration 23514: max relative diff=521718.415705, 651.88 sec so far
Iteration 23684: max relative diff=521718.456609, 656.89 sec so far
Iteration 23854: max relative diff=521718.497513, 661.90 sec so far
Iteration 24024: max relative diff=521718.538417, 666.91 sec so far
Iteration 24194: max relative diff=521718.579320, 671.92 sec so far
Iteration 24364: max relative diff=521718.620224, 676.93 sec so far
Iteration 24534: max relative diff=521718.661128, 681.94 sec so far
Iteration 24704: max relative diff=521718.651161, 686.95 sec so far
Iteration 24874: max relative diff=13066.346146, 691.96 sec so far
Iteration 25044: max relative diff=13066.347102, 696.97 sec so far
Iteration 25214: max relative diff=13066.348058, 701.98 sec so far
Iteration 25385: max relative diff=13066.349020, 707.01 sec so far
Iteration 25555: max relative diff=13066.349976, 712.02 sec so far
Iteration 25725: max relative diff=13066.350933, 717.03 sec so far
Iteration 25895: max relative diff=13066.351889, 722.04 sec so far
Iteration 26065: max relative diff=13066.352845, 727.05 sec so far
Iteration 26235: max relative diff=13066.353801, 732.07 sec so far
Iteration 26405: max relative diff=13066.354757, 737.08 sec so far
Iteration 26575: max relative diff=13066.355713, 742.09 sec so far
Iteration 26743: max relative diff=1154.177829, 747.12 sec so far
Iteration 26913: max relative diff=1154.177851, 752.13 sec so far
Iteration 27083: max relative diff=1154.177874, 757.15 sec so far
Iteration 27253: max relative diff=1154.177896, 762.16 sec so far
Iteration 27423: max relative diff=1154.177918, 767.17 sec so far
Iteration 27593: max relative diff=1154.177941, 772.19 sec so far
Iteration 27763: max relative diff=1154.177963, 777.20 sec so far
Iteration 27933: max relative diff=1154.177985, 782.23 sec so far
Iteration 28103: max relative diff=1154.178008, 787.24 sec so far
Iteration 28273: max relative diff=1154.178030, 792.25 sec so far
Iteration 28443: max relative diff=1154.178052, 797.27 sec so far
Iteration 28573: max relative diff=843.641434, 802.28 sec so far
Iteration 28665: max relative diff=803.133079, 807.31 sec so far
Iteration 28757: max relative diff=762.624725, 812.33 sec so far
Iteration 28849: max relative diff=722.116370, 817.36 sec so far
Iteration 28941: max relative diff=681.608015, 822.38 sec so far
Iteration 29033: max relative diff=641.099660, 827.40 sec so far
Iteration 29125: max relative diff=600.591305, 832.42 sec so far
Iteration 29217: max relative diff=560.082950, 837.45 sec so far
Iteration 29309: max relative diff=519.574596, 842.47 sec so far
Iteration 29401: max relative diff=479.066241, 847.49 sec so far
Iteration 29493: max relative diff=438.557886, 852.52 sec so far
Iteration 29585: max relative diff=398.049531, 857.54 sec so far
Iteration 29677: max relative diff=357.541176, 862.56 sec so far
Iteration 29769: max relative diff=317.032821, 867.59 sec so far
Iteration 29861: max relative diff=276.524466, 872.62 sec so far
Iteration 29953: max relative diff=236.016112, 877.64 sec so far
Iteration 30045: max relative diff=195.507757, 882.67 sec so far
Iteration 30137: max relative diff=154.999402, 887.69 sec so far
Iteration 30229: max relative diff=114.491047, 892.71 sec so far
Iteration 30321: max relative diff=73.982692, 897.73 sec so far
Iteration 30413: max relative diff=33.474140, 902.77 sec so far
Iteration 30505: max relative diff=19.418839, 907.79 sec so far
Iteration 30597: max relative diff=18.471897, 912.81 sec so far
Iteration 30689: max relative diff=17.524954, 917.83 sec so far
Iteration 30781: max relative diff=16.578012, 922.85 sec so far
Iteration 30873: max relative diff=15.631070, 927.87 sec so far
Iteration 30965: max relative diff=14.684128, 932.89 sec so far
Iteration 31057: max relative diff=13.737186, 937.91 sec so far
Iteration 31149: max relative diff=12.790244, 942.93 sec so far
Iteration 31241: max relative diff=11.843302, 947.96 sec so far
Iteration 31333: max relative diff=10.896360, 952.98 sec so far
Iteration 31425: max relative diff=9.949417, 958.00 sec so far
Iteration 31517: max relative diff=9.002475, 963.03 sec so far
Iteration 31609: max relative diff=8.055533, 968.06 sec so far
Iteration 31701: max relative diff=7.108591, 973.08 sec so far
Iteration 31793: max relative diff=6.161649, 978.11 sec so far
Iteration 31885: max relative diff=5.214707, 983.13 sec so far
Iteration 31977: max relative diff=4.267765, 988.15 sec so far
Iteration 32069: max relative diff=3.320822, 993.17 sec so far
Iteration 32161: max relative diff=2.373880, 998.20 sec so far
Iteration 32253: max relative diff=1.426938, 1003.22 sec so far
Iteration 32345: max relative diff=0.468994, 1008.24 sec so far
Iteration 32437: max relative diff=0.446872, 1013.26 sec so far
Iteration 32529: max relative diff=0.424736, 1018.29 sec so far
Iteration 32621: max relative diff=0.402600, 1023.32 sec so far
Iteration 32713: max relative diff=0.380463, 1028.34 sec so far
Iteration 32805: max relative diff=0.358327, 1033.37 sec so far
Iteration 32897: max relative diff=0.336191, 1038.39 sec so far
Iteration 32989: max relative diff=0.314055, 1043.42 sec so far
Iteration 33081: max relative diff=0.291919, 1048.44 sec so far
Iteration 33173: max relative diff=0.269783, 1053.47 sec so far
Iteration 33265: max relative diff=0.247646, 1058.49 sec so far
Iteration 33357: max relative diff=0.225510, 1063.51 sec so far
Iteration 33449: max relative diff=0.203374, 1068.54 sec so far
Iteration 33541: max relative diff=0.181238, 1073.56 sec so far
Iteration 33633: max relative diff=0.159102, 1078.59 sec so far
Iteration 33725: max relative diff=0.136966, 1083.62 sec so far
Iteration 33817: max relative diff=0.114829, 1088.65 sec so far
Iteration 33909: max relative diff=0.092693, 1093.67 sec so far
Iteration 34001: max relative diff=0.070557, 1098.69 sec so far
Iteration 34093: max relative diff=0.048421, 1103.71 sec so far
Iteration 34185: max relative diff=0.026285, 1108.73 sec so far
Iteration 34277: max relative diff=0.010798, 1113.76 sec so far
Iteration 34369: max relative diff=0.010281, 1118.78 sec so far
Iteration 34461: max relative diff=0.009764, 1123.80 sec so far
Iteration 34553: max relative diff=0.009246, 1128.82 sec so far
Iteration 34645: max relative diff=0.008729, 1133.84 sec so far
Iteration 34737: max relative diff=0.008211, 1138.86 sec so far
Iteration 34829: max relative diff=0.007694, 1143.90 sec so far
Iteration 34921: max relative diff=0.007176, 1148.92 sec so far
Iteration 35013: max relative diff=0.006659, 1153.94 sec so far
Iteration 35105: max relative diff=0.006141, 1158.97 sec so far
Iteration 35197: max relative diff=0.005624, 1163.99 sec so far
Iteration 35289: max relative diff=0.005106, 1169.01 sec so far
Iteration 35381: max relative diff=0.004589, 1174.03 sec so far
Iteration 35473: max relative diff=0.004071, 1179.05 sec so far
Iteration 35565: max relative diff=0.003554, 1184.08 sec so far
Iteration 35657: max relative diff=0.003036, 1189.10 sec so far
Iteration 35749: max relative diff=0.002519, 1194.12 sec so far
Iteration 35841: max relative diff=0.002002, 1199.14 sec so far
Iteration 35933: max relative diff=0.001484, 1204.18 sec so far
Iteration 36025: max relative diff=0.000967, 1209.20 sec so far
Iteration 36117: max relative diff=0.000449, 1214.22 sec so far
Iteration 36209: max relative diff=0.000249, 1219.24 sec so far
Iteration 36301: max relative diff=0.000236, 1224.27 sec so far
Iteration 36393: max relative diff=0.000224, 1229.29 sec so far
Iteration 36485: max relative diff=0.000212, 1234.31 sec so far
Iteration 36577: max relative diff=0.000200, 1239.34 sec so far
Iteration 36669: max relative diff=0.000188, 1244.35 sec so far
Iteration 36761: max relative diff=0.000176, 1249.37 sec so far
Iteration 36853: max relative diff=0.000164, 1254.38 sec so far
Iteration 36945: max relative diff=0.000152, 1259.42 sec so far
Iteration 37037: max relative diff=0.000140, 1264.45 sec so far
Iteration 37129: max relative diff=0.000128, 1269.47 sec so far
Iteration 37221: max relative diff=0.000115, 1274.49 sec so far
Iteration 37313: max relative diff=0.000103, 1279.52 sec so far
Iteration 37405: max relative diff=0.000091, 1284.55 sec so far
Iteration 37497: max relative diff=0.000079, 1289.57 sec so far
Iteration 37589: max relative diff=0.000067, 1294.59 sec so far
Iteration 37681: max relative diff=0.000055, 1299.62 sec so far
Iteration 37773: max relative diff=0.000043, 1304.64 sec so far
Iteration 37865: max relative diff=0.000031, 1309.66 sec so far
Iteration 37957: max relative diff=0.000019, 1314.69 sec so far
Iteration 38049: max relative diff=0.000006, 1319.73 sec so far
Iteration 38141: max relative diff=0.000006, 1324.74 sec so far
Iteration 38233: max relative diff=0.000005, 1329.77 sec so far
Iteration 38325: max relative diff=0.000005, 1334.78 sec so far
Iteration 38417: max relative diff=0.000005, 1339.80 sec so far
Iteration 38509: max relative diff=0.000005, 1344.83 sec so far
Iteration 38601: max relative diff=0.000004, 1349.86 sec so far
Iteration 38693: max relative diff=0.000004, 1354.88 sec so far
Iteration 38785: max relative diff=0.000004, 1359.90 sec so far
Iteration 38877: max relative diff=0.000003, 1364.93 sec so far
Iteration 38969: max relative diff=0.000003, 1369.95 sec so far
Iteration 39061: max relative diff=0.000003, 1374.97 sec so far
Iteration 39153: max relative diff=0.000003, 1380.01 sec so far
Iteration 39245: max relative diff=0.000002, 1385.03 sec so far
Iteration 39337: max relative diff=0.000002, 1390.05 sec so far
Iteration 39429: max relative diff=0.000002, 1395.07 sec so far
Iteration 39521: max relative diff=0.000001, 1400.10 sec so far
Iteration 39613: max relative diff=0.000001, 1405.12 sec so far
Max relative diff between upper and lower bound on convergence: 9.98378E-07
LowItr:20652 , UpItr:30178 

Iterative method: 39676 iterations in 1408.56 seconds (average 0.035502, setup 4.46)
Maximum finite value in solution vector at end of interval iteration: 2.1037556371798778E8

Value in the initial state: 4.2079387284161374E7

Time for model checking: 1722.171 seconds.

Result: 4.2079387284161374E7 (value in the initial state)

---------------------------------------------------------------------

Note: There were 2 warnings during computation.

