PRISM
=====

Version: 4.4
Date: Fri Feb 19 17:46:20 IRST 2021
Hostname: sadegh-H81M-S2PH
Memory limits: cudd=1g, java(heap)=910.5m
Command line: prism ../../examples/mdps/wlan/wlan3.nm ../../examples/mdps/wlan/time_max.pctl -s '-ii:upper=1.2e+12' -backward -maxiters 900500 -const COL=5 -const TRANS_TIME_MAX=500

Parsing model file "../../examples/mdps/wlan/wlan3.nm"...

Parsing properties file "../../examples/mdps/wlan/time_max.pctl"...

1 property:
(1) "time_max": R{"time"}max=? [ F s1=12&s2=12 ]

Type:        MDP
Modules:     medium station1 station2 
Variables:   col c1 c2 x1 s1 slot1 backoff1 bc1 x2 s2 slot2 backoff2 bc2 

---------------------------------------------------------------------

Model checking: "time_max": R{"time"}max=? [ F s1=12&s2=12 ]
Model constants: COL=5,TRANS_TIME_MAX=500

Warning: Not Switching to explicit engine, We implemented the emthods for sparse engine.

Building model...
Model constants: COL=5,TRANS_TIME_MAX=500

Computing reachable states...

Reachability (BFS): 642 iterations in 9.80 seconds (average 0.015268, setup 0.00)

Time for model construction: 11.377 seconds.

Type:        MDP
States:      590913 (1 initial)
Transitions: 1214996
Choices:     1045016

Transition matrix: 221175 nodes (6 terminal), 1214996 minterms, vars: 51r/51c/7nd

Prob0E: 1940 iterations in 38.93 seconds (average 0.020069, setup 0.00)

Prob1A: 1 iterations in 0.03 seconds (average 0.030000, setup 0.00)

goal = 6, inf = 0, maybe = 590907

Warning: Upper bound for interval iteration manually set to 1.2E12

Computing remaining rewards...
 6
Building sparse matrix (transitions)... [n=590913, nc=1045010, nnz=1214990, k=3] [20.1 MB]
Building sparse matrix (transition rewards)... [n=590913, nc=1045010, nnz=443434, k=3] [11.3 MB]
Creating vector for state rewards... [4.5 MB]
Creating vector for inf... [4.5 MB]
Creating vector for lower bounds... [4.5 MB]
Creating vector for upper bounds... [4.5 MB]
Allocating iteration vectors... [4 x 4.5 MB]
TOTAL: [67.5 MB]

Starting iterations (interval iteration)...

Time for state ordering: 0.018000


Iters: 500 , Maximum difference of values of bel_vec: 50 & Maximum difference of values of abov_vec: 1.2E+12 
Iters: 1000 , Maximum difference of values of bel_vec: 50 & Maximum difference of values of abov_vec: 1.2E+12 
Iters: 1500 , Maximum difference of values of bel_vec: 35.9009 & Maximum difference of values of abov_vec: 8.48438E+11 
Iters: 2000 , Maximum difference of values of bel_vec: 8.26059 & Maximum difference of values of abov_vec: 9.49173E+10 
Iters: 2500 , Maximum difference of values of bel_vec: 0.841618 & Maximum difference of values of abov_vec: 5.36343E+09 
Iters: 3000 , Maximum difference of values of bel_vec: 0.0394914 & Maximum difference of values of abov_vec: 2.82189E+08 
Iters: 3500 , Maximum difference of values of bel_vec: 0.000921054 & Maximum difference of values of abov_vec: 5.89648E+06 
Iters: 4000 , Maximum difference of values of bel_vec: 2.14749E-05 & Maximum difference of values of abov_vec: 121846 
Iters: 4500 , Maximum difference of values of bel_vec: 5.00717E-07 & Maximum difference of values of abov_vec: 2494.94 
Iters: 5000 , Maximum difference of values of bel_vec: 1.16997E-08 & Maximum difference of values of abov_vec: 51.0342 
Iters: 5500 , Maximum difference of values of bel_vec: 3.0559E-10 & Maximum difference of values of abov_vec: 1.15553 
Iters: 6000 , Maximum difference of values of bel_vec: 5.82077E-11 & Maximum difference of values of abov_vec: 0.0262347 
Iters: 6500 , Maximum difference of values of bel_vec: 1.45519E-11 & Maximum difference of values of abov_vec: 0.000580759 
Iters: 7000 , Maximum difference of values of bel_vec: 0 & Maximum difference of values of abov_vec: 1.26818E-05 
Iters: 7500 , Maximum difference of values of bel_vec: 0 & Maximum difference of values of abov_vec: 2.7378E-07 Max relative diff between upper and lower bound on convergence: 7.69622E-07
Iterative method: 7545 iterations in 132.05 seconds (average 0.017501, setup 1.27)
Maximum finite value in solution vector at end of interval iteration: 87651.99350082414

Value in the initial state: 82293.87047467718

Time for model checking: 172.453 seconds.

Result: 82293.87047467718 (value in the initial state)

---------------------------------------------------------------------

Note: There were 2 warnings during computation.

