PRISM
=====

Version: 4.4
Date: Fri Feb 19 17:05:03 IRST 2021
Hostname: sadegh-H81M-S2PH
Memory limits: cudd=1g, java(heap)=910.5m
Command line: prism ../../examples/mdps/wlan/wlan3.nm ../../examples/mdps/wlan/time_max.pctl -s '-ii:upper=57670' -asynchii -maxiters 900500 -const COL=5 -const TRANS_TIME_MAX=300

Parsing model file "../../examples/mdps/wlan/wlan3.nm"...

Parsing properties file "../../examples/mdps/wlan/time_max.pctl"...

1 property:
(1) "time_max": R{"time"}max=? [ F s1=12&s2=12 ]

Type:        MDP
Modules:     medium station1 station2 
Variables:   col c1 c2 x1 s1 slot1 backoff1 bc1 x2 s2 slot2 backoff2 bc2 

---------------------------------------------------------------------

Model checking: "time_max": R{"time"}max=? [ F s1=12&s2=12 ]
Model constants: COL=5,TRANS_TIME_MAX=300

Warning: Not Switching to explicit engine, We implemented the emthods for sparse engine.

Building model...
Model constants: COL=5,TRANS_TIME_MAX=300

Computing reachable states...

Reachability (BFS): 442 iterations in 4.93 seconds (average 0.011158, setup 0.00)

Time for model construction: 5.645 seconds.

Type:        MDP
States:      431913 (1 initial)
Transitions: 893996
Choices:     724016

Transition matrix: 146418 nodes (6 terminal), 893996 minterms, vars: 51r/51c/7nd

Prob0E: 1340 iterations in 21.55 seconds (average 0.016079, setup 0.00)

Prob1A: 1 iterations in 0.02 seconds (average 0.019000, setup 0.00)

goal = 6, inf = 0, maybe = 431907

Warning: Upper bound for interval iteration manually set to 57670.0

Computing remaining rewards...
 8
Building sparse matrix (transitions)... [n=431913, nc=724010, nnz=893990, k=3] [14.6 MB]
Building sparse matrix (transition rewards)... [n=431913, nc=724010, nnz=286434, k=3] [7.7 MB]
Creating vector for state rewards... [3.3 MB]
Creating vector for inf... [3.3 MB]
Creating vector for lower bounds... [3.3 MB]
Creating vector for upper bounds... [3.3 MB]
Allocating iteration vectors... [4 x 3.3 MB]
TOTAL: [48.7 MB]

Starting iterations (interval iteration)...

 Time for pre-computation	: 0.008000 
		 >> 431907 after 0 iters << 
Iteration 656: max relative diff=1.000000, 4.99 sec so far
Iteration 1329: max relative diff=57670.000000, 10.00 sec so far
Iteration 2018: max relative diff=12524.765625, 15.01 sec so far
Iteration 2581: max relative diff=1532.879663, 20.01 sec so far
Iteration 2972: max relative diff=51.543661, 25.02 sec so far
Iteration 3363: max relative diff=0.244978, 30.03 sec so far
Iteration 3754: max relative diff=0.003848, 35.03 sec so far
Iteration 4146: max relative diff=0.000046, 40.04 sec so far
Max relative diff between upper and lower bound on convergence: 9.88955E-07
LowItr:2944 , UpItr:3553 

Iterative method: 4456 iterations in 44.01 seconds (average 0.009877, setup 0.82)
Maximum finite value in solution vector at end of interval iteration: 57413.27334082434

Value in the initial state: 50281.203196741684

Time for model checking: 66.543 seconds.

Result: 50281.203196741684 (value in the initial state)

---------------------------------------------------------------------

Note: There were 2 warnings during computation.

