PRISM
=====

Version: 4.4
Date: Sat Feb 20 02:14:17 IRST 2021
Hostname: sadegh-H81M-S2PH
Memory limits: cudd=1g, java(heap)=910.5m
Command line: prism ../../examples/mdps/wlan/wlan3.nm ../../examples/mdps/wlan/time_max.pctl -s '-ii:upper=194470' -asynchupper -maxiters 900500 -const COL=5 -const TRANS_TIME_MAX=1200

Parsing model file "../../examples/mdps/wlan/wlan3.nm"...

Parsing properties file "../../examples/mdps/wlan/time_max.pctl"...

1 property:
(1) "time_max": R{"time"}max=? [ F s1=12&s2=12 ]

Type:        MDP
Modules:     medium station1 station2 
Variables:   col c1 c2 x1 s1 slot1 backoff1 bc1 x2 s2 slot2 backoff2 bc2 

---------------------------------------------------------------------

Model checking: "time_max": R{"time"}max=? [ F s1=12&s2=12 ]
Model constants: COL=5,TRANS_TIME_MAX=1200

Warning: Not Switching to explicit engine, We implemented the emthods for sparse engine.

Building model...
Model constants: COL=5,TRANS_TIME_MAX=1200

Computing reachable states...

Reachability (BFS): 1342 iterations in 42.04 seconds (average 0.031324, setup 0.00)

Time for model construction: 52.407 seconds.

Type:        MDP
States:      1147413 (1 initial)
Transitions: 2338496
Choices:     2168516

Transition matrix: 521954 nodes (6 terminal), 2338496 minterms, vars: 55r/55c/7nd

Prob0E: 4040 iterations in 146.04 seconds (average 0.036148, setup 0.00)

Prob1A: 1 iterations in 0.07 seconds (average 0.072000, setup 0.00)

goal = 6, inf = 0, maybe = 1147407

Warning: Upper bound for interval iteration manually set to 194470.0

Computing remaining rewards...
 10
Building sparse matrix (transitions)... [n=1147413, nc=2168510, nnz=2338490, k=3] [39.4 MB]
Building sparse matrix (transition rewards)... [n=1147413, nc=2168510, nnz=992934, k=3] [24.0 MB]
Creating vector for state rewards... [8.8 MB]
Creating vector for inf... [8.8 MB]
Creating vector for lower bounds... [8.8 MB]
Creating vector for upper bounds... [8.8 MB]
Allocating iteration vectors... [4 x 8.8 MB]
TOTAL: [133.5 MB]

Starting iterations (interval iteration)...

Soln above finished after 12031 iterations, while flag is True.

Checking for lower bound passed after 19 iterations.Iteration 1: max relative diff=1.000000, 225.45 sec so far
Iteration 335: max relative diff=1.000000, 230.45 sec so far
Iteration 670: max relative diff=1.000000, 235.46 sec so far
Iteration 1005: max relative diff=1.000000, 240.48 sec so far
Iteration 1340: max relative diff=1.000000, 245.49 sec so far
Iteration 1672: max relative diff=1.000000, 250.50 sec so far
Iteration 2007: max relative diff=1.000000, 255.51 sec so far
Iteration 2341: max relative diff=1.000000, 260.51 sec so far
Iteration 2675: max relative diff=1.000000, 265.52 sec so far
Iteration 3009: max relative diff=1.000000, 270.52 sec so far
Iteration 3343: max relative diff=1.000000, 275.52 sec so far
Iteration 3677: max relative diff=1.000000, 280.52 sec so far
Iteration 4012: max relative diff=1.000000, 285.54 sec so far
Iteration 4347: max relative diff=1.000000, 290.55 sec so far
Iteration 4682: max relative diff=1.000000, 295.56 sec so far
Iteration 5017: max relative diff=1.000000, 300.58 sec so far
Iteration 5351: max relative diff=1.000000, 305.58 sec so far
Iteration 5683: max relative diff=1.000000, 310.59 sec so far
Iteration 6017: max relative diff=1.000000, 315.59 sec so far
Iteration 6351: max relative diff=1.000000, 320.59 sec so far
Iteration 6685: max relative diff=1.000000, 325.60 sec so far
Iteration 7020: max relative diff=1.000000, 330.61 sec so far
Iteration 7354: max relative diff=1.000000, 335.61 sec so far
Iteration 7689: max relative diff=1.000000, 340.63 sec so far
Iteration 8024: max relative diff=1.000000, 345.64 sec so far
Iteration 8358: max relative diff=1.000000, 350.64 sec so far
Iteration 8692: max relative diff=1.000000, 355.65 sec so far
Iteration 9026: max relative diff=1.000000, 360.66 sec so far
Iteration 9360: max relative diff=1.000000, 365.66 sec so far
Iteration 9640: max relative diff=0.000060, 370.67 sec so far
Iteration 9790: max relative diff=0.000053, 375.68 sec so far
Iteration 9940: max relative diff=0.000046, 380.69 sec so far
Iteration 10090: max relative diff=0.000038, 385.70 sec so far
Iteration 10240: max relative diff=0.000031, 390.71 sec so far
Iteration 10390: max relative diff=0.000023, 395.72 sec so far
Iteration 10540: max relative diff=0.000016, 400.74 sec so far
Iteration 10690: max relative diff=0.000008, 405.75 sec so far
Iteration 10840: max relative diff=0.000001, 410.75 sec so far
Iteration 10990: max relative diff=0.000001, 415.76 sec so far
Iteration 11140: max relative diff=0.000001, 420.77 sec so far
Max relative diff between upper and lower bound on convergence: 9.996E-07
LowItr:11216 , UpItr:13631  

Iterative method: 11197 iterations in 422.67 seconds (average 0.037749, setup 2.90)
Maximum finite value in solution vector at end of interval iteration: 194344.1067360692

Value in the initial state: 194344.1067360692

Time for model checking: 572.001 seconds.

Result: 194344.1067360692 (value in the initial state)

---------------------------------------------------------------------

Note: There were 2 warnings during computation.

