PRISM
=====

Version: 4.4
Date: Fri Feb 19 20:54:08 IRST 2021
Hostname: sadegh-H81M-S2PH
Memory limits: cudd=1g, java(heap)=910.5m
Command line: prism ../../examples/mdps/wlan/wlan3.nm ../../examples/mdps/wlan/cost_max.pctl -s '-ii:upper=1.2e+12' -asynchii -maxiters 900500 -const COL=5 -const TRANS_TIME_MAX=900

Parsing model file "../../examples/mdps/wlan/wlan3.nm"...

Parsing properties file "../../examples/mdps/wlan/cost_max.pctl"...

1 property:
(1) "cost_max": R{"cost"}max=? [ F s1=12&s2=12 ]

Type:        MDP
Modules:     medium station1 station2 
Variables:   col c1 c2 x1 s1 slot1 backoff1 bc1 x2 s2 slot2 backoff2 bc2 

---------------------------------------------------------------------

Model checking: "cost_max": R{"cost"}max=? [ F s1=12&s2=12 ]
Model constants: COL=5,TRANS_TIME_MAX=900

Warning: Not Switching to explicit engine, We implemented the emthods for sparse engine.

Building model...
Model constants: COL=5,TRANS_TIME_MAX=900

Computing reachable states...

Reachability (BFS): 1042 iterations in 24.74 seconds (average 0.023740, setup 0.00)

Time for model construction: 29.292 seconds.

Type:        MDP
States:      908913 (1 initial)
Transitions: 1856996
Choices:     1687016

Transition matrix: 384237 nodes (6 terminal), 1856996 minterms, vars: 53r/53c/7nd

Prob0E: 3140 iterations in 88.45 seconds (average 0.028168, setup 0.00)

Prob1A: 1 iterations in 0.05 seconds (average 0.051000, setup 0.00)

goal = 6, inf = 0, maybe = 908907

Warning: Upper bound for interval iteration manually set to 1.2E12

Computing remaining rewards...
 8
Building sparse matrix (transitions)... [n=908913, nc=1687010, nnz=1856990, k=3] [31.2 MB]
Building sparse matrix (transition rewards)... [n=908913, nc=1687010, nnz=757434, k=3] [18.6 MB]
Creating vector for state rewards... [6.9 MB]
Creating vector for inf... [6.9 MB]
Creating vector for lower bounds... [6.9 MB]
Creating vector for upper bounds... [6.9 MB]
Allocating iteration vectors... [4 x 6.9 MB]
TOTAL: [105.2 MB]

Starting iterations (interval iteration)...

 Time for pre-computation	: 0.030000 
		 >> 908907 after 0 iters << 
Iteration 416: max relative diff=1.000000, 4.97 sec so far
Iteration 838: max relative diff=1.000000, 9.98 sec so far
Iteration 1260: max relative diff=1.000000, 14.98 sec so far
Iteration 1683: max relative diff=1.000000, 19.99 sec so far
Iteration 2105: max relative diff=1.000000, 24.99 sec so far
Iteration 2527: max relative diff=1.000000, 29.99 sec so far
Iteration 2950: max relative diff=1.000000, 35.00 sec so far
Iteration 3372: max relative diff=1.000000, 40.00 sec so far
Iteration 3795: max relative diff=1.000000, 45.01 sec so far
Iteration 4218: max relative diff=1.000000, 50.02 sec so far
Iteration 4615: max relative diff=1200000000000.000000, 55.03 sec so far
Iteration 4963: max relative diff=1200000000000.000000, 60.03 sec so far
Iteration 5311: max relative diff=1200000000000.000000, 65.04 sec so far
Iteration 5659: max relative diff=1200000000000.000000, 70.04 sec so far
Iteration 6007: max relative diff=1200000000000.000000, 75.04 sec so far
Iteration 6355: max relative diff=1199999988106.174805, 80.05 sec so far
Iteration 6703: max relative diff=1199999988108.549072, 85.05 sec so far
Iteration 7051: max relative diff=1199999988110.923340, 90.06 sec so far
Iteration 7399: max relative diff=220312490094.460632, 95.06 sec so far
Iteration 7747: max relative diff=220312490247.687897, 100.06 sec so far
Iteration 8096: max relative diff=220312490413.239899, 105.08 sec so far
Iteration 8444: max relative diff=20439147692.716026, 110.08 sec so far
Iteration 8792: max relative diff=20439147845.943283, 115.08 sec so far
Iteration 9140: max relative diff=953095128.976559, 120.08 sec so far
Iteration 9488: max relative diff=953095282.203815, 125.09 sec so far
Iteration 9836: max relative diff=953095435.431071, 130.09 sec so far
Iteration 10184: max relative diff=22280426.339372, 135.09 sec so far
Iteration 10532: max relative diff=22280429.921283, 140.09 sec so far
Iteration 10880: max relative diff=521267.662101, 145.10 sec so far
Iteration 11228: max relative diff=521267.745833, 150.11 sec so far
Iteration 11577: max relative diff=521267.829806, 155.12 sec so far
Iteration 11925: max relative diff=12615.504765, 160.13 sec so far
Iteration 12274: max relative diff=12615.506728, 165.14 sec so far
Iteration 12622: max relative diff=3579.868969, 170.15 sec so far
Iteration 12968: max relative diff=703.330566, 175.16 sec so far
Iteration 13316: max relative diff=703.330612, 180.16 sec so far
Iteration 13602: max relative diff=380.025073, 185.17 sec so far
Iteration 13793: max relative diff=295.926205, 190.18 sec so far
Iteration 13984: max relative diff=211.827338, 195.19 sec so far
Iteration 14175: max relative diff=127.728471, 200.19 sec so far
Iteration 14367: max relative diff=43.189296, 205.22 sec so far
Iteration 14558: max relative diff=8.334099, 210.23 sec so far
Iteration 14749: max relative diff=6.368165, 215.24 sec so far
Iteration 14940: max relative diff=4.402230, 220.25 sec so far
Iteration 15131: max relative diff=2.436296, 225.26 sec so far
Iteration 15322: max relative diff=0.467602, 230.27 sec so far
Iteration 15513: max relative diff=0.182216, 235.28 sec so far
Iteration 15705: max relative diff=0.136019, 240.30 sec so far
Iteration 15896: max relative diff=0.090062, 245.31 sec so far
Iteration 16087: max relative diff=0.044105, 250.31 sec so far
Iteration 16279: max relative diff=0.005028, 255.34 sec so far
Iteration 16470: max relative diff=0.003954, 260.35 sec so far
Iteration 16661: max relative diff=0.002879, 265.35 sec so far
Iteration 16852: max relative diff=0.001805, 270.36 sec so far
Iteration 17043: max relative diff=0.000731, 275.36 sec so far
Iteration 17234: max relative diff=0.000111, 280.38 sec so far
Iteration 17425: max relative diff=0.000086, 285.38 sec so far
Iteration 17616: max relative diff=0.000060, 290.39 sec so far
Iteration 17807: max relative diff=0.000035, 295.40 sec so far
Iteration 17998: max relative diff=0.000010, 300.41 sec so far
Iteration 18190: max relative diff=0.000002, 305.43 sec so far
Iteration 18381: max relative diff=0.000002, 310.44 sec so far
Iteration 18572: max relative diff=0.000001, 315.44 sec so far
Max relative diff between upper and lower bound on convergence: 9.98378E-07
LowItr:9627 , UpItr:14153 

Iterative method: 18651 iterations in 317.51 seconds (average 0.017024, setup 2.14)
Maximum finite value in solution vector at end of interval iteration: 9.96552544892677E7

Value in the initial state: 1.9935424261701047E7

Time for model checking: 408.503 seconds.

Result: 1.9935424261701047E7 (value in the initial state)

---------------------------------------------------------------------

Note: There were 2 warnings during computation.

