PRISM
=====

Version: 4.4
Date: Sat Feb 20 09:01:42 IRST 2021
Hostname: sadegh-H81M-S2PH
Memory limits: cudd=1g, java(heap)=910.5m
Command line: prism ../../examples/mdps/wlan/wlan3.nm ../../examples/mdps/wlan/cost_max.pctl -s -improvedbk -maxiters 15045 -epsilon 1e-10 -const COL=5 -const TRANS_TIME_MAX=1500

Parsing model file "../../examples/mdps/wlan/wlan3.nm"...

Parsing properties file "../../examples/mdps/wlan/cost_max.pctl"...

1 property:
(1) "cost_max": R{"cost"}max=? [ F s1=12&s2=12 ]

Type:        MDP
Modules:     medium station1 station2 
Variables:   col c1 c2 x1 s1 slot1 backoff1 bc1 x2 s2 slot2 backoff2 bc2 

---------------------------------------------------------------------

Model checking: "cost_max": R{"cost"}max=? [ F s1=12&s2=12 ]
Model constants: COL=5,TRANS_TIME_MAX=1500

Warning: Not Switching to explicit engine, We implemented the emthods for sparse engine.

Building model...
Model constants: COL=5,TRANS_TIME_MAX=1500

Computing reachable states...

Reachability (BFS): 1642 iterations in 60.84 seconds (average 0.037054, setup 0.00)

Time for model construction: 78.797 seconds.

Type:        MDP
States:      1385913 (1 initial)
Transitions: 2819996
Choices:     2650016

Transition matrix: 634206 nodes (6 terminal), 2819996 minterms, vars: 55r/55c/7nd

Prob0E: 4940 iterations in 216.28 seconds (average 0.043781, setup 0.00)

Prob1A: 1 iterations in 0.09 seconds (average 0.092000, setup 0.00)

goal = 6, inf = 0, maybe = 1385907

Computing remaining rewards...

Building sparse matrix (transitions)... [n=1385913, nc=2650010, nnz=2819990, k=3] [47.7 MB]
Building sparse matrix (transition rewards)... [n=1385913, nc=2650010, nnz=1228434, k=3] [29.5 MB]
Creating vector for state rewards... [10.6 MB]
Creating vector for inf... [10.6 MB]
Creating vector for lower bounds... [10.6 MB]
Creating vector for upper bounds... [10.6 MB]
Allocating iteration vectors... [4 x 10.6 MB]
TOTAL: [161.7 MB]

Starting iterations (interval iteration)...

 Time for pre-computation: 1.243000 Iteration 193: max relative diff=100000.000000, 3.77 sec so far
Iteration 456: max relative diff=100000.000000, 8.79 sec so far
Iteration 719: max relative diff=100000.000000, 13.80 sec so far
Iteration 982: max relative diff=100000.000000, 18.81 sec so far
Iteration 1244: max relative diff=100000.000000, 23.81 sec so far
Iteration 1507: max relative diff=9730.957031, 28.82 sec so far
Iteration 1770: max relative diff=9730.957031, 33.83 sec so far
Iteration 2033: max relative diff=9730.957031, 38.85 sec so far
Iteration 2296: max relative diff=9730.957031, 43.86 sec so far
Iteration 2559: max relative diff=9730.957031, 48.87 sec so far
Iteration 2822: max relative diff=9730.957031, 53.88 sec so far
Iteration 3085: max relative diff=1000.000000, 58.89 sec so far
Iteration 3348: max relative diff=1000.000000, 63.90 sec so far
Iteration 3611: max relative diff=1000.000000, 68.91 sec so far
Iteration 3875: max relative diff=1000.000000, 73.93 sec so far
Iteration 4138: max relative diff=1000.000000, 78.94 sec so far
Iteration 4401: max relative diff=1000.000000, 83.95 sec so far
Iteration 4664: max relative diff=170.824338, 88.95 sec so far
Iteration 4927: max relative diff=170.824338, 93.96 sec so far
Iteration 5190: max relative diff=170.824338, 98.96 sec so far
Iteration 5453: max relative diff=170.824338, 103.97 sec so far
Iteration 5716: max relative diff=170.824338, 108.98 sec so far
Iteration 5979: max relative diff=170.824338, 113.98 sec so far
Iteration 6242: max relative diff=10.363694, 118.99 sec so far
Iteration 6505: max relative diff=10.363694, 124.00 sec so far
Iteration 6768: max relative diff=10.363694, 129.01 sec so far
Iteration 7031: max relative diff=10.363694, 134.03 sec so far
Iteration 7294: max relative diff=10.363694, 139.03 sec so far
Iteration 7556: max relative diff=0.440308, 144.04 sec so far
Iteration 7819: max relative diff=0.440308, 149.05 sec so far
Iteration 8082: max relative diff=0.440308, 154.06 sec so far
Iteration 8345: max relative diff=0.440308, 159.07 sec so far
Iteration 8608: max relative diff=0.440308, 164.08 sec so far
Iteration 8871: max relative diff=0.440308, 169.09 sec so far
Iteration 9134: max relative diff=0.010293, 174.10 sec so far
Iteration 9397: max relative diff=0.010293, 179.11 sec so far
Iteration 9660: max relative diff=0.010293, 184.12 sec so far
Iteration 9923: max relative diff=0.010293, 189.13 sec so far
Iteration 10186: max relative diff=0.010293, 194.14 sec so far
Iteration 10449: max relative diff=0.010293, 199.15 sec so far
Iteration 10712: max relative diff=0.000241, 204.16 sec so far
Iteration 10975: max relative diff=0.000241, 209.17 sec so far
Iteration 11238: max relative diff=0.000241, 214.17 sec so far
Iteration 11501: max relative diff=0.000241, 219.18 sec so far
Iteration 11764: max relative diff=0.000241, 224.19 sec so far
Iteration 12027: max relative diff=0.000006, 229.20 sec so far
Iteration 12290: max relative diff=0.000006, 234.21 sec so far
Iteration 12553: max relative diff=0.000006, 239.22 sec so far
Iteration 12816: max relative diff=0.000006, 244.23 sec so far
Iteration 13079: max relative diff=0.000006, 249.24 sec so far
Iteration 13342: max relative diff=0.000006, 254.26 sec so far
Iteration 13605: max relative diff=0.000000, 259.27 sec so far
Iteration 13867: max relative diff=0.000000, 264.27 sec so far
Iteration 14131: max relative diff=0.000000, 269.29 sec so far
Iteration 14394: max relative diff=0.000000, 274.30 sec so far
Iteration 14657: max relative diff=0.000000, 279.31 sec so far
Iteration 14920: max relative diff=0.000000, 284.32 sec so far

First round (updates from below) finished after 15044 iters.
Iterative method: 15044 iterations in 286.70 seconds (average 0.019057, setup 3.58)

Value in the initial state: 3.3221802075173076E7

Time for model checking: 508.162 seconds.

Result: 3.3221802075173076E7 (value in the initial state)

---------------------------------------------------------------------

Note: There was 1 warning during computation.

