PRISM
=====

Version: 4.4
Date: Fri Feb 19 16:44:40 IRST 2021
Hostname: sadegh-H81M-S2PH
Memory limits: cudd=1g, java(heap)=910.5m
Command line: prism ../../examples/mdps/wlan/wlan3.nm ../../examples/mdps/wlan/cost_max.pctl -s '-ii:upper=1.2e+12' -backward -maxiters 900500 -const COL=5 -const TRANS_TIME_MAX=200

Parsing model file "../../examples/mdps/wlan/wlan3.nm"...

Parsing properties file "../../examples/mdps/wlan/cost_max.pctl"...

1 property:
(1) "cost_max": R{"cost"}max=? [ F s1=12&s2=12 ]

Type:        MDP
Modules:     medium station1 station2 
Variables:   col c1 c2 x1 s1 slot1 backoff1 bc1 x2 s2 slot2 backoff2 bc2 

---------------------------------------------------------------------

Model checking: "cost_max": R{"cost"}max=? [ F s1=12&s2=12 ]
Model constants: COL=5,TRANS_TIME_MAX=200

Warning: Not Switching to explicit engine, We implemented the emthods for sparse engine.

Building model...
Model constants: COL=5,TRANS_TIME_MAX=200

Computing reachable states...

Reachability (BFS): 342 iterations in 2.83 seconds (average 0.008278, setup 0.00)

Time for model construction: 3.256 seconds.

Type:        MDP
States:      352413 (1 initial)
Transitions: 733496
Choices:     563516

Transition matrix: 101743 nodes (6 terminal), 733496 minterms, vars: 49r/49c/7nd

Prob0E: 1040 iterations in 14.69 seconds (average 0.014125, setup 0.00)

Prob1A: 1 iterations in 0.01 seconds (average 0.013000, setup 0.00)

goal = 6, inf = 0, maybe = 352407

Warning: Upper bound for interval iteration manually set to 1.2E12

Computing remaining rewards...
 6
Building sparse matrix (transitions)... [n=352413, nc=563510, nnz=733490, k=3] [11.9 MB]
Building sparse matrix (transition rewards)... [n=352413, nc=563510, nnz=207934, k=3] [5.9 MB]
Creating vector for state rewards... [2.7 MB]
Creating vector for inf... [2.7 MB]
Creating vector for lower bounds... [2.7 MB]
Creating vector for upper bounds... [2.7 MB]
Allocating iteration vectors... [4 x 2.7 MB]
TOTAL: [39.3 MB]

Starting iterations (interval iteration)...

Time for state ordering: 0.014000


Iters: 500 , Maximum difference of values of bel_vec: 1000 & Maximum difference of values of abov_vec: 8.48437E+11 
Iters: 1000 , Maximum difference of values of bel_vec: 9.05528 & Maximum difference of values of abov_vec: 5.36343E+09 
Iters: 1500 , Maximum difference of values of bel_vec: 0.000240613 & Maximum difference of values of abov_vec: 92962.8 
Iters: 2000 , Maximum difference of values of bel_vec: 1.32248E-07 & Maximum difference of values of abov_vec: 56.8159 
Iters: 2500 , Maximum difference of values of bel_vec: 0 & Maximum difference of values of abov_vec: 0.000529275 
Iters: 3000 , Maximum difference of values of bel_vec: 0 & Maximum difference of values of abov_vec: 2.75671E-07 Max relative diff between upper and lower bound on convergence: 8.25152E-07
Iterative method: 3039 iterations in 32.91 seconds (average 0.010828, setup 0.60)
Maximum finite value in solution vector at end of interval iteration: 2.2151038029163763E7

Value in the initial state: 4434650.1459796885

Time for model checking: 48.306 seconds.

Result: 4434650.1459796885 (value in the initial state)

---------------------------------------------------------------------

Note: There were 2 warnings during computation.

