PRISM
=====

Version: 4.4
Date: Fri Feb 19 17:56:52 IRST 2021
Hostname: sadegh-H81M-S2PH
Memory limits: cudd=1g, java(heap)=910.5m
Command line: prism ../../examples/mdps/wlan/wlan3.nm ../../examples/mdps/wlan/cost_max.pctl -s '-ii:upper=66771738' -asynchupper -maxiters 900500 -const COL=5 -const TRANS_TIME_MAX=600

Parsing model file "../../examples/mdps/wlan/wlan3.nm"...

Parsing properties file "../../examples/mdps/wlan/cost_max.pctl"...

1 property:
(1) "cost_max": R{"cost"}max=? [ F s1=12&s2=12 ]

Type:        MDP
Modules:     medium station1 station2 
Variables:   col c1 c2 x1 s1 slot1 backoff1 bc1 x2 s2 slot2 backoff2 bc2 

---------------------------------------------------------------------

Model checking: "cost_max": R{"cost"}max=? [ F s1=12&s2=12 ]
Model constants: COL=5,TRANS_TIME_MAX=600

Warning: Not Switching to explicit engine, We implemented the emthods for sparse engine.

Building model...
Model constants: COL=5,TRANS_TIME_MAX=600

Computing reachable states...

Reachability (BFS): 742 iterations in 13.88 seconds (average 0.018701, setup 0.00)

Time for model construction: 16.066 seconds.

Type:        MDP
States:      670413 (1 initial)
Transitions: 1375496
Choices:     1205516

Transition matrix: 271942 nodes (6 terminal), 1375496 minterms, vars: 53r/53c/7nd

Prob0E: 2240 iterations in 50.21 seconds (average 0.022416, setup 0.00)

Prob1A: 1 iterations in 0.04 seconds (average 0.036000, setup 0.00)

goal = 6, inf = 0, maybe = 670407

Warning: Upper bound for interval iteration manually set to 6.6771738E7

Computing remaining rewards...
 10
Building sparse matrix (transitions)... [n=670413, nc=1205510, nnz=1375490, k=3] [22.9 MB]
Building sparse matrix (transition rewards)... [n=670413, nc=1205510, nnz=521934, k=3] [13.1 MB]
Creating vector for state rewards... [5.1 MB]
Creating vector for inf... [5.1 MB]
Creating vector for lower bounds... [5.1 MB]
Creating vector for upper bounds... [5.1 MB]
Allocating iteration vectors... [4 x 5.1 MB]
TOTAL: [76.9 MB]

Starting iterations (interval iteration)...

Soln above finished after 7231 iterations, while flag is True.

Checking for lower bound passed after 19 iterations.Iteration 1: max relative diff=1.000000, 73.99 sec so far
Iteration 404: max relative diff=1.000000, 79.00 sec so far
Iteration 800: max relative diff=1.000000, 84.00 sec so far
Iteration 1197: max relative diff=1.000000, 89.02 sec so far
Iteration 1596: max relative diff=1.000000, 94.03 sec so far
Iteration 1992: max relative diff=1.000000, 99.03 sec so far
Iteration 2389: max relative diff=1.000000, 104.04 sec so far
Iteration 2785: max relative diff=1.000000, 109.04 sec so far
Iteration 3181: max relative diff=1.000000, 114.05 sec so far
Iteration 3578: max relative diff=1.000000, 119.06 sec so far
Iteration 3975: max relative diff=1.000000, 124.07 sec so far
Iteration 4371: max relative diff=1.000000, 129.08 sec so far
Iteration 4767: max relative diff=1.000000, 134.08 sec so far
Iteration 5168: max relative diff=1.000000, 139.08 sec so far
Iteration 5506: max relative diff=0.000007, 144.09 sec so far
Iteration 5765: max relative diff=0.000003, 149.10 sec so far
Max relative diff between upper and lower bound on convergence: 9.85339E-07
LowItr:5975 , UpItr:7793  

Iterative method: 5956 iterations in 152.79 seconds (average 0.025654, setup 1.50)
Maximum finite value in solution vector at end of interval iteration: 6.6439161720651716E7

Value in the initial state: 1.3292235354963116E7

Time for model checking: 204.688 seconds.

Result: 1.3292235354963116E7 (value in the initial state)

---------------------------------------------------------------------

Note: There were 2 warnings during computation.

