PRISM
=====

Version: 4.4
Date: Fri Feb 19 17:25:40 IRST 2021
Hostname: sadegh-H81M-S2PH
Memory limits: cudd=1g, java(heap)=910.5m
Command line: prism ../../examples/mdps/wlan/wlan3.nm ../../examples/mdps/wlan/time_max.pctl -s '-ii:upper=72870' -asynchii -maxiters 900500 -const COL=5 -const TRANS_TIME_MAX=400

Parsing model file "../../examples/mdps/wlan/wlan3.nm"...

Parsing properties file "../../examples/mdps/wlan/time_max.pctl"...

1 property:
(1) "time_max": R{"time"}max=? [ F s1=12&s2=12 ]

Type:        MDP
Modules:     medium station1 station2 
Variables:   col c1 c2 x1 s1 slot1 backoff1 bc1 x2 s2 slot2 backoff2 bc2 

---------------------------------------------------------------------

Model checking: "time_max": R{"time"}max=? [ F s1=12&s2=12 ]
Model constants: COL=5,TRANS_TIME_MAX=400

Warning: Not Switching to explicit engine, We implemented the emthods for sparse engine.

Building model...
Model constants: COL=5,TRANS_TIME_MAX=400

Computing reachable states...

Reachability (BFS): 542 iterations in 7.38 seconds (average 0.013618, setup 0.00)

Time for model construction: 8.459 seconds.

Type:        MDP
States:      511413 (1 initial)
Transitions: 1054496
Choices:     884516

Transition matrix: 183723 nodes (6 terminal), 1054496 minterms, vars: 51r/51c/7nd

Prob0E: 1640 iterations in 30.19 seconds (average 0.018406, setup 0.00)

Prob1A: 1 iterations in 0.02 seconds (average 0.024000, setup 0.00)

goal = 6, inf = 0, maybe = 511407

Warning: Upper bound for interval iteration manually set to 72870.0

Computing remaining rewards...
 8
Building sparse matrix (transitions)... [n=511413, nc=884510, nnz=1054490, k=3] [17.4 MB]
Building sparse matrix (transition rewards)... [n=511413, nc=884510, nnz=364934, k=3] [9.5 MB]
Creating vector for state rewards... [3.9 MB]
Creating vector for inf... [3.9 MB]
Creating vector for lower bounds... [3.9 MB]
Creating vector for upper bounds... [3.9 MB]
Allocating iteration vectors... [4 x 3.9 MB]
TOTAL: [58.1 MB]

Starting iterations (interval iteration)...

 Time for pre-computation	: 0.019000 
		 >> 511407 after 0 iters << 
Iteration 751: max relative diff=1.000000, 4.99 sec so far
Iteration 1444: max relative diff=72870.000000, 9.99 sec so far
Iteration 2042: max relative diff=72371.778456, 14.99 sec so far
Iteration 2641: max relative diff=15526.523437, 19.99 sec so far
Iteration 3230: max relative diff=3916.189604, 25.01 sec so far
Iteration 3565: max relative diff=865.127783, 30.02 sec so far
Iteration 3900: max relative diff=116.427086, 35.03 sec so far
Iteration 4234: max relative diff=7.706466, 40.03 sec so far
Iteration 4569: max relative diff=0.241837, 45.04 sec so far
Iteration 4904: max relative diff=0.007088, 50.05 sec so far
Iteration 5239: max relative diff=0.000199, 55.06 sec so far
Iteration 5574: max relative diff=0.000033, 60.07 sec so far
Iteration 5909: max relative diff=0.000002, 65.08 sec so far
Max relative diff between upper and lower bound on convergence: 9.95366E-07
LowItr:3946 , UpItr:4755 

Iterative method: 5958 iterations in 65.82 seconds (average 0.011047, setup 1.03)
Maximum finite value in solution vector at end of interval iteration: 72532.63342081432

Value in the initial state: 66287.44077554069

Time for model checking: 97.266 seconds.

Result: 66287.44077554069 (value in the initial state)

---------------------------------------------------------------------

Note: There were 2 warnings during computation.

