PRISM
=====

Version: 4.4
Date: Sat Feb 20 18:59:00 IRST 2021
Hostname: sadegh-H81M-S2PH
Memory limits: cudd=1g, java(heap)=910.5m
Command line: prism ../../examples/mdps/wlan/wlan3.nm ../../examples/mdps/wlan/time_max.pctl -s '-ii:upper=1.2e+12' -improvedbk -maxiters 900500 -const COL=5 -const TRANS_TIME_MAX=1700

Parsing model file "../../examples/mdps/wlan/wlan3.nm"...

Parsing properties file "../../examples/mdps/wlan/time_max.pctl"...

1 property:
(1) "time_max": R{"time"}max=? [ F s1=12&s2=12 ]

Type:        MDP
Modules:     medium station1 station2 
Variables:   col c1 c2 x1 s1 slot1 backoff1 bc1 x2 s2 slot2 backoff2 bc2 

---------------------------------------------------------------------

Model checking: "time_max": R{"time"}max=? [ F s1=12&s2=12 ]
Model constants: COL=5,TRANS_TIME_MAX=1700

Warning: Not Switching to explicit engine, We implemented the emthods for sparse engine.

Building model...
Model constants: COL=5,TRANS_TIME_MAX=1700

Computing reachable states...

Reachability (BFS): 1842 iterations in 76.63 seconds (average 0.041603, setup 0.00)

Time for model construction: 102.59 seconds.

Type:        MDP
States:      1544913 (1 initial)
Transitions: 3140996
Choices:     2971016

Transition matrix: 709091 nodes (6 terminal), 3140996 minterms, vars: 55r/55c/7nd

Prob0E: 5540 iterations in 261.25 seconds (average 0.047156, setup 0.00)

Prob1A: 1 iterations in 0.10 seconds (average 0.102000, setup 0.00)

goal = 6, inf = 0, maybe = 1544907

Warning: Upper bound for interval iteration manually set to 1.2E12

Computing remaining rewards...
 7
Building sparse matrix (transitions)... [n=1544913, nc=2971010, nnz=3140990, k=3] [53.2 MB]
Building sparse matrix (transition rewards)... [n=1544913, nc=2971010, nnz=1385434, k=3] [33.1 MB]
Creating vector for state rewards... [11.8 MB]
Creating vector for inf... [11.8 MB]
Creating vector for lower bounds... [11.8 MB]
Creating vector for upper bounds... [11.8 MB]
Allocating iteration vectors... [4 x 11.8 MB]
TOTAL: [180.5 MB]

Starting iterations (interval iteration)...

 Time for pre-computation: 1.383000 Iteration 149: max relative diff=50.000000, 3.62 sec so far
Iteration 362: max relative diff=50.000000, 8.63 sec so far
Iteration 575: max relative diff=50.000000, 13.64 sec so far
Iteration 784: max relative diff=50.000000, 18.66 sec so far
Iteration 997: max relative diff=50.000000, 23.66 sec so far
Iteration 1210: max relative diff=50.000000, 28.67 sec so far
Iteration 1423: max relative diff=50.000000, 33.68 sec so far
Iteration 1636: max relative diff=50.000000, 38.68 sec so far
Iteration 1849: max relative diff=50.000000, 43.69 sec so far
Iteration 2062: max relative diff=50.000000, 48.70 sec so far
Iteration 2275: max relative diff=50.000000, 53.72 sec so far
Iteration 2488: max relative diff=50.000000, 58.73 sec so far
Iteration 2701: max relative diff=50.000000, 63.74 sec so far
Iteration 2912: max relative diff=50.000000, 68.76 sec so far
Iteration 3125: max relative diff=50.000000, 73.77 sec so far
Iteration 3338: max relative diff=50.000000, 78.78 sec so far
Iteration 3551: max relative diff=50.000000, 83.79 sec so far
Iteration 3764: max relative diff=50.000000, 88.80 sec so far
Iteration 3977: max relative diff=50.000000, 93.80 sec so far
Iteration 4190: max relative diff=50.000000, 98.82 sec so far
Iteration 4403: max relative diff=50.000000, 103.83 sec so far
Iteration 4616: max relative diff=50.000000, 108.83 sec so far
Iteration 4829: max relative diff=50.000000, 113.86 sec so far
Iteration 5042: max relative diff=50.000000, 118.87 sec so far
Iteration 5255: max relative diff=9.179688, 123.87 sec so far
Iteration 5468: max relative diff=9.179688, 128.89 sec so far
Iteration 5681: max relative diff=9.179688, 133.90 sec so far
Iteration 5894: max relative diff=9.179688, 138.90 sec so far
Iteration 6107: max relative diff=9.179688, 143.91 sec so far
Iteration 6320: max relative diff=9.179688, 148.92 sec so far
Iteration 6533: max relative diff=9.179688, 153.92 sec so far
Iteration 6746: max relative diff=9.179688, 158.94 sec so far
Iteration 6959: max relative diff=0.851631, 163.94 sec so far
Iteration 7172: max relative diff=0.851631, 168.96 sec so far
Iteration 7384: max relative diff=0.851631, 173.96 sec so far
Iteration 7597: max relative diff=0.851631, 178.97 sec so far
Iteration 7810: max relative diff=0.851631, 183.98 sec so far
Iteration 8023: max relative diff=0.851631, 188.99 sec so far
Iteration 8236: max relative diff=0.851631, 194.00 sec so far
Iteration 8449: max relative diff=0.851631, 199.02 sec so far
Iteration 8662: max relative diff=0.039504, 204.03 sec so far
Iteration 8875: max relative diff=0.039504, 209.03 sec so far
Iteration 9088: max relative diff=0.039504, 214.04 sec so far
Iteration 9301: max relative diff=0.039504, 219.06 sec so far
Iteration 9514: max relative diff=0.039504, 224.06 sec so far
Iteration 9727: max relative diff=0.039504, 229.07 sec so far
Iteration 9940: max relative diff=0.039504, 234.09 sec so far
Iteration 10153: max relative diff=0.039504, 239.10 sec so far
Iteration 10366: max relative diff=0.000921, 244.10 sec so far
Iteration 10579: max relative diff=0.000921, 249.11 sec so far
Iteration 10792: max relative diff=0.000921, 254.12 sec so far
Iteration 11005: max relative diff=0.000921, 259.14 sec so far
Iteration 11218: max relative diff=0.000921, 264.15 sec so far
Iteration 11431: max relative diff=0.000921, 269.16 sec so far
Iteration 11644: max relative diff=0.000921, 274.17 sec so far
Iteration 11857: max relative diff=0.000921, 279.18 sec so far
Iteration 12070: max relative diff=0.000021, 284.19 sec so far
Iteration 12284: max relative diff=0.000021, 289.21 sec so far
Iteration 12497: max relative diff=0.000021, 294.22 sec so far
Iteration 12710: max relative diff=0.000021, 299.23 sec so far
Iteration 12923: max relative diff=0.000021, 304.23 sec so far
Iteration 13136: max relative diff=0.000021, 309.25 sec so far
Iteration 13349: max relative diff=0.000021, 314.25 sec so far
Iteration 13562: max relative diff=0.000021, 319.27 sec so far

First round (updates from below) finished after 13621 iters.Iteration 13743: max relative diff=645.000000, 324.27 sec so far
Iteration 13912: max relative diff=645.000000, 329.28 sec so far
Iteration 14081: max relative diff=645.000000, 334.28 sec so far
Iteration 14250: max relative diff=645.000000, 339.29 sec so far
Iteration 14419: max relative diff=645.000000, 344.29 sec so far
Iteration 14588: max relative diff=645.000000, 349.29 sec so far
Iteration 14757: max relative diff=645.000000, 354.31 sec so far
Iteration 14926: max relative diff=645.000000, 359.31 sec so far
Iteration 15095: max relative diff=645.000000, 364.32 sec so far
Iteration 15264: max relative diff=645.000000, 369.33 sec so far
Iteration 15434: max relative diff=147.076545, 374.35 sec so far
Iteration 15605: max relative diff=147.076545, 379.38 sec so far
Iteration 15779: max relative diff=147.076545, 384.39 sec so far
Iteration 15956: max relative diff=147.076545, 389.40 sec so far
Iteration 16141: max relative diff=147.076545, 394.41 sec so far
Iteration 16330: max relative diff=147.076545, 399.43 sec so far
Iteration 16521: max relative diff=147.076545, 404.45 sec so far
Iteration 16715: max relative diff=147.076545, 409.47 sec so far
Iteration 16911: max relative diff=147.076545, 414.48 sec so far
Iteration 17110: max relative diff=14.902211, 419.48 sec so far
Iteration 17311: max relative diff=14.902211, 424.50 sec so far
Iteration 17512: max relative diff=14.902211, 429.52 sec so far
Iteration 17713: max relative diff=14.902211, 434.53 sec so far
Iteration 17914: max relative diff=14.902211, 439.55 sec so far
Iteration 18115: max relative diff=14.902211, 444.57 sec so far
Iteration 18316: max relative diff=14.902211, 449.59 sec so far
Iteration 18517: max relative diff=14.902211, 454.61 sec so far
Iteration 18718: max relative diff=14.902211, 459.63 sec so far
Iteration 18919: max relative diff=1.829809, 464.64 sec so far
Iteration 19120: max relative diff=1.829809, 469.66 sec so far
Iteration 19320: max relative diff=1.829809, 474.66 sec so far
Iteration 19521: max relative diff=1.829809, 479.68 sec so far
Iteration 19722: max relative diff=1.829809, 484.70 sec so far
Iteration 19923: max relative diff=1.829809, 489.72 sec so far
Iteration 20124: max relative diff=1.829809, 494.74 sec so far
Iteration 20324: max relative diff=1.829809, 499.74 sec so far
Iteration 20525: max relative diff=0.131710, 504.76 sec so far
Iteration 20726: max relative diff=0.131710, 509.78 sec so far
Iteration 20927: max relative diff=0.131710, 514.81 sec so far
Iteration 21128: max relative diff=0.131710, 519.83 sec so far
Iteration 21329: max relative diff=0.131710, 524.85 sec so far
Iteration 21530: max relative diff=0.131710, 529.87 sec so far
Iteration 21731: max relative diff=0.131710, 534.89 sec so far
Iteration 21932: max relative diff=0.131710, 539.90 sec so far
Iteration 22133: max relative diff=0.057708, 544.92 sec so far
Iteration 22334: max relative diff=0.005993, 549.94 sec so far
Iteration 22535: max relative diff=0.005993, 554.96 sec so far
Iteration 22736: max relative diff=0.005993, 559.98 sec so far
Iteration 22937: max relative diff=0.005993, 565.00 sec so far
Iteration 23138: max relative diff=0.005993, 570.02 sec so far
Iteration 23339: max relative diff=0.005993, 575.04 sec so far
Iteration 23540: max relative diff=0.005993, 580.06 sec so far
Iteration 23741: max relative diff=0.005993, 585.09 sec so far
Iteration 23942: max relative diff=0.000124, 590.11 sec so far
Iteration 24143: max relative diff=0.000124, 595.13 sec so far
Iteration 24344: max relative diff=0.000124, 600.14 sec so far
Iteration 24545: max relative diff=0.000124, 605.16 sec so far
Iteration 24746: max relative diff=0.000124, 610.18 sec so far
Iteration 24947: max relative diff=0.000124, 615.20 sec so far
Iteration 25148: max relative diff=0.000124, 620.22 sec so far
Iteration 25349: max relative diff=0.000124, 625.24 sec so far
Iteration 25550: max relative diff=0.000003, 630.25 sec so far
Iteration 25751: max relative diff=0.000003, 635.27 sec so far
Iteration 25952: max relative diff=0.000003, 640.29 sec so far
Iteration 26153: max relative diff=0.000003, 645.30 sec so far
Iteration 26354: max relative diff=0.000003, 650.32 sec so far
Iteration 26555: max relative diff=0.000003, 655.34 sec so far
Iteration 26756: max relative diff=0.000003, 660.36 sec so far
Iteration 26957: max relative diff=0.000003, 665.37 sec so far
Iteration 27158: max relative diff=0.000003, 670.39 sec so far

Second round (updates from above) finished after 27242 iters.
Update from both sides... 
Iteration 27331: max relative diff=0.000909, 675.39 sec so far
Iteration 27485: max relative diff=0.000824, 680.43 sec so far
Iteration 27639: max relative diff=0.000739, 685.46 sec so far
Iteration 27793: max relative diff=0.000655, 690.48 sec so far
Iteration 27947: max relative diff=0.000570, 695.51 sec so far
Iteration 28101: max relative diff=0.000485, 700.54 sec so far
Iteration 28255: max relative diff=0.000400, 705.57 sec so far
Iteration 28409: max relative diff=0.000315, 710.60 sec so far
Iteration 28563: max relative diff=0.000230, 715.63 sec so far
Iteration 28717: max relative diff=0.000146, 720.66 sec so far
Iteration 28871: max relative diff=0.000061, 725.68 sec so far
Iteration 29025: max relative diff=0.000021, 730.72 sec so far
Iteration 29179: max relative diff=0.000019, 735.74 sec so far
Iteration 29332: max relative diff=0.000017, 740.75 sec so far
Iteration 29486: max relative diff=0.000015, 745.77 sec so far
Iteration 29640: max relative diff=0.000013, 750.80 sec so far
Iteration 29794: max relative diff=0.000011, 755.83 sec so far
Iteration 29948: max relative diff=0.000009, 760.86 sec so far
Iteration 30102: max relative diff=0.000007, 765.89 sec so far
Iteration 30256: max relative diff=0.000006, 770.92 sec so far
Iteration 30410: max relative diff=0.000004, 775.95 sec so far
Iteration 30564: max relative diff=0.000002, 780.97 sec so far
Max relative diff between upper and lower bound on convergence: 0

Number of iterations for the lower bound = 16987

Iterative method: 30608 iterations in 782.40 seconds (average 0.025562, setup 4.09)
Maximum finite value in solution vector at end of interval iteration: 274379.9897806207

Value in the initial state: 274379.9897806207

Time for model checking: 1049.626 seconds.

Result: 274379.9897806207 (value in the initial state)

---------------------------------------------------------------------

Note: There were 2 warnings during computation.

