PRISM
=====

Version: 4.4
Date: Sat Feb 20 07:17:06 IRST 2021
Hostname: sadegh-H81M-S2PH
Memory limits: cudd=1g, java(heap)=910.5m
Command line: prism ../../examples/mdps/wlan/wlan3.nm ../../examples/mdps/wlan/time_max.pctl -s '-ii:upper=224870' -asynchupper -maxiters 900500 -const COL=5 -const TRANS_TIME_MAX=1400

Parsing model file "../../examples/mdps/wlan/wlan3.nm"...

Parsing properties file "../../examples/mdps/wlan/time_max.pctl"...

1 property:
(1) "time_max": R{"time"}max=? [ F s1=12&s2=12 ]

Type:        MDP
Modules:     medium station1 station2 
Variables:   col c1 c2 x1 s1 slot1 backoff1 bc1 x2 s2 slot2 backoff2 bc2 

---------------------------------------------------------------------

Model checking: "time_max": R{"time"}max=? [ F s1=12&s2=12 ]
Model constants: COL=5,TRANS_TIME_MAX=1400

Warning: Not Switching to explicit engine, We implemented the emthods for sparse engine.

Building model...
Model constants: COL=5,TRANS_TIME_MAX=1400

Computing reachable states...

Reachability (BFS): 1542 iterations in 53.80 seconds (average 0.034888, setup 0.00)

Time for model construction: 69.077 seconds.

Type:        MDP
States:      1306413 (1 initial)
Transitions: 2659496
Choices:     2489516

Transition matrix: 596764 nodes (6 terminal), 2659496 minterms, vars: 55r/55c/7nd

Prob0E: 4640 iterations in 190.04 seconds (average 0.040957, setup 0.00)

Prob1A: 1 iterations in 0.09 seconds (average 0.087000, setup 0.00)

goal = 6, inf = 0, maybe = 1306407

Warning: Upper bound for interval iteration manually set to 224870.0

Computing remaining rewards...
 10
Building sparse matrix (transitions)... [n=1306413, nc=2489510, nnz=2659490, k=3] [44.9 MB]
Building sparse matrix (transition rewards)... [n=1306413, nc=2489510, nnz=1149934, k=3] [27.6 MB]
Creating vector for state rewards... [10.0 MB]
Creating vector for inf... [10.0 MB]
Creating vector for lower bounds... [10.0 MB]
Creating vector for upper bounds... [10.0 MB]
Allocating iteration vectors... [4 x 10.0 MB]
TOTAL: [152.3 MB]

Starting iterations (interval iteration)...

Soln above finished after 14031 iterations, while flag is False.

Checking for lower bound passed after 19 iterations.Iteration 1: max relative diff=1.000000, 323.86 sec so far
Iteration 279: max relative diff=1.000000, 328.88 sec so far
Iteration 557: max relative diff=1.000000, 333.89 sec so far
Iteration 835: max relative diff=1.000000, 338.91 sec so far
Iteration 1113: max relative diff=1.000000, 343.91 sec so far
Iteration 1391: max relative diff=1.000000, 348.93 sec so far
Iteration 1669: max relative diff=1.000000, 353.94 sec so far
Iteration 1947: max relative diff=1.000000, 358.95 sec so far
Iteration 2225: max relative diff=1.000000, 363.96 sec so far
Iteration 2503: max relative diff=1.000000, 368.97 sec so far
Iteration 2781: max relative diff=1.000000, 373.98 sec so far
Iteration 3059: max relative diff=1.000000, 378.99 sec so far
Iteration 3338: max relative diff=1.000000, 384.00 sec so far
Iteration 3616: max relative diff=1.000000, 389.01 sec so far
Iteration 3894: max relative diff=1.000000, 394.02 sec so far
Iteration 4172: max relative diff=1.000000, 399.04 sec so far
Iteration 4450: max relative diff=1.000000, 404.04 sec so far
Iteration 4729: max relative diff=1.000000, 409.06 sec so far
Iteration 5007: max relative diff=1.000000, 414.06 sec so far
Iteration 5285: max relative diff=1.000000, 419.07 sec so far
Iteration 5563: max relative diff=1.000000, 424.08 sec so far
Iteration 5841: max relative diff=1.000000, 429.08 sec so far
Iteration 6119: max relative diff=1.000000, 434.10 sec so far
Iteration 6397: max relative diff=1.000000, 439.11 sec so far
Iteration 6675: max relative diff=1.000000, 444.12 sec so far
Iteration 6953: max relative diff=1.000000, 449.12 sec so far
Iteration 7230: max relative diff=1.000000, 454.13 sec so far
Iteration 7508: max relative diff=1.000000, 459.14 sec so far
Iteration 7787: max relative diff=1.000000, 464.16 sec so far
Iteration 8065: max relative diff=1.000000, 469.16 sec so far
Iteration 8343: max relative diff=1.000000, 474.18 sec so far
Iteration 8621: max relative diff=1.000000, 479.18 sec so far
Iteration 8899: max relative diff=1.000000, 484.20 sec so far
Iteration 9178: max relative diff=1.000000, 489.21 sec so far
Iteration 9456: max relative diff=1.000000, 494.22 sec so far
Iteration 9734: max relative diff=1.000000, 499.23 sec so far
Iteration 10011: max relative diff=1.000000, 504.25 sec so far
Iteration 10289: max relative diff=1.000000, 509.26 sec so far
Iteration 10566: max relative diff=1.000000, 514.27 sec so far
Iteration 10844: max relative diff=1.000000, 519.27 sec so far
Iteration 11122: max relative diff=1.000000, 524.28 sec so far
Iteration 11290: max relative diff=0.000068, 529.31 sec so far
Iteration 11416: max relative diff=0.000062, 534.33 sec so far
Iteration 11542: max relative diff=0.000056, 539.34 sec so far
Iteration 11668: max relative diff=0.000050, 544.36 sec so far
Iteration 11794: max relative diff=0.000043, 549.37 sec so far
Iteration 11920: max relative diff=0.000037, 554.38 sec so far
Iteration 12047: max relative diff=0.000031, 559.42 sec so far
Iteration 12173: max relative diff=0.000024, 564.43 sec so far
Iteration 12299: max relative diff=0.000018, 569.45 sec so far
Iteration 12425: max relative diff=0.000012, 574.47 sec so far
Iteration 12551: max relative diff=0.000006, 579.48 sec so far
Iteration 12677: max relative diff=0.000002, 584.50 sec so far
Iteration 12803: max relative diff=0.000001, 589.51 sec so far
Iteration 12929: max relative diff=0.000001, 594.52 sec so far
Iteration 13055: max relative diff=0.000001, 599.54 sec so far
Iteration 13181: max relative diff=0.000001, 604.56 sec so far
Max relative diff between upper and lower bound on convergence: 9.99775E-07
LowItr:13224 , UpItr:16039  

Iterative method: 13205 iterations in 605.51 seconds (average 0.045855, setup 3.35)
Maximum finite value in solution vector at end of interval iteration: 226358.45995386085

Value in the initial state: 226358.45995386085

Time for model checking: 799.375 seconds.

Result: 226358.45995386085 (value in the initial state)

---------------------------------------------------------------------

Note: There were 2 warnings during computation.

