PRISM
=====

Version: 4.4
Date: Sat Feb 20 11:11:19 IRST 2021
Hostname: sadegh-H81M-S2PH
Memory limits: cudd=1g, java(heap)=910.5m
Command line: prism ../../examples/mdps/wlan/wlan3.nm ../../examples/mdps/wlan/time_max.pctl -s '-ii:upper=1.2e+12' -improvedbk -maxiters 900500 -const COL=5 -const TRANS_TIME_MAX=1500

Parsing model file "../../examples/mdps/wlan/wlan3.nm"...

Parsing properties file "../../examples/mdps/wlan/time_max.pctl"...

1 property:
(1) "time_max": R{"time"}max=? [ F s1=12&s2=12 ]

Type:        MDP
Modules:     medium station1 station2 
Variables:   col c1 c2 x1 s1 slot1 backoff1 bc1 x2 s2 slot2 backoff2 bc2 

---------------------------------------------------------------------

Model checking: "time_max": R{"time"}max=? [ F s1=12&s2=12 ]
Model constants: COL=5,TRANS_TIME_MAX=1500

Warning: Not Switching to explicit engine, We implemented the emthods for sparse engine.

Building model...
Model constants: COL=5,TRANS_TIME_MAX=1500

Computing reachable states...

Reachability (BFS): 1642 iterations in 61.26 seconds (average 0.037308, setup 0.00)

Time for model construction: 79.153 seconds.

Type:        MDP
States:      1385913 (1 initial)
Transitions: 2819996
Choices:     2650016

Transition matrix: 634206 nodes (6 terminal), 2819996 minterms, vars: 55r/55c/7nd

Prob0E: 4940 iterations in 217.47 seconds (average 0.044023, setup 0.00)

Prob1A: 1 iterations in 0.09 seconds (average 0.091000, setup 0.00)

goal = 6, inf = 0, maybe = 1385907

Warning: Upper bound for interval iteration manually set to 1.2E12

Computing remaining rewards...
 7
Building sparse matrix (transitions)... [n=1385913, nc=2650010, nnz=2819990, k=3] [47.7 MB]
Building sparse matrix (transition rewards)... [n=1385913, nc=2650010, nnz=1228434, k=3] [29.5 MB]
Creating vector for state rewards... [10.6 MB]
Creating vector for inf... [10.6 MB]
Creating vector for lower bounds... [10.6 MB]
Creating vector for upper bounds... [10.6 MB]
Allocating iteration vectors... [4 x 10.6 MB]
TOTAL: [161.7 MB]

Starting iterations (interval iteration)...

 Time for pre-computation: 1.244000 Iteration 184: max relative diff=50.000000, 3.77 sec so far
Iteration 436: max relative diff=50.000000, 8.78 sec so far
Iteration 688: max relative diff=50.000000, 13.78 sec so far
Iteration 941: max relative diff=50.000000, 18.80 sec so far
Iteration 1193: max relative diff=50.000000, 23.81 sec so far
Iteration 1445: max relative diff=50.000000, 28.81 sec so far
Iteration 1697: max relative diff=50.000000, 33.82 sec so far
Iteration 1949: max relative diff=50.000000, 38.83 sec so far
Iteration 2201: max relative diff=50.000000, 43.84 sec so far
Iteration 2453: max relative diff=50.000000, 48.86 sec so far
Iteration 2705: max relative diff=50.000000, 53.87 sec so far
Iteration 2957: max relative diff=50.000000, 58.88 sec so far
Iteration 3209: max relative diff=50.000000, 63.89 sec so far
Iteration 3461: max relative diff=50.000000, 68.91 sec so far
Iteration 3713: max relative diff=50.000000, 73.92 sec so far
Iteration 3965: max relative diff=50.000000, 78.93 sec so far
Iteration 4217: max relative diff=50.000000, 83.94 sec so far
Iteration 4469: max relative diff=50.000000, 88.95 sec so far
Iteration 4721: max relative diff=9.179688, 93.97 sec so far
Iteration 4973: max relative diff=9.179688, 98.99 sec so far
Iteration 5225: max relative diff=9.179688, 104.00 sec so far
Iteration 5476: max relative diff=9.179688, 109.01 sec so far
Iteration 5727: max relative diff=9.179688, 114.01 sec so far
Iteration 5980: max relative diff=9.179688, 119.03 sec so far
Iteration 6232: max relative diff=0.851631, 124.03 sec so far
Iteration 6485: max relative diff=0.851631, 129.05 sec so far
Iteration 6738: max relative diff=0.851631, 134.07 sec so far
Iteration 6991: max relative diff=0.851631, 139.09 sec so far
Iteration 7244: max relative diff=0.851631, 144.10 sec so far
Iteration 7497: max relative diff=0.851630, 149.11 sec so far
Iteration 7750: max relative diff=0.039504, 154.13 sec so far
Iteration 8002: max relative diff=0.039504, 159.13 sec so far
Iteration 8255: max relative diff=0.039504, 164.15 sec so far
Iteration 8508: max relative diff=0.039504, 169.17 sec so far
Iteration 8761: max relative diff=0.039504, 174.18 sec so far
Iteration 9014: max relative diff=0.000921, 179.19 sec so far
Iteration 9267: max relative diff=0.000921, 184.21 sec so far
Iteration 9520: max relative diff=0.000921, 189.23 sec so far
Iteration 9773: max relative diff=0.000921, 194.24 sec so far
Iteration 10026: max relative diff=0.000921, 199.26 sec so far
Iteration 10279: max relative diff=0.000921, 204.27 sec so far
Iteration 10532: max relative diff=0.000021, 209.28 sec so far
Iteration 10785: max relative diff=0.000021, 214.30 sec so far
Iteration 11037: max relative diff=0.000021, 219.30 sec so far
Iteration 11290: max relative diff=0.000021, 224.32 sec so far
Iteration 11542: max relative diff=0.000021, 229.32 sec so far
Iteration 11795: max relative diff=0.000021, 234.34 sec so far

First round (updates from below) finished after 12021 iters.Iteration 12043: max relative diff=645.000000, 239.34 sec so far
Iteration 12257: max relative diff=645.000000, 244.34 sec so far
Iteration 12471: max relative diff=645.000000, 249.35 sec so far
Iteration 12685: max relative diff=645.000000, 254.35 sec so far
Iteration 12899: max relative diff=645.000000, 259.35 sec so far
Iteration 13114: max relative diff=645.000000, 264.37 sec so far
Iteration 13328: max relative diff=645.000000, 269.37 sec so far
Iteration 13543: max relative diff=147.076545, 274.39 sec so far
Iteration 13759: max relative diff=147.076545, 279.40 sec so far
Iteration 13979: max relative diff=147.076545, 284.42 sec so far
Iteration 14201: max relative diff=147.076545, 289.42 sec so far
Iteration 14427: max relative diff=147.076545, 294.44 sec so far
Iteration 14655: max relative diff=147.076545, 299.44 sec so far
Iteration 14886: max relative diff=147.076545, 304.45 sec so far
Iteration 15121: max relative diff=14.902527, 309.46 sec so far
Iteration 15358: max relative diff=14.902527, 314.48 sec so far
Iteration 15595: max relative diff=14.902527, 319.49 sec so far
Iteration 15832: max relative diff=14.902527, 324.51 sec so far
Iteration 16069: max relative diff=14.902527, 329.53 sec so far
Iteration 16306: max relative diff=14.902527, 334.55 sec so far
Iteration 16543: max relative diff=1.829809, 339.57 sec so far
Iteration 16780: max relative diff=1.829809, 344.58 sec so far
Iteration 17016: max relative diff=1.829809, 349.59 sec so far
Iteration 17253: max relative diff=1.829809, 354.61 sec so far
Iteration 17490: max relative diff=1.829809, 359.63 sec so far
Iteration 17727: max relative diff=1.829809, 364.65 sec so far
Iteration 17964: max relative diff=1.829809, 369.66 sec so far
Iteration 18201: max relative diff=0.131710, 374.67 sec so far
Iteration 18438: max relative diff=0.131710, 379.69 sec so far
Iteration 18675: max relative diff=0.131710, 384.71 sec so far
Iteration 18912: max relative diff=0.131710, 389.73 sec so far
Iteration 19149: max relative diff=0.131710, 394.75 sec so far
Iteration 19385: max relative diff=0.131710, 399.75 sec so far
Iteration 19622: max relative diff=0.005993, 404.76 sec so far
Iteration 19858: max relative diff=0.005993, 409.77 sec so far
Iteration 20095: max relative diff=0.005993, 414.78 sec so far
Iteration 20332: max relative diff=0.005993, 419.79 sec so far
Iteration 20569: max relative diff=0.005993, 424.81 sec so far
Iteration 20806: max relative diff=0.005993, 429.82 sec so far
Iteration 21043: max relative diff=0.000124, 434.84 sec so far
Iteration 21280: max relative diff=0.000124, 439.86 sec so far
Iteration 21517: max relative diff=0.000124, 444.87 sec so far
Iteration 21754: max relative diff=0.000124, 449.88 sec so far
Iteration 21990: max relative diff=0.000124, 454.89 sec so far
Iteration 22226: max relative diff=0.000124, 459.89 sec so far
Iteration 22463: max relative diff=0.000124, 464.91 sec so far
Iteration 22700: max relative diff=0.000003, 469.92 sec so far
Iteration 22937: max relative diff=0.000003, 474.94 sec so far
Iteration 23174: max relative diff=0.000003, 479.95 sec so far
Iteration 23411: max relative diff=0.000003, 484.97 sec so far
Iteration 23648: max relative diff=0.000003, 489.99 sec so far
Iteration 23885: max relative diff=0.000003, 495.01 sec so far

Second round (updates from above) finished after 24042 iters.
Update from both sides... 
Iteration 24103: max relative diff=0.000812, 500.02 sec so far
Iteration 24283: max relative diff=0.000712, 505.03 sec so far
Iteration 24463: max relative diff=0.000613, 510.03 sec so far
Iteration 24643: max relative diff=0.000514, 515.03 sec so far
Iteration 24823: max relative diff=0.000415, 520.04 sec so far
Iteration 25003: max relative diff=0.000316, 525.05 sec so far
Iteration 25183: max relative diff=0.000217, 530.05 sec so far
Iteration 25363: max relative diff=0.000118, 535.06 sec so far
Iteration 25543: max relative diff=0.000020, 540.06 sec so far
Iteration 25723: max relative diff=0.000017, 545.07 sec so far
Iteration 25903: max relative diff=0.000015, 550.07 sec so far
Iteration 26083: max relative diff=0.000013, 555.07 sec so far
Iteration 26263: max relative diff=0.000010, 560.08 sec so far
Iteration 26443: max relative diff=0.000008, 565.08 sec so far
Iteration 26623: max relative diff=0.000006, 570.09 sec so far
Iteration 26803: max relative diff=0.000004, 575.09 sec so far
Iteration 26983: max relative diff=0.000001, 580.10 sec so far
Max relative diff between upper and lower bound on convergence: 0

Number of iterations for the lower bound = 14982

Iterative method: 27003 iterations in 580.66 seconds (average 0.021503, setup 3.63)
Maximum finite value in solution vector at end of interval iteration: 242365.63656283173

Value in the initial state: 242365.63656283173

Time for model checking: 803.579 seconds.

Result: 242365.63656283173 (value in the initial state)

---------------------------------------------------------------------

Note: There were 2 warnings during computation.

