PRISM
=====

Version: 4.4
Date: Fri Feb 19 17:15:17 IRST 2021
Hostname: sadegh-H81M-S2PH
Memory limits: cudd=1g, java(heap)=910.5m
Command line: prism ../../examples/mdps/wlan/wlan3.nm ../../examples/mdps/wlan/cost_max.pctl -s '-ii:upper=44627538' -asynchii -maxiters 900500 -const COL=5 -const TRANS_TIME_MAX=400

Parsing model file "../../examples/mdps/wlan/wlan3.nm"...

Parsing properties file "../../examples/mdps/wlan/cost_max.pctl"...

1 property:
(1) "cost_max": R{"cost"}max=? [ F s1=12&s2=12 ]

Type:        MDP
Modules:     medium station1 station2 
Variables:   col c1 c2 x1 s1 slot1 backoff1 bc1 x2 s2 slot2 backoff2 bc2 

---------------------------------------------------------------------

Model checking: "cost_max": R{"cost"}max=? [ F s1=12&s2=12 ]
Model constants: COL=5,TRANS_TIME_MAX=400

Warning: Not Switching to explicit engine, We implemented the emthods for sparse engine.

Building model...
Model constants: COL=5,TRANS_TIME_MAX=400

Computing reachable states...

Reachability (BFS): 542 iterations in 7.34 seconds (average 0.013552, setup 0.00)

Time for model construction: 8.44 seconds.

Type:        MDP
States:      511413 (1 initial)
Transitions: 1054496
Choices:     884516

Transition matrix: 183723 nodes (6 terminal), 1054496 minterms, vars: 51r/51c/7nd

Prob0E: 1640 iterations in 30.22 seconds (average 0.018429, setup 0.00)

Prob1A: 1 iterations in 0.02 seconds (average 0.023000, setup 0.00)

goal = 6, inf = 0, maybe = 511407

Warning: Upper bound for interval iteration manually set to 4.4627538E7

Computing remaining rewards...
 8
Building sparse matrix (transitions)... [n=511413, nc=884510, nnz=1054490, k=3] [17.4 MB]
Building sparse matrix (transition rewards)... [n=511413, nc=884510, nnz=364934, k=3] [9.5 MB]
Creating vector for state rewards... [3.9 MB]
Creating vector for inf... [3.9 MB]
Creating vector for lower bounds... [3.9 MB]
Creating vector for upper bounds... [3.9 MB]
Allocating iteration vectors... [4 x 3.9 MB]
TOTAL: [58.1 MB]

Starting iterations (interval iteration)...

 Time for pre-computation	: 0.015000 
		 >> 511407 after 0 iters << 
Iteration 767: max relative diff=1.000000, 4.99 sec so far
Iteration 1538: max relative diff=1.000000, 9.99 sec so far
Iteration 2238: max relative diff=44627538.000000, 14.99 sec so far
Iteration 2834: max relative diff=44622036.160271, 20.00 sec so far
Iteration 3428: max relative diff=8188846.285485, 25.00 sec so far
Iteration 4024: max relative diff=35489.394540, 30.01 sec so far
Iteration 4617: max relative diff=1041.530435, 35.01 sec so far
Iteration 5040: max relative diff=103.430205, 40.02 sec so far
Iteration 5376: max relative diff=3.103056, 45.03 sec so far
Iteration 5712: max relative diff=0.088556, 50.03 sec so far
Iteration 6049: max relative diff=0.002439, 55.04 sec so far
Iteration 6385: max relative diff=0.000550, 60.05 sec so far
Iteration 6721: max relative diff=0.000022, 65.06 sec so far
Max relative diff between upper and lower bound on convergence: 9.98378E-07
LowItr:4145 , UpItr:4964 

Iterative method: 6962 iterations in 68.65 seconds (average 0.009861, setup 1.04)
Maximum finite value in solution vector at end of interval iteration: 4.429509987490769E7

Value in the initial state: 8863442.750470975

Time for model checking: 100.156 seconds.

Result: 8863442.750470975 (value in the initial state)

---------------------------------------------------------------------

Note: There were 2 warnings during computation.

