PRISM
=====

Version: 4.4
Date: Fri Feb 19 16:58:01 IRST 2021
Hostname: sadegh-H81M-S2PH
Memory limits: cudd=1g, java(heap)=910.5m
Command line: prism ../../examples/mdps/wlan/wlan3.nm ../../examples/mdps/wlan/cost_max.pctl -s '-ii:upper=33555438' -asynchii -maxiters 900500 -const COL=5 -const TRANS_TIME_MAX=300

Parsing model file "../../examples/mdps/wlan/wlan3.nm"...

Parsing properties file "../../examples/mdps/wlan/cost_max.pctl"...

1 property:
(1) "cost_max": R{"cost"}max=? [ F s1=12&s2=12 ]

Type:        MDP
Modules:     medium station1 station2 
Variables:   col c1 c2 x1 s1 slot1 backoff1 bc1 x2 s2 slot2 backoff2 bc2 

---------------------------------------------------------------------

Model checking: "cost_max": R{"cost"}max=? [ F s1=12&s2=12 ]
Model constants: COL=5,TRANS_TIME_MAX=300

Warning: Not Switching to explicit engine, We implemented the emthods for sparse engine.

Building model...
Model constants: COL=5,TRANS_TIME_MAX=300

Computing reachable states...

Reachability (BFS): 442 iterations in 4.95 seconds (average 0.011206, setup 0.00)

Time for model construction: 5.658 seconds.

Type:        MDP
States:      431913 (1 initial)
Transitions: 893996
Choices:     724016

Transition matrix: 146418 nodes (6 terminal), 893996 minterms, vars: 51r/51c/7nd

Prob0E: 1340 iterations in 21.46 seconds (average 0.016017, setup 0.00)

Prob1A: 1 iterations in 0.02 seconds (average 0.020000, setup 0.00)

goal = 6, inf = 0, maybe = 431907

Warning: Upper bound for interval iteration manually set to 3.3555438E7

Computing remaining rewards...
 8
Building sparse matrix (transitions)... [n=431913, nc=724010, nnz=893990, k=3] [14.6 MB]
Building sparse matrix (transition rewards)... [n=431913, nc=724010, nnz=286434, k=3] [7.7 MB]
Creating vector for state rewards... [3.3 MB]
Creating vector for inf... [3.3 MB]
Creating vector for lower bounds... [3.3 MB]
Creating vector for upper bounds... [3.3 MB]
Allocating iteration vectors... [4 x 3.3 MB]
TOTAL: [48.7 MB]

Starting iterations (interval iteration)...

 Time for pre-computation	: 0.016000 
		 >> 431907 after 0 iters << 
Iteration 885: max relative diff=1.000000, 4.99 sec so far
Iteration 1714: max relative diff=33555438.000000, 9.99 sec so far
Iteration 2402: max relative diff=6157058.816712, 15.00 sec so far
Iteration 3090: max relative diff=26724.464071, 20.00 sec so far
Iteration 3707: max relative diff=111.653236, 25.00 sec so far
Iteration 4096: max relative diff=1.721336, 30.01 sec so far
Iteration 4485: max relative diff=0.019463, 35.02 sec so far
Iteration 4874: max relative diff=0.000039, 40.03 sec so far
Max relative diff between upper and lower bound on convergence: 9.97446E-07
LowItr:3034 , UpItr:3652 

Iterative method: 5150 iterations in 43.59 seconds (average 0.008464, setup 0.82)
Maximum finite value in solution vector at end of interval iteration: 3.322306895203567E7

Value in the initial state: 6649046.4482249115

Time for model checking: 66.042 seconds.

Result: 6649046.4482249115 (value in the initial state)

---------------------------------------------------------------------

Note: There were 2 warnings during computation.

