PRISM
=====

Version: 4.4
Date: Fri Feb 19 16:54:02 IRST 2021
Hostname: sadegh-H81M-S2PH
Memory limits: cudd=1g, java(heap)=910.5m
Command line: prism ../../examples/mdps/wlan/wlan3.nm ../../examples/mdps/wlan/cost_max.pctl -s '-ii:upper=1.2e+12' -backward -maxiters 900500 -const COL=5 -const TRANS_TIME_MAX=300

Parsing model file "../../examples/mdps/wlan/wlan3.nm"...

Parsing properties file "../../examples/mdps/wlan/cost_max.pctl"...

1 property:
(1) "cost_max": R{"cost"}max=? [ F s1=12&s2=12 ]

Type:        MDP
Modules:     medium station1 station2 
Variables:   col c1 c2 x1 s1 slot1 backoff1 bc1 x2 s2 slot2 backoff2 bc2 

---------------------------------------------------------------------

Model checking: "cost_max": R{"cost"}max=? [ F s1=12&s2=12 ]
Model constants: COL=5,TRANS_TIME_MAX=300

Warning: Not Switching to explicit engine, We implemented the emthods for sparse engine.

Building model...
Model constants: COL=5,TRANS_TIME_MAX=300

Computing reachable states...

Reachability (BFS): 442 iterations in 4.92 seconds (average 0.011136, setup 0.00)

Time for model construction: 5.619 seconds.

Type:        MDP
States:      431913 (1 initial)
Transitions: 893996
Choices:     724016

Transition matrix: 146418 nodes (6 terminal), 893996 minterms, vars: 51r/51c/7nd

Prob0E: 1340 iterations in 21.54 seconds (average 0.016075, setup 0.00)

Prob1A: 1 iterations in 0.02 seconds (average 0.019000, setup 0.00)

goal = 6, inf = 0, maybe = 431907

Warning: Upper bound for interval iteration manually set to 1.2E12

Computing remaining rewards...
 6
Building sparse matrix (transitions)... [n=431913, nc=724010, nnz=893990, k=3] [14.6 MB]
Building sparse matrix (transition rewards)... [n=431913, nc=724010, nnz=286434, k=3] [7.7 MB]
Creating vector for state rewards... [3.3 MB]
Creating vector for inf... [3.3 MB]
Creating vector for lower bounds... [3.3 MB]
Creating vector for upper bounds... [3.3 MB]
Allocating iteration vectors... [4 x 3.3 MB]
TOTAL: [48.7 MB]

Starting iterations (interval iteration)...

Time for state ordering: 0.016000


Iters: 500 , Maximum difference of values of bel_vec: 9730.96 & Maximum difference of values of abov_vec: 1.2E+12 
Iters: 1000 , Maximum difference of values of bel_vec: 170.824 & Maximum difference of values of abov_vec: 9.49173E+10 
Iters: 1500 , Maximum difference of values of bel_vec: 9.05528 & Maximum difference of values of abov_vec: 5.36343E+09 
Iters: 2000 , Maximum difference of values of bel_vec: 0.0102929 & Maximum difference of values of abov_vec: 5.89618E+06 
Iters: 2500 , Maximum difference of values of bel_vec: 5.62984E-06 & Maximum difference of values of abov_vec: 2408.36 
Iters: 3000 , Maximum difference of values of bel_vec: 1.31316E-07 & Maximum difference of values of abov_vec: 56.7154 
Iters: 3500 , Maximum difference of values of bel_vec: 5.58794E-09 & Maximum difference of values of abov_vec: 0.0261708 
Iters: 4000 , Maximum difference of values of bel_vec: 0 & Maximum difference of values of abov_vec: 1.27852E-05 
Iters: 4500 , Maximum difference of values of bel_vec: 0 & Maximum difference of values of abov_vec: 2.80328E-07 Max relative diff between upper and lower bound on convergence: 7.90693E-07
Iterative method: 4539 iterations in 58.71 seconds (average 0.012934, setup 0.82)
Maximum finite value in solution vector at end of interval iteration: 3.322306895203577E7

Value in the initial state: 6649046.448225707

Time for model checking: 81.168 seconds.

Result: 6649046.448225707 (value in the initial state)

---------------------------------------------------------------------

Note: There were 2 warnings during computation.

