PRISM
=====

Version: 4.4
Date: Sat Feb 20 05:09:47 IRST 2021
Hostname: sadegh-H81M-S2PH
Memory limits: cudd=1g, java(heap)=910.5m
Command line: prism ../../examples/mdps/wlan/wlan3.nm ../../examples/mdps/wlan/time_max.pctl -s '-ii:upper=1.2e+12' -improvedbk -maxiters 900500 -const COL=5 -const TRANS_TIME_MAX=1300

Parsing model file "../../examples/mdps/wlan/wlan3.nm"...

Parsing properties file "../../examples/mdps/wlan/time_max.pctl"...

1 property:
(1) "time_max": R{"time"}max=? [ F s1=12&s2=12 ]

Type:        MDP
Modules:     medium station1 station2 
Variables:   col c1 c2 x1 s1 slot1 backoff1 bc1 x2 s2 slot2 backoff2 bc2 

---------------------------------------------------------------------

Model checking: "time_max": R{"time"}max=? [ F s1=12&s2=12 ]
Model constants: COL=5,TRANS_TIME_MAX=1300

Warning: Not Switching to explicit engine, We implemented the emthods for sparse engine.

Building model...
Model constants: COL=5,TRANS_TIME_MAX=1300

Computing reachable states...

Reachability (BFS): 1442 iterations in 46.80 seconds (average 0.032457, setup 0.00)

Time for model construction: 59.52 seconds.

Type:        MDP
States:      1226913 (1 initial)
Transitions: 2498996
Choices:     2329016

Transition matrix: 559502 nodes (6 terminal), 2498996 minterms, vars: 55r/55c/7nd

Prob0E: 4340 iterations in 168.64 seconds (average 0.038858, setup 0.00)

Prob1A: 1 iterations in 0.08 seconds (average 0.082000, setup 0.00)

goal = 6, inf = 0, maybe = 1226907

Warning: Upper bound for interval iteration manually set to 1.2E12

Computing remaining rewards...
 7
Building sparse matrix (transitions)... [n=1226913, nc=2329010, nnz=2498990, k=3] [42.2 MB]
Building sparse matrix (transition rewards)... [n=1226913, nc=2329010, nnz=1071434, k=3] [25.8 MB]
Creating vector for state rewards... [9.4 MB]
Creating vector for inf... [9.4 MB]
Creating vector for lower bounds... [9.4 MB]
Creating vector for upper bounds... [9.4 MB]
Allocating iteration vectors... [4 x 9.4 MB]
TOTAL: [142.9 MB]

Starting iterations (interval iteration)...

 Time for pre-computation: 1.111000 Iteration 221: max relative diff=50.000000, 3.89 sec so far
Iteration 511: max relative diff=50.000000, 8.89 sec so far
Iteration 796: max relative diff=50.000000, 13.92 sec so far
Iteration 1085: max relative diff=50.000000, 18.93 sec so far
Iteration 1376: max relative diff=50.000000, 23.94 sec so far
Iteration 1666: max relative diff=50.000000, 28.95 sec so far
Iteration 1956: max relative diff=50.000000, 33.96 sec so far
Iteration 2246: max relative diff=50.000000, 38.97 sec so far
Iteration 2536: max relative diff=50.000000, 43.98 sec so far
Iteration 2826: max relative diff=50.000000, 48.98 sec so far
Iteration 3116: max relative diff=50.000000, 53.99 sec so far
Iteration 3406: max relative diff=50.000000, 58.99 sec so far
Iteration 3696: max relative diff=50.000000, 64.00 sec so far
Iteration 3986: max relative diff=9.179688, 69.01 sec so far
Iteration 4270: max relative diff=9.179688, 74.03 sec so far
Iteration 4560: max relative diff=9.179688, 79.03 sec so far
Iteration 4850: max relative diff=9.179688, 84.05 sec so far
Iteration 5140: max relative diff=9.179688, 89.05 sec so far
Iteration 5430: max relative diff=0.851631, 94.06 sec so far
Iteration 5720: max relative diff=0.851631, 99.06 sec so far
Iteration 6010: max relative diff=0.851631, 104.07 sec so far
Iteration 6300: max relative diff=0.851631, 109.08 sec so far
Iteration 6590: max relative diff=0.039504, 114.08 sec so far
Iteration 6880: max relative diff=0.039504, 119.09 sec so far
Iteration 7170: max relative diff=0.039504, 124.10 sec so far
Iteration 7460: max relative diff=0.039504, 129.10 sec so far
Iteration 7744: max relative diff=0.039504, 134.12 sec so far
Iteration 8034: max relative diff=0.000921, 139.13 sec so far
Iteration 8324: max relative diff=0.000921, 144.13 sec so far
Iteration 8614: max relative diff=0.000921, 149.14 sec so far
Iteration 8904: max relative diff=0.000921, 154.15 sec so far
Iteration 9194: max relative diff=0.000021, 159.16 sec so far
Iteration 9484: max relative diff=0.000021, 164.16 sec so far
Iteration 9774: max relative diff=0.000021, 169.17 sec so far
Iteration 10065: max relative diff=0.000021, 174.18 sec so far
Iteration 10355: max relative diff=0.000021, 179.19 sec so far

First round (updates from below) finished after 10421 iters.Iteration 10614: max relative diff=645.000000, 184.20 sec so far
Iteration 10864: max relative diff=645.000000, 189.21 sec so far
Iteration 11114: max relative diff=645.000000, 194.22 sec so far
Iteration 11364: max relative diff=645.000000, 199.22 sec so far
Iteration 11614: max relative diff=645.000000, 204.22 sec so far
Iteration 11865: max relative diff=147.076545, 209.24 sec so far
Iteration 12120: max relative diff=147.076545, 214.25 sec so far
Iteration 12378: max relative diff=147.076545, 219.25 sec so far
Iteration 12640: max relative diff=147.076545, 224.26 sec so far
Iteration 12906: max relative diff=147.076545, 229.28 sec so far
Iteration 13177: max relative diff=14.902527, 234.29 sec so far
Iteration 13449: max relative diff=14.902527, 239.30 sec so far
Iteration 13722: max relative diff=14.902527, 244.31 sec so far
Iteration 13994: max relative diff=14.902527, 249.32 sec so far
Iteration 14266: max relative diff=14.902527, 254.34 sec so far
Iteration 14538: max relative diff=1.829809, 259.35 sec so far
Iteration 14810: max relative diff=1.829809, 264.35 sec so far
Iteration 15082: max relative diff=1.829809, 269.36 sec so far
Iteration 15354: max relative diff=1.829809, 274.36 sec so far
Iteration 15626: max relative diff=0.737910, 279.37 sec so far
Iteration 15898: max relative diff=0.131710, 284.37 sec so far
Iteration 16170: max relative diff=0.131710, 289.38 sec so far
Iteration 16442: max relative diff=0.131710, 294.39 sec so far
Iteration 16714: max relative diff=0.131710, 299.39 sec so far
Iteration 16986: max relative diff=0.005993, 304.40 sec so far
Iteration 17258: max relative diff=0.005993, 309.41 sec so far
Iteration 17529: max relative diff=0.005993, 314.41 sec so far
Iteration 17801: max relative diff=0.005993, 319.42 sec so far
Iteration 18073: max relative diff=0.005993, 324.43 sec so far
Iteration 18346: max relative diff=0.000124, 329.45 sec so far
Iteration 18618: max relative diff=0.000124, 334.45 sec so far
Iteration 18891: max relative diff=0.000124, 339.47 sec so far
Iteration 19163: max relative diff=0.000124, 344.48 sec so far
Iteration 19435: max relative diff=0.000124, 349.49 sec so far
Iteration 19707: max relative diff=0.000003, 354.49 sec so far
Iteration 19979: max relative diff=0.000003, 359.50 sec so far
Iteration 20252: max relative diff=0.000003, 364.51 sec so far
Iteration 20524: max relative diff=0.000003, 369.52 sec so far
Iteration 20796: max relative diff=0.000003, 374.54 sec so far

Second round (updates from above) finished after 20842 iters.
Update from both sides... 
Iteration 21027: max relative diff=0.000631, 379.56 sec so far
Iteration 21249: max relative diff=0.000508, 384.56 sec so far
Iteration 21471: max relative diff=0.000386, 389.57 sec so far
Iteration 21693: max relative diff=0.000264, 394.58 sec so far
Iteration 21915: max relative diff=0.000141, 399.59 sec so far
Iteration 22137: max relative diff=0.000019, 404.60 sec so far
Iteration 22359: max relative diff=0.000014, 409.62 sec so far
Iteration 22581: max relative diff=0.000011, 414.63 sec so far
Iteration 22803: max relative diff=0.000009, 419.64 sec so far
Iteration 23025: max relative diff=0.000006, 424.65 sec so far
Iteration 23247: max relative diff=0.000003, 429.65 sec so far
Max relative diff between upper and lower bound on convergence: 0

Number of iterations for the lower bound = 12977

Iterative method: 23398 iterations in 433.06 seconds (average 0.018509, setup 3.21)
Maximum finite value in solution vector at end of interval iteration: 210351.28334504273

Value in the initial state: 210351.28334504273

Time for model checking: 606.382 seconds.

Result: 210351.28334504273 (value in the initial state)

---------------------------------------------------------------------

Note: There were 2 warnings during computation.

