PRISM
=====

Version: 4.4
Date: Sun Feb 21 05:15:30 IRST 2021
Hostname: sadegh-H81M-S2PH
Memory limits: cudd=1g, java(heap)=910.5m
Command line: prism ../../examples/mdps/wlan/wlan3.nm ../../examples/mdps/wlan/time_max.pctl -s '-ii:upper=1.2e+12' -asynchii -maxiters 900500 -const COL=5 -const TRANS_TIME_MAX=1900

Parsing model file "../../examples/mdps/wlan/wlan3.nm"...

Parsing properties file "../../examples/mdps/wlan/time_max.pctl"...

1 property:
(1) "time_max": R{"time"}max=? [ F s1=12&s2=12 ]

Type:        MDP
Modules:     medium station1 station2 
Variables:   col c1 c2 x1 s1 slot1 backoff1 bc1 x2 s2 slot2 backoff2 bc2 

---------------------------------------------------------------------

Model checking: "time_max": R{"time"}max=? [ F s1=12&s2=12 ]
Model constants: COL=5,TRANS_TIME_MAX=1900

Warning: Not Switching to explicit engine, We implemented the emthods for sparse engine.

Building model...
Model constants: COL=5,TRANS_TIME_MAX=1900

Computing reachable states...

Reachability (BFS): 2042 iterations in 91.49 seconds (average 0.044804, setup 0.00)

Time for model construction: 123.576 seconds.

Type:        MDP
States:      1703913 (1 initial)
Transitions: 3461996
Choices:     3292016

Transition matrix: 783827 nodes (6 terminal), 3461996 minterms, vars: 55r/55c/7nd

Prob0E: 6140 iterations in 310.06 seconds (average 0.050499, setup 0.00)

Prob1A: 1 iterations in 0.11 seconds (average 0.113000, setup 0.00)

goal = 6, inf = 0, maybe = 1703907

Warning: Upper bound for interval iteration manually set to 1.2E12

Computing remaining rewards...
 8
Building sparse matrix (transitions)... [n=1703913, nc=3292010, nnz=3461990, k=3] [58.7 MB]
Building sparse matrix (transition rewards)... [n=1703913, nc=3292010, nnz=1542434, k=3] [36.7 MB]
Creating vector for state rewards... [13.0 MB]
Creating vector for inf... [13.0 MB]
Creating vector for lower bounds... [13.0 MB]
Creating vector for upper bounds... [13.0 MB]
Allocating iteration vectors... [4 x 13.0 MB]
TOTAL: [199.4 MB]

Starting iterations (interval iteration)...

 Time for pre-computation	: 0.056000 
		 >> 1703907 after 0 iters << 
Iteration 143: max relative diff=1.000000, 4.95 sec so far
Iteration 292: max relative diff=1.000000, 9.96 sec so far
Iteration 441: max relative diff=1.000000, 14.98 sec so far
Iteration 590: max relative diff=1.000000, 19.99 sec so far
Iteration 739: max relative diff=1.000000, 25.01 sec so far
Iteration 888: max relative diff=1.000000, 30.03 sec so far
Iteration 1037: max relative diff=1.000000, 35.05 sec so far
Iteration 1186: max relative diff=1.000000, 40.06 sec so far
Iteration 1335: max relative diff=1.000000, 45.08 sec so far
Iteration 1484: max relative diff=1.000000, 50.10 sec so far
Iteration 1633: max relative diff=1.000000, 55.11 sec so far
Iteration 1782: max relative diff=1.000000, 60.14 sec so far
Iteration 1931: max relative diff=1.000000, 65.15 sec so far
Iteration 2080: max relative diff=1.000000, 70.17 sec so far
Iteration 2229: max relative diff=1.000000, 75.19 sec so far
Iteration 2378: max relative diff=1.000000, 80.20 sec so far
Iteration 2527: max relative diff=1.000000, 85.22 sec so far
Iteration 2676: max relative diff=1.000000, 90.23 sec so far
Iteration 2825: max relative diff=1.000000, 95.25 sec so far
Iteration 2974: max relative diff=1.000000, 100.28 sec so far
Iteration 3122: max relative diff=1.000000, 105.28 sec so far
Iteration 3271: max relative diff=1.000000, 110.31 sec so far
Iteration 3420: max relative diff=1.000000, 115.34 sec so far
Iteration 3569: max relative diff=1.000000, 120.38 sec so far
Iteration 3717: max relative diff=1.000000, 125.38 sec so far
Iteration 3865: max relative diff=1.000000, 130.38 sec so far
Iteration 4014: max relative diff=1.000000, 135.41 sec so far
Iteration 4162: max relative diff=1.000000, 140.42 sec so far
Iteration 4311: max relative diff=1.000000, 145.44 sec so far
Iteration 4459: max relative diff=1.000000, 150.44 sec so far
Iteration 4607: max relative diff=1.000000, 155.45 sec so far
Iteration 4755: max relative diff=1.000000, 160.45 sec so far
Iteration 4903: max relative diff=1.000000, 165.45 sec so far
Iteration 5051: max relative diff=1.000000, 170.46 sec so far
Iteration 5200: max relative diff=1.000000, 175.49 sec so far
Iteration 5348: max relative diff=1.000000, 180.49 sec so far
Iteration 5496: max relative diff=1.000000, 185.49 sec so far
Iteration 5644: max relative diff=1.000000, 190.50 sec so far
Iteration 5804: max relative diff=1200000000000.000000, 195.52 sec so far
Iteration 5973: max relative diff=1200000000000.000000, 200.54 sec so far
Iteration 6142: max relative diff=1200000000000.000000, 205.55 sec so far
Iteration 6305: max relative diff=1200000000000.000000, 210.56 sec so far
Iteration 6474: max relative diff=1200000000000.000000, 215.57 sec so far
Iteration 6643: max relative diff=1200000000000.000000, 220.59 sec so far
Iteration 6812: max relative diff=1200000000000.000000, 225.60 sec so far
Iteration 6981: max relative diff=1200000000000.000000, 230.62 sec so far
Iteration 7150: max relative diff=1200000000000.000000, 235.63 sec so far
Iteration 7319: max relative diff=1200000000000.000000, 240.66 sec so far
Iteration 7488: max relative diff=1200000000000.000000, 245.67 sec so far
Iteration 7657: max relative diff=1200000000000.000000, 250.69 sec so far
Iteration 7826: max relative diff=1200000000000.000000, 255.70 sec so far
Iteration 7995: max relative diff=1200000000000.000000, 260.71 sec so far
Iteration 8164: max relative diff=1200000000000.000000, 265.73 sec so far
Iteration 8333: max relative diff=1200000000000.000000, 270.74 sec so far
Iteration 8502: max relative diff=1200000000000.000000, 275.77 sec so far
Iteration 8671: max relative diff=1200000000000.000000, 280.79 sec so far
Iteration 8840: max relative diff=1200000000000.000000, 285.80 sec so far
Iteration 9009: max relative diff=1200000000000.000000, 290.82 sec so far
Iteration 9178: max relative diff=1200000000000.000000, 295.83 sec so far
Iteration 9346: max relative diff=1200000000000.000000, 300.83 sec so far
Iteration 9515: max relative diff=1199999997739.655273, 305.85 sec so far
Iteration 9684: max relative diff=1199999997929.966064, 310.86 sec so far
Iteration 9853: max relative diff=1199999998120.276611, 315.88 sec so far
Iteration 10022: max relative diff=1199999998310.587402, 320.89 sec so far
Iteration 10191: max relative diff=1199999998501.327393, 325.90 sec so far
Iteration 10360: max relative diff=1199999998698.342773, 330.92 sec so far
Iteration 10529: max relative diff=1199999998895.358154, 335.94 sec so far
Iteration 10698: max relative diff=1199999999092.373535, 340.95 sec so far
Iteration 10867: max relative diff=1199999999289.388916, 345.97 sec so far
Iteration 11036: max relative diff=1199999999486.404297, 350.99 sec so far
Iteration 11205: max relative diff=1199999999683.419678, 356.00 sec so far
Iteration 11374: max relative diff=1199999999880.435059, 361.03 sec so far
Iteration 11543: max relative diff=220312501248.437592, 366.04 sec so far
Iteration 11712: max relative diff=220312502799.804779, 371.05 sec so far
Iteration 11881: max relative diff=220312504351.171967, 376.07 sec so far
Iteration 12050: max relative diff=220312505902.539154, 381.09 sec so far
Iteration 12219: max relative diff=220312507453.906342, 386.10 sec so far
Iteration 12388: max relative diff=220312509005.273529, 391.11 sec so far
Iteration 12557: max relative diff=220312510556.640717, 396.13 sec so far
Iteration 12726: max relative diff=220312512108.007904, 401.14 sec so far
Iteration 12895: max relative diff=220312513659.375092, 406.15 sec so far
Iteration 13064: max relative diff=220312515210.742279, 411.17 sec so far
Iteration 13233: max relative diff=220312516761.676025, 416.19 sec so far
Iteration 13402: max relative diff=20439165441.737881, 421.21 sec so far
Iteration 13571: max relative diff=20439165585.663548, 426.23 sec so far
Iteration 13740: max relative diff=20439165729.589214, 431.25 sec so far
Iteration 13909: max relative diff=20439165873.514881, 436.26 sec so far
Iteration 14078: max relative diff=20439166017.440548, 441.28 sec so far
Iteration 14247: max relative diff=20439166161.366215, 446.30 sec so far
Iteration 14416: max relative diff=20439166305.291882, 451.31 sec so far
Iteration 14585: max relative diff=20439166449.217548, 456.33 sec so far
Iteration 14754: max relative diff=20439166593.143215, 461.33 sec so far
Iteration 14923: max relative diff=20439166737.068882, 466.35 sec so far
Iteration 15092: max relative diff=20439166880.994549, 471.37 sec so far
Iteration 15261: max relative diff=953114065.722879, 476.38 sec so far
Iteration 15430: max relative diff=953114072.434257, 481.41 sec so far
Iteration 15599: max relative diff=953114079.145634, 486.42 sec so far
Iteration 15768: max relative diff=953114085.857012, 491.44 sec so far
Iteration 15937: max relative diff=953114092.568389, 496.46 sec so far
Iteration 16106: max relative diff=953114099.279767, 501.48 sec so far
Iteration 16275: max relative diff=953114105.991144, 506.50 sec so far
Iteration 16444: max relative diff=953114112.702522, 511.52 sec so far
Iteration 16613: max relative diff=953114119.413899, 516.54 sec so far
Iteration 16782: max relative diff=953114126.125277, 521.56 sec so far
Iteration 16951: max relative diff=953114132.836654, 526.57 sec so far
Iteration 17120: max relative diff=22299097.921860, 531.59 sec so far
Iteration 17289: max relative diff=22299098.078748, 536.60 sec so far
Iteration 17458: max relative diff=22299098.235636, 541.62 sec so far
Iteration 17627: max relative diff=22299098.392525, 546.64 sec so far
Iteration 17796: max relative diff=22299098.549413, 551.65 sec so far
Iteration 17965: max relative diff=22299098.706301, 556.67 sec so far
Iteration 18134: max relative diff=22299098.863190, 561.69 sec so far
Iteration 18303: max relative diff=22299099.020078, 566.70 sec so far
Iteration 18472: max relative diff=22299099.176966, 571.71 sec so far
Iteration 18641: max relative diff=22299099.333854, 576.73 sec so far
Iteration 18810: max relative diff=22299099.490743, 581.75 sec so far
Iteration 18979: max relative diff=22299099.647631, 586.75 sec so far
Iteration 19148: max relative diff=539934.593925, 591.76 sec so far
Iteration 19317: max relative diff=539934.597593, 596.77 sec so far
Iteration 19486: max relative diff=539934.601260, 601.80 sec so far
Iteration 19655: max relative diff=539934.604928, 606.82 sec so far
Iteration 19824: max relative diff=539934.608595, 611.84 sec so far
Iteration 19993: max relative diff=539934.612263, 616.86 sec so far
Iteration 20162: max relative diff=539934.615930, 621.87 sec so far
Iteration 20331: max relative diff=539934.619598, 626.89 sec so far
Iteration 20500: max relative diff=539934.623265, 631.90 sec so far
Iteration 20669: max relative diff=539934.626933, 636.92 sec so far
Iteration 20838: max relative diff=539934.630600, 641.94 sec so far
Iteration 21007: max relative diff=31282.274610, 646.95 sec so far
Iteration 21176: max relative diff=31282.274696, 651.97 sec so far
Iteration 21345: max relative diff=31282.274781, 656.98 sec so far
Iteration 21514: max relative diff=31282.274867, 662.01 sec so far
Iteration 21683: max relative diff=31282.274953, 667.02 sec so far
Iteration 21852: max relative diff=31282.275039, 672.04 sec so far
Iteration 22021: max relative diff=31282.275124, 677.06 sec so far
Iteration 22190: max relative diff=31282.275210, 682.08 sec so far
Iteration 22359: max relative diff=31282.275296, 687.09 sec so far
Iteration 22528: max relative diff=31282.275381, 692.10 sec so far
Iteration 22697: max relative diff=31282.275467, 697.12 sec so far
Iteration 22851: max relative diff=19221.078446, 702.17 sec so far
Iteration 22943: max relative diff=18386.609465, 707.21 sec so far
Iteration 23034: max relative diff=17551.257904, 712.22 sec so far
Iteration 23125: max relative diff=16715.906342, 717.22 sec so far
Iteration 23216: max relative diff=15880.554781, 722.24 sec so far
Iteration 23307: max relative diff=15045.203219, 727.25 sec so far
Iteration 23398: max relative diff=14209.851658, 732.25 sec so far
Iteration 23489: max relative diff=13374.500096, 737.26 sec so far
Iteration 23580: max relative diff=12539.148535, 742.26 sec so far
Iteration 23671: max relative diff=11703.796974, 747.27 sec so far
Iteration 23763: max relative diff=10859.265725, 752.33 sec so far
Iteration 23854: max relative diff=10023.914163, 757.33 sec so far
Iteration 23946: max relative diff=9179.382914, 762.38 sec so far
Iteration 24038: max relative diff=8334.851665, 767.44 sec so far
Iteration 24129: max relative diff=7499.500104, 772.44 sec so far
Iteration 24220: max relative diff=6664.148543, 777.44 sec so far
Iteration 24311: max relative diff=5828.796981, 782.45 sec so far
Iteration 24403: max relative diff=4984.265732, 787.50 sec so far
Iteration 24494: max relative diff=4148.914171, 792.51 sec so far
Iteration 24585: max relative diff=3313.562609, 797.52 sec so far
Iteration 24676: max relative diff=2478.211048, 802.53 sec so far
Iteration 24768: max relative diff=1669.866700, 807.54 sec so far
Iteration 24859: max relative diff=1593.184037, 812.55 sec so far
Iteration 24951: max relative diff=1515.658708, 817.60 sec so far
Iteration 25042: max relative diff=1438.976045, 822.60 sec so far
Iteration 25133: max relative diff=1362.293382, 827.61 sec so far
Iteration 25225: max relative diff=1284.058800, 832.66 sec so far
Iteration 25316: max relative diff=1206.560364, 837.67 sec so far
Iteration 25407: max relative diff=1129.061929, 842.69 sec so far
Iteration 25498: max relative diff=1051.563493, 847.70 sec so far
Iteration 25589: max relative diff=974.065057, 852.71 sec so far
Iteration 25680: max relative diff=896.566621, 857.72 sec so far
Iteration 25771: max relative diff=819.068185, 862.73 sec so far
Iteration 25862: max relative diff=741.569749, 867.75 sec so far
Iteration 25953: max relative diff=664.071313, 872.76 sec so far
Iteration 26044: max relative diff=586.572877, 877.76 sec so far
Iteration 26135: max relative diff=509.074441, 882.76 sec so far
Iteration 26226: max relative diff=431.576005, 887.77 sec so far
Iteration 26318: max relative diff=353.225938, 892.82 sec so far
Iteration 26410: max relative diff=274.875871, 897.88 sec so far
Iteration 26501: max relative diff=197.377435, 902.89 sec so far
Iteration 26593: max relative diff=119.027368, 907.95 sec so far
Iteration 26684: max relative diff=75.184668, 912.95 sec so far
Iteration 26775: max relative diff=71.589770, 917.95 sec so far
Iteration 26866: max relative diff=67.994872, 922.96 sec so far
Iteration 26957: max relative diff=64.399974, 927.96 sec so far
Iteration 27048: max relative diff=60.805076, 932.96 sec so far
Iteration 27139: max relative diff=57.210178, 937.97 sec so far
Iteration 27230: max relative diff=53.615280, 942.98 sec so far
Iteration 27321: max relative diff=50.020381, 947.98 sec so far
Iteration 27413: max relative diff=46.385979, 953.04 sec so far
Iteration 27505: max relative diff=42.751576, 958.09 sec so far
Iteration 27596: max relative diff=39.156678, 963.10 sec so far
Iteration 27687: max relative diff=35.561780, 968.11 sec so far
Iteration 27778: max relative diff=31.966882, 973.11 sec so far
Iteration 27870: max relative diff=28.332479, 978.17 sec so far
Iteration 27961: max relative diff=24.737581, 983.17 sec so far
Iteration 28053: max relative diff=21.103179, 988.22 sec so far
Iteration 28144: max relative diff=17.508281, 993.23 sec so far
Iteration 28236: max relative diff=13.873878, 998.28 sec so far
Iteration 28327: max relative diff=10.278980, 1003.29 sec so far
Iteration 28418: max relative diff=6.684082, 1008.29 sec so far
Iteration 28509: max relative diff=3.087142, 1013.29 sec so far
Iteration 28600: max relative diff=1.741210, 1018.30 sec so far
Iteration 28691: max relative diff=1.657393, 1023.31 sec so far
Iteration 28782: max relative diff=1.573577, 1028.31 sec so far
Iteration 28873: max relative diff=1.489760, 1033.33 sec so far
Iteration 28965: max relative diff=1.405023, 1038.38 sec so far
Iteration 29057: max relative diff=1.320285, 1043.43 sec so far
Iteration 29148: max relative diff=1.236468, 1048.43 sec so far
Iteration 29239: max relative diff=1.152652, 1053.43 sec so far
Iteration 29330: max relative diff=1.068835, 1058.44 sec so far
Iteration 29421: max relative diff=0.985019, 1063.44 sec so far
Iteration 29513: max relative diff=0.900281, 1068.50 sec so far
Iteration 29605: max relative diff=0.815543, 1073.55 sec so far
Iteration 29696: max relative diff=0.731727, 1078.56 sec so far
Iteration 29787: max relative diff=0.647910, 1083.57 sec so far
Iteration 29878: max relative diff=0.564094, 1088.57 sec so far
Iteration 29969: max relative diff=0.480277, 1093.59 sec so far
Iteration 30061: max relative diff=0.395539, 1098.64 sec so far
Iteration 30153: max relative diff=0.310802, 1103.69 sec so far
Iteration 30245: max relative diff=0.226064, 1108.74 sec so far
Iteration 30336: max relative diff=0.142247, 1113.74 sec so far
Iteration 30428: max relative diff=0.057509, 1118.80 sec so far
Iteration 30519: max relative diff=0.040259, 1123.81 sec so far
Iteration 30610: max relative diff=0.038304, 1128.81 sec so far
Iteration 30701: max relative diff=0.036350, 1133.81 sec so far
Iteration 30792: max relative diff=0.034396, 1138.82 sec so far
Iteration 30883: max relative diff=0.032442, 1143.84 sec so far
Iteration 30974: max relative diff=0.030487, 1148.85 sec so far
Iteration 31065: max relative diff=0.028533, 1153.87 sec so far
Iteration 31156: max relative diff=0.026579, 1158.88 sec so far
Iteration 31248: max relative diff=0.024603, 1163.93 sec so far
Iteration 31339: max relative diff=0.022649, 1168.94 sec so far
Iteration 31430: max relative diff=0.020695, 1173.94 sec so far
Iteration 31522: max relative diff=0.018719, 1178.99 sec so far
Iteration 31613: max relative diff=0.016765, 1184.00 sec so far
Iteration 31704: max relative diff=0.014811, 1189.00 sec so far
Iteration 31796: max relative diff=0.012835, 1194.05 sec so far
Iteration 31887: max relative diff=0.010881, 1199.05 sec so far
Iteration 31978: max relative diff=0.008927, 1204.07 sec so far
Iteration 32069: max relative diff=0.006972, 1209.08 sec so far
Iteration 32160: max relative diff=0.005018, 1214.10 sec so far
Iteration 32251: max relative diff=0.003064, 1219.12 sec so far
Iteration 32342: max relative diff=0.001094, 1224.12 sec so far
Iteration 32433: max relative diff=0.000933, 1229.13 sec so far
Iteration 32524: max relative diff=0.000888, 1234.13 sec so far
Iteration 32615: max relative diff=0.000842, 1239.13 sec so far
Iteration 32706: max relative diff=0.000797, 1244.14 sec so far
Iteration 32797: max relative diff=0.000751, 1249.14 sec so far
Iteration 32888: max relative diff=0.000705, 1254.14 sec so far
Iteration 32979: max relative diff=0.000660, 1259.14 sec so far
Iteration 33070: max relative diff=0.000614, 1264.15 sec so far
Iteration 33161: max relative diff=0.000569, 1269.15 sec so far
Iteration 33253: max relative diff=0.000523, 1274.21 sec so far
Iteration 33344: max relative diff=0.000477, 1279.21 sec so far
Iteration 33436: max relative diff=0.000431, 1284.26 sec so far
Iteration 33528: max relative diff=0.000385, 1289.31 sec so far
Iteration 33619: max relative diff=0.000339, 1294.31 sec so far
Iteration 33710: max relative diff=0.000294, 1299.32 sec so far
Iteration 33801: max relative diff=0.000248, 1304.32 sec so far
Iteration 33893: max relative diff=0.000202, 1309.38 sec so far
Iteration 33985: max relative diff=0.000156, 1314.43 sec so far
Iteration 34076: max relative diff=0.000111, 1319.44 sec so far
Iteration 34167: max relative diff=0.000065, 1324.45 sec so far
Iteration 34259: max relative diff=0.000023, 1329.51 sec so far
Iteration 34350: max relative diff=0.000022, 1334.52 sec so far
Iteration 34441: max relative diff=0.000021, 1339.52 sec so far
Iteration 34532: max relative diff=0.000019, 1344.54 sec so far
Iteration 34623: max relative diff=0.000018, 1349.56 sec so far
Iteration 34714: max relative diff=0.000017, 1354.57 sec so far
Iteration 34805: max relative diff=0.000016, 1359.58 sec so far
Iteration 34896: max relative diff=0.000015, 1364.58 sec so far
Iteration 34987: max relative diff=0.000014, 1369.59 sec so far
Iteration 35078: max relative diff=0.000013, 1374.59 sec so far
Iteration 35169: max relative diff=0.000012, 1379.61 sec so far
Iteration 35260: max relative diff=0.000011, 1384.63 sec so far
Iteration 35351: max relative diff=0.000010, 1389.63 sec so far
Iteration 35442: max relative diff=0.000009, 1394.64 sec so far
Iteration 35533: max relative diff=0.000008, 1399.65 sec so far
Iteration 35624: max relative diff=0.000007, 1404.65 sec so far
Iteration 35716: max relative diff=0.000006, 1409.70 sec so far
Iteration 35808: max relative diff=0.000005, 1414.76 sec so far
Iteration 35899: max relative diff=0.000004, 1419.76 sec so far
Iteration 35990: max relative diff=0.000002, 1424.77 sec so far
Iteration 36081: max relative diff=0.000001, 1429.78 sec so far
Max relative diff between upper and lower bound on convergence: 9.93954E-07
LowItr:18985 , UpItr:30412 

Iterative method: 36115 iterations in 1431.64 seconds (average 0.039641, setup 4.46)
Maximum finite value in solution vector at end of interval iteration: 306394.3429983552

Value in the initial state: 306394.3429983552

Time for model checking: 1746.773 seconds.

Result: 306394.3429983552 (value in the initial state)

---------------------------------------------------------------------

Note: There were 2 warnings during computation.

