PRISM
=====

Version: 4.4
Date: Fri Feb 19 16:50:32 IRST 2021
Hostname: sadegh-H81M-S2PH
Memory limits: cudd=1g, java(heap)=910.5m
Command line: prism ../../examples/mdps/wlan/wlan3.nm ../../examples/mdps/wlan/time_max.pctl -s '-ii:upper=1.2e+12' -asynchii -maxiters 900500 -const COL=5 -const TRANS_TIME_MAX=200

Parsing model file "../../examples/mdps/wlan/wlan3.nm"...

Parsing properties file "../../examples/mdps/wlan/time_max.pctl"...

1 property:
(1) "time_max": R{"time"}max=? [ F s1=12&s2=12 ]

Type:        MDP
Modules:     medium station1 station2 
Variables:   col c1 c2 x1 s1 slot1 backoff1 bc1 x2 s2 slot2 backoff2 bc2 

---------------------------------------------------------------------

Model checking: "time_max": R{"time"}max=? [ F s1=12&s2=12 ]
Model constants: COL=5,TRANS_TIME_MAX=200

Warning: Not Switching to explicit engine, We implemented the emthods for sparse engine.

Building model...
Model constants: COL=5,TRANS_TIME_MAX=200

Computing reachable states...

Reachability (BFS): 342 iterations in 2.92 seconds (average 0.008535, setup 0.00)

Time for model construction: 3.354 seconds.

Type:        MDP
States:      352413 (1 initial)
Transitions: 733496
Choices:     563516

Transition matrix: 101743 nodes (6 terminal), 733496 minterms, vars: 49r/49c/7nd

Prob0E: 1040 iterations in 14.57 seconds (average 0.014014, setup 0.00)

Prob1A: 1 iterations in 0.01 seconds (average 0.013000, setup 0.00)

goal = 6, inf = 0, maybe = 352407

Warning: Upper bound for interval iteration manually set to 1.2E12

Computing remaining rewards...
 8
Building sparse matrix (transitions)... [n=352413, nc=563510, nnz=733490, k=3] [11.9 MB]
Building sparse matrix (transition rewards)... [n=352413, nc=563510, nnz=207934, k=3] [5.9 MB]
Creating vector for state rewards... [2.7 MB]
Creating vector for inf... [2.7 MB]
Creating vector for lower bounds... [2.7 MB]
Creating vector for upper bounds... [2.7 MB]
Allocating iteration vectors... [4 x 2.7 MB]
TOTAL: [39.3 MB]

Starting iterations (interval iteration)...

 Time for pre-computation	: 0.014000 
		 >> 352407 after 0 iters << 
Iteration 960: max relative diff=1200000000000.000000, 4.99 sec so far
Iteration 1783: max relative diff=953097017.326049, 10.00 sec so far
Iteration 2530: max relative diff=1383.576854, 15.00 sec so far
Iteration 2998: max relative diff=1.977432, 20.01 sec so far
Iteration 3465: max relative diff=0.000096, 25.02 sec so far
Max relative diff between upper and lower bound on convergence: 9.99673E-07
LowItr:1944 , UpItr:3172 

Iterative method: 3775 iterations in 28.35 seconds (average 0.007509, setup 0.60)
Maximum finite value in solution vector at end of interval iteration: 42293.913260834874

Value in the initial state: 34274.965617974325

Time for model checking: 43.643 seconds.

Result: 34274.965617974325 (value in the initial state)

---------------------------------------------------------------------

Note: There were 2 warnings during computation.

