PRISM
=====

Version: 4.4
Date: Sat Feb 20 00:03:11 IRST 2021
Hostname: sadegh-H81M-S2PH
Memory limits: cudd=1g, java(heap)=910.5m
Command line: prism ../../examples/mdps/wlan/wlan3.nm ../../examples/mdps/wlan/cost_max.pctl -s '-ii:upper=122132238' -asynchii -maxiters 900500 -const COL=5 -const TRANS_TIME_MAX=1100

Parsing model file "../../examples/mdps/wlan/wlan3.nm"...

Parsing properties file "../../examples/mdps/wlan/cost_max.pctl"...

1 property:
(1) "cost_max": R{"cost"}max=? [ F s1=12&s2=12 ]

Type:        MDP
Modules:     medium station1 station2 
Variables:   col c1 c2 x1 s1 slot1 backoff1 bc1 x2 s2 slot2 backoff2 bc2 

---------------------------------------------------------------------

Model checking: "cost_max": R{"cost"}max=? [ F s1=12&s2=12 ]
Model constants: COL=5,TRANS_TIME_MAX=1100

Warning: Not Switching to explicit engine, We implemented the emthods for sparse engine.

Building model...
Model constants: COL=5,TRANS_TIME_MAX=1100

Computing reachable states...

Reachability (BFS): 1242 iterations in 35.90 seconds (average 0.028908, setup 0.00)

Time for model construction: 44.401 seconds.

Type:        MDP
States:      1067913 (1 initial)
Transitions: 2177996
Choices:     2008016

Transition matrix: 484702 nodes (6 terminal), 2177996 minterms, vars: 55r/55c/7nd

Prob0E: 3740 iterations in 125.15 seconds (average 0.033463, setup 0.00)

Prob1A: 1 iterations in 0.07 seconds (average 0.065000, setup 0.00)

goal = 6, inf = 0, maybe = 1067907

Warning: Upper bound for interval iteration manually set to 1.22132238E8

Computing remaining rewards...
 8
Building sparse matrix (transitions)... [n=1067913, nc=2008010, nnz=2177990, k=3] [36.7 MB]
Building sparse matrix (transition rewards)... [n=1067913, nc=2008010, nnz=914434, k=3] [22.2 MB]
Creating vector for state rewards... [8.1 MB]
Creating vector for inf... [8.1 MB]
Creating vector for lower bounds... [8.1 MB]
Creating vector for upper bounds... [8.1 MB]
Allocating iteration vectors... [4 x 8.1 MB]
TOTAL: [124.0 MB]

Starting iterations (interval iteration)...

 Time for pre-computation	: 0.017000 
		 >> 1067907 after 0 iters << 
Iteration 346: max relative diff=1.000000, 4.98 sec so far
Iteration 699: max relative diff=1.000000, 10.00 sec so far
Iteration 1052: max relative diff=1.000000, 15.01 sec so far
Iteration 1405: max relative diff=1.000000, 20.02 sec so far
Iteration 1758: max relative diff=1.000000, 25.03 sec so far
Iteration 2111: max relative diff=1.000000, 30.05 sec so far
Iteration 2464: max relative diff=1.000000, 35.06 sec so far
Iteration 2804: max relative diff=1.000000, 40.06 sec so far
Iteration 3157: max relative diff=1.000000, 45.07 sec so far
Iteration 3509: max relative diff=1.000000, 50.07 sec so far
Iteration 3861: max relative diff=1.000000, 55.07 sec so far
Iteration 4214: max relative diff=1.000000, 60.08 sec so far
Iteration 4567: max relative diff=1.000000, 65.09 sec so far
Iteration 4919: max relative diff=1.000000, 70.09 sec so far
Iteration 5272: max relative diff=1.000000, 75.11 sec so far
Iteration 5601: max relative diff=122132238.000000, 80.12 sec so far
Iteration 5889: max relative diff=122132238.000000, 85.13 sec so far
Iteration 6178: max relative diff=122132238.000000, 90.14 sec so far
Iteration 6466: max relative diff=122132238.000000, 95.15 sec so far
Iteration 6754: max relative diff=122132238.000000, 100.16 sec so far
Iteration 7040: max relative diff=122132238.000000, 105.17 sec so far
Iteration 7325: max relative diff=122132238.000000, 110.19 sec so far
Iteration 7612: max relative diff=122132238.000000, 115.20 sec so far
Iteration 7899: max relative diff=122117788.305704, 120.22 sec so far
Iteration 8185: max relative diff=122117790.257039, 125.23 sec so far
Iteration 8471: max relative diff=122117792.208375, 130.23 sec so far
Iteration 8756: max relative diff=122117794.152852, 135.23 sec so far
Iteration 9042: max relative diff=22410668.163627, 140.25 sec so far
Iteration 9330: max relative diff=22410794.972390, 145.25 sec so far
Iteration 9618: max relative diff=22410921.781154, 150.25 sec so far
Iteration 9906: max relative diff=2079738.861275, 155.26 sec so far
Iteration 10194: max relative diff=2079865.670039, 160.28 sec so far
Iteration 10482: max relative diff=2079992.478803, 165.28 sec so far
Iteration 10771: max relative diff=2080119.727875, 170.29 sec so far
Iteration 11059: max relative diff=97062.571339, 175.30 sec so far
Iteration 11347: max relative diff=97189.380102, 180.30 sec so far
Iteration 11635: max relative diff=97316.188866, 185.31 sec so far
Iteration 11924: max relative diff=97443.437938, 190.32 sec so far
Iteration 12212: max relative diff=2787.668881, 195.33 sec so far
Iteration 12500: max relative diff=2790.633221, 200.33 sec so far
Iteration 12789: max relative diff=2793.607855, 205.35 sec so far
Iteration 13077: max relative diff=2796.572195, 210.35 sec so far
Iteration 13357: max relative diff=546.991149, 215.35 sec so far
Iteration 13645: max relative diff=547.060445, 220.36 sec so far
Iteration 13933: max relative diff=547.129740, 225.36 sec so far
Iteration 14222: max relative diff=547.199277, 230.38 sec so far
Iteration 14425: max relative diff=448.483414, 235.41 sec so far
Iteration 14584: max relative diff=378.475303, 240.43 sec so far
Iteration 14743: max relative diff=308.467193, 245.44 sec so far
Iteration 14902: max relative diff=238.459082, 250.46 sec so far
Iteration 15061: max relative diff=168.450971, 255.48 sec so far
Iteration 15220: max relative diff=98.442860, 260.51 sec so far
Iteration 15379: max relative diff=28.434750, 265.53 sec so far
Iteration 15538: max relative diff=10.377007, 270.55 sec so far
Iteration 15697: max relative diff=8.740465, 275.57 sec so far
Iteration 15856: max relative diff=7.103922, 280.59 sec so far
Iteration 16015: max relative diff=5.467380, 285.61 sec so far
Iteration 16174: max relative diff=3.830838, 290.63 sec so far
Iteration 16331: max relative diff=2.214881, 295.65 sec so far
Iteration 16490: max relative diff=0.578339, 300.66 sec so far
Iteration 16649: max relative diff=0.240559, 305.68 sec so far
Iteration 16808: max relative diff=0.202302, 310.69 sec so far
Iteration 16967: max relative diff=0.164046, 315.71 sec so far
Iteration 17126: max relative diff=0.125789, 320.73 sec so far
Iteration 17285: max relative diff=0.087532, 325.74 sec so far
Iteration 17444: max relative diff=0.049276, 330.76 sec so far
Iteration 17603: max relative diff=0.011019, 335.78 sec so far
Iteration 17761: max relative diff=0.005571, 340.78 sec so far
Iteration 17920: max relative diff=0.004676, 345.80 sec so far
Iteration 18079: max relative diff=0.003782, 350.82 sec so far
Iteration 18238: max relative diff=0.002888, 355.83 sec so far
Iteration 18397: max relative diff=0.001993, 360.85 sec so far
Iteration 18556: max relative diff=0.001099, 365.87 sec so far
Iteration 18715: max relative diff=0.000205, 370.89 sec so far
Iteration 18874: max relative diff=0.000129, 375.91 sec so far
Iteration 19033: max relative diff=0.000108, 380.93 sec so far
Iteration 19192: max relative diff=0.000087, 385.95 sec so far
Iteration 19351: max relative diff=0.000066, 390.97 sec so far
Iteration 19510: max relative diff=0.000045, 395.99 sec so far
Iteration 19669: max relative diff=0.000024, 401.01 sec so far
Iteration 19828: max relative diff=0.000004, 406.03 sec so far
Iteration 19987: max relative diff=0.000003, 411.05 sec so far
Iteration 20146: max relative diff=0.000002, 416.07 sec so far
Iteration 20305: max relative diff=0.000002, 421.10 sec so far
Iteration 20464: max relative diff=0.000002, 426.12 sec so far
Iteration 20623: max relative diff=0.000001, 431.15 sec so far
Max relative diff between upper and lower bound on convergence: 9.98378E-07
LowItr:11817 , UpItr:15129 

Iterative method: 20627 iterations in 431.27 seconds (average 0.020908, setup 2.66)
Maximum finite value in solution vector at end of interval iteration: 1.2179931633501172E8

Value in the initial state: 2.4364216866193075E7

Time for model checking: 559.452 seconds.

Result: 2.4364216866193075E7 (value in the initial state)

---------------------------------------------------------------------

Note: There were 2 warnings during computation.

