PRISM
=====

Version: 4.4
Date: Fri Feb 19 16:48:30 IRST 2021
Hostname: sadegh-H81M-S2PH
Memory limits: cudd=1g, java(heap)=910.5m
Command line: prism ../../examples/mdps/wlan/wlan3.nm ../../examples/mdps/wlan/time_max.pctl -s -improvedbk -maxiters 1823 -epsilon 1e-10 -const COL=5 -const TRANS_TIME_MAX=200

Parsing model file "../../examples/mdps/wlan/wlan3.nm"...

Parsing properties file "../../examples/mdps/wlan/time_max.pctl"...

1 property:
(1) "time_max": R{"time"}max=? [ F s1=12&s2=12 ]

Type:        MDP
Modules:     medium station1 station2 
Variables:   col c1 c2 x1 s1 slot1 backoff1 bc1 x2 s2 slot2 backoff2 bc2 

---------------------------------------------------------------------

Model checking: "time_max": R{"time"}max=? [ F s1=12&s2=12 ]
Model constants: COL=5,TRANS_TIME_MAX=200

Warning: Not Switching to explicit engine, We implemented the emthods for sparse engine.

Building model...
Model constants: COL=5,TRANS_TIME_MAX=200

Computing reachable states...

Reachability (BFS): 342 iterations in 2.88 seconds (average 0.008412, setup 0.00)

Time for model construction: 3.305 seconds.

Type:        MDP
States:      352413 (1 initial)
Transitions: 733496
Choices:     563516

Transition matrix: 101743 nodes (6 terminal), 733496 minterms, vars: 49r/49c/7nd

Prob0E: 1040 iterations in 14.53 seconds (average 0.013966, setup 0.00)

Prob1A: 1 iterations in 0.01 seconds (average 0.013000, setup 0.00)

goal = 6, inf = 0, maybe = 352407

Computing remaining rewards...

Building sparse matrix (transitions)... [n=352413, nc=563510, nnz=733490, k=3] [11.9 MB]
Building sparse matrix (transition rewards)... [n=352413, nc=563510, nnz=207934, k=3] [5.9 MB]
Creating vector for state rewards... [2.7 MB]
Creating vector for inf... [2.7 MB]
Creating vector for lower bounds... [2.7 MB]
Creating vector for upper bounds... [2.7 MB]
Allocating iteration vectors... [4 x 2.7 MB]
TOTAL: [39.3 MB]

Starting iterations (interval iteration)...

 Time for pre-computation: 0.355000 Iteration 1024: max relative diff=0.039089, 4.65 sec so far

First round (updates from below) finished after 1822 iters.
Iterative method: 1822 iterations in 8.26 seconds (average 0.004533, setup 0.58)

Value in the initial state: 34274.96561597391

Time for model checking: 23.789 seconds.

Result: 34274.96561597391 (value in the initial state)

---------------------------------------------------------------------

Note: There was 1 warning during computation.

