PRISM
=====

Version: 4.4
Date: Sat Feb 20 02:02:31 IRST 2021
Hostname: sadegh-H81M-S2PH
Memory limits: cudd=1g, java(heap)=910.5m
Command line: prism ../../examples/mdps/wlan/wlan3.nm ../../examples/mdps/wlan/cost_max.pctl -s '-ii:upper=133204338' -asynchii -maxiters 900500 -const COL=5 -const TRANS_TIME_MAX=1200

Parsing model file "../../examples/mdps/wlan/wlan3.nm"...

Parsing properties file "../../examples/mdps/wlan/cost_max.pctl"...

1 property:
(1) "cost_max": R{"cost"}max=? [ F s1=12&s2=12 ]

Type:        MDP
Modules:     medium station1 station2 
Variables:   col c1 c2 x1 s1 slot1 backoff1 bc1 x2 s2 slot2 backoff2 bc2 

---------------------------------------------------------------------

Model checking: "cost_max": R{"cost"}max=? [ F s1=12&s2=12 ]
Model constants: COL=5,TRANS_TIME_MAX=1200

Warning: Not Switching to explicit engine, We implemented the emthods for sparse engine.

Building model...
Model constants: COL=5,TRANS_TIME_MAX=1200

Computing reachable states...

Reachability (BFS): 1342 iterations in 41.73 seconds (average 0.031092, setup 0.00)

Time for model construction: 52.276 seconds.

Type:        MDP
States:      1147413 (1 initial)
Transitions: 2338496
Choices:     2168516

Transition matrix: 521954 nodes (6 terminal), 2338496 minterms, vars: 55r/55c/7nd

Prob0E: 4040 iterations in 145.28 seconds (average 0.035959, setup 0.00)

Prob1A: 1 iterations in 0.07 seconds (average 0.071000, setup 0.00)

goal = 6, inf = 0, maybe = 1147407

Warning: Upper bound for interval iteration manually set to 1.33204338E8

Computing remaining rewards...
 8
Building sparse matrix (transitions)... [n=1147413, nc=2168510, nnz=2338490, k=3] [39.4 MB]
Building sparse matrix (transition rewards)... [n=1147413, nc=2168510, nnz=992934, k=3] [24.0 MB]
Creating vector for state rewards... [8.8 MB]
Creating vector for inf... [8.8 MB]
Creating vector for lower bounds... [8.8 MB]
Creating vector for upper bounds... [8.8 MB]
Allocating iteration vectors... [4 x 8.8 MB]
TOTAL: [133.5 MB]

Starting iterations (interval iteration)...

 Time for pre-computation	: 0.032000 
		 >> 1147407 after 0 iters << 
Iteration 319: max relative diff=1.000000, 4.97 sec so far
Iteration 645: max relative diff=1.000000, 9.97 sec so far
Iteration 972: max relative diff=1.000000, 14.99 sec so far
Iteration 1298: max relative diff=1.000000, 20.00 sec so far
Iteration 1624: max relative diff=1.000000, 25.01 sec so far
Iteration 1950: max relative diff=1.000000, 30.02 sec so far
Iteration 2276: max relative diff=1.000000, 35.02 sec so far
Iteration 2602: max relative diff=1.000000, 40.03 sec so far
Iteration 2928: max relative diff=1.000000, 45.04 sec so far
Iteration 3254: max relative diff=1.000000, 50.05 sec so far
Iteration 3579: max relative diff=1.000000, 55.05 sec so far
Iteration 3905: max relative diff=1.000000, 60.07 sec so far
Iteration 4231: max relative diff=1.000000, 65.08 sec so far
Iteration 4557: max relative diff=1.000000, 70.09 sec so far
Iteration 4883: max relative diff=1.000000, 75.10 sec so far
Iteration 5209: max relative diff=1.000000, 80.10 sec so far
Iteration 5535: max relative diff=1.000000, 85.11 sec so far
Iteration 5861: max relative diff=1.000000, 90.12 sec so far
Iteration 6155: max relative diff=133204338.000000, 95.13 sec so far
Iteration 6427: max relative diff=133204338.000000, 100.14 sec so far
Iteration 6699: max relative diff=133204338.000000, 105.15 sec so far
Iteration 6971: max relative diff=133204338.000000, 110.15 sec so far
Iteration 7243: max relative diff=133204338.000000, 115.16 sec so far
Iteration 7515: max relative diff=133204338.000000, 120.17 sec so far
Iteration 7787: max relative diff=133204338.000000, 125.18 sec so far
Iteration 8059: max relative diff=133204338.000000, 130.20 sec so far
Iteration 8331: max relative diff=133204338.000000, 135.21 sec so far
Iteration 8603: max relative diff=133188609.907233, 140.21 sec so far
Iteration 8875: max relative diff=133188611.763048, 145.22 sec so far
Iteration 9147: max relative diff=133188613.618864, 150.24 sec so far
Iteration 9419: max relative diff=133188615.474680, 155.24 sec so far
Iteration 9691: max relative diff=24442289.636205, 160.25 sec so far
Iteration 9963: max relative diff=24442409.400038, 165.26 sec so far
Iteration 10235: max relative diff=24442529.163870, 170.27 sec so far
Iteration 10505: max relative diff=24442648.047086, 175.27 sec so far
Iteration 10776: max relative diff=24442767.343088, 180.28 sec so far
Iteration 11034: max relative diff=2268382.053200, 185.29 sec so far
Iteration 11305: max relative diff=2268501.376724, 190.30 sec so far
Iteration 11577: max relative diff=2268621.140556, 195.30 sec so far
Iteration 11849: max relative diff=2268740.904389, 200.31 sec so far
Iteration 12121: max relative diff=105883.840050, 205.32 sec so far
Iteration 12393: max relative diff=106003.603883, 210.32 sec so far
Iteration 12665: max relative diff=106123.367715, 215.33 sec so far
Iteration 12937: max relative diff=106243.131548, 220.33 sec so far
Iteration 13209: max relative diff=78788.977150, 225.33 sec so far
Iteration 13481: max relative diff=3039.011114, 230.34 sec so far
Iteration 13753: max relative diff=3041.810769, 235.36 sec so far
Iteration 14025: max relative diff=3044.610424, 240.37 sec so far
Iteration 14297: max relative diff=3047.410079, 245.38 sec so far
Iteration 14562: max relative diff=597.590572, 250.39 sec so far
Iteration 14834: max relative diff=597.656018, 255.40 sec so far
Iteration 15106: max relative diff=597.721464, 260.40 sec so far
Iteration 15378: max relative diff=597.786911, 265.42 sec so far
Iteration 15636: max relative diff=532.845639, 270.44 sec so far
Iteration 15784: max relative diff=467.702065, 275.45 sec so far
Iteration 15932: max relative diff=402.537283, 280.45 sec so far
Iteration 16081: max relative diff=336.932198, 285.48 sec so far
Iteration 16230: max relative diff=271.327113, 290.51 sec so far
Iteration 16378: max relative diff=206.162331, 295.52 sec so far
Iteration 16526: max relative diff=140.997548, 300.52 sec so far
Iteration 16674: max relative diff=75.832766, 305.52 sec so far
Iteration 16822: max relative diff=12.633562, 310.53 sec so far
Iteration 16970: max relative diff=11.104174, 315.53 sec so far
Iteration 17119: max relative diff=9.570559, 320.57 sec so far
Iteration 17268: max relative diff=8.036944, 325.60 sec so far
Iteration 17416: max relative diff=6.513622, 330.60 sec so far
Iteration 17564: max relative diff=4.990300, 335.60 sec so far
Iteration 17712: max relative diff=3.466978, 340.61 sec so far
Iteration 17860: max relative diff=1.943655, 345.61 sec so far
Iteration 18009: max relative diff=0.410040, 350.64 sec so far
Iteration 18157: max relative diff=0.263332, 355.64 sec so far
Iteration 18306: max relative diff=0.227481, 360.68 sec so far
Iteration 18454: max relative diff=0.191871, 365.68 sec so far
Iteration 18603: max relative diff=0.156021, 370.71 sec so far
Iteration 18752: max relative diff=0.120170, 375.74 sec so far
Iteration 18901: max relative diff=0.084320, 380.77 sec so far
Iteration 19049: max relative diff=0.048710, 385.77 sec so far
Iteration 19198: max relative diff=0.012860, 390.80 sec so far
Iteration 19346: max relative diff=0.006232, 395.81 sec so far
Iteration 19494: max relative diff=0.005400, 400.81 sec so far
Iteration 19643: max relative diff=0.004562, 405.84 sec so far
Iteration 19791: max relative diff=0.003729, 410.84 sec so far
Iteration 19939: max relative diff=0.002897, 415.84 sec so far
Iteration 20087: max relative diff=0.002065, 420.85 sec so far
Iteration 20236: max relative diff=0.001226, 425.88 sec so far
Iteration 20384: max relative diff=0.000394, 430.88 sec so far
Iteration 20533: max relative diff=0.000148, 435.91 sec so far
Iteration 20679: max relative diff=0.000129, 440.92 sec so far
Iteration 20824: max relative diff=0.000109, 445.94 sec so far
Iteration 20972: max relative diff=0.000090, 450.95 sec so far
Iteration 21120: max relative diff=0.000071, 455.95 sec so far
Iteration 21269: max relative diff=0.000051, 460.98 sec so far
Iteration 21418: max relative diff=0.000031, 466.01 sec so far
Iteration 21566: max relative diff=0.000012, 471.01 sec so far
Iteration 21714: max relative diff=0.000004, 476.02 sec so far
Iteration 21862: max relative diff=0.000003, 481.02 sec so far
Iteration 22011: max relative diff=0.000003, 486.06 sec so far
Iteration 22159: max relative diff=0.000002, 491.06 sec so far
Iteration 22307: max relative diff=0.000002, 496.06 sec so far
Iteration 22456: max relative diff=0.000001, 501.09 sec so far
Max relative diff between upper and lower bound on convergence: 9.90927E-07
LowItr:12925 , UpItr:16537 

Iterative method: 22535 iterations in 503.76 seconds (average 0.022355, setup 2.93)
Maximum finite value in solution vector at end of interval iteration: 1.3287134725788373E8

Value in the initial state: 2.657861316843911E7

Time for model checking: 652.428 seconds.

Result: 2.657861316843911E7 (value in the initial state)

---------------------------------------------------------------------

Note: There were 2 warnings during computation.

