PRISM
=====

Version: 4.4
Date: Fri Feb 19 19:17:30 IRST 2021
Hostname: sadegh-H81M-S2PH
Memory limits: cudd=1g, java(heap)=910.5m
Command line: prism ../../examples/mdps/wlan/wlan3.nm ../../examples/mdps/wlan/time_max.pctl -s '-ii:upper=1.2e+12' -asynchii -maxiters 900500 -const COL=5 -const TRANS_TIME_MAX=700

Parsing model file "../../examples/mdps/wlan/wlan3.nm"...

Parsing properties file "../../examples/mdps/wlan/time_max.pctl"...

1 property:
(1) "time_max": R{"time"}max=? [ F s1=12&s2=12 ]

Type:        MDP
Modules:     medium station1 station2 
Variables:   col c1 c2 x1 s1 slot1 backoff1 bc1 x2 s2 slot2 backoff2 bc2 

---------------------------------------------------------------------

Model checking: "time_max": R{"time"}max=? [ F s1=12&s2=12 ]
Model constants: COL=5,TRANS_TIME_MAX=700

Warning: Not Switching to explicit engine, We implemented the emthods for sparse engine.

Building model...
Model constants: COL=5,TRANS_TIME_MAX=700

Computing reachable states...

Reachability (BFS): 842 iterations in 17.13 seconds (average 0.020344, setup 0.00)

Time for model construction: 19.828 seconds.

Type:        MDP
States:      749913 (1 initial)
Transitions: 1535996
Choices:     1366016

Transition matrix: 309352 nodes (6 terminal), 1535996 minterms, vars: 53r/53c/7nd

Prob0E: 2540 iterations in 60.41 seconds (average 0.023783, setup 0.00)

Prob1A: 1 iterations in 0.04 seconds (average 0.040000, setup 0.00)

goal = 6, inf = 0, maybe = 749907

Warning: Upper bound for interval iteration manually set to 1.2E12

Computing remaining rewards...
 8
Building sparse matrix (transitions)... [n=749913, nc=1366010, nnz=1535990, k=3] [25.6 MB]
Building sparse matrix (transition rewards)... [n=749913, nc=1366010, nnz=600434, k=3] [14.9 MB]
Creating vector for state rewards... [5.7 MB]
Creating vector for inf... [5.7 MB]
Creating vector for lower bounds... [5.7 MB]
Creating vector for upper bounds... [5.7 MB]
Allocating iteration vectors... [4 x 5.7 MB]
TOTAL: [86.4 MB]

Starting iterations (interval iteration)...

 Time for pre-computation	: 0.020000 
		 >> 749907 after 0 iters << 
Iteration 519: max relative diff=1.000000, 4.98 sec so far
Iteration 1045: max relative diff=1.000000, 9.99 sec so far
Iteration 1571: max relative diff=1.000000, 14.99 sec so far
Iteration 2097: max relative diff=1.000000, 20.00 sec so far
Iteration 2512: max relative diff=1200000000000.000000, 25.01 sec so far
Iteration 2927: max relative diff=1200000000000.000000, 30.01 sec so far
Iteration 3341: max relative diff=1200000000000.000000, 35.02 sec so far
Iteration 3755: max relative diff=1199999999391.976807, 40.02 sec so far
Iteration 4169: max relative diff=1199999999874.606201, 45.03 sec so far
Iteration 4584: max relative diff=220312503460.742279, 50.04 sec so far
Iteration 4998: max relative diff=20439154422.706356, 55.04 sec so far
Iteration 5413: max relative diff=20439154776.133289, 60.05 sec so far
Iteration 5828: max relative diff=953102034.772434, 65.06 sec so far
Iteration 6242: max relative diff=953102051.213324, 70.07 sec so far
Iteration 6656: max relative diff=22287012.996631, 75.08 sec so far
Iteration 7071: max relative diff=527848.241105, 80.08 sec so far
Iteration 7485: max relative diff=527848.250090, 85.09 sec so far
Iteration 7899: max relative diff=19195.897466, 90.09 sec so far
Iteration 8313: max relative diff=19195.897676, 95.09 sec so far
Iteration 8598: max relative diff=5795.348854, 100.11 sec so far
Iteration 8830: max relative diff=3665.661357, 105.13 sec so far
Iteration 9062: max relative diff=1535.973860, 110.15 sec so far
Iteration 9295: max relative diff=492.337823, 115.16 sec so far
Iteration 9527: max relative diff=296.839166, 120.17 sec so far
Iteration 9760: max relative diff=98.578378, 125.19 sec so far
Iteration 9992: max relative diff=22.381239, 130.20 sec so far
Iteration 10224: max relative diff=13.216224, 135.21 sec so far
Iteration 10456: max relative diff=4.051208, 140.22 sec so far
Iteration 10688: max relative diff=0.528497, 145.22 sec so far
Iteration 10920: max relative diff=0.314810, 150.23 sec so far
Iteration 11152: max relative diff=0.101124, 155.24 sec so far
Iteration 11384: max relative diff=0.012478, 160.26 sec so far
Iteration 11616: max relative diff=0.007495, 165.27 sec so far
Iteration 11848: max relative diff=0.002513, 170.27 sec so far
Iteration 12080: max relative diff=0.000295, 175.28 sec so far
Iteration 12312: max relative diff=0.000178, 180.29 sec so far
Iteration 12544: max relative diff=0.000062, 185.29 sec so far
Iteration 12776: max relative diff=0.000007, 190.30 sec so far
Iteration 13008: max relative diff=0.000004, 195.31 sec so far
Iteration 13240: max relative diff=0.000002, 200.32 sec so far
Max relative diff between upper and lower bound on convergence: 9.98218E-07
LowItr:6956 , UpItr:11183 

Iterative method: 13286 iterations in 201.31 seconds (average 0.015152, setup 1.73)
Maximum finite value in solution vector at end of interval iteration: 117890.7136607849

Value in the initial state: 114308.22369162651

Time for model checking: 263.7 seconds.

Result: 114308.22369162651 (value in the initial state)

---------------------------------------------------------------------

Note: There were 2 warnings during computation.

