PRISM
=====

Version: 4.4
Date: Sat Feb 20 01:19:09 IRST 2021
Hostname: sadegh-H81M-S2PH
Memory limits: cudd=1g, java(heap)=910.5m
Command line: prism ../../examples/mdps/wlan/wlan3.nm ../../examples/mdps/wlan/cost_max.pctl -s -improvedbk -maxiters 12045 -epsilon 1e-10 -const COL=5 -const TRANS_TIME_MAX=1200

Parsing model file "../../examples/mdps/wlan/wlan3.nm"...

Parsing properties file "../../examples/mdps/wlan/cost_max.pctl"...

1 property:
(1) "cost_max": R{"cost"}max=? [ F s1=12&s2=12 ]

Type:        MDP
Modules:     medium station1 station2 
Variables:   col c1 c2 x1 s1 slot1 backoff1 bc1 x2 s2 slot2 backoff2 bc2 

---------------------------------------------------------------------

Model checking: "cost_max": R{"cost"}max=? [ F s1=12&s2=12 ]
Model constants: COL=5,TRANS_TIME_MAX=1200

Warning: Not Switching to explicit engine, We implemented the emthods for sparse engine.

Building model...
Model constants: COL=5,TRANS_TIME_MAX=1200

Computing reachable states...

Reachability (BFS): 1342 iterations in 42.02 seconds (average 0.031312, setup 0.00)

Time for model construction: 55.07 seconds.

Type:        MDP
States:      1147413 (1 initial)
Transitions: 2338496
Choices:     2168516

Transition matrix: 521954 nodes (6 terminal), 2338496 minterms, vars: 55r/55c/7nd

Prob0E: 4040 iterations in 148.16 seconds (average 0.036673, setup 0.00)

Prob1A: 1 iterations in 0.08 seconds (average 0.076000, setup 0.00)

goal = 6, inf = 0, maybe = 1147407

Computing remaining rewards...

Building sparse matrix (transitions)... [n=1147413, nc=2168510, nnz=2338490, k=3] [39.4 MB]
Building sparse matrix (transition rewards)... [n=1147413, nc=2168510, nnz=992934, k=3] [24.0 MB]
Creating vector for state rewards... [8.8 MB]
Creating vector for inf... [8.8 MB]
Creating vector for lower bounds... [8.8 MB]
Creating vector for upper bounds... [8.8 MB]
Allocating iteration vectors... [4 x 8.8 MB]
TOTAL: [133.5 MB]

Starting iterations (interval iteration)...

 Time for pre-computation: 1.083000 Iteration 234: max relative diff=100000.000000, 3.93 sec so far
Iteration 541: max relative diff=100000.000000, 8.94 sec so far
Iteration 840: max relative diff=100000.000000, 13.95 sec so far
Iteration 1154: max relative diff=100000.000000, 18.96 sec so far
Iteration 1464: max relative diff=9730.957031, 23.97 sec so far
Iteration 1765: max relative diff=9730.957031, 28.98 sec so far
Iteration 2077: max relative diff=9730.957031, 33.98 sec so far
Iteration 2398: max relative diff=9633.789217, 38.99 sec so far
Iteration 2719: max relative diff=1000.000000, 44.00 sec so far
Iteration 3040: max relative diff=1000.000000, 49.01 sec so far
Iteration 3362: max relative diff=1000.000000, 54.03 sec so far
Iteration 3683: max relative diff=170.824338, 59.03 sec so far
Iteration 4004: max relative diff=170.824338, 64.04 sec so far
Iteration 4325: max relative diff=170.824338, 69.05 sec so far
Iteration 4647: max relative diff=170.824338, 74.06 sec so far
Iteration 4968: max relative diff=10.363694, 79.07 sec so far
Iteration 5289: max relative diff=10.363694, 84.07 sec so far
Iteration 5603: max relative diff=10.363694, 89.09 sec so far
Iteration 5908: max relative diff=10.363694, 94.10 sec so far
Iteration 6221: max relative diff=0.440308, 99.10 sec so far
Iteration 6529: max relative diff=0.440308, 104.10 sec so far
Iteration 6833: max relative diff=0.440308, 109.11 sec so far
Iteration 7151: max relative diff=0.440308, 114.11 sec so far
Iteration 7458: max relative diff=0.010293, 119.12 sec so far
Iteration 7752: max relative diff=0.010293, 124.13 sec so far
Iteration 8042: max relative diff=0.010293, 129.14 sec so far
Iteration 8334: max relative diff=0.010293, 134.15 sec so far
Iteration 8630: max relative diff=0.000241, 139.15 sec so far
Iteration 8940: max relative diff=0.000241, 144.16 sec so far
Iteration 9257: max relative diff=0.000241, 149.16 sec so far
Iteration 9577: max relative diff=0.000241, 154.17 sec so far
Iteration 9898: max relative diff=0.000006, 159.17 sec so far
Iteration 10219: max relative diff=0.000006, 164.18 sec so far
Iteration 10540: max relative diff=0.000006, 169.19 sec so far
Iteration 10861: max relative diff=0.000000, 174.19 sec so far
Iteration 11182: max relative diff=0.000000, 179.20 sec so far
Iteration 11503: max relative diff=0.000000, 184.21 sec so far
Iteration 11822: max relative diff=0.000000, 189.22 sec so far

First round (updates from below) finished after 12044 iters.
Iterative method: 12044 iterations in 192.79 seconds (average 0.016007, setup 2.88)

Value in the initial state: 2.6578613168435913E7

Time for model checking: 345.222 seconds.

Result: 2.6578613168435913E7 (value in the initial state)

---------------------------------------------------------------------

Note: There was 1 warning during computation.

