PRISM
=====

Version: 4.4.dev
Date: Fri Mar 30 01:26:12 IRDT 2018
Hostname: sadegh-H81M-S2PH
Memory limits: cudd=1g, java(heap)=910.5m
Command line: prism ../models/phil_lss/phil_lss3.nm ../models/phil_lss/phil_lss3.pctl -prop 2 -const 'K=45,L=300' -s

Parsing model file "../models/phil_lss/phil_lss3.nm"...

Parsing properties file "../models/phil_lss/phil_lss3.pctl"...

3 properties:
(1) filter(forall, "trying"=>P>=1 [ true U "entered" ])
(2) Pmin=? [ true U<=L "entered" {"trying"}{min} ]
(3) Rmax=? [ F "entered" {"trying"}{max} ]

Type:        MDP
Modules:     counter phil1 phil2 phil3 
Variables:   c1 c2 c3 p1 p2 p3 

---------------------------------------------------------------------

Model checking: Pmin=? [ true U<=L "entered" {"trying"}{min} ]
Model constants: K=45
Property constants: L=300

Building model...
Model constants: K=45

Computing reachable states...

Reachability (BFS): 67 iterations in 4.33 seconds (average 0.064597, setup 0.00)

Time for model construction: 4.524 seconds.

Type:        MDP
States:      4537694 (1 initial)
Transitions: 16716120
Choices:     14890710

Transition matrix: 47668 nodes (3 terminal), 16716120 minterms, vars: 30r/30c/4nd

Prob0E: 187 iterations in 4.90 seconds (average 0.026203, setup 0.00)

yes = 2900904, no = 8, maybe = 1636782

Computing probabilities...
Engine: Sparse

Building sparse matrix... [n=4537694, nc=5239308, nnz=5995158, k=5] [77.9 MB]
Creating vector for yes... [34.6 MB]
Allocating iteration vectors... [2 x 34.6 MB]
TOTAL: [181.8 MB]

Starting iterations...
Iteration 184 (of 300): 5.02 sec so far

Iterative method: 300 iterations in 8.14 seconds (average 0.027133, setup 1.10)

States satisfying filter "trying": 4477602

Minimum value over states satisfying filter: 0.747436941601336

There are 828 states with (approximately) this value.
The first 10 states are displayed below. To view them all, enable verbose mode or use a print filter.
623:(0,0,2,2,13,6)
668:(0,0,2,4,13,6)
791:(0,0,2,13,3,7)
807:(0,0,2,13,5,7)
19323:(0,1,2,13,3,7)
19339:(0,1,2,13,5,7)
19346:(0,1,2,13,6,2)
19348:(0,1,2,13,6,4)
20022:(0,1,3,13,6,2)
20024:(0,1,3,13,6,4)

Time for model checking: 14.431 seconds.

Result: 0.747436941601336 (minimum value over states satisfying filter)

