PRISM
=====

Version: 4.4.dev
Date: Fri Mar 30 01:28:59 IRDT 2018
Hostname: sadegh-H81M-S2PH
Memory limits: cudd=1g, java(heap)=910.5m
Command line: prism ../models/phil_lss/phil_lss3.nm ../models/phil_lss/phil_lss3.pctl -prop 2 -const 'K=55,L=25' -s

Parsing model file "../models/phil_lss/phil_lss3.nm"...

Parsing properties file "../models/phil_lss/phil_lss3.pctl"...

3 properties:
(1) filter(forall, "trying"=>P>=1 [ true U "entered" ])
(2) Pmin=? [ true U<=L "entered" {"trying"}{min} ]
(3) Rmax=? [ F "entered" {"trying"}{max} ]

Type:        MDP
Modules:     counter phil1 phil2 phil3 
Variables:   c1 c2 c3 p1 p2 p3 

---------------------------------------------------------------------

Model checking: Pmin=? [ true U<=L "entered" {"trying"}{min} ]
Model constants: K=55
Property constants: L=25

Building model...
Model constants: K=55

Computing reachable states...

Reachability (BFS): 77 iterations in 5.48 seconds (average 0.071221, setup 0.00)

Time for model construction: 5.73 seconds.

Type:        MDP
States:      6807824 (1 initial)
Transitions: 25208214
Choices:     22454520

Transition matrix: 48991 nodes (3 terminal), 25208214 minterms, vars: 30r/30c/4nd

Prob0E: 227 iterations in 6.06 seconds (average 0.026714, setup 0.00)

yes = 4352034, no = 8, maybe = 2455782

Computing probabilities...
Engine: Sparse

Building sparse matrix... [n=6807824, nc=7900608, nnz=9040422, k=5] [117.5 MB]
Creating vector for yes... [51.9 MB]
Allocating iteration vectors... [2 x 51.9 MB]
TOTAL: [273.3 MB]

Starting iterations...

Iterative method: 25 iterations in 1.04 seconds (average 0.041760, setup 1.60)

States satisfying filter "trying": 6717912

Minimum value over states satisfying filter: 0.0

There are 2110188 states with (approximately) this value.
The first 10 states are displayed below. To view them all, enable verbose mode or use a print filter.
1:(0,0,0,0,0,1)
2:(0,0,0,0,0,2)
3:(0,0,0,0,0,3)
4:(0,0,0,0,0,4)
5:(0,0,0,0,0,5)
12:(0,0,0,0,1,0)
13:(0,0,0,0,1,13)
14:(0,0,0,0,2,0)
15:(0,0,0,0,2,13)
16:(0,0,0,0,3,0)

Time for model checking: 9.252 seconds.

Result: 0.0 (minimum value over states satisfying filter)

