PRISM
=====

Version: 4.4.dev
Date: Fri Mar 30 01:38:30 IRDT 2018
Hostname: sadegh-H81M-S2PH
Memory limits: cudd=1g, java(heap)=910.5m
Command line: prism ../models/phil_lss/phil_lss3.nm ../models/phil_lss/phil_lss3.pctl -prop 2 -const 'K=70,L=75' -s

Parsing model file "../models/phil_lss/phil_lss3.nm"...

Parsing properties file "../models/phil_lss/phil_lss3.pctl"...

3 properties:
(1) filter(forall, "trying"=>P>=1 [ true U "entered" ])
(2) Pmin=? [ true U<=L "entered" {"trying"}{min} ]
(3) Rmax=? [ F "entered" {"trying"}{max} ]

Type:        MDP
Modules:     counter phil1 phil2 phil3 
Variables:   c1 c2 c3 p1 p2 p3 

---------------------------------------------------------------------

Model checking: Pmin=? [ true U<=L "entered" {"trying"}{min} ]
Model constants: K=70
Property constants: L=75

Building model...
Model constants: K=70

Computing reachable states...

Reachability (BFS): 92 iterations in 8.03 seconds (average 0.087261, setup 0.00)

Time for model construction: 8.261 seconds.

Type:        MDP
States:      11073644 (1 initial)
Transitions: 41206620
Choices:     36703860

Transition matrix: 58655 nodes (3 terminal), 41206620 minterms, vars: 33r/33c/4nd

Prob0E: 287 iterations in 9.82 seconds (average 0.034216, setup 0.00)

yes = 7078854, no = 8, maybe = 3994782

Computing probabilities...
Engine: Sparse

Building sparse matrix... [n=11073644, nc=12914058, nnz=14777208, k=5] [192.0 MB]
Creating vector for yes... [84.5 MB]
Allocating iteration vectors... [2 x 84.5 MB]
TOTAL: [445.4 MB]

Starting iterations...
Iteration 70 (of 75): 5.02 sec so far

Iterative method: 75 iterations in 5.30 seconds (average 0.070720, setup 2.60)

States satisfying filter "trying": 10927752

Minimum value over states satisfying filter: 0.0

There are 2337390 states with (approximately) this value.
The first 10 states are displayed below. To view them all, enable verbose mode or use a print filter.
1:(0,0,0,0,0,1)
2:(0,0,0,0,0,2)
3:(0,0,0,0,0,3)
12:(0,0,0,0,1,0)
13:(0,0,0,0,1,13)
14:(0,0,0,0,2,0)
15:(0,0,0,0,2,13)
16:(0,0,0,0,3,0)
17:(0,0,0,0,3,13)
33:(0,0,0,0,13,1)

Time for model checking: 18.489 seconds.

Result: 0.0 (minimum value over states satisfying filter)

