PRISM
=====

Version: 4.4.dev
Date: Thu Mar 29 13:30:17 IRDT 2018
Hostname: sadegh-H81M-S2PH
Memory limits: cudd=1g, java(heap)=910.5m
Command line: prism ../models/phil_lss/phil_lss3.nm ../models/phil_lss/phil_lss3.pctl -prop 2 -const 'K=45,L=75' -s -improvedbounded

Parsing model file "../models/phil_lss/phil_lss3.nm"...

Parsing properties file "../models/phil_lss/phil_lss3.pctl"...

3 properties:
(1) filter(forall, "trying"=>P>=1 [ true U "entered" ])
(2) Pmin=? [ true U<=L "entered" {"trying"}{min} ]
(3) Rmax=? [ F "entered" {"trying"}{max} ]

Type:        MDP
Modules:     counter phil1 phil2 phil3 
Variables:   c1 c2 c3 p1 p2 p3 

---------------------------------------------------------------------

Model checking: Pmin=? [ true U<=L "entered" {"trying"}{min} ]
Model constants: K=45
Property constants: L=75

Building model...
Model constants: K=45

Computing reachable states...

Reachability (BFS): 67 iterations in 5.19 seconds (average 0.077433, setup 0.00)

Time for model construction: 5.428 seconds.

Type:        MDP
States:      4537694 (1 initial)
Transitions: 16716120
Choices:     14890710

Transition matrix: 47668 nodes (3 terminal), 16716120 minterms, vars: 30r/30c/4nd

Prob0E: 187 iterations in 5.99 seconds (average 0.032043, setup 0.00)

yes = 2900904, no = 8, maybe = 1636782

Computing probabilities...
Engine: Sparse

Building sparse matrix... [n=4537694, nc=5239308, nnz=5995158, k=5] [77.9 MB]
Creating vector for yes... [34.6 MB]
Allocating iteration vectors... [2 x 34.6 MB]
TOTAL: [181.8 MB]

Starting iterations...
	Top = 1636782 


Iterative method: 75 iterations in 0.87 seconds (average 0.011627, setup 1.60)

States satisfying filter "trying": 4477602

Minimum value over states satisfying filter: 0.0

There are 762246 states with (approximately) this value.
The first 10 states are displayed below. To view them all, enable verbose mode or use a print filter.
1:(0,0,0,0,0,1)
2:(0,0,0,0,0,2)
3:(0,0,0,0,0,3)
12:(0,0,0,0,1,0)
13:(0,0,0,0,1,13)
14:(0,0,0,0,2,0)
15:(0,0,0,0,2,13)
16:(0,0,0,0,3,0)
17:(0,0,0,0,3,13)
33:(0,0,0,0,13,1)

Time for model checking: 9.025 seconds.

Result: 0.0 (minimum value over states satisfying filter)

