PRISM
=====

Version: 4.4.dev
Date: Thu Mar 29 13:49:17 IRDT 2018
Hostname: sadegh-H81M-S2PH
Memory limits: cudd=1g, java(heap)=910.5m
Command line: prism ../models/phil_lss/phil_lss3.nm ../models/phil_lss/phil_lss3.pctl -prop 2 -const 'K=70,L=300' -s

Parsing model file "../models/phil_lss/phil_lss3.nm"...

Parsing properties file "../models/phil_lss/phil_lss3.pctl"...

3 properties:
(1) filter(forall, "trying"=>P>=1 [ true U "entered" ])
(2) Pmin=? [ true U<=L "entered" {"trying"}{min} ]
(3) Rmax=? [ F "entered" {"trying"}{max} ]

Type:        MDP
Modules:     counter phil1 phil2 phil3 
Variables:   c1 c2 c3 p1 p2 p3 

---------------------------------------------------------------------

Model checking: Pmin=? [ true U<=L "entered" {"trying"}{min} ]
Model constants: K=70
Property constants: L=300

Building model...
Model constants: K=70

Computing reachable states...

Reachability (BFS): 92 iterations in 9.99 seconds (average 0.108609, setup 0.00)

Time for model construction: 10.273 seconds.

Type:        MDP
States:      11073644 (1 initial)
Transitions: 41206620
Choices:     36703860

Transition matrix: 58655 nodes (3 terminal), 41206620 minterms, vars: 33r/33c/4nd

Prob0E: 287 iterations in 11.86 seconds (average 0.041310, setup 0.00)

yes = 7078854, no = 8, maybe = 3994782

Computing probabilities...
Engine: Sparse

Building sparse matrix... [n=11073644, nc=12914058, nnz=14777208, k=5] [192.0 MB]
Creating vector for yes... [84.5 MB]
Allocating iteration vectors... [2 x 84.5 MB]
TOTAL: [445.4 MB]

Starting iterations...
Iteration 49 (of 300): 5.10 sec so far
Iteration 99 (of 300): 10.20 sec so far
Iteration 149 (of 300): 15.30 sec so far
Iteration 199 (of 300): 20.39 sec so far
Iteration 249 (of 300): 25.48 sec so far
Iteration 299 (of 300): 30.58 sec so far

Iterative method: 300 iterations in 30.58 seconds (average 0.101933, setup 3.80)

States satisfying filter "trying": 10927752

Minimum value over states satisfying filter: 0.25

There are 77832 states with (approximately) this value.
The first 10 states are displayed below. To view them all, enable verbose mode or use a print filter.
220:(0,0,1,0,13,6)
385:(0,0,1,13,0,7)
473:(0,0,1,13,13,6)
474:(0,0,1,13,13,7)
485:(0,0,2,0,0,6)
486:(0,0,2,0,0,7)
577:(0,0,2,0,13,6)
578:(0,0,2,0,13,7)
623:(0,0,2,2,13,6)
668:(0,0,2,4,13,6)

Time for model checking: 47.093 seconds.

Result: 0.25 (minimum value over states satisfying filter)

