PRISM
=====

Version: 4.4.dev
Date: Fri Mar 30 01:19:58 IRDT 2018
Hostname: sadegh-H81M-S2PH
Memory limits: cudd=1g, java(heap)=910.5m
Command line: prism ../models/phil_lss/phil_lss3.nm ../models/phil_lss/phil_lss3.pctl -prop 2 -const 'K=10,L=150' -s -improvedbounded

Parsing model file "../models/phil_lss/phil_lss3.nm"...

Parsing properties file "../models/phil_lss/phil_lss3.pctl"...

3 properties:
(1) filter(forall, "trying"=>P>=1 [ true U "entered" ])
(2) Pmin=? [ true U<=L "entered" {"trying"}{min} ]
(3) Rmax=? [ F "entered" {"trying"}{max} ]

Type:        MDP
Modules:     counter phil1 phil2 phil3 
Variables:   c1 c2 c3 p1 p2 p3 

---------------------------------------------------------------------

Model checking: Pmin=? [ true U<=L "entered" {"trying"}{min} ]
Model constants: K=10
Property constants: L=150

Building model...
Model constants: K=10

Computing reachable states...

Reachability (BFS): 32 iterations in 0.43 seconds (average 0.013500, setup 0.00)

Time for model construction: 0.528 seconds.

Type:        MDP
States:      206864 (1 initial)
Transitions: 686820
Choices:     612600

Transition matrix: 28506 nodes (3 terminal), 686820 minterms, vars: 24r/24c/4nd

Prob0E: 47 iterations in 0.90 seconds (average 0.019064, setup 0.00)

yes = 132474, no = 8, maybe = 74382

Computing probabilities...
Engine: Sparse

Building sparse matrix... [n=206864, nc=215058, nnz=245988, k=5] [3.2 MB]
Creating vector for yes... [1.6 MB]
Allocating iteration vectors... [2 x 1.6 MB]
TOTAL: [8.0 MB]

Starting iterations...

Iterative method: 150 iterations in 0.13 seconds (average 0.000853, setup 0.07)

States satisfying filter "trying": 203892

Minimum value over states satisfying filter: 0.9711570739746094

There are 12 states with (approximately) this value.
The first 10 states are displayed below. To view them all, enable verbose mode or use a print filter.
220:(0,0,1,0,13,6)
385:(0,0,1,13,0,7)
473:(0,0,1,13,13,6)
474:(0,0,1,13,13,7)
4175:(0,1,0,0,7,13)
4421:(0,1,0,13,6,0)
4422:(0,1,0,13,6,13)
4429:(0,1,0,13,7,13)
73232:(1,0,0,6,0,13)
73239:(1,0,0,6,13,13)

Time for model checking: 1.141 seconds.

Result: 0.9711570739746094 (minimum value over states satisfying filter)

