PRISM
=====

Version: 4.4.dev
Date: Fri Mar 30 01:26:48 IRDT 2018
Hostname: sadegh-H81M-S2PH
Memory limits: cudd=1g, java(heap)=910.5m
Command line: prism ../models/phil_lss/phil_lss3.nm ../models/phil_lss/phil_lss3.pctl -prop 2 -const 'K=50,L=25' -s

Parsing model file "../models/phil_lss/phil_lss3.nm"...

Parsing properties file "../models/phil_lss/phil_lss3.pctl"...

3 properties:
(1) filter(forall, "trying"=>P>=1 [ true U "entered" ])
(2) Pmin=? [ true U<=L "entered" {"trying"}{min} ]
(3) Rmax=? [ F "entered" {"trying"}{max} ]

Type:        MDP
Modules:     counter phil1 phil2 phil3 
Variables:   c1 c2 c3 p1 p2 p3 

---------------------------------------------------------------------

Model checking: Pmin=? [ true U<=L "entered" {"trying"}{min} ]
Model constants: K=50
Property constants: L=25

Building model...
Model constants: K=50

Computing reachable states...

Reachability (BFS): 72 iterations in 5.03 seconds (average 0.069833, setup 0.00)

Time for model construction: 5.251 seconds.

Type:        MDP
States:      5615384 (1 initial)
Transitions: 20744820
Choices:     18479040

Transition matrix: 48429 nodes (3 terminal), 20744820 minterms, vars: 30r/30c/4nd

Prob0E: 207 iterations in 5.40 seconds (average 0.026068, setup 0.00)

yes = 3589794, no = 8, maybe = 2025582

Computing probabilities...
Engine: Sparse

Building sparse matrix... [n=5615384, nc=6501858, nnz=7439868, k=5] [96.7 MB]
Creating vector for yes... [42.8 MB]
Allocating iteration vectors... [2 x 42.8 MB]
TOTAL: [225.2 MB]

Starting iterations...

Iterative method: 25 iterations in 0.84 seconds (average 0.033760, setup 1.34)

States satisfying filter "trying": 5541132

Minimum value over states satisfying filter: 0.0

There are 1711848 states with (approximately) this value.
The first 10 states are displayed below. To view them all, enable verbose mode or use a print filter.
1:(0,0,0,0,0,1)
2:(0,0,0,0,0,2)
3:(0,0,0,0,0,3)
4:(0,0,0,0,0,4)
5:(0,0,0,0,0,5)
12:(0,0,0,0,1,0)
13:(0,0,0,0,1,13)
14:(0,0,0,0,2,0)
15:(0,0,0,0,2,13)
16:(0,0,0,0,3,0)

Time for model checking: 8.054 seconds.

Result: 0.0 (minimum value over states satisfying filter)

