PRISM
=====

Version: 4.4.dev
Date: Fri Mar 30 01:22:51 IRDT 2018
Hostname: sadegh-H81M-S2PH
Memory limits: cudd=1g, java(heap)=910.5m
Command line: prism ../models/phil_lss/phil_lss3.nm ../models/phil_lss/phil_lss3.pctl -prop 2 -const 'K=35,L=300' -s

Parsing model file "../models/phil_lss/phil_lss3.nm"...

Parsing properties file "../models/phil_lss/phil_lss3.pctl"...

3 properties:
(1) filter(forall, "trying"=>P>=1 [ true U "entered" ])
(2) Pmin=? [ true U<=L "entered" {"trying"}{min} ]
(3) Rmax=? [ F "entered" {"trying"}{max} ]

Type:        MDP
Modules:     counter phil1 phil2 phil3 
Variables:   c1 c2 c3 p1 p2 p3 

---------------------------------------------------------------------

Model checking: Pmin=? [ true U<=L "entered" {"trying"}{min} ]
Model constants: K=35
Property constants: L=300

Building model...
Model constants: K=35

Computing reachable states...

Reachability (BFS): 57 iterations in 3.10 seconds (average 0.054316, setup 0.00)

Time for model construction: 3.269 seconds.

Type:        MDP
States:      2726564 (1 initial)
Transitions: 9962814
Choices:     8875500

Transition matrix: 44667 nodes (3 terminal), 9962814 minterms, vars: 30r/30c/4nd

Prob0E: 147 iterations in 3.92 seconds (average 0.026667, setup 0.00)

yes = 1743174, no = 8, maybe = 983382

Computing probabilities...
Engine: Sparse

Building sparse matrix... [n=2726564, nc=3122808, nnz=3573282, k=5] [46.5 MB]
Creating vector for yes... [20.8 MB]
Allocating iteration vectors... [2 x 20.8 MB]
TOTAL: [108.9 MB]

Starting iterations...

Iterative method: 300 iterations in 4.82 seconds (average 0.016053, setup 0.66)

States satisfying filter "trying": 2690292

Minimum value over states satisfying filter: 0.78125

There are 444 states with (approximately) this value.
The first 10 states are displayed below. To view them all, enable verbose mode or use a print filter.
220:(0,0,1,0,13,6)
385:(0,0,1,13,0,7)
473:(0,0,1,13,13,6)
474:(0,0,1,13,13,7)
485:(0,0,2,0,0,6)
486:(0,0,2,0,0,7)
577:(0,0,2,0,13,6)
578:(0,0,2,0,13,7)
754:(0,0,2,13,0,6)
755:(0,0,2,13,0,7)

Time for model checking: 9.626 seconds.

Result: 0.78125 (minimum value over states satisfying filter)

