PRISM
=====

Version: 4.4.dev
Date: Thu Mar 29 13:25:26 IRDT 2018
Hostname: sadegh-H81M-S2PH
Memory limits: cudd=1g, java(heap)=910.5m
Command line: prism ../models/phil_lss/phil_lss3.nm ../models/phil_lss/phil_lss3.pctl -prop 2 -const 'K=30,L=300' -s -improvedbounded

Parsing model file "../models/phil_lss/phil_lss3.nm"...

Parsing properties file "../models/phil_lss/phil_lss3.pctl"...

3 properties:
(1) filter(forall, "trying"=>P>=1 [ true U "entered" ])
(2) Pmin=? [ true U<=L "entered" {"trying"}{min} ]
(3) Rmax=? [ F "entered" {"trying"}{max} ]

Type:        MDP
Modules:     counter phil1 phil2 phil3 
Variables:   c1 c2 c3 p1 p2 p3 

---------------------------------------------------------------------

Model checking: Pmin=? [ true U<=L "entered" {"trying"}{min} ]
Model constants: K=30
Property constants: L=300

Building model...
Model constants: K=30

Computing reachable states...

Reachability (BFS): 52 iterations in 2.90 seconds (average 0.055692, setup 0.00)

Time for model construction: 3.069 seconds.

Type:        MDP
States:      1993124 (1 initial)
Transitions: 7238220
Choices:     6448620

Transition matrix: 40211 nodes (3 terminal), 7238220 minterms, vars: 27r/27c/4nd

Prob0E: 127 iterations in 3.80 seconds (average 0.029890, setup 0.00)

yes = 1274334, no = 8, maybe = 718782

Computing probabilities...
Engine: Sparse

Building sparse matrix... [n=1993124, nc=2268858, nnz=2596128, k=5] [33.8 MB]
Creating vector for yes... [15.2 MB]
Allocating iteration vectors... [2 x 15.2 MB]
TOTAL: [79.4 MB]

Starting iterations...
	Top = 718782 


Iterative method: 300 iterations in 2.82 seconds (average 0.009387, setup 0.71)

States satisfying filter "trying": 1966512

Minimum value over states satisfying filter: 0.8745193481445312

There are 36 states with (approximately) this value.
The first 10 states are displayed below. To view them all, enable verbose mode or use a print filter.
220:(0,0,1,0,13,6)
385:(0,0,1,13,0,7)
473:(0,0,1,13,13,6)
474:(0,0,1,13,13,7)
485:(0,0,2,0,0,6)
486:(0,0,2,0,0,7)
577:(0,0,2,0,13,6)
578:(0,0,2,0,13,7)
754:(0,0,2,13,0,6)
755:(0,0,2,13,0,7)

Time for model checking: 7.548 seconds.

Result: 0.8745193481445312 (minimum value over states satisfying filter)

