PRISM
=====

Version: 4.4.dev
Date: Fri Mar 30 01:35:00 IRDT 2018
Hostname: sadegh-H81M-S2PH
Memory limits: cudd=1g, java(heap)=910.5m
Command line: prism ../models/phil_lss/phil_lss3.nm ../models/phil_lss/phil_lss3.pctl -prop 2 -const 'K=65,L=75' -s

Parsing model file "../models/phil_lss/phil_lss3.nm"...

Parsing properties file "../models/phil_lss/phil_lss3.pctl"...

3 properties:
(1) filter(forall, "trying"=>P>=1 [ true U "entered" ])
(2) Pmin=? [ true U<=L "entered" {"trying"}{min} ]
(3) Rmax=? [ F "entered" {"trying"}{max} ]

Type:        MDP
Modules:     counter phil1 phil2 phil3 
Variables:   c1 c2 c3 p1 p2 p3 

---------------------------------------------------------------------

Model checking: Pmin=? [ true U<=L "entered" {"trying"}{min} ]
Model constants: K=65
Property constants: L=75

Building model...
Model constants: K=65

Computing reachable states...

Reachability (BFS): 87 iterations in 7.27 seconds (average 0.083586, setup 0.00)

Time for model construction: 7.556 seconds.

Type:        MDP
States:      9536954 (1 initial)
Transitions: 35439120
Choices:     31566930

Transition matrix: 56474 nodes (3 terminal), 35439120 minterms, vars: 33r/33c/4nd

Prob0E: 267 iterations in 8.81 seconds (average 0.032989, setup 0.00)

yes = 6096564, no = 8, maybe = 3440382

Computing probabilities...
Engine: Sparse

Building sparse matrix... [n=9536954, nc=11106708, nnz=12709098, k=5] [165.1 MB]
Creating vector for yes... [72.8 MB]
Allocating iteration vectors... [2 x 72.8 MB]
TOTAL: [383.4 MB]

Starting iterations...

Iterative method: 75 iterations in 4.54 seconds (average 0.060533, setup 2.26)

States satisfying filter "trying": 9411222

Minimum value over states satisfying filter: 0.0

There are 1954866 states with (approximately) this value.
The first 10 states are displayed below. To view them all, enable verbose mode or use a print filter.
1:(0,0,0,0,0,1)
2:(0,0,0,0,0,2)
3:(0,0,0,0,0,3)
12:(0,0,0,0,1,0)
13:(0,0,0,0,1,13)
14:(0,0,0,0,2,0)
15:(0,0,0,0,2,13)
16:(0,0,0,0,3,0)
17:(0,0,0,0,3,13)
33:(0,0,0,0,13,1)

Time for model checking: 16.29 seconds.

Result: 0.0 (minimum value over states satisfying filter)

