PRISM
=====

Version: 4.4.dev
Date: Fri Mar 30 01:31:07 IRDT 2018
Hostname: sadegh-H81M-S2PH
Memory limits: cudd=1g, java(heap)=910.5m
Command line: prism ../models/phil_lss/phil_lss3.nm ../models/phil_lss/phil_lss3.pctl -prop 2 -const 'K=55,L=300' -s -improvedbounded

Parsing model file "../models/phil_lss/phil_lss3.nm"...

Parsing properties file "../models/phil_lss/phil_lss3.pctl"...

3 properties:
(1) filter(forall, "trying"=>P>=1 [ true U "entered" ])
(2) Pmin=? [ true U<=L "entered" {"trying"}{min} ]
(3) Rmax=? [ F "entered" {"trying"}{max} ]

Type:        MDP
Modules:     counter phil1 phil2 phil3 
Variables:   c1 c2 c3 p1 p2 p3 

---------------------------------------------------------------------

Model checking: Pmin=? [ true U<=L "entered" {"trying"}{min} ]
Model constants: K=55
Property constants: L=300

Building model...
Model constants: K=55

Computing reachable states...

Reachability (BFS): 77 iterations in 5.54 seconds (average 0.071896, setup 0.00)

Time for model construction: 5.749 seconds.

Type:        MDP
States:      6807824 (1 initial)
Transitions: 25208214
Choices:     22454520

Transition matrix: 48991 nodes (3 terminal), 25208214 minterms, vars: 30r/30c/4nd

Prob0E: 227 iterations in 6.09 seconds (average 0.026819, setup 0.00)

yes = 4352034, no = 8, maybe = 2455782

Computing probabilities...
Engine: Sparse

Building sparse matrix... [n=6807824, nc=7900608, nnz=9040422, k=5] [117.5 MB]
Creating vector for yes... [51.9 MB]
Allocating iteration vectors... [2 x 51.9 MB]
TOTAL: [273.3 MB]

Starting iterations...
Iteration 281 (of 300): 5.02 sec so far

Iterative method: 300 iterations in 5.62 seconds (average 0.018747, setup 1.62)

States satisfying filter "trying": 6717912

Minimum value over states satisfying filter: 0.5

There are 13464 states with (approximately) this value.
The first 10 states are displayed below. To view them all, enable verbose mode or use a print filter.
150:(0,0,1,0,2,2)
161:(0,0,1,0,3,3)
249:(0,0,1,2,0,2)
259:(0,0,1,2,13,2)
270:(0,0,1,3,0,3)
280:(0,0,1,3,13,3)
403:(0,0,1,13,2,2)
414:(0,0,1,13,3,3)
504:(0,0,2,0,2,2)
516:(0,0,2,0,3,3)

Time for model checking: 13.8 seconds.

Result: 0.5 (minimum value over states satisfying filter)

