PRISM
=====

Version: 4.4.dev
Date: Fri Mar 30 01:49:48 IRDT 2018
Hostname: sadegh-H81M-S2PH
Memory limits: cudd=1g, java(heap)=910.5m
Command line: prism ../models/phil_lss/phil_lss3.nm ../models/phil_lss/phil_lss3.pctl -prop 2 -const 'K=80,L=300' -s -improvedbounded

Parsing model file "../models/phil_lss/phil_lss3.nm"...

Parsing properties file "../models/phil_lss/phil_lss3.pctl"...

3 properties:
(1) filter(forall, "trying"=>P>=1 [ true U "entered" ])
(2) Pmin=? [ true U<=L "entered" {"trying"}{min} ]
(3) Rmax=? [ F "entered" {"trying"}{max} ]

Type:        MDP
Modules:     counter phil1 phil2 phil3 
Variables:   c1 c2 c3 p1 p2 p3 

---------------------------------------------------------------------

Model checking: Pmin=? [ true U<=L "entered" {"trying"}{min} ]
Model constants: K=80
Property constants: L=300

Building model...
Model constants: K=80

Computing reachable states...

Reachability (BFS): 102 iterations in 10.70 seconds (average 0.104902, setup 0.00)

Time for model construction: 11.039 seconds.

Type:        MDP
States:      14491274 (1 initial)
Transitions: 54045714
Choices:     48139170

Transition matrix: 60047 nodes (3 terminal), 54045714 minterms, vars: 33r/33c/4nd

Prob0E: 327 iterations in 11.45 seconds (average 0.035009, setup 0.00)

yes = 9263484, no = 8, maybe = 5227782

Computing probabilities...
Engine: Sparse

Building sparse matrix... [n=14491274, nc=16937358, nnz=19380972, k=5] [251.8 MB]
Creating vector for yes... [110.6 MB]
Allocating iteration vectors... [2 x 110.6 MB]
TOTAL: [583.4 MB]

Starting iterations...
Iteration 172 (of 300): 5.00 sec so far

Iterative method: 300 iterations in 8.54 seconds (average 0.028467, setup 3.42)

States satisfying filter "trying": 14300562

Minimum value over states satisfying filter: 0.0

There are 700242 states with (approximately) this value.
The first 10 states are displayed below. To view them all, enable verbose mode or use a print filter.
220:(0,0,1,0,13,6)
385:(0,0,1,13,0,7)
473:(0,0,1,13,13,6)
474:(0,0,1,13,13,7)
485:(0,0,2,0,0,6)
486:(0,0,2,0,0,7)
577:(0,0,2,0,13,6)
578:(0,0,2,0,13,7)
623:(0,0,2,2,13,6)
668:(0,0,2,4,13,6)

Time for model checking: 24.319 seconds.

Result: 0.0 (minimum value over states satisfying filter)

