PRISM
=====

Version: 4.4.dev
Date: Fri Mar 30 01:36:15 IRDT 2018
Hostname: sadegh-H81M-S2PH
Memory limits: cudd=1g, java(heap)=910.5m
Command line: prism ../models/phil_lss/phil_lss3.nm ../models/phil_lss/phil_lss3.pctl -prop 2 -const 'K=65,L=150' -s -improvedbounded

Parsing model file "../models/phil_lss/phil_lss3.nm"...

Parsing properties file "../models/phil_lss/phil_lss3.pctl"...

3 properties:
(1) filter(forall, "trying"=>P>=1 [ true U "entered" ])
(2) Pmin=? [ true U<=L "entered" {"trying"}{min} ]
(3) Rmax=? [ F "entered" {"trying"}{max} ]

Type:        MDP
Modules:     counter phil1 phil2 phil3 
Variables:   c1 c2 c3 p1 p2 p3 

---------------------------------------------------------------------

Model checking: Pmin=? [ true U<=L "entered" {"trying"}{min} ]
Model constants: K=65
Property constants: L=150

Building model...
Model constants: K=65

Computing reachable states...

Reachability (BFS): 87 iterations in 7.28 seconds (average 0.083678, setup 0.00)

Time for model construction: 7.542 seconds.

Type:        MDP
States:      9536954 (1 initial)
Transitions: 35439120
Choices:     31566930

Transition matrix: 56474 nodes (3 terminal), 35439120 minterms, vars: 33r/33c/4nd

Prob0E: 267 iterations in 8.76 seconds (average 0.032824, setup 0.00)

yes = 6096564, no = 8, maybe = 3440382

Computing probabilities...
Engine: Sparse

Building sparse matrix... [n=9536954, nc=11106708, nnz=12709098, k=5] [165.1 MB]
Creating vector for yes... [72.8 MB]
Allocating iteration vectors... [2 x 72.8 MB]
TOTAL: [383.4 MB]

Starting iterations...

Iterative method: 150 iterations in 2.78 seconds (average 0.018507, setup 2.26)

States satisfying filter "trying": 9411222

Minimum value over states satisfying filter: 0.0

There are 1078254 states with (approximately) this value.
The first 10 states are displayed below. To view them all, enable verbose mode or use a print filter.
1:(0,0,0,0,0,1)
12:(0,0,0,0,1,0)
13:(0,0,0,0,1,13)
33:(0,0,0,0,13,1)
44:(0,0,0,1,0,0)
45:(0,0,0,1,0,13)
46:(0,0,0,1,13,0)
47:(0,0,0,1,13,13)
85:(0,0,0,13,0,1)
96:(0,0,0,13,1,0)

Time for model checking: 14.499 seconds.

Result: 0.0 (minimum value over states satisfying filter)

