PRISM
=====

Version: 4.4
Date: Thu Feb 18 22:39:58 IRST 2021
Hostname: sadegh-H81M-S2PH
Memory limits: cudd=1g, java(heap)=910.5m
Command line: prism ../../examples/mdps/wlan/wlan3.nm ../../examples/mdps/wlan/num_collisions.pctl -s '-ii:upper=1e+12' -improvedbk -maxiters 900500 -const COL=5 -const TRANS_TIME_MAX=18

Parsing model file "../../examples/mdps/wlan/wlan3.nm"...

Parsing properties file "../../examples/mdps/wlan/num_collisions.pctl"...

1 property:
(1) "num_collisions": R{"collisions"}max=? [ F s1=12&s2=12 ]

Type:        MDP
Modules:     medium station1 station2 
Variables:   col c1 c2 x1 s1 slot1 backoff1 bc1 x2 s2 slot2 backoff2 bc2 

---------------------------------------------------------------------

Model checking: "num_collisions": R{"collisions"}max=? [ F s1=12&s2=12 ]
Model constants: COL=5,TRANS_TIME_MAX=18

Warning: Not Switching to explicit engine, We implemented the emthods for sparse engine.

Building model...
Model constants: COL=5,TRANS_TIME_MAX=18

Computing reachable states...

Reachability (BFS): 160 iterations in 0.30 seconds (average 0.001894, setup 0.00)

Time for model construction: 0.388 seconds.

Type:        MDP
States:      207723 (1 initial)
Transitions: 441386
Choices:     271406

Transition matrix: 24992 nodes (6 terminal), 441386 minterms, vars: 43r/43c/7nd

Prob0E: 494 iterations in 4.15 seconds (average 0.008399, setup 0.00)

Prob1A: 1 iterations in 0.00 seconds (average 0.004000, setup 0.00)

goal = 6, inf = 0, maybe = 207717

Warning: Upper bound for interval iteration manually set to 1.0E12

Computing remaining rewards...
 7
Building sparse matrix (transitions)... [n=207723, nc=271400, nnz=441380, k=3] [6.9 MB]
Building sparse matrix (transition rewards)... [n=207723, nc=271400, nnz=36, k=3] [1.8 MB]
Creating vector for state rewards... [1.6 MB]
Creating vector for inf... [1.6 MB]
Creating vector for lower bounds... [1.6 MB]
Creating vector for upper bounds... [1.6 MB]
Allocating iteration vectors... [4 x 1.6 MB]
TOTAL: [21.4 MB]

Starting iterations (interval iteration)...

 Time for pre-computation: 0.226000 
First round (updates from below) finished after 27 iters.
Second round (updates from above) finished after 127 iters.
Update from both sides... 
Max relative diff between upper and lower bound on convergence: 0

Number of iterations for the lower bound = 31

Iterative method: 131 iterations in 0.43 seconds (average 0.003321, setup 0.20)
Maximum finite value in solution vector at end of interval iteration: 1.2014400141940083

Value in the initial state: 1.2014399959624096

Time for model checking: 5.043 seconds.

Result: 1.2014399959624096 (value in the initial state)

---------------------------------------------------------------------

Note: There were 2 warnings during computation.

