PRISM
=====

Version: 4.4
Date: Thu Feb 18 22:36:57 IRST 2021
Hostname: sadegh-H81M-S2PH
Memory limits: cudd=1g, java(heap)=910.5m
Command line: prism ../../examples/mdps/wlan/wlan3.nm ../../examples/mdps/wlan/cost_max.pctl -s '-ii:upper=1e+12' -improvedbk -maxiters 900500 -const COL=5 -const TRANS_TIME_MAX=9

Parsing model file "../../examples/mdps/wlan/wlan3.nm"...

Parsing properties file "../../examples/mdps/wlan/cost_max.pctl"...

1 property:
(1) "cost_max": R{"cost"}max=? [ F s1=12&s2=12 ]

Type:        MDP
Modules:     medium station1 station2 
Variables:   col c1 c2 x1 s1 slot1 backoff1 bc1 x2 s2 slot2 backoff2 bc2 

---------------------------------------------------------------------

Model checking: "cost_max": R{"cost"}max=? [ F s1=12&s2=12 ]
Model constants: COL=5,TRANS_TIME_MAX=9

Warning: Not Switching to explicit engine, We implemented the emthods for sparse engine.

Building model...
Model constants: COL=5,TRANS_TIME_MAX=9

Computing reachable states...

Reachability (BFS): 152 iterations in 0.19 seconds (average 0.001243, setup 0.00)

Time for model construction: 0.284 seconds.

Type:        MDP
States:      200568 (1 initial)
Transitions: 426941
Choices:     256961

Transition matrix: 20091 nodes (6 terminal), 426941 minterms, vars: 41r/41c/7nd

Prob0E: 467 iterations in 3.46 seconds (average 0.007418, setup 0.00)

Prob1A: 1 iterations in 0.00 seconds (average 0.002000, setup 0.00)

goal = 6, inf = 0, maybe = 200562

Warning: Upper bound for interval iteration manually set to 1.0E12

Computing remaining rewards...
 7
Building sparse matrix (transitions)... [n=200568, nc=256955, nnz=426935, k=3] [6.6 MB]
Building sparse matrix (transition rewards)... [n=200568, nc=256955, nnz=57999, k=3] [2.4 MB]
Creating vector for state rewards... [1.5 MB]
Creating vector for inf... [1.5 MB]
Creating vector for lower bounds... [1.5 MB]
Creating vector for upper bounds... [1.5 MB]
Allocating iteration vectors... [4 x 1.5 MB]
TOTAL: [21.3 MB]

Starting iterations (interval iteration)...

 Time for pre-computation: 0.226000 
First round (updates from below) finished after 96 iters.
Second round (updates from above) finished after 190 iters.
Update from both sides... 
Max relative diff between upper and lower bound on convergence: 0

Number of iterations for the lower bound = 102

Iterative method: 196 iterations in 0.65 seconds (average 0.003316, setup 0.18)
Maximum finite value in solution vector at end of interval iteration: 1003458.9664781848

Value in the initial state: 205153.20868936548

Time for model checking: 4.555 seconds.

Result: 205153.20868936548 (value in the initial state)

---------------------------------------------------------------------

Note: There were 2 warnings during computation.

