PRISM
=====

Version: 4.4
Date: Thu Feb 18 22:39:22 IRST 2021
Hostname: sadegh-H81M-S2PH
Memory limits: cudd=1g, java(heap)=910.5m
Command line: prism ../../examples/mdps/wlan/wlan3.nm ../../examples/mdps/wlan/time_max.pctl -s '-ii:upper=1e+12' -improvedbk -maxiters 900500 -const COL=5 -const TRANS_TIME_MAX=17

Parsing model file "../../examples/mdps/wlan/wlan3.nm"...

Parsing properties file "../../examples/mdps/wlan/time_max.pctl"...

1 property:
(1) "time_max": R{"time"}max=? [ F s1=12&s2=12 ]

Type:        MDP
Modules:     medium station1 station2 
Variables:   col c1 c2 x1 s1 slot1 backoff1 bc1 x2 s2 slot2 backoff2 bc2 

---------------------------------------------------------------------

Model checking: "time_max": R{"time"}max=? [ F s1=12&s2=12 ]
Model constants: COL=5,TRANS_TIME_MAX=17

Warning: Not Switching to explicit engine, We implemented the emthods for sparse engine.

Building model...
Model constants: COL=5,TRANS_TIME_MAX=17

Computing reachable states...

Reachability (BFS): 159 iterations in 0.28 seconds (average 0.001742, setup 0.00)

Time for model construction: 0.387 seconds.

Type:        MDP
States:      206928 (1 initial)
Transitions: 439781
Choices:     269801

Transition matrix: 24539 nodes (6 terminal), 439781 minterms, vars: 43r/43c/7nd

Prob0E: 491 iterations in 4.09 seconds (average 0.008330, setup 0.00)

Prob1A: 1 iterations in 0.00 seconds (average 0.003000, setup 0.00)

goal = 6, inf = 0, maybe = 206922

Warning: Upper bound for interval iteration manually set to 1.0E12

Computing remaining rewards...
 7
Building sparse matrix (transitions)... [n=206928, nc=269795, nnz=439775, k=3] [6.9 MB]
Building sparse matrix (transition rewards)... [n=206928, nc=269795, nnz=64279, k=3] [2.6 MB]
Creating vector for state rewards... [1.6 MB]
Creating vector for inf... [1.6 MB]
Creating vector for lower bounds... [1.6 MB]
Creating vector for upper bounds... [1.6 MB]
Allocating iteration vectors... [4 x 1.6 MB]
TOTAL: [22.0 MB]

Starting iterations (interval iteration)...

 Time for pre-computation: 0.229000 
First round (updates from below) finished after 159 iters.
Second round (updates from above) finished after 318 iters.
Update from both sides... 
Max relative diff between upper and lower bound on convergence: 0

Number of iterations for the lower bound = 175

Iterative method: 334 iterations in 1.16 seconds (average 0.003470, setup 0.21)
Maximum finite value in solution vector at end of interval iteration: 14625.484314455127

Value in the initial state: 5002.3599400235125

Time for model checking: 5.729 seconds.

Result: 5002.3599400235125 (value in the initial state)

---------------------------------------------------------------------

Note: There were 2 warnings during computation.

