PRISM
=====

Version: 4.4
Date: Thu Feb 18 22:40:12 IRST 2021
Hostname: sadegh-H81M-S2PH
Memory limits: cudd=1g, java(heap)=910.5m
Command line: prism ../../examples/mdps/wlan/wlan3.nm ../../examples/mdps/wlan/cost_max.pctl -s '-ii:upper=1e+12' -improvedbk -maxiters 900500 -const COL=5 -const TRANS_TIME_MAX=19

Parsing model file "../../examples/mdps/wlan/wlan3.nm"...

Parsing properties file "../../examples/mdps/wlan/cost_max.pctl"...

1 property:
(1) "cost_max": R{"cost"}max=? [ F s1=12&s2=12 ]

Type:        MDP
Modules:     medium station1 station2 
Variables:   col c1 c2 x1 s1 slot1 backoff1 bc1 x2 s2 slot2 backoff2 bc2 

---------------------------------------------------------------------

Model checking: "cost_max": R{"cost"}max=? [ F s1=12&s2=12 ]
Model constants: COL=5,TRANS_TIME_MAX=19

Warning: Not Switching to explicit engine, We implemented the emthods for sparse engine.

Building model...
Model constants: COL=5,TRANS_TIME_MAX=19

Computing reachable states...

Reachability (BFS): 161 iterations in 0.28 seconds (average 0.001764, setup 0.00)

Time for model construction: 0.41 seconds.

Type:        MDP
States:      208518 (1 initial)
Transitions: 442991
Choices:     273011

Transition matrix: 25310 nodes (6 terminal), 442991 minterms, vars: 43r/43c/7nd

Prob0E: 497 iterations in 4.27 seconds (average 0.008600, setup 0.00)

Prob1A: 1 iterations in 0.00 seconds (average 0.003000, setup 0.00)

goal = 6, inf = 0, maybe = 208512

Warning: Upper bound for interval iteration manually set to 1.0E12

Computing remaining rewards...
 7
Building sparse matrix (transitions)... [n=208518, nc=273005, nnz=442985, k=3] [6.9 MB]
Building sparse matrix (transition rewards)... [n=208518, nc=273005, nnz=65849, k=3] [2.6 MB]
Creating vector for state rewards... [1.6 MB]
Creating vector for inf... [1.6 MB]
Creating vector for lower bounds... [1.6 MB]
Creating vector for upper bounds... [1.6 MB]
Allocating iteration vectors... [4 x 1.6 MB]
TOTAL: [22.2 MB]

Starting iterations (interval iteration)...

 Time for pre-computation: 0.231000 
First round (updates from below) finished after 186 iters.
Second round (updates from above) finished after 359 iters.
Update from both sides... 
Max relative diff between upper and lower bound on convergence: 0

Number of iterations for the lower bound = 202

Iterative method: 375 iterations in 1.31 seconds (average 0.003507, setup 0.22)
Maximum finite value in solution vector at end of interval iteration: 2110662.0587654067

Value in the initial state: 426592.8389140862

Time for model checking: 6.075 seconds.

Result: 426592.8389140862 (value in the initial state)

---------------------------------------------------------------------

Note: There were 2 warnings during computation.

