PRISM
=====

Version: 4.4
Date: Thu Feb 18 22:35:46 IRST 2021
Hostname: sadegh-H81M-S2PH
Memory limits: cudd=1g, java(heap)=910.5m
Command line: prism ../../examples/mdps/wlan/wlan3.nm ../../examples/mdps/wlan/time_max.pctl -s '-ii:upper=1e+12' -improvedbk -maxiters 900500 -const COL=5 -const TRANS_TIME_MAX=5

Parsing model file "../../examples/mdps/wlan/wlan3.nm"...

Parsing properties file "../../examples/mdps/wlan/time_max.pctl"...

1 property:
(1) "time_max": R{"time"}max=? [ F s1=12&s2=12 ]

Type:        MDP
Modules:     medium station1 station2 
Variables:   col c1 c2 x1 s1 slot1 backoff1 bc1 x2 s2 slot2 backoff2 bc2 

---------------------------------------------------------------------

Model checking: "time_max": R{"time"}max=? [ F s1=12&s2=12 ]
Model constants: COL=5,TRANS_TIME_MAX=5

Warning: Not Switching to explicit engine, We implemented the emthods for sparse engine.

Building model...
Model constants: COL=5,TRANS_TIME_MAX=5

Computing reachable states...

Reachability (BFS): 152 iterations in 0.16 seconds (average 0.001033, setup 0.00)

Time for model construction: 0.232 seconds.

Type:        MDP
States:      197388 (1 initial)
Transitions: 420521
Choices:     250541

Transition matrix: 16964 nodes (6 terminal), 420521 minterms, vars: 39r/39c/7nd

Prob0E: 455 iterations in 3.01 seconds (average 0.006613, setup 0.00)

Prob1A: 1 iterations in 0.00 seconds (average 0.002000, setup 0.00)

goal = 6, inf = 0, maybe = 197382

Warning: Upper bound for interval iteration manually set to 1.0E12

Computing remaining rewards...
 7
Building sparse matrix (transitions)... [n=197388, nc=250535, nnz=420515, k=3] [6.5 MB]
Building sparse matrix (transition rewards)... [n=197388, nc=250535, nnz=54859, k=3] [2.3 MB]
Creating vector for state rewards... [1.5 MB]
Creating vector for inf... [1.5 MB]
Creating vector for lower bounds... [1.5 MB]
Creating vector for upper bounds... [1.5 MB]
Allocating iteration vectors... [4 x 1.5 MB]
TOTAL: [20.9 MB]

Starting iterations (interval iteration)...

 Time for pre-computation: 0.222000 
First round (updates from below) finished after 63 iters.
Second round (updates from above) finished after 126 iters.
Update from both sides... 
Max relative diff between upper and lower bound on convergence: 0

Number of iterations for the lower bound = 67

Iterative method: 130 iterations in 0.43 seconds (average 0.003331, setup 0.18)
Maximum finite value in solution vector at end of interval iteration: 12811.161104862924

Value in the initial state: 3084.180547951956

Time for model checking: 3.872 seconds.

Result: 3084.180547951956 (value in the initial state)

---------------------------------------------------------------------

Note: There were 2 warnings during computation.

