PRISM
=====

Version: 4.4
Date: Thu Feb 18 22:38:41 IRST 2021
Hostname: sadegh-H81M-S2PH
Memory limits: cudd=1g, java(heap)=910.5m
Command line: prism ../../examples/mdps/wlan/wlan3.nm ../../examples/mdps/wlan/time_max.pctl -s '-ii:upper=1e+12' -improvedbk -maxiters 900500 -const COL=5 -const TRANS_TIME_MAX=15

Parsing model file "../../examples/mdps/wlan/wlan3.nm"...

Parsing properties file "../../examples/mdps/wlan/time_max.pctl"...

1 property:
(1) "time_max": R{"time"}max=? [ F s1=12&s2=12 ]

Type:        MDP
Modules:     medium station1 station2 
Variables:   col c1 c2 x1 s1 slot1 backoff1 bc1 x2 s2 slot2 backoff2 bc2 

---------------------------------------------------------------------

Model checking: "time_max": R{"time"}max=? [ F s1=12&s2=12 ]
Model constants: COL=5,TRANS_TIME_MAX=15

Warning: Not Switching to explicit engine, We implemented the emthods for sparse engine.

Building model...
Model constants: COL=5,TRANS_TIME_MAX=15

Computing reachable states...

Reachability (BFS): 157 iterations in 0.25 seconds (average 0.001599, setup 0.00)

Time for model construction: 0.341 seconds.

Type:        MDP
States:      205338 (1 initial)
Transitions: 436571
Choices:     266591

Transition matrix: 23488 nodes (6 terminal), 436571 minterms, vars: 43r/43c/7nd

Prob0E: 485 iterations in 3.92 seconds (average 0.008093, setup 0.00)

Prob1A: 1 iterations in 0.00 seconds (average 0.003000, setup 0.00)

goal = 6, inf = 0, maybe = 205332

Warning: Upper bound for interval iteration manually set to 1.0E12

Computing remaining rewards...
 7
Building sparse matrix (transitions)... [n=205338, nc=266585, nnz=436565, k=3] [6.8 MB]
Building sparse matrix (transition rewards)... [n=205338, nc=266585, nnz=62709, k=3] [2.5 MB]
Creating vector for state rewards... [1.6 MB]
Creating vector for inf... [1.6 MB]
Creating vector for lower bounds... [1.6 MB]
Creating vector for upper bounds... [1.6 MB]
Allocating iteration vectors... [4 x 1.6 MB]
TOTAL: [21.8 MB]

Starting iterations (interval iteration)...

 Time for pre-computation: 0.227000 
First round (updates from below) finished after 143 iters.
Second round (updates from above) finished after 286 iters.
Update from both sides... 
Max relative diff between upper and lower bound on convergence: 0

Number of iterations for the lower bound = 157

Iterative method: 300 iterations in 1.02 seconds (average 0.003410, setup 0.19)
Maximum finite value in solution vector at end of interval iteration: 14323.097112855501

Value in the initial state: 4682.66337466167

Time for model checking: 5.406 seconds.

Result: 4682.66337466167 (value in the initial state)

---------------------------------------------------------------------

Note: There were 2 warnings during computation.

