PRISM
=====

Version: 4.4
Date: Thu Feb 18 22:39:01 IRST 2021
Hostname: sadegh-H81M-S2PH
Memory limits: cudd=1g, java(heap)=910.5m
Command line: prism ../../examples/mdps/wlan/wlan3.nm ../../examples/mdps/wlan/time_max.pctl -s '-ii:upper=1e+12' -improvedbk -maxiters 900500 -const COL=5 -const TRANS_TIME_MAX=16

Parsing model file "../../examples/mdps/wlan/wlan3.nm"...

Parsing properties file "../../examples/mdps/wlan/time_max.pctl"...

1 property:
(1) "time_max": R{"time"}max=? [ F s1=12&s2=12 ]

Type:        MDP
Modules:     medium station1 station2 
Variables:   col c1 c2 x1 s1 slot1 backoff1 bc1 x2 s2 slot2 backoff2 bc2 

---------------------------------------------------------------------

Model checking: "time_max": R{"time"}max=? [ F s1=12&s2=12 ]
Model constants: COL=5,TRANS_TIME_MAX=16

Warning: Not Switching to explicit engine, We implemented the emthods for sparse engine.

Building model...
Model constants: COL=5,TRANS_TIME_MAX=16

Computing reachable states...

Reachability (BFS): 158 iterations in 0.26 seconds (average 0.001652, setup 0.00)

Time for model construction: 0.374 seconds.

Type:        MDP
States:      206133 (1 initial)
Transitions: 438176
Choices:     268196

Transition matrix: 24122 nodes (6 terminal), 438176 minterms, vars: 43r/43c/7nd

Prob0E: 488 iterations in 4.13 seconds (average 0.008465, setup 0.00)

Prob1A: 1 iterations in 0.00 seconds (average 0.003000, setup 0.00)

goal = 6, inf = 0, maybe = 206127

Warning: Upper bound for interval iteration manually set to 1.0E12

Computing remaining rewards...
 7
Building sparse matrix (transitions)... [n=206133, nc=268190, nnz=438170, k=3] [6.8 MB]
Building sparse matrix (transition rewards)... [n=206133, nc=268190, nnz=63494, k=3] [2.5 MB]
Creating vector for state rewards... [1.6 MB]
Creating vector for inf... [1.6 MB]
Creating vector for lower bounds... [1.6 MB]
Creating vector for upper bounds... [1.6 MB]
Allocating iteration vectors... [4 x 1.6 MB]
TOTAL: [21.9 MB]

Starting iterations (interval iteration)...

 Time for pre-computation: 0.227000 
First round (updates from below) finished after 151 iters.
Second round (updates from above) finished after 302 iters.
Update from both sides... 
Max relative diff between upper and lower bound on convergence: 0

Number of iterations for the lower bound = 166

Iterative method: 317 iterations in 1.10 seconds (average 0.003479, setup 0.21)
Maximum finite value in solution vector at end of interval iteration: 14474.290713655313

Value in the initial state: 4842.511657342591

Time for model checking: 5.683 seconds.

Result: 4842.511657342591 (value in the initial state)

---------------------------------------------------------------------

Note: There were 2 warnings during computation.

