PRISM
=====

Version: 4.4
Date: Thu Feb 18 22:37:27 IRST 2021
Hostname: sadegh-H81M-S2PH
Memory limits: cudd=1g, java(heap)=910.5m
Command line: prism ../../examples/mdps/wlan/wlan3.nm ../../examples/mdps/wlan/time_max.pctl -s '-ii:upper=1e+12' -improvedbk -maxiters 900500 -const COL=5 -const TRANS_TIME_MAX=11

Parsing model file "../../examples/mdps/wlan/wlan3.nm"...

Parsing properties file "../../examples/mdps/wlan/time_max.pctl"...

1 property:
(1) "time_max": R{"time"}max=? [ F s1=12&s2=12 ]

Type:        MDP
Modules:     medium station1 station2 
Variables:   col c1 c2 x1 s1 slot1 backoff1 bc1 x2 s2 slot2 backoff2 bc2 

---------------------------------------------------------------------

Model checking: "time_max": R{"time"}max=? [ F s1=12&s2=12 ]
Model constants: COL=5,TRANS_TIME_MAX=11

Warning: Not Switching to explicit engine, We implemented the emthods for sparse engine.

Building model...
Model constants: COL=5,TRANS_TIME_MAX=11

Computing reachable states...

Reachability (BFS): 153 iterations in 0.21 seconds (average 0.001346, setup 0.00)

Time for model construction: 0.292 seconds.

Type:        MDP
States:      202158 (1 initial)
Transitions: 430151
Choices:     260171

Transition matrix: 20846 nodes (6 terminal), 430151 minterms, vars: 41r/41c/7nd

Prob0E: 473 iterations in 3.57 seconds (average 0.007548, setup 0.00)

Prob1A: 1 iterations in 0.00 seconds (average 0.003000, setup 0.00)

goal = 6, inf = 0, maybe = 202152

Warning: Upper bound for interval iteration manually set to 1.0E12

Computing remaining rewards...
 7
Building sparse matrix (transitions)... [n=202158, nc=260165, nnz=430145, k=3] [6.7 MB]
Building sparse matrix (transition rewards)... [n=202158, nc=260165, nnz=59569, k=3] [2.4 MB]
Creating vector for state rewards... [1.5 MB]
Creating vector for inf... [1.5 MB]
Creating vector for lower bounds... [1.5 MB]
Creating vector for upper bounds... [1.5 MB]
Allocating iteration vectors... [4 x 1.5 MB]
TOTAL: [21.5 MB]

Starting iterations (interval iteration)...

 Time for pre-computation: 0.221000 
First round (updates from below) finished after 111 iters.
Second round (updates from above) finished after 222 iters.
Update from both sides... 
Max relative diff between upper and lower bound on convergence: 0

Number of iterations for the lower bound = 121

Iterative method: 232 iterations in 0.78 seconds (average 0.003375, setup 0.20)
Maximum finite value in solution vector at end of interval iteration: 13718.322709656244

Value in the initial state: 4043.270243937926

Time for model checking: 4.8 seconds.

Result: 4043.270243937926 (value in the initial state)

---------------------------------------------------------------------

Note: There were 2 warnings during computation.

