PRISM
=====

Version: 4.4
Date: Thu Feb 18 22:37:51 IRST 2021
Hostname: sadegh-H81M-S2PH
Memory limits: cudd=1g, java(heap)=910.5m
Command line: prism ../../examples/mdps/wlan/wlan3.nm ../../examples/mdps/wlan/cost_max.pctl -s '-ii:upper=1e+12' -improvedbk -maxiters 900500 -const COL=5 -const TRANS_TIME_MAX=12

Parsing model file "../../examples/mdps/wlan/wlan3.nm"...

Parsing properties file "../../examples/mdps/wlan/cost_max.pctl"...

1 property:
(1) "cost_max": R{"cost"}max=? [ F s1=12&s2=12 ]

Type:        MDP
Modules:     medium station1 station2 
Variables:   col c1 c2 x1 s1 slot1 backoff1 bc1 x2 s2 slot2 backoff2 bc2 

---------------------------------------------------------------------

Model checking: "cost_max": R{"cost"}max=? [ F s1=12&s2=12 ]
Model constants: COL=5,TRANS_TIME_MAX=12

Warning: Not Switching to explicit engine, We implemented the emthods for sparse engine.

Building model...
Model constants: COL=5,TRANS_TIME_MAX=12

Computing reachable states...

Reachability (BFS): 154 iterations in 0.22 seconds (average 0.001403, setup 0.00)

Time for model construction: 0.305 seconds.

Type:        MDP
States:      202953 (1 initial)
Transitions: 431756
Choices:     261776

Transition matrix: 21329 nodes (6 terminal), 431756 minterms, vars: 41r/41c/7nd

Prob0E: 476 iterations in 3.69 seconds (average 0.007758, setup 0.00)

Prob1A: 1 iterations in 0.00 seconds (average 0.003000, setup 0.00)

goal = 6, inf = 0, maybe = 202947

Warning: Upper bound for interval iteration manually set to 1.0E12

Computing remaining rewards...
 7
Building sparse matrix (transitions)... [n=202953, nc=261770, nnz=431750, k=3] [6.7 MB]
Building sparse matrix (transition rewards)... [n=202953, nc=261770, nnz=60354, k=3] [2.5 MB]
Creating vector for state rewards... [1.5 MB]
Creating vector for inf... [1.5 MB]
Creating vector for lower bounds... [1.5 MB]
Creating vector for upper bounds... [1.5 MB]
Allocating iteration vectors... [4 x 1.5 MB]
TOTAL: [21.6 MB]

Starting iterations (interval iteration)...

 Time for pre-computation: 0.225000 
First round (updates from below) finished after 123 iters.
Second round (updates from above) finished after 241 iters.
Update from both sides... 
Max relative diff between upper and lower bound on convergence: 0

Number of iterations for the lower bound = 132

Iterative method: 250 iterations in 0.84 seconds (average 0.003368, setup 0.19)
Maximum finite value in solution vector at end of interval iteration: 1335619.8941643457

Value in the initial state: 271585.0977567615

Time for model checking: 4.977 seconds.

Result: 271585.0977567615 (value in the initial state)

---------------------------------------------------------------------

Note: There were 2 warnings during computation.

