PRISM
=====

Version: 4.4
Date: Thu Feb 18 22:35:29 IRST 2021
Hostname: sadegh-H81M-S2PH
Memory limits: cudd=1g, java(heap)=910.5m
Command line: prism ../../examples/mdps/wlan/wlan3.nm ../../examples/mdps/wlan/num_collisions.pctl -s '-ii:upper=1e+12' -improvedbk -maxiters 900500 -const COL=5 -const TRANS_TIME_MAX=3

Parsing model file "../../examples/mdps/wlan/wlan3.nm"...

Parsing properties file "../../examples/mdps/wlan/num_collisions.pctl"...

1 property:
(1) "num_collisions": R{"collisions"}max=? [ F s1=12&s2=12 ]

Type:        MDP
Modules:     medium station1 station2 
Variables:   col c1 c2 x1 s1 slot1 backoff1 bc1 x2 s2 slot2 backoff2 bc2 

---------------------------------------------------------------------

Model checking: "num_collisions": R{"collisions"}max=? [ F s1=12&s2=12 ]
Model constants: COL=5,TRANS_TIME_MAX=3

Warning: Not Switching to explicit engine, We implemented the emthods for sparse engine.

Building model...
Model constants: COL=5,TRANS_TIME_MAX=3

Computing reachable states...

Reachability (BFS): 10 iterations in 0.00 seconds (average 0.000200, setup 0.00)

Time for model construction: 0.039 seconds.

Warning: Deadlocks detected and fixed in 5 states

Type:        MDP
States:      42 (1 initial)
Transitions: 64
Choices:     64

Transition matrix: 1152 nodes (2 terminal), 64 minterms, vars: 39r/39c/7nd

goal = 0, inf = 42, maybe = 0

Value in the initial state: Infinity

Time for model checking: 0.002 seconds.

Result: Infinity (value in the initial state)

---------------------------------------------------------------------

Note: There were 2 warnings during computation.

