PRISM
=====

Version: 4.4
Date: Thu Feb 18 22:38:35 IRST 2021
Hostname: sadegh-H81M-S2PH
Memory limits: cudd=1g, java(heap)=910.5m
Command line: prism ../../examples/mdps/wlan/wlan3.nm ../../examples/mdps/wlan/num_collisions.pctl -s '-ii:upper=1e+12' -improvedbk -maxiters 900500 -const COL=5 -const TRANS_TIME_MAX=14

Parsing model file "../../examples/mdps/wlan/wlan3.nm"...

Parsing properties file "../../examples/mdps/wlan/num_collisions.pctl"...

1 property:
(1) "num_collisions": R{"collisions"}max=? [ F s1=12&s2=12 ]

Type:        MDP
Modules:     medium station1 station2 
Variables:   col c1 c2 x1 s1 slot1 backoff1 bc1 x2 s2 slot2 backoff2 bc2 

---------------------------------------------------------------------

Model checking: "num_collisions": R{"collisions"}max=? [ F s1=12&s2=12 ]
Model constants: COL=5,TRANS_TIME_MAX=14

Warning: Not Switching to explicit engine, We implemented the emthods for sparse engine.

Building model...
Model constants: COL=5,TRANS_TIME_MAX=14

Computing reachable states...

Reachability (BFS): 156 iterations in 0.23 seconds (average 0.001468, setup 0.00)

Time for model construction: 0.318 seconds.

Type:        MDP
States:      204543 (1 initial)
Transitions: 434966
Choices:     264986

Transition matrix: 22095 nodes (6 terminal), 434966 minterms, vars: 41r/41c/7nd

Prob0E: 482 iterations in 3.76 seconds (average 0.007803, setup 0.00)

Prob1A: 1 iterations in 0.00 seconds (average 0.003000, setup 0.00)

goal = 6, inf = 0, maybe = 204537

Warning: Upper bound for interval iteration manually set to 1.0E12

Computing remaining rewards...
 7
Building sparse matrix (transitions)... [n=204543, nc=264980, nnz=434960, k=3] [6.8 MB]
Building sparse matrix (transition rewards)... [n=204543, nc=264980, nnz=36, k=3] [1.8 MB]
Creating vector for state rewards... [1.6 MB]
Creating vector for inf... [1.6 MB]
Creating vector for lower bounds... [1.6 MB]
Creating vector for upper bounds... [1.6 MB]
Allocating iteration vectors... [4 x 1.6 MB]
TOTAL: [21.0 MB]

Starting iterations (interval iteration)...

 Time for pre-computation: 0.227000 
First round (updates from below) finished after 27 iters.
Correctness of the approximated above vector satisfied after 10 iterations.

Second round (updates from above) finished after 107 iters.
Update from both sides... 
Max relative diff between upper and lower bound on convergence: 0

Number of iterations for the lower bound = 31

Iterative method: 111 iterations in 0.41 seconds (average 0.003694, setup 0.18)
Maximum finite value in solution vector at end of interval iteration: 1.2014400141658461

Value in the initial state: 1.2014399959620699

Time for model checking: 4.604 seconds.

Result: 1.2014399959620699 (value in the initial state)

---------------------------------------------------------------------

Note: There were 2 warnings during computation.

