PRISM
=====

Version: 4.4
Date: Thu Feb 18 22:36:34 IRST 2021
Hostname: sadegh-H81M-S2PH
Memory limits: cudd=1g, java(heap)=910.5m
Command line: prism ../../examples/mdps/wlan/wlan3.nm ../../examples/mdps/wlan/time_max.pctl -s '-ii:upper=1e+12' -improvedbk -maxiters 900500 -const COL=5 -const TRANS_TIME_MAX=8

Parsing model file "../../examples/mdps/wlan/wlan3.nm"...

Parsing properties file "../../examples/mdps/wlan/time_max.pctl"...

1 property:
(1) "time_max": R{"time"}max=? [ F s1=12&s2=12 ]

Type:        MDP
Modules:     medium station1 station2 
Variables:   col c1 c2 x1 s1 slot1 backoff1 bc1 x2 s2 slot2 backoff2 bc2 

---------------------------------------------------------------------

Model checking: "time_max": R{"time"}max=? [ F s1=12&s2=12 ]
Model constants: COL=5,TRANS_TIME_MAX=8

Warning: Not Switching to explicit engine, We implemented the emthods for sparse engine.

Building model...
Model constants: COL=5,TRANS_TIME_MAX=8

Computing reachable states...

Reachability (BFS): 152 iterations in 0.18 seconds (average 0.001211, setup 0.00)

Time for model construction: 0.267 seconds.

Type:        MDP
States:      199773 (1 initial)
Transitions: 425336
Choices:     255356

Transition matrix: 19700 nodes (6 terminal), 425336 minterms, vars: 41r/41c/7nd

Prob0E: 464 iterations in 3.37 seconds (average 0.007272, setup 0.00)

Prob1A: 1 iterations in 0.00 seconds (average 0.003000, setup 0.00)

goal = 6, inf = 0, maybe = 199767

Warning: Upper bound for interval iteration manually set to 1.0E12

Computing remaining rewards...
 7
Building sparse matrix (transitions)... [n=199773, nc=255350, nnz=425330, k=3] [6.6 MB]
Building sparse matrix (transition rewards)... [n=199773, nc=255350, nnz=57214, k=3] [2.4 MB]
Creating vector for state rewards... [1.5 MB]
Creating vector for inf... [1.5 MB]
Creating vector for lower bounds... [1.5 MB]
Creating vector for upper bounds... [1.5 MB]
Allocating iteration vectors... [4 x 1.5 MB]
TOTAL: [21.2 MB]

Starting iterations (interval iteration)...

 Time for pre-computation: 0.220000 
First round (updates from below) finished after 87 iters.
Second round (updates from above) finished after 174 iters.
Update from both sides... 
Max relative diff between upper and lower bound on convergence: 0

Number of iterations for the lower bound = 94

Iterative method: 181 iterations in 0.60 seconds (average 0.003331, setup 0.19)
Maximum finite value in solution vector at end of interval iteration: 13264.741907256957

Value in the initial state: 3563.7253958972997

Time for model checking: 4.424 seconds.

Result: 3563.7253958972997 (value in the initial state)

---------------------------------------------------------------------

Note: There were 2 warnings during computation.

