PRISM
=====

Version: 4.4.dev
Date: Mon Mar 12 17:47:57 GMT 2018
Hostname: sadegh-H81M-S2PH
Memory limits: cudd=1g, java(heap)=2.0g
Command line: prism ../models/firewire/abst/deadline.nm ../models/firewire/abst/deadline.pctl -s -const 'delay=56,deadline=9000,fast=.1' -javamaxmem 2350m -improvedmodpoliter

Parsing model file "../models/firewire/abst/deadline.nm"...

Parsing properties file "../models/firewire/abst/deadline.pctl"...

1 property:
(1) Pmin=? [ true U (s=10) ]

Type:        MDP
Modules:     abstract_firewire 
Variables:   y x s 

---------------------------------------------------------------------

Model checking: Pmin=? [ true U (s=10) ]
Model constants: deadline=9000,delay=56,fast=0.1

Building model...
Model constants: deadline=9000,delay=56,fast=0.1

Computing reachable states...

Reachability (BFS): 9127 iterations in 5.47 seconds (average 0.000599, setup 0.00)

Time for model construction: 355.33 seconds.

Type:        MDP
States:      7796580 (1 initial)
Transitions: 16280183
Choices:     13240145

Transition matrix: 11522 nodes (4 terminal), 16280183 minterms, vars: 26r/26c/2nd

Prob0E: 396 iterations in 1.98 seconds (average 0.005000, setup 0.00)

Prob1A: 8731 iterations in 6.78 seconds (average 0.000777, setup 0.00)

yes = 2970822, no = 158833, maybe = 4666925

Computing remaining probabilities...
Engine: Sparse

Building sparse matrix (FOR POLICY ITERASION)... [n=7796580, nc=8874232, nnz=11847238, k=3] [151.5 MB]
Creating vector for yes...[59.5 MB]
Allocating iteration vectors... [2 x 59.5 MB]
TOTAL: [329.9 MB]

Starting iterations...

Iterative method: 84 iterations in 0.34 seconds (average 0.004048, setup 2.24)

Number of updates: 11M 

Value in the initial state: 0.999648591548297

Time for model checking: 11.388 seconds.

Result: 0.999648591548297 (value in the initial state)

