PRISM
=====

Version: 4.4.dev
Date: Mon Mar 12 06:38:45 GMT 2018
Hostname: sadegh-H81M-S2PH
Memory limits: cudd=1g, java(heap)=2.0g
Command line: prism ../models/firewire/abst/deadline.nm ../models/firewire/abst/deadline.pctl -s -const 'delay=128,deadline=7500,fast=.1' -javamaxmem 2350m -improvedmodpoliter

Parsing model file "../models/firewire/abst/deadline.nm"...

Parsing properties file "../models/firewire/abst/deadline.pctl"...

1 property:
(1) Pmin=? [ true U (s=10) ]

Type:        MDP
Modules:     abstract_firewire 
Variables:   y x s 

---------------------------------------------------------------------

Model checking: Pmin=? [ true U (s=10) ]
Model constants: deadline=7500,delay=128,fast=0.1

Building model...
Model constants: deadline=7500,delay=128,fast=0.1

Computing reachable states...

Reachability (BFS): 7581 iterations in 3.50 seconds (average 0.000462, setup 0.00)

Time for model construction: 193.984 seconds.

Type:        MDP
States:      9137080 (1 initial)
Transitions: 24293503
Choices:     18594541

Transition matrix: 9744 nodes (4 terminal), 24293503 minterms, vars: 25r/25c/2nd

Prob0E: 468 iterations in 1.75 seconds (average 0.003735, setup 0.00)

Prob1A: 7115 iterations in 4.81 seconds (average 0.000676, setup 0.00)

yes = 2471726, no = 270901, maybe = 6394453

Computing remaining probabilities...
Engine: Sparse

Building sparse matrix (FOR POLICY ITERASION)... [n=9137080, nc=13575342, nnz=19094736, k=3] [240.2 MB]
Creating vector for yes...[69.7 MB]
Allocating iteration vectors... [2 x 69.7 MB]
TOTAL: [449.3 MB]

Starting iterations...

Iterative method: 54 iterations in 0.50 seconds (average 0.009259, setup 2.97)

Number of updates: 11M 

Value in the initial state: 0.9930002994378946

Time for model checking: 10.108 seconds.

Result: 0.9930002994378946 (value in the initial state)

