PRISM
=====

Version: 4.4.dev
Date: Mon Mar 12 15:12:34 GMT 2018
Hostname: sadegh-H81M-S2PH
Memory limits: cudd=1g, java(heap)=2.0g
Command line: prism ../models/firewire/abst/deadline.nm ../models/firewire/abst/deadline.pctl -s -const 'delay=36,deadline=6000,fast=.1' -javamaxmem 2350m -modpoliter -topological

Parsing model file "../models/firewire/abst/deadline.nm"...

Parsing properties file "../models/firewire/abst/deadline.pctl"...

1 property:
(1) Pmin=? [ true U (s=10) ]

Type:        MDP
Modules:     abstract_firewire 
Variables:   y x s 

---------------------------------------------------------------------

Model checking: Pmin=? [ true U (s=10) ]
Model constants: deadline=6000,delay=36,fast=0.1

Building model...
Model constants: deadline=6000,delay=36,fast=0.1

Computing reachable states...

Reachability (BFS): 6094 iterations in 3.63 seconds (average 0.000595, setup 0.00)

Time for model construction: 169.283 seconds.

Type:        MDP
States:      4566010 (1 initial)
Transitions: 8291593
Choices:     6986455

Transition matrix: 10329 nodes (4 terminal), 8291593 minterms, vars: 25r/25c/2nd

Prob0E: 376 iterations in 1.56 seconds (average 0.004149, setup 0.00)

Prob1A: 5719 iterations in 4.54 seconds (average 0.000795, setup 0.00)

yes = 1953082, no = 132303, maybe = 2480625

Computing remaining probabilities...
Engine: Sparse

Building sparse matrix... [n=4566010, nc=4324452, nnz=5588298, k=3] [72.4 MB]
Creating vector for yes... [34.8 MB]
Allocating iteration vectors... [2 x 34.8 MB]
TOTAL: [176.9 MB]

Starting iterations...

Iterative method: 4961250 iterations in 0.54 seconds (average 0.000000, setup 1.22)


Number of state Updates: 4M 

Value in the initial state: 0.9968612493616019

Time for model checking: 7.955 seconds.

Result: 0.9968612493616019 (value in the initial state)

