PRISM
=====

Version: 4.4.dev
Date: Mon Mar 12 16:20:52 GMT 2018
Hostname: sadegh-H81M-S2PH
Memory limits: cudd=1g, java(heap)=2.0g
Command line: prism ../models/firewire/abst/deadline.nm ../models/firewire/abst/deadline.pctl -s -const 'delay=100,deadline=7000,fast=.1' -javamaxmem 2350m -improvedmodpoliter

Parsing model file "../models/firewire/abst/deadline.nm"...

Parsing properties file "../models/firewire/abst/deadline.pctl"...

1 property:
(1) Pmin=? [ true U (s=10) ]

Type:        MDP
Modules:     abstract_firewire 
Variables:   y x s 

---------------------------------------------------------------------

Model checking: Pmin=? [ true U (s=10) ]
Model constants: deadline=7000,delay=100,fast=0.1

Building model...
Model constants: deadline=7000,delay=100,fast=0.1

Computing reachable states...

Reachability (BFS): 7084 iterations in 3.14 seconds (average 0.000444, setup 0.00)

Time for model construction: 220.972 seconds.

Type:        MDP
States:      7565330 (1 initial)
Transitions: 18820683
Choices:     14653221

Transition matrix: 8635 nodes (4 terminal), 18820683 minterms, vars: 25r/25c/2nd

Prob0E: 440 iterations in 1.52 seconds (average 0.003445, setup 0.00)

Prob1A: 6645 iterations in 4.33 seconds (average 0.000652, setup 0.00)

yes = 2303226, no = 224239, maybe = 5037865

Computing remaining probabilities...
Engine: Sparse

Building sparse matrix (FOR POLICY ITERASION)... [n=7565330, nc=10439918, nnz=14475272, k=3] [182.8 MB]
Creating vector for yes...[57.7 MB]
Allocating iteration vectors... [2 x 57.7 MB]
TOTAL: [356.0 MB]

Starting iterations...

Iterative method: 56 iterations in 0.40 seconds (average 0.007143, setup 2.34)

Number of updates: 9M 

Value in the initial state: 0.994260669718103

Time for model checking: 8.632 seconds.

Result: 0.994260669718103 (value in the initial state)

