PRISM
=====

Version: 4.4.dev
Date: Mon Mar 12 06:50:14 GMT 2018
Hostname: sadegh-H81M-S2PH
Memory limits: cudd=1g, java(heap)=2.0g
Command line: prism ../models/firewire/abst/deadline.nm ../models/firewire/abst/deadline.pctl -s -const 'delay=36,deadline=10000,fast=.1' -javamaxmem 2350m -improvedmodpoliter

Parsing model file "../models/firewire/abst/deadline.nm"...

Parsing properties file "../models/firewire/abst/deadline.pctl"...

1 property:
(1) Pmin=? [ true U (s=10) ]

Type:        MDP
Modules:     abstract_firewire 
Variables:   y x s 

---------------------------------------------------------------------

Model checking: Pmin=? [ true U (s=10) ]
Model constants: deadline=10000,delay=36,fast=0.1

Building model...
Model constants: deadline=10000,delay=36,fast=0.1

Computing reachable states...

Reachability (BFS): 10154 iterations in 6.08 seconds (average 0.000599, setup 0.00)

Time for model construction: 472.009 seconds.

Type:        MDP
States:      7670010 (1 initial)
Transitions: 13935593
Choices:     11742455

Transition matrix: 10356 nodes (4 terminal), 13935593 minterms, vars: 26r/26c/2nd

Prob0E: 376 iterations in 1.85 seconds (average 0.004915, setup 0.00)

Prob1A: 9778 iterations in 6.92 seconds (average 0.000708, setup 0.00)

yes = 3301082, no = 132303, maybe = 4236625

Computing remaining probabilities...
Engine: Sparse

Building sparse matrix (FOR POLICY ITERASION)... [n=7670010, nc=7380452, nnz=9532298, k=3] [123.4 MB]
Creating vector for yes...[58.5 MB]
Allocating iteration vectors... [2 x 58.5 MB]
TOTAL: [299.0 MB]

Starting iterations...

Iterative method: 101 iterations in 0.28 seconds (average 0.002733, setup 2.08)

Number of updates: 12M 

Value in the initial state: 0.999941470743853

Time for model checking: 11.192 seconds.

Result: 0.999941470743853 (value in the initial state)

