PRISM
=====

Version: 4.4.dev
Date: Mon Mar 12 22:42:31 GMT 2018
Hostname: sadegh-H81M-S2PH
Memory limits: cudd=1g, java(heap)=2.0g
Command line: prism ../models/firewire/abst/deadline.nm ../models/firewire/abst/deadline.pctl -s -const 'delay=36,deadline=9500,fast=.1' -javamaxmem 2350m -improvedmodpoliter

Parsing model file "../models/firewire/abst/deadline.nm"...

Parsing properties file "../models/firewire/abst/deadline.pctl"...

1 property:
(1) Pmin=? [ true U (s=10) ]

Type:        MDP
Modules:     abstract_firewire 
Variables:   y x s 

---------------------------------------------------------------------

Model checking: Pmin=? [ true U (s=10) ]
Model constants: deadline=9500,delay=36,fast=0.1

Building model...
Model constants: deadline=9500,delay=36,fast=0.1

Computing reachable states...

Reachability (BFS): 9645 iterations in 5.57 seconds (average 0.000578, setup 0.00)

Time for model construction: 439.418 seconds.

Type:        MDP
States:      7282010 (1 initial)
Transitions: 13230093
Choices:     11147955

Transition matrix: 10356 nodes (4 terminal), 13230093 minterms, vars: 26r/26c/2nd

Prob0E: 376 iterations in 1.70 seconds (average 0.004521, setup 0.00)

Prob1A: 9271 iterations in 7.40 seconds (average 0.000798, setup 0.00)

yes = 3132582, no = 132303, maybe = 4017125

Computing remaining probabilities...
Engine: Sparse

Building sparse matrix (FOR POLICY ITERASION)... [n=7282010, nc=6998452, nnz=9039298, k=3] [117.1 MB]
Creating vector for yes...[55.6 MB]
Allocating iteration vectors... [2 x 55.6 MB]
TOTAL: [283.7 MB]

Starting iterations...

Iterative method: 96 iterations in 0.25 seconds (average 0.002625, setup 1.98)

Number of updates: 11M 

Value in the initial state: 0.9998999218120297

Time for model checking: 11.379 seconds.

Result: 0.9998999218120297 (value in the initial state)

