PRISM
=====

Version: 4.4.dev
Date: Mon Mar 12 23:04:49 GMT 2018
Hostname: sadegh-H81M-S2PH
Memory limits: cudd=1g, java(heap)=2.0g
Command line: prism ../models/firewire/abst/deadline.nm ../models/firewire/abst/deadline.pctl -s -const 'delay=64,deadline=9500,fast=.1' -javamaxmem 2350m -modpoliter -topological

Parsing model file "../models/firewire/abst/deadline.nm"...

Parsing properties file "../models/firewire/abst/deadline.pctl"...

1 property:
(1) Pmin=? [ true U (s=10) ]

Type:        MDP
Modules:     abstract_firewire 
Variables:   y x s 

---------------------------------------------------------------------

Model checking: Pmin=? [ true U (s=10) ]
Model constants: deadline=9500,delay=64,fast=0.1

Building model...
Model constants: deadline=9500,delay=64,fast=0.1

Computing reachable states...

Reachability (BFS): 9629 iterations in 5.80 seconds (average 0.000602, setup 0.00)

Time for model construction: 355.554 seconds.

Type:        MDP
States:      8616168 (1 initial)
Transitions: 18785167
Choices:     15121897

Transition matrix: 11415 nodes (4 terminal), 18785167 minterms, vars: 26r/26c/2nd

Prob0E: 404 iterations in 2.39 seconds (average 0.005921, setup 0.00)

Prob1A: 9226 iterations in 6.61 seconds (average 0.000717, setup 0.00)

yes = 3142018, no = 170005, maybe = 5304145

Computing remaining probabilities...
Engine: Sparse

Building sparse matrix... [n=8616168, nc=10341344, nnz=13926614, k=3] [177.5 MB]
Creating vector for yes... [65.7 MB]
Allocating iteration vectors... [2 x 65.7 MB]
TOTAL: [374.7 MB]

Starting iterations...

Iterative method: 10608290 iterations in 1.23 seconds (average 0.000000, setup 2.49)


Number of state Updates: 10M 

Value in the initial state: 0.9997080586897237

Time for model checking: 12.868 seconds.

Result: 0.9997080586897237 (value in the initial state)

