PRISM
=====

Version: 4.4.dev
Date: Mon Mar 12 22:31:57 GMT 2018
Hostname: sadegh-H81M-S2PH
Memory limits: cudd=1g, java(heap)=2.0g
Command line: prism ../models/firewire/abst/deadline.nm ../models/firewire/abst/deadline.pctl -s -const 'delay=128,deadline=7000,fast=.1' -javamaxmem 2350m -improvedmodpoliter

Parsing model file "../models/firewire/abst/deadline.nm"...

Parsing properties file "../models/firewire/abst/deadline.pctl"...

1 property:
(1) Pmin=? [ true U (s=10) ]

Type:        MDP
Modules:     abstract_firewire 
Variables:   y x s 

---------------------------------------------------------------------

Model checking: Pmin=? [ true U (s=10) ]
Model constants: deadline=7000,delay=128,fast=0.1

Building model...
Model constants: deadline=7000,delay=128,fast=0.1

Computing reachable states...

Reachability (BFS): 7076 iterations in 3.48 seconds (average 0.000492, setup 0.00)

Time for model construction: 174.067 seconds.

Type:        MDP
States:      8519080 (1 initial)
Transitions: 22648003
Choices:     17336041

Transition matrix: 9744 nodes (4 terminal), 22648003 minterms, vars: 25r/25c/2nd

Prob0E: 468 iterations in 1.83 seconds (average 0.003906, setup 0.00)

Prob1A: 6610 iterations in 4.52 seconds (average 0.000683, setup 0.00)

yes = 2303226, no = 270901, maybe = 5944953

Computing remaining probabilities...
Engine: Sparse

Building sparse matrix (FOR POLICY ITERASION)... [n=8519080, nc=12621342, nnz=17753736, k=3] [223.3 MB]
Creating vector for yes...[65.0 MB]
Allocating iteration vectors... [2 x 65.0 MB]
TOTAL: [418.3 MB]

Starting iterations...

Iterative method: 50 iterations in 0.48 seconds (average 0.009600, setup 2.76)

Number of updates: 10M 

Value in the initial state: 0.9900446031009644

Time for model checking: 9.646 seconds.

Result: 0.9900446031009644 (value in the initial state)

