PRISM
=====

Version: 4.4.dev
Date: Mon Mar 12 22:17:30 GMT 2018
Hostname: sadegh-H81M-S2PH
Memory limits: cudd=1g, java(heap)=2.0g
Command line: prism ../models/firewire/abst/deadline.nm ../models/firewire/abst/deadline.pctl -s -const 'delay=68,deadline=7000,fast=.1' -javamaxmem 2350m -improvedmodpoliter

Parsing model file "../models/firewire/abst/deadline.nm"...

Parsing properties file "../models/firewire/abst/deadline.pctl"...

1 property:
(1) Pmin=? [ true U (s=10) ]

Type:        MDP
Modules:     abstract_firewire 
Variables:   y x s 

---------------------------------------------------------------------

Model checking: Pmin=? [ true U (s=10) ]
Model constants: deadline=7000,delay=68,fast=0.1

Building model...
Model constants: deadline=7000,delay=68,fast=0.1

Computing reachable states...

Reachability (BFS): 7094 iterations in 3.79 seconds (average 0.000535, setup 0.00)

Time for model construction: 224.595 seconds.

Type:        MDP
States:      6466392 (1 initial)
Transitions: 14370769
Choices:     11517067

Transition matrix: 9995 nodes (4 terminal), 14370769 minterms, vars: 25r/25c/2nd

Prob0E: 408 iterations in 1.93 seconds (average 0.004735, setup 0.00)

Prob1A: 6688 iterations in 4.67 seconds (average 0.000698, setup 0.00)

yes = 2300866, no = 175711, maybe = 3989815

Computing remaining probabilities...
Engine: Sparse

Building sparse matrix (FOR POLICY ITERASION)... [n=6466392, nc=7867392, nnz=10637466, k=3] [135.4 MB]
Creating vector for yes...[49.3 MB]
Allocating iteration vectors... [2 x 49.3 MB]
TOTAL: [283.4 MB]

Starting iterations...

Iterative method: 62 iterations in 0.29 seconds (average 0.004645, setup 1.88)

Number of updates: 8M 

Value in the initial state: 0.9970040014865447

Time for model checking: 8.831 seconds.

Result: 0.9970040014865447 (value in the initial state)

