PRISM
=====

Version: 4.4.dev
Date: Mon Mar 12 07:13:45 GMT 2018
Hostname: sadegh-H81M-S2PH
Memory limits: cudd=1g, java(heap)=2.0g
Command line: prism ../models/firewire/abst/deadline.nm ../models/firewire/abst/deadline.pctl -s -const 'delay=128,deadline=10000,fast=.1' -javamaxmem 2350m -modpoliter -topological

Parsing model file "../models/firewire/abst/deadline.nm"...

Parsing properties file "../models/firewire/abst/deadline.pctl"...

1 property:
(1) Pmin=? [ true U (s=10) ]

Type:        MDP
Modules:     abstract_firewire 
Variables:   y x s 

---------------------------------------------------------------------

Model checking: Pmin=? [ true U (s=10) ]
Model constants: deadline=10000,delay=128,fast=0.1

Building model...
Model constants: deadline=10000,delay=128,fast=0.1

Computing reachable states...

Reachability (BFS): 10106 iterations in 4.93 seconds (average 0.000488, setup 0.00)

Time for model construction: 361.357 seconds.

Type:        MDP
States:      12227080 (1 initial)
Transitions: 32521003
Choices:     24887041

Transition matrix: 9767 nodes (4 terminal), 32521003 minterms, vars: 26r/26c/2nd

Prob0E: 468 iterations in 1.85 seconds (average 0.003957, setup 0.00)

Prob1A: 9640 iterations in 6.41 seconds (average 0.000665, setup 0.00)

yes = 3314226, no = 270901, maybe = 8641953

Computing remaining probabilities...
Engine: Sparse

Building sparse matrix... [n=12227080, nc=18345342, nnz=25799736, k=3] [324.4 MB]
Creating vector for yes... [93.3 MB]
Allocating iteration vectors... [2 x 93.3 MB]
TOTAL: [604.3 MB]

Starting iterations...


Number of state Updates: 0M 

Error: Out of memory.

#
# A fatal error has been detected by the Java Runtime Environment:
#
#  SIGSEGV (0xb) at pc=0x00007ffa50f25512, pid=8762, tid=0x00007ffa51682700
#
# JRE version: OpenJDK Runtime Environment (8.0_131-b11) (build 1.8.0_131-8u131-b11-2ubuntu1.16.04.3-b11)
# Java VM: OpenJDK 64-Bit Server VM (25.131-b11 mixed mode linux-amd64 compressed oops)
# Problematic frame:
# C  [libc.so.6+0x84512]  cfree+0x22
#
# Failed to write core dump. Core dumps have been disabled. To enable core dumping, try "ulimit -c unlimited" before starting Java again
#
# An error report file with more information is saved as:
# /home/sadegh/Documents/3rd/prism-DiracBased-Improving/prism/examples/scripts/hs_err_pid8762.log
#
# If you would like to submit a bug report, please visit:
#   http://bugreport.java.com/bugreport/crash.jsp
#
