PRISM
=====

Version: 4.4.dev
Date: Mon Mar 12 06:13:18 GMT 2018
Hostname: sadegh-H81M-S2PH
Memory limits: cudd=1g, java(heap)=2.0g
Command line: prism ../models/firewire/abst/deadline.nm ../models/firewire/abst/deadline.pctl -s -const 'delay=128,deadline=5000,fast=.1' -javamaxmem 2350m -improvedmodpoliter

Parsing model file "../models/firewire/abst/deadline.nm"...

Parsing properties file "../models/firewire/abst/deadline.pctl"...

1 property:
(1) Pmin=? [ true U (s=10) ]

Type:        MDP
Modules:     abstract_firewire 
Variables:   y x s 

---------------------------------------------------------------------

Model checking: Pmin=? [ true U (s=10) ]
Model constants: deadline=5000,delay=128,fast=0.1

Building model...
Model constants: deadline=5000,delay=128,fast=0.1

Computing reachable states...

Reachability (BFS): 5055 iterations in 2.58 seconds (average 0.000511, setup 0.00)

Time for model construction: 92.366 seconds.

Type:        MDP
States:      6047080 (1 initial)
Transitions: 16066003
Choices:     12302041

Transition matrix: 9740 nodes (4 terminal), 16066003 minterms, vars: 25r/25c/2nd

Prob0E: 468 iterations in 1.95 seconds (average 0.004162, setup 0.00)

Prob1A: 4589 iterations in 3.36 seconds (average 0.000731, setup 0.00)

yes = 1629226, no = 270901, maybe = 4146953

Computing remaining probabilities...
Engine: Sparse

Building sparse matrix (FOR POLICY ITERASION)... [n=6047080, nc=8805342, nnz=12389736, k=3] [156.0 MB]
Creating vector for yes...[46.1 MB]
Allocating iteration vectors... [2 x 46.1 MB]
TOTAL: [294.4 MB]

Starting iterations...

Iterative method: 36 iterations in 0.33 seconds (average 0.009111, setup 1.96)

Number of updates: 6M 

Value in the initial state: 0.9595555719532874

Time for model checking: 7.626 seconds.

Result: 0.9595555719532874 (value in the initial state)

