PRISM
=====

Version: 4.4.dev
Date: Mon Mar 12 18:32:42 GMT 2018
Hostname: sadegh-H81M-S2PH
Memory limits: cudd=1g, java(heap)=2.0g
Command line: prism ../models/firewire/abst/deadline.nm ../models/firewire/abst/deadline.pctl -s -const 'delay=128,deadline=9000,fast=.1' -javamaxmem 2350m -modpoliter -topological

Parsing model file "../models/firewire/abst/deadline.nm"...

Parsing properties file "../models/firewire/abst/deadline.pctl"...

1 property:
(1) Pmin=? [ true U (s=10) ]

Type:        MDP
Modules:     abstract_firewire 
Variables:   y x s 

---------------------------------------------------------------------

Model checking: Pmin=? [ true U (s=10) ]
Model constants: deadline=9000,delay=128,fast=0.1

Building model...
Model constants: deadline=9000,delay=128,fast=0.1

Computing reachable states...

Reachability (BFS): 9097 iterations in 4.41 seconds (average 0.000485, setup 0.00)

Time for model construction: 288.358 seconds.

Type:        MDP
States:      10991080 (1 initial)
Transitions: 29230003
Choices:     22370041

Transition matrix: 9767 nodes (4 terminal), 29230003 minterms, vars: 26r/26c/2nd

Prob0E: 468 iterations in 1.83 seconds (average 0.003915, setup 0.00)

Prob1A: 8630 iterations in 5.77 seconds (average 0.000669, setup 0.00)

yes = 2977226, no = 270901, maybe = 7742953

Computing remaining probabilities...
Engine: Sparse

Building sparse matrix... [n=10991080, nc=16437342, nnz=23117736, k=3] [290.7 MB]
Creating vector for yes... [83.9 MB]
Allocating iteration vectors... [2 x 83.9 MB]
TOTAL: [542.3 MB]

Starting iterations...


Number of state Updates: 0M 

Error: Out of memory.

#
# A fatal error has been detected by the Java Runtime Environment:
#
#  SIGSEGV (0xb) at pc=0x00007f400925b512, pid=4816, tid=0x00007f40099b8700
#
# JRE version: OpenJDK Runtime Environment (8.0_131-b11) (build 1.8.0_131-8u131-b11-2ubuntu1.16.04.3-b11)
# Java VM: OpenJDK 64-Bit Server VM (25.131-b11 mixed mode linux-amd64 compressed oops)
# Problematic frame:
# C  [libc.so.6+0x84512]  cfree+0x22
#
# Failed to write core dump. Core dumps have been disabled. To enable core dumping, try "ulimit -c unlimited" before starting Java again
#
# An error report file with more information is saved as:
# /home/sadegh/Documents/3rd/prism-DiracBased-Improving/prism/examples/scripts/hs_err_pid4816.log
#
# If you would like to submit a bug report, please visit:
#   http://bugreport.java.com/bugreport/crash.jsp
#
