PRISM
=====

Version: 4.4.dev
Date: Mon Mar 12 17:54:05 GMT 2018
Hostname: sadegh-H81M-S2PH
Memory limits: cudd=1g, java(heap)=2.0g
Command line: prism ../models/firewire/abst/deadline.nm ../models/firewire/abst/deadline.pctl -s -const 'delay=72,deadline=9000,fast=.1' -javamaxmem 2350m -modpoliter -topological

Parsing model file "../models/firewire/abst/deadline.nm"...

Parsing properties file "../models/firewire/abst/deadline.pctl"...

1 property:
(1) Pmin=? [ true U (s=10) ]

Type:        MDP
Modules:     abstract_firewire 
Variables:   y x s 

---------------------------------------------------------------------

Model checking: Pmin=? [ true U (s=10) ]
Model constants: deadline=9000,delay=72,fast=0.1

Building model...
Model constants: deadline=9000,delay=72,fast=0.1

Computing reachable states...

Reachability (BFS): 9118 iterations in 4.62 seconds (average 0.000507, setup 0.00)

Time for model construction: 365.932 seconds.

Type:        MDP
States:      8517886 (1 initial)
Transitions: 19285591
Choices:     15391333

Transition matrix: 9950 nodes (4 terminal), 19285591 minterms, vars: 26r/26c/2nd

Prob0E: 412 iterations in 1.99 seconds (average 0.004825, setup 0.00)

Prob1A: 8708 iterations in 6.03 seconds (average 0.000693, setup 0.00)

yes = 2976214, no = 181497, maybe = 5360175

Computing remaining probabilities...
Engine: Sparse

Building sparse matrix... [n=8517886, nc=10675668, nnz=14480574, k=3] [184.0 MB]
Creating vector for yes... [65.0 MB]
Allocating iteration vectors... [2 x 65.0 MB]
TOTAL: [379.0 MB]

Starting iterations...

Iterative method: 10720350 iterations in 1.28 seconds (average 0.000000, setup 2.51)


Number of state Updates: 10M 

Value in the initial state: 0.999395319894929

Time for model checking: 11.92 seconds.

Result: 0.999395319894929 (value in the initial state)

