PRISM
=====

Version: 4.4.dev
Date: Mon Mar 12 06:42:10 GMT 2018
Hostname: sadegh-H81M-S2PH
Memory limits: cudd=1g, java(heap)=2.0g
Command line: prism ../models/firewire/abst/deadline.nm ../models/firewire/abst/deadline.pctl -s -const 'delay=36,deadline=10000,fast=.1' -javamaxmem 2350m -modpoliter -topological

Parsing model file "../models/firewire/abst/deadline.nm"...

Parsing properties file "../models/firewire/abst/deadline.pctl"...

1 property:
(1) Pmin=? [ true U (s=10) ]

Type:        MDP
Modules:     abstract_firewire 
Variables:   y x s 

---------------------------------------------------------------------

Model checking: Pmin=? [ true U (s=10) ]
Model constants: deadline=10000,delay=36,fast=0.1

Building model...
Model constants: deadline=10000,delay=36,fast=0.1

Computing reachable states...

Reachability (BFS): 10154 iterations in 6.05 seconds (average 0.000596, setup 0.00)

Time for model construction: 471.593 seconds.

Type:        MDP
States:      7670010 (1 initial)
Transitions: 13935593
Choices:     11742455

Transition matrix: 10356 nodes (4 terminal), 13935593 minterms, vars: 26r/26c/2nd

Prob0E: 376 iterations in 1.83 seconds (average 0.004872, setup 0.00)

Prob1A: 9778 iterations in 6.93 seconds (average 0.000709, setup 0.00)

yes = 3301082, no = 132303, maybe = 4236625

Computing remaining probabilities...
Engine: Sparse

Building sparse matrix... [n=7670010, nc=7380452, nnz=9532298, k=3] [123.4 MB]
Creating vector for yes... [58.5 MB]
Allocating iteration vectors... [2 x 58.5 MB]
TOTAL: [299.0 MB]

Starting iterations...

Iterative method: 8473250 iterations in 0.92 seconds (average 0.000000, setup 2.07)


Number of state Updates: 8M 

Value in the initial state: 0.9999414739614435

Time for model checking: 11.849 seconds.

Result: 0.9999414739614435 (value in the initial state)

