PRISM
=====

Version: 4.4.dev
Date: Mon Mar 12 06:58:18 GMT 2018
Hostname: sadegh-H81M-S2PH
Memory limits: cudd=1g, java(heap)=2.0g
Command line: prism ../models/firewire/abst/deadline.nm ../models/firewire/abst/deadline.pctl -s -const 'delay=72,deadline=10000,fast=.1' -javamaxmem 2350m -modpoliter -topological

Parsing model file "../models/firewire/abst/deadline.nm"...

Parsing properties file "../models/firewire/abst/deadline.pctl"...

1 property:
(1) Pmin=? [ true U (s=10) ]

Type:        MDP
Modules:     abstract_firewire 
Variables:   y x s 

---------------------------------------------------------------------

Model checking: Pmin=? [ true U (s=10) ]
Model constants: deadline=10000,delay=72,fast=0.1

Building model...
Model constants: deadline=10000,delay=72,fast=0.1

Computing reachable states...

Reachability (BFS): 10130 iterations in 5.43 seconds (average 0.000536, setup 0.00)

Time for model construction: 449.632 seconds.

Type:        MDP
States:      9473886 (1 initial)
Transitions: 21452591
Choices:     17120333

Transition matrix: 9950 nodes (4 terminal), 21452591 minterms, vars: 26r/26c/2nd

Prob0E: 412 iterations in 2.42 seconds (average 0.005883, setup 0.00)

Prob1A: 9720 iterations in 6.36 seconds (average 0.000654, setup 0.00)

yes = 3313214, no = 181497, maybe = 5979175

Computing remaining probabilities...
Engine: Sparse

Building sparse matrix... [n=9473886, nc=11907668, nnz=16150574, k=3] [205.2 MB]
Creating vector for yes... [72.3 MB]
Allocating iteration vectors... [2 x 72.3 MB]
TOTAL: [422.1 MB]

Starting iterations...


Number of state Updates: 0M 

Error: Out of memory.

#
# A fatal error has been detected by the Java Runtime Environment:
#
#  SIGSEGV (0xb) at pc=0x00007f9adf9a5512, pid=8660, tid=0x00007f9ae0102700
#
# JRE version: OpenJDK Runtime Environment (8.0_131-b11) (build 1.8.0_131-8u131-b11-2ubuntu1.16.04.3-b11)
# Java VM: OpenJDK 64-Bit Server VM (25.131-b11 mixed mode linux-amd64 compressed oops)
# Problematic frame:
# C  [libc.so.6+0x84512]  cfree+0x22
#
# Failed to write core dump. Core dumps have been disabled. To enable core dumping, try "ulimit -c unlimited" before starting Java again
#
# An error report file with more information is saved as:
# /home/sadegh/Documents/3rd/prism-DiracBased-Improving/prism/examples/scripts/hs_err_pid8660.log
#
# If you would like to submit a bug report, please visit:
#   http://bugreport.java.com/bugreport/crash.jsp
#
