PRISM
=====

Version: 4.4.dev
Date: Mon Mar 12 16:13:11 GMT 2018
Hostname: sadegh-H81M-S2PH
Memory limits: cudd=1g, java(heap)=2.0g
Command line: prism ../models/firewire/abst/deadline.nm ../models/firewire/abst/deadline.pctl -s -const 'delay=84,deadline=7000,fast=.1' -javamaxmem 2350m -improvedmodpoliter

Parsing model file "../models/firewire/abst/deadline.nm"...

Parsing properties file "../models/firewire/abst/deadline.pctl"...

1 property:
(1) Pmin=? [ true U (s=10) ]

Type:        MDP
Modules:     abstract_firewire 
Variables:   y x s 

---------------------------------------------------------------------

Model checking: Pmin=? [ true U (s=10) ]
Model constants: deadline=7000,delay=84,fast=0.1

Building model...
Model constants: deadline=7000,delay=84,fast=0.1

Computing reachable states...

Reachability (BFS): 7088 iterations in 2.85 seconds (average 0.000402, setup 0.00)

Time for model construction: 221.387 seconds.

Type:        MDP
States:      7018570 (1 initial)
Transitions: 16628715
Choices:     13117365

Transition matrix: 7793 nodes (4 terminal), 16628715 minterms, vars: 25r/25c/2nd

Prob0E: 424 iterations in 1.33 seconds (average 0.003142, setup 0.00)

Prob1A: 6666 iterations in 3.82 seconds (average 0.000574, setup 0.00)

yes = 2303226, no = 199335, maybe = 4516009

Computing remaining probabilities...
Engine: Sparse

Building sparse matrix (FOR POLICY ITERASION)... [n=7018570, nc=9184942, nnz=12589192, k=3] [159.5 MB]
Creating vector for yes...[53.5 MB]
Allocating iteration vectors... [2 x 53.5 MB]
TOTAL: [320.2 MB]

Starting iterations...

Iterative method: 58 iterations in 0.35 seconds (average 0.006069, setup 2.07)

Number of updates: 8M 

Value in the initial state: 0.9955295664525139

Time for model checking: 7.631 seconds.

Result: 0.9955295664525139 (value in the initial state)

