PRISM
=====

Version: 4.4.dev
Date: Mon Mar 12 15:32:54 GMT 2018
Hostname: sadegh-H81M-S2PH
Memory limits: cudd=1g, java(heap)=2.0g
Command line: prism ../models/firewire/abst/deadline.nm ../models/firewire/abst/deadline.pctl -s -const 'delay=84,deadline=6000,fast=.1' -javamaxmem 2350m -improvedmodpoliter

Parsing model file "../models/firewire/abst/deadline.nm"...

Parsing properties file "../models/firewire/abst/deadline.pctl"...

1 property:
(1) Pmin=? [ true U (s=10) ]

Type:        MDP
Modules:     abstract_firewire 
Variables:   y x s 

---------------------------------------------------------------------

Model checking: Pmin=? [ true U (s=10) ]
Model constants: deadline=6000,delay=84,fast=0.1

Building model...
Model constants: deadline=6000,delay=84,fast=0.1

Computing reachable states...

Reachability (BFS): 6076 iterations in 2.45 seconds (average 0.000404, setup 0.00)

Time for model construction: 168.324 seconds.

Type:        MDP
States:      6002570 (1 initial)
Transitions: 14217715
Choices:     11216365

Transition matrix: 7789 nodes (4 terminal), 14217715 minterms, vars: 25r/25c/2nd

Prob0E: 424 iterations in 1.32 seconds (average 0.003104, setup 0.00)

Prob1A: 5654 iterations in 3.38 seconds (average 0.000597, setup 0.00)

yes = 1966226, no = 199335, maybe = 3837009

Computing remaining probabilities...
Engine: Sparse

Building sparse matrix (FOR POLICY ITERASION)... [n=6002570, nc=7804942, nnz=10699192, k=3] [135.6 MB]
Creating vector for yes...[45.8 MB]
Allocating iteration vectors... [2 x 45.8 MB]
TOTAL: [273.0 MB]

Starting iterations...

Iterative method: 50 iterations in 0.30 seconds (average 0.005920, setup 1.78)

Number of updates: 7M 

Value in the initial state: 0.9900446031009644

Time for model checking: 6.798 seconds.

Result: 0.9900446031009644 (value in the initial state)

