PRISM
=====

Version: 4.4.dev
Date: Mon Mar 12 23:52:12 GMT 2018
Hostname: sadegh-H81M-S2PH
Memory limits: cudd=1g, java(heap)=2.0g
Command line: prism ../models/firewire/abst/deadline.nm ../models/firewire/abst/deadline.pctl -s -const 'delay=128,deadline=9500,fast=.1' -javamaxmem 2350m -improvedmodpoliter

Parsing model file "../models/firewire/abst/deadline.nm"...

Parsing properties file "../models/firewire/abst/deadline.pctl"...

1 property:
(1) Pmin=? [ true U (s=10) ]

Type:        MDP
Modules:     abstract_firewire 
Variables:   y x s 

---------------------------------------------------------------------

Model checking: Pmin=? [ true U (s=10) ]
Model constants: deadline=9500,delay=128,fast=0.1

Building model...
Model constants: deadline=9500,delay=128,fast=0.1

Computing reachable states...

Reachability (BFS): 9602 iterations in 4.92 seconds (average 0.000512, setup 0.00)

Time for model construction: 334.056 seconds.

Type:        MDP
States:      11609080 (1 initial)
Transitions: 30875503
Choices:     23628541

Transition matrix: 9767 nodes (4 terminal), 30875503 minterms, vars: 26r/26c/2nd

Prob0E: 468 iterations in 2.32 seconds (average 0.004966, setup 0.00)

Prob1A: 9135 iterations in 6.49 seconds (average 0.000711, setup 0.00)

yes = 3145726, no = 270901, maybe = 8192453

Computing remaining probabilities...
Engine: Sparse

Building sparse matrix (FOR POLICY ITERASION)... [n=11609080, nc=17391342, nnz=24458736, k=3] [307.6 MB]
Creating vector for yes...[88.6 MB]
Allocating iteration vectors... [2 x 88.6 MB]
TOTAL: [573.3 MB]

Starting iterations...

Iterative method: 68 iterations in 0.68 seconds (average 0.010059, setup 3.80)

Number of updates: 14M 

Value in the initial state: 0.9982561748320664

Time for model checking: 13.399 seconds.

Result: 0.9982561748320664 (value in the initial state)

