PRISM
=====

Version: 4.4.dev
Date: Mon Mar 12 06:19:21 GMT 2018
Hostname: sadegh-H81M-S2PH
Memory limits: cudd=1g, java(heap)=2.0g
Command line: prism ../models/firewire/abst/deadline.nm ../models/firewire/abst/deadline.pctl -s -const 'delay=36,deadline=7500,fast=.1' -javamaxmem 2350m -improvedmodpoliter

Parsing model file "../models/firewire/abst/deadline.nm"...

Parsing properties file "../models/firewire/abst/deadline.pctl"...

1 property:
(1) Pmin=? [ true U (s=10) ]

Type:        MDP
Modules:     abstract_firewire 
Variables:   y x s 

---------------------------------------------------------------------

Model checking: Pmin=? [ true U (s=10) ]
Model constants: deadline=7500,delay=36,fast=0.1

Building model...
Model constants: deadline=7500,delay=36,fast=0.1

Computing reachable states...

Reachability (BFS): 7615 iterations in 4.23 seconds (average 0.000555, setup 0.00)

Time for model construction: 252.166 seconds.

Type:        MDP
States:      5730010 (1 initial)
Transitions: 10408093
Choices:     8769955

Transition matrix: 10333 nodes (4 terminal), 10408093 minterms, vars: 25r/25c/2nd

Prob0E: 376 iterations in 1.66 seconds (average 0.004415, setup 0.00)

Prob1A: 7241 iterations in 5.38 seconds (average 0.000743, setup 0.00)

yes = 2458582, no = 132303, maybe = 3139125

Computing remaining probabilities...
Engine: Sparse

Building sparse matrix (FOR POLICY ITERASION)... [n=5730010, nc=5470452, nnz=7067298, k=3] [91.6 MB]
Creating vector for yes...[43.7 MB]
Allocating iteration vectors... [2 x 43.7 MB]
TOTAL: [222.7 MB]

Starting iterations...

Iterative method: 78 iterations in 0.19 seconds (average 0.002410, setup 1.56)

Number of updates: 8M 

Value in the initial state: 0.9992625398071018

Time for model checking: 8.832 seconds.

Result: 0.9992625398071018 (value in the initial state)

