PRISM
=====

Version: 4.4.dev
Date: Mon Mar 12 16:09:12 GMT 2018
Hostname: sadegh-H81M-S2PH
Memory limits: cudd=1g, java(heap)=2.0g
Command line: prism ../models/firewire/abst/deadline.nm ../models/firewire/abst/deadline.pctl -s -const 'delay=84,deadline=7000,fast=.1' -javamaxmem 2350m -modpoliter -topological

Parsing model file "../models/firewire/abst/deadline.nm"...

Parsing properties file "../models/firewire/abst/deadline.pctl"...

1 property:
(1) Pmin=? [ true U (s=10) ]

Type:        MDP
Modules:     abstract_firewire 
Variables:   y x s 

---------------------------------------------------------------------

Model checking: Pmin=? [ true U (s=10) ]
Model constants: deadline=7000,delay=84,fast=0.1

Building model...
Model constants: deadline=7000,delay=84,fast=0.1

Computing reachable states...

Reachability (BFS): 7088 iterations in 2.82 seconds (average 0.000398, setup 0.00)

Time for model construction: 229.609 seconds.

Type:        MDP
States:      7018570 (1 initial)
Transitions: 16628715
Choices:     13117365

Transition matrix: 7793 nodes (4 terminal), 16628715 minterms, vars: 25r/25c/2nd

Prob0E: 424 iterations in 1.31 seconds (average 0.003094, setup 0.00)

Prob1A: 6666 iterations in 3.82 seconds (average 0.000574, setup 0.00)

yes = 2303226, no = 199335, maybe = 4516009

Computing remaining probabilities...
Engine: Sparse

Building sparse matrix... [n=7018570, nc=9184942, nnz=12589192, k=3] [159.5 MB]
Creating vector for yes... [53.5 MB]
Allocating iteration vectors... [2 x 53.5 MB]
TOTAL: [320.2 MB]

Starting iterations...

Iterative method: 9032018 iterations in 1.11 seconds (average 0.000000, setup 2.09)


Number of state Updates: 9M 

Value in the initial state: 0.9955298155575902

Time for model checking: 8.418 seconds.

Result: 0.9955298155575902 (value in the initial state)

