PRISM
=====

Version: 4.4.dev
Date: Mon Mar 12 15:41:43 GMT 2018
Hostname: sadegh-H81M-S2PH
Memory limits: cudd=1g, java(heap)=2.0g
Command line: prism ../models/firewire/abst/deadline.nm ../models/firewire/abst/deadline.pctl -s -const 'delay=128,deadline=6000,fast=.1' -javamaxmem 2350m -modpoliter -topological

Parsing model file "../models/firewire/abst/deadline.nm"...

Parsing properties file "../models/firewire/abst/deadline.pctl"...

1 property:
(1) Pmin=? [ true U (s=10) ]

Type:        MDP
Modules:     abstract_firewire 
Variables:   y x s 

---------------------------------------------------------------------

Model checking: Pmin=? [ true U (s=10) ]
Model constants: deadline=6000,delay=128,fast=0.1

Building model...
Model constants: deadline=6000,delay=128,fast=0.1

Computing reachable states...

Reachability (BFS): 6066 iterations in 3.08 seconds (average 0.000507, setup 0.00)

Time for model construction: 131.523 seconds.

Type:        MDP
States:      7283080 (1 initial)
Transitions: 19357003
Choices:     14819041

Transition matrix: 9740 nodes (4 terminal), 19357003 minterms, vars: 25r/25c/2nd

Prob0E: 468 iterations in 1.83 seconds (average 0.003915, setup 0.00)

Prob1A: 5600 iterations in 3.88 seconds (average 0.000693, setup 0.00)

yes = 1966226, no = 270901, maybe = 5045953

Computing remaining probabilities...
Engine: Sparse

Building sparse matrix... [n=7283080, nc=10713342, nnz=15071736, k=3] [189.6 MB]
Creating vector for yes... [55.6 MB]
Allocating iteration vectors... [2 x 55.6 MB]
TOTAL: [356.3 MB]

Starting iterations...

Iterative method: 10091906 iterations in 1.29 seconds (average 0.000000, setup 2.34)


Number of state Updates: 10M 

Value in the initial state: 0.9811140579577515

Time for model checking: 9.414 seconds.

Result: 0.9811140579577515 (value in the initial state)

