PRISM
=====

Version: 4.4.dev
Date: Mon Mar 12 18:26:09 GMT 2018
Hostname: sadegh-H81M-S2PH
Memory limits: cudd=1g, java(heap)=2.0g
Command line: prism ../models/firewire/abst/deadline.nm ../models/firewire/abst/deadline.pctl -s -const 'delay=100,deadline=9000,fast=.1' -javamaxmem 2350m -improvedmodpoliter

Parsing model file "../models/firewire/abst/deadline.nm"...

Parsing properties file "../models/firewire/abst/deadline.pctl"...

1 property:
(1) Pmin=? [ true U (s=10) ]

Type:        MDP
Modules:     abstract_firewire 
Variables:   y x s 

---------------------------------------------------------------------

Model checking: Pmin=? [ true U (s=10) ]
Model constants: deadline=9000,delay=100,fast=0.1

Building model...
Model constants: deadline=9000,delay=100,fast=0.1

Computing reachable states...

Reachability (BFS): 9106 iterations in 3.90 seconds (average 0.000429, setup 0.00)

Time for model construction: 381.727 seconds.

Type:        MDP
States:      9757330 (1 initial)
Transitions: 24282683
Choices:     18903221

Transition matrix: 8658 nodes (4 terminal), 24282683 minterms, vars: 26r/26c/2nd

Prob0E: 440 iterations in 1.50 seconds (average 0.003418, setup 0.00)

Prob1A: 8668 iterations in 5.31 seconds (average 0.000613, setup 0.00)

yes = 2977226, no = 224239, maybe = 6555865

Computing remaining probabilities...
Engine: Sparse

Building sparse matrix (FOR POLICY ITERASION)... [n=9757330, nc=13583918, nnz=18831272, k=3] [237.8 MB]
Creating vector for yes...[74.4 MB]
Allocating iteration vectors... [2 x 74.4 MB]
TOTAL: [461.1 MB]

Starting iterations...

Iterative method: 70 iterations in 0.53 seconds (average 0.007600, setup 3.03)

Number of updates: 12M 

Value in the initial state: 0.998654091312337

Time for model checking: 10.435 seconds.

Result: 0.998654091312337 (value in the initial state)

