PRISM
=====

Version: 4.4.dev
Date: Mon Mar 12 22:10:20 GMT 2018
Hostname: sadegh-H81M-S2PH
Memory limits: cudd=1g, java(heap)=2.0g
Command line: prism ../models/firewire/abst/deadline.nm ../models/firewire/abst/deadline.pctl -s -const 'delay=64,deadline=7000,fast=.1' -javamaxmem 2350m -improvedmodpoliter

Parsing model file "../models/firewire/abst/deadline.nm"...

Parsing properties file "../models/firewire/abst/deadline.pctl"...

1 property:
(1) Pmin=? [ true U (s=10) ]

Type:        MDP
Modules:     abstract_firewire 
Variables:   y x s 

---------------------------------------------------------------------

Model checking: Pmin=? [ true U (s=10) ]
Model constants: deadline=7000,delay=64,fast=0.1

Building model...
Model constants: deadline=7000,delay=64,fast=0.1

Computing reachable states...

Reachability (BFS): 7097 iterations in 4.26 seconds (average 0.000601, setup 0.00)

Time for model construction: 185.938 seconds.

Type:        MDP
States:      6326168 (1 initial)
Transitions: 13787667
Choices:     11099397

Transition matrix: 11392 nodes (4 terminal), 13787667 minterms, vars: 25r/25c/2nd

Prob0E: 404 iterations in 2.10 seconds (average 0.005208, setup 0.00)

Prob1A: 6693 iterations in 4.90 seconds (average 0.000732, setup 0.00)

yes = 2299518, no = 170005, maybe = 3856645

Computing remaining probabilities...
Engine: Sparse

Building sparse matrix (FOR POLICY ITERASION)... [n=6326168, nc=7521344, nnz=10131614, k=3] [129.2 MB]
Creating vector for yes...[48.3 MB]
Allocating iteration vectors... [2 x 48.3 MB]
TOTAL: [273.9 MB]

Starting iterations...

Iterative method: 64 iterations in 0.28 seconds (average 0.004313, setup 1.84)

Number of updates: 8M 

Value in the initial state: 0.9974274738885277

Time for model checking: 9.165 seconds.

Result: 0.9974274738885277 (value in the initial state)

