PRISM
=====

Version: 4.4.dev
Date: Mon Mar 12 16:30:51 GMT 2018
Hostname: sadegh-H81M-S2PH
Memory limits: cudd=1g, java(heap)=2.0g
Command line: prism ../models/firewire/abst/deadline.nm ../models/firewire/abst/deadline.pctl -s -const 'delay=36,deadline=8000,fast=.1' -javamaxmem 2350m -modpoliter -topological

Parsing model file "../models/firewire/abst/deadline.nm"...

Parsing properties file "../models/firewire/abst/deadline.pctl"...

1 property:
(1) Pmin=? [ true U (s=10) ]

Type:        MDP
Modules:     abstract_firewire 
Variables:   y x s 

---------------------------------------------------------------------

Model checking: Pmin=? [ true U (s=10) ]
Model constants: deadline=8000,delay=36,fast=0.1

Building model...
Model constants: deadline=8000,delay=36,fast=0.1

Computing reachable states...

Reachability (BFS): 8124 iterations in 4.65 seconds (average 0.000573, setup 0.00)

Time for model construction: 298.977 seconds.

Type:        MDP
States:      6118010 (1 initial)
Transitions: 11113593
Choices:     9364455

Transition matrix: 10333 nodes (4 terminal), 11113593 minterms, vars: 25r/25c/2nd

Prob0E: 376 iterations in 1.54 seconds (average 0.004106, setup 0.00)

Prob1A: 7748 iterations in 5.85 seconds (average 0.000755, setup 0.00)

yes = 2627082, no = 132303, maybe = 3358625

Computing remaining probabilities...
Engine: Sparse

Building sparse matrix... [n=6118010, nc=5852452, nnz=7560298, k=3] [97.9 MB]
Creating vector for yes... [46.7 MB]
Allocating iteration vectors... [2 x 46.7 MB]
TOTAL: [238.0 MB]

Starting iterations...

Iterative method: 6717250 iterations in 0.73 seconds (average 0.000000, setup 1.64)


Number of state Updates: 6M 

Value in the initial state: 0.9995712595481665

Time for model checking: 9.847 seconds.

Result: 0.9995712595481665 (value in the initial state)

