PRISM
=====

Version: 4.4.dev
Date: Mon Mar 12 22:50:03 GMT 2018
Hostname: sadegh-H81M-S2PH
Memory limits: cudd=1g, java(heap)=2.0g
Command line: prism ../models/firewire/abst/deadline.nm ../models/firewire/abst/deadline.pctl -s -const 'delay=60,deadline=9500,fast=.1' -javamaxmem 2350m -modpoliter -topological

Parsing model file "../models/firewire/abst/deadline.nm"...

Parsing properties file "../models/firewire/abst/deadline.pctl"...

1 property:
(1) Pmin=? [ true U (s=10) ]

Type:        MDP
Modules:     abstract_firewire 
Variables:   y x s 

---------------------------------------------------------------------

Model checking: Pmin=? [ true U (s=10) ]
Model constants: deadline=9500,delay=60,fast=0.1

Building model...
Model constants: deadline=9500,delay=60,fast=0.1

Computing reachable states...

Reachability (BFS): 9630 iterations in 5.88 seconds (average 0.000610, setup 0.00)

Time for model construction: 429.69 seconds.

Type:        MDP
States:      8425334 (1 initial)
Transitions: 17990193
Choices:     14553087

Transition matrix: 11576 nodes (4 terminal), 17990193 minterms, vars: 26r/26c/2nd

Prob0E: 400 iterations in 2.39 seconds (average 0.005970, setup 0.00)

Prob1A: 9232 iterations in 6.83 seconds (average 0.000740, setup 0.00)

yes = 3140670, no = 164379, maybe = 5120285

Computing remaining probabilities...
Engine: Sparse

Building sparse matrix... [n=8425334, nc=9863788, nnz=13228426, k=3] [168.8 MB]
Creating vector for yes... [64.3 MB]
Allocating iteration vectors... [2 x 64.3 MB]
TOTAL: [361.7 MB]

Starting iterations...

Iterative method: 10240570 iterations in 1.20 seconds (average 0.000000, setup 2.40)


Number of state Updates: 10M 

Value in the initial state: 0.9997282370645431

Time for model checking: 12.92 seconds.

Result: 0.9997282370645431 (value in the initial state)

