PRISM
=====

Version: 4.4.dev
Date: Mon Mar 12 07:20:00 GMT 2018
Hostname: sadegh-H81M-S2PH
Memory limits: cudd=1g, java(heap)=2.0g
Command line: prism ../models/firewire/abst/deadline.nm ../models/firewire/abst/deadline.pctl -s -const 'delay=128,deadline=10000,fast=.1' -javamaxmem 2350m -improvedmodpoliter

Parsing model file "../models/firewire/abst/deadline.nm"...

Parsing properties file "../models/firewire/abst/deadline.pctl"...

1 property:
(1) Pmin=? [ true U (s=10) ]

Type:        MDP
Modules:     abstract_firewire 
Variables:   y x s 

---------------------------------------------------------------------

Model checking: Pmin=? [ true U (s=10) ]
Model constants: deadline=10000,delay=128,fast=0.1

Building model...
Model constants: deadline=10000,delay=128,fast=0.1

Computing reachable states...

Reachability (BFS): 10106 iterations in 4.83 seconds (average 0.000478, setup 0.00)

Time for model construction: 359.648 seconds.

Type:        MDP
States:      12227080 (1 initial)
Transitions: 32521003
Choices:     24887041

Transition matrix: 9767 nodes (4 terminal), 32521003 minterms, vars: 26r/26c/2nd

Prob0E: 468 iterations in 1.84 seconds (average 0.003940, setup 0.00)

Prob1A: 9640 iterations in 6.26 seconds (average 0.000649, setup 0.00)

yes = 3314226, no = 270901, maybe = 8641953

Computing remaining probabilities...
Engine: Sparse

Building sparse matrix (FOR POLICY ITERASION)... [n=12227080, nc=18345342, nnz=25799736, k=3] [324.4 MB]
Creating vector for yes...[93.3 MB]
Allocating iteration vectors... [2 x 93.3 MB]
TOTAL: [604.3 MB]

Starting iterations...

Iterative method: 70 iterations in 0.73 seconds (average 0.010400, setup 3.97)

Number of updates: 15M 

Value in the initial state: 0.998654091312337

Time for model checking: 12.887 seconds.

Result: 0.998654091312337 (value in the initial state)

