PRISM
=====

Version: 4.4
Date: Mon Feb 22 02:29:08 IRST 2021
Hostname: sadegh-H81M-S2PH
Memory limits: cudd=1g, java(heap)=910.5m
Command line: prism ../../examples/mdps/zeroconf/zeroconf.nm ../../examples/mdps/zeroconf/max_cost.pctl -s '-ii:upper=1e+12' -improvedbk -maxiters 900500 -const 'K=6,N=3000,reset=false,err=.12'

Parsing model file "../../examples/mdps/zeroconf/zeroconf.nm"...

Parsing properties file "../../examples/mdps/zeroconf/max_cost.pctl"...

1 property:
(1) Rmax=? [ F l=4 ]

Type:        MDP
Modules:     environment host0 
Variables:   b_ip7 b_ip6 b_ip5 b_ip4 b_ip3 b_ip2 b_ip1 b_ip0 n n0 n1 b z ip_mess x y coll probes mess defend ip l 

---------------------------------------------------------------------

Model checking: Rmax=? [ F l=4 ]
Model constants: N=3000,K=6,err=0.12

Warning: Not Switching to explicit engine, We implemented the emthods for sparse engine.

Building model...
Model constants: N=3000,K=6,err=0.12

Computing reachable states...

Reachability (BFS): 449 iterations in 23.85 seconds (average 0.053111, setup 0.00)

Time for model construction: 24.306 seconds.

Type:        MDP
States:      798471 (1 initial)
Transitions: 1833673
Choices:     1478204

Transition matrix: 97507 nodes (6 terminal), 1833673 minterms, vars: 57r/57c/7nd

Prob0E: 123 iterations in 3.04 seconds (average 0.024691, setup 0.00)

Prob1A: 1 iterations in 0.02 seconds (average 0.018000, setup 0.00)

goal = 13493, inf = 0, maybe = 784978

Warning: Upper bound for interval iteration manually set to 1.0E12

Computing remaining rewards...
 7
Building sparse matrix (transitions)... [n=798471, nc=1454732, nnz=1804254, k=4] [29.2 MB]
Building sparse matrix (transition rewards)... [n=798471, nc=1454732, nnz=220655, k=4] [11.1 MB]
Creating vector for state rewards... [6.1 MB]
Creating vector for inf... [6.1 MB]
Creating vector for lower bounds... [6.1 MB]
Creating vector for upper bounds... [6.1 MB]
Allocating iteration vectors... [4 x 6.1 MB]
TOTAL: [89.1 MB]

Starting iterations (interval iteration)...

 Time for pre-computation: 0.211000 
First round (updates from below) finished after 53 iters.
Second round (updates from above) finished after 105 iters.
Update from both sides... 
Max relative diff between upper and lower bound on convergence: 0

Number of iterations for the lower bound = 58

Iterative method: 110 iterations in 2.20 seconds (average 0.020009, setup 1.60)
Maximum finite value in solution vector at end of interval iteration: 94.06685202328174

Value in the initial state: 17.170814107242087

Time for model checking: 7.173 seconds.

Result: 17.170814107242087 (value in the initial state)

---------------------------------------------------------------------

Note: There were 2 warnings during computation.

