PRISM
=====

Version: 4.4
Date: Mon Feb 22 02:28:22 IRST 2021
Hostname: sadegh-H81M-S2PH
Memory limits: cudd=1g, java(heap)=910.5m
Command line: prism ../../examples/mdps/zeroconf/zeroconf.nm ../../examples/mdps/zeroconf/max_cost.pctl -s '-ii:upper=1e+12' -improvedbk -maxiters 900500 -const 'K=2,N=3000,reset=false,err=.12'

Parsing model file "../../examples/mdps/zeroconf/zeroconf.nm"...

Parsing properties file "../../examples/mdps/zeroconf/max_cost.pctl"...

1 property:
(1) Rmax=? [ F l=4 ]

Type:        MDP
Modules:     environment host0 
Variables:   b_ip7 b_ip6 b_ip5 b_ip4 b_ip3 b_ip2 b_ip1 b_ip0 n n0 n1 b z ip_mess x y coll probes mess defend ip l 

---------------------------------------------------------------------

Model checking: Rmax=? [ F l=4 ]
Model constants: N=3000,K=2,err=0.12

Warning: Not Switching to explicit engine, We implemented the emthods for sparse engine.

Building model...
Model constants: N=3000,K=2,err=0.12

Computing reachable states...

Reachability (BFS): 317 iterations in 2.81 seconds (average 0.008877, setup 0.00)

Time for model construction: 3.057 seconds.

Type:        MDP
States:      89586 (1 initial)
Transitions: 207825
Choices:     164169

Transition matrix: 31929 nodes (6 terminal), 207825 minterms, vars: 56r/56c/7nd

Prob0E: 103 iterations in 0.63 seconds (average 0.006155, setup 0.00)

Prob1A: 1 iterations in 0.01 seconds (average 0.005000, setup 0.00)

goal = 3519, inf = 0, maybe = 86067

Warning: Upper bound for interval iteration manually set to 1.0E12

Computing remaining rewards...
 7
Building sparse matrix (transitions)... [n=89586, nc=158123, nnz=200136, k=4] [3.2 MB]
Building sparse matrix (transition rewards)... [n=89586, nc=158123, nnz=24355, k=4] [1.2 MB]
Creating vector for state rewards... [699.9 KB]
Creating vector for inf... [699.9 KB]
Creating vector for lower bounds... [699.9 KB]
Creating vector for upper bounds... [699.9 KB]
Allocating iteration vectors... [4 x 699.9 KB]
TOTAL: [9.9 MB]

Starting iterations (interval iteration)...

 Time for pre-computation: 0.013000 
First round (updates from below) finished after 39 iters.
Second round (updates from above) finished after 76 iters.
Update from both sides... 
Max relative diff between upper and lower bound on convergence: 0

Number of iterations for the lower bound = 42

Iterative method: 79 iterations in 0.08 seconds (average 0.000987, setup 0.20)
Maximum finite value in solution vector at end of interval iteration: 75.78236670430977

Value in the initial state: 9.18710109480643

Time for model checking: 0.951 seconds.

Result: 9.18710109480643 (value in the initial state)

---------------------------------------------------------------------

Note: There were 2 warnings during computation.

