PRISM
=====

Version: 4.4
Date: Mon Feb 22 02:28:27 IRST 2021
Hostname: sadegh-H81M-S2PH
Memory limits: cudd=1g, java(heap)=910.5m
Command line: prism ../../examples/mdps/zeroconf/zeroconf.nm ../../examples/mdps/zeroconf/max_cost.pctl -s '-ii:upper=1e+12' -improvedbk -maxiters 900500 -const 'K=3,N=3000,reset=false,err=.12'

Parsing model file "../../examples/mdps/zeroconf/zeroconf.nm"...

Parsing properties file "../../examples/mdps/zeroconf/max_cost.pctl"...

1 property:
(1) Rmax=? [ F l=4 ]

Type:        MDP
Modules:     environment host0 
Variables:   b_ip7 b_ip6 b_ip5 b_ip4 b_ip3 b_ip2 b_ip1 b_ip0 n n0 n1 b z ip_mess x y coll probes mess defend ip l 

---------------------------------------------------------------------

Model checking: Rmax=? [ F l=4 ]
Model constants: N=3000,K=3,err=0.12

Warning: Not Switching to explicit engine, We implemented the emthods for sparse engine.

Building model...
Model constants: N=3000,K=3,err=0.12

Computing reachable states...

Reachability (BFS): 288 iterations in 4.91 seconds (average 0.017056, setup 0.00)

Time for model construction: 5.183 seconds.

Type:        MDP
States:      179774 (1 initial)
Transitions: 416688
Choices:     331425

Transition matrix: 40564 nodes (6 terminal), 416688 minterms, vars: 56r/56c/7nd

Prob0E: 108 iterations in 0.99 seconds (average 0.009139, setup 0.00)

Prob1A: 1 iterations in 0.01 seconds (average 0.007000, setup 0.00)

goal = 5196, inf = 0, maybe = 174578

Warning: Upper bound for interval iteration manually set to 1.0E12

Computing remaining rewards...
 7
Building sparse matrix (transitions)... [n=179774, nc=322483, nnz=405350, k=4] [6.6 MB]
Building sparse matrix (transition rewards)... [n=179774, nc=322483, nnz=49085, k=4] [2.5 MB]
Creating vector for state rewards... [1.4 MB]
Creating vector for inf... [1.4 MB]
Creating vector for lower bounds... [1.4 MB]
Creating vector for upper bounds... [1.4 MB]
Allocating iteration vectors... [4 x 1.4 MB]
TOTAL: [20.0 MB]

Starting iterations (interval iteration)...

 Time for pre-computation: 0.032000 
First round (updates from below) finished after 42 iters.
Second round (updates from above) finished after 83 iters.
Update from both sides... 
Max relative diff between upper and lower bound on convergence: 0

Number of iterations for the lower bound = 45

Iterative method: 86 iterations in 0.21 seconds (average 0.002488, setup 0.37)
Maximum finite value in solution vector at end of interval iteration: 81.63244179443171

Value in the initial state: 11.174187441443596

Time for model checking: 1.641 seconds.

Result: 11.174187441443596 (value in the initial state)

---------------------------------------------------------------------

Note: There were 2 warnings during computation.

