PRISM
=====

Version: 4.4.dev
Date: Fri Mar 30 00:18:05 IRDT 2018
Hostname: sadegh-H81M-S2PH
Memory limits: cudd=1g, java(heap)=910.5m
Command line: prism ../models/leader/asynchronous/leader8.nm ../models/leader/asynchronous/leader.pctl -s -prop 3 -const K=300 -improvedbounded

Parsing model file "../models/leader/asynchronous/leader8.nm"...

Parsing properties file "../models/leader/asynchronous/leader.pctl"...

5 properties:
(1) P>=1 [ F "elected" ]
(2) Pmin=? [ F<=K "elected" ]
(3) Pmax=? [ F<=K "elected" ]
(4) Rmin=? [ F "elected" ]
(5) Rmax=? [ F "elected" ]

Type:        MDP
Modules:     process1 process2 process3 process4 process5 process6 process7 process8 
Variables:   c1 s1 p1 receive1 sent1 c2 s2 p2 receive2 sent2 c3 s3 p3 receive3 sent3 c4 s4 p4 receive4 sent4 c5 s5 p5 receive5 sent5 c6 s6 p6 receive6 sent6 c7 s7 p7 receive7 sent7 c8 s8 p8 receive8 sent8 

---------------------------------------------------------------------

Model checking: Pmax=? [ F<=K "elected" ]
Property constants: K=300

Building model...

Computing reachable states...

Reachability (BFS): 94 iterations in 15.26 seconds (average 0.162298, setup 0.00)

Time for model construction: 16.5 seconds.

Type:        MDP
States:      18674484 (1 initial)
Transitions: 77708080
Choices:     67761824

Transition matrix: 392068 nodes (3 terminal), 77708080 minterms, vars: 88r/88c/24nd

Prob0A: 90 iterations in 34.28 seconds (average 0.380844, setup 0.00)

yes = 8, no = 0, maybe = 18674476

Computing probabilities...
Engine: Sparse

Building sparse matrix... [n=18674484, nc=67761816, nnz=77708072, k=8] [971.7 MB]
Creating vector for yes... [142.5 MB]
Allocating iteration vectors... [2 x 142.5 MB]
TOTAL: [1.4 GB]

Starting iterations...
Iteration 66 (of 300): 5.03 sec so far
Iteration 101 (of 300): 10.13 sec so far
Iteration 137 (of 300): 15.22 sec so far
Iteration 170 (of 300): 20.34 sec so far
Iteration 198 (of 300): 25.49 sec so far
Iteration 230 (of 300): 30.55 sec so far
Iteration 266 (of 300): 35.60 sec so far

Iterative method: 300 iterations in 40.50 seconds (average 0.135013, setup 59.76)

Value in the initial state: 0.9989276021348386

Time for model checking: 134.913 seconds.

Result: 0.9989276021348386 (value in the initial state)

