PRISM
=====

Version: 4.4.dev
Date: Fri Mar 30 00:10:08 IRDT 2018
Hostname: sadegh-H81M-S2PH
Memory limits: cudd=1g, java(heap)=910.5m
Command line: prism ../models/leader/asynchronous/leader8.nm ../models/leader/asynchronous/leader.pctl -s -prop 3 -const K=150

Parsing model file "../models/leader/asynchronous/leader8.nm"...

Parsing properties file "../models/leader/asynchronous/leader.pctl"...

5 properties:
(1) P>=1 [ F "elected" ]
(2) Pmin=? [ F<=K "elected" ]
(3) Pmax=? [ F<=K "elected" ]
(4) Rmin=? [ F "elected" ]
(5) Rmax=? [ F "elected" ]

Type:        MDP
Modules:     process1 process2 process3 process4 process5 process6 process7 process8 
Variables:   c1 s1 p1 receive1 sent1 c2 s2 p2 receive2 sent2 c3 s3 p3 receive3 sent3 c4 s4 p4 receive4 sent4 c5 s5 p5 receive5 sent5 c6 s6 p6 receive6 sent6 c7 s7 p7 receive7 sent7 c8 s8 p8 receive8 sent8 

---------------------------------------------------------------------

Model checking: Pmax=? [ F<=K "elected" ]
Property constants: K=150

Building model...

Computing reachable states...

Reachability (BFS): 94 iterations in 14.29 seconds (average 0.152043, setup 0.00)

Time for model construction: 15.513 seconds.

Type:        MDP
States:      18674484 (1 initial)
Transitions: 77708080
Choices:     67761824

Transition matrix: 392068 nodes (3 terminal), 77708080 minterms, vars: 88r/88c/24nd

Prob0A: 90 iterations in 34.18 seconds (average 0.379733, setup 0.00)

yes = 8, no = 0, maybe = 18674476

Computing probabilities...
Engine: Sparse

Building sparse matrix... [n=18674484, nc=67761816, nnz=77708072, k=8] [971.7 MB]
Creating vector for yes... [142.5 MB]
Allocating iteration vectors... [2 x 142.5 MB]
TOTAL: [1.4 GB]

Starting iterations...
Iteration 18 (of 150): 5.10 sec so far
Iteration 36 (of 150): 10.18 sec so far
Iteration 55 (of 150): 15.44 sec so far
Iteration 74 (of 150): 20.53 sec so far
Iteration 92 (of 150): 25.66 sec so far
Iteration 111 (of 150): 30.85 sec so far
Iteration 130 (of 150): 36.02 sec so far
Iteration 148 (of 150): 41.13 sec so far

Iterative method: 150 iterations in 41.40 seconds (average 0.275973, setup 60.01)

Value in the initial state: 0.7476600611116737

Time for model checking: 135.83 seconds.

Result: 0.7476600611116737 (value in the initial state)

