PRISM
=====

Version: 4.4.dev
Date: Wed Mar 28 16:57:49 IRDT 2018
Hostname: sadegh-H81M-S2PH
Memory limits: cudd=1g, java(heap)=910.5m
Command line: prism ../models/zeroconf/zeroconf.nm ../models/zeroconf/zeroconf.pctl -s -const 'N=20,K=18,reset=false,err=.1' -prop 2 -ii -epsilon 1e-10

Parsing model file "../models/zeroconf/zeroconf.nm"...

Parsing properties file "../models/zeroconf/zeroconf.pctl"...

4 properties:
(1) Pmin=? [ true U (l=4&ip=1) ]
(2) Pmax=? [ true U (l=4&ip=1) ]
(3) Rmin=? [ F l=4 ]
(4) Rmax=? [ F l=4 ]

Type:        MDP
Modules:     environment host0 
Variables:   b_ip7 b_ip6 b_ip5 b_ip4 b_ip3 b_ip2 b_ip1 b_ip0 n n0 n1 b z ip_mess x y coll probes mess defend ip l 

---------------------------------------------------------------------

Model checking: Pmax=? [ true U (l=4&ip=1) ]
Model constants: reset=false,N=20,K=18,err=0.1

Building model...
Model constants: reset=false,N=20,K=18,err=0.1

Computing reachable states...

Reachability (BFS): 1103 iterations in 251.08 seconds (average 0.227637, setup 0.00)

Time for model construction: 253.174 seconds.

Type:        MDP
States:      5477150 (1 initial)
Transitions: 12374708
Choices:     10095684

Transition matrix: 307471 nodes (6 terminal), 12374708 minterms, vars: 59r/59c/7nd

Prob0A: 172 iterations in 9.68 seconds (average 0.056256, setup 0.00)

Prob1E: 2768 iterations in 171.85 seconds (average 0.062085, setup 0.00)

yes = 128427, no = 1240173, maybe = 4108550

Computing remaining probabilities...
Engine: Sparse

Building quotient MDP, collapsing maximal end components as well as yes and no states...
Time for computing maximal end components: 9.376 seconds, found 0 MECs.

Error: Not enough extra action variables preallocated, please increase using -ddextraactionvars switch!.

Warning: CUDD reports 163833 non-zero references.

