PRISM
=====

Version: 4.4.dev
Date: Wed Mar 28 16:33:35 IRDT 2018
Hostname: sadegh-H81M-S2PH
Memory limits: cudd=1g, java(heap)=910.5m
Command line: prism ../models/zeroconf/zeroconf.nm ../models/zeroconf/zeroconf.pctl -s -const 'N=20,K=18,reset=false,err=.1' -prop 2 -topological -modpoliter -epsilon 1e-8

Parsing model file "../models/zeroconf/zeroconf.nm"...

Parsing properties file "../models/zeroconf/zeroconf.pctl"...

4 properties:
(1) Pmin=? [ true U (l=4&ip=1) ]
(2) Pmax=? [ true U (l=4&ip=1) ]
(3) Rmin=? [ F l=4 ]
(4) Rmax=? [ F l=4 ]

Type:        MDP
Modules:     environment host0 
Variables:   b_ip7 b_ip6 b_ip5 b_ip4 b_ip3 b_ip2 b_ip1 b_ip0 n n0 n1 b z ip_mess x y coll probes mess defend ip l 

---------------------------------------------------------------------

Model checking: Pmax=? [ true U (l=4&ip=1) ]
Model constants: reset=false,N=20,K=18,err=0.1

Building model...
Model constants: reset=false,N=20,K=18,err=0.1

Computing reachable states...

Reachability (BFS): 1103 iterations in 250.51 seconds (average 0.227119, setup 0.00)

Time for model construction: 252.5 seconds.

Type:        MDP
States:      5477150 (1 initial)
Transitions: 12374708
Choices:     10095684

Transition matrix: 307471 nodes (6 terminal), 12374708 minterms, vars: 59r/59c/7nd

Prob0A: 172 iterations in 9.47 seconds (average 0.055047, setup 0.00)

Prob1E: 2768 iterations in 171.08 seconds (average 0.061808, setup 0.00)

yes = 128427, no = 1240173, maybe = 4108550

Computing remaining probabilities...
Engine: Sparse

Building sparse matrix... [n=5477150, nc=7627234, nnz=9369848, k=4] [119.7 MB]
Creating vector for yes... [41.8 MB]
Allocating iteration vectors... [2 x 41.8 MB]
TOTAL: [245.1 MB]

Starting iterations...

Iterative method: 4067 iterations in 97.67 seconds (average 0.024015, setup 7.89)


Number of state Updates: 8284M 

Value in the initial state: 5.798735586709111E-17

Time for model checking: 286.312 seconds.

Result: 5.798735586709111E-17 (value in the initial state)

