PRISM
=====

Version: 4.4.dev
Date: Wed Mar 28 14:27:13 IRDT 2018
Hostname: sadegh-H81M-S2PH
Memory limits: cudd=1g, java(heap)=910.5m
Command line: prism ../models/zeroconf/zeroconf.nm ../models/zeroconf/zeroconf.pctl -s -const 'N=1500,K=14,reset=false,err=.1' -prop 2 -topological -modpoliter -epsilon 1e-8

Parsing model file "../models/zeroconf/zeroconf.nm"...

Parsing properties file "../models/zeroconf/zeroconf.pctl"...

4 properties:
(1) Pmin=? [ true U (l=4&ip=1) ]
(2) Pmax=? [ true U (l=4&ip=1) ]
(3) Rmin=? [ F l=4 ]
(4) Rmax=? [ F l=4 ]

Type:        MDP
Modules:     environment host0 
Variables:   b_ip7 b_ip6 b_ip5 b_ip4 b_ip3 b_ip2 b_ip1 b_ip0 n n0 n1 b z ip_mess x y coll probes mess defend ip l 

---------------------------------------------------------------------

Model checking: Pmax=? [ true U (l=4&ip=1) ]
Model constants: reset=false,N=1500,K=14,err=0.1

Building model...
Model constants: reset=false,N=1500,K=14,err=0.1

Computing reachable states...

Reachability (BFS): 779 iterations in 166.84 seconds (average 0.214167, setup 0.00)

Time for model construction: 168.235 seconds.

Type:        MDP
States:      4427159 (1 initial)
Transitions: 10009768
Choices:     8157565

Transition matrix: 245227 nodes (6 terminal), 10009768 minterms, vars: 58r/58c/7nd

Prob0A: 156 iterations in 7.31 seconds (average 0.046846, setup 0.00)

Prob1E: 2665 iterations in 150.96 seconds (average 0.056644, setup 0.00)

yes = 171851, no = 1160964, maybe = 3094344

Computing remaining probabilities...
Engine: Sparse

Building sparse matrix... [n=4427159, nc=5737031, nnz=7064695, k=4] [90.5 MB]
Creating vector for yes... [33.8 MB]
Allocating iteration vectors... [2 x 33.8 MB]
TOTAL: [191.9 MB]

Starting iterations...

Iterative method: 4261 iterations in 75.16 seconds (average 0.017638, setup 5.91)


Number of state Updates: 6034M 

Value in the initial state: 3.4149349352372893E-12

Time for model checking: 239.55 seconds.

Result: 3.4149349352372893E-12 (value in the initial state)

