PRISM
=====

Version: 4.4.dev
Date: Wed Mar 28 14:14:40 IRDT 2018
Hostname: sadegh-H81M-S2PH
Memory limits: cudd=1g, java(heap)=910.5m
Command line: prism ../models/zeroconf/zeroconf.nm ../models/zeroconf/zeroconf.pctl -s -const 'N=1500,K=14,reset=false,err=.1' -epsilon 1e-8 -prop 2 -gs

Parsing model file "../models/zeroconf/zeroconf.nm"...

Parsing properties file "../models/zeroconf/zeroconf.pctl"...

4 properties:
(1) Pmin=? [ true U (l=4&ip=1) ]
(2) Pmax=? [ true U (l=4&ip=1) ]
(3) Rmin=? [ F l=4 ]
(4) Rmax=? [ F l=4 ]

Type:        MDP
Modules:     environment host0 
Variables:   b_ip7 b_ip6 b_ip5 b_ip4 b_ip3 b_ip2 b_ip1 b_ip0 n n0 n1 b z ip_mess x y coll probes mess defend ip l 

---------------------------------------------------------------------

Model checking: Pmax=? [ true U (l=4&ip=1) ]
Model constants: reset=false,N=1500,K=14,err=0.1

Building model...
Model constants: reset=false,N=1500,K=14,err=0.1

Computing reachable states...

Reachability (BFS): 779 iterations in 167.99 seconds (average 0.215646, setup 0.00)

Time for model construction: 169.365 seconds.

Type:        MDP
States:      4427159 (1 initial)
Transitions: 10009768
Choices:     8157565

Transition matrix: 245227 nodes (6 terminal), 10009768 minterms, vars: 58r/58c/7nd

Prob0A: 156 iterations in 7.37 seconds (average 0.047256, setup 0.00)

Prob1E: 2665 iterations in 152.86 seconds (average 0.057360, setup 0.00)

yes = 171851, no = 1160964, maybe = 3094344

Computing remaining probabilities...
Engine: Sparse

Building sparse matrix... [n=4427159, nc=5737031, nnz=7064695, k=4] [90.5 MB]
Creating vector for yes...[33.8 MB]
Allocating iteration vectors... [2 x 33.8 MB]
TOTAL: [191.9 MB]

Starting iterations...
Iteration 89: max relative diff=1.000000, 5.05 sec so far
Iteration 177: max relative diff=0.002521, 10.06 sec so far
Iteration 266: max relative diff=0.000003, 15.12 sec so far
Iteration 355: max relative diff=0.000000, 20.16 sec so far

Iterative method: 383 iterations in 27.66 seconds (average 0.056794, setup 5.91)

Number of updates = 1185 M 

Value in the initial state: 3.4149349352372893E-12

Time for model checking: 188.023 seconds.

Result: 3.4149349352372893E-12 (value in the initial state)

