PRISM
=====

Version: 4.4.dev
Date: Wed Mar 28 17:30:32 IRDT 2018
Hostname: sadegh-H81M-S2PH
Memory limits: cudd=1g, java(heap)=910.5m
Command line: prism ../models/zeroconf/zeroconf.nm ../models/zeroconf/zeroconf.pctl -s -const 'N=1500,K=18,reset=false,err=.1' -prop 2 -improvedmodpoliter -epsilon 1e-8

Parsing model file "../models/zeroconf/zeroconf.nm"...

Parsing properties file "../models/zeroconf/zeroconf.pctl"...

4 properties:
(1) Pmin=? [ true U (l=4&ip=1) ]
(2) Pmax=? [ true U (l=4&ip=1) ]
(3) Rmin=? [ F l=4 ]
(4) Rmax=? [ F l=4 ]

Type:        MDP
Modules:     environment host0 
Variables:   b_ip7 b_ip6 b_ip5 b_ip4 b_ip3 b_ip2 b_ip1 b_ip0 n n0 n1 b z ip_mess x y coll probes mess defend ip l 

---------------------------------------------------------------------

Model checking: Pmax=? [ true U (l=4&ip=1) ]
Model constants: reset=false,N=1500,K=18,err=0.1

Building model...
Model constants: reset=false,N=1500,K=18,err=0.1

Computing reachable states...

Reachability (BFS): 1103 iterations in 253.14 seconds (average 0.229505, setup 0.00)

Time for model construction: 255.179 seconds.

Type:        MDP
States:      5477150 (1 initial)
Transitions: 12374708
Choices:     10095684

Transition matrix: 307471 nodes (6 terminal), 12374708 minterms, vars: 59r/59c/7nd

Prob0A: 172 iterations in 9.57 seconds (average 0.055651, setup 0.00)

Prob1E: 2768 iterations in 172.20 seconds (average 0.062210, setup 0.00)

yes = 128427, no = 1240173, maybe = 4108550

Computing remaining probabilities...
Engine: Sparse

Building sparse matrix (FOR POLICY ITERASION)... [n=5477150, nc=7627234, nnz=9369848, k=4] [119.7 MB]
Creating vector for yes...[41.8 MB]
Allocating iteration vectors... [2 x 41.8 MB]
TOTAL: [245.1 MB]

Starting iterations...
Iteration 428: max relative diff=1.000000, 5.06 sec so far
Iteration 856: max relative diff=0.056308, 10.23 sec so far

Iterative method: 886 iterations in 10.95 seconds (average 0.012361, setup 7.88)

Number of updates: 787M 

Value in the initial state: 4.450377118236661E-15

Time for model checking: 200.774 seconds.

Result: 4.450377118236661E-15 (value in the initial state)

