PRISM
=====

Version: 4.4.dev
Date: Wed Mar 28 17:05:15 IRDT 2018
Hostname: sadegh-H81M-S2PH
Memory limits: cudd=1g, java(heap)=910.5m
Command line: prism ../models/zeroconf/zeroconf.nm ../models/zeroconf/zeroconf.pctl -s -const 'N=1500,K=18,reset=false,err=.1' -epsilon 1e-8 -prop 2 -gs

Parsing model file "../models/zeroconf/zeroconf.nm"...

Parsing properties file "../models/zeroconf/zeroconf.pctl"...

4 properties:
(1) Pmin=? [ true U (l=4&ip=1) ]
(2) Pmax=? [ true U (l=4&ip=1) ]
(3) Rmin=? [ F l=4 ]
(4) Rmax=? [ F l=4 ]

Type:        MDP
Modules:     environment host0 
Variables:   b_ip7 b_ip6 b_ip5 b_ip4 b_ip3 b_ip2 b_ip1 b_ip0 n n0 n1 b z ip_mess x y coll probes mess defend ip l 

---------------------------------------------------------------------

Model checking: Pmax=? [ true U (l=4&ip=1) ]
Model constants: reset=false,N=1500,K=18,err=0.1

Building model...
Model constants: reset=false,N=1500,K=18,err=0.1

Computing reachable states...

Reachability (BFS): 1103 iterations in 250.32 seconds (average 0.226941, setup 0.00)

Time for model construction: 252.3 seconds.

Type:        MDP
States:      5477150 (1 initial)
Transitions: 12374708
Choices:     10095684

Transition matrix: 307471 nodes (6 terminal), 12374708 minterms, vars: 59r/59c/7nd

Prob0A: 172 iterations in 9.40 seconds (average 0.054674, setup 0.00)

Prob1E: 2768 iterations in 170.72 seconds (average 0.061678, setup 0.00)

yes = 128427, no = 1240173, maybe = 4108550

Computing remaining probabilities...
Engine: Sparse

Building sparse matrix... [n=5477150, nc=7627234, nnz=9369848, k=4] [119.7 MB]
Creating vector for yes...[41.8 MB]
Allocating iteration vectors... [2 x 41.8 MB]
TOTAL: [245.1 MB]

Starting iterations...
Iteration 71: max relative diff=1.000000, 5.04 sec so far
Iteration 142: max relative diff=0.060999, 10.11 sec so far
Iteration 213: max relative diff=0.000192, 15.17 sec so far
Iteration 284: max relative diff=0.000002, 20.22 sec so far
Iteration 355: max relative diff=0.000000, 25.28 sec so far

Iterative method: 397 iterations in 36.12 seconds (average 0.071184, setup 7.86)

Number of updates = 1631 M 

Value in the initial state: 4.450377119600965E-15

Time for model checking: 216.416 seconds.

Result: 4.450377119600965E-15 (value in the initial state)

