PRISM
=====

Version: 4.4.dev
Date: Wed Mar 28 14:03:13 IRDT 2018
Hostname: sadegh-H81M-S2PH
Memory limits: cudd=1g, java(heap)=910.5m
Command line: prism ../models/zeroconf/zeroconf.nm ../models/zeroconf/zeroconf.pctl -s -const 'N=20,K=14,reset=false,err=.1' -prop 2 -topological -improvedmodpoliter -epsilon 1e-8

Parsing model file "../models/zeroconf/zeroconf.nm"...

Parsing properties file "../models/zeroconf/zeroconf.pctl"...

4 properties:
(1) Pmin=? [ true U (l=4&ip=1) ]
(2) Pmax=? [ true U (l=4&ip=1) ]
(3) Rmin=? [ F l=4 ]
(4) Rmax=? [ F l=4 ]

Type:        MDP
Modules:     environment host0 
Variables:   b_ip7 b_ip6 b_ip5 b_ip4 b_ip3 b_ip2 b_ip1 b_ip0 n n0 n1 b z ip_mess x y coll probes mess defend ip l 

---------------------------------------------------------------------

Model checking: Pmax=? [ true U (l=4&ip=1) ]
Model constants: reset=false,N=20,K=14,err=0.1

Building model...
Model constants: reset=false,N=20,K=14,err=0.1

Computing reachable states...

Reachability (BFS): 779 iterations in 166.37 seconds (average 0.213571, setup 0.00)

Time for model construction: 167.726 seconds.

Type:        MDP
States:      4427159 (1 initial)
Transitions: 10009768
Choices:     8157565

Transition matrix: 245227 nodes (6 terminal), 10009768 minterms, vars: 58r/58c/7nd

Prob0A: 156 iterations in 7.33 seconds (average 0.046974, setup 0.00)

Prob1E: 2665 iterations in 154.33 seconds (average 0.057909, setup 0.00)

yes = 171851, no = 1160964, maybe = 3094344

Computing remaining probabilities...
Engine: Sparse

Building sparse matrix... [n=4427159, nc=5737031, nnz=7064695, k=4] [90.5 MB]
Creating vector for yes... [33.8 MB]
Allocating iteration vectors... [2 x 33.8 MB]
TOTAL: [191.9 MB]

Starting iterations...

Iterative method: 2723 iterations in 12.57 seconds (average 0.004617, setup 5.90)

Number of updates: 291M 

Value in the initial state: 4.4495787990491564E-14

Time for model checking: 180.398 seconds.

Result: 4.4495787990491564E-14 (value in the initial state)

